2025-04-21 12:39:59,169 - INFO - [<module>] - Logging configured. Log file: Selenium-Logs\app_20250421_123959.log
2025-04-21 12:39:59,169 - INFO - [<module>] - Flask application initialized.
2025-04-21 12:39:59,169 - INFO - [<module>] - Starting Flask development server...
2025-04-21 12:39:59,208 - WARNING - [_log] -  * Debugger is active!
2025-04-21 12:39:59,208 - INFO - [_log] -  * Debugger PIN: 107-410-311
2025-04-21 12:40:02,182 - INFO - [index] - Serving index page.
2025-04-21 12:40:02,199 - INFO - [_log] - 127.0.0.1 - - [21/Apr/2025 12:40:02] "GET / HTTP/1.1" 200 -
2025-04-21 12:40:02,216 - INFO - [_log] - 127.0.0.1 - - [21/Apr/2025 12:40:02] "[33mGET /static/style.css HTTP/1.1[0m" 404 -
2025-04-21 12:40:16,399 - INFO - [initiate_upload] - Received request to initiate upload.
2025-04-21 12:40:16,400 - INFO - [initiate_upload] - Saving temporary file for upload_id 'ae6f25f2-d2b7-4837-84b9-ce1062870c6c' to 'uploads_temp\ae6f25f2-d2b7-4837-84b9-ce1062870c6c_index.html'
2025-04-21 12:40:16,401 - INFO - [initiate_upload] - Temporary file saved successfully for 'index.html' (ID: ae6f25f2-d2b7-4837-84b9-ce1062870c6c).
2025-04-21 12:40:16,402 - INFO - [_log] - 127.0.0.1 - - [21/Apr/2025 12:40:16] "POST /initiate-upload HTTP/1.1" 200 -
2025-04-21 12:40:16,407 - INFO - [stream_progress] - SSE connection request for upload_id: ae6f25f2-d2b7-4837-84b9-ce1062870c6c
2025-04-21 12:40:16,408 - INFO - [process_upload_and_generate_updates] - [ae6f25f2-d2b7-4837-84b9-ce1062870c6c] Starting processing...
2025-04-21 12:40:16,409 - INFO - [process_upload_and_generate_updates] - [ae6f25f2-d2b7-4837-84b9-ce1062870c6c] Processing upload: User='testt', File='index.html', TempPath='uploads_temp\ae6f25f2-d2b7-4837-84b9-ce1062870c6c_index.html'
2025-04-21 12:40:16,410 - INFO - [process_upload_and_generate_updates] - [ae6f25f2-d2b7-4837-84b9-ce1062870c6c] Original temp file size: 47527 bytes.
2025-04-21 12:40:16,411 - INFO - [_log] - 127.0.0.1 - - [21/Apr/2025 12:40:16] "GET /stream-progress/ae6f25f2-d2b7-4837-84b9-ce1062870c6c HTTP/1.1" 200 -
2025-04-21 12:40:16,414 - INFO - [process_upload_and_generate_updates] - [ae6f25f2-d2b7-4837-84b9-ce1062870c6c] 'index.html' is small. Compressing and sending as single file.
2025-04-21 12:40:16,544 - INFO - [process_upload_and_generate_updates] - [ae6f25f2-d2b7-4837-84b9-ce1062870c6c] Compressed 'index.html' to 9390 bytes.
2025-04-21 12:40:16,545 - INFO - [send_file_to_telegram] - Sending file 'index.html.zip' to Telegram chat ID: -4603853425
2025-04-21 12:40:17,671 - INFO - [send_file_to_telegram] - Telegram API success for 'index.html.zip'.
2025-04-21 12:40:17,672 - INFO - [process_upload_and_generate_updates] - [ae6f25f2-d2b7-4837-84b9-ce1062870c6c] Single file 'index.html' sent successfully.
2025-04-21 12:40:17,674 - INFO - [load_metadata] - Successfully loaded metadata from 'metadata.json'.
2025-04-21 12:40:17,682 - INFO - [save_metadata] - Successfully saved metadata to 'metadata.json'.
2025-04-21 12:40:17,683 - INFO - [process_upload_and_generate_updates] - [ae6f25f2-d2b7-4837-84b9-ce1062870c6c] Generated direct download URL: http://127.0.0.1:5000/download/3d4aae2c0d
2025-04-21 12:40:17,685 - INFO - [process_upload_and_generate_updates] - [ae6f25f2-d2b7-4837-84b9-ce1062870c6c] Entering final cleanup.
2025-04-21 12:40:17,685 - INFO - [process_upload_and_generate_updates] - [ae6f25f2-d2b7-4837-84b9-ce1062870c6c] Successfully deleted original temporary file: uploads_temp\ae6f25f2-d2b7-4837-84b9-ce1062870c6c_index.html
2025-04-21 12:40:17,686 - INFO - [process_upload_and_generate_updates] - [ae6f25f2-d2b7-4837-84b9-ce1062870c6c] Processing finished with status: completed_metadata_error
2025-04-21 12:41:39,885 - INFO - [index] - Serving index page.
2025-04-21 12:41:39,888 - INFO - [_log] - 127.0.0.1 - - [21/Apr/2025 12:41:39] "GET / HTTP/1.1" 200 -
2025-04-21 12:41:39,908 - INFO - [_log] - 127.0.0.1 - - [21/Apr/2025 12:41:39] "[33mGET /static/style.css HTTP/1.1[0m" 404 -
2025-04-21 12:41:51,618 - INFO - [initiate_upload] - Received request to initiate upload.
2025-04-21 12:41:51,618 - INFO - [initiate_upload] - Saving temporary file for upload_id 'af4352de-97a0-4ad6-89f5-9ffac87582da' to 'uploads_temp\af4352de-97a0-4ad6-89f5-9ffac87582da_bot.py'
2025-04-21 12:41:51,618 - INFO - [initiate_upload] - Temporary file saved successfully for 'bot.py' (ID: af4352de-97a0-4ad6-89f5-9ffac87582da).
2025-04-21 12:41:51,618 - INFO - [_log] - 127.0.0.1 - - [21/Apr/2025 12:41:51] "POST /initiate-upload HTTP/1.1" 200 -
2025-04-21 12:41:51,618 - INFO - [stream_progress] - SSE connection request for upload_id: af4352de-97a0-4ad6-89f5-9ffac87582da
2025-04-21 12:41:51,618 - INFO - [process_upload_and_generate_updates] - [af4352de-97a0-4ad6-89f5-9ffac87582da] Starting processing...
2025-04-21 12:41:51,618 - INFO - [process_upload_and_generate_updates] - [af4352de-97a0-4ad6-89f5-9ffac87582da] Processing upload: User='siren', File='bot.py', TempPath='uploads_temp\af4352de-97a0-4ad6-89f5-9ffac87582da_bot.py'
2025-04-21 12:41:51,631 - INFO - [process_upload_and_generate_updates] - [af4352de-97a0-4ad6-89f5-9ffac87582da] Original temp file size: 2350 bytes.
2025-04-21 12:41:51,631 - INFO - [_log] - 127.0.0.1 - - [21/Apr/2025 12:41:51] "GET /stream-progress/af4352de-97a0-4ad6-89f5-9ffac87582da HTTP/1.1" 200 -
2025-04-21 12:41:51,632 - INFO - [process_upload_and_generate_updates] - [af4352de-97a0-4ad6-89f5-9ffac87582da] 'bot.py' is small. Compressing and sending as single file.
2025-04-21 12:41:51,636 - INFO - [process_upload_and_generate_updates] - [af4352de-97a0-4ad6-89f5-9ffac87582da] Compressed 'bot.py' to 1072 bytes.
2025-04-21 12:41:51,637 - INFO - [send_file_to_telegram] - Sending file 'bot.py.zip' to Telegram chat ID: -4603853425
2025-04-21 12:41:52,680 - INFO - [send_file_to_telegram] - Telegram API success for 'bot.py.zip'.
2025-04-21 12:41:52,682 - INFO - [process_upload_and_generate_updates] - [af4352de-97a0-4ad6-89f5-9ffac87582da] Single file 'bot.py' sent successfully.
2025-04-21 12:41:52,706 - INFO - [load_metadata] - Successfully loaded metadata from 'metadata.json'.
2025-04-21 12:41:52,714 - INFO - [save_metadata] - Successfully saved metadata to 'metadata.json'.
2025-04-21 12:41:52,715 - INFO - [process_upload_and_generate_updates] - [af4352de-97a0-4ad6-89f5-9ffac87582da] Generated direct download URL: http://127.0.0.1:5000/download/2a5ba98a0b
2025-04-21 12:41:52,716 - INFO - [process_upload_and_generate_updates] - [af4352de-97a0-4ad6-89f5-9ffac87582da] Entering final cleanup.
2025-04-21 12:41:52,720 - INFO - [process_upload_and_generate_updates] - [af4352de-97a0-4ad6-89f5-9ffac87582da] Successfully deleted original temporary file: uploads_temp\af4352de-97a0-4ad6-89f5-9ffac87582da_bot.py
2025-04-21 12:41:52,722 - INFO - [process_upload_and_generate_updates] - [af4352de-97a0-4ad6-89f5-9ffac87582da] Processing finished with status: completed_metadata_error
