2025-05-02 15:53:02,385 - INFO - [MainThread] [<module>] - ============================================================
2025-05-02 15:53:02,386 - INFO - [MainThread] [<module>] - Logging configured. Level: INFO. Log file: Selenium-Logs\app_20250502_155302.log
2025-05-02 15:53:02,386 - INFO - [MainThread] [<module>] - Primary Chat ID: -4603853425
2025-05-02 15:53:02,387 - INFO - [MainThread] [<module>] - All Target Chat IDs: ['-4603853425', '-1002614397019', '-4641852757']
2025-05-02 15:53:02,387 - INFO - [MainThread] [<module>] - Chunk Size: 20.0 MB (20971520 bytes)
2025-05-02 15:53:02,388 - INFO - [MainThread] [<module>] - API Timeouts (Connect/Read): 10s / 60s
2025-05-02 15:53:02,388 - INFO - [MainThread] [<module>] - API Retries: 3 attempts, 2s delay
2025-05-02 15:53:02,389 - INFO - [MainThread] [<module>] - Max Upload Workers: 5
2025-05-02 15:53:02,389 - INFO - [MainThread] [<module>] - Max Download Workers: 12
2025-05-02 15:53:02,389 - INFO - [MainThread] [<module>] - ============================================================
2025-05-02 15:53:02,390 - INFO - [MainThread] [<module>] - Configuration loaded successfully.
2025-05-02 15:53:02,391 - INFO - [MainThread] [<module>] - Custom Jinja filter 'format_bytes' registered.
2025-05-02 15:53:02,391 - INFO - [MainThread] [<module>] - Flask-CORS initialized. Allowing origins: *
2025-05-02 15:53:02,392 - INFO - [MainThread] [<module>] - Flask application initialized.
2025-05-02 15:53:02,392 - INFO - [MainThread] [<module>] - Global state variables initialized (upload_progress_data, download_prep_data).
2025-05-02 15:53:02,394 - INFO - [MainThread] [<module>] - Custom Jinja filter 'format_bytes' registered.
2025-05-02 15:53:02,394 - INFO - [MainThread] [<module>] - Flask-CORS initialized. Allowing origins: *
2025-05-02 15:53:02,394 - INFO - [MainThread] [<module>] - Flask application initialized.
2025-05-02 15:53:02,395 - INFO - [MainThread] [<module>] - Global state variables initialized (upload_progress_data, download_prep_data).
2025-05-02 15:53:02,545 - INFO - [MainThread] [<module>] - Database module initialized.
2025-05-02 15:53:02,965 - INFO - [MainThread] [<module>] - Initialized requests.Session for Telegram API calls.
2025-05-02 15:53:02,966 - INFO - [MainThread] [<module>] - Telegram API functions defined with Session and Retries.
2025-05-02 15:53:02,970 - INFO - [MainThread] [<module>] - Flask routes defined using configurable workers and linter fixes.
2025-05-02 15:53:02,971 - INFO - [MainThread] [<module>] - Starting Flask development server...
2025-05-02 15:53:02,994 - WARNING - [MainThread] [_log] -  * Debugger is active!
2025-05-02 15:53:02,998 - INFO - [MainThread] [_log] -  * Debugger PIN: 107-410-311
2025-05-02 15:53:25,805 - INFO - [Thread-2 (process_request_thread)] [_log] - 192.168.1.19 - - [02/May/2025 15:53:25] "OPTIONS /register HTTP/1.1" 200 -
2025-05-02 15:53:25,810 - INFO - [Thread-3 (process_request_thread)] [register_user] - Received registration request.
2025-05-02 15:53:25,819 - INFO - [Thread-3 (process_request_thread)] [_log] - 192.168.1.19 - - [02/May/2025 15:53:25] "[31m[1mPOST /register HTTP/1.1[0m" 400 -
2025-05-02 15:54:30,409 - INFO - [MainThread] [_log] -  * Detected change in 'E:\\Telegram_tool\\Telegram_Bot_Tool\\routes.py', reloading
