2025-04-29 17:48:38,944 - INFO - [MainThread] [<module>] - ============================================================
2025-04-29 17:48:38,944 - INFO - [MainThread] [<module>] - Logging configured. Level: INFO. Log file: Selenium-Logs\app_20250429_174838.log
2025-04-29 17:48:38,945 - INFO - [MainThread] [<module>] - Primary Chat ID: -4603853425
2025-04-29 17:48:38,945 - INFO - [MainThread] [<module>] - All Target Chat IDs: ['-4603853425']
2025-04-29 17:48:38,945 - INFO - [MainThread] [<module>] - Chunk Size: 20971520 bytes
2025-04-29 17:48:38,945 - INFO - [MainThread] [<module>] - API Timeouts (Connect/Read): 10s / 60s
2025-04-29 17:48:38,945 - INFO - [MainThread] [<module>] - API Retries: 3 attempts, 2s delay
2025-04-29 17:48:38,945 - INFO - [MainThread] [<module>] - Max Upload Workers: 3
2025-04-29 17:48:38,945 - INFO - [MainThread] [<module>] - Max Download Workers: 12
2025-04-29 17:48:38,945 - INFO - [MainThread] [<module>] - ============================================================
2025-04-29 17:48:38,945 - INFO - [MainThread] [<module>] - Configuration loaded successfully.
2025-04-29 17:48:38,945 - INFO - [MainThread] [<module>] - Utility functions defined.
2025-04-29 17:48:38,945 - INFO - [MainThread] [<module>] - Custom Jinja filter 'format_bytes' registered.
2025-04-29 17:48:38,945 - INFO - [MainThread] [<module>] - Flask-CORS initialized. Allowing origins: http://localhost:4200
2025-04-29 17:48:38,945 - INFO - [MainThread] [<module>] - Flask application initialized.
2025-04-29 17:48:38,945 - INFO - [MainThread] [<module>] - Global state variables initialized (upload_progress_data, download_prep_data).
2025-04-29 17:48:38,953 - INFO - [MainThread] [<module>] - Custom Jinja filter 'format_bytes' registered.
2025-04-29 17:48:38,953 - INFO - [MainThread] [<module>] - Flask-CORS initialized. Allowing origins: http://localhost:4200
2025-04-29 17:48:38,953 - INFO - [MainThread] [<module>] - Flask application initialized.
2025-04-29 17:48:38,954 - INFO - [MainThread] [<module>] - Global state variables initialized (upload_progress_data, download_prep_data).
2025-04-29 17:48:39,416 - INFO - [MainThread] [<module>] - Initialized requests.Session for Telegram API calls.
2025-04-29 17:48:39,416 - INFO - [MainThread] [<module>] - Telegram API functions defined with Session and Retries.
2025-04-29 17:48:39,420 - INFO - [MainThread] [<module>] - Flask routes defined using configurable workers and linter fixes.
2025-04-29 17:48:39,421 - INFO - [MainThread] [<module>] - Starting Flask development server...
2025-04-29 17:48:39,450 - WARNING - [MainThread] [_log] -  * Debugger is active!
2025-04-29 17:48:39,455 - INFO - [MainThread] [_log] -  * Debugger PIN: 107-410-311
2025-04-29 17:48:56,035 - INFO - [Thread-2 (process_request_thread)] [initiate_upload] - Request initiate upload.
2025-04-29 17:48:56,039 - INFO - [Thread-2 (process_request_thread)] [initiate_upload] - [d76c654a-5658-4a59-a2b7-37c122a47bd1] Temp storage: uploads_temp\d76c654a-5658-4a59-a2b7-37c122a47bd1_login.html
2025-04-29 17:48:56,042 - INFO - [Thread-2 (process_request_thread)] [initiate_upload] - [d76c654a-5658-4a59-a2b7-37c122a47bd1] Temp saved: 'login.html'.
2025-04-29 17:48:56,045 - INFO - [Thread-2 (process_request_thread)] [_log] - 192.168.1.25 - - [29/Apr/2025 17:48:56] "POST /initiate-upload HTTP/1.1" 200 -
2025-04-29 17:48:56,059 - INFO - [Thread-3 (process_request_thread)] [_log] - 192.168.1.25 - - [29/Apr/2025 17:48:56] "[35m[1mGET /stream-progress/d76c654a-5658-4a59-a2b7-37c122a47bd1 HTTP/1.1[0m" 500 -
2025-04-29 18:00:25,820 - INFO - [MainThread] [_log] -  * Detected change in 'E:\\Telegram_tool\\Telegram_Bot_Tool\\routes.py', reloading
