2025-04-18 10:19:57,132 - INFO - [<module>] - Logging configured. Log file: Selenium-Logs\app_20250418_101957.log
2025-04-18 10:19:57,134 - INFO - [<module>] - Flask application initialized.
2025-04-18 10:19:57,137 - INFO - [<module>] - Starting Flask development server...
2025-04-18 10:19:57,166 - WARNING - [_log] -  * Debugger is active!
2025-04-18 10:19:57,166 - INFO - [_log] -  * Debugger PIN: 107-410-311
2025-04-18 10:19:58,804 - INFO - [index] - Serving index page.
2025-04-18 10:19:58,900 - INFO - [_log] - 127.0.0.1 - - [18/Apr/2025 10:19:58] "GET / HTTP/1.1" 200 -
2025-04-18 10:19:58,927 - INFO - [_log] - 127.0.0.1 - - [18/Apr/2025 10:19:58] "[33mGET /static/style.css HTTP/1.1[0m" 404 -
2025-04-18 10:20:03,063 - INFO - [list_user_files] - Request received to list files for user: 'testt'
2025-04-18 10:20:03,063 - INFO - [load_metadata] - Successfully loaded metadata from 'metadata.json'.
2025-04-18 10:20:03,063 - INFO - [list_user_files] - Found 11 file records for user 'testt'.
2025-04-18 10:20:03,063 - INFO - [_log] - 127.0.0.1 - - [18/Apr/2025 10:20:03] "GET /files/testt HTTP/1.1" 200 -
2025-04-18 10:20:06,175 - INFO - [prepare_download_stream] - [db937320-f97b-4728-88ba-b13c96214fcc] SSE connection request for download prep: User='testt', File='70mb (1).pdf'
2025-04-18 10:20:06,175 - INFO - [_prepare_download_and_generate_updates] - [db937320-f97b-4728-88ba-b13c96214fcc] Starting download preparation generator...
2025-04-18 10:20:06,175 - INFO - [_log] - 127.0.0.1 - - [18/Apr/2025 10:20:06] "GET /prepare-download/testt/70mb%20(1).pdf HTTP/1.1" 200 -
2025-04-18 10:20:06,291 - INFO - [load_metadata] - Successfully loaded metadata from 'metadata.json'.
2025-04-18 10:20:06,291 - INFO - [_prepare_download_and_generate_updates] - [db937320-f97b-4728-88ba-b13c96214fcc] Prep SPLIT download for '70mb (1).pdf'
2025-04-18 10:20:06,291 - INFO - [_prepare_download_and_generate_updates] - [db937320-f97b-4728-88ba-b13c96214fcc] Created temp file for reassembly: E:\Telegram_tool\Telegram_Bot_Tool\uploads_temp\dl_reass_db937320-f97b-4728-88ba-b13c96214fcc_dsery7o4.zip.tmp
2025-04-18 10:20:06,291 - INFO - [download_telegram_file_content] - Attempting to get download URL for file_id: BQACAgUAAxkDAAIBJGgAAe5XkUfPkE53HvbuFYKfWUhpWwACtRkAAhCuCVT94tBPDgImMDYE
2025-04-18 10:20:06,777 - INFO - [download_telegram_file_content] - Obtained temporary download URL: https://api.telegram.org/file/bot7812479394:AAFrzOcHGKfc-1iOUbVEkptJkooaJrXHAxs/documents/file_116.part_001
2025-04-18 10:20:06,778 - INFO - [download_telegram_file_content] - Attempting to download content from: https://api.telegram.org/file/bot7812479394:AAFrzOcHGKfc-1iOUbVEkptJkooaJrXHAxs/documents/file_116.part_001
2025-04-18 10:20:10,789 - INFO - [download_telegram_file_content] - Successfully downloaded 20971520 bytes for file_id BQACAgUAAxkDAAIBJGgAAe5XkUfPkE53HvbuFYKfWUhpWwACtRkAAhCuCVT94tBPDgImMDYE.
2025-04-18 10:20:10,812 - INFO - [download_telegram_file_content] - Attempting to get download URL for file_id: BQACAgUAAxkDAAIBJWgAAe5iQgZc_N2Qf0XPQiOSrEy5egACthkAAhCuCVSkVVulynp-5jYE
2025-04-18 10:20:11,286 - INFO - [download_telegram_file_content] - Obtained temporary download URL: https://api.telegram.org/file/bot7812479394:AAFrzOcHGKfc-1iOUbVEkptJkooaJrXHAxs/documents/file_117.part_002
2025-04-18 10:20:11,286 - INFO - [download_telegram_file_content] - Attempting to download content from: https://api.telegram.org/file/bot7812479394:AAFrzOcHGKfc-1iOUbVEkptJkooaJrXHAxs/documents/file_117.part_002
2025-04-18 10:20:14,587 - INFO - [download_telegram_file_content] - Successfully downloaded 20971520 bytes for file_id BQACAgUAAxkDAAIBJWgAAe5iQgZc_N2Qf0XPQiOSrEy5egACthkAAhCuCVSkVVulynp-5jYE.
2025-04-18 10:20:14,622 - INFO - [download_telegram_file_content] - Attempting to get download URL for file_id: BQACAgUAAxkDAAIBJmgAAe5vvDhDB_JwW16WlOOVI1m1hQACtxkAAhCuCVR3JzSEoK9yrDYE
2025-04-18 10:20:15,067 - INFO - [download_telegram_file_content] - Obtained temporary download URL: https://api.telegram.org/file/bot7812479394:AAFrzOcHGKfc-1iOUbVEkptJkooaJrXHAxs/documents/file_118.part_003
2025-04-18 10:20:15,067 - INFO - [download_telegram_file_content] - Attempting to download content from: https://api.telegram.org/file/bot7812479394:AAFrzOcHGKfc-1iOUbVEkptJkooaJrXHAxs/documents/file_118.part_003
2025-04-18 10:20:18,946 - INFO - [download_telegram_file_content] - Successfully downloaded 20971520 bytes for file_id BQACAgUAAxkDAAIBJmgAAe5vvDhDB_JwW16WlOOVI1m1hQACtxkAAhCuCVR3JzSEoK9yrDYE.
2025-04-18 10:20:18,971 - INFO - [download_telegram_file_content] - Attempting to get download URL for file_id: BQACAgUAAxkDAAIBJ2gAAe51Gj5TcIN8-mXodKKZAlQNIgACuBkAAhCuCVQ4Zrq2HvAVXjYE
2025-04-18 10:20:19,416 - INFO - [download_telegram_file_content] - Obtained temporary download URL: https://api.telegram.org/file/bot7812479394:AAFrzOcHGKfc-1iOUbVEkptJkooaJrXHAxs/documents/file_119.part_004
2025-04-18 10:20:19,416 - INFO - [download_telegram_file_content] - Attempting to download content from: https://api.telegram.org/file/bot7812479394:AAFrzOcHGKfc-1iOUbVEkptJkooaJrXHAxs/documents/file_119.part_004
2025-04-18 10:20:21,394 - INFO - [download_telegram_file_content] - Successfully downloaded 9735365 bytes for file_id BQACAgUAAxkDAAIBJ2gAAe51Gj5TcIN8-mXodKKZAlQNIgACuBkAAhCuCVQ4Zrq2HvAVXjYE.
2025-04-18 10:20:21,394 - INFO - [_prepare_download_and_generate_updates] - [db937320-f97b-4728-88ba-b13c96214fcc] Finished reassembling. Total bytes: 72649925.
2025-04-18 10:20:21,394 - INFO - [_prepare_download_and_generate_updates] - [db937320-f97b-4728-88ba-b13c96214fcc] Decompressing reassembled file...
2025-04-18 10:20:21,806 - INFO - [_prepare_download_and_generate_updates] - [db937320-f97b-4728-88ba-b13c96214fcc] Final prepared file: 'E:\Telegram_tool\Telegram_Bot_Tool\uploads_temp\dl_final_db937320-f97b-4728-88ba-b13c96214fcc_ouh34f7d', Size: 73779590
2025-04-18 10:20:21,806 - INFO - [_prepare_download_and_generate_updates] - [db937320-f97b-4728-88ba-b13c96214fcc] Preparation complete. Sent 'ready' event.
2025-04-18 10:20:21,816 - INFO - [_prepare_download_and_generate_updates] - [db937320-f97b-4728-88ba-b13c96214fcc] Cleaning up intermediate reassembled file: E:\Telegram_tool\Telegram_Bot_Tool\uploads_temp\dl_reass_db937320-f97b-4728-88ba-b13c96214fcc_dsery7o4.zip.tmp
2025-04-18 10:20:21,825 - INFO - [serve_temp_file] - Request to serve temporary download file for ID: db937320-f97b-4728-88ba-b13c96214fcc, Filename: 70mb (1).pdf
2025-04-18 10:20:21,825 - INFO - [serve_temp_file] - [db937320-f97b-4728-88ba-b13c96214fcc] Preparing streaming response for '70mb (1).pdf' from 'E:\Telegram_tool\Telegram_Bot_Tool\uploads_temp\dl_final_db937320-f97b-4728-88ba-b13c96214fcc_ouh34f7d'
2025-04-18 10:20:21,833 - INFO - [_prepare_download_and_generate_updates] - [db937320-f97b-4728-88ba-b13c96214fcc] Generator finished with status: ready
2025-04-18 10:20:21,852 - INFO - [_log] - 127.0.0.1 - - [18/Apr/2025 10:20:21] "GET /serve-temp-file/db937320-f97b-4728-88ba-b13c96214fcc/70mb%20(1).pdf HTTP/1.1" 200 -
2025-04-18 10:20:22,133 - INFO - [generate_and_cleanup] - [db937320-f97b-4728-88ba-b13c96214fcc] Finished streaming file: E:\Telegram_tool\Telegram_Bot_Tool\uploads_temp\dl_final_db937320-f97b-4728-88ba-b13c96214fcc_ouh34f7d
2025-04-18 10:20:22,133 - INFO - [generate_and_cleanup] - [db937320-f97b-4728-88ba-b13c96214fcc] Cleaning up final temp file post-streaming: E:\Telegram_tool\Telegram_Bot_Tool\uploads_temp\dl_final_db937320-f97b-4728-88ba-b13c96214fcc_ouh34f7d
2025-04-18 10:20:22,133 - INFO - [generate_and_cleanup] - [db937320-f97b-4728-88ba-b13c96214fcc] Successfully deleted final temp file: E:\Telegram_tool\Telegram_Bot_Tool\uploads_temp\dl_final_db937320-f97b-4728-88ba-b13c96214fcc_ouh34f7d
2025-04-18 10:20:28,345 - INFO - [prepare_download_stream] - [6b2ad117-9bb4-4b9b-ada5-c85e3f4c661d] SSE connection request for download prep: User='testt', File='requirements.txt'
2025-04-18 10:20:28,345 - INFO - [_prepare_download_and_generate_updates] - [6b2ad117-9bb4-4b9b-ada5-c85e3f4c661d] Starting download preparation generator...
2025-04-18 10:20:28,345 - INFO - [_log] - 127.0.0.1 - - [18/Apr/2025 10:20:28] "GET /prepare-download/testt/requirements.txt HTTP/1.1" 200 -
2025-04-18 10:20:28,450 - INFO - [load_metadata] - Successfully loaded metadata from 'metadata.json'.
2025-04-18 10:20:28,450 - INFO - [_prepare_download_and_generate_updates] - [6b2ad117-9bb4-4b9b-ada5-c85e3f4c661d] Prep non-split download for 'requirements.txt'
2025-04-18 10:20:28,450 - INFO - [download_telegram_file_content] - Attempting to get download URL for file_id: BQACAgUAAxkDAAIBAmgAAaZq1k_-ER2xpL2cW0XUpw3jZQACJBYAAhCuAVTrOz5q6pgdRDYE
2025-04-18 10:20:29,232 - INFO - [download_telegram_file_content] - Obtained temporary download URL: https://api.telegram.org/file/bot7812479394:AAFrzOcHGKfc-1iOUbVEkptJkooaJrXHAxs/documents/file_125.zip
2025-04-18 10:20:29,233 - INFO - [download_telegram_file_content] - Attempting to download content from: https://api.telegram.org/file/bot7812479394:AAFrzOcHGKfc-1iOUbVEkptJkooaJrXHAxs/documents/file_125.zip
2025-04-18 10:20:29,669 - INFO - [download_telegram_file_content] - Successfully downloaded 180 bytes for file_id BQACAgUAAxkDAAIBAmgAAaZq1k_-ER2xpL2cW0XUpw3jZQACJBYAAhCuAVTrOz5q6pgdRDYE.
2025-04-18 10:20:29,669 - INFO - [_prepare_download_and_generate_updates] - [6b2ad117-9bb4-4b9b-ada5-c85e3f4c661d] Downloaded TG content size: 180 bytes in 1.22s.
2025-04-18 10:20:29,669 - INFO - [_prepare_download_and_generate_updates] - [6b2ad117-9bb4-4b9b-ada5-c85e3f4c661d] Decompressing single file 'requirements.txt.zip'...
2025-04-18 10:20:29,682 - INFO - [_prepare_download_and_generate_updates] - [6b2ad117-9bb4-4b9b-ada5-c85e3f4c661d] Final prepared file: 'E:\Telegram_tool\Telegram_Bot_Tool\uploads_temp\dl_decomp_6b2ad117-9bb4-4b9b-ada5-c85e3f4c661d_tggce1pi', Size: 48
2025-04-18 10:20:29,684 - INFO - [_prepare_download_and_generate_updates] - [6b2ad117-9bb4-4b9b-ada5-c85e3f4c661d] Preparation complete. Sent 'ready' event.
2025-04-18 10:20:29,687 - INFO - [_prepare_download_and_generate_updates] - [6b2ad117-9bb4-4b9b-ada5-c85e3f4c661d] Generator finished with status: ready
2025-04-18 10:20:29,700 - INFO - [serve_temp_file] - Request to serve temporary download file for ID: 6b2ad117-9bb4-4b9b-ada5-c85e3f4c661d, Filename: requirements.txt
2025-04-18 10:20:29,701 - INFO - [serve_temp_file] - [6b2ad117-9bb4-4b9b-ada5-c85e3f4c661d] Preparing streaming response for 'requirements.txt' from 'E:\Telegram_tool\Telegram_Bot_Tool\uploads_temp\dl_decomp_6b2ad117-9bb4-4b9b-ada5-c85e3f4c661d_tggce1pi'
2025-04-18 10:20:29,704 - INFO - [_log] - 127.0.0.1 - - [18/Apr/2025 10:20:29] "GET /serve-temp-file/6b2ad117-9bb4-4b9b-ada5-c85e3f4c661d/requirements.txt HTTP/1.1" 200 -
2025-04-18 10:20:29,704 - INFO - [generate_and_cleanup] - [6b2ad117-9bb4-4b9b-ada5-c85e3f4c661d] Finished streaming file: E:\Telegram_tool\Telegram_Bot_Tool\uploads_temp\dl_decomp_6b2ad117-9bb4-4b9b-ada5-c85e3f4c661d_tggce1pi
2025-04-18 10:20:29,705 - INFO - [generate_and_cleanup] - [6b2ad117-9bb4-4b9b-ada5-c85e3f4c661d] Cleaning up final temp file post-streaming: E:\Telegram_tool\Telegram_Bot_Tool\uploads_temp\dl_decomp_6b2ad117-9bb4-4b9b-ada5-c85e3f4c661d_tggce1pi
2025-04-18 10:20:29,706 - INFO - [generate_and_cleanup] - [6b2ad117-9bb4-4b9b-ada5-c85e3f4c661d] Successfully deleted final temp file: E:\Telegram_tool\Telegram_Bot_Tool\uploads_temp\dl_decomp_6b2ad117-9bb4-4b9b-ada5-c85e3f4c661d_tggce1pi
2025-04-18 10:41:12,178 - INFO - [_log] -  * Detected change in 'E:\\Telegram_tool\\Telegram_Bot_Tool\\Telegram_app.py', reloading
