2025-04-28 18:02:08,463 - INFO - [MainThread] [<module>] - ============================================================
2025-04-28 18:02:08,464 - INFO - [MainThread] [<module>] - Logging configured. Level: INFO. Log file: Selenium-Logs\app_20250428_180208.log
2025-04-28 18:02:08,464 - INFO - [MainThread] [<module>] - Primary Chat ID: -4603853425
2025-04-28 18:02:08,464 - INFO - [MainThread] [<module>] - All Target Chat IDs: ['-4603853425', '-1002614397019', '-4641852757']
2025-04-28 18:02:08,464 - INFO - [MainThread] [<module>] - Chunk Size: 20971520 bytes
2025-04-28 18:02:08,464 - INFO - [MainThread] [<module>] - API Timeouts (Connect/Read): 10s / 60s
2025-04-28 18:02:08,465 - INFO - [MainThread] [<module>] - API Retries: 3 attempts, 2s delay
2025-04-28 18:02:08,465 - INFO - [MainThread] [<module>] - Max Upload Workers: 5
2025-04-28 18:02:08,466 - INFO - [MainThread] [<module>] - Max Download Workers: 12
2025-04-28 18:02:08,466 - INFO - [MainThread] [<module>] - ============================================================
2025-04-28 18:02:08,466 - INFO - [MainThread] [<module>] - Configuration loaded successfully.
2025-04-28 18:02:08,466 - INFO - [MainThread] [<module>] - Utility functions defined.
2025-04-28 18:02:08,468 - INFO - [MainThread] [<module>] - Custom Jinja filter 'format_bytes' registered.
2025-04-28 18:02:08,469 - INFO - [MainThread] [<module>] - Flask-CORS initialized. Allowing origins: http://localhost:4200
2025-04-28 18:02:08,469 - INFO - [MainThread] [<module>] - Flask application initialized.
2025-04-28 18:02:08,469 - INFO - [MainThread] [<module>] - Global state variables initialized (upload_progress_data, download_prep_data).
2025-04-28 18:02:08,469 - INFO - [MainThread] [<module>] - Attempting to start Flask server...
2025-04-28 18:02:08,492 - INFO - [MainThread] [_log] - [31m[1mWARNING: This is a development server. Do not use it in a production deployment. Use a production WSGI server instead.[0m
 * Running on http://127.0.0.1:5000
2025-04-28 18:02:08,493 - INFO - [MainThread] [_log] - [33mPress CTRL+C to quit[0m
2025-04-28 18:02:17,926 - INFO - [Thread-2 (process_request_thread)] [_log] - 127.0.0.1 - - [28/Apr/2025 18:02:17] "[33mGET / HTTP/1.1[0m" 404 -
2025-04-28 18:03:21,648 - INFO - [MainThread] [<module>] - Flask server should be running.
