2025-05-05 13:59:05,197 - INFO - [MainThread] [<module>] - ============================================================
2025-05-05 13:59:05,198 - INFO - [MainThread] [<module>] - Logging configured. Level: INFO. Log file: Selenium-Logs\app_20250505_135905.log
2025-05-05 13:59:05,199 - INFO - [MainThread] [<module>] - Primary Chat ID: -4603853425
2025-05-05 13:59:05,199 - INFO - [MainThread] [<module>] - All Target Chat IDs: ['-4603853425', '-1002614397019', '-4641852757']
2025-05-05 13:59:05,199 - INFO - [MainThread] [<module>] - Chunk Size: 20.0 MB (20971520 bytes)
2025-05-05 13:59:05,200 - INFO - [MainThread] [<module>] - API Timeouts (Connect/Read): 10s / 60s
2025-05-05 13:59:05,200 - INFO - [MainThread] [<module>] - API Retries: 3 attempts, 2s delay
2025-05-05 13:59:05,201 - INFO - [MainThread] [<module>] - Max Upload Workers: 5
2025-05-05 13:59:05,201 - INFO - [MainThread] [<module>] - Max Download Workers: 12
2025-05-05 13:59:05,201 - INFO - [MainThread] [<module>] - ============================================================
2025-05-05 13:59:05,202 - INFO - [MainThread] [<module>] - Configuration loaded successfully.
2025-05-05 13:59:05,210 - INFO - [MainThread] [<module>] - Custom Jinja filter 'format_bytes' registered.
2025-05-05 13:59:05,211 - INFO - [MainThread] [<module>] - Flask-CORS initialized. Allowing origins: *
2025-05-05 13:59:05,211 - INFO - [MainThread] [<module>] - Flask application initialized.
2025-05-05 13:59:05,213 - INFO - [MainThread] [<module>] - Flask-Login initialized.
2025-05-05 13:59:05,214 - INFO - [MainThread] [<module>] - Global state variables initialized (upload_progress_data, download_prep_data).
2025-05-05 13:59:05,216 - INFO - [MainThread] [<module>] - Custom Jinja filter 'format_bytes' registered.
2025-05-05 13:59:05,216 - INFO - [MainThread] [<module>] - Flask-CORS initialized. Allowing origins: *
2025-05-05 13:59:05,217 - INFO - [MainThread] [<module>] - Flask application initialized.
2025-05-05 13:59:05,218 - INFO - [MainThread] [<module>] - Flask-Login initialized.
2025-05-05 13:59:05,218 - INFO - [MainThread] [<module>] - Global state variables initialized (upload_progress_data, download_prep_data).
2025-05-05 13:59:05,404 - INFO - [MainThread] [<module>] - Database module initialized.
2025-05-05 13:59:05,882 - INFO - [MainThread] [<module>] - Initialized requests.Session for Telegram API calls.
2025-05-05 13:59:05,882 - INFO - [MainThread] [<module>] - Telegram API functions defined with Session and Retries.
2025-05-05 13:59:05,899 - INFO - [MainThread] [<module>] - Flask routes defined using configurable workers and linter fixes.
2025-05-05 13:59:05,901 - INFO - [MainThread] [<module>] - Starting Flask development server...
2025-05-05 13:59:05,920 - WARNING - [MainThread] [_log] -  * Debugger is active!
2025-05-05 13:59:05,926 - INFO - [MainThread] [_log] -  * Debugger PIN: 107-410-311
2025-05-05 13:59:05,969 - INFO - [Thread-3 (process_request_thread)] [index] - Serving index page.
2025-05-05 13:59:05,992 - INFO - [Thread-3 (process_request_thread)] [_connect_to_db] - Attempting to connect to MongoDB Atlas host: telegrambot.6armfs2.mongodb.net...
2025-05-05 13:59:06,484 - INFO - [Thread-2 (process_request_thread)] [index] - Serving index page.
2025-05-05 13:59:06,503 - INFO - [Thread-2 (process_request_thread)] [_connect_to_db] - Attempting to connect to MongoDB Atlas host: telegrambot.6armfs2.mongodb.net...
2025-05-05 13:59:07,675 - INFO - [Thread-2 (process_request_thread)] [_connect_to_db] - ✅ Successfully connected and pinged MongoDB Atlas!
2025-05-05 13:59:07,676 - INFO - [Thread-2 (process_request_thread)] [get_db] - Accessed database: Telegrambot
2025-05-05 13:59:07,677 - INFO - [Thread-2 (process_request_thread)] [get_userinfo_collection] - Accessed collection: userinfo
2025-05-05 13:59:07,712 - INFO - [Thread-3 (process_request_thread)] [_connect_to_db] - ✅ Successfully connected and pinged MongoDB Atlas!
2025-05-05 13:59:07,713 - INFO - [Thread-3 (process_request_thread)] [get_db] - Accessed database: Telegrambot
2025-05-05 13:59:07,713 - INFO - [Thread-3 (process_request_thread)] [get_userinfo_collection] - Accessed collection: userinfo
2025-05-05 13:59:07,714 - INFO - [Thread-2 (process_request_thread)] [_log] - 127.0.0.1 - - [05/May/2025 13:59:07] "GET / HTTP/1.1" 200 -
2025-05-05 13:59:07,765 - INFO - [Thread-3 (process_request_thread)] [_log] - 127.0.0.1 - - [05/May/2025 13:59:07] "GET / HTTP/1.1" 200 -
2025-05-05 13:59:16,665 - INFO - [Thread-4 (process_request_thread)] [show_register_page] - Serving registration page.
2025-05-05 13:59:16,724 - INFO - [Thread-4 (process_request_thread)] [_log] - 127.0.0.1 - - [05/May/2025 13:59:16] "GET /register HTTP/1.1" 200 -
2025-05-05 13:59:43,952 - INFO - [Thread-6 (process_request_thread)] [_log] - 127.0.0.1 - - [05/May/2025 13:59:43] "OPTIONS /register HTTP/1.1" 200 -
2025-05-05 13:59:44,197 - INFO - [Thread-7 (process_request_thread)] [register_user] - Received POST request for /register
2025-05-05 13:59:44,197 - INFO - [Thread-7 (process_request_thread)] [register_user] - Received registration data: {'username': 'Brayer', 'email': 'bray12@gmail.com', 'password': 'br12', 'confirmPassword': 'br12', 'agreeTerms': True, 'understandPrivacy': True}
2025-05-05 13:59:44,251 - INFO - [Thread-7 (process_request_thread)] [find_user_by_username] - Found user record for username: Brayer
2025-05-05 13:59:44,251 - WARNING - [Thread-7 (process_request_thread)] [register_user] - Registration failed: Username 'Brayer' already exists.
2025-05-05 13:59:44,251 - INFO - [Thread-7 (process_request_thread)] [_log] - 127.0.0.1 - - [05/May/2025 13:59:44] "[31m[1mPOST /register HTTP/1.1[0m" 409 -
2025-05-05 14:00:19,807 - INFO - [Thread-8 (process_request_thread)] [_log] - 127.0.0.1 - - [05/May/2025 14:00:19] "OPTIONS /register HTTP/1.1" 200 -
2025-05-05 14:00:20,110 - INFO - [Thread-9 (process_request_thread)] [register_user] - Received POST request for /register
2025-05-05 14:00:20,110 - INFO - [Thread-9 (process_request_thread)] [register_user] - Received registration data: {'username': 'tyy', 'email': 'bray12@gmail.com', 'password': 'br12', 'confirmPassword': 'br12', 'agreeTerms': True, 'understandPrivacy': True}
2025-05-05 14:00:20,161 - INFO - [Thread-9 (process_request_thread)] [find_user_by_username] - No user record found for username: tyy
2025-05-05 14:00:20,195 - INFO - [Thread-9 (process_request_thread)] [find_user_by_email] - Found user record for email: bray12@gmail.com
2025-05-05 14:00:20,210 - WARNING - [Thread-9 (process_request_thread)] [register_user] - Registration failed: Email 'bray12@gmail.com' already exists.
2025-05-05 14:00:20,211 - INFO - [Thread-9 (process_request_thread)] [_log] - 127.0.0.1 - - [05/May/2025 14:00:20] "[31m[1mPOST /register HTTP/1.1[0m" 409 -
2025-05-05 14:00:57,463 - INFO - [Thread-10 (process_request_thread)] [_log] - 127.0.0.1 - - [05/May/2025 14:00:57] "OPTIONS /register HTTP/1.1" 200 -
2025-05-05 14:00:57,775 - INFO - [Thread-11 (process_request_thread)] [register_user] - Received POST request for /register
2025-05-05 14:00:57,775 - INFO - [Thread-11 (process_request_thread)] [register_user] - Received registration data: {'username': 'tyy', 'email': 'tyy@gmail.com', 'password': 'br12', 'confirmPassword': 'br12', 'agreeTerms': True, 'understandPrivacy': True}
2025-05-05 14:00:57,826 - INFO - [Thread-11 (process_request_thread)] [find_user_by_username] - No user record found for username: tyy
2025-05-05 14:00:57,877 - INFO - [Thread-11 (process_request_thread)] [find_user_by_email] - No user record found for email: tyy@gmail.com
2025-05-05 14:00:58,417 - INFO - [Thread-11 (process_request_thread)] [save_user] - Successfully inserted new user with ID: 68187742aeaf34c6a6aab852
2025-05-05 14:00:58,417 - INFO - [Thread-11 (process_request_thread)] [register_user] - User 'tyy' registered successfully.
2025-05-05 14:00:58,417 - INFO - [Thread-11 (process_request_thread)] [_log] - 127.0.0.1 - - [05/May/2025 14:00:58] "[35m[1mPOST /register HTTP/1.1[0m" 201 -
2025-05-05 14:01:26,225 - INFO - [Thread-13 (process_request_thread)] [_log] - 127.0.0.1 - - [05/May/2025 14:01:26] "GET /login HTTP/1.1" 200 -
2025-05-05 14:01:37,263 - INFO - [Thread-14 (process_request_thread)] [_log] - 127.0.0.1 - - [05/May/2025 14:01:37] "GET /login HTTP/1.1" 200 -
2025-05-05 14:01:40,302 - INFO - [Thread-15 (process_request_thread)] [show_register_page] - Serving registration page.
2025-05-05 14:01:40,352 - INFO - [Thread-15 (process_request_thread)] [_log] - 127.0.0.1 - - [05/May/2025 14:01:40] "GET /register HTTP/1.1" 200 -
2025-05-05 14:07:17,591 - INFO - [Thread-17 (process_request_thread)] [_log] - 127.0.0.1 - - [05/May/2025 14:07:17] "OPTIONS /register HTTP/1.1" 200 -
2025-05-05 14:07:17,857 - INFO - [Thread-18 (process_request_thread)] [register_user] - Received POST request for /register
2025-05-05 14:07:17,857 - INFO - [Thread-18 (process_request_thread)] [register_user] - Received registration data: {'username': 'testt', 'email': 'tes23@gmail.com', 'password': 'tes23', 'confirmPassword': 'tes23', 'agreeTerms': True, 'understandPrivacy': True}
2025-05-05 14:07:17,902 - INFO - [Thread-18 (process_request_thread)] [find_user_by_username] - No user record found for username: testt
2025-05-05 14:07:17,941 - INFO - [Thread-18 (process_request_thread)] [find_user_by_email] - No user record found for email: tes23@gmail.com
2025-05-05 14:07:18,506 - INFO - [Thread-18 (process_request_thread)] [save_user] - Successfully inserted new user with ID: 681878beaeaf34c6a6aab853
2025-05-05 14:07:18,506 - INFO - [Thread-18 (process_request_thread)] [register_user] - User 'testt' registered successfully.
2025-05-05 14:07:18,507 - INFO - [Thread-18 (process_request_thread)] [_log] - 127.0.0.1 - - [05/May/2025 14:07:18] "[35m[1mPOST /register HTTP/1.1[0m" 201 -
2025-05-05 14:07:21,472 - INFO - [Thread-20 (process_request_thread)] [_log] - 127.0.0.1 - - [05/May/2025 14:07:21] "GET /login HTTP/1.1" 200 -
2025-05-05 14:07:27,285 - INFO - [Thread-21 (process_request_thread)] [login] - Login attempt for email: tes23@gmail.com
2025-05-05 14:07:27,331 - INFO - [Thread-21 (process_request_thread)] [find_user_by_email] - Found user record for email: tes23@gmail.com
2025-05-05 14:07:27,854 - INFO - [Thread-21 (process_request_thread)] [login] - User 'testt' (tes23@gmail.com) logged in successfully.
2025-05-05 14:07:27,855 - INFO - [Thread-21 (process_request_thread)] [_log] - 127.0.0.1 - - [05/May/2025 14:07:27] "[32mPOST /login HTTP/1.1[0m" 302 -
2025-05-05 14:07:27,861 - INFO - [Thread-22 (process_request_thread)] [index] - Serving index page.
2025-05-05 14:07:27,909 - INFO - [Thread-22 (process_request_thread)] [_log] - 127.0.0.1 - - [05/May/2025 14:07:27] "GET / HTTP/1.1" 200 -
2025-05-05 14:07:41,097 - INFO - [Thread-23 (process_request_thread)] [initiate_upload] - Request initiate upload.
2025-05-05 14:07:41,099 - INFO - [Thread-23 (process_request_thread)] [initiate_upload] - Upload initiated by user: tes23@gmail.com
2025-05-05 14:07:41,099 - INFO - [Thread-23 (process_request_thread)] [initiate_upload] - [30b2c79d-d879-41aa-9862-49e3a67ceb85] Temp storage: uploads_temp\30b2c79d-d879-41aa-9862-49e3a67ceb85_auth.txt
2025-05-05 14:07:41,100 - INFO - [Thread-23 (process_request_thread)] [initiate_upload] - [30b2c79d-d879-41aa-9862-49e3a67ceb85] Temp saved: 'auth.txt'.
2025-05-05 14:07:41,101 - INFO - [Thread-23 (process_request_thread)] [_log] - 127.0.0.1 - - [05/May/2025 14:07:41] "POST /initiate-upload HTTP/1.1" 200 -
2025-05-05 14:07:41,106 - INFO - [Thread-24 (process_request_thread)] [stream_progress] - SSE connect request for upload_id: 30b2c79d-d879-41aa-9862-49e3a67ceb85
2025-05-05 14:07:41,107 - INFO - [Thread-24 (process_request_thread)] [process_upload_and_generate_updates] - [30b2c79d-d879-41aa-9862-49e3a67ceb85] Starting processing generator...
2025-05-05 14:07:41,108 - INFO - [Thread-24 (process_request_thread)] [process_upload_and_generate_updates] - [30b2c79d-d879-41aa-9862-49e3a67ceb85] Processing: User='testt', File='auth.txt'
2025-05-05 14:07:41,108 - INFO - [Thread-24 (process_request_thread)] [process_upload_and_generate_updates] - [30b2c79d-d879-41aa-9862-49e3a67ceb85] Initialized Upload Executor (max=5)
2025-05-05 14:07:41,109 - INFO - [Thread-24 (process_request_thread)] [_log] - 127.0.0.1 - - [05/May/2025 14:07:41] "GET /stream-progress/30b2c79d-d879-41aa-9862-49e3a67ceb85 HTTP/1.1" 200 -
2025-05-05 14:07:41,110 - INFO - [Thread-24 (process_request_thread)] [process_upload_and_generate_updates] - [30b2c79d-d879-41aa-9862-49e3a67ceb85] Access ID: b976155484
2025-05-05 14:07:41,110 - INFO - [Thread-24 (process_request_thread)] [process_upload_and_generate_updates] - [30b2c79d-d879-41aa-9862-49e3a67ceb85] Single file workflow.
2025-05-05 14:07:41,122 - INFO - [Thread-24 (process_request_thread)] [process_upload_and_generate_updates] - [30b2c79d-d879-41aa-9862-49e3a67ceb85] Compressed size: 172
2025-05-05 14:07:41,123 - INFO - [Upload_30b2_0] [_send_single_file_task] - [30b2c79d-d879-41aa-9862-49e3a67ceb85] T> Sending 'auth.zip' (172b) to -4603853425
2025-05-05 14:07:41,123 - INFO - [Upload_30b2_1] [_send_single_file_task] - [30b2c79d-d879-41aa-9862-49e3a67ceb85] T> Sending 'auth.zip' (172b) to -1002614397019
2025-05-05 14:07:41,124 - INFO - [Upload_30b2_0] [send_file_to_telegram] - [ChatID -4603853425, File 'auth.zip'] Attempting send.
2025-05-05 14:07:41,125 - INFO - [Upload_30b2_1] [send_file_to_telegram] - [ChatID -1002614397019, File 'auth.zip'] Attempting send.
2025-05-05 14:07:41,125 - INFO - [Upload_30b2_2] [_send_single_file_task] - [30b2c79d-d879-41aa-9862-49e3a67ceb85] T> Sending 'auth.zip' (172b) to -4641852757
2025-05-05 14:07:41,126 - INFO - [Thread-24 (process_request_thread)] [process_upload_and_generate_updates] - [30b2c79d-d879-41aa-9862-49e3a67ceb85] Submitted 3 single-file tasks.
2025-05-05 14:07:41,128 - INFO - [Upload_30b2_2] [send_file_to_telegram] - [ChatID -4641852757, File 'auth.zip'] Attempting send.
2025-05-05 14:07:41,128 - INFO - [Thread-24 (process_request_thread)] [process_upload_and_generate_updates] - [30b2c79d-d879-41aa-9862-49e3a67ceb85] Wait primary (-4603853425)...
2025-05-05 14:07:42,124 - INFO - [Upload_30b2_2] [send_file_to_telegram] - [ChatID -4641852757, File 'auth.zip'] API success (Attempt 1).
2025-05-05 14:07:42,125 - INFO - [Upload_30b2_2] [_send_single_file_task] - [30b2c79d-d879-41aa-9862-49e3a67ceb85] T> Sent 'auth.zip' to -4641852757. Success: True
2025-05-05 14:07:42,131 - INFO - [Upload_30b2_1] [send_file_to_telegram] - [ChatID -1002614397019, File 'auth.zip'] API success (Attempt 1).
2025-05-05 14:07:42,132 - INFO - [Upload_30b2_1] [_send_single_file_task] - [30b2c79d-d879-41aa-9862-49e3a67ceb85] T> Sent 'auth.zip' to -1002614397019. Success: True
2025-05-05 14:07:42,149 - INFO - [Upload_30b2_0] [send_file_to_telegram] - [ChatID -4603853425, File 'auth.zip'] API success (Attempt 1).
2025-05-05 14:07:42,150 - INFO - [Upload_30b2_0] [_send_single_file_task] - [30b2c79d-d879-41aa-9862-49e3a67ceb85] T> Sent 'auth.zip' to -4603853425. Success: True
2025-05-05 14:07:42,150 - INFO - [Thread-24 (process_request_thread)] [process_upload_and_generate_updates] - [30b2c79d-d879-41aa-9862-49e3a67ceb85] Primary done. OK:True
2025-05-05 14:07:42,150 - INFO - [Thread-24 (process_request_thread)] [process_upload_and_generate_updates] - [30b2c79d-d879-41aa-9862-49e3a67ceb85] Wait backups...
2025-05-05 14:07:42,151 - INFO - [Thread-24 (process_request_thread)] [process_upload_and_generate_updates] - [30b2c79d-d879-41aa-9862-49e3a67ceb85] Single sends done in 1.03s.
2025-05-05 14:07:42,151 - INFO - [Thread-24 (process_request_thread)] [process_upload_and_generate_updates] - [30b2c79d-d879-41aa-9862-49e3a67ceb85] Success: 3/3
2025-05-05 14:07:42,152 - INFO - [Thread-24 (process_request_thread)] [process_upload_and_generate_updates] - [30b2c79d-d879-41aa-9862-49e3a67ceb85] Attempting to save metadata to DB...
2025-05-05 14:07:42,152 - INFO - [Thread-24 (process_request_thread)] [get_metadata_collection] - Accessed collection: user_files
2025-05-05 14:07:42,202 - INFO - [Thread-24 (process_request_thread)] [save_file_metadata] - Successfully inserted metadata for access_id: b976155484
2025-05-05 14:07:42,203 - INFO - [Thread-24 (process_request_thread)] [process_upload_and_generate_updates] - [30b2c79d-d879-41aa-9862-49e3a67ceb85] Metadata successfully saved to DB. Msg: Metadata inserted (ID: 681878d51969d4a304aed134).
2025-05-05 14:07:42,204 - INFO - [Thread-24 (process_request_thread)] [process_upload_and_generate_updates] - [30b2c79d-d879-41aa-9862-49e3a67ceb85] Upload generator cleanup.
2025-05-05 14:07:42,205 - INFO - [Thread-24 (process_request_thread)] [process_upload_and_generate_updates] - [30b2c79d-d879-41aa-9862-49e3a67ceb85] Upload executor shutdown.
2025-05-05 14:07:42,207 - INFO - [Thread-24 (process_request_thread)] [_safe_remove_file] - [30b2c79d-d879-41aa-9862-49e3a67ceb85] Cleaned up original temp: uploads_temp\30b2c79d-d879-41aa-9862-49e3a67ceb85_auth.txt
2025-05-05 14:07:42,208 - INFO - [Thread-24 (process_request_thread)] [process_upload_and_generate_updates] - [30b2c79d-d879-41aa-9862-49e3a67ceb85] Upload generator finished. Status: completed
2025-05-05 14:07:47,282 - INFO - [Thread-26 (process_request_thread)] [get_file_by_access_id] - Request dl page via access_id: b976155484
2025-05-05 14:07:47,282 - INFO - [Thread-26 (process_request_thread)] [get_file_by_access_id] - Looking up access_id 'b976155484' in DB...
2025-05-05 14:07:47,331 - INFO - [Thread-26 (process_request_thread)] [find_metadata_by_access_id] - Found metadata record for access_id: b976155484
2025-05-05 14:07:47,332 - INFO - [Thread-26 (process_request_thread)] [get_file_by_access_id] - Rendering dl page for 'auth.txt' (id: b976155484).
2025-05-05 14:07:47,384 - INFO - [Thread-26 (process_request_thread)] [_log] - 127.0.0.1 - - [05/May/2025 14:07:47] "GET /get/b976155484 HTTP/1.1" 200 -
2025-05-05 14:07:48,819 - INFO - [Thread-25 (process_request_thread)] [stream_download_by_access_id] - [e08118c4-46c1-4bba-a1a1-6174835e00ef] SSE connection request for dl prep via access_id: b976155484
2025-05-05 14:07:48,865 - INFO - [Thread-25 (process_request_thread)] [find_metadata_by_access_id] - Found metadata record for access_id: b976155484
2025-05-05 14:07:48,865 - INFO - [Thread-25 (process_request_thread)] [_prepare_download_and_generate_updates] - [e08118c4-46c1-4bba-a1a1-6174835e00ef] Download prep generator started.
2025-05-05 14:07:48,866 - INFO - [Thread-25 (process_request_thread)] [_log] - 127.0.0.1 - - [05/May/2025 14:07:48] "GET /stream-download/b976155484 HTTP/1.1" 200 -
2025-05-05 14:07:49,012 - INFO - [Thread-25 (process_request_thread)] [find_metadata_by_access_id] - Found metadata record for access_id: b976155484
2025-05-05 14:07:49,013 - INFO - [Thread-25 (process_request_thread)] [_prepare_download_and_generate_updates] - [e08118c4-46c1-4bba-a1a1-6174835e00ef] Successfully found metadata for download preparation.
2025-05-05 14:07:49,013 - INFO - [Thread-25 (process_request_thread)] [_prepare_download_and_generate_updates] - [e08118c4-46c1-4bba-a1a1-6174835e00ef] Meta: 'auth.txt', User:testt, Size:59, Split:False, Comp:True
2025-05-05 14:07:49,216 - INFO - [Thread-25 (process_request_thread)] [_prepare_download_and_generate_updates] - [e08118c4-46c1-4bba-a1a1-6174835e00ef] Preparing non-split file.
2025-05-05 14:07:49,217 - WARNING - [Thread-25 (process_request_thread)] [_prepare_download_and_generate_updates] - [e08118c4-46c1-4bba-a1a1-6174835e00ef] Comp size missing single.
2025-05-05 14:07:49,217 - INFO - [Thread-25 (process_request_thread)] [download_telegram_file_content] - [FileID BQACAgUAAxkDAAIGrmgYeNXoRo0CuxRA3iCsrW64HQgAA9UTAAJETcFUBs8TL12B0WA2BA] Attempting download.
2025-05-05 14:07:49,693 - INFO - [Thread-25 (process_request_thread)] [download_telegram_file_content] - [FileID BQACAgUAAxkDAAIGrmgYeNXoRo0CuxRA3iCsrW64HQgAA9UTAAJETcFUBs8TL12B0WA2BA] Got DL URL (Attempt 1): https://api.telegram.org/file/bot7812479394:AAFrzOcHGKfc-1iOUbVEkptJkooaJrXHAxs/documents/file_649.zip
2025-05-05 14:07:49,694 - INFO - [Thread-25 (process_request_thread)] [download_telegram_file_content] - [FileID BQACAgUAAxkDAAIGrmgYeNXoRo0CuxRA3iCsrW64HQgAA9UTAAJETcFUBs8TL12B0WA2BA] Attempting content download from URL.
2025-05-05 14:07:49,847 - INFO - [Thread-25 (process_request_thread)] [download_telegram_file_content] - [FileID BQACAgUAAxkDAAIGrmgYeNXoRo0CuxRA3iCsrW64HQgAA9UTAAJETcFUBs8TL12B0WA2BA] Downloaded 172 bytes (Attempt 1).
2025-05-05 14:07:49,848 - INFO - [Thread-25 (process_request_thread)] [_prepare_download_and_generate_updates] - [e08118c4-46c1-4bba-a1a1-6174835e00ef] TG dl (172 bytes) in 0.63s. Avg Speed: 0.00 MB/s
2025-05-05 14:07:49,858 - INFO - [Thread-25 (process_request_thread)] [_prepare_download_and_generate_updates] - [e08118c4-46c1-4bba-a1a1-6174835e00ef] Final file ready: 'E:\Telegram_tool\Telegram_Bot_Tool\uploads_temp\dl_final_e08118c4-46c1-4bba-a1a1-6174835e00ef_l0u9h0zs', Size: 59.
2025-05-05 14:07:49,961 - INFO - [Thread-25 (process_request_thread)] [_prepare_download_and_generate_updates] - [e08118c4-46c1-4bba-a1a1-6174835e00ef] Prep complete. Sent 'ready'.
2025-05-05 14:07:49,963 - INFO - [Thread-25 (process_request_thread)] [_prepare_download_and_generate_updates] - [e08118c4-46c1-4bba-a1a1-6174835e00ef] Download prep generator cleanup.
2025-05-05 14:07:49,966 - INFO - [Thread-25 (process_request_thread)] [_prepare_download_and_generate_updates] - [e08118c4-46c1-4bba-a1a1-6174835e00ef] Download prep generator task ended.
2025-05-05 14:07:49,975 - INFO - [Thread-27 (process_request_thread)] [serve_temp_file] - Request serve temp file ID: e08118c4-46c1-4bba-a1a1-6174835e00ef, Filename: auth.txt
2025-05-05 14:07:49,976 - INFO - [Thread-27 (process_request_thread)] [serve_temp_file] - [e08118c4-46c1-4bba-a1a1-6174835e00ef] Preparing streaming response for 'auth.txt'.
2025-05-05 14:07:49,979 - INFO - [Thread-27 (process_request_thread)] [generate_stream] - [e08118c4-46c1-4bba-a1a1-6174835e00ef] Scheduled cleanup in 120s for path: E:\Telegram_tool\Telegram_Bot_Tool\uploads_temp\dl_final_e08118c4-46c1-4bba-a1a1-6174835e00ef_l0u9h0zs
2025-05-05 14:07:49,981 - INFO - [Thread-27 (process_request_thread)] [_log] - 127.0.0.1 - - [05/May/2025 14:07:49] "GET /serve-temp-file/e08118c4-46c1-4bba-a1a1-6174835e00ef/auth.txt HTTP/1.1" 200 -
2025-05-05 14:07:49,981 - INFO - [Thread-27 (process_request_thread)] [generate_stream] - [e08118c4-46c1-4bba-a1a1-6174835e00ef] Finished streaming file.
2025-05-05 14:08:02,937 - INFO - [Thread-29 (process_request_thread)] [list_user_files] - List files request for: 'test'
2025-05-05 14:08:02,937 - INFO - [Thread-29 (process_request_thread)] [list_user_files] - Fetching files for user 'test' from DB...
2025-05-05 14:08:02,988 - INFO - [Thread-29 (process_request_thread)] [find_metadata_by_username] - Found 0 metadata records for username: test
2025-05-05 14:08:02,988 - INFO - [Thread-29 (process_request_thread)] [list_user_files] - Found 0 records for 'test'.
2025-05-05 14:08:02,989 - INFO - [Thread-29 (process_request_thread)] [_log] - 127.0.0.1 - - [05/May/2025 14:08:02] "GET /files/test HTTP/1.1" 200 -
2025-05-05 14:08:07,331 - INFO - [Thread-30 (process_request_thread)] [list_user_files] - List files request for: 'tes'
2025-05-05 14:08:07,332 - INFO - [Thread-30 (process_request_thread)] [list_user_files] - Fetching files for user 'tes' from DB...
2025-05-05 14:08:07,382 - INFO - [Thread-30 (process_request_thread)] [find_metadata_by_username] - Found 0 metadata records for username: tes
2025-05-05 14:08:07,382 - INFO - [Thread-30 (process_request_thread)] [list_user_files] - Found 0 records for 'tes'.
2025-05-05 14:08:07,383 - INFO - [Thread-30 (process_request_thread)] [_log] - 127.0.0.1 - - [05/May/2025 14:08:07] "GET /files/tes HTTP/1.1" 200 -
2025-05-05 14:08:10,841 - INFO - [Thread-31 (process_request_thread)] [list_user_files] - List files request for: 'testt'
2025-05-05 14:08:10,842 - INFO - [Thread-31 (process_request_thread)] [list_user_files] - Fetching files for user 'testt' from DB...
2025-05-05 14:08:10,887 - INFO - [Thread-31 (process_request_thread)] [find_metadata_by_username] - Found 1 metadata records for username: testt
2025-05-05 14:08:10,887 - INFO - [Thread-31 (process_request_thread)] [list_user_files] - Found 1 records for 'testt'.
2025-05-05 14:08:10,887 - INFO - [Thread-31 (process_request_thread)] [_log] - 127.0.0.1 - - [05/May/2025 14:08:10] "GET /files/testt HTTP/1.1" 200 -
2025-05-05 14:08:17,908 - INFO - [Thread-32 (process_request_thread)] [prepare_download_stream] - [659dbbf4-cab3-450a-9d6d-5319d1c10d36] SSE download prep request: User='testt', File='auth.txt'
2025-05-05 14:08:17,909 - INFO - [Thread-32 (process_request_thread)] [_prepare_download_and_generate_updates] - [659dbbf4-cab3-450a-9d6d-5319d1c10d36] Download prep generator started.
2025-05-05 14:08:17,909 - INFO - [Thread-32 (process_request_thread)] [_log] - 127.0.0.1 - - [05/May/2025 14:08:17] "GET /prepare-download/testt/auth.txt HTTP/1.1" 200 -
2025-05-05 14:08:18,056 - INFO - [Thread-32 (process_request_thread)] [find_metadata_by_username] - Found 1 metadata records for username: testt
2025-05-05 14:08:18,057 - INFO - [Thread-32 (process_request_thread)] [_prepare_download_and_generate_updates] - [659dbbf4-cab3-450a-9d6d-5319d1c10d36] Successfully found metadata for download preparation.
2025-05-05 14:08:18,058 - INFO - [Thread-32 (process_request_thread)] [_prepare_download_and_generate_updates] - [659dbbf4-cab3-450a-9d6d-5319d1c10d36] Meta: 'auth.txt', User:testt, Size:59, Split:False, Comp:True
2025-05-05 14:08:18,261 - INFO - [Thread-32 (process_request_thread)] [_prepare_download_and_generate_updates] - [659dbbf4-cab3-450a-9d6d-5319d1c10d36] Preparing non-split file.
2025-05-05 14:08:18,261 - WARNING - [Thread-32 (process_request_thread)] [_prepare_download_and_generate_updates] - [659dbbf4-cab3-450a-9d6d-5319d1c10d36] Comp size missing single.
2025-05-05 14:08:18,262 - INFO - [Thread-32 (process_request_thread)] [download_telegram_file_content] - [FileID BQACAgUAAxkDAAIGrmgYeNXoRo0CuxRA3iCsrW64HQgAA9UTAAJETcFUBs8TL12B0WA2BA] Attempting download.
2025-05-05 14:08:18,411 - INFO - [Thread-32 (process_request_thread)] [download_telegram_file_content] - [FileID BQACAgUAAxkDAAIGrmgYeNXoRo0CuxRA3iCsrW64HQgAA9UTAAJETcFUBs8TL12B0WA2BA] Got DL URL (Attempt 1): https://api.telegram.org/file/bot7812479394:AAFrzOcHGKfc-1iOUbVEkptJkooaJrXHAxs/documents/file_649.zip
2025-05-05 14:08:18,413 - INFO - [Thread-32 (process_request_thread)] [download_telegram_file_content] - [FileID BQACAgUAAxkDAAIGrmgYeNXoRo0CuxRA3iCsrW64HQgAA9UTAAJETcFUBs8TL12B0WA2BA] Attempting content download from URL.
2025-05-05 14:08:18,563 - INFO - [Thread-32 (process_request_thread)] [download_telegram_file_content] - [FileID BQACAgUAAxkDAAIGrmgYeNXoRo0CuxRA3iCsrW64HQgAA9UTAAJETcFUBs8TL12B0WA2BA] Downloaded 172 bytes (Attempt 1).
2025-05-05 14:08:18,564 - INFO - [Thread-32 (process_request_thread)] [_prepare_download_and_generate_updates] - [659dbbf4-cab3-450a-9d6d-5319d1c10d36] TG dl (172 bytes) in 0.30s. Avg Speed: 0.00 MB/s
2025-05-05 14:08:18,568 - INFO - [Thread-32 (process_request_thread)] [_prepare_download_and_generate_updates] - [659dbbf4-cab3-450a-9d6d-5319d1c10d36] Final file ready: 'E:\Telegram_tool\Telegram_Bot_Tool\uploads_temp\dl_final_659dbbf4-cab3-450a-9d6d-5319d1c10d36_zzgdjuxg', Size: 59.
2025-05-05 14:08:18,671 - INFO - [Thread-32 (process_request_thread)] [_prepare_download_and_generate_updates] - [659dbbf4-cab3-450a-9d6d-5319d1c10d36] Prep complete. Sent 'ready'.
2025-05-05 14:08:18,673 - INFO - [Thread-32 (process_request_thread)] [_prepare_download_and_generate_updates] - [659dbbf4-cab3-450a-9d6d-5319d1c10d36] Download prep generator cleanup.
2025-05-05 14:08:18,678 - INFO - [Thread-32 (process_request_thread)] [_prepare_download_and_generate_updates] - [659dbbf4-cab3-450a-9d6d-5319d1c10d36] Download prep generator task ended.
2025-05-05 14:08:18,684 - INFO - [Thread-33 (process_request_thread)] [serve_temp_file] - Request serve temp file ID: 659dbbf4-cab3-450a-9d6d-5319d1c10d36, Filename: auth.txt
2025-05-05 14:08:18,688 - INFO - [Thread-33 (process_request_thread)] [serve_temp_file] - [659dbbf4-cab3-450a-9d6d-5319d1c10d36] Preparing streaming response for 'auth.txt'.
2025-05-05 14:08:18,691 - INFO - [Thread-33 (process_request_thread)] [generate_stream] - [659dbbf4-cab3-450a-9d6d-5319d1c10d36] Scheduled cleanup in 120s for path: E:\Telegram_tool\Telegram_Bot_Tool\uploads_temp\dl_final_659dbbf4-cab3-450a-9d6d-5319d1c10d36_zzgdjuxg
2025-05-05 14:08:18,693 - INFO - [Thread-33 (process_request_thread)] [_log] - 127.0.0.1 - - [05/May/2025 14:08:18] "GET /serve-temp-file/659dbbf4-cab3-450a-9d6d-5319d1c10d36/auth.txt HTTP/1.1" 200 -
2025-05-05 14:08:18,694 - INFO - [Thread-33 (process_request_thread)] [generate_stream] - [659dbbf4-cab3-450a-9d6d-5319d1c10d36] Finished streaming file.
2025-05-05 14:09:15,129 - INFO - [Thread-34 (process_request_thread)] [index] - Serving index page.
2025-05-05 14:09:15,179 - INFO - [Thread-34 (process_request_thread)] [_log] - 127.0.0.1 - - [05/May/2025 14:09:15] "GET / HTTP/1.1" 200 -
2025-05-05 14:09:21,132 - INFO - [Thread-38 (process_request_thread)] [index] - Serving index page.
2025-05-05 14:09:21,135 - INFO - [Thread-38 (process_request_thread)] [_log] - 192.168.1.22 - - [05/May/2025 14:09:21] "GET / HTTP/1.1" 200 -
2025-05-05 14:09:21,187 - INFO - [Thread-37 (process_request_thread)] [_log] - 192.168.1.22 - - [05/May/2025 14:09:21] "[33mGET /favicon.ico HTTP/1.1[0m" 404 -
2025-05-05 14:09:49,989 - INFO - [Thread-28] [_schedule_cleanup] - [Cleanup-e08118c4-46c1-4bba-a1a1-6174835e00ef] Scheduled cleanup executing for path: E:\Telegram_tool\Telegram_Bot_Tool\uploads_temp\dl_final_e08118c4-46c1-4bba-a1a1-6174835e00ef_l0u9h0zs
2025-05-05 14:09:49,990 - INFO - [Thread-28] [_safe_remove_file] - [Cleanup-e08118c4-46c1-4bba-a1a1-6174835e00ef] Cleaned up final dl: E:\Telegram_tool\Telegram_Bot_Tool\uploads_temp\dl_final_e08118c4-46c1-4bba-a1a1-6174835e00ef_l0u9h0zs
2025-05-05 14:09:49,991 - INFO - [Thread-28] [_schedule_cleanup] - [Cleanup-e08118c4-46c1-4bba-a1a1-6174835e00ef] Prep data removed.
2025-05-05 14:10:18,700 - INFO - [Thread-35] [_schedule_cleanup] - [Cleanup-659dbbf4-cab3-450a-9d6d-5319d1c10d36] Scheduled cleanup executing for path: E:\Telegram_tool\Telegram_Bot_Tool\uploads_temp\dl_final_659dbbf4-cab3-450a-9d6d-5319d1c10d36_zzgdjuxg
2025-05-05 14:10:18,702 - INFO - [Thread-35] [_safe_remove_file] - [Cleanup-659dbbf4-cab3-450a-9d6d-5319d1c10d36] Cleaned up final dl: E:\Telegram_tool\Telegram_Bot_Tool\uploads_temp\dl_final_659dbbf4-cab3-450a-9d6d-5319d1c10d36_zzgdjuxg
2025-05-05 14:10:18,703 - INFO - [Thread-35] [_schedule_cleanup] - [Cleanup-659dbbf4-cab3-450a-9d6d-5319d1c10d36] Prep data removed.
2025-05-05 14:10:38,069 - INFO - [Thread-39 (process_request_thread)] [_log] - 192.168.1.20 - - [05/May/2025 14:10:38] "OPTIONS /register HTTP/1.1" 200 -
2025-05-05 14:10:38,073 - INFO - [Thread-40 (process_request_thread)] [register_user] - Received POST request for /register
2025-05-05 14:10:38,074 - INFO - [Thread-40 (process_request_thread)] [register_user] - Received registration data: {'username': 'TandraSage', 'email': 'jvora@gmail.com', 'password': '12345678', 'confirmPassword': '12345678', 'agreeTerms': True, 'understandPrivacy': True}
2025-05-05 14:10:38,120 - INFO - [Thread-40 (process_request_thread)] [find_user_by_username] - No user record found for username: TandraSage
2025-05-05 14:10:38,168 - INFO - [Thread-40 (process_request_thread)] [find_user_by_email] - Found user record for email: jvora@gmail.com
2025-05-05 14:10:38,169 - WARNING - [Thread-40 (process_request_thread)] [register_user] - Registration failed: Email 'jvora@gmail.com' already exists.
2025-05-05 14:10:38,171 - INFO - [Thread-40 (process_request_thread)] [_log] - 192.168.1.20 - - [05/May/2025 14:10:38] "[31m[1mPOST /register HTTP/1.1[0m" 409 -
2025-05-05 14:10:56,955 - INFO - [Thread-41 (process_request_thread)] [_log] - 192.168.1.20 - - [05/May/2025 14:10:56] "OPTIONS /register HTTP/1.1" 200 -
2025-05-05 14:10:56,961 - INFO - [Thread-42 (process_request_thread)] [register_user] - Received POST request for /register
2025-05-05 14:10:56,964 - INFO - [Thread-42 (process_request_thread)] [register_user] - Received registration data: {'username': 'GlowingQuest', 'email': 'abc@gmail.com', 'password': '12345678', 'confirmPassword': '12345678', 'agreeTerms': True, 'understandPrivacy': True}
2025-05-05 14:10:57,018 - INFO - [Thread-42 (process_request_thread)] [find_user_by_username] - No user record found for username: GlowingQuest
2025-05-05 14:10:57,065 - INFO - [Thread-42 (process_request_thread)] [find_user_by_email] - No user record found for email: abc@gmail.com
2025-05-05 14:10:57,626 - INFO - [Thread-42 (process_request_thread)] [save_user] - Successfully inserted new user with ID: 68187999aeaf34c6a6aab854
2025-05-05 14:10:57,626 - INFO - [Thread-42 (process_request_thread)] [register_user] - User 'GlowingQuest' registered successfully.
2025-05-05 14:10:57,627 - INFO - [Thread-42 (process_request_thread)] [_log] - 192.168.1.20 - - [05/May/2025 14:10:57] "[35m[1mPOST /register HTTP/1.1[0m" 201 -
2025-05-05 14:14:08,612 - INFO - [Thread-43 (process_request_thread)] [_log] - 192.168.1.20 - - [05/May/2025 14:14:08] "[32mPOST /initiate-upload HTTP/1.1[0m" 302 -
2025-05-05 14:14:08,620 - INFO - [Thread-44 (process_request_thread)] [_log] - 192.168.1.20 - - [05/May/2025 14:14:08] "GET /login?next=/initiate-upload HTTP/1.1" 200 -
2025-05-05 14:15:01,230 - INFO - [MainThread] [_log] -  * Detected change in 'E:\\Telegram_tool\\Telegram_Bot_Tool\\routes.py', reloading
