2025-05-05 15:40:06,375 - INFO - [MainThread] [<module>] - ============================================================
2025-05-05 15:40:06,375 - INFO - [MainThread] [<module>] - Logging configured. Level: INFO. Log file: Selenium-Logs\app_20250505_154006.log
2025-05-05 15:40:06,375 - INFO - [MainThread] [<module>] - Primary Chat ID: -4603853425
2025-05-05 15:40:06,375 - INFO - [MainThread] [<module>] - All Target Chat IDs: ['-4603853425', '-1002614397019', '-4641852757']
2025-05-05 15:40:06,375 - INFO - [MainThread] [<module>] - Chunk Size: 20.0 MB (20971520 bytes)
2025-05-05 15:40:06,375 - INFO - [MainThread] [<module>] - API Timeouts (Connect/Read): 10s / 60s
2025-05-05 15:40:06,375 - INFO - [MainThread] [<module>] - API Retries: 3 attempts, 2s delay
2025-05-05 15:40:06,375 - INFO - [MainThread] [<module>] - Max Upload Workers: 5
2025-05-05 15:40:06,375 - INFO - [MainThread] [<module>] - Max Download Workers: 12
2025-05-05 15:40:06,375 - INFO - [MainThread] [<module>] - ============================================================
2025-05-05 15:40:06,375 - INFO - [MainThread] [<module>] - Configuration loaded successfully.
2025-05-05 15:40:06,398 - INFO - [MainThread] [<module>] - Custom Jinja filter 'format_bytes' registered.
2025-05-05 15:40:06,398 - INFO - [MainThread] [<module>] - Flask-CORS initialized. Allowing origins: *
2025-05-05 15:40:06,398 - INFO - [MainThread] [<module>] - Flask application initialized.
2025-05-05 15:40:06,398 - INFO - [MainThread] [<module>] - Flask-Login initialized.
2025-05-05 15:40:06,398 - INFO - [MainThread] [<module>] - Global state variables initialized (upload_progress_data, download_prep_data).
2025-05-05 15:40:06,398 - INFO - [MainThread] [<module>] - Custom Jinja filter 'format_bytes' registered.
2025-05-05 15:40:06,398 - INFO - [MainThread] [<module>] - Flask-CORS initialized. Allowing origins: *
2025-05-05 15:40:06,398 - INFO - [MainThread] [<module>] - Flask application initialized.
2025-05-05 15:40:06,398 - INFO - [MainThread] [<module>] - Flask-Login initialized.
2025-05-05 15:40:06,398 - INFO - [MainThread] [<module>] - Global state variables initialized (upload_progress_data, download_prep_data).
2025-05-05 15:40:06,540 - INFO - [MainThread] [<module>] - Database module initialized.
2025-05-05 15:40:06,997 - INFO - [MainThread] [<module>] - Initialized requests.Session for Telegram API calls.
2025-05-05 15:40:06,998 - INFO - [MainThread] [<module>] - Telegram API functions defined with Session and Retries.
2025-05-05 15:40:07,004 - INFO - [MainThread] [<module>] - Flask routes defined using configurable workers and linter fixes.
2025-05-05 15:40:07,005 - INFO - [MainThread] [<module>] - Starting Flask development server...
2025-05-05 15:40:07,018 - WARNING - [MainThread] [_log] -  * Debugger is active!
2025-05-05 15:40:07,018 - INFO - [MainThread] [_log] -  * Debugger PIN: 107-410-311
2025-05-05 15:40:09,336 - INFO - [Thread-2 (process_request_thread)] [show_register_page] - Serving registration page.
2025-05-05 15:40:09,340 - INFO - [Thread-2 (process_request_thread)] [_connect_to_db] - Attempting to connect to MongoDB Atlas host: telegrambot.6armfs2.mongodb.net...
2025-05-05 15:40:10,208 - INFO - [Thread-2 (process_request_thread)] [_connect_to_db] - ✅ Successfully connected and pinged MongoDB Atlas!
2025-05-05 15:40:10,209 - INFO - [Thread-2 (process_request_thread)] [get_db] - Accessed database: Telegrambot
2025-05-05 15:40:10,209 - INFO - [Thread-2 (process_request_thread)] [get_userinfo_collection] - Accessed collection: userinfo
2025-05-05 15:40:10,241 - INFO - [Thread-2 (process_request_thread)] [_log] - 127.0.0.1 - - [05/May/2025 15:40:10] "GET /register HTTP/1.1" 200 -
2025-05-05 15:40:36,867 - INFO - [Thread-4 (process_request_thread)] [_log] - 127.0.0.1 - - [05/May/2025 15:40:36] "OPTIONS /register HTTP/1.1" 200 -
2025-05-05 15:40:50,578 - INFO - [MainThread] [_log] -  * Detected change in 'E:\\Telegram_tool\\Telegram_Bot_Tool\\app_setup.py', reloading
