2025-05-06 11:50:43,853 - INFO - [MainThread] [<module>] - ============================================================
2025-05-06 11:50:43,854 - INFO - [MainThread] [<module>] - Logging configured. Level: INFO. Log file: Selenium-Logs\app_20250506_115043.log
2025-05-06 11:50:43,854 - INFO - [MainThread] [<module>] - Primary Chat ID: -4603853425
2025-05-06 11:50:43,854 - INFO - [MainThread] [<module>] - All Target Chat IDs: ['-4603853425', '-1002614397019', '-4641852757']
2025-05-06 11:50:43,855 - INFO - [MainThread] [<module>] - Chunk Size: 20.0 MB (20971520 bytes)
2025-05-06 11:50:43,855 - INFO - [MainThread] [<module>] - API Timeouts (Connect/Read): 10s / 60s
2025-05-06 11:50:43,855 - INFO - [MainThread] [<module>] - API Retries: 3 attempts, 2s delay
2025-05-06 11:50:43,856 - INFO - [MainThread] [<module>] - Max Upload Workers: 5
2025-05-06 11:50:43,856 - INFO - [MainThread] [<module>] - Max Download Workers: 12
2025-05-06 11:50:43,857 - INFO - [MainThread] [<module>] - ============================================================
2025-05-06 11:50:43,857 - INFO - [MainThread] [<module>] - Configuration loaded successfully.
2025-05-06 11:50:43,891 - INFO - [MainThread] [<module>] - Custom Jinja filter 'format_bytes' registered.
2025-05-06 11:50:43,891 - INFO - [MainThread] [<module>] - Flask-CORS initialized. Allowing origins: http://localhost:4200
2025-05-06 11:50:43,892 - INFO - [MainThread] [<module>] - Flask-JWT-Extended initialized.
2025-05-06 11:50:43,892 - INFO - [MainThread] [<module>] - Flask-Login initialized.
2025-05-06 11:50:43,892 - INFO - [MainThread] [<module>] - Global state variables initialized (upload_progress_data, download_prep_data).
2025-05-06 11:50:43,894 - INFO - [MainThread] [<module>] - Custom Jinja filter 'format_bytes' registered.
2025-05-06 11:50:43,894 - INFO - [MainThread] [<module>] - Flask-CORS initialized. Allowing origins: http://localhost:4200
2025-05-06 11:50:43,895 - INFO - [MainThread] [<module>] - Flask-JWT-Extended initialized.
2025-05-06 11:50:43,896 - INFO - [MainThread] [<module>] - Flask-Login initialized.
2025-05-06 11:50:43,896 - INFO - [MainThread] [<module>] - Global state variables initialized (upload_progress_data, download_prep_data).
2025-05-06 11:50:44,047 - INFO - [MainThread] [<module>] - Database module initialized.
2025-05-06 11:50:44,604 - INFO - [MainThread] [<module>] - Initialized requests.Session for Telegram API calls.
2025-05-06 11:50:44,604 - INFO - [MainThread] [<module>] - Telegram API functions defined with Session and Retries.
2025-05-06 11:50:44,613 - INFO - [MainThread] [<module>] - Flask routes defined using configurable workers and linter fixes.
2025-05-06 11:50:44,615 - INFO - [MainThread] [<module>] - Starting Flask development server...
2025-05-06 11:50:44,636 - WARNING - [MainThread] [_log] -  * Debugger is active!
2025-05-06 11:50:44,647 - INFO - [MainThread] [_log] -  * Debugger PIN: 107-410-311
2025-05-06 11:50:48,537 - INFO - [Thread-3 (process_request_thread)] [index] - Serving index page.
2025-05-06 11:50:48,633 - INFO - [Thread-3 (process_request_thread)] [_log] - 127.0.0.1 - - [06/May/2025 11:50:48] "GET / HTTP/1.1" 200 -
2025-05-06 11:50:48,677 - INFO - [Thread-2 (process_request_thread)] [_log] - 127.0.0.1 - - [06/May/2025 11:50:48] "[33mGET /favicon.ico HTTP/1.1[0m" 404 -
2025-05-06 11:50:54,049 - INFO - [Thread-4 (process_request_thread)] [initiate_upload] - Request initiate upload.
2025-05-06 11:50:54,051 - INFO - [Thread-4 (process_request_thread)] [initiate_upload] - [17688d59-77d4-4986-b538-3672f3bf75d8] Anonymous upload initiated.
2025-05-06 11:50:54,052 - INFO - [Thread-4 (process_request_thread)] [initiate_upload] - [17688d59-77d4-4986-b538-3672f3bf75d8] Temp storage path: uploads_temp\17688d59-77d4-4986-b538-3672f3bf75d8_.env
2025-05-06 11:50:54,052 - INFO - [Thread-4 (process_request_thread)] [initiate_upload] - [17688d59-77d4-4986-b538-3672f3bf75d8] Temp file saved: '.env'.
2025-05-06 11:50:54,053 - INFO - [Thread-4 (process_request_thread)] [_log] - 127.0.0.1 - - [06/May/2025 11:50:54] "POST /initiate-upload HTTP/1.1" 200 -
2025-05-06 11:50:54,061 - INFO - [Thread-5 (process_request_thread)] [stream_progress] - SSE connect request for upload_id: 17688d59-77d4-4986-b538-3672f3bf75d8
2025-05-06 11:50:54,061 - INFO - [Thread-5 (process_request_thread)] [process_upload_and_generate_updates] - [17688d59-77d4-4986-b538-3672f3bf75d8] Starting processing generator...
2025-05-06 11:50:54,062 - INFO - [Thread-5 (process_request_thread)] [process_upload_and_generate_updates] - [17688d59-77d4-4986-b538-3672f3bf75d8] Processing: User='anonymous', File='.env'
2025-05-06 11:50:54,063 - INFO - [Thread-5 (process_request_thread)] [process_upload_and_generate_updates] - [17688d59-77d4-4986-b538-3672f3bf75d8] Initialized Upload Executor (max=5)
2025-05-06 11:50:54,063 - INFO - [Thread-5 (process_request_thread)] [_log] - 127.0.0.1 - - [06/May/2025 11:50:54] "GET /stream-progress/17688d59-77d4-4986-b538-3672f3bf75d8 HTTP/1.1" 200 -
2025-05-06 11:50:54,063 - INFO - [Thread-5 (process_request_thread)] [process_upload_and_generate_updates] - [17688d59-77d4-4986-b538-3672f3bf75d8] Access ID: dcfbb0d509
2025-05-06 11:50:54,063 - INFO - [Thread-5 (process_request_thread)] [process_upload_and_generate_updates] - [17688d59-77d4-4986-b538-3672f3bf75d8] Single file workflow.
2025-05-06 11:50:54,068 - INFO - [Thread-5 (process_request_thread)] [process_upload_and_generate_updates] - [17688d59-77d4-4986-b538-3672f3bf75d8] Compressed size: 201
2025-05-06 11:50:54,070 - INFO - [Upload_1768_0] [_send_single_file_task] - [17688d59-77d4-4986-b538-3672f3bf75d8] T> Sending '.env.zip' (201b) to -4603853425
2025-05-06 11:50:54,070 - INFO - [Upload_1768_0] [send_file_to_telegram] - [ChatID -4603853425, File '.env.zip'] Attempting send.
2025-05-06 11:50:54,071 - INFO - [Upload_1768_1] [_send_single_file_task] - [17688d59-77d4-4986-b538-3672f3bf75d8] T> Sending '.env.zip' (201b) to -1002614397019
2025-05-06 11:50:54,125 - INFO - [Upload_1768_1] [send_file_to_telegram] - [ChatID -1002614397019, File '.env.zip'] Attempting send.
2025-05-06 11:50:54,127 - INFO - [Upload_1768_2] [_send_single_file_task] - [17688d59-77d4-4986-b538-3672f3bf75d8] T> Sending '.env.zip' (201b) to -4641852757
2025-05-06 11:50:54,127 - INFO - [Thread-5 (process_request_thread)] [process_upload_and_generate_updates] - [17688d59-77d4-4986-b538-3672f3bf75d8] Submitted 3 single-file tasks.
2025-05-06 11:50:54,140 - INFO - [Upload_1768_2] [send_file_to_telegram] - [ChatID -4641852757, File '.env.zip'] Attempting send.
2025-05-06 11:50:54,141 - INFO - [Thread-5 (process_request_thread)] [process_upload_and_generate_updates] - [17688d59-77d4-4986-b538-3672f3bf75d8] Wait primary (-4603853425)...
2025-05-06 11:50:55,188 - INFO - [Upload_1768_0] [send_file_to_telegram] - [ChatID -4603853425, File '.env.zip'] API success (Attempt 1).
2025-05-06 11:50:55,188 - INFO - [Upload_1768_0] [_send_single_file_task] - [17688d59-77d4-4986-b538-3672f3bf75d8] T> Sent '.env.zip' to -4603853425. Success: True
2025-05-06 11:50:55,188 - INFO - [Thread-5 (process_request_thread)] [process_upload_and_generate_updates] - [17688d59-77d4-4986-b538-3672f3bf75d8] Primary done. OK:True
2025-05-06 11:50:55,188 - INFO - [Thread-5 (process_request_thread)] [process_upload_and_generate_updates] - [17688d59-77d4-4986-b538-3672f3bf75d8] Wait backups...
2025-05-06 11:50:55,228 - INFO - [Upload_1768_2] [send_file_to_telegram] - [ChatID -4641852757, File '.env.zip'] API success (Attempt 1).
2025-05-06 11:50:55,231 - INFO - [Upload_1768_2] [_send_single_file_task] - [17688d59-77d4-4986-b538-3672f3bf75d8] T> Sent '.env.zip' to -4641852757. Success: True
2025-05-06 11:50:55,239 - INFO - [Upload_1768_1] [send_file_to_telegram] - [ChatID -1002614397019, File '.env.zip'] API success (Attempt 1).
2025-05-06 11:50:55,239 - INFO - [Upload_1768_1] [_send_single_file_task] - [17688d59-77d4-4986-b538-3672f3bf75d8] T> Sent '.env.zip' to -1002614397019. Success: True
2025-05-06 11:50:55,241 - INFO - [Thread-5 (process_request_thread)] [process_upload_and_generate_updates] - [17688d59-77d4-4986-b538-3672f3bf75d8] Single sends done in 1.17s.
2025-05-06 11:50:55,241 - INFO - [Thread-5 (process_request_thread)] [process_upload_and_generate_updates] - [17688d59-77d4-4986-b538-3672f3bf75d8] Success: 3/3
2025-05-06 11:50:55,242 - INFO - [Thread-5 (process_request_thread)] [process_upload_and_generate_updates] - [17688d59-77d4-4986-b538-3672f3bf75d8] Attempting to save metadata to DB...
2025-05-06 11:50:55,244 - INFO - [Thread-5 (process_request_thread)] [_connect_to_db] - Attempting to connect to MongoDB Atlas host: telegrambot.6armfs2.mongodb.net...
2025-05-06 11:50:56,841 - INFO - [Thread-5 (process_request_thread)] [_connect_to_db] - ✅ Successfully connected and pinged MongoDB Atlas!
2025-05-06 11:50:56,841 - INFO - [Thread-5 (process_request_thread)] [get_db] - Accessed database: Telegrambot
2025-05-06 11:50:56,841 - INFO - [Thread-5 (process_request_thread)] [get_metadata_collection] - Accessed collection: user_files
2025-05-06 11:50:56,894 - INFO - [Thread-5 (process_request_thread)] [save_file_metadata] - Successfully inserted metadata for access_id: dcfbb0d509
2025-05-06 11:50:56,894 - INFO - [Thread-5 (process_request_thread)] [process_upload_and_generate_updates] - [17688d59-77d4-4986-b538-3672f3bf75d8] Metadata successfully saved to DB. Msg: Metadata inserted (ID: 6819aa481969d4a304aed1e5).
2025-05-06 11:50:56,894 - INFO - [Thread-5 (process_request_thread)] [process_upload_and_generate_updates] - [17688d59-77d4-4986-b538-3672f3bf75d8] Upload generator cleanup.
2025-05-06 11:50:56,901 - INFO - [Thread-5 (process_request_thread)] [process_upload_and_generate_updates] - [17688d59-77d4-4986-b538-3672f3bf75d8] Upload executor shutdown.
2025-05-06 11:50:56,902 - INFO - [Thread-5 (process_request_thread)] [_safe_remove_file] - [17688d59-77d4-4986-b538-3672f3bf75d8] Cleaned up original temp: uploads_temp\17688d59-77d4-4986-b538-3672f3bf75d8_.env
2025-05-06 11:50:56,902 - INFO - [Thread-5 (process_request_thread)] [process_upload_and_generate_updates] - [17688d59-77d4-4986-b538-3672f3bf75d8] Upload generator finished. Status: completed
2025-05-06 11:51:00,292 - INFO - [Thread-6 (process_request_thread)] [show_register_page] - Serving registration page.
2025-05-06 11:51:00,340 - INFO - [Thread-6 (process_request_thread)] [_log] - 127.0.0.1 - - [06/May/2025 11:51:00] "GET /register HTTP/1.1" 200 -
2025-05-06 11:51:22,018 - INFO - [Thread-8 (process_request_thread)] [_log] - 127.0.0.1 - - [06/May/2025 11:51:22] "OPTIONS /register HTTP/1.1" 200 -
2025-05-06 11:51:22,905 - INFO - [Thread-9 (process_request_thread)] [_log] - 127.0.0.1 - - [06/May/2025 11:51:22] "OPTIONS /register HTTP/1.1" 200 -
2025-05-06 11:51:23,822 - INFO - [Thread-10 (process_request_thread)] [_log] - 127.0.0.1 - - [06/May/2025 11:51:23] "OPTIONS /register HTTP/1.1" 200 -
2025-05-06 11:51:48,961 - INFO - [Thread-12 (process_request_thread)] [show_register_page] - Serving registration page.
2025-05-06 11:51:48,962 - INFO - [Thread-12 (process_request_thread)] [_log] - 127.0.0.1 - - [06/May/2025 11:51:48] "GET /register HTTP/1.1" 200 -
2025-05-06 11:51:49,006 - INFO - [Thread-13 (process_request_thread)] [_log] - 127.0.0.1 - - [06/May/2025 11:51:49] "[33mGET /favicon.ico HTTP/1.1[0m" 404 -
2025-05-06 11:52:03,691 - INFO - [Thread-14 (process_request_thread)] [register_user] - Received POST request for /register
2025-05-06 11:52:03,691 - INFO - [Thread-14 (process_request_thread)] [register_user] - Received registration data: {'username': 'tyyy', 'email': 'ty@gmail.com', 'password': 'ty12', 'confirmPassword': 'ty12', 'agreeTerms': True, 'understandPrivacy': True}
2025-05-06 11:52:03,691 - INFO - [Thread-14 (process_request_thread)] [get_userinfo_collection] - Accessed collection: userinfo
2025-05-06 11:52:03,728 - INFO - [Thread-14 (process_request_thread)] [find_user_by_username] - No user record found for username: tyyy
2025-05-06 11:52:03,762 - INFO - [Thread-14 (process_request_thread)] [find_user_by_email] - No user record found for email: ty@gmail.com
2025-05-06 11:52:04,300 - INFO - [Thread-14 (process_request_thread)] [save_user] - Successfully inserted new user with ID: 6819aa8c5732223737a7c4cc
2025-05-06 11:52:04,300 - INFO - [Thread-14 (process_request_thread)] [register_user] - User 'tyyy' registered successfully.
2025-05-06 11:52:04,301 - INFO - [Thread-14 (process_request_thread)] [_log] - 127.0.0.1 - - [06/May/2025 11:52:04] "[35m[1mPOST /register HTTP/1.1[0m" 201 -
2025-05-06 11:52:10,084 - INFO - [Thread-15 (process_request_thread)] [_log] - 127.0.0.1 - - [06/May/2025 11:52:10] "GET /login HTTP/1.1" 200 -
2025-05-06 11:52:16,897 - INFO - [Thread-16 (process_request_thread)] [login] - Login attempt for email: ty@gmail.com
2025-05-06 11:52:16,930 - INFO - [Thread-16 (process_request_thread)] [find_user_by_email] - Found user record for email: ty@gmail.com
2025-05-06 11:52:17,427 - INFO - [Thread-16 (process_request_thread)] [login] - User 'tyyy' (ty@gmail.com) logged in successfully.
2025-05-06 11:52:17,427 - INFO - [Thread-16 (process_request_thread)] [_log] - 127.0.0.1 - - [06/May/2025 11:52:17] "[32mPOST /login HTTP/1.1[0m" 302 -
2025-05-06 11:52:17,444 - INFO - [Thread-17 (process_request_thread)] [index] - Serving index page.
2025-05-06 11:52:17,479 - INFO - [Thread-17 (process_request_thread)] [_log] - 127.0.0.1 - - [06/May/2025 11:52:17] "GET / HTTP/1.1" 200 -
2025-05-06 11:52:24,884 - INFO - [Thread-18 (process_request_thread)] [initiate_upload] - Request initiate upload.
2025-05-06 11:52:24,923 - INFO - [Thread-18 (process_request_thread)] [initiate_upload] - [30d927da-5714-4ca4-acff-9aed8a6962c9] Authenticated upload initiated by user: Email='ty@gmail.com', Username='tyyy'
2025-05-06 11:52:24,923 - INFO - [Thread-18 (process_request_thread)] [initiate_upload] - [30d927da-5714-4ca4-acff-9aed8a6962c9] Temp storage path: uploads_temp\30d927da-5714-4ca4-acff-9aed8a6962c9_auth.txt
2025-05-06 11:52:24,924 - INFO - [Thread-18 (process_request_thread)] [initiate_upload] - [30d927da-5714-4ca4-acff-9aed8a6962c9] Temp file saved: 'auth.txt'.
2025-05-06 11:52:24,925 - INFO - [Thread-18 (process_request_thread)] [_log] - 127.0.0.1 - - [06/May/2025 11:52:24] "POST /initiate-upload HTTP/1.1" 200 -
2025-05-06 11:52:25,128 - INFO - [Thread-19 (process_request_thread)] [stream_progress] - SSE connect request for upload_id: 30d927da-5714-4ca4-acff-9aed8a6962c9
2025-05-06 11:52:25,129 - INFO - [Thread-19 (process_request_thread)] [process_upload_and_generate_updates] - [30d927da-5714-4ca4-acff-9aed8a6962c9] Starting processing generator...
2025-05-06 11:52:25,129 - INFO - [Thread-19 (process_request_thread)] [process_upload_and_generate_updates] - [30d927da-5714-4ca4-acff-9aed8a6962c9] Processing: User='tyyy', File='auth.txt'
2025-05-06 11:52:25,130 - INFO - [Thread-19 (process_request_thread)] [process_upload_and_generate_updates] - [30d927da-5714-4ca4-acff-9aed8a6962c9] Initialized Upload Executor (max=5)
2025-05-06 11:52:25,130 - INFO - [Thread-19 (process_request_thread)] [_log] - 127.0.0.1 - - [06/May/2025 11:52:25] "GET /stream-progress/30d927da-5714-4ca4-acff-9aed8a6962c9 HTTP/1.1" 200 -
2025-05-06 11:52:25,131 - INFO - [Thread-19 (process_request_thread)] [process_upload_and_generate_updates] - [30d927da-5714-4ca4-acff-9aed8a6962c9] Access ID: 68d4e1f7f1
2025-05-06 11:52:25,131 - INFO - [Thread-19 (process_request_thread)] [process_upload_and_generate_updates] - [30d927da-5714-4ca4-acff-9aed8a6962c9] Single file workflow.
2025-05-06 11:52:25,144 - INFO - [Thread-19 (process_request_thread)] [process_upload_and_generate_updates] - [30d927da-5714-4ca4-acff-9aed8a6962c9] Compressed size: 172
2025-05-06 11:52:25,145 - INFO - [Upload_30d9_0] [_send_single_file_task] - [30d927da-5714-4ca4-acff-9aed8a6962c9] T> Sending 'auth.zip' (172b) to -4603853425
2025-05-06 11:52:25,146 - INFO - [Upload_30d9_0] [send_file_to_telegram] - [ChatID -4603853425, File 'auth.zip'] Attempting send.
2025-05-06 11:52:25,146 - INFO - [Upload_30d9_1] [_send_single_file_task] - [30d927da-5714-4ca4-acff-9aed8a6962c9] T> Sending 'auth.zip' (172b) to -1002614397019
2025-05-06 11:52:25,147 - INFO - [Upload_30d9_2] [_send_single_file_task] - [30d927da-5714-4ca4-acff-9aed8a6962c9] T> Sending 'auth.zip' (172b) to -4641852757
2025-05-06 11:52:25,148 - INFO - [Thread-19 (process_request_thread)] [process_upload_and_generate_updates] - [30d927da-5714-4ca4-acff-9aed8a6962c9] Submitted 3 single-file tasks.
2025-05-06 11:52:25,148 - INFO - [Upload_30d9_1] [send_file_to_telegram] - [ChatID -1002614397019, File 'auth.zip'] Attempting send.
2025-05-06 11:52:25,149 - INFO - [Upload_30d9_2] [send_file_to_telegram] - [ChatID -4641852757, File 'auth.zip'] Attempting send.
2025-05-06 11:52:25,149 - INFO - [Thread-19 (process_request_thread)] [process_upload_and_generate_updates] - [30d927da-5714-4ca4-acff-9aed8a6962c9] Wait primary (-4603853425)...
2025-05-06 11:52:25,673 - INFO - [Upload_30d9_2] [send_file_to_telegram] - [ChatID -4641852757, File 'auth.zip'] API success (Attempt 1).
2025-05-06 11:52:25,674 - INFO - [Upload_30d9_2] [_send_single_file_task] - [30d927da-5714-4ca4-acff-9aed8a6962c9] T> Sent 'auth.zip' to -4641852757. Success: True
2025-05-06 11:52:25,838 - INFO - [Upload_30d9_1] [send_file_to_telegram] - [ChatID -1002614397019, File 'auth.zip'] API success (Attempt 1).
2025-05-06 11:52:25,841 - INFO - [Upload_30d9_1] [_send_single_file_task] - [30d927da-5714-4ca4-acff-9aed8a6962c9] T> Sent 'auth.zip' to -1002614397019. Success: True
2025-05-06 11:52:25,846 - INFO - [Upload_30d9_0] [send_file_to_telegram] - [ChatID -4603853425, File 'auth.zip'] API success (Attempt 1).
2025-05-06 11:52:25,847 - INFO - [Upload_30d9_0] [_send_single_file_task] - [30d927da-5714-4ca4-acff-9aed8a6962c9] T> Sent 'auth.zip' to -4603853425. Success: True
2025-05-06 11:52:25,849 - INFO - [Thread-19 (process_request_thread)] [process_upload_and_generate_updates] - [30d927da-5714-4ca4-acff-9aed8a6962c9] Primary done. OK:True
2025-05-06 11:52:25,850 - INFO - [Thread-19 (process_request_thread)] [process_upload_and_generate_updates] - [30d927da-5714-4ca4-acff-9aed8a6962c9] Wait backups...
2025-05-06 11:52:25,851 - INFO - [Thread-19 (process_request_thread)] [process_upload_and_generate_updates] - [30d927da-5714-4ca4-acff-9aed8a6962c9] Single sends done in 0.71s.
2025-05-06 11:52:25,852 - INFO - [Thread-19 (process_request_thread)] [process_upload_and_generate_updates] - [30d927da-5714-4ca4-acff-9aed8a6962c9] Success: 3/3
2025-05-06 11:52:25,853 - INFO - [Thread-19 (process_request_thread)] [process_upload_and_generate_updates] - [30d927da-5714-4ca4-acff-9aed8a6962c9] Attempting to save metadata to DB...
2025-05-06 11:52:25,896 - INFO - [Thread-19 (process_request_thread)] [save_file_metadata] - Successfully inserted metadata for access_id: 68d4e1f7f1
2025-05-06 11:52:25,897 - INFO - [Thread-19 (process_request_thread)] [process_upload_and_generate_updates] - [30d927da-5714-4ca4-acff-9aed8a6962c9] Metadata successfully saved to DB. Msg: Metadata inserted (ID: 6819aaa11969d4a304aed1e6).
2025-05-06 11:52:25,898 - INFO - [Thread-19 (process_request_thread)] [process_upload_and_generate_updates] - [30d927da-5714-4ca4-acff-9aed8a6962c9] Upload generator cleanup.
2025-05-06 11:52:25,898 - INFO - [Thread-19 (process_request_thread)] [process_upload_and_generate_updates] - [30d927da-5714-4ca4-acff-9aed8a6962c9] Upload executor shutdown.
2025-05-06 11:52:25,899 - INFO - [Thread-19 (process_request_thread)] [_safe_remove_file] - [30d927da-5714-4ca4-acff-9aed8a6962c9] Cleaned up original temp: uploads_temp\30d927da-5714-4ca4-acff-9aed8a6962c9_auth.txt
2025-05-06 11:52:25,900 - INFO - [Thread-19 (process_request_thread)] [process_upload_and_generate_updates] - [30d927da-5714-4ca4-acff-9aed8a6962c9] Upload generator finished. Status: completed
