2025-05-06 12:45:32,200 - INFO - [MainThread] [<module>] - ============================================================
2025-05-06 12:45:32,200 - INFO - [MainThread] [<module>] - Logging configured. Level: INFO. Log file: Selenium-Logs\app_20250506_124532.log
2025-05-06 12:45:32,200 - INFO - [MainThread] [<module>] - Primary Chat ID: -4603853425
2025-05-06 12:45:32,200 - INFO - [MainThread] [<module>] - All Target Chat IDs: ['-4603853425', '-1002614397019', '-4641852757']
2025-05-06 12:45:32,200 - INFO - [MainThread] [<module>] - Chunk Size: 20.0 MB (20971520 bytes)
2025-05-06 12:45:32,200 - INFO - [MainThread] [<module>] - API Timeouts (Connect/Read): 10s / 60s
2025-05-06 12:45:32,200 - INFO - [MainThread] [<module>] - API Retries: 3 attempts, 2s delay
2025-05-06 12:45:32,200 - INFO - [MainThread] [<module>] - Max Upload Workers: 5
2025-05-06 12:45:32,200 - INFO - [MainThread] [<module>] - Max Download Workers: 12
2025-05-06 12:45:32,200 - INFO - [MainThread] [<module>] - ============================================================
2025-05-06 12:45:32,200 - INFO - [MainThread] [<module>] - Configuration loaded successfully.
2025-05-06 12:45:32,240 - WARNING - [MainThread] [<module>] - FLASK_SECRET_KEY is using the default insecure value. SET IT IN YOUR ENVIRONMENT!
2025-05-06 12:45:32,240 - WARNING - [MainThread] [<module>] - JWT_SECRET_KEY is using the default insecure value. SET IT IN YOUR ENVIRONMENT!
2025-05-06 12:45:32,240 - INFO - [MainThread] [<module>] - Custom Jinja filter 'format_bytes' registered.
2025-05-06 12:45:32,240 - ERROR - [MainThread] [<module>] - FRONTEND_URL environment variable is NOT SET. CORS will likely fail for your frontend.
2025-05-06 12:45:32,240 - WARNING - [MainThread] [<module>] - Flask-CORS initialized with NO ALLOWED ORIGINS due to missing FRONTEND_URL.
2025-05-06 12:45:32,245 - INFO - [MainThread] [<module>] - Flask-JWT-Extended initialized.
2025-05-06 12:45:32,245 - INFO - [MainThread] [<module>] - Flask-Login initialized.
2025-05-06 12:45:32,246 - INFO - [MainThread] [<module>] - Global state variables initialized (upload_progress_data, download_prep_data).
2025-05-06 12:45:32,440 - INFO - [MainThread] [<module>] - Database module initialized.
2025-05-06 12:45:32,963 - INFO - [MainThread] [<module>] - Initialized requests.Session for Telegram API calls.
2025-05-06 12:45:32,970 - INFO - [MainThread] [<module>] - Telegram API functions defined with Session and Retries.
2025-05-06 12:45:32,974 - INFO - [MainThread] [<module>] - Flask routes defined using configurable workers and linter fixes.
2025-05-06 12:45:32,974 - INFO - [MainThread] [<module>] - Starting Flask development server (for local use only)...
2025-05-06 12:45:32,978 - INFO - [MainThread] [<module>] - .env file loaded for local development.
2025-05-06 12:45:32,978 - INFO - [MainThread] [<module>] - Local dev: Flask-CORS allowing origins (potentially from .env): http://localhost:4200
2025-05-06 12:45:33,010 - INFO - [MainThread] [_log] - [31m[1mWARNING: This is a development server. Do not use it in a production deployment. Use a production WSGI server instead.[0m
 * Running on all addresses (0.0.0.0)
 * Running on http://127.0.0.1:5000
 * Running on http://192.168.1.22:5000
2025-05-06 12:45:33,010 - INFO - [MainThread] [_log] - [33mPress CTRL+C to quit[0m
