2025-05-05 15:41:08,075 - INFO - [MainThread] [<module>] - ============================================================
2025-05-05 15:41:08,075 - INFO - [MainThread] [<module>] - Logging configured. Level: INFO. Log file: Selenium-Logs\app_20250505_154108.log
2025-05-05 15:41:08,075 - INFO - [MainThread] [<module>] - Primary Chat ID: -4603853425
2025-05-05 15:41:08,076 - INFO - [MainThread] [<module>] - All Target Chat IDs: ['-4603853425', '-1002614397019', '-4641852757']
2025-05-05 15:41:08,076 - INFO - [MainThread] [<module>] - Chunk Size: 20.0 MB (20971520 bytes)
2025-05-05 15:41:08,076 - INFO - [MainThread] [<module>] - API Timeouts (Connect/Read): 10s / 60s
2025-05-05 15:41:08,076 - INFO - [MainThread] [<module>] - API Retries: 3 attempts, 2s delay
2025-05-05 15:41:08,077 - INFO - [MainThread] [<module>] - Max Upload Workers: 5
2025-05-05 15:41:08,078 - INFO - [MainThread] [<module>] - Max Download Workers: 12
2025-05-05 15:41:08,078 - INFO - [MainThread] [<module>] - ============================================================
2025-05-05 15:41:08,078 - INFO - [MainThread] [<module>] - Configuration loaded successfully.
2025-05-05 15:41:08,087 - INFO - [MainThread] [<module>] - Custom Jinja filter 'format_bytes' registered.
2025-05-05 15:41:08,087 - INFO - [MainThread] [<module>] - Flask-CORS initialized. Allowing origins: *
2025-05-05 15:41:08,088 - INFO - [MainThread] [<module>] - Flask application initialized.
2025-05-05 15:41:08,088 - INFO - [MainThread] [<module>] - Flask-Login initialized.
2025-05-05 15:41:08,088 - INFO - [MainThread] [<module>] - Global state variables initialized (upload_progress_data, download_prep_data).
2025-05-05 15:41:08,091 - INFO - [MainThread] [<module>] - Custom Jinja filter 'format_bytes' registered.
2025-05-05 15:41:08,092 - INFO - [MainThread] [<module>] - Flask-CORS initialized. Allowing origins: *
2025-05-05 15:41:08,092 - INFO - [MainThread] [<module>] - Flask application initialized.
2025-05-05 15:41:08,092 - INFO - [MainThread] [<module>] - Flask-Login initialized.
2025-05-05 15:41:08,093 - INFO - [MainThread] [<module>] - Global state variables initialized (upload_progress_data, download_prep_data).
2025-05-05 15:41:08,259 - INFO - [MainThread] [<module>] - Database module initialized.
2025-05-05 15:41:08,725 - INFO - [MainThread] [<module>] - Initialized requests.Session for Telegram API calls.
2025-05-05 15:41:08,725 - INFO - [MainThread] [<module>] - Telegram API functions defined with Session and Retries.
2025-05-05 15:41:08,741 - INFO - [MainThread] [<module>] - Flask routes defined using configurable workers and linter fixes.
2025-05-05 15:41:08,743 - INFO - [MainThread] [<module>] - Starting Flask development server...
2025-05-05 15:41:08,752 - WARNING - [MainThread] [_log] -  * Debugger is active!
2025-05-05 15:41:08,757 - INFO - [MainThread] [_log] -  * Debugger PIN: 107-410-311
2025-05-05 15:41:17,122 - INFO - [Thread-2 (process_request_thread)] [show_register_page] - Serving registration page.
2025-05-05 15:41:17,122 - INFO - [Thread-2 (process_request_thread)] [_connect_to_db] - Attempting to connect to MongoDB Atlas host: telegrambot.6armfs2.mongodb.net...
2025-05-05 15:41:17,876 - INFO - [Thread-3 (process_request_thread)] [show_register_page] - Serving registration page.
2025-05-05 15:41:17,876 - INFO - [Thread-3 (process_request_thread)] [_connect_to_db] - Attempting to connect to MongoDB Atlas host: telegrambot.6armfs2.mongodb.net...
2025-05-05 15:41:17,926 - INFO - [Thread-2 (process_request_thread)] [_connect_to_db] - ✅ Successfully connected and pinged MongoDB Atlas!
2025-05-05 15:41:17,926 - INFO - [Thread-2 (process_request_thread)] [get_db] - Accessed database: Telegrambot
2025-05-05 15:41:17,926 - INFO - [Thread-2 (process_request_thread)] [get_userinfo_collection] - Accessed collection: userinfo
2025-05-05 15:41:17,953 - INFO - [Thread-2 (process_request_thread)] [_log] - 127.0.0.1 - - [05/May/2025 15:41:17] "GET /register HTTP/1.1" 200 -
2025-05-05 15:41:18,260 - INFO - [Thread-3 (process_request_thread)] [_connect_to_db] - ✅ Successfully connected and pinged MongoDB Atlas!
2025-05-05 15:41:18,260 - INFO - [Thread-3 (process_request_thread)] [get_db] - Accessed database: Telegrambot
2025-05-05 15:41:18,260 - INFO - [Thread-3 (process_request_thread)] [get_userinfo_collection] - Accessed collection: userinfo
2025-05-05 15:41:18,308 - INFO - [Thread-3 (process_request_thread)] [_log] - 127.0.0.1 - - [05/May/2025 15:41:18] "GET /register HTTP/1.1" 200 -
2025-05-05 15:41:35,455 - INFO - [Thread-5 (process_request_thread)] [_log] - 127.0.0.1 - - [05/May/2025 15:41:35] "OPTIONS /register HTTP/1.1" 200 -
2025-05-05 15:42:37,788 - INFO - [Thread-7 (process_request_thread)] [_log] - 127.0.0.1 - - [05/May/2025 15:42:37] "OPTIONS /register HTTP/1.1" 200 -
2025-05-05 15:43:57,036 - INFO - [Thread-9 (process_request_thread)] [show_register_page] - Serving registration page.
2025-05-05 15:43:57,036 - INFO - [Thread-9 (process_request_thread)] [_log] - 127.0.0.1 - - [05/May/2025 15:43:57] "GET /register HTTP/1.1" 200 -
2025-05-05 15:43:57,100 - INFO - [Thread-10 (process_request_thread)] [_log] - 127.0.0.1 - - [05/May/2025 15:43:57] "[33mGET /favicon.ico HTTP/1.1[0m" 404 -
2025-05-05 15:44:21,524 - INFO - [Thread-11 (process_request_thread)] [register_user] - Received POST request for /register
2025-05-05 15:44:21,524 - INFO - [Thread-11 (process_request_thread)] [register_user] - Received registration data: {'username': 'mitali', 'email': 'mbo@gmail.com', 'password': 'mbo12', 'confirmPassword': 'mbo12', 'agreeTerms': True, 'understandPrivacy': True}
2025-05-05 15:44:21,559 - INFO - [Thread-11 (process_request_thread)] [find_user_by_username] - No user record found for username: mitali
2025-05-05 15:44:21,590 - INFO - [Thread-11 (process_request_thread)] [find_user_by_email] - No user record found for email: mbo@gmail.com
2025-05-05 15:44:22,118 - INFO - [Thread-11 (process_request_thread)] [save_user] - Successfully inserted new user with ID: 68188f7ee0fa5a659298e55d
2025-05-05 15:44:22,118 - INFO - [Thread-11 (process_request_thread)] [register_user] - User 'mitali' registered successfully.
2025-05-05 15:44:22,118 - INFO - [Thread-11 (process_request_thread)] [_log] - 127.0.0.1 - - [05/May/2025 15:44:22] "[35m[1mPOST /register HTTP/1.1[0m" 201 -
2025-05-05 15:44:39,484 - INFO - [Thread-12 (process_request_thread)] [_log] - 127.0.0.1 - - [05/May/2025 15:44:39] "GET /login HTTP/1.1" 200 -
2025-05-05 15:44:47,336 - INFO - [Thread-13 (process_request_thread)] [login] - Login attempt for email: mbo@gmail.com
2025-05-05 15:44:47,369 - INFO - [Thread-13 (process_request_thread)] [find_user_by_email] - Found user record for email: mbo@gmail.com
2025-05-05 15:44:47,941 - INFO - [Thread-13 (process_request_thread)] [login] - User 'mitali' (mbo@gmail.com) logged in successfully.
2025-05-05 15:44:47,942 - INFO - [Thread-13 (process_request_thread)] [_log] - 127.0.0.1 - - [05/May/2025 15:44:47] "[32mPOST /login HTTP/1.1[0m" 302 -
2025-05-05 15:44:47,947 - INFO - [Thread-14 (process_request_thread)] [index] - Serving index page.
2025-05-05 15:44:47,986 - INFO - [Thread-14 (process_request_thread)] [_log] - 127.0.0.1 - - [05/May/2025 15:44:47] "GET / HTTP/1.1" 200 -
2025-05-05 15:45:10,414 - INFO - [Thread-15 (process_request_thread)] [initiate_upload] - Request initiate upload.
2025-05-05 15:45:10,458 - INFO - [Thread-15 (process_request_thread)] [initiate_upload] - Upload initiated by user: mbo@gmail.com
2025-05-05 15:45:10,458 - INFO - [Thread-15 (process_request_thread)] [initiate_upload] - [c8e4d511-36ab-4ff1-8fe9-db64b9fd053b] Temp storage: uploads_temp\c8e4d511-36ab-4ff1-8fe9-db64b9fd053b_prompt.txt
2025-05-05 15:45:10,458 - INFO - [Thread-15 (process_request_thread)] [initiate_upload] - [c8e4d511-36ab-4ff1-8fe9-db64b9fd053b] Temp saved: 'prompt.txt'.
2025-05-05 15:45:10,458 - INFO - [Thread-15 (process_request_thread)] [_log] - 127.0.0.1 - - [05/May/2025 15:45:10] "POST /initiate-upload HTTP/1.1" 200 -
2025-05-05 15:45:10,658 - INFO - [Thread-16 (process_request_thread)] [stream_progress] - SSE connect request for upload_id: c8e4d511-36ab-4ff1-8fe9-db64b9fd053b
2025-05-05 15:45:10,658 - INFO - [Thread-16 (process_request_thread)] [process_upload_and_generate_updates] - [c8e4d511-36ab-4ff1-8fe9-db64b9fd053b] Starting processing generator...
2025-05-05 15:45:10,658 - INFO - [Thread-16 (process_request_thread)] [process_upload_and_generate_updates] - [c8e4d511-36ab-4ff1-8fe9-db64b9fd053b] Processing: User='mitali', File='prompt.txt'
2025-05-05 15:45:10,658 - INFO - [Thread-16 (process_request_thread)] [process_upload_and_generate_updates] - [c8e4d511-36ab-4ff1-8fe9-db64b9fd053b] Initialized Upload Executor (max=5)
2025-05-05 15:45:10,658 - INFO - [Thread-16 (process_request_thread)] [_log] - 127.0.0.1 - - [05/May/2025 15:45:10] "GET /stream-progress/c8e4d511-36ab-4ff1-8fe9-db64b9fd053b HTTP/1.1" 200 -
2025-05-05 15:45:10,658 - INFO - [Thread-16 (process_request_thread)] [process_upload_and_generate_updates] - [c8e4d511-36ab-4ff1-8fe9-db64b9fd053b] Access ID: 75e30fd32f
2025-05-05 15:45:10,658 - INFO - [Thread-16 (process_request_thread)] [process_upload_and_generate_updates] - [c8e4d511-36ab-4ff1-8fe9-db64b9fd053b] Single file workflow.
2025-05-05 15:45:10,685 - INFO - [Thread-16 (process_request_thread)] [process_upload_and_generate_updates] - [c8e4d511-36ab-4ff1-8fe9-db64b9fd053b] Compressed size: 3517
2025-05-05 15:45:10,687 - INFO - [Upload_c8e4_0] [_send_single_file_task] - [c8e4d511-36ab-4ff1-8fe9-db64b9fd053b] T> Sending 'prompt.zip' (3517b) to -4603853425
2025-05-05 15:45:10,687 - INFO - [Upload_c8e4_1] [_send_single_file_task] - [c8e4d511-36ab-4ff1-8fe9-db64b9fd053b] T> Sending 'prompt.zip' (3517b) to -1002614397019
2025-05-05 15:45:10,688 - INFO - [Upload_c8e4_0] [send_file_to_telegram] - [ChatID -4603853425, File 'prompt.zip'] Attempting send.
2025-05-05 15:45:10,688 - INFO - [Thread-16 (process_request_thread)] [process_upload_and_generate_updates] - [c8e4d511-36ab-4ff1-8fe9-db64b9fd053b] Submitted 3 single-file tasks.
2025-05-05 15:45:10,688 - INFO - [Upload_c8e4_2] [_send_single_file_task] - [c8e4d511-36ab-4ff1-8fe9-db64b9fd053b] T> Sending 'prompt.zip' (3517b) to -4641852757
2025-05-05 15:45:10,688 - INFO - [Upload_c8e4_1] [send_file_to_telegram] - [ChatID -1002614397019, File 'prompt.zip'] Attempting send.
2025-05-05 15:45:10,690 - INFO - [Thread-16 (process_request_thread)] [process_upload_and_generate_updates] - [c8e4d511-36ab-4ff1-8fe9-db64b9fd053b] Wait primary (-4603853425)...
2025-05-05 15:45:10,690 - INFO - [Upload_c8e4_2] [send_file_to_telegram] - [ChatID -4641852757, File 'prompt.zip'] Attempting send.
2025-05-05 15:45:11,705 - INFO - [Upload_c8e4_0] [send_file_to_telegram] - [ChatID -4603853425, File 'prompt.zip'] API success (Attempt 1).
2025-05-05 15:45:11,705 - INFO - [Upload_c8e4_2] [send_file_to_telegram] - [ChatID -4641852757, File 'prompt.zip'] API success (Attempt 1).
2025-05-05 15:45:11,705 - INFO - [Upload_c8e4_0] [_send_single_file_task] - [c8e4d511-36ab-4ff1-8fe9-db64b9fd053b] T> Sent 'prompt.zip' to -4603853425. Success: True
2025-05-05 15:45:11,705 - INFO - [Upload_c8e4_2] [_send_single_file_task] - [c8e4d511-36ab-4ff1-8fe9-db64b9fd053b] T> Sent 'prompt.zip' to -4641852757. Success: True
2025-05-05 15:45:11,705 - INFO - [Thread-16 (process_request_thread)] [process_upload_and_generate_updates] - [c8e4d511-36ab-4ff1-8fe9-db64b9fd053b] Primary done. OK:True
2025-05-05 15:45:11,705 - INFO - [Thread-16 (process_request_thread)] [process_upload_and_generate_updates] - [c8e4d511-36ab-4ff1-8fe9-db64b9fd053b] Wait backups...
2025-05-05 15:45:11,771 - INFO - [Upload_c8e4_1] [send_file_to_telegram] - [ChatID -1002614397019, File 'prompt.zip'] API success (Attempt 1).
2025-05-05 15:45:11,772 - INFO - [Upload_c8e4_1] [_send_single_file_task] - [c8e4d511-36ab-4ff1-8fe9-db64b9fd053b] T> Sent 'prompt.zip' to -1002614397019. Success: True
2025-05-05 15:45:11,772 - INFO - [Thread-16 (process_request_thread)] [process_upload_and_generate_updates] - [c8e4d511-36ab-4ff1-8fe9-db64b9fd053b] Single sends done in 1.09s.
2025-05-05 15:45:11,773 - INFO - [Thread-16 (process_request_thread)] [process_upload_and_generate_updates] - [c8e4d511-36ab-4ff1-8fe9-db64b9fd053b] Success: 3/3
2025-05-05 15:45:11,773 - INFO - [Thread-16 (process_request_thread)] [process_upload_and_generate_updates] - [c8e4d511-36ab-4ff1-8fe9-db64b9fd053b] Attempting to save metadata to DB...
2025-05-05 15:45:11,774 - INFO - [Thread-16 (process_request_thread)] [get_metadata_collection] - Accessed collection: user_files
2025-05-05 15:45:11,810 - INFO - [Thread-16 (process_request_thread)] [save_file_metadata] - Successfully inserted metadata for access_id: 75e30fd32f
2025-05-05 15:45:11,810 - INFO - [Thread-16 (process_request_thread)] [process_upload_and_generate_updates] - [c8e4d511-36ab-4ff1-8fe9-db64b9fd053b] Metadata successfully saved to DB. Msg: Metadata inserted (ID: 68188fb01969d4a304aed150).
2025-05-05 15:45:11,812 - INFO - [Thread-16 (process_request_thread)] [process_upload_and_generate_updates] - [c8e4d511-36ab-4ff1-8fe9-db64b9fd053b] Upload generator cleanup.
2025-05-05 15:45:11,813 - INFO - [Thread-16 (process_request_thread)] [process_upload_and_generate_updates] - [c8e4d511-36ab-4ff1-8fe9-db64b9fd053b] Upload executor shutdown.
2025-05-05 15:45:11,814 - INFO - [Thread-16 (process_request_thread)] [_safe_remove_file] - [c8e4d511-36ab-4ff1-8fe9-db64b9fd053b] Cleaned up original temp: uploads_temp\c8e4d511-36ab-4ff1-8fe9-db64b9fd053b_prompt.txt
2025-05-05 15:45:11,815 - INFO - [Thread-16 (process_request_thread)] [process_upload_and_generate_updates] - [c8e4d511-36ab-4ff1-8fe9-db64b9fd053b] Upload generator finished. Status: completed
2025-05-05 15:45:20,329 - INFO - [Thread-17 (process_request_thread)] [list_user_files] - List files request for: 'mitali'
2025-05-05 15:45:20,329 - INFO - [Thread-17 (process_request_thread)] [list_user_files] - Fetching files for user 'mitali' from DB...
2025-05-05 15:45:20,363 - INFO - [Thread-17 (process_request_thread)] [find_metadata_by_username] - Found 1 metadata records for username: mitali
2025-05-05 15:45:20,363 - INFO - [Thread-17 (process_request_thread)] [list_user_files] - Found 1 records for 'mitali'.
2025-05-05 15:45:20,364 - INFO - [Thread-17 (process_request_thread)] [_log] - 127.0.0.1 - - [05/May/2025 15:45:20] "GET /files/mitali HTTP/1.1" 200 -
2025-05-05 15:45:21,963 - INFO - [Thread-18 (process_request_thread)] [prepare_download_stream] - [ec7da179-3e99-4e38-83b5-31f81caf1e40] SSE download prep request: User='mitali', File='prompt.txt'
2025-05-05 15:45:21,963 - INFO - [Thread-18 (process_request_thread)] [_prepare_download_and_generate_updates] - [ec7da179-3e99-4e38-83b5-31f81caf1e40] Download prep generator started.
2025-05-05 15:45:21,963 - INFO - [Thread-18 (process_request_thread)] [_log] - 127.0.0.1 - - [05/May/2025 15:45:21] "GET /prepare-download/mitali/prompt.txt HTTP/1.1" 200 -
2025-05-05 15:45:22,098 - INFO - [Thread-18 (process_request_thread)] [find_metadata_by_username] - Found 1 metadata records for username: mitali
2025-05-05 15:45:22,098 - INFO - [Thread-18 (process_request_thread)] [_prepare_download_and_generate_updates] - [ec7da179-3e99-4e38-83b5-31f81caf1e40] Successfully found metadata for download preparation.
2025-05-05 15:45:22,098 - INFO - [Thread-18 (process_request_thread)] [_prepare_download_and_generate_updates] - [ec7da179-3e99-4e38-83b5-31f81caf1e40] Meta: 'prompt.txt', User:mitali, Size:7386, Split:False, Comp:True
2025-05-05 15:45:22,305 - INFO - [Thread-18 (process_request_thread)] [_prepare_download_and_generate_updates] - [ec7da179-3e99-4e38-83b5-31f81caf1e40] Preparing non-split file.
2025-05-05 15:45:22,305 - WARNING - [Thread-18 (process_request_thread)] [_prepare_download_and_generate_updates] - [ec7da179-3e99-4e38-83b5-31f81caf1e40] Comp size missing single.
2025-05-05 15:45:22,307 - INFO - [Thread-18 (process_request_thread)] [download_telegram_file_content] - [FileID BQACAgUAAxkDAAIGtmgYj7CkOOaoBITVzGoSGQTbcjwAAx4UAAJETcFU2loF567zuj42BA] Attempting download.
2025-05-05 15:45:22,782 - INFO - [Thread-18 (process_request_thread)] [download_telegram_file_content] - [FileID BQACAgUAAxkDAAIGtmgYj7CkOOaoBITVzGoSGQTbcjwAAx4UAAJETcFU2loF567zuj42BA] Got DL URL (Attempt 1): https://api.telegram.org/file/bot7812479394:AAFrzOcHGKfc-1iOUbVEkptJkooaJrXHAxs/documents/file_650.zip
2025-05-05 15:45:22,782 - INFO - [Thread-18 (process_request_thread)] [download_telegram_file_content] - [FileID BQACAgUAAxkDAAIGtmgYj7CkOOaoBITVzGoSGQTbcjwAAx4UAAJETcFU2loF567zuj42BA] Attempting content download from URL.
2025-05-05 15:45:22,931 - INFO - [Thread-18 (process_request_thread)] [download_telegram_file_content] - [FileID BQACAgUAAxkDAAIGtmgYj7CkOOaoBITVzGoSGQTbcjwAAx4UAAJETcFU2loF567zuj42BA] Downloaded 3517 bytes (Attempt 1).
2025-05-05 15:45:22,931 - INFO - [Thread-18 (process_request_thread)] [_prepare_download_and_generate_updates] - [ec7da179-3e99-4e38-83b5-31f81caf1e40] TG dl (3517 bytes) in 0.62s. Avg Speed: 0.01 MB/s
2025-05-05 15:45:22,943 - INFO - [Thread-18 (process_request_thread)] [_prepare_download_and_generate_updates] - [ec7da179-3e99-4e38-83b5-31f81caf1e40] Final file ready: 'E:\Telegram_tool\Telegram_Bot_Tool\uploads_temp\dl_final_ec7da179-3e99-4e38-83b5-31f81caf1e40_hxts47y7', Size: 7386.
2025-05-05 15:45:23,046 - INFO - [Thread-18 (process_request_thread)] [_prepare_download_and_generate_updates] - [ec7da179-3e99-4e38-83b5-31f81caf1e40] Prep complete. Sent 'ready'.
2025-05-05 15:45:23,048 - INFO - [Thread-18 (process_request_thread)] [_prepare_download_and_generate_updates] - [ec7da179-3e99-4e38-83b5-31f81caf1e40] Download prep generator cleanup.
2025-05-05 15:45:23,050 - INFO - [Thread-18 (process_request_thread)] [_prepare_download_and_generate_updates] - [ec7da179-3e99-4e38-83b5-31f81caf1e40] Download prep generator task ended.
2025-05-05 15:45:23,055 - INFO - [Thread-19 (process_request_thread)] [serve_temp_file] - Request serve temp file ID: ec7da179-3e99-4e38-83b5-31f81caf1e40, Filename: prompt.txt
2025-05-05 15:45:23,056 - INFO - [Thread-19 (process_request_thread)] [serve_temp_file] - [ec7da179-3e99-4e38-83b5-31f81caf1e40] Preparing streaming response for 'prompt.txt'.
2025-05-05 15:45:23,057 - INFO - [Thread-19 (process_request_thread)] [generate_stream] - [ec7da179-3e99-4e38-83b5-31f81caf1e40] Scheduled cleanup in 120s for path: E:\Telegram_tool\Telegram_Bot_Tool\uploads_temp\dl_final_ec7da179-3e99-4e38-83b5-31f81caf1e40_hxts47y7
2025-05-05 15:45:23,059 - INFO - [Thread-19 (process_request_thread)] [_log] - 127.0.0.1 - - [05/May/2025 15:45:23] "GET /serve-temp-file/ec7da179-3e99-4e38-83b5-31f81caf1e40/prompt.txt HTTP/1.1" 200 -
2025-05-05 15:45:23,060 - INFO - [Thread-19 (process_request_thread)] [generate_stream] - [ec7da179-3e99-4e38-83b5-31f81caf1e40] Finished streaming file.
2025-05-05 15:45:33,924 - INFO - [Thread-21 (process_request_thread)] [index] - Serving index page.
2025-05-05 15:45:33,958 - INFO - [Thread-21 (process_request_thread)] [_log] - 127.0.0.1 - - [05/May/2025 15:45:33] "GET / HTTP/1.1" 200 -
2025-05-05 15:45:41,324 - INFO - [Thread-22 (process_request_thread)] [index] - Serving index page.
2025-05-05 15:45:41,358 - INFO - [Thread-22 (process_request_thread)] [_log] - 127.0.0.1 - - [05/May/2025 15:45:41] "GET / HTTP/1.1" 200 -
2025-05-05 15:45:46,084 - INFO - [Thread-23 (process_request_thread)] [initiate_upload] - Request initiate upload.
2025-05-05 15:45:46,120 - INFO - [Thread-23 (process_request_thread)] [initiate_upload] - Upload initiated by user: mbo@gmail.com
2025-05-05 15:45:46,121 - INFO - [Thread-23 (process_request_thread)] [initiate_upload] - [8ac9aacb-2c6c-45e5-a330-2f4246734a34] Temp storage: uploads_temp\8ac9aacb-2c6c-45e5-a330-2f4246734a34_DarkCodeX_quoted_reply_list.txt
2025-05-05 15:45:46,122 - INFO - [Thread-23 (process_request_thread)] [initiate_upload] - [8ac9aacb-2c6c-45e5-a330-2f4246734a34] Temp saved: 'DarkCodeX_quoted_reply_list.txt'.
2025-05-05 15:45:46,122 - INFO - [Thread-23 (process_request_thread)] [_log] - 127.0.0.1 - - [05/May/2025 15:45:46] "POST /initiate-upload HTTP/1.1" 200 -
2025-05-05 15:45:46,428 - INFO - [Thread-24 (process_request_thread)] [stream_progress] - SSE connect request for upload_id: 8ac9aacb-2c6c-45e5-a330-2f4246734a34
2025-05-05 15:45:46,428 - INFO - [Thread-24 (process_request_thread)] [process_upload_and_generate_updates] - [8ac9aacb-2c6c-45e5-a330-2f4246734a34] Starting processing generator...
2025-05-05 15:45:46,428 - INFO - [Thread-24 (process_request_thread)] [process_upload_and_generate_updates] - [8ac9aacb-2c6c-45e5-a330-2f4246734a34] Processing: User='mitali', File='DarkCodeX_quoted_reply_list.txt'
2025-05-05 15:45:46,428 - INFO - [Thread-24 (process_request_thread)] [process_upload_and_generate_updates] - [8ac9aacb-2c6c-45e5-a330-2f4246734a34] Initialized Upload Executor (max=5)
2025-05-05 15:45:46,428 - INFO - [Thread-24 (process_request_thread)] [_log] - 127.0.0.1 - - [05/May/2025 15:45:46] "GET /stream-progress/8ac9aacb-2c6c-45e5-a330-2f4246734a34 HTTP/1.1" 200 -
2025-05-05 15:45:46,428 - INFO - [Thread-24 (process_request_thread)] [process_upload_and_generate_updates] - [8ac9aacb-2c6c-45e5-a330-2f4246734a34] Access ID: b9dfe5b9e3
2025-05-05 15:45:46,428 - INFO - [Thread-24 (process_request_thread)] [process_upload_and_generate_updates] - [8ac9aacb-2c6c-45e5-a330-2f4246734a34] Single file workflow.
2025-05-05 15:45:46,442 - INFO - [Thread-24 (process_request_thread)] [process_upload_and_generate_updates] - [8ac9aacb-2c6c-45e5-a330-2f4246734a34] Compressed size: 376
2025-05-05 15:45:46,443 - INFO - [Upload_8ac9_0] [_send_single_file_task] - [8ac9aacb-2c6c-45e5-a330-2f4246734a34] T> Sending 'DarkCodeX_quoted_reply_list.zip' (376b) to -4603853425
2025-05-05 15:45:46,444 - INFO - [Upload_8ac9_1] [_send_single_file_task] - [8ac9aacb-2c6c-45e5-a330-2f4246734a34] T> Sending 'DarkCodeX_quoted_reply_list.zip' (376b) to -1002614397019
2025-05-05 15:45:46,444 - INFO - [Upload_8ac9_0] [send_file_to_telegram] - [ChatID -4603853425, File 'DarkCodeX_quoted_reply_list.zip'] Attempting send.
2025-05-05 15:45:46,445 - INFO - [Upload_8ac9_2] [_send_single_file_task] - [8ac9aacb-2c6c-45e5-a330-2f4246734a34] T> Sending 'DarkCodeX_quoted_reply_list.zip' (376b) to -4641852757
2025-05-05 15:45:46,445 - INFO - [Thread-24 (process_request_thread)] [process_upload_and_generate_updates] - [8ac9aacb-2c6c-45e5-a330-2f4246734a34] Submitted 3 single-file tasks.
2025-05-05 15:45:46,445 - INFO - [Upload_8ac9_1] [send_file_to_telegram] - [ChatID -1002614397019, File 'DarkCodeX_quoted_reply_list.zip'] Attempting send.
2025-05-05 15:45:46,447 - INFO - [Upload_8ac9_2] [send_file_to_telegram] - [ChatID -4641852757, File 'DarkCodeX_quoted_reply_list.zip'] Attempting send.
2025-05-05 15:45:46,448 - INFO - [Thread-24 (process_request_thread)] [process_upload_and_generate_updates] - [8ac9aacb-2c6c-45e5-a330-2f4246734a34] Wait primary (-4603853425)...
2025-05-05 15:45:46,968 - INFO - [Upload_8ac9_1] [send_file_to_telegram] - [ChatID -1002614397019, File 'DarkCodeX_quoted_reply_list.zip'] API success (Attempt 1).
2025-05-05 15:45:46,968 - INFO - [Upload_8ac9_1] [_send_single_file_task] - [8ac9aacb-2c6c-45e5-a330-2f4246734a34] T> Sent 'DarkCodeX_quoted_reply_list.zip' to -1002614397019. Success: True
2025-05-05 15:45:47,154 - INFO - [Upload_8ac9_0] [send_file_to_telegram] - [ChatID -4603853425, File 'DarkCodeX_quoted_reply_list.zip'] API success (Attempt 1).
2025-05-05 15:45:47,154 - INFO - [Upload_8ac9_0] [_send_single_file_task] - [8ac9aacb-2c6c-45e5-a330-2f4246734a34] T> Sent 'DarkCodeX_quoted_reply_list.zip' to -4603853425. Success: True
2025-05-05 15:45:47,154 - INFO - [Thread-24 (process_request_thread)] [process_upload_and_generate_updates] - [8ac9aacb-2c6c-45e5-a330-2f4246734a34] Primary done. OK:True
2025-05-05 15:45:47,171 - INFO - [Thread-24 (process_request_thread)] [process_upload_and_generate_updates] - [8ac9aacb-2c6c-45e5-a330-2f4246734a34] Wait backups...
2025-05-05 15:45:47,173 - INFO - [Upload_8ac9_2] [send_file_to_telegram] - [ChatID -4641852757, File 'DarkCodeX_quoted_reply_list.zip'] API success (Attempt 1).
2025-05-05 15:45:47,174 - INFO - [Upload_8ac9_2] [_send_single_file_task] - [8ac9aacb-2c6c-45e5-a330-2f4246734a34] T> Sent 'DarkCodeX_quoted_reply_list.zip' to -4641852757. Success: True
2025-05-05 15:45:47,176 - INFO - [Thread-24 (process_request_thread)] [process_upload_and_generate_updates] - [8ac9aacb-2c6c-45e5-a330-2f4246734a34] Single sends done in 0.73s.
2025-05-05 15:45:47,178 - INFO - [Thread-24 (process_request_thread)] [process_upload_and_generate_updates] - [8ac9aacb-2c6c-45e5-a330-2f4246734a34] Success: 3/3
2025-05-05 15:45:47,179 - INFO - [Thread-24 (process_request_thread)] [process_upload_and_generate_updates] - [8ac9aacb-2c6c-45e5-a330-2f4246734a34] Attempting to save metadata to DB...
2025-05-05 15:45:47,214 - INFO - [Thread-24 (process_request_thread)] [save_file_metadata] - Successfully inserted metadata for access_id: b9dfe5b9e3
2025-05-05 15:45:47,215 - INFO - [Thread-24 (process_request_thread)] [process_upload_and_generate_updates] - [8ac9aacb-2c6c-45e5-a330-2f4246734a34] Metadata successfully saved to DB. Msg: Metadata inserted (ID: 68188fd31969d4a304aed151).
2025-05-05 15:45:47,217 - INFO - [Thread-24 (process_request_thread)] [process_upload_and_generate_updates] - [8ac9aacb-2c6c-45e5-a330-2f4246734a34] Upload generator cleanup.
2025-05-05 15:45:47,218 - INFO - [Thread-24 (process_request_thread)] [process_upload_and_generate_updates] - [8ac9aacb-2c6c-45e5-a330-2f4246734a34] Upload executor shutdown.
2025-05-05 15:45:47,221 - INFO - [Thread-24 (process_request_thread)] [_safe_remove_file] - [8ac9aacb-2c6c-45e5-a330-2f4246734a34] Cleaned up original temp: uploads_temp\8ac9aacb-2c6c-45e5-a330-2f4246734a34_DarkCodeX_quoted_reply_list.txt
2025-05-05 15:45:47,224 - INFO - [Thread-24 (process_request_thread)] [process_upload_and_generate_updates] - [8ac9aacb-2c6c-45e5-a330-2f4246734a34] Upload generator finished. Status: completed
2025-05-05 15:46:05,825 - INFO - [Thread-25 (process_request_thread)] [list_user_files] - List files request for: 'mitali'
2025-05-05 15:46:05,825 - INFO - [Thread-25 (process_request_thread)] [list_user_files] - Fetching files for user 'mitali' from DB...
2025-05-05 15:46:05,859 - INFO - [Thread-25 (process_request_thread)] [find_metadata_by_username] - Found 2 metadata records for username: mitali
2025-05-05 15:46:05,859 - INFO - [Thread-25 (process_request_thread)] [list_user_files] - Found 2 records for 'mitali'.
2025-05-05 15:46:05,860 - INFO - [Thread-25 (process_request_thread)] [_log] - 127.0.0.1 - - [05/May/2025 15:46:05] "GET /files/mitali HTTP/1.1" 200 -
2025-05-05 15:46:07,098 - INFO - [Thread-26 (process_request_thread)] [list_user_files] - List files request for: 'mitali'
2025-05-05 15:46:07,098 - INFO - [Thread-26 (process_request_thread)] [list_user_files] - Fetching files for user 'mitali' from DB...
2025-05-05 15:46:07,121 - INFO - [Thread-26 (process_request_thread)] [find_metadata_by_username] - Found 2 metadata records for username: mitali
2025-05-05 15:46:07,121 - INFO - [Thread-26 (process_request_thread)] [list_user_files] - Found 2 records for 'mitali'.
2025-05-05 15:46:07,137 - INFO - [Thread-26 (process_request_thread)] [_log] - 127.0.0.1 - - [05/May/2025 15:46:07] "GET /files/mitali HTTP/1.1" 200 -
2025-05-05 15:46:07,377 - INFO - [Thread-27 (process_request_thread)] [list_user_files] - List files request for: 'mitali'
2025-05-05 15:46:07,377 - INFO - [Thread-27 (process_request_thread)] [list_user_files] - Fetching files for user 'mitali' from DB...
2025-05-05 15:46:07,410 - INFO - [Thread-27 (process_request_thread)] [find_metadata_by_username] - Found 2 metadata records for username: mitali
2025-05-05 15:46:07,410 - INFO - [Thread-27 (process_request_thread)] [list_user_files] - Found 2 records for 'mitali'.
2025-05-05 15:46:07,411 - INFO - [Thread-27 (process_request_thread)] [_log] - 127.0.0.1 - - [05/May/2025 15:46:07] "GET /files/mitali HTTP/1.1" 200 -
2025-05-05 15:46:08,111 - INFO - [Thread-28 (process_request_thread)] [list_user_files] - List files request for: 'mitali'
2025-05-05 15:46:08,111 - INFO - [Thread-28 (process_request_thread)] [list_user_files] - Fetching files for user 'mitali' from DB...
2025-05-05 15:46:08,148 - INFO - [Thread-28 (process_request_thread)] [find_metadata_by_username] - Found 2 metadata records for username: mitali
2025-05-05 15:46:08,149 - INFO - [Thread-28 (process_request_thread)] [list_user_files] - Found 2 records for 'mitali'.
2025-05-05 15:46:08,150 - INFO - [Thread-28 (process_request_thread)] [_log] - 127.0.0.1 - - [05/May/2025 15:46:08] "GET /files/mitali HTTP/1.1" 200 -
2025-05-05 15:46:42,977 - INFO - [Thread-29 (process_request_thread)] [list_user_files] - List files request for: 'Brayer'
2025-05-05 15:46:42,977 - INFO - [Thread-29 (process_request_thread)] [list_user_files] - Fetching files for user 'Brayer' from DB...
2025-05-05 15:46:43,012 - INFO - [Thread-29 (process_request_thread)] [find_metadata_by_username] - Found 1 metadata records for username: Brayer
2025-05-05 15:46:43,014 - INFO - [Thread-29 (process_request_thread)] [list_user_files] - Found 1 records for 'Brayer'.
2025-05-05 15:46:43,014 - INFO - [Thread-29 (process_request_thread)] [_log] - 127.0.0.1 - - [05/May/2025 15:46:43] "GET /files/Brayer HTTP/1.1" 200 -
2025-05-05 15:46:43,997 - INFO - [Thread-30 (process_request_thread)] [list_user_files] - List files request for: 'Brayer'
2025-05-05 15:46:43,998 - INFO - [Thread-30 (process_request_thread)] [list_user_files] - Fetching files for user 'Brayer' from DB...
2025-05-05 15:46:44,030 - INFO - [Thread-30 (process_request_thread)] [find_metadata_by_username] - Found 1 metadata records for username: Brayer
2025-05-05 15:46:44,031 - INFO - [Thread-30 (process_request_thread)] [list_user_files] - Found 1 records for 'Brayer'.
2025-05-05 15:46:44,032 - INFO - [Thread-30 (process_request_thread)] [_log] - 127.0.0.1 - - [05/May/2025 15:46:44] "GET /files/Brayer HTTP/1.1" 200 -
2025-05-05 15:46:44,263 - INFO - [Thread-31 (process_request_thread)] [list_user_files] - List files request for: 'Brayer'
2025-05-05 15:46:44,263 - INFO - [Thread-31 (process_request_thread)] [list_user_files] - Fetching files for user 'Brayer' from DB...
2025-05-05 15:46:44,296 - INFO - [Thread-31 (process_request_thread)] [find_metadata_by_username] - Found 1 metadata records for username: Brayer
2025-05-05 15:46:44,296 - INFO - [Thread-31 (process_request_thread)] [list_user_files] - Found 1 records for 'Brayer'.
2025-05-05 15:46:44,296 - INFO - [Thread-31 (process_request_thread)] [_log] - 127.0.0.1 - - [05/May/2025 15:46:44] "GET /files/Brayer HTTP/1.1" 200 -
2025-05-05 15:46:44,340 - INFO - [Thread-32 (process_request_thread)] [list_user_files] - List files request for: 'Brayer'
2025-05-05 15:46:44,341 - INFO - [Thread-32 (process_request_thread)] [list_user_files] - Fetching files for user 'Brayer' from DB...
2025-05-05 15:46:44,374 - INFO - [Thread-32 (process_request_thread)] [find_metadata_by_username] - Found 1 metadata records for username: Brayer
2025-05-05 15:46:44,375 - INFO - [Thread-32 (process_request_thread)] [list_user_files] - Found 1 records for 'Brayer'.
2025-05-05 15:46:44,376 - INFO - [Thread-32 (process_request_thread)] [_log] - 127.0.0.1 - - [05/May/2025 15:46:44] "GET /files/Brayer HTTP/1.1" 200 -
2025-05-05 15:46:44,890 - INFO - [Thread-33 (process_request_thread)] [list_user_files] - List files request for: 'Brayer'
2025-05-05 15:46:44,890 - INFO - [Thread-33 (process_request_thread)] [list_user_files] - Fetching files for user 'Brayer' from DB...
2025-05-05 15:46:44,924 - INFO - [Thread-33 (process_request_thread)] [find_metadata_by_username] - Found 1 metadata records for username: Brayer
2025-05-05 15:46:44,925 - INFO - [Thread-33 (process_request_thread)] [list_user_files] - Found 1 records for 'Brayer'.
2025-05-05 15:46:44,926 - INFO - [Thread-33 (process_request_thread)] [_log] - 127.0.0.1 - - [05/May/2025 15:46:44] "GET /files/Brayer HTTP/1.1" 200 -
2025-05-05 15:47:23,064 - INFO - [Thread-20] [_schedule_cleanup] - [Cleanup-ec7da179-3e99-4e38-83b5-31f81caf1e40] Scheduled cleanup executing for path: E:\Telegram_tool\Telegram_Bot_Tool\uploads_temp\dl_final_ec7da179-3e99-4e38-83b5-31f81caf1e40_hxts47y7
2025-05-05 15:47:23,065 - INFO - [Thread-20] [_safe_remove_file] - [Cleanup-ec7da179-3e99-4e38-83b5-31f81caf1e40] Cleaned up final dl: E:\Telegram_tool\Telegram_Bot_Tool\uploads_temp\dl_final_ec7da179-3e99-4e38-83b5-31f81caf1e40_hxts47y7
2025-05-05 15:47:23,065 - INFO - [Thread-20] [_schedule_cleanup] - [Cleanup-ec7da179-3e99-4e38-83b5-31f81caf1e40] Prep data removed.
2025-05-05 15:47:53,286 - INFO - [Thread-34 (process_request_thread)] [delete_file_record] - DELETE request user='Brayer', file='.env'
2025-05-05 15:47:53,287 - INFO - [Thread-34 (process_request_thread)] [delete_file_record] - Attempting delete from DB: User='Brayer', File='.env'
2025-05-05 15:47:53,319 - INFO - [Thread-34 (process_request_thread)] [delete_metadata_by_filename] - Deleted 1 metadata record(s) for user 'Brayer', filename '.env'.
2025-05-05 15:47:53,319 - INFO - [Thread-34 (process_request_thread)] [delete_file_record] - Successfully deleted 1 record(s) for 'Brayer/.env' from DB.
2025-05-05 15:47:53,319 - INFO - [Thread-34 (process_request_thread)] [_log] - 127.0.0.1 - - [05/May/2025 15:47:53] "DELETE /delete-file/Brayer/.env HTTP/1.1" 200 -
2025-05-05 15:47:58,974 - INFO - [Thread-35 (process_request_thread)] [show_register_page] - Serving registration page.
2025-05-05 15:47:59,006 - INFO - [Thread-35 (process_request_thread)] [_log] - 127.0.0.1 - - [05/May/2025 15:47:59] "GET /register HTTP/1.1" 200 -
2025-05-05 15:48:03,215 - INFO - [Thread-36 (process_request_thread)] [_log] - 127.0.0.1 - - [05/May/2025 15:48:03] "GET /login HTTP/1.1" 200 -
2025-05-05 15:48:17,233 - INFO - [Thread-37 (process_request_thread)] [index] - Serving index page.
2025-05-05 15:48:17,266 - INFO - [Thread-37 (process_request_thread)] [_log] - 127.0.0.1 - - [05/May/2025 15:48:17] "GET / HTTP/1.1" 200 -
2025-05-05 15:48:58,713 - INFO - [Thread-38 (process_request_thread)] [list_user_files] - List files request for: 'Brayer'
2025-05-05 15:48:58,713 - INFO - [Thread-38 (process_request_thread)] [list_user_files] - Fetching files for user 'Brayer' from DB...
2025-05-05 15:48:58,744 - INFO - [Thread-38 (process_request_thread)] [find_metadata_by_username] - Found 0 metadata records for username: Brayer
2025-05-05 15:48:58,745 - INFO - [Thread-38 (process_request_thread)] [list_user_files] - Found 0 records for 'Brayer'.
2025-05-05 15:48:58,745 - INFO - [Thread-38 (process_request_thread)] [_log] - 127.0.0.1 - - [05/May/2025 15:48:58] "GET /files/Brayer HTTP/1.1" 200 -
2025-05-05 15:49:16,296 - INFO - [Thread-39 (process_request_thread)] [list_user_files] - List files request for: 'mitali'
2025-05-05 15:49:16,296 - INFO - [Thread-39 (process_request_thread)] [list_user_files] - Fetching files for user 'mitali' from DB...
2025-05-05 15:49:16,328 - INFO - [Thread-39 (process_request_thread)] [find_metadata_by_username] - Found 2 metadata records for username: mitali
2025-05-05 15:49:16,328 - INFO - [Thread-39 (process_request_thread)] [list_user_files] - Found 2 records for 'mitali'.
2025-05-05 15:49:16,328 - INFO - [Thread-39 (process_request_thread)] [_log] - 127.0.0.1 - - [05/May/2025 15:49:16] "GET /files/mitali HTTP/1.1" 200 -
2025-05-05 15:49:16,633 - INFO - [Thread-40 (process_request_thread)] [list_user_files] - List files request for: 'mitali'
2025-05-05 15:49:16,633 - INFO - [Thread-40 (process_request_thread)] [list_user_files] - Fetching files for user 'mitali' from DB...
2025-05-05 15:49:16,662 - INFO - [Thread-40 (process_request_thread)] [find_metadata_by_username] - Found 2 metadata records for username: mitali
2025-05-05 15:49:16,662 - INFO - [Thread-40 (process_request_thread)] [list_user_files] - Found 2 records for 'mitali'.
2025-05-05 15:49:16,663 - INFO - [Thread-40 (process_request_thread)] [_log] - 127.0.0.1 - - [05/May/2025 15:49:16] "GET /files/mitali HTTP/1.1" 200 -
2025-05-05 15:49:17,928 - INFO - [Thread-41 (process_request_thread)] [list_user_files] - List files request for: 'mitali'
2025-05-05 15:49:17,928 - INFO - [Thread-41 (process_request_thread)] [list_user_files] - Fetching files for user 'mitali' from DB...
2025-05-05 15:49:17,960 - INFO - [Thread-41 (process_request_thread)] [find_metadata_by_username] - Found 2 metadata records for username: mitali
2025-05-05 15:49:17,961 - INFO - [Thread-41 (process_request_thread)] [list_user_files] - Found 2 records for 'mitali'.
2025-05-05 15:49:17,962 - INFO - [Thread-41 (process_request_thread)] [_log] - 127.0.0.1 - - [05/May/2025 15:49:17] "GET /files/mitali HTTP/1.1" 200 -
2025-05-05 15:50:32,233 - INFO - [Thread-43 (process_request_thread)] [list_user_files] - List files request for: 'mitali'
2025-05-05 15:50:32,233 - INFO - [Thread-43 (process_request_thread)] [list_user_files] - Fetching files for user 'mitali' from DB...
2025-05-05 15:50:32,272 - INFO - [Thread-43 (process_request_thread)] [find_metadata_by_username] - Found 2 metadata records for username: mitali
2025-05-05 15:50:32,272 - INFO - [Thread-43 (process_request_thread)] [list_user_files] - Found 2 records for 'mitali'.
2025-05-05 15:50:32,272 - INFO - [Thread-43 (process_request_thread)] [_log] - 127.0.0.1 - - [05/May/2025 15:50:32] "GET /files/mitali HTTP/1.1" 200 -
2025-05-05 15:50:32,891 - INFO - [Thread-44 (process_request_thread)] [list_user_files] - List files request for: 'mitali'
2025-05-05 15:50:32,892 - INFO - [Thread-44 (process_request_thread)] [list_user_files] - Fetching files for user 'mitali' from DB...
2025-05-05 15:50:32,925 - INFO - [Thread-44 (process_request_thread)] [find_metadata_by_username] - Found 2 metadata records for username: mitali
2025-05-05 15:50:32,926 - INFO - [Thread-44 (process_request_thread)] [list_user_files] - Found 2 records for 'mitali'.
2025-05-05 15:50:32,927 - INFO - [Thread-44 (process_request_thread)] [_log] - 127.0.0.1 - - [05/May/2025 15:50:32] "GET /files/mitali HTTP/1.1" 200 -
2025-05-05 15:50:33,424 - INFO - [Thread-45 (process_request_thread)] [list_user_files] - List files request for: 'mitali'
2025-05-05 15:50:33,424 - INFO - [Thread-45 (process_request_thread)] [list_user_files] - Fetching files for user 'mitali' from DB...
2025-05-05 15:50:33,460 - INFO - [Thread-45 (process_request_thread)] [find_metadata_by_username] - Found 2 metadata records for username: mitali
2025-05-05 15:50:33,461 - INFO - [Thread-45 (process_request_thread)] [list_user_files] - Found 2 records for 'mitali'.
2025-05-05 15:50:33,462 - INFO - [Thread-45 (process_request_thread)] [_log] - 127.0.0.1 - - [05/May/2025 15:50:33] "GET /files/mitali HTTP/1.1" 200 -
2025-05-05 15:50:33,679 - INFO - [Thread-46 (process_request_thread)] [list_user_files] - List files request for: 'mitali'
2025-05-05 15:50:33,679 - INFO - [Thread-46 (process_request_thread)] [list_user_files] - Fetching files for user 'mitali' from DB...
2025-05-05 15:50:33,713 - INFO - [Thread-46 (process_request_thread)] [find_metadata_by_username] - Found 2 metadata records for username: mitali
2025-05-05 15:50:33,713 - INFO - [Thread-46 (process_request_thread)] [list_user_files] - Found 2 records for 'mitali'.
2025-05-05 15:50:33,713 - INFO - [Thread-46 (process_request_thread)] [_log] - 127.0.0.1 - - [05/May/2025 15:50:33] "GET /files/mitali HTTP/1.1" 200 -
2025-05-05 15:50:33,778 - INFO - [Thread-47 (process_request_thread)] [list_user_files] - List files request for: 'mitali'
2025-05-05 15:50:33,779 - INFO - [Thread-47 (process_request_thread)] [list_user_files] - Fetching files for user 'mitali' from DB...
2025-05-05 15:50:33,813 - INFO - [Thread-47 (process_request_thread)] [find_metadata_by_username] - Found 2 metadata records for username: mitali
2025-05-05 15:50:33,814 - INFO - [Thread-47 (process_request_thread)] [list_user_files] - Found 2 records for 'mitali'.
2025-05-05 15:50:33,814 - INFO - [Thread-47 (process_request_thread)] [_log] - 127.0.0.1 - - [05/May/2025 15:50:33] "GET /files/mitali HTTP/1.1" 200 -
2025-05-05 15:50:34,026 - INFO - [Thread-48 (process_request_thread)] [list_user_files] - List files request for: 'mitali'
2025-05-05 15:50:34,026 - INFO - [Thread-48 (process_request_thread)] [list_user_files] - Fetching files for user 'mitali' from DB...
2025-05-05 15:50:34,061 - INFO - [Thread-48 (process_request_thread)] [find_metadata_by_username] - Found 2 metadata records for username: mitali
2025-05-05 15:50:34,062 - INFO - [Thread-48 (process_request_thread)] [list_user_files] - Found 2 records for 'mitali'.
2025-05-05 15:50:34,063 - INFO - [Thread-48 (process_request_thread)] [_log] - 127.0.0.1 - - [05/May/2025 15:50:34] "GET /files/mitali HTTP/1.1" 200 -
2025-05-05 15:50:34,130 - INFO - [Thread-49 (process_request_thread)] [list_user_files] - List files request for: 'mitali'
2025-05-05 15:50:34,131 - INFO - [Thread-49 (process_request_thread)] [list_user_files] - Fetching files for user 'mitali' from DB...
2025-05-05 15:50:34,166 - INFO - [Thread-49 (process_request_thread)] [find_metadata_by_username] - Found 2 metadata records for username: mitali
2025-05-05 15:50:34,166 - INFO - [Thread-49 (process_request_thread)] [list_user_files] - Found 2 records for 'mitali'.
2025-05-05 15:50:34,167 - INFO - [Thread-49 (process_request_thread)] [_log] - 127.0.0.1 - - [05/May/2025 15:50:34] "GET /files/mitali HTTP/1.1" 200 -
2025-05-05 15:50:34,369 - INFO - [Thread-50 (process_request_thread)] [list_user_files] - List files request for: 'mitali'
2025-05-05 15:50:34,369 - INFO - [Thread-50 (process_request_thread)] [list_user_files] - Fetching files for user 'mitali' from DB...
2025-05-05 15:50:34,402 - INFO - [Thread-50 (process_request_thread)] [find_metadata_by_username] - Found 2 metadata records for username: mitali
2025-05-05 15:50:34,403 - INFO - [Thread-50 (process_request_thread)] [list_user_files] - Found 2 records for 'mitali'.
2025-05-05 15:50:34,404 - INFO - [Thread-50 (process_request_thread)] [_log] - 127.0.0.1 - - [05/May/2025 15:50:34] "GET /files/mitali HTTP/1.1" 200 -
2025-05-05 15:50:34,480 - INFO - [Thread-51 (process_request_thread)] [list_user_files] - List files request for: 'mitali'
2025-05-05 15:50:34,481 - INFO - [Thread-51 (process_request_thread)] [list_user_files] - Fetching files for user 'mitali' from DB...
2025-05-05 15:50:34,513 - INFO - [Thread-51 (process_request_thread)] [find_metadata_by_username] - Found 2 metadata records for username: mitali
2025-05-05 15:50:34,513 - INFO - [Thread-51 (process_request_thread)] [list_user_files] - Found 2 records for 'mitali'.
2025-05-05 15:50:34,514 - INFO - [Thread-51 (process_request_thread)] [_log] - 127.0.0.1 - - [05/May/2025 15:50:34] "GET /files/mitali HTTP/1.1" 200 -
2025-05-05 15:50:34,713 - INFO - [Thread-52 (process_request_thread)] [list_user_files] - List files request for: 'mitali'
2025-05-05 15:50:34,713 - INFO - [Thread-52 (process_request_thread)] [list_user_files] - Fetching files for user 'mitali' from DB...
2025-05-05 15:50:34,746 - INFO - [Thread-52 (process_request_thread)] [find_metadata_by_username] - Found 2 metadata records for username: mitali
2025-05-05 15:50:34,747 - INFO - [Thread-52 (process_request_thread)] [list_user_files] - Found 2 records for 'mitali'.
2025-05-05 15:50:34,751 - INFO - [Thread-52 (process_request_thread)] [_log] - 127.0.0.1 - - [05/May/2025 15:50:34] "GET /files/mitali HTTP/1.1" 200 -
2025-05-05 15:50:34,962 - INFO - [Thread-53 (process_request_thread)] [list_user_files] - List files request for: 'mitali'
2025-05-05 15:50:34,962 - INFO - [Thread-53 (process_request_thread)] [list_user_files] - Fetching files for user 'mitali' from DB...
2025-05-05 15:50:34,998 - INFO - [Thread-53 (process_request_thread)] [find_metadata_by_username] - Found 2 metadata records for username: mitali
2025-05-05 15:50:34,999 - INFO - [Thread-53 (process_request_thread)] [list_user_files] - Found 2 records for 'mitali'.
2025-05-05 15:50:35,000 - INFO - [Thread-53 (process_request_thread)] [_log] - 127.0.0.1 - - [05/May/2025 15:50:34] "GET /files/mitali HTTP/1.1" 200 -
2025-05-05 15:50:35,181 - INFO - [Thread-54 (process_request_thread)] [list_user_files] - List files request for: 'mitali'
2025-05-05 15:50:35,181 - INFO - [Thread-54 (process_request_thread)] [list_user_files] - Fetching files for user 'mitali' from DB...
2025-05-05 15:50:35,216 - INFO - [Thread-54 (process_request_thread)] [find_metadata_by_username] - Found 2 metadata records for username: mitali
2025-05-05 15:50:35,218 - INFO - [Thread-54 (process_request_thread)] [list_user_files] - Found 2 records for 'mitali'.
2025-05-05 15:50:35,219 - INFO - [Thread-54 (process_request_thread)] [_log] - 127.0.0.1 - - [05/May/2025 15:50:35] "GET /files/mitali HTTP/1.1" 200 -
2025-05-05 15:50:35,392 - INFO - [Thread-55 (process_request_thread)] [list_user_files] - List files request for: 'mitali'
2025-05-05 15:50:35,392 - INFO - [Thread-55 (process_request_thread)] [list_user_files] - Fetching files for user 'mitali' from DB...
2025-05-05 15:50:35,430 - INFO - [Thread-55 (process_request_thread)] [find_metadata_by_username] - Found 2 metadata records for username: mitali
2025-05-05 15:50:35,430 - INFO - [Thread-55 (process_request_thread)] [list_user_files] - Found 2 records for 'mitali'.
2025-05-05 15:50:35,431 - INFO - [Thread-55 (process_request_thread)] [_log] - 127.0.0.1 - - [05/May/2025 15:50:35] "GET /files/mitali HTTP/1.1" 200 -
