2025-05-02 16:21:20,003 - INFO - [MainThread] [<module>] - ============================================================
2025-05-02 16:21:20,004 - INFO - [MainThread] [<module>] - Logging configured. Level: INFO. Log file: Selenium-Logs\app_20250502_162120.log
2025-05-02 16:21:20,004 - INFO - [MainThread] [<module>] - Primary Chat ID: -4603853425
2025-05-02 16:21:20,004 - INFO - [MainThread] [<module>] - All Target Chat IDs: ['-4603853425', '-1002614397019', '-4641852757']
2025-05-02 16:21:20,005 - INFO - [MainThread] [<module>] - Chunk Size: 20.0 MB (20971520 bytes)
2025-05-02 16:21:20,005 - INFO - [MainThread] [<module>] - API Timeouts (Connect/Read): 10s / 60s
2025-05-02 16:21:20,005 - INFO - [MainThread] [<module>] - API Retries: 3 attempts, 2s delay
2025-05-02 16:21:20,006 - INFO - [MainThread] [<module>] - Max Upload Workers: 5
2025-05-02 16:21:20,006 - INFO - [MainThread] [<module>] - Max Download Workers: 12
2025-05-02 16:21:20,007 - INFO - [MainThread] [<module>] - ============================================================
2025-05-02 16:21:20,007 - INFO - [MainThread] [<module>] - Configuration loaded successfully.
2025-05-02 16:21:20,008 - INFO - [MainThread] [<module>] - Custom Jinja filter 'format_bytes' registered.
2025-05-02 16:21:20,008 - INFO - [MainThread] [<module>] - Flask-CORS initialized. Allowing origins: *
2025-05-02 16:21:20,009 - INFO - [MainThread] [<module>] - Flask application initialized.
2025-05-02 16:21:20,009 - INFO - [MainThread] [<module>] - Global state variables initialized (upload_progress_data, download_prep_data).
2025-05-02 16:21:20,011 - INFO - [MainThread] [<module>] - Custom Jinja filter 'format_bytes' registered.
2025-05-02 16:21:20,012 - INFO - [MainThread] [<module>] - Flask-CORS initialized. Allowing origins: *
2025-05-02 16:21:20,012 - INFO - [MainThread] [<module>] - Flask application initialized.
2025-05-02 16:21:20,012 - INFO - [MainThread] [<module>] - Global state variables initialized (upload_progress_data, download_prep_data).
2025-05-02 16:21:20,214 - INFO - [MainThread] [<module>] - Database module initialized.
2025-05-02 16:21:20,842 - INFO - [MainThread] [<module>] - Initialized requests.Session for Telegram API calls.
2025-05-02 16:21:20,842 - INFO - [MainThread] [<module>] - Telegram API functions defined with Session and Retries.
2025-05-02 16:21:20,847 - INFO - [MainThread] [<module>] - Flask routes defined using configurable workers and linter fixes.
2025-05-02 16:21:20,848 - INFO - [MainThread] [<module>] - Starting Flask development server...
2025-05-02 16:21:20,878 - WARNING - [MainThread] [_log] -  * Debugger is active!
2025-05-02 16:21:20,886 - INFO - [MainThread] [_log] -  * Debugger PIN: 107-410-311
2025-05-02 16:22:08,856 - INFO - [Thread-2 (process_request_thread)] [show_register_page] - Serving registration page.
2025-05-02 16:22:08,862 - INFO - [Thread-2 (process_request_thread)] [_log] - 127.0.0.1 - - [02/May/2025 16:22:08] "GET /register HTTP/1.1" 200 -
2025-05-02 16:22:26,807 - INFO - [Thread-4 (process_request_thread)] [register_user] - Received registration request.
2025-05-02 16:22:26,808 - ERROR - [Thread-4 (process_request_thread)] [register_user] - Error parsing registration JSON data: 415 Unsupported Media Type: Did not attempt to load JSON data because the request Content-Type was not 'application/json'.
Traceback (most recent call last):
  File "E:\Telegram_tool\Telegram_Bot_Tool\routes.py", line 70, in register_user
    data = request.get_json() # <-- Get data as JSON dictionary
           ^^^^^^^^^^^^^^^^^^
  File "E:\Telegram_tool\Telegram_Bot_Tool\.venv\Lib\site-packages\werkzeug\wrappers\request.py", line 604, in get_json
    return self.on_json_loading_failed(None)
           ^^^^^^^^^^^^^^^^^^^^^^^^^^^^^^^^^
  File "E:\Telegram_tool\Telegram_Bot_Tool\.venv\Lib\site-packages\flask\wrappers.py", line 214, in on_json_loading_failed
    return super().on_json_loading_failed(e)
           ^^^^^^^^^^^^^^^^^^^^^^^^^^^^^^^^^
  File "E:\Telegram_tool\Telegram_Bot_Tool\.venv\Lib\site-packages\werkzeug\wrappers\request.py", line 647, in on_json_loading_failed
    raise UnsupportedMediaType(
werkzeug.exceptions.UnsupportedMediaType: 415 Unsupported Media Type: Did not attempt to load JSON data because the request Content-Type was not 'application/json'.
2025-05-02 16:22:26,823 - INFO - [Thread-4 (process_request_thread)] [_log] - 127.0.0.1 - - [02/May/2025 16:22:26] "[31m[1mPOST /register HTTP/1.1[0m" 400 -
2025-05-02 16:22:27,690 - INFO - [Thread-5 (process_request_thread)] [register_user] - Received registration request.
2025-05-02 16:22:27,691 - ERROR - [Thread-5 (process_request_thread)] [register_user] - Error parsing registration JSON data: 415 Unsupported Media Type: Did not attempt to load JSON data because the request Content-Type was not 'application/json'.
Traceback (most recent call last):
  File "E:\Telegram_tool\Telegram_Bot_Tool\routes.py", line 70, in register_user
    data = request.get_json() # <-- Get data as JSON dictionary
           ^^^^^^^^^^^^^^^^^^
  File "E:\Telegram_tool\Telegram_Bot_Tool\.venv\Lib\site-packages\werkzeug\wrappers\request.py", line 604, in get_json
    return self.on_json_loading_failed(None)
           ^^^^^^^^^^^^^^^^^^^^^^^^^^^^^^^^^
  File "E:\Telegram_tool\Telegram_Bot_Tool\.venv\Lib\site-packages\flask\wrappers.py", line 214, in on_json_loading_failed
    return super().on_json_loading_failed(e)
           ^^^^^^^^^^^^^^^^^^^^^^^^^^^^^^^^^
  File "E:\Telegram_tool\Telegram_Bot_Tool\.venv\Lib\site-packages\werkzeug\wrappers\request.py", line 647, in on_json_loading_failed
    raise UnsupportedMediaType(
werkzeug.exceptions.UnsupportedMediaType: 415 Unsupported Media Type: Did not attempt to load JSON data because the request Content-Type was not 'application/json'.
2025-05-02 16:22:27,693 - INFO - [Thread-5 (process_request_thread)] [_log] - 127.0.0.1 - - [02/May/2025 16:22:27] "[31m[1mPOST /register HTTP/1.1[0m" 400 -
2025-05-02 16:22:28,447 - INFO - [Thread-6 (process_request_thread)] [register_user] - Received registration request.
2025-05-02 16:22:28,448 - ERROR - [Thread-6 (process_request_thread)] [register_user] - Error parsing registration JSON data: 415 Unsupported Media Type: Did not attempt to load JSON data because the request Content-Type was not 'application/json'.
Traceback (most recent call last):
  File "E:\Telegram_tool\Telegram_Bot_Tool\routes.py", line 70, in register_user
    data = request.get_json() # <-- Get data as JSON dictionary
           ^^^^^^^^^^^^^^^^^^
  File "E:\Telegram_tool\Telegram_Bot_Tool\.venv\Lib\site-packages\werkzeug\wrappers\request.py", line 604, in get_json
    return self.on_json_loading_failed(None)
           ^^^^^^^^^^^^^^^^^^^^^^^^^^^^^^^^^
  File "E:\Telegram_tool\Telegram_Bot_Tool\.venv\Lib\site-packages\flask\wrappers.py", line 214, in on_json_loading_failed
    return super().on_json_loading_failed(e)
           ^^^^^^^^^^^^^^^^^^^^^^^^^^^^^^^^^
  File "E:\Telegram_tool\Telegram_Bot_Tool\.venv\Lib\site-packages\werkzeug\wrappers\request.py", line 647, in on_json_loading_failed
    raise UnsupportedMediaType(
werkzeug.exceptions.UnsupportedMediaType: 415 Unsupported Media Type: Did not attempt to load JSON data because the request Content-Type was not 'application/json'.
2025-05-02 16:22:28,453 - INFO - [Thread-6 (process_request_thread)] [_log] - 127.0.0.1 - - [02/May/2025 16:22:28] "[31m[1mPOST /register HTTP/1.1[0m" 400 -
2025-05-02 16:22:28,712 - INFO - [Thread-7 (process_request_thread)] [register_user] - Received registration request.
2025-05-02 16:22:28,713 - ERROR - [Thread-7 (process_request_thread)] [register_user] - Error parsing registration JSON data: 415 Unsupported Media Type: Did not attempt to load JSON data because the request Content-Type was not 'application/json'.
Traceback (most recent call last):
  File "E:\Telegram_tool\Telegram_Bot_Tool\routes.py", line 70, in register_user
    data = request.get_json() # <-- Get data as JSON dictionary
           ^^^^^^^^^^^^^^^^^^
  File "E:\Telegram_tool\Telegram_Bot_Tool\.venv\Lib\site-packages\werkzeug\wrappers\request.py", line 604, in get_json
    return self.on_json_loading_failed(None)
           ^^^^^^^^^^^^^^^^^^^^^^^^^^^^^^^^^
  File "E:\Telegram_tool\Telegram_Bot_Tool\.venv\Lib\site-packages\flask\wrappers.py", line 214, in on_json_loading_failed
    return super().on_json_loading_failed(e)
           ^^^^^^^^^^^^^^^^^^^^^^^^^^^^^^^^^
  File "E:\Telegram_tool\Telegram_Bot_Tool\.venv\Lib\site-packages\werkzeug\wrappers\request.py", line 647, in on_json_loading_failed
    raise UnsupportedMediaType(
werkzeug.exceptions.UnsupportedMediaType: 415 Unsupported Media Type: Did not attempt to load JSON data because the request Content-Type was not 'application/json'.
2025-05-02 16:22:28,718 - INFO - [Thread-7 (process_request_thread)] [_log] - 127.0.0.1 - - [02/May/2025 16:22:28] "[31m[1mPOST /register HTTP/1.1[0m" 400 -
2025-05-02 16:22:29,175 - INFO - [Thread-8 (process_request_thread)] [register_user] - Received registration request.
2025-05-02 16:22:29,176 - ERROR - [Thread-8 (process_request_thread)] [register_user] - Error parsing registration JSON data: 415 Unsupported Media Type: Did not attempt to load JSON data because the request Content-Type was not 'application/json'.
Traceback (most recent call last):
  File "E:\Telegram_tool\Telegram_Bot_Tool\routes.py", line 70, in register_user
    data = request.get_json() # <-- Get data as JSON dictionary
           ^^^^^^^^^^^^^^^^^^
  File "E:\Telegram_tool\Telegram_Bot_Tool\.venv\Lib\site-packages\werkzeug\wrappers\request.py", line 604, in get_json
    return self.on_json_loading_failed(None)
           ^^^^^^^^^^^^^^^^^^^^^^^^^^^^^^^^^
  File "E:\Telegram_tool\Telegram_Bot_Tool\.venv\Lib\site-packages\flask\wrappers.py", line 214, in on_json_loading_failed
    return super().on_json_loading_failed(e)
           ^^^^^^^^^^^^^^^^^^^^^^^^^^^^^^^^^
  File "E:\Telegram_tool\Telegram_Bot_Tool\.venv\Lib\site-packages\werkzeug\wrappers\request.py", line 647, in on_json_loading_failed
    raise UnsupportedMediaType(
werkzeug.exceptions.UnsupportedMediaType: 415 Unsupported Media Type: Did not attempt to load JSON data because the request Content-Type was not 'application/json'.
2025-05-02 16:22:29,178 - INFO - [Thread-8 (process_request_thread)] [_log] - 127.0.0.1 - - [02/May/2025 16:22:29] "[31m[1mPOST /register HTTP/1.1[0m" 400 -
2025-05-02 16:22:29,684 - INFO - [Thread-9 (process_request_thread)] [register_user] - Received registration request.
2025-05-02 16:22:29,685 - ERROR - [Thread-9 (process_request_thread)] [register_user] - Error parsing registration JSON data: 415 Unsupported Media Type: Did not attempt to load JSON data because the request Content-Type was not 'application/json'.
Traceback (most recent call last):
  File "E:\Telegram_tool\Telegram_Bot_Tool\routes.py", line 70, in register_user
    data = request.get_json() # <-- Get data as JSON dictionary
           ^^^^^^^^^^^^^^^^^^
  File "E:\Telegram_tool\Telegram_Bot_Tool\.venv\Lib\site-packages\werkzeug\wrappers\request.py", line 604, in get_json
    return self.on_json_loading_failed(None)
           ^^^^^^^^^^^^^^^^^^^^^^^^^^^^^^^^^
  File "E:\Telegram_tool\Telegram_Bot_Tool\.venv\Lib\site-packages\flask\wrappers.py", line 214, in on_json_loading_failed
    return super().on_json_loading_failed(e)
           ^^^^^^^^^^^^^^^^^^^^^^^^^^^^^^^^^
  File "E:\Telegram_tool\Telegram_Bot_Tool\.venv\Lib\site-packages\werkzeug\wrappers\request.py", line 647, in on_json_loading_failed
    raise UnsupportedMediaType(
werkzeug.exceptions.UnsupportedMediaType: 415 Unsupported Media Type: Did not attempt to load JSON data because the request Content-Type was not 'application/json'.
2025-05-02 16:22:29,691 - INFO - [Thread-9 (process_request_thread)] [_log] - 127.0.0.1 - - [02/May/2025 16:22:29] "[31m[1mPOST /register HTTP/1.1[0m" 400 -
2025-05-02 16:22:30,076 - INFO - [Thread-10 (process_request_thread)] [register_user] - Received registration request.
2025-05-02 16:22:30,078 - ERROR - [Thread-10 (process_request_thread)] [register_user] - Error parsing registration JSON data: 415 Unsupported Media Type: Did not attempt to load JSON data because the request Content-Type was not 'application/json'.
Traceback (most recent call last):
  File "E:\Telegram_tool\Telegram_Bot_Tool\routes.py", line 70, in register_user
    data = request.get_json() # <-- Get data as JSON dictionary
           ^^^^^^^^^^^^^^^^^^
  File "E:\Telegram_tool\Telegram_Bot_Tool\.venv\Lib\site-packages\werkzeug\wrappers\request.py", line 604, in get_json
    return self.on_json_loading_failed(None)
           ^^^^^^^^^^^^^^^^^^^^^^^^^^^^^^^^^
  File "E:\Telegram_tool\Telegram_Bot_Tool\.venv\Lib\site-packages\flask\wrappers.py", line 214, in on_json_loading_failed
    return super().on_json_loading_failed(e)
           ^^^^^^^^^^^^^^^^^^^^^^^^^^^^^^^^^
  File "E:\Telegram_tool\Telegram_Bot_Tool\.venv\Lib\site-packages\werkzeug\wrappers\request.py", line 647, in on_json_loading_failed
    raise UnsupportedMediaType(
werkzeug.exceptions.UnsupportedMediaType: 415 Unsupported Media Type: Did not attempt to load JSON data because the request Content-Type was not 'application/json'.
2025-05-02 16:22:30,080 - INFO - [Thread-10 (process_request_thread)] [_log] - 127.0.0.1 - - [02/May/2025 16:22:30] "[31m[1mPOST /register HTTP/1.1[0m" 400 -
2025-05-02 16:22:30,587 - INFO - [Thread-11 (process_request_thread)] [register_user] - Received registration request.
2025-05-02 16:22:30,588 - ERROR - [Thread-11 (process_request_thread)] [register_user] - Error parsing registration JSON data: 415 Unsupported Media Type: Did not attempt to load JSON data because the request Content-Type was not 'application/json'.
Traceback (most recent call last):
  File "E:\Telegram_tool\Telegram_Bot_Tool\routes.py", line 70, in register_user
    data = request.get_json() # <-- Get data as JSON dictionary
           ^^^^^^^^^^^^^^^^^^
  File "E:\Telegram_tool\Telegram_Bot_Tool\.venv\Lib\site-packages\werkzeug\wrappers\request.py", line 604, in get_json
    return self.on_json_loading_failed(None)
           ^^^^^^^^^^^^^^^^^^^^^^^^^^^^^^^^^
  File "E:\Telegram_tool\Telegram_Bot_Tool\.venv\Lib\site-packages\flask\wrappers.py", line 214, in on_json_loading_failed
    return super().on_json_loading_failed(e)
           ^^^^^^^^^^^^^^^^^^^^^^^^^^^^^^^^^
  File "E:\Telegram_tool\Telegram_Bot_Tool\.venv\Lib\site-packages\werkzeug\wrappers\request.py", line 647, in on_json_loading_failed
    raise UnsupportedMediaType(
werkzeug.exceptions.UnsupportedMediaType: 415 Unsupported Media Type: Did not attempt to load JSON data because the request Content-Type was not 'application/json'.
2025-05-02 16:22:30,593 - INFO - [Thread-11 (process_request_thread)] [_log] - 127.0.0.1 - - [02/May/2025 16:22:30] "[31m[1mPOST /register HTTP/1.1[0m" 400 -
2025-05-02 16:22:30,848 - INFO - [Thread-12 (process_request_thread)] [register_user] - Received registration request.
2025-05-02 16:22:30,849 - ERROR - [Thread-12 (process_request_thread)] [register_user] - Error parsing registration JSON data: 415 Unsupported Media Type: Did not attempt to load JSON data because the request Content-Type was not 'application/json'.
Traceback (most recent call last):
  File "E:\Telegram_tool\Telegram_Bot_Tool\routes.py", line 70, in register_user
    data = request.get_json() # <-- Get data as JSON dictionary
           ^^^^^^^^^^^^^^^^^^
  File "E:\Telegram_tool\Telegram_Bot_Tool\.venv\Lib\site-packages\werkzeug\wrappers\request.py", line 604, in get_json
    return self.on_json_loading_failed(None)
           ^^^^^^^^^^^^^^^^^^^^^^^^^^^^^^^^^
  File "E:\Telegram_tool\Telegram_Bot_Tool\.venv\Lib\site-packages\flask\wrappers.py", line 214, in on_json_loading_failed
    return super().on_json_loading_failed(e)
           ^^^^^^^^^^^^^^^^^^^^^^^^^^^^^^^^^
  File "E:\Telegram_tool\Telegram_Bot_Tool\.venv\Lib\site-packages\werkzeug\wrappers\request.py", line 647, in on_json_loading_failed
    raise UnsupportedMediaType(
werkzeug.exceptions.UnsupportedMediaType: 415 Unsupported Media Type: Did not attempt to load JSON data because the request Content-Type was not 'application/json'.
2025-05-02 16:22:30,851 - INFO - [Thread-12 (process_request_thread)] [_log] - 127.0.0.1 - - [02/May/2025 16:22:30] "[31m[1mPOST /register HTTP/1.1[0m" 400 -
2025-05-02 16:23:58,594 - INFO - [Thread-14 (process_request_thread)] [show_register_page] - Serving registration page.
2025-05-02 16:23:58,596 - INFO - [Thread-14 (process_request_thread)] [_log] - 127.0.0.1 - - [02/May/2025 16:23:58] "GET /register HTTP/1.1" 200 -
2025-05-02 16:23:58,876 - INFO - [Thread-15 (process_request_thread)] [show_register_page] - Serving registration page.
2025-05-02 16:23:58,877 - INFO - [Thread-15 (process_request_thread)] [_log] - 127.0.0.1 - - [02/May/2025 16:23:58] "GET /register HTTP/1.1" 200 -
2025-05-02 16:23:59,081 - INFO - [Thread-16 (process_request_thread)] [show_register_page] - Serving registration page.
2025-05-02 16:23:59,082 - INFO - [Thread-16 (process_request_thread)] [_log] - 127.0.0.1 - - [02/May/2025 16:23:59] "GET /register HTTP/1.1" 200 -
2025-05-02 16:23:59,258 - INFO - [Thread-17 (process_request_thread)] [show_register_page] - Serving registration page.
2025-05-02 16:23:59,259 - INFO - [Thread-17 (process_request_thread)] [_log] - 127.0.0.1 - - [02/May/2025 16:23:59] "GET /register HTTP/1.1" 200 -
2025-05-02 16:24:04,902 - INFO - [Thread-20 (process_request_thread)] [_log] - 192.168.1.19 - - [02/May/2025 16:24:04] "OPTIONS /register HTTP/1.1" 200 -
2025-05-02 16:24:04,908 - INFO - [Thread-21 (process_request_thread)] [register_user] - Received registration request.
2025-05-02 16:24:04,909 - INFO - [Thread-21 (process_request_thread)] [_log] - 192.168.1.19 - - [02/May/2025 16:24:04] "[31m[1mPOST /register HTTP/1.1[0m" 400 -
2025-05-02 16:25:07,789 - INFO - [Thread-22 (process_request_thread)] [show_register_page] - Serving registration page.
2025-05-02 16:25:07,923 - INFO - [Thread-22 (process_request_thread)] [_log] - 127.0.0.1 - - [02/May/2025 16:25:07] "GET /register HTTP/1.1" 200 -
2025-05-02 16:25:28,632 - INFO - [Thread-24 (process_request_thread)] [register_user] - Received registration request.
2025-05-02 16:25:28,633 - ERROR - [Thread-24 (process_request_thread)] [register_user] - Error parsing registration JSON data: 415 Unsupported Media Type: Did not attempt to load JSON data because the request Content-Type was not 'application/json'.
Traceback (most recent call last):
  File "E:\Telegram_tool\Telegram_Bot_Tool\routes.py", line 70, in register_user
    data = request.get_json() # <-- Get data as JSON dictionary
           ^^^^^^^^^^^^^^^^^^
  File "E:\Telegram_tool\Telegram_Bot_Tool\.venv\Lib\site-packages\werkzeug\wrappers\request.py", line 604, in get_json
    return self.on_json_loading_failed(None)
           ^^^^^^^^^^^^^^^^^^^^^^^^^^^^^^^^^
  File "E:\Telegram_tool\Telegram_Bot_Tool\.venv\Lib\site-packages\flask\wrappers.py", line 214, in on_json_loading_failed
    return super().on_json_loading_failed(e)
           ^^^^^^^^^^^^^^^^^^^^^^^^^^^^^^^^^
  File "E:\Telegram_tool\Telegram_Bot_Tool\.venv\Lib\site-packages\werkzeug\wrappers\request.py", line 647, in on_json_loading_failed
    raise UnsupportedMediaType(
werkzeug.exceptions.UnsupportedMediaType: 415 Unsupported Media Type: Did not attempt to load JSON data because the request Content-Type was not 'application/json'.
2025-05-02 16:25:28,641 - INFO - [Thread-24 (process_request_thread)] [_log] - 127.0.0.1 - - [02/May/2025 16:25:28] "[31m[1mPOST /register HTTP/1.1[0m" 400 -
2025-05-02 16:25:38,266 - INFO - [Thread-26 (process_request_thread)] [show_register_page] - Serving registration page.
2025-05-02 16:25:38,268 - INFO - [Thread-26 (process_request_thread)] [_log] - 127.0.0.1 - - [02/May/2025 16:25:38] "GET /register HTTP/1.1" 200 -
2025-05-02 16:25:38,359 - INFO - [Thread-27 (process_request_thread)] [_log] - 127.0.0.1 - - [02/May/2025 16:25:38] "[33mGET /favicon.ico HTTP/1.1[0m" 404 -
2025-05-02 16:25:47,070 - INFO - [Thread-28 (process_request_thread)] [show_register_page] - Serving registration page.
2025-05-02 16:25:47,072 - INFO - [Thread-28 (process_request_thread)] [_log] - 127.0.0.1 - - [02/May/2025 16:25:47] "GET /register HTTP/1.1" 200 -
2025-05-02 16:28:39,443 - INFO - [MainThread] [_log] -  * Detected change in 'E:\\Telegram_tool\\Telegram_Bot_Tool\\routes.py', reloading
