2025-04-29 15:58:06,516 - INFO - [MainThread] [<module>] - ============================================================
2025-04-29 15:58:06,516 - INFO - [MainThread] [<module>] - Logging configured. Level: INFO. Log file: Selenium-Logs\app_20250429_155806.log
2025-04-29 15:58:06,517 - INFO - [MainThread] [<module>] - Primary Chat ID: -4603853425
2025-04-29 15:58:06,517 - INFO - [MainThread] [<module>] - All Target Chat IDs: ['-4603853425']
2025-04-29 15:58:06,517 - INFO - [MainThread] [<module>] - Chunk Size: 20971520 bytes
2025-04-29 15:58:06,518 - INFO - [MainThread] [<module>] - API Timeouts (Connect/Read): 10s / 60s
2025-04-29 15:58:06,518 - INFO - [MainThread] [<module>] - API Retries: 3 attempts, 2s delay
2025-04-29 15:58:06,519 - INFO - [MainThread] [<module>] - Max Upload Workers: 3
2025-04-29 15:58:06,519 - INFO - [MainThread] [<module>] - Max Download Workers: 12
2025-04-29 15:58:06,519 - INFO - [MainThread] [<module>] - ============================================================
2025-04-29 15:58:06,520 - INFO - [MainThread] [<module>] - Configuration loaded successfully.
2025-04-29 15:58:06,520 - INFO - [MainThread] [<module>] - Utility functions defined.
2025-04-29 15:58:06,522 - INFO - [MainThread] [<module>] - Custom Jinja filter 'format_bytes' registered.
2025-04-29 15:58:06,522 - INFO - [MainThread] [<module>] - Flask-CORS initialized. Allowing origins: http://localhost:4200
2025-04-29 15:58:06,522 - INFO - [MainThread] [<module>] - Flask application initialized.
2025-04-29 15:58:06,523 - INFO - [MainThread] [<module>] - Global state variables initialized (upload_progress_data, download_prep_data).
2025-04-29 15:58:06,525 - INFO - [MainThread] [<module>] - Custom Jinja filter 'format_bytes' registered.
2025-04-29 15:58:06,525 - INFO - [MainThread] [<module>] - Flask-CORS initialized. Allowing origins: http://localhost:4200
2025-04-29 15:58:06,526 - INFO - [MainThread] [<module>] - Flask application initialized.
2025-04-29 15:58:06,526 - INFO - [MainThread] [<module>] - Global state variables initialized (upload_progress_data, download_prep_data).
2025-04-29 15:58:06,981 - INFO - [MainThread] [<module>] - Initialized requests.Session for Telegram API calls.
2025-04-29 15:58:06,981 - INFO - [MainThread] [<module>] - Telegram API functions defined with Session and Retries.
2025-04-29 15:58:06,985 - INFO - [MainThread] [<module>] - Flask routes defined using configurable workers and linter fixes.
2025-04-29 15:58:06,986 - INFO - [MainThread] [<module>] - Starting Flask development server...
2025-04-29 15:58:07,019 - WARNING - [MainThread] [_log] -  * Debugger is active!
2025-04-29 15:58:07,024 - INFO - [MainThread] [_log] -  * Debugger PIN: 107-410-311
2025-04-29 16:01:22,706 - INFO - [MainThread] [_log] -  * Detected change in 'E:\\Telegram_tool\\Telegram_Bot_Tool\\config.py', reloading
