2025-05-02 12:33:29,888 - INFO - [MainThread] [<module>] - ============================================================
2025-05-02 12:33:29,888 - INFO - [MainThread] [<module>] - Logging configured. Level: INFO. Log file: Selenium-Logs\app_20250502_123329.log
2025-05-02 12:33:29,888 - INFO - [MainThread] [<module>] - Primary Chat ID: -4603853425
2025-05-02 12:33:29,888 - INFO - [MainThread] [<module>] - All Target Chat IDs: ['-4603853425', '-1002614397019', '-4641852757']
2025-05-02 12:33:29,888 - INFO - [MainThread] [<module>] - Chunk Size: 20.0 MB (20971520 bytes)
2025-05-02 12:33:29,888 - INFO - [MainThread] [<module>] - API Timeouts (Connect/Read): 10s / 60s
2025-05-02 12:33:29,888 - INFO - [MainThread] [<module>] - API Retries: 3 attempts, 2s delay
2025-05-02 12:33:29,888 - INFO - [MainThread] [<module>] - Max Upload Workers: 5
2025-05-02 12:33:29,888 - INFO - [MainThread] [<module>] - Max Download Workers: 12
2025-05-02 12:33:29,888 - INFO - [MainThread] [<module>] - ============================================================
2025-05-02 12:33:29,888 - INFO - [MainThread] [<module>] - Configuration loaded successfully.
2025-05-02 12:33:29,888 - INFO - [MainThread] [<module>] - Custom Jinja filter 'format_bytes' registered.
2025-05-02 12:33:29,888 - INFO - [MainThread] [<module>] - Flask-CORS initialized. Allowing origins: http://localhost:4200
2025-05-02 12:33:29,888 - INFO - [MainThread] [<module>] - Flask application initialized.
2025-05-02 12:33:29,888 - INFO - [MainThread] [<module>] - Global state variables initialized (upload_progress_data, download_prep_data).
2025-05-02 12:33:29,900 - INFO - [MainThread] [<module>] - Custom Jinja filter 'format_bytes' registered.
2025-05-02 12:33:29,900 - INFO - [MainThread] [<module>] - Flask-CORS initialized. Allowing origins: http://localhost:4200
2025-05-02 12:33:29,901 - INFO - [MainThread] [<module>] - Flask application initialized.
2025-05-02 12:33:29,901 - INFO - [MainThread] [<module>] - Global state variables initialized (upload_progress_data, download_prep_data).
2025-05-02 12:33:30,088 - INFO - [MainThread] [<module>] - Database module initialized.
2025-05-02 12:33:30,548 - INFO - [MainThread] [<module>] - Initialized requests.Session for Telegram API calls.
2025-05-02 12:33:30,548 - INFO - [MainThread] [<module>] - Telegram API functions defined with Session and Retries.
2025-05-02 12:33:30,558 - INFO - [MainThread] [<module>] - Flask routes defined using configurable workers and linter fixes.
2025-05-02 12:33:30,558 - INFO - [MainThread] [<module>] - Starting Flask development server...
2025-05-02 12:33:30,591 - WARNING - [MainThread] [_log] -  * Debugger is active!
2025-05-02 12:33:30,591 - INFO - [MainThread] [_log] -  * Debugger PIN: 107-410-311
2025-05-02 12:35:56,764 - INFO - [Thread-2 (process_request_thread)] [initiate_upload] - Request initiate upload.
2025-05-02 12:35:56,764 - INFO - [Thread-2 (process_request_thread)] [initiate_upload] - [3320f173-20b2-4080-8693-22a170c3b3b4] Temp storage: uploads_temp\3320f173-20b2-4080-8693-22a170c3b3b4_404_error.html
2025-05-02 12:35:56,774 - INFO - [Thread-2 (process_request_thread)] [initiate_upload] - [3320f173-20b2-4080-8693-22a170c3b3b4] Temp saved: '404_error.html'.
2025-05-02 12:35:56,779 - INFO - [Thread-2 (process_request_thread)] [_log] - 127.0.0.1 - - [02/May/2025 12:35:56] "POST /initiate-upload HTTP/1.1" 200 -
2025-05-02 12:35:56,813 - INFO - [Thread-3 (process_request_thread)] [stream_progress] - SSE connect request for upload_id: 3320f173-20b2-4080-8693-22a170c3b3b4
2025-05-02 12:35:56,814 - INFO - [Thread-3 (process_request_thread)] [process_upload_and_generate_updates] - [3320f173-20b2-4080-8693-22a170c3b3b4] Starting processing generator...
2025-05-02 12:35:56,815 - INFO - [Thread-3 (process_request_thread)] [process_upload_and_generate_updates] - [3320f173-20b2-4080-8693-22a170c3b3b4] Processing: User='admin', File='404_error.html'
2025-05-02 12:35:56,815 - INFO - [Thread-3 (process_request_thread)] [process_upload_and_generate_updates] - [3320f173-20b2-4080-8693-22a170c3b3b4] Initialized Upload Executor (max=5)
2025-05-02 12:35:56,816 - INFO - [Thread-3 (process_request_thread)] [_log] - 127.0.0.1 - - [02/May/2025 12:35:56] "GET /stream-progress/3320f173-20b2-4080-8693-22a170c3b3b4 HTTP/1.1" 200 -
2025-05-02 12:35:56,816 - INFO - [Thread-3 (process_request_thread)] [process_upload_and_generate_updates] - [3320f173-20b2-4080-8693-22a170c3b3b4] Access ID: f869303da4
2025-05-02 12:35:56,817 - INFO - [Thread-3 (process_request_thread)] [process_upload_and_generate_updates] - [3320f173-20b2-4080-8693-22a170c3b3b4] Single file workflow.
2025-05-02 12:35:56,834 - INFO - [Thread-3 (process_request_thread)] [process_upload_and_generate_updates] - [3320f173-20b2-4080-8693-22a170c3b3b4] Compressed size: 917
2025-05-02 12:35:56,848 - INFO - [Upload_3320_0] [_send_single_file_task] - [3320f173-20b2-4080-8693-22a170c3b3b4] T> Sending '404_error.zip' (917b) to -4603853425
2025-05-02 12:35:56,848 - INFO - [Upload_3320_1] [_send_single_file_task] - [3320f173-20b2-4080-8693-22a170c3b3b4] T> Sending '404_error.zip' (917b) to -1002614397019
2025-05-02 12:35:56,848 - INFO - [Upload_3320_0] [send_file_to_telegram] - [ChatID -4603853425, File '404_error.zip'] Attempting send.
2025-05-02 12:35:56,848 - INFO - [Upload_3320_2] [_send_single_file_task] - [3320f173-20b2-4080-8693-22a170c3b3b4] T> Sending '404_error.zip' (917b) to -4641852757
2025-05-02 12:35:56,849 - INFO - [Thread-3 (process_request_thread)] [process_upload_and_generate_updates] - [3320f173-20b2-4080-8693-22a170c3b3b4] Submitted 3 single-file tasks.
2025-05-02 12:35:56,849 - INFO - [Upload_3320_1] [send_file_to_telegram] - [ChatID -1002614397019, File '404_error.zip'] Attempting send.
2025-05-02 12:35:56,849 - INFO - [Upload_3320_2] [send_file_to_telegram] - [ChatID -4641852757, File '404_error.zip'] Attempting send.
2025-05-02 12:35:56,850 - INFO - [Thread-3 (process_request_thread)] [process_upload_and_generate_updates] - [3320f173-20b2-4080-8693-22a170c3b3b4] Wait primary (-4603853425)...
2025-05-02 12:35:57,830 - INFO - [Upload_3320_2] [send_file_to_telegram] - [ChatID -4641852757, File '404_error.zip'] API success (Attempt 1).
2025-05-02 12:35:57,831 - INFO - [Upload_3320_2] [_send_single_file_task] - [3320f173-20b2-4080-8693-22a170c3b3b4] T> Sent '404_error.zip' to -4641852757. Success: True
2025-05-02 12:35:57,848 - INFO - [Upload_3320_1] [send_file_to_telegram] - [ChatID -1002614397019, File '404_error.zip'] API success (Attempt 1).
2025-05-02 12:35:57,848 - INFO - [Upload_3320_1] [_send_single_file_task] - [3320f173-20b2-4080-8693-22a170c3b3b4] T> Sent '404_error.zip' to -1002614397019. Success: True
2025-05-02 12:35:57,898 - INFO - [Upload_3320_0] [send_file_to_telegram] - [ChatID -4603853425, File '404_error.zip'] API success (Attempt 1).
2025-05-02 12:35:57,899 - INFO - [Upload_3320_0] [_send_single_file_task] - [3320f173-20b2-4080-8693-22a170c3b3b4] T> Sent '404_error.zip' to -4603853425. Success: True
2025-05-02 12:35:57,899 - INFO - [Thread-3 (process_request_thread)] [process_upload_and_generate_updates] - [3320f173-20b2-4080-8693-22a170c3b3b4] Primary done. OK:True
2025-05-02 12:35:57,900 - INFO - [Thread-3 (process_request_thread)] [process_upload_and_generate_updates] - [3320f173-20b2-4080-8693-22a170c3b3b4] Wait backups...
2025-05-02 12:35:57,900 - INFO - [Thread-3 (process_request_thread)] [process_upload_and_generate_updates] - [3320f173-20b2-4080-8693-22a170c3b3b4] Single sends done in 1.05s.
2025-05-02 12:35:57,900 - INFO - [Thread-3 (process_request_thread)] [process_upload_and_generate_updates] - [3320f173-20b2-4080-8693-22a170c3b3b4] Success: 3/3
2025-05-02 12:35:57,901 - INFO - [Thread-3 (process_request_thread)] [process_upload_and_generate_updates] - [3320f173-20b2-4080-8693-22a170c3b3b4] Attempting to save metadata to DB...
2025-05-02 12:35:57,902 - INFO - [Thread-3 (process_request_thread)] [_connect_to_db] - Attempting to connect to MongoDB Atlas host: telegrambot.6armfs2.mongodb.net...
2025-05-02 12:35:58,817 - INFO - [Thread-3 (process_request_thread)] [_connect_to_db] - ✅ Successfully connected and pinged MongoDB Atlas!
2025-05-02 12:35:58,818 - INFO - [Thread-3 (process_request_thread)] [get_db] - Accessed database: Telegrambot
2025-05-02 12:35:58,818 - INFO - [Thread-3 (process_request_thread)] [get_metadata_collection] - Accessed collection: user_files
2025-05-02 12:35:58,861 - INFO - [Thread-3 (process_request_thread)] [save_file_metadata] - Successfully inserted metadata for access_id: f869303da4
2025-05-02 12:35:58,863 - INFO - [Thread-3 (process_request_thread)] [process_upload_and_generate_updates] - [3320f173-20b2-4080-8693-22a170c3b3b4] Metadata successfully saved to DB. Msg: Metadata inserted (ID: 68146ed61969d4a304aec1d5).
2025-05-02 12:35:58,864 - INFO - [Thread-3 (process_request_thread)] [process_upload_and_generate_updates] - [3320f173-20b2-4080-8693-22a170c3b3b4] Upload generator cleanup.
2025-05-02 12:35:58,876 - INFO - [Thread-3 (process_request_thread)] [process_upload_and_generate_updates] - [3320f173-20b2-4080-8693-22a170c3b3b4] Upload executor shutdown.
2025-05-02 12:35:58,885 - INFO - [Thread-3 (process_request_thread)] [_safe_remove_file] - [3320f173-20b2-4080-8693-22a170c3b3b4] Cleaned up original temp: uploads_temp\3320f173-20b2-4080-8693-22a170c3b3b4_404_error.html
2025-05-02 12:35:58,886 - INFO - [Thread-3 (process_request_thread)] [process_upload_and_generate_updates] - [3320f173-20b2-4080-8693-22a170c3b3b4] Upload generator finished. Status: completed
2025-05-02 12:36:38,469 - INFO - [Thread-4 (process_request_thread)] [index] - Serving index page.
2025-05-02 12:36:38,494 - INFO - [Thread-4 (process_request_thread)] [_log] - 127.0.0.1 - - [02/May/2025 12:36:38] "GET / HTTP/1.1" 200 -
2025-05-02 12:36:48,237 - INFO - [Thread-5 (process_request_thread)] [initiate_upload] - Request initiate upload.
2025-05-02 12:36:48,237 - INFO - [Thread-5 (process_request_thread)] [initiate_upload] - [a314deaa-e0cb-428d-803f-475e2318d59e] Temp storage: uploads_temp\a314deaa-e0cb-428d-803f-475e2318d59e_gitattributes (4)
2025-05-02 12:36:48,239 - INFO - [Thread-5 (process_request_thread)] [initiate_upload] - [a314deaa-e0cb-428d-803f-475e2318d59e] Temp saved: 'gitattributes (4)'.
2025-05-02 12:36:48,239 - INFO - [Thread-5 (process_request_thread)] [_log] - 127.0.0.1 - - [02/May/2025 12:36:48] "POST /initiate-upload HTTP/1.1" 200 -
2025-05-02 12:36:48,263 - INFO - [Thread-6 (process_request_thread)] [stream_progress] - SSE connect request for upload_id: a314deaa-e0cb-428d-803f-475e2318d59e
2025-05-02 12:36:48,263 - INFO - [Thread-6 (process_request_thread)] [process_upload_and_generate_updates] - [a314deaa-e0cb-428d-803f-475e2318d59e] Starting processing generator...
2025-05-02 12:36:48,263 - INFO - [Thread-6 (process_request_thread)] [process_upload_and_generate_updates] - [a314deaa-e0cb-428d-803f-475e2318d59e] Processing: User='admin', File='gitattributes (4)'
2025-05-02 12:36:48,263 - INFO - [Thread-6 (process_request_thread)] [process_upload_and_generate_updates] - [a314deaa-e0cb-428d-803f-475e2318d59e] Initialized Upload Executor (max=5)
2025-05-02 12:36:48,276 - INFO - [Thread-6 (process_request_thread)] [_log] - 127.0.0.1 - - [02/May/2025 12:36:48] "GET /stream-progress/a314deaa-e0cb-428d-803f-475e2318d59e HTTP/1.1" 200 -
2025-05-02 12:36:48,279 - INFO - [Thread-6 (process_request_thread)] [process_upload_and_generate_updates] - [a314deaa-e0cb-428d-803f-475e2318d59e] Access ID: 3ff204146a
2025-05-02 12:36:48,282 - INFO - [Thread-6 (process_request_thread)] [process_upload_and_generate_updates] - [a314deaa-e0cb-428d-803f-475e2318d59e] Single file workflow.
2025-05-02 12:36:48,296 - INFO - [Thread-6 (process_request_thread)] [process_upload_and_generate_updates] - [a314deaa-e0cb-428d-803f-475e2318d59e] Compressed size: 194
2025-05-02 12:36:48,297 - INFO - [Upload_a314_0] [_send_single_file_task] - [a314deaa-e0cb-428d-803f-475e2318d59e] T> Sending 'gitattributes (4).zip' (194b) to -4603853425
2025-05-02 12:36:48,298 - INFO - [Upload_a314_1] [_send_single_file_task] - [a314deaa-e0cb-428d-803f-475e2318d59e] T> Sending 'gitattributes (4).zip' (194b) to -1002614397019
2025-05-02 12:36:48,298 - INFO - [Upload_a314_0] [send_file_to_telegram] - [ChatID -4603853425, File 'gitattributes (4).zip'] Attempting send.
2025-05-02 12:36:48,303 - INFO - [Upload_a314_2] [_send_single_file_task] - [a314deaa-e0cb-428d-803f-475e2318d59e] T> Sending 'gitattributes (4).zip' (194b) to -4641852757
2025-05-02 12:36:48,306 - INFO - [Thread-6 (process_request_thread)] [process_upload_and_generate_updates] - [a314deaa-e0cb-428d-803f-475e2318d59e] Submitted 3 single-file tasks.
2025-05-02 12:36:48,311 - INFO - [Upload_a314_1] [send_file_to_telegram] - [ChatID -1002614397019, File 'gitattributes (4).zip'] Attempting send.
2025-05-02 12:36:48,314 - INFO - [Upload_a314_2] [send_file_to_telegram] - [ChatID -4641852757, File 'gitattributes (4).zip'] Attempting send.
2025-05-02 12:36:48,317 - INFO - [Thread-6 (process_request_thread)] [process_upload_and_generate_updates] - [a314deaa-e0cb-428d-803f-475e2318d59e] Wait primary (-4603853425)...
2025-05-02 12:36:48,808 - INFO - [Upload_a314_2] [send_file_to_telegram] - [ChatID -4641852757, File 'gitattributes (4).zip'] API success (Attempt 1).
2025-05-02 12:36:48,809 - INFO - [Upload_a314_2] [_send_single_file_task] - [a314deaa-e0cb-428d-803f-475e2318d59e] T> Sent 'gitattributes (4).zip' to -4641852757. Success: True
2025-05-02 12:36:48,834 - INFO - [Upload_a314_1] [send_file_to_telegram] - [ChatID -1002614397019, File 'gitattributes (4).zip'] API success (Attempt 1).
2025-05-02 12:36:48,835 - INFO - [Upload_a314_1] [_send_single_file_task] - [a314deaa-e0cb-428d-803f-475e2318d59e] T> Sent 'gitattributes (4).zip' to -1002614397019. Success: True
2025-05-02 12:36:48,975 - INFO - [Upload_a314_0] [send_file_to_telegram] - [ChatID -4603853425, File 'gitattributes (4).zip'] API success (Attempt 1).
2025-05-02 12:36:48,975 - INFO - [Upload_a314_0] [_send_single_file_task] - [a314deaa-e0cb-428d-803f-475e2318d59e] T> Sent 'gitattributes (4).zip' to -4603853425. Success: True
2025-05-02 12:36:48,976 - INFO - [Thread-6 (process_request_thread)] [process_upload_and_generate_updates] - [a314deaa-e0cb-428d-803f-475e2318d59e] Primary done. OK:True
2025-05-02 12:36:48,976 - INFO - [Thread-6 (process_request_thread)] [process_upload_and_generate_updates] - [a314deaa-e0cb-428d-803f-475e2318d59e] Wait backups...
2025-05-02 12:36:48,977 - INFO - [Thread-6 (process_request_thread)] [process_upload_and_generate_updates] - [a314deaa-e0cb-428d-803f-475e2318d59e] Single sends done in 0.68s.
2025-05-02 12:36:48,977 - INFO - [Thread-6 (process_request_thread)] [process_upload_and_generate_updates] - [a314deaa-e0cb-428d-803f-475e2318d59e] Success: 3/3
2025-05-02 12:36:48,978 - INFO - [Thread-6 (process_request_thread)] [process_upload_and_generate_updates] - [a314deaa-e0cb-428d-803f-475e2318d59e] Attempting to save metadata to DB...
2025-05-02 12:36:49,008 - INFO - [Thread-6 (process_request_thread)] [save_file_metadata] - Successfully inserted metadata for access_id: 3ff204146a
2025-05-02 12:36:49,010 - INFO - [Thread-6 (process_request_thread)] [process_upload_and_generate_updates] - [a314deaa-e0cb-428d-803f-475e2318d59e] Metadata successfully saved to DB. Msg: Metadata inserted (ID: 68146f091969d4a304aec1d9).
2025-05-02 12:36:49,013 - INFO - [Thread-6 (process_request_thread)] [process_upload_and_generate_updates] - [a314deaa-e0cb-428d-803f-475e2318d59e] Upload generator cleanup.
2025-05-02 12:36:49,038 - INFO - [Thread-6 (process_request_thread)] [process_upload_and_generate_updates] - [a314deaa-e0cb-428d-803f-475e2318d59e] Upload executor shutdown.
2025-05-02 12:36:49,044 - INFO - [Thread-6 (process_request_thread)] [_safe_remove_file] - [a314deaa-e0cb-428d-803f-475e2318d59e] Cleaned up original temp: uploads_temp\a314deaa-e0cb-428d-803f-475e2318d59e_gitattributes (4)
2025-05-02 12:36:49,046 - INFO - [Thread-6 (process_request_thread)] [process_upload_and_generate_updates] - [a314deaa-e0cb-428d-803f-475e2318d59e] Upload generator finished. Status: completed
2025-05-02 12:36:58,985 - INFO - [Thread-7 (process_request_thread)] [list_user_files] - List files request for: 'admin'
2025-05-02 12:36:58,986 - INFO - [Thread-7 (process_request_thread)] [list_user_files] - Fetching files for user 'admin' from DB...
2025-05-02 12:36:59,015 - INFO - [Thread-7 (process_request_thread)] [find_metadata_by_username] - Found 6 metadata records for username: admin
2025-05-02 12:36:59,015 - INFO - [Thread-7 (process_request_thread)] [list_user_files] - Found 6 records for 'admin'.
2025-05-02 12:36:59,016 - INFO - [Thread-7 (process_request_thread)] [_log] - 127.0.0.1 - - [02/May/2025 12:36:59] "GET /files/admin HTTP/1.1" 200 -
2025-05-02 12:37:02,842 - INFO - [Thread-8 (process_request_thread)] [prepare_download_stream] - [eb427154-a133-4647-8e84-a39b71663660] SSE download prep request: User='admin', File='gitattributes (4)'
2025-05-02 12:37:02,843 - INFO - [Thread-8 (process_request_thread)] [_prepare_download_and_generate_updates] - [eb427154-a133-4647-8e84-a39b71663660] Download prep generator started.
2025-05-02 12:37:02,844 - INFO - [Thread-8 (process_request_thread)] [_log] - 127.0.0.1 - - [02/May/2025 12:37:02] "GET /prepare-download/admin/gitattributes%20(4) HTTP/1.1" 200 -
2025-05-02 12:37:02,974 - INFO - [Thread-8 (process_request_thread)] [find_metadata_by_username] - Found 6 metadata records for username: admin
2025-05-02 12:37:02,974 - INFO - [Thread-8 (process_request_thread)] [_prepare_download_and_generate_updates] - [eb427154-a133-4647-8e84-a39b71663660] Successfully found metadata for download preparation.
2025-05-02 12:37:02,975 - INFO - [Thread-8 (process_request_thread)] [_prepare_download_and_generate_updates] - [eb427154-a133-4647-8e84-a39b71663660] Meta: 'gitattributes (4)', User:admin, Size:66, Split:False, Comp:True
2025-05-02 12:37:03,176 - INFO - [Thread-8 (process_request_thread)] [_prepare_download_and_generate_updates] - [eb427154-a133-4647-8e84-a39b71663660] Preparing non-split file.
2025-05-02 12:37:03,176 - WARNING - [Thread-8 (process_request_thread)] [_prepare_download_and_generate_updates] - [eb427154-a133-4647-8e84-a39b71663660] Comp size missing single.
2025-05-02 12:37:03,179 - INFO - [Thread-8 (process_request_thread)] [download_telegram_file_content] - [FileID BQACAgUAAxkDAAIGSGgUbwjojCUx-K_N52kUCB0JXoHSAAIsFQACkvGpVMDLSfqnKhLiNgQ] Attempting download.
2025-05-02 12:37:03,672 - INFO - [Thread-8 (process_request_thread)] [download_telegram_file_content] - [FileID BQACAgUAAxkDAAIGSGgUbwjojCUx-K_N52kUCB0JXoHSAAIsFQACkvGpVMDLSfqnKhLiNgQ] Got DL URL (Attempt 1): https://api.telegram.org/file/bot7812479394:AAFrzOcHGKfc-1iOUbVEkptJkooaJrXHAxs/documents/file_645.zip
2025-05-02 12:37:03,672 - INFO - [Thread-8 (process_request_thread)] [download_telegram_file_content] - [FileID BQACAgUAAxkDAAIGSGgUbwjojCUx-K_N52kUCB0JXoHSAAIsFQACkvGpVMDLSfqnKhLiNgQ] Attempting content download from URL.
2025-05-02 12:37:03,824 - INFO - [Thread-8 (process_request_thread)] [download_telegram_file_content] - [FileID BQACAgUAAxkDAAIGSGgUbwjojCUx-K_N52kUCB0JXoHSAAIsFQACkvGpVMDLSfqnKhLiNgQ] Downloaded 194 bytes (Attempt 1).
2025-05-02 12:37:03,824 - INFO - [Thread-8 (process_request_thread)] [_prepare_download_and_generate_updates] - [eb427154-a133-4647-8e84-a39b71663660] TG dl (194 bytes) in 0.65s. Avg Speed: 0.00 MB/s
2025-05-02 12:37:03,827 - INFO - [Thread-8 (process_request_thread)] [_prepare_download_and_generate_updates] - [eb427154-a133-4647-8e84-a39b71663660] Final file ready: 'E:\Telegram_tool\Telegram_Bot_Tool\uploads_temp\dl_final_eb427154-a133-4647-8e84-a39b71663660__cb2bi3q', Size: 66.
2025-05-02 12:37:03,931 - INFO - [Thread-8 (process_request_thread)] [_prepare_download_and_generate_updates] - [eb427154-a133-4647-8e84-a39b71663660] Prep complete. Sent 'ready'.
2025-05-02 12:37:03,932 - INFO - [Thread-8 (process_request_thread)] [_prepare_download_and_generate_updates] - [eb427154-a133-4647-8e84-a39b71663660] Download prep generator cleanup.
2025-05-02 12:37:03,933 - INFO - [Thread-8 (process_request_thread)] [_prepare_download_and_generate_updates] - [eb427154-a133-4647-8e84-a39b71663660] Download prep generator task ended.
2025-05-02 12:37:03,941 - INFO - [Thread-9 (process_request_thread)] [serve_temp_file] - Request serve temp file ID: eb427154-a133-4647-8e84-a39b71663660, Filename: gitattributes (4)
2025-05-02 12:37:03,942 - INFO - [Thread-9 (process_request_thread)] [serve_temp_file] - [eb427154-a133-4647-8e84-a39b71663660] Preparing streaming response for 'gitattributes (4)'.
2025-05-02 12:37:03,943 - INFO - [Thread-9 (process_request_thread)] [generate_stream] - [eb427154-a133-4647-8e84-a39b71663660] Scheduled cleanup in 120s for path: E:\Telegram_tool\Telegram_Bot_Tool\uploads_temp\dl_final_eb427154-a133-4647-8e84-a39b71663660__cb2bi3q
2025-05-02 12:37:03,945 - INFO - [Thread-9 (process_request_thread)] [_log] - 127.0.0.1 - - [02/May/2025 12:37:03] "GET /serve-temp-file/eb427154-a133-4647-8e84-a39b71663660/gitattributes%20(4) HTTP/1.1" 200 -
2025-05-02 12:37:03,945 - INFO - [Thread-9 (process_request_thread)] [generate_stream] - [eb427154-a133-4647-8e84-a39b71663660] Finished streaming file.
2025-05-02 12:37:15,659 - INFO - [Thread-11 (process_request_thread)] [delete_file_record] - DELETE request user='admin', file='gitattributes (4)'
2025-05-02 12:37:15,661 - INFO - [Thread-11 (process_request_thread)] [delete_file_record] - Attempting delete from DB: User='admin', File='gitattributes (4)'
2025-05-02 12:37:15,691 - INFO - [Thread-11 (process_request_thread)] [delete_metadata_by_filename] - Deleted 1 metadata record(s) for user 'admin', filename 'gitattributes (4)'.
2025-05-02 12:37:15,692 - INFO - [Thread-11 (process_request_thread)] [delete_file_record] - Successfully deleted 1 record(s) for 'admin/gitattributes (4)' from DB.
2025-05-02 12:37:15,693 - INFO - [Thread-11 (process_request_thread)] [_log] - 127.0.0.1 - - [02/May/2025 12:37:15] "DELETE /delete-file/admin/gitattributes%20(4) HTTP/1.1" 200 -
2025-05-02 12:37:32,834 - INFO - [Thread-12 (process_request_thread)] [initiate_upload] - Request initiate upload.
2025-05-02 12:37:32,835 - INFO - [Thread-12 (process_request_thread)] [initiate_upload] - [ff98f490-9bec-45a7-adcf-88eaf1307dd9] Temp storage: uploads_temp\ff98f490-9bec-45a7-adcf-88eaf1307dd9_gitattributes (4)
2025-05-02 12:37:32,837 - INFO - [Thread-12 (process_request_thread)] [initiate_upload] - [ff98f490-9bec-45a7-adcf-88eaf1307dd9] Temp saved: 'gitattributes (4)'.
2025-05-02 12:37:32,839 - INFO - [Thread-12 (process_request_thread)] [_log] - 127.0.0.1 - - [02/May/2025 12:37:32] "POST /initiate-upload HTTP/1.1" 200 -
2025-05-02 12:37:32,848 - INFO - [Thread-13 (process_request_thread)] [stream_progress] - SSE connect request for upload_id: ff98f490-9bec-45a7-adcf-88eaf1307dd9
2025-05-02 12:37:32,849 - INFO - [Thread-13 (process_request_thread)] [process_upload_and_generate_updates] - [ff98f490-9bec-45a7-adcf-88eaf1307dd9] Starting processing generator...
2025-05-02 12:37:32,849 - INFO - [Thread-13 (process_request_thread)] [process_upload_and_generate_updates] - [ff98f490-9bec-45a7-adcf-88eaf1307dd9] Processing: User='admin', File='gitattributes (4)'
2025-05-02 12:37:32,850 - INFO - [Thread-13 (process_request_thread)] [process_upload_and_generate_updates] - [ff98f490-9bec-45a7-adcf-88eaf1307dd9] Initialized Upload Executor (max=5)
2025-05-02 12:37:32,888 - INFO - [Thread-13 (process_request_thread)] [_log] - 127.0.0.1 - - [02/May/2025 12:37:32] "GET /stream-progress/ff98f490-9bec-45a7-adcf-88eaf1307dd9 HTTP/1.1" 200 -
2025-05-02 12:37:32,896 - INFO - [Thread-13 (process_request_thread)] [process_upload_and_generate_updates] - [ff98f490-9bec-45a7-adcf-88eaf1307dd9] Access ID: c909b33eb4
2025-05-02 12:37:32,897 - INFO - [Thread-13 (process_request_thread)] [process_upload_and_generate_updates] - [ff98f490-9bec-45a7-adcf-88eaf1307dd9] Single file workflow.
2025-05-02 12:37:32,934 - INFO - [Thread-13 (process_request_thread)] [process_upload_and_generate_updates] - [ff98f490-9bec-45a7-adcf-88eaf1307dd9] Compressed size: 194
2025-05-02 12:37:32,945 - INFO - [Upload_ff98_0] [_send_single_file_task] - [ff98f490-9bec-45a7-adcf-88eaf1307dd9] T> Sending 'gitattributes (4).zip' (194b) to -4603853425
2025-05-02 12:37:32,946 - INFO - [Upload_ff98_1] [_send_single_file_task] - [ff98f490-9bec-45a7-adcf-88eaf1307dd9] T> Sending 'gitattributes (4).zip' (194b) to -1002614397019
2025-05-02 12:37:32,947 - INFO - [Upload_ff98_0] [send_file_to_telegram] - [ChatID -4603853425, File 'gitattributes (4).zip'] Attempting send.
2025-05-02 12:37:32,949 - INFO - [Upload_ff98_1] [send_file_to_telegram] - [ChatID -1002614397019, File 'gitattributes (4).zip'] Attempting send.
2025-05-02 12:37:32,950 - INFO - [Upload_ff98_2] [_send_single_file_task] - [ff98f490-9bec-45a7-adcf-88eaf1307dd9] T> Sending 'gitattributes (4).zip' (194b) to -4641852757
2025-05-02 12:37:32,950 - INFO - [Thread-13 (process_request_thread)] [process_upload_and_generate_updates] - [ff98f490-9bec-45a7-adcf-88eaf1307dd9] Submitted 3 single-file tasks.
2025-05-02 12:37:32,953 - INFO - [Upload_ff98_2] [send_file_to_telegram] - [ChatID -4641852757, File 'gitattributes (4).zip'] Attempting send.
2025-05-02 12:37:32,954 - INFO - [Thread-13 (process_request_thread)] [process_upload_and_generate_updates] - [ff98f490-9bec-45a7-adcf-88eaf1307dd9] Wait primary (-4603853425)...
2025-05-02 12:37:33,448 - INFO - [Upload_ff98_0] [send_file_to_telegram] - [ChatID -4603853425, File 'gitattributes (4).zip'] API success (Attempt 1).
2025-05-02 12:37:33,449 - INFO - [Upload_ff98_0] [_send_single_file_task] - [ff98f490-9bec-45a7-adcf-88eaf1307dd9] T> Sent 'gitattributes (4).zip' to -4603853425. Success: True
2025-05-02 12:37:33,449 - INFO - [Thread-13 (process_request_thread)] [process_upload_and_generate_updates] - [ff98f490-9bec-45a7-adcf-88eaf1307dd9] Primary done. OK:True
2025-05-02 12:37:33,449 - INFO - [Thread-13 (process_request_thread)] [process_upload_and_generate_updates] - [ff98f490-9bec-45a7-adcf-88eaf1307dd9] Wait backups...
2025-05-02 12:37:33,607 - INFO - [Upload_ff98_1] [send_file_to_telegram] - [ChatID -1002614397019, File 'gitattributes (4).zip'] API success (Attempt 1).
2025-05-02 12:37:33,608 - INFO - [Upload_ff98_2] [send_file_to_telegram] - [ChatID -4641852757, File 'gitattributes (4).zip'] API success (Attempt 1).
2025-05-02 12:37:33,608 - INFO - [Upload_ff98_1] [_send_single_file_task] - [ff98f490-9bec-45a7-adcf-88eaf1307dd9] T> Sent 'gitattributes (4).zip' to -1002614397019. Success: True
2025-05-02 12:37:33,608 - INFO - [Upload_ff98_2] [_send_single_file_task] - [ff98f490-9bec-45a7-adcf-88eaf1307dd9] T> Sent 'gitattributes (4).zip' to -4641852757. Success: True
2025-05-02 12:37:33,609 - INFO - [Thread-13 (process_request_thread)] [process_upload_and_generate_updates] - [ff98f490-9bec-45a7-adcf-88eaf1307dd9] Single sends done in 0.67s.
2025-05-02 12:37:33,610 - INFO - [Thread-13 (process_request_thread)] [process_upload_and_generate_updates] - [ff98f490-9bec-45a7-adcf-88eaf1307dd9] Success: 3/3
2025-05-02 12:37:33,611 - INFO - [Thread-13 (process_request_thread)] [process_upload_and_generate_updates] - [ff98f490-9bec-45a7-adcf-88eaf1307dd9] Attempting to save metadata to DB...
2025-05-02 12:37:33,645 - INFO - [Thread-13 (process_request_thread)] [save_file_metadata] - Successfully inserted metadata for access_id: c909b33eb4
2025-05-02 12:37:33,645 - INFO - [Thread-13 (process_request_thread)] [process_upload_and_generate_updates] - [ff98f490-9bec-45a7-adcf-88eaf1307dd9] Metadata successfully saved to DB. Msg: Metadata inserted (ID: 68146f351969d4a304aec1dc).
2025-05-02 12:37:33,646 - INFO - [Thread-13 (process_request_thread)] [process_upload_and_generate_updates] - [ff98f490-9bec-45a7-adcf-88eaf1307dd9] Upload generator cleanup.
2025-05-02 12:37:33,648 - INFO - [Thread-13 (process_request_thread)] [process_upload_and_generate_updates] - [ff98f490-9bec-45a7-adcf-88eaf1307dd9] Upload executor shutdown.
2025-05-02 12:37:33,652 - INFO - [Thread-13 (process_request_thread)] [_safe_remove_file] - [ff98f490-9bec-45a7-adcf-88eaf1307dd9] Cleaned up original temp: uploads_temp\ff98f490-9bec-45a7-adcf-88eaf1307dd9_gitattributes (4)
2025-05-02 12:37:33,653 - INFO - [Thread-13 (process_request_thread)] [process_upload_and_generate_updates] - [ff98f490-9bec-45a7-adcf-88eaf1307dd9] Upload generator finished. Status: completed
2025-05-02 12:38:53,373 - INFO - [Thread-14 (process_request_thread)] [show_register_page] - Serving registration page.
2025-05-02 12:38:53,376 - INFO - [Thread-14 (process_request_thread)] [_log] - 127.0.0.1 - - [02/May/2025 12:38:53] "GET /register HTTP/1.1" 200 -
2025-05-02 12:38:57,210 - INFO - [Thread-15 (process_request_thread)] [_log] - 127.0.0.1 - - [02/May/2025 12:38:57] "GET /login HTTP/1.1" 200 -
2025-05-02 12:39:02,040 - INFO - [Thread-16 (process_request_thread)] [index] - Serving index page.
2025-05-02 12:39:02,040 - INFO - [Thread-16 (process_request_thread)] [_log] - 127.0.0.1 - - [02/May/2025 12:39:02] "GET / HTTP/1.1" 200 -
2025-05-02 12:39:02,257 - INFO - [Thread-17 (process_request_thread)] [index] - Serving index page.
2025-05-02 12:39:02,258 - INFO - [Thread-17 (process_request_thread)] [_log] - 127.0.0.1 - - [02/May/2025 12:39:02] "GET / HTTP/1.1" 200 -
2025-05-02 12:39:02,460 - INFO - [Thread-19 (process_request_thread)] [index] - Serving index page.
2025-05-02 12:39:02,460 - INFO - [Thread-19 (process_request_thread)] [_log] - 127.0.0.1 - - [02/May/2025 12:39:02] "GET / HTTP/1.1" 200 -
2025-05-02 12:39:02,646 - INFO - [Thread-18 (process_request_thread)] [index] - Serving index page.
2025-05-02 12:39:02,647 - INFO - [Thread-18 (process_request_thread)] [_log] - 127.0.0.1 - - [02/May/2025 12:39:02] "GET / HTTP/1.1" 200 -
2025-05-02 12:39:03,655 - INFO - [Thread-20 (process_request_thread)] [show_register_page] - Serving registration page.
2025-05-02 12:39:03,656 - INFO - [Thread-20 (process_request_thread)] [_log] - 127.0.0.1 - - [02/May/2025 12:39:03] "GET /register HTTP/1.1" 200 -
2025-05-02 12:39:03,960 - INFO - [Thread-10] [_schedule_cleanup] - [Cleanup-eb427154-a133-4647-8e84-a39b71663660] Scheduled cleanup executing for path: E:\Telegram_tool\Telegram_Bot_Tool\uploads_temp\dl_final_eb427154-a133-4647-8e84-a39b71663660__cb2bi3q
2025-05-02 12:39:03,960 - INFO - [Thread-10] [_safe_remove_file] - [Cleanup-eb427154-a133-4647-8e84-a39b71663660] Cleaned up final dl: E:\Telegram_tool\Telegram_Bot_Tool\uploads_temp\dl_final_eb427154-a133-4647-8e84-a39b71663660__cb2bi3q
2025-05-02 12:39:03,960 - INFO - [Thread-10] [_schedule_cleanup] - [Cleanup-eb427154-a133-4647-8e84-a39b71663660] Prep data removed.
2025-05-02 12:39:32,663 - INFO - [Thread-23 (process_request_thread)] [register_user] - Received registration request.
2025-05-02 12:39:32,663 - ERROR - [Thread-23 (process_request_thread)] [register_user] - Registration error: Database objects do not implement truth value testing or bool(). Please compare with None instead: database is not None
Traceback (most recent call last):
  File "E:\Telegram_tool\Telegram_Bot_Tool\routes.py", line 93, in register_user
    existing_user, error = find_user_by_email(email)
                           ^^^^^^^^^^^^^^^^^^^^^^^^^
  File "E:\Telegram_tool\Telegram_Bot_Tool\database.py", line 330, in find_user_by_email
    collection, error = get_userinfo_collection()
                        ^^^^^^^^^^^^^^^^^^^^^^^^^
  File "E:\Telegram_tool\Telegram_Bot_Tool\database.py", line 306, in get_userinfo_collection
    db_instance, error = get_db() # Reuse existing DB connection function
                         ^^^^^^^^
  File "E:\Telegram_tool\Telegram_Bot_Tool\database.py", line 91, in get_db
    if _db:
  File "E:\Telegram_tool\Telegram_Bot_Tool\.venv\Lib\site-packages\pymongo\synchronous\database.py", line 342, in __bool__
    raise NotImplementedError(
NotImplementedError: Database objects do not implement truth value testing or bool(). Please compare with None instead: database is not None
2025-05-02 12:39:32,670 - INFO - [Thread-23 (process_request_thread)] [_log] - 127.0.0.1 - - [02/May/2025 12:39:32] "[35m[1mPOST /register HTTP/1.1[0m" 500 -
2025-05-02 12:41:56,055 - INFO - [Thread-25 (process_request_thread)] [index] - Serving index page.
2025-05-02 12:41:56,056 - INFO - [Thread-25 (process_request_thread)] [_log] - 127.0.0.1 - - [02/May/2025 12:41:56] "GET / HTTP/1.1" 200 -
2025-05-02 12:42:02,582 - INFO - [Thread-27 (process_request_thread)] [list_user_files] - List files request for: 'admin'
2025-05-02 12:42:02,582 - INFO - [Thread-27 (process_request_thread)] [list_user_files] - Fetching files for user 'admin' from DB...
2025-05-02 12:42:02,612 - INFO - [Thread-27 (process_request_thread)] [find_metadata_by_username] - Found 6 metadata records for username: admin
2025-05-02 12:42:02,613 - INFO - [Thread-27 (process_request_thread)] [list_user_files] - Found 6 records for 'admin'.
2025-05-02 12:42:02,614 - INFO - [Thread-27 (process_request_thread)] [_log] - 127.0.0.1 - - [02/May/2025 12:42:02] "GET /files/admin HTTP/1.1" 200 -
2025-05-02 12:42:10,986 - INFO - [Thread-26 (process_request_thread)] [_log] - 127.0.0.1 - - [02/May/2025 12:42:10] "GET /login HTTP/1.1" 200 -
2025-05-02 12:43:57,533 - INFO - [Thread-30 (process_request_thread)] [index] - Serving index page.
2025-05-02 12:43:57,534 - INFO - [Thread-30 (process_request_thread)] [_log] - 127.0.0.1 - - [02/May/2025 12:43:57] "GET / HTTP/1.1" 200 -
2025-05-02 12:43:59,686 - INFO - [Thread-32 (process_request_thread)] [index] - Serving index page.
2025-05-02 12:43:59,687 - INFO - [Thread-32 (process_request_thread)] [_log] - 127.0.0.1 - - [02/May/2025 12:43:59] "GET / HTTP/1.1" 200 -
2025-05-02 12:44:04,719 - INFO - [Thread-31 (process_request_thread)] [initiate_upload] - Request initiate upload.
2025-05-02 12:44:04,721 - INFO - [Thread-31 (process_request_thread)] [initiate_upload] - [8a917742-d299-44a4-9907-fa5127870097] Temp storage: uploads_temp\8a917742-d299-44a4-9907-fa5127870097_image (13).png
2025-05-02 12:44:04,722 - INFO - [Thread-31 (process_request_thread)] [initiate_upload] - [8a917742-d299-44a4-9907-fa5127870097] Temp saved: 'image (13).png'.
2025-05-02 12:44:04,724 - INFO - [Thread-31 (process_request_thread)] [_log] - 127.0.0.1 - - [02/May/2025 12:44:04] "POST /initiate-upload HTTP/1.1" 200 -
2025-05-02 12:44:04,731 - INFO - [Thread-33 (process_request_thread)] [stream_progress] - SSE connect request for upload_id: 8a917742-d299-44a4-9907-fa5127870097
2025-05-02 12:44:04,732 - INFO - [Thread-33 (process_request_thread)] [process_upload_and_generate_updates] - [8a917742-d299-44a4-9907-fa5127870097] Starting processing generator...
2025-05-02 12:44:04,732 - INFO - [Thread-33 (process_request_thread)] [process_upload_and_generate_updates] - [8a917742-d299-44a4-9907-fa5127870097] Processing: User='admin', File='image (13).png'
2025-05-02 12:44:04,745 - INFO - [Thread-33 (process_request_thread)] [process_upload_and_generate_updates] - [8a917742-d299-44a4-9907-fa5127870097] Initialized Upload Executor (max=5)
2025-05-02 12:44:04,745 - INFO - [Thread-33 (process_request_thread)] [_log] - 127.0.0.1 - - [02/May/2025 12:44:04] "GET /stream-progress/8a917742-d299-44a4-9907-fa5127870097 HTTP/1.1" 200 -
2025-05-02 12:44:04,745 - INFO - [Thread-33 (process_request_thread)] [process_upload_and_generate_updates] - [8a917742-d299-44a4-9907-fa5127870097] Access ID: 9b579631b6
2025-05-02 12:44:04,758 - INFO - [Thread-33 (process_request_thread)] [process_upload_and_generate_updates] - [8a917742-d299-44a4-9907-fa5127870097] Single file workflow.
2025-05-02 12:44:04,775 - INFO - [Thread-33 (process_request_thread)] [process_upload_and_generate_updates] - [8a917742-d299-44a4-9907-fa5127870097] Compressed size: 14502
2025-05-02 12:44:04,779 - INFO - [Upload_8a91_0] [_send_single_file_task] - [8a917742-d299-44a4-9907-fa5127870097] T> Sending 'image (13).zip' (14502b) to -4603853425
2025-05-02 12:44:04,779 - INFO - [Upload_8a91_1] [_send_single_file_task] - [8a917742-d299-44a4-9907-fa5127870097] T> Sending 'image (13).zip' (14502b) to -1002614397019
2025-05-02 12:44:04,780 - INFO - [Upload_8a91_0] [send_file_to_telegram] - [ChatID -4603853425, File 'image (13).zip'] Attempting send.
2025-05-02 12:44:04,780 - INFO - [Upload_8a91_2] [_send_single_file_task] - [8a917742-d299-44a4-9907-fa5127870097] T> Sending 'image (13).zip' (14502b) to -4641852757
2025-05-02 12:44:04,780 - INFO - [Upload_8a91_1] [send_file_to_telegram] - [ChatID -1002614397019, File 'image (13).zip'] Attempting send.
2025-05-02 12:44:04,781 - INFO - [Thread-33 (process_request_thread)] [process_upload_and_generate_updates] - [8a917742-d299-44a4-9907-fa5127870097] Submitted 3 single-file tasks.
2025-05-02 12:44:04,782 - INFO - [Upload_8a91_2] [send_file_to_telegram] - [ChatID -4641852757, File 'image (13).zip'] Attempting send.
2025-05-02 12:44:04,791 - INFO - [Thread-33 (process_request_thread)] [process_upload_and_generate_updates] - [8a917742-d299-44a4-9907-fa5127870097] Wait primary (-4603853425)...
2025-05-02 12:44:05,589 - INFO - [Upload_8a91_0] [send_file_to_telegram] - [ChatID -4603853425, File 'image (13).zip'] API success (Attempt 1).
2025-05-02 12:44:05,590 - INFO - [Upload_8a91_0] [_send_single_file_task] - [8a917742-d299-44a4-9907-fa5127870097] T> Sent 'image (13).zip' to -4603853425. Success: True
2025-05-02 12:44:05,590 - INFO - [Thread-33 (process_request_thread)] [process_upload_and_generate_updates] - [8a917742-d299-44a4-9907-fa5127870097] Primary done. OK:True
2025-05-02 12:44:05,591 - INFO - [Thread-33 (process_request_thread)] [process_upload_and_generate_updates] - [8a917742-d299-44a4-9907-fa5127870097] Wait backups...
2025-05-02 12:44:05,615 - INFO - [Upload_8a91_1] [send_file_to_telegram] - [ChatID -1002614397019, File 'image (13).zip'] API success (Attempt 1).
2025-05-02 12:44:05,618 - INFO - [Upload_8a91_1] [_send_single_file_task] - [8a917742-d299-44a4-9907-fa5127870097] T> Sent 'image (13).zip' to -1002614397019. Success: True
2025-05-02 12:44:05,633 - INFO - [Upload_8a91_2] [send_file_to_telegram] - [ChatID -4641852757, File 'image (13).zip'] API success (Attempt 1).
2025-05-02 12:44:05,634 - INFO - [Upload_8a91_2] [_send_single_file_task] - [8a917742-d299-44a4-9907-fa5127870097] T> Sent 'image (13).zip' to -4641852757. Success: True
2025-05-02 12:44:05,635 - INFO - [Thread-33 (process_request_thread)] [process_upload_and_generate_updates] - [8a917742-d299-44a4-9907-fa5127870097] Single sends done in 0.86s.
2025-05-02 12:44:05,635 - INFO - [Thread-33 (process_request_thread)] [process_upload_and_generate_updates] - [8a917742-d299-44a4-9907-fa5127870097] Success: 3/3
2025-05-02 12:44:05,636 - INFO - [Thread-33 (process_request_thread)] [process_upload_and_generate_updates] - [8a917742-d299-44a4-9907-fa5127870097] Attempting to save metadata to DB...
2025-05-02 12:44:05,676 - INFO - [Thread-33 (process_request_thread)] [save_file_metadata] - Successfully inserted metadata for access_id: 9b579631b6
2025-05-02 12:44:05,677 - INFO - [Thread-33 (process_request_thread)] [process_upload_and_generate_updates] - [8a917742-d299-44a4-9907-fa5127870097] Metadata successfully saved to DB. Msg: Metadata inserted (ID: 681470bd1969d4a304aec200).
2025-05-02 12:44:05,679 - INFO - [Thread-33 (process_request_thread)] [process_upload_and_generate_updates] - [8a917742-d299-44a4-9907-fa5127870097] Upload generator cleanup.
2025-05-02 12:44:05,680 - INFO - [Thread-33 (process_request_thread)] [process_upload_and_generate_updates] - [8a917742-d299-44a4-9907-fa5127870097] Upload executor shutdown.
2025-05-02 12:44:05,684 - INFO - [Thread-33 (process_request_thread)] [_safe_remove_file] - [8a917742-d299-44a4-9907-fa5127870097] Cleaned up original temp: uploads_temp\8a917742-d299-44a4-9907-fa5127870097_image (13).png
2025-05-02 12:44:05,685 - INFO - [Thread-33 (process_request_thread)] [process_upload_and_generate_updates] - [8a917742-d299-44a4-9907-fa5127870097] Upload generator finished. Status: completed
2025-05-02 12:47:17,123 - INFO - [Thread-34 (process_request_thread)] [show_register_page] - Serving registration page.
2025-05-02 12:47:17,125 - INFO - [Thread-34 (process_request_thread)] [_log] - 127.0.0.1 - - [02/May/2025 12:47:17] "GET /register HTTP/1.1" 200 -
2025-05-02 12:47:31,365 - INFO - [Thread-35 (process_request_thread)] [show_register_page] - Serving registration page.
2025-05-02 12:47:31,365 - INFO - [Thread-35 (process_request_thread)] [_log] - 127.0.0.1 - - [02/May/2025 12:47:31] "GET /register HTTP/1.1" 200 -
