2025-05-02 14:41:25,989 - INFO - [MainThread] [<module>] - ============================================================
2025-05-02 14:41:25,989 - INFO - [MainThread] [<module>] - Logging configured. Level: INFO. Log file: Selenium-Logs\app_20250502_144125.log
2025-05-02 14:41:25,989 - INFO - [MainThread] [<module>] - Primary Chat ID: -4603853425
2025-05-02 14:41:25,989 - INFO - [MainThread] [<module>] - All Target Chat IDs: ['-4603853425', '-1002614397019', '-4641852757']
2025-05-02 14:41:25,989 - INFO - [MainThread] [<module>] - Chunk Size: 20.0 MB (20971520 bytes)
2025-05-02 14:41:25,989 - INFO - [MainThread] [<module>] - API Timeouts (Connect/Read): 10s / 60s
2025-05-02 14:41:25,989 - INFO - [MainThread] [<module>] - API Retries: 3 attempts, 2s delay
2025-05-02 14:41:25,989 - INFO - [MainThread] [<module>] - Max Upload Workers: 5
2025-05-02 14:41:25,989 - INFO - [MainThread] [<module>] - Max Download Workers: 12
2025-05-02 14:41:25,989 - INFO - [MainThread] [<module>] - ============================================================
2025-05-02 14:41:25,989 - INFO - [MainThread] [<module>] - Configuration loaded successfully.
2025-05-02 14:41:25,989 - INFO - [MainThread] [<module>] - Custom Jinja filter 'format_bytes' registered.
2025-05-02 14:41:26,007 - INFO - [MainThread] [<module>] - Flask-CORS initialized. Allowing origins: *
2025-05-02 14:41:26,007 - INFO - [MainThread] [<module>] - Flask application initialized.
2025-05-02 14:41:26,008 - INFO - [MainThread] [<module>] - Global state variables initialized (upload_progress_data, download_prep_data).
2025-05-02 14:41:26,009 - INFO - [MainThread] [<module>] - Custom Jinja filter 'format_bytes' registered.
2025-05-02 14:41:26,010 - INFO - [MainThread] [<module>] - Flask-CORS initialized. Allowing origins: *
2025-05-02 14:41:26,010 - INFO - [MainThread] [<module>] - Flask application initialized.
2025-05-02 14:41:26,010 - INFO - [MainThread] [<module>] - Global state variables initialized (upload_progress_data, download_prep_data).
2025-05-02 14:41:26,168 - INFO - [MainThread] [<module>] - Database module initialized.
2025-05-02 14:41:26,587 - INFO - [MainThread] [<module>] - Initialized requests.Session for Telegram API calls.
2025-05-02 14:41:26,587 - INFO - [MainThread] [<module>] - Telegram API functions defined with Session and Retries.
2025-05-02 14:41:26,587 - INFO - [MainThread] [<module>] - Flask routes defined using configurable workers and linter fixes.
2025-05-02 14:41:26,587 - INFO - [MainThread] [<module>] - Starting Flask development server...
2025-05-02 14:41:26,624 - WARNING - [MainThread] [_log] -  * Debugger is active!
2025-05-02 14:41:26,624 - INFO - [MainThread] [_log] -  * Debugger PIN: 107-410-311
2025-05-02 14:46:11,352 - INFO - [Thread-2 (process_request_thread)] [initiate_upload] - Request initiate upload.
2025-05-02 14:46:11,356 - INFO - [Thread-2 (process_request_thread)] [initiate_upload] - [c7a97ae1-fb62-443d-be10-15d24a442d24] Temp storage: uploads_temp\c7a97ae1-fb62-443d-be10-15d24a442d24_routes.py
2025-05-02 14:46:11,356 - INFO - [Thread-2 (process_request_thread)] [initiate_upload] - [c7a97ae1-fb62-443d-be10-15d24a442d24] Temp saved: 'routes.py'.
2025-05-02 14:46:11,361 - INFO - [Thread-2 (process_request_thread)] [_log] - 192.168.1.19 - - [02/May/2025 14:46:11] "POST /initiate-upload HTTP/1.1" 200 -
2025-05-02 14:46:11,378 - INFO - [Thread-3 (process_request_thread)] [stream_progress] - SSE connect request for upload_id: c7a97ae1-fb62-443d-be10-15d24a442d24
2025-05-02 14:46:11,381 - INFO - [Thread-3 (process_request_thread)] [process_upload_and_generate_updates] - [c7a97ae1-fb62-443d-be10-15d24a442d24] Starting processing generator...
2025-05-02 14:46:11,382 - INFO - [Thread-3 (process_request_thread)] [process_upload_and_generate_updates] - [c7a97ae1-fb62-443d-be10-15d24a442d24] Processing: User='admin', File='routes.py'
2025-05-02 14:46:11,382 - INFO - [Thread-3 (process_request_thread)] [process_upload_and_generate_updates] - [c7a97ae1-fb62-443d-be10-15d24a442d24] Initialized Upload Executor (max=5)
2025-05-02 14:46:11,382 - INFO - [Thread-3 (process_request_thread)] [_log] - 192.168.1.19 - - [02/May/2025 14:46:11] "GET /stream-progress/c7a97ae1-fb62-443d-be10-15d24a442d24 HTTP/1.1" 200 -
2025-05-02 14:46:11,383 - INFO - [Thread-3 (process_request_thread)] [process_upload_and_generate_updates] - [c7a97ae1-fb62-443d-be10-15d24a442d24] Access ID: 8c67b1db61
2025-05-02 14:46:11,383 - INFO - [Thread-3 (process_request_thread)] [process_upload_and_generate_updates] - [c7a97ae1-fb62-443d-be10-15d24a442d24] Single file workflow.
2025-05-02 14:46:11,414 - INFO - [Thread-3 (process_request_thread)] [process_upload_and_generate_updates] - [c7a97ae1-fb62-443d-be10-15d24a442d24] Compressed size: 15091
2025-05-02 14:46:11,415 - INFO - [Upload_c7a9_0] [_send_single_file_task] - [c7a97ae1-fb62-443d-be10-15d24a442d24] T> Sending 'routes.zip' (15091b) to -4603853425
2025-05-02 14:46:11,415 - INFO - [Upload_c7a9_0] [send_file_to_telegram] - [ChatID -4603853425, File 'routes.zip'] Attempting send.
2025-05-02 14:46:11,415 - INFO - [Upload_c7a9_1] [_send_single_file_task] - [c7a97ae1-fb62-443d-be10-15d24a442d24] T> Sending 'routes.zip' (15091b) to -1002614397019
2025-05-02 14:46:11,417 - INFO - [Upload_c7a9_2] [_send_single_file_task] - [c7a97ae1-fb62-443d-be10-15d24a442d24] T> Sending 'routes.zip' (15091b) to -4641852757
2025-05-02 14:46:11,417 - INFO - [Thread-3 (process_request_thread)] [process_upload_and_generate_updates] - [c7a97ae1-fb62-443d-be10-15d24a442d24] Submitted 3 single-file tasks.
2025-05-02 14:46:11,417 - INFO - [Upload_c7a9_1] [send_file_to_telegram] - [ChatID -1002614397019, File 'routes.zip'] Attempting send.
2025-05-02 14:46:11,418 - INFO - [Upload_c7a9_2] [send_file_to_telegram] - [ChatID -4641852757, File 'routes.zip'] Attempting send.
2025-05-02 14:46:11,418 - INFO - [Thread-3 (process_request_thread)] [process_upload_and_generate_updates] - [c7a97ae1-fb62-443d-be10-15d24a442d24] Wait primary (-4603853425)...
2025-05-02 14:46:12,977 - INFO - [Upload_c7a9_0] [send_file_to_telegram] - [ChatID -4603853425, File 'routes.zip'] API success (Attempt 1).
2025-05-02 14:46:12,981 - INFO - [Upload_c7a9_1] [send_file_to_telegram] - [ChatID -1002614397019, File 'routes.zip'] API success (Attempt 1).
2025-05-02 14:46:13,002 - INFO - [Upload_c7a9_2] [send_file_to_telegram] - [ChatID -4641852757, File 'routes.zip'] API success (Attempt 1).
2025-05-02 14:46:13,007 - INFO - [Upload_c7a9_0] [_send_single_file_task] - [c7a97ae1-fb62-443d-be10-15d24a442d24] T> Sent 'routes.zip' to -4603853425. Success: True
2025-05-02 14:46:13,009 - INFO - [Upload_c7a9_1] [_send_single_file_task] - [c7a97ae1-fb62-443d-be10-15d24a442d24] T> Sent 'routes.zip' to -1002614397019. Success: True
2025-05-02 14:46:13,009 - INFO - [Upload_c7a9_2] [_send_single_file_task] - [c7a97ae1-fb62-443d-be10-15d24a442d24] T> Sent 'routes.zip' to -4641852757. Success: True
2025-05-02 14:46:13,010 - INFO - [Thread-3 (process_request_thread)] [process_upload_and_generate_updates] - [c7a97ae1-fb62-443d-be10-15d24a442d24] Primary done. OK:True
2025-05-02 14:46:13,014 - INFO - [Thread-3 (process_request_thread)] [process_upload_and_generate_updates] - [c7a97ae1-fb62-443d-be10-15d24a442d24] Wait backups...
2025-05-02 14:46:13,014 - INFO - [Thread-3 (process_request_thread)] [process_upload_and_generate_updates] - [c7a97ae1-fb62-443d-be10-15d24a442d24] Single sends done in 1.60s.
2025-05-02 14:46:13,015 - INFO - [Thread-3 (process_request_thread)] [process_upload_and_generate_updates] - [c7a97ae1-fb62-443d-be10-15d24a442d24] Success: 3/3
2025-05-02 14:46:13,015 - INFO - [Thread-3 (process_request_thread)] [process_upload_and_generate_updates] - [c7a97ae1-fb62-443d-be10-15d24a442d24] Attempting to save metadata to DB...
2025-05-02 14:46:13,016 - INFO - [Thread-3 (process_request_thread)] [_connect_to_db] - Attempting to connect to MongoDB Atlas host: telegrambot.6armfs2.mongodb.net...
2025-05-02 14:46:14,258 - INFO - [Thread-3 (process_request_thread)] [_connect_to_db] - ✅ Successfully connected and pinged MongoDB Atlas!
2025-05-02 14:46:14,261 - INFO - [Thread-3 (process_request_thread)] [get_db] - Accessed database: Telegrambot
2025-05-02 14:46:14,267 - INFO - [Thread-3 (process_request_thread)] [get_metadata_collection] - Accessed collection: user_files
2025-05-02 14:46:14,314 - INFO - [Thread-3 (process_request_thread)] [save_file_metadata] - Successfully inserted metadata for access_id: 8c67b1db61
2025-05-02 14:46:14,314 - INFO - [Thread-3 (process_request_thread)] [process_upload_and_generate_updates] - [c7a97ae1-fb62-443d-be10-15d24a442d24] Metadata successfully saved to DB. Msg: Metadata inserted (ID: 68148d5d1969d4a304aec38a).
2025-05-02 14:46:14,315 - INFO - [Thread-3 (process_request_thread)] [process_upload_and_generate_updates] - [c7a97ae1-fb62-443d-be10-15d24a442d24] Upload generator cleanup.
2025-05-02 14:46:14,315 - INFO - [Thread-3 (process_request_thread)] [process_upload_and_generate_updates] - [c7a97ae1-fb62-443d-be10-15d24a442d24] Upload executor shutdown.
2025-05-02 14:46:14,318 - INFO - [Thread-3 (process_request_thread)] [_safe_remove_file] - [c7a97ae1-fb62-443d-be10-15d24a442d24] Cleaned up original temp: uploads_temp\c7a97ae1-fb62-443d-be10-15d24a442d24_routes.py
2025-05-02 14:46:14,320 - INFO - [Thread-3 (process_request_thread)] [process_upload_and_generate_updates] - [c7a97ae1-fb62-443d-be10-15d24a442d24] Upload generator finished. Status: completed
2025-05-02 14:48:22,085 - INFO - [Thread-4 (process_request_thread)] [initiate_upload] - Request initiate upload.
2025-05-02 14:48:22,088 - INFO - [Thread-4 (process_request_thread)] [initiate_upload] - [f12c6006-f4a2-48d2-87ee-a49b1ed6dc95] Temp storage: uploads_temp\f12c6006-f4a2-48d2-87ee-a49b1ed6dc95_app_setup.py
2025-05-02 14:48:22,090 - INFO - [Thread-4 (process_request_thread)] [initiate_upload] - [f12c6006-f4a2-48d2-87ee-a49b1ed6dc95] Temp saved: 'app_setup.py'.
2025-05-02 14:48:22,094 - INFO - [Thread-4 (process_request_thread)] [_log] - 192.168.1.19 - - [02/May/2025 14:48:22] "POST /initiate-upload HTTP/1.1" 200 -
2025-05-02 14:48:22,124 - INFO - [Thread-5 (process_request_thread)] [stream_progress] - SSE connect request for upload_id: f12c6006-f4a2-48d2-87ee-a49b1ed6dc95
2025-05-02 14:48:22,125 - INFO - [Thread-5 (process_request_thread)] [process_upload_and_generate_updates] - [f12c6006-f4a2-48d2-87ee-a49b1ed6dc95] Starting processing generator...
2025-05-02 14:48:22,125 - INFO - [Thread-5 (process_request_thread)] [process_upload_and_generate_updates] - [f12c6006-f4a2-48d2-87ee-a49b1ed6dc95] Processing: User='admin', File='app_setup.py'
2025-05-02 14:48:22,126 - INFO - [Thread-5 (process_request_thread)] [process_upload_and_generate_updates] - [f12c6006-f4a2-48d2-87ee-a49b1ed6dc95] Initialized Upload Executor (max=5)
2025-05-02 14:48:22,126 - INFO - [Thread-5 (process_request_thread)] [_log] - 192.168.1.19 - - [02/May/2025 14:48:22] "GET /stream-progress/f12c6006-f4a2-48d2-87ee-a49b1ed6dc95 HTTP/1.1" 200 -
2025-05-02 14:48:22,127 - INFO - [Thread-5 (process_request_thread)] [process_upload_and_generate_updates] - [f12c6006-f4a2-48d2-87ee-a49b1ed6dc95] Access ID: b071183de9
2025-05-02 14:48:22,127 - INFO - [Thread-5 (process_request_thread)] [process_upload_and_generate_updates] - [f12c6006-f4a2-48d2-87ee-a49b1ed6dc95] Single file workflow.
2025-05-02 14:48:22,129 - INFO - [Thread-5 (process_request_thread)] [process_upload_and_generate_updates] - [f12c6006-f4a2-48d2-87ee-a49b1ed6dc95] Compressed size: 756
2025-05-02 14:48:22,130 - INFO - [Upload_f12c_0] [_send_single_file_task] - [f12c6006-f4a2-48d2-87ee-a49b1ed6dc95] T> Sending 'app_setup.zip' (756b) to -4603853425
2025-05-02 14:48:22,132 - INFO - [Upload_f12c_0] [send_file_to_telegram] - [ChatID -4603853425, File 'app_setup.zip'] Attempting send.
2025-05-02 14:48:22,132 - INFO - [Upload_f12c_1] [_send_single_file_task] - [f12c6006-f4a2-48d2-87ee-a49b1ed6dc95] T> Sending 'app_setup.zip' (756b) to -1002614397019
2025-05-02 14:48:22,135 - INFO - [Upload_f12c_2] [_send_single_file_task] - [f12c6006-f4a2-48d2-87ee-a49b1ed6dc95] T> Sending 'app_setup.zip' (756b) to -4641852757
2025-05-02 14:48:22,135 - INFO - [Thread-5 (process_request_thread)] [process_upload_and_generate_updates] - [f12c6006-f4a2-48d2-87ee-a49b1ed6dc95] Submitted 3 single-file tasks.
2025-05-02 14:48:22,135 - INFO - [Upload_f12c_1] [send_file_to_telegram] - [ChatID -1002614397019, File 'app_setup.zip'] Attempting send.
2025-05-02 14:48:22,136 - INFO - [Upload_f12c_2] [send_file_to_telegram] - [ChatID -4641852757, File 'app_setup.zip'] Attempting send.
2025-05-02 14:48:22,137 - INFO - [Thread-5 (process_request_thread)] [process_upload_and_generate_updates] - [f12c6006-f4a2-48d2-87ee-a49b1ed6dc95] Wait primary (-4603853425)...
2025-05-02 14:48:22,795 - INFO - [Upload_f12c_2] [send_file_to_telegram] - [ChatID -4641852757, File 'app_setup.zip'] API success (Attempt 1).
2025-05-02 14:48:22,796 - INFO - [Upload_f12c_2] [_send_single_file_task] - [f12c6006-f4a2-48d2-87ee-a49b1ed6dc95] T> Sent 'app_setup.zip' to -4641852757. Success: True
2025-05-02 14:48:22,804 - INFO - [Upload_f12c_0] [send_file_to_telegram] - [ChatID -4603853425, File 'app_setup.zip'] API success (Attempt 1).
2025-05-02 14:48:22,819 - INFO - [Upload_f12c_1] [send_file_to_telegram] - [ChatID -1002614397019, File 'app_setup.zip'] API success (Attempt 1).
2025-05-02 14:48:22,826 - INFO - [Upload_f12c_0] [_send_single_file_task] - [f12c6006-f4a2-48d2-87ee-a49b1ed6dc95] T> Sent 'app_setup.zip' to -4603853425. Success: True
2025-05-02 14:48:22,827 - INFO - [Upload_f12c_1] [_send_single_file_task] - [f12c6006-f4a2-48d2-87ee-a49b1ed6dc95] T> Sent 'app_setup.zip' to -1002614397019. Success: True
2025-05-02 14:48:22,830 - INFO - [Thread-5 (process_request_thread)] [process_upload_and_generate_updates] - [f12c6006-f4a2-48d2-87ee-a49b1ed6dc95] Primary done. OK:True
2025-05-02 14:48:22,855 - INFO - [Thread-5 (process_request_thread)] [process_upload_and_generate_updates] - [f12c6006-f4a2-48d2-87ee-a49b1ed6dc95] Wait backups...
2025-05-02 14:48:22,855 - INFO - [Thread-5 (process_request_thread)] [process_upload_and_generate_updates] - [f12c6006-f4a2-48d2-87ee-a49b1ed6dc95] Single sends done in 0.72s.
2025-05-02 14:48:22,856 - INFO - [Thread-5 (process_request_thread)] [process_upload_and_generate_updates] - [f12c6006-f4a2-48d2-87ee-a49b1ed6dc95] Success: 3/3
2025-05-02 14:48:22,857 - INFO - [Thread-5 (process_request_thread)] [process_upload_and_generate_updates] - [f12c6006-f4a2-48d2-87ee-a49b1ed6dc95] Attempting to save metadata to DB...
2025-05-02 14:48:22,901 - INFO - [Thread-5 (process_request_thread)] [save_file_metadata] - Successfully inserted metadata for access_id: b071183de9
2025-05-02 14:48:22,909 - INFO - [Thread-5 (process_request_thread)] [process_upload_and_generate_updates] - [f12c6006-f4a2-48d2-87ee-a49b1ed6dc95] Metadata successfully saved to DB. Msg: Metadata inserted (ID: 68148dde1969d4a304aec396).
2025-05-02 14:48:22,910 - INFO - [Thread-5 (process_request_thread)] [process_upload_and_generate_updates] - [f12c6006-f4a2-48d2-87ee-a49b1ed6dc95] Upload generator cleanup.
2025-05-02 14:48:22,910 - INFO - [Thread-5 (process_request_thread)] [process_upload_and_generate_updates] - [f12c6006-f4a2-48d2-87ee-a49b1ed6dc95] Upload executor shutdown.
2025-05-02 14:48:22,911 - INFO - [Thread-5 (process_request_thread)] [_safe_remove_file] - [f12c6006-f4a2-48d2-87ee-a49b1ed6dc95] Cleaned up original temp: uploads_temp\f12c6006-f4a2-48d2-87ee-a49b1ed6dc95_app_setup.py
2025-05-02 14:48:22,914 - INFO - [Thread-5 (process_request_thread)] [process_upload_and_generate_updates] - [f12c6006-f4a2-48d2-87ee-a49b1ed6dc95] Upload generator finished. Status: completed
2025-05-02 14:48:34,066 - INFO - [Thread-6 (process_request_thread)] [get_file_by_access_id] - Request dl page via access_id: b071183de9
2025-05-02 14:48:34,067 - INFO - [Thread-6 (process_request_thread)] [get_file_by_access_id] - Looking up access_id 'b071183de9' in DB...
2025-05-02 14:48:34,103 - INFO - [Thread-6 (process_request_thread)] [find_metadata_by_access_id] - Found metadata record for access_id: b071183de9
2025-05-02 14:48:34,103 - INFO - [Thread-6 (process_request_thread)] [get_file_by_access_id] - Rendering dl page for 'app_setup.py' (id: b071183de9).
2025-05-02 14:48:34,111 - INFO - [Thread-6 (process_request_thread)] [_log] - 192.168.1.19 - - [02/May/2025 14:48:34] "GET /get/b071183de9 HTTP/1.1" 200 -
2025-05-02 14:48:34,180 - INFO - [Thread-7 (process_request_thread)] [_log] - 192.168.1.19 - - [02/May/2025 14:48:34] "[33mGET /favicon.ico HTTP/1.1[0m" 404 -
2025-05-02 14:48:37,293 - INFO - [Thread-8 (process_request_thread)] [stream_download_by_access_id] - [da17e19e-762a-4b2b-92f5-bbcd5e66ac34] SSE connection request for dl prep via access_id: b071183de9
2025-05-02 14:48:37,330 - INFO - [Thread-8 (process_request_thread)] [find_metadata_by_access_id] - Found metadata record for access_id: b071183de9
2025-05-02 14:48:37,332 - INFO - [Thread-8 (process_request_thread)] [_prepare_download_and_generate_updates] - [da17e19e-762a-4b2b-92f5-bbcd5e66ac34] Download prep generator started.
2025-05-02 14:48:37,333 - INFO - [Thread-8 (process_request_thread)] [_log] - 192.168.1.19 - - [02/May/2025 14:48:37] "GET /stream-download/b071183de9 HTTP/1.1" 200 -
2025-05-02 14:48:37,470 - INFO - [Thread-8 (process_request_thread)] [find_metadata_by_access_id] - Found metadata record for access_id: b071183de9
2025-05-02 14:48:37,471 - INFO - [Thread-8 (process_request_thread)] [_prepare_download_and_generate_updates] - [da17e19e-762a-4b2b-92f5-bbcd5e66ac34] Successfully found metadata for download preparation.
2025-05-02 14:48:37,472 - INFO - [Thread-8 (process_request_thread)] [_prepare_download_and_generate_updates] - [da17e19e-762a-4b2b-92f5-bbcd5e66ac34] Meta: 'app_setup.py', User:admin, Size:1340, Split:False, Comp:True
2025-05-02 14:48:37,673 - INFO - [Thread-8 (process_request_thread)] [_prepare_download_and_generate_updates] - [da17e19e-762a-4b2b-92f5-bbcd5e66ac34] Preparing non-split file.
2025-05-02 14:48:37,674 - WARNING - [Thread-8 (process_request_thread)] [_prepare_download_and_generate_updates] - [da17e19e-762a-4b2b-92f5-bbcd5e66ac34] Comp size missing single.
2025-05-02 14:48:37,675 - INFO - [Thread-8 (process_request_thread)] [download_telegram_file_content] - [FileID BQACAgUAAxkDAAIGWWgUjd3x9kPSApWk2WUCCo-KokaVAAKKGAAC5_ioVJt-8gZt9M8AATYE] Attempting download.
2025-05-02 14:48:38,179 - INFO - [Thread-8 (process_request_thread)] [download_telegram_file_content] - [FileID BQACAgUAAxkDAAIGWWgUjd3x9kPSApWk2WUCCo-KokaVAAKKGAAC5_ioVJt-8gZt9M8AATYE] Got DL URL (Attempt 1): https://api.telegram.org/file/bot7812479394:AAFrzOcHGKfc-1iOUbVEkptJkooaJrXHAxs/documents/file_647.zip
2025-05-02 14:48:38,181 - INFO - [Thread-8 (process_request_thread)] [download_telegram_file_content] - [FileID BQACAgUAAxkDAAIGWWgUjd3x9kPSApWk2WUCCo-KokaVAAKKGAAC5_ioVJt-8gZt9M8AATYE] Attempting content download from URL.
2025-05-02 14:48:38,329 - INFO - [Thread-8 (process_request_thread)] [download_telegram_file_content] - [FileID BQACAgUAAxkDAAIGWWgUjd3x9kPSApWk2WUCCo-KokaVAAKKGAAC5_ioVJt-8gZt9M8AATYE] Downloaded 756 bytes (Attempt 1).
2025-05-02 14:48:38,330 - INFO - [Thread-8 (process_request_thread)] [_prepare_download_and_generate_updates] - [da17e19e-762a-4b2b-92f5-bbcd5e66ac34] TG dl (756 bytes) in 0.66s. Avg Speed: 0.00 MB/s
2025-05-02 14:48:38,341 - INFO - [Thread-8 (process_request_thread)] [_prepare_download_and_generate_updates] - [da17e19e-762a-4b2b-92f5-bbcd5e66ac34] Final file ready: 'E:\Telegram_tool\Telegram_Bot_Tool\uploads_temp\dl_final_da17e19e-762a-4b2b-92f5-bbcd5e66ac34_8_05nlu6', Size: 1340.
2025-05-02 14:48:38,443 - INFO - [Thread-8 (process_request_thread)] [_prepare_download_and_generate_updates] - [da17e19e-762a-4b2b-92f5-bbcd5e66ac34] Prep complete. Sent 'ready'.
2025-05-02 14:48:38,444 - INFO - [Thread-8 (process_request_thread)] [_prepare_download_and_generate_updates] - [da17e19e-762a-4b2b-92f5-bbcd5e66ac34] Download prep generator cleanup.
2025-05-02 14:48:38,445 - INFO - [Thread-8 (process_request_thread)] [_prepare_download_and_generate_updates] - [da17e19e-762a-4b2b-92f5-bbcd5e66ac34] Download prep generator task ended.
2025-05-02 14:48:38,482 - INFO - [Thread-9 (process_request_thread)] [serve_temp_file] - Request serve temp file ID: da17e19e-762a-4b2b-92f5-bbcd5e66ac34, Filename: app_setup.py
2025-05-02 14:48:38,483 - INFO - [Thread-9 (process_request_thread)] [serve_temp_file] - [da17e19e-762a-4b2b-92f5-bbcd5e66ac34] Preparing streaming response for 'app_setup.py'.
2025-05-02 14:48:38,486 - INFO - [Thread-9 (process_request_thread)] [generate_stream] - [da17e19e-762a-4b2b-92f5-bbcd5e66ac34] Scheduled cleanup in 120s for path: E:\Telegram_tool\Telegram_Bot_Tool\uploads_temp\dl_final_da17e19e-762a-4b2b-92f5-bbcd5e66ac34_8_05nlu6
2025-05-02 14:48:38,490 - INFO - [Thread-9 (process_request_thread)] [_log] - 192.168.1.19 - - [02/May/2025 14:48:38] "GET /serve-temp-file/da17e19e-762a-4b2b-92f5-bbcd5e66ac34/app_setup.py HTTP/1.1" 200 -
2025-05-02 14:48:38,493 - INFO - [Thread-9 (process_request_thread)] [generate_stream] - [da17e19e-762a-4b2b-92f5-bbcd5e66ac34] Finished streaming file.
2025-05-02 14:49:03,802 - INFO - [Thread-12 (process_request_thread)] [initiate_upload] - Request initiate upload.
2025-05-02 14:49:03,808 - INFO - [Thread-12 (process_request_thread)] [initiate_upload] - [c9a7add6-94d8-49e8-a708-0b3dac6768b4] Temp storage: uploads_temp\c9a7add6-94d8-49e8-a708-0b3dac6768b4_config.py
2025-05-02 14:49:03,810 - INFO - [Thread-12 (process_request_thread)] [initiate_upload] - [c9a7add6-94d8-49e8-a708-0b3dac6768b4] Temp saved: 'config.py'.
2025-05-02 14:49:03,814 - INFO - [Thread-12 (process_request_thread)] [_log] - 192.168.1.19 - - [02/May/2025 14:49:03] "POST /initiate-upload HTTP/1.1" 200 -
2025-05-02 14:49:03,835 - INFO - [Thread-13 (process_request_thread)] [stream_progress] - SSE connect request for upload_id: c9a7add6-94d8-49e8-a708-0b3dac6768b4
2025-05-02 14:49:03,836 - INFO - [Thread-13 (process_request_thread)] [process_upload_and_generate_updates] - [c9a7add6-94d8-49e8-a708-0b3dac6768b4] Starting processing generator...
2025-05-02 14:49:03,836 - INFO - [Thread-13 (process_request_thread)] [process_upload_and_generate_updates] - [c9a7add6-94d8-49e8-a708-0b3dac6768b4] Processing: User='admin', File='config.py'
2025-05-02 14:49:03,836 - INFO - [Thread-13 (process_request_thread)] [process_upload_and_generate_updates] - [c9a7add6-94d8-49e8-a708-0b3dac6768b4] Initialized Upload Executor (max=5)
2025-05-02 14:49:03,837 - INFO - [Thread-13 (process_request_thread)] [_log] - 192.168.1.19 - - [02/May/2025 14:49:03] "GET /stream-progress/c9a7add6-94d8-49e8-a708-0b3dac6768b4 HTTP/1.1" 200 -
2025-05-02 14:49:03,837 - INFO - [Thread-13 (process_request_thread)] [process_upload_and_generate_updates] - [c9a7add6-94d8-49e8-a708-0b3dac6768b4] Access ID: 147a698a1a
2025-05-02 14:49:03,838 - INFO - [Thread-13 (process_request_thread)] [process_upload_and_generate_updates] - [c9a7add6-94d8-49e8-a708-0b3dac6768b4] Single file workflow.
2025-05-02 14:49:03,840 - INFO - [Thread-13 (process_request_thread)] [process_upload_and_generate_updates] - [c9a7add6-94d8-49e8-a708-0b3dac6768b4] Compressed size: 1813
2025-05-02 14:49:03,841 - INFO - [Upload_c9a7_0] [_send_single_file_task] - [c9a7add6-94d8-49e8-a708-0b3dac6768b4] T> Sending 'config.zip' (1813b) to -4603853425
2025-05-02 14:49:03,841 - INFO - [Upload_c9a7_0] [send_file_to_telegram] - [ChatID -4603853425, File 'config.zip'] Attempting send.
2025-05-02 14:49:03,841 - INFO - [Upload_c9a7_1] [_send_single_file_task] - [c9a7add6-94d8-49e8-a708-0b3dac6768b4] T> Sending 'config.zip' (1813b) to -1002614397019
2025-05-02 14:49:03,842 - INFO - [Upload_c9a7_2] [_send_single_file_task] - [c9a7add6-94d8-49e8-a708-0b3dac6768b4] T> Sending 'config.zip' (1813b) to -4641852757
2025-05-02 14:49:03,843 - INFO - [Thread-13 (process_request_thread)] [process_upload_and_generate_updates] - [c9a7add6-94d8-49e8-a708-0b3dac6768b4] Submitted 3 single-file tasks.
2025-05-02 14:49:03,843 - INFO - [Upload_c9a7_1] [send_file_to_telegram] - [ChatID -1002614397019, File 'config.zip'] Attempting send.
2025-05-02 14:49:03,844 - INFO - [Upload_c9a7_2] [send_file_to_telegram] - [ChatID -4641852757, File 'config.zip'] Attempting send.
2025-05-02 14:49:03,845 - INFO - [Thread-13 (process_request_thread)] [process_upload_and_generate_updates] - [c9a7add6-94d8-49e8-a708-0b3dac6768b4] Wait primary (-4603853425)...
2025-05-02 14:49:04,341 - INFO - [Upload_c9a7_0] [send_file_to_telegram] - [ChatID -4603853425, File 'config.zip'] API success (Attempt 1).
2025-05-02 14:49:04,342 - INFO - [Upload_c9a7_0] [_send_single_file_task] - [c9a7add6-94d8-49e8-a708-0b3dac6768b4] T> Sent 'config.zip' to -4603853425. Success: True
2025-05-02 14:49:04,342 - INFO - [Thread-13 (process_request_thread)] [process_upload_and_generate_updates] - [c9a7add6-94d8-49e8-a708-0b3dac6768b4] Primary done. OK:True
2025-05-02 14:49:04,343 - INFO - [Thread-13 (process_request_thread)] [process_upload_and_generate_updates] - [c9a7add6-94d8-49e8-a708-0b3dac6768b4] Wait backups...
2025-05-02 14:49:04,348 - INFO - [Upload_c9a7_2] [send_file_to_telegram] - [ChatID -4641852757, File 'config.zip'] API success (Attempt 1).
2025-05-02 14:49:04,349 - INFO - [Upload_c9a7_2] [_send_single_file_task] - [c9a7add6-94d8-49e8-a708-0b3dac6768b4] T> Sent 'config.zip' to -4641852757. Success: True
2025-05-02 14:49:04,388 - INFO - [Upload_c9a7_1] [send_file_to_telegram] - [ChatID -1002614397019, File 'config.zip'] API success (Attempt 1).
2025-05-02 14:49:04,388 - INFO - [Upload_c9a7_1] [_send_single_file_task] - [c9a7add6-94d8-49e8-a708-0b3dac6768b4] T> Sent 'config.zip' to -1002614397019. Success: True
2025-05-02 14:49:04,389 - INFO - [Thread-13 (process_request_thread)] [process_upload_and_generate_updates] - [c9a7add6-94d8-49e8-a708-0b3dac6768b4] Single sends done in 0.55s.
2025-05-02 14:49:04,389 - INFO - [Thread-13 (process_request_thread)] [process_upload_and_generate_updates] - [c9a7add6-94d8-49e8-a708-0b3dac6768b4] Success: 3/3
2025-05-02 14:49:04,390 - INFO - [Thread-13 (process_request_thread)] [process_upload_and_generate_updates] - [c9a7add6-94d8-49e8-a708-0b3dac6768b4] Attempting to save metadata to DB...
2025-05-02 14:49:04,428 - INFO - [Thread-13 (process_request_thread)] [save_file_metadata] - Successfully inserted metadata for access_id: 147a698a1a
2025-05-02 14:49:04,429 - INFO - [Thread-13 (process_request_thread)] [process_upload_and_generate_updates] - [c9a7add6-94d8-49e8-a708-0b3dac6768b4] Metadata successfully saved to DB. Msg: Metadata inserted (ID: 68148e071969d4a304aec39b).
2025-05-02 14:49:04,430 - INFO - [Thread-13 (process_request_thread)] [process_upload_and_generate_updates] - [c9a7add6-94d8-49e8-a708-0b3dac6768b4] Upload generator cleanup.
2025-05-02 14:49:04,431 - INFO - [Thread-13 (process_request_thread)] [process_upload_and_generate_updates] - [c9a7add6-94d8-49e8-a708-0b3dac6768b4] Upload executor shutdown.
2025-05-02 14:49:04,432 - INFO - [Thread-13 (process_request_thread)] [_safe_remove_file] - [c9a7add6-94d8-49e8-a708-0b3dac6768b4] Cleaned up original temp: uploads_temp\c9a7add6-94d8-49e8-a708-0b3dac6768b4_config.py
2025-05-02 14:49:04,432 - INFO - [Thread-13 (process_request_thread)] [process_upload_and_generate_updates] - [c9a7add6-94d8-49e8-a708-0b3dac6768b4] Upload generator finished. Status: completed
2025-05-02 14:49:27,002 - INFO - [Thread-14 (process_request_thread)] [initiate_upload] - Request initiate upload.
2025-05-02 14:49:27,006 - INFO - [Thread-14 (process_request_thread)] [initiate_upload] - [8396934d-5bb3-4c6f-a98e-dba2beb19dd8] Temp storage: uploads_temp\8396934d-5bb3-4c6f-a98e-dba2beb19dd8_database.py
2025-05-02 14:49:27,009 - INFO - [Thread-14 (process_request_thread)] [initiate_upload] - [8396934d-5bb3-4c6f-a98e-dba2beb19dd8] Temp saved: 'database.py'.
2025-05-02 14:49:27,011 - INFO - [Thread-14 (process_request_thread)] [_log] - 192.168.1.19 - - [02/May/2025 14:49:27] "POST /initiate-upload HTTP/1.1" 200 -
2025-05-02 14:49:27,041 - INFO - [Thread-15 (process_request_thread)] [stream_progress] - SSE connect request for upload_id: 8396934d-5bb3-4c6f-a98e-dba2beb19dd8
2025-05-02 14:49:27,042 - INFO - [Thread-15 (process_request_thread)] [process_upload_and_generate_updates] - [8396934d-5bb3-4c6f-a98e-dba2beb19dd8] Starting processing generator...
2025-05-02 14:49:27,043 - INFO - [Thread-15 (process_request_thread)] [process_upload_and_generate_updates] - [8396934d-5bb3-4c6f-a98e-dba2beb19dd8] Processing: User='admin', File='database.py'
2025-05-02 14:49:27,044 - INFO - [Thread-15 (process_request_thread)] [process_upload_and_generate_updates] - [8396934d-5bb3-4c6f-a98e-dba2beb19dd8] Initialized Upload Executor (max=5)
2025-05-02 14:49:27,045 - INFO - [Thread-15 (process_request_thread)] [_log] - 192.168.1.19 - - [02/May/2025 14:49:27] "GET /stream-progress/8396934d-5bb3-4c6f-a98e-dba2beb19dd8 HTTP/1.1" 200 -
2025-05-02 14:49:27,045 - INFO - [Thread-15 (process_request_thread)] [process_upload_and_generate_updates] - [8396934d-5bb3-4c6f-a98e-dba2beb19dd8] Access ID: 39af2f4dea
2025-05-02 14:49:27,045 - INFO - [Thread-15 (process_request_thread)] [process_upload_and_generate_updates] - [8396934d-5bb3-4c6f-a98e-dba2beb19dd8] Single file workflow.
2025-05-02 14:49:27,062 - INFO - [Thread-15 (process_request_thread)] [process_upload_and_generate_updates] - [8396934d-5bb3-4c6f-a98e-dba2beb19dd8] Compressed size: 3412
2025-05-02 14:49:27,063 - INFO - [Upload_8396_0] [_send_single_file_task] - [8396934d-5bb3-4c6f-a98e-dba2beb19dd8] T> Sending 'database.zip' (3412b) to -4603853425
2025-05-02 14:49:27,064 - INFO - [Upload_8396_1] [_send_single_file_task] - [8396934d-5bb3-4c6f-a98e-dba2beb19dd8] T> Sending 'database.zip' (3412b) to -1002614397019
2025-05-02 14:49:27,064 - INFO - [Upload_8396_0] [send_file_to_telegram] - [ChatID -4603853425, File 'database.zip'] Attempting send.
2025-05-02 14:49:27,064 - INFO - [Upload_8396_1] [send_file_to_telegram] - [ChatID -1002614397019, File 'database.zip'] Attempting send.
2025-05-02 14:49:27,065 - INFO - [Upload_8396_2] [_send_single_file_task] - [8396934d-5bb3-4c6f-a98e-dba2beb19dd8] T> Sending 'database.zip' (3412b) to -4641852757
2025-05-02 14:49:27,065 - INFO - [Thread-15 (process_request_thread)] [process_upload_and_generate_updates] - [8396934d-5bb3-4c6f-a98e-dba2beb19dd8] Submitted 3 single-file tasks.
2025-05-02 14:49:27,068 - INFO - [Upload_8396_2] [send_file_to_telegram] - [ChatID -4641852757, File 'database.zip'] Attempting send.
2025-05-02 14:49:27,068 - INFO - [Thread-15 (process_request_thread)] [process_upload_and_generate_updates] - [8396934d-5bb3-4c6f-a98e-dba2beb19dd8] Wait primary (-4603853425)...
2025-05-02 14:49:27,573 - INFO - [Upload_8396_0] [send_file_to_telegram] - [ChatID -4603853425, File 'database.zip'] API success (Attempt 1).
2025-05-02 14:49:27,574 - INFO - [Upload_8396_0] [_send_single_file_task] - [8396934d-5bb3-4c6f-a98e-dba2beb19dd8] T> Sent 'database.zip' to -4603853425. Success: True
2025-05-02 14:49:27,574 - INFO - [Thread-15 (process_request_thread)] [process_upload_and_generate_updates] - [8396934d-5bb3-4c6f-a98e-dba2beb19dd8] Primary done. OK:True
2025-05-02 14:49:27,575 - INFO - [Thread-15 (process_request_thread)] [process_upload_and_generate_updates] - [8396934d-5bb3-4c6f-a98e-dba2beb19dd8] Wait backups...
2025-05-02 14:49:27,594 - INFO - [Upload_8396_1] [send_file_to_telegram] - [ChatID -1002614397019, File 'database.zip'] API success (Attempt 1).
2025-05-02 14:49:27,596 - INFO - [Upload_8396_1] [_send_single_file_task] - [8396934d-5bb3-4c6f-a98e-dba2beb19dd8] T> Sent 'database.zip' to -1002614397019. Success: True
2025-05-02 14:49:27,720 - INFO - [Upload_8396_2] [send_file_to_telegram] - [ChatID -4641852757, File 'database.zip'] API success (Attempt 1).
2025-05-02 14:49:27,720 - INFO - [Upload_8396_2] [_send_single_file_task] - [8396934d-5bb3-4c6f-a98e-dba2beb19dd8] T> Sent 'database.zip' to -4641852757. Success: True
2025-05-02 14:49:27,722 - INFO - [Thread-15 (process_request_thread)] [process_upload_and_generate_updates] - [8396934d-5bb3-4c6f-a98e-dba2beb19dd8] Single sends done in 0.66s.
2025-05-02 14:49:27,722 - INFO - [Thread-15 (process_request_thread)] [process_upload_and_generate_updates] - [8396934d-5bb3-4c6f-a98e-dba2beb19dd8] Success: 3/3
2025-05-02 14:49:27,723 - INFO - [Thread-15 (process_request_thread)] [process_upload_and_generate_updates] - [8396934d-5bb3-4c6f-a98e-dba2beb19dd8] Attempting to save metadata to DB...
2025-05-02 14:49:27,758 - INFO - [Thread-15 (process_request_thread)] [save_file_metadata] - Successfully inserted metadata for access_id: 39af2f4dea
2025-05-02 14:49:27,760 - INFO - [Thread-15 (process_request_thread)] [process_upload_and_generate_updates] - [8396934d-5bb3-4c6f-a98e-dba2beb19dd8] Metadata successfully saved to DB. Msg: Metadata inserted (ID: 68148e1f1969d4a304aec39d).
2025-05-02 14:49:27,760 - INFO - [Thread-15 (process_request_thread)] [process_upload_and_generate_updates] - [8396934d-5bb3-4c6f-a98e-dba2beb19dd8] Upload generator cleanup.
2025-05-02 14:49:27,765 - INFO - [Thread-15 (process_request_thread)] [process_upload_and_generate_updates] - [8396934d-5bb3-4c6f-a98e-dba2beb19dd8] Upload executor shutdown.
2025-05-02 14:49:27,767 - INFO - [Thread-15 (process_request_thread)] [_safe_remove_file] - [8396934d-5bb3-4c6f-a98e-dba2beb19dd8] Cleaned up original temp: uploads_temp\8396934d-5bb3-4c6f-a98e-dba2beb19dd8_database.py
2025-05-02 14:49:27,767 - INFO - [Thread-15 (process_request_thread)] [process_upload_and_generate_updates] - [8396934d-5bb3-4c6f-a98e-dba2beb19dd8] Upload generator finished. Status: completed
2025-05-02 14:50:02,818 - INFO - [Thread-16 (process_request_thread)] [initiate_upload] - Request initiate upload.
2025-05-02 14:50:02,821 - INFO - [Thread-16 (process_request_thread)] [initiate_upload] - [db6b9a10-17f1-4453-85c2-eb10b3a34042] Temp storage: uploads_temp\db6b9a10-17f1-4453-85c2-eb10b3a34042_app_setup (1).py
2025-05-02 14:50:02,824 - INFO - [Thread-16 (process_request_thread)] [initiate_upload] - [db6b9a10-17f1-4453-85c2-eb10b3a34042] Temp saved: 'app_setup (1).py'.
2025-05-02 14:50:02,825 - INFO - [Thread-16 (process_request_thread)] [_log] - 192.168.1.19 - - [02/May/2025 14:50:02] "POST /initiate-upload HTTP/1.1" 200 -
2025-05-02 14:50:02,852 - INFO - [Thread-17 (process_request_thread)] [stream_progress] - SSE connect request for upload_id: db6b9a10-17f1-4453-85c2-eb10b3a34042
2025-05-02 14:50:02,853 - INFO - [Thread-17 (process_request_thread)] [process_upload_and_generate_updates] - [db6b9a10-17f1-4453-85c2-eb10b3a34042] Starting processing generator...
2025-05-02 14:50:02,854 - INFO - [Thread-17 (process_request_thread)] [process_upload_and_generate_updates] - [db6b9a10-17f1-4453-85c2-eb10b3a34042] Processing: User='admin', File='app_setup (1).py'
2025-05-02 14:50:02,855 - INFO - [Thread-17 (process_request_thread)] [process_upload_and_generate_updates] - [db6b9a10-17f1-4453-85c2-eb10b3a34042] Initialized Upload Executor (max=5)
2025-05-02 14:50:02,855 - INFO - [Thread-17 (process_request_thread)] [_log] - 192.168.1.19 - - [02/May/2025 14:50:02] "GET /stream-progress/db6b9a10-17f1-4453-85c2-eb10b3a34042 HTTP/1.1" 200 -
2025-05-02 14:50:02,856 - INFO - [Thread-17 (process_request_thread)] [process_upload_and_generate_updates] - [db6b9a10-17f1-4453-85c2-eb10b3a34042] Access ID: 18612988af
2025-05-02 14:50:02,857 - INFO - [Thread-17 (process_request_thread)] [process_upload_and_generate_updates] - [db6b9a10-17f1-4453-85c2-eb10b3a34042] Single file workflow.
2025-05-02 14:50:02,859 - INFO - [Thread-17 (process_request_thread)] [process_upload_and_generate_updates] - [db6b9a10-17f1-4453-85c2-eb10b3a34042] Compressed size: 764
2025-05-02 14:50:02,860 - INFO - [Upload_db6b_0] [_send_single_file_task] - [db6b9a10-17f1-4453-85c2-eb10b3a34042] T> Sending 'app_setup (1).zip' (764b) to -4603853425
2025-05-02 14:50:02,860 - INFO - [Upload_db6b_0] [send_file_to_telegram] - [ChatID -4603853425, File 'app_setup (1).zip'] Attempting send.
2025-05-02 14:50:02,860 - INFO - [Upload_db6b_1] [_send_single_file_task] - [db6b9a10-17f1-4453-85c2-eb10b3a34042] T> Sending 'app_setup (1).zip' (764b) to -1002614397019
2025-05-02 14:50:02,861 - INFO - [Upload_db6b_2] [_send_single_file_task] - [db6b9a10-17f1-4453-85c2-eb10b3a34042] T> Sending 'app_setup (1).zip' (764b) to -4641852757
2025-05-02 14:50:02,861 - INFO - [Thread-17 (process_request_thread)] [process_upload_and_generate_updates] - [db6b9a10-17f1-4453-85c2-eb10b3a34042] Submitted 3 single-file tasks.
2025-05-02 14:50:02,862 - INFO - [Upload_db6b_1] [send_file_to_telegram] - [ChatID -1002614397019, File 'app_setup (1).zip'] Attempting send.
2025-05-02 14:50:02,863 - INFO - [Upload_db6b_2] [send_file_to_telegram] - [ChatID -4641852757, File 'app_setup (1).zip'] Attempting send.
2025-05-02 14:50:02,863 - INFO - [Thread-17 (process_request_thread)] [process_upload_and_generate_updates] - [db6b9a10-17f1-4453-85c2-eb10b3a34042] Wait primary (-4603853425)...
2025-05-02 14:50:03,367 - INFO - [Upload_db6b_0] [send_file_to_telegram] - [ChatID -4603853425, File 'app_setup (1).zip'] API success (Attempt 1).
2025-05-02 14:50:03,368 - INFO - [Upload_db6b_0] [_send_single_file_task] - [db6b9a10-17f1-4453-85c2-eb10b3a34042] T> Sent 'app_setup (1).zip' to -4603853425. Success: True
2025-05-02 14:50:03,369 - INFO - [Thread-17 (process_request_thread)] [process_upload_and_generate_updates] - [db6b9a10-17f1-4453-85c2-eb10b3a34042] Primary done. OK:True
2025-05-02 14:50:03,369 - INFO - [Thread-17 (process_request_thread)] [process_upload_and_generate_updates] - [db6b9a10-17f1-4453-85c2-eb10b3a34042] Wait backups...
2025-05-02 14:50:03,373 - INFO - [Upload_db6b_2] [send_file_to_telegram] - [ChatID -4641852757, File 'app_setup (1).zip'] API success (Attempt 1).
2025-05-02 14:50:03,373 - INFO - [Upload_db6b_2] [_send_single_file_task] - [db6b9a10-17f1-4453-85c2-eb10b3a34042] T> Sent 'app_setup (1).zip' to -4641852757. Success: True
2025-05-02 14:50:03,376 - INFO - [Upload_db6b_1] [send_file_to_telegram] - [ChatID -1002614397019, File 'app_setup (1).zip'] API success (Attempt 1).
2025-05-02 14:50:03,377 - INFO - [Upload_db6b_1] [_send_single_file_task] - [db6b9a10-17f1-4453-85c2-eb10b3a34042] T> Sent 'app_setup (1).zip' to -1002614397019. Success: True
2025-05-02 14:50:03,378 - INFO - [Thread-17 (process_request_thread)] [process_upload_and_generate_updates] - [db6b9a10-17f1-4453-85c2-eb10b3a34042] Single sends done in 0.52s.
2025-05-02 14:50:03,379 - INFO - [Thread-17 (process_request_thread)] [process_upload_and_generate_updates] - [db6b9a10-17f1-4453-85c2-eb10b3a34042] Success: 3/3
2025-05-02 14:50:03,379 - INFO - [Thread-17 (process_request_thread)] [process_upload_and_generate_updates] - [db6b9a10-17f1-4453-85c2-eb10b3a34042] Attempting to save metadata to DB...
2025-05-02 14:50:03,424 - INFO - [Thread-17 (process_request_thread)] [save_file_metadata] - Successfully inserted metadata for access_id: 18612988af
2025-05-02 14:50:03,436 - INFO - [Thread-17 (process_request_thread)] [process_upload_and_generate_updates] - [db6b9a10-17f1-4453-85c2-eb10b3a34042] Metadata successfully saved to DB. Msg: Metadata inserted (ID: 68148e421969d4a304aec3a1).
2025-05-02 14:50:03,440 - INFO - [Thread-17 (process_request_thread)] [process_upload_and_generate_updates] - [db6b9a10-17f1-4453-85c2-eb10b3a34042] Upload generator cleanup.
2025-05-02 14:50:03,441 - INFO - [Thread-17 (process_request_thread)] [process_upload_and_generate_updates] - [db6b9a10-17f1-4453-85c2-eb10b3a34042] Upload executor shutdown.
2025-05-02 14:50:03,442 - INFO - [Thread-17 (process_request_thread)] [_safe_remove_file] - [db6b9a10-17f1-4453-85c2-eb10b3a34042] Cleaned up original temp: uploads_temp\db6b9a10-17f1-4453-85c2-eb10b3a34042_app_setup (1).py
2025-05-02 14:50:03,443 - INFO - [Thread-17 (process_request_thread)] [process_upload_and_generate_updates] - [db6b9a10-17f1-4453-85c2-eb10b3a34042] Upload generator finished. Status: completed
2025-05-02 14:50:38,486 - INFO - [Thread-10] [_schedule_cleanup] - [Cleanup-da17e19e-762a-4b2b-92f5-bbcd5e66ac34] Scheduled cleanup executing for path: E:\Telegram_tool\Telegram_Bot_Tool\uploads_temp\dl_final_da17e19e-762a-4b2b-92f5-bbcd5e66ac34_8_05nlu6
2025-05-02 14:50:38,487 - INFO - [Thread-10] [_safe_remove_file] - [Cleanup-da17e19e-762a-4b2b-92f5-bbcd5e66ac34] Cleaned up final dl: E:\Telegram_tool\Telegram_Bot_Tool\uploads_temp\dl_final_da17e19e-762a-4b2b-92f5-bbcd5e66ac34_8_05nlu6
2025-05-02 14:50:38,487 - INFO - [Thread-10] [_schedule_cleanup] - [Cleanup-da17e19e-762a-4b2b-92f5-bbcd5e66ac34] Prep data removed.
2025-05-02 15:01:53,644 - INFO - [Thread-18 (process_request_thread)] [initiate_upload] - Request initiate upload.
2025-05-02 15:01:53,648 - INFO - [Thread-18 (process_request_thread)] [initiate_upload] - [1e40b499-27ab-4d4d-bf57-52056fc02ef6] Temp storage: uploads_temp\1e40b499-27ab-4d4d-bf57-52056fc02ef6_app_setup (1).py
2025-05-02 15:01:53,650 - INFO - [Thread-18 (process_request_thread)] [initiate_upload] - [1e40b499-27ab-4d4d-bf57-52056fc02ef6] Temp saved: 'app_setup (1).py'.
2025-05-02 15:01:53,654 - INFO - [Thread-18 (process_request_thread)] [_log] - 192.168.1.19 - - [02/May/2025 15:01:53] "POST /initiate-upload HTTP/1.1" 200 -
2025-05-02 15:01:53,686 - INFO - [Thread-19 (process_request_thread)] [stream_progress] - SSE connect request for upload_id: 1e40b499-27ab-4d4d-bf57-52056fc02ef6
2025-05-02 15:01:53,687 - INFO - [Thread-19 (process_request_thread)] [process_upload_and_generate_updates] - [1e40b499-27ab-4d4d-bf57-52056fc02ef6] Starting processing generator...
2025-05-02 15:01:53,688 - INFO - [Thread-19 (process_request_thread)] [process_upload_and_generate_updates] - [1e40b499-27ab-4d4d-bf57-52056fc02ef6] Processing: User='admin', File='app_setup (1).py'
2025-05-02 15:01:53,688 - INFO - [Thread-19 (process_request_thread)] [process_upload_and_generate_updates] - [1e40b499-27ab-4d4d-bf57-52056fc02ef6] Initialized Upload Executor (max=5)
2025-05-02 15:01:53,689 - INFO - [Thread-19 (process_request_thread)] [_log] - 192.168.1.19 - - [02/May/2025 15:01:53] "GET /stream-progress/1e40b499-27ab-4d4d-bf57-52056fc02ef6 HTTP/1.1" 200 -
2025-05-02 15:01:53,689 - INFO - [Thread-19 (process_request_thread)] [process_upload_and_generate_updates] - [1e40b499-27ab-4d4d-bf57-52056fc02ef6] Access ID: bc48b9a6a9
2025-05-02 15:01:53,689 - INFO - [Thread-19 (process_request_thread)] [process_upload_and_generate_updates] - [1e40b499-27ab-4d4d-bf57-52056fc02ef6] Single file workflow.
2025-05-02 15:01:53,691 - INFO - [Thread-19 (process_request_thread)] [process_upload_and_generate_updates] - [1e40b499-27ab-4d4d-bf57-52056fc02ef6] Compressed size: 764
2025-05-02 15:01:53,692 - INFO - [Upload_1e40_0] [_send_single_file_task] - [1e40b499-27ab-4d4d-bf57-52056fc02ef6] T> Sending 'app_setup (1).zip' (764b) to -4603853425
2025-05-02 15:01:53,692 - INFO - [Upload_1e40_0] [send_file_to_telegram] - [ChatID -4603853425, File 'app_setup (1).zip'] Attempting send.
2025-05-02 15:01:53,693 - INFO - [Upload_1e40_1] [_send_single_file_task] - [1e40b499-27ab-4d4d-bf57-52056fc02ef6] T> Sending 'app_setup (1).zip' (764b) to -1002614397019
2025-05-02 15:01:53,693 - INFO - [Upload_1e40_2] [_send_single_file_task] - [1e40b499-27ab-4d4d-bf57-52056fc02ef6] T> Sending 'app_setup (1).zip' (764b) to -4641852757
2025-05-02 15:01:53,693 - INFO - [Thread-19 (process_request_thread)] [process_upload_and_generate_updates] - [1e40b499-27ab-4d4d-bf57-52056fc02ef6] Submitted 3 single-file tasks.
2025-05-02 15:01:53,695 - INFO - [Upload_1e40_1] [send_file_to_telegram] - [ChatID -1002614397019, File 'app_setup (1).zip'] Attempting send.
2025-05-02 15:01:53,696 - INFO - [Upload_1e40_2] [send_file_to_telegram] - [ChatID -4641852757, File 'app_setup (1).zip'] Attempting send.
2025-05-02 15:01:53,696 - INFO - [Thread-19 (process_request_thread)] [process_upload_and_generate_updates] - [1e40b499-27ab-4d4d-bf57-52056fc02ef6] Wait primary (-4603853425)...
2025-05-02 15:01:54,429 - INFO - [Upload_1e40_2] [send_file_to_telegram] - [ChatID -4641852757, File 'app_setup (1).zip'] API success (Attempt 1).
2025-05-02 15:01:54,432 - INFO - [Upload_1e40_0] [send_file_to_telegram] - [ChatID -4603853425, File 'app_setup (1).zip'] API success (Attempt 1).
2025-05-02 15:01:54,436 - INFO - [Upload_1e40_2] [_send_single_file_task] - [1e40b499-27ab-4d4d-bf57-52056fc02ef6] T> Sent 'app_setup (1).zip' to -4641852757. Success: True
2025-05-02 15:01:54,437 - INFO - [Upload_1e40_0] [_send_single_file_task] - [1e40b499-27ab-4d4d-bf57-52056fc02ef6] T> Sent 'app_setup (1).zip' to -4603853425. Success: True
2025-05-02 15:01:54,438 - INFO - [Thread-19 (process_request_thread)] [process_upload_and_generate_updates] - [1e40b499-27ab-4d4d-bf57-52056fc02ef6] Primary done. OK:True
2025-05-02 15:01:54,444 - INFO - [Thread-19 (process_request_thread)] [process_upload_and_generate_updates] - [1e40b499-27ab-4d4d-bf57-52056fc02ef6] Wait backups...
2025-05-02 15:01:54,455 - INFO - [Upload_1e40_1] [send_file_to_telegram] - [ChatID -1002614397019, File 'app_setup (1).zip'] API success (Attempt 1).
2025-05-02 15:01:54,472 - INFO - [Upload_1e40_1] [_send_single_file_task] - [1e40b499-27ab-4d4d-bf57-52056fc02ef6] T> Sent 'app_setup (1).zip' to -1002614397019. Success: True
2025-05-02 15:01:54,477 - INFO - [Thread-19 (process_request_thread)] [process_upload_and_generate_updates] - [1e40b499-27ab-4d4d-bf57-52056fc02ef6] Single sends done in 0.78s.
2025-05-02 15:01:54,480 - INFO - [Thread-19 (process_request_thread)] [process_upload_and_generate_updates] - [1e40b499-27ab-4d4d-bf57-52056fc02ef6] Success: 3/3
2025-05-02 15:01:54,481 - INFO - [Thread-19 (process_request_thread)] [process_upload_and_generate_updates] - [1e40b499-27ab-4d4d-bf57-52056fc02ef6] Attempting to save metadata to DB...
2025-05-02 15:01:54,528 - INFO - [Thread-19 (process_request_thread)] [save_file_metadata] - Successfully inserted metadata for access_id: bc48b9a6a9
2025-05-02 15:01:54,530 - INFO - [Thread-19 (process_request_thread)] [process_upload_and_generate_updates] - [1e40b499-27ab-4d4d-bf57-52056fc02ef6] Metadata successfully saved to DB. Msg: Metadata inserted (ID: 681491091969d4a304aec3e5).
2025-05-02 15:01:54,532 - INFO - [Thread-19 (process_request_thread)] [process_upload_and_generate_updates] - [1e40b499-27ab-4d4d-bf57-52056fc02ef6] Upload generator cleanup.
2025-05-02 15:01:54,532 - INFO - [Thread-19 (process_request_thread)] [process_upload_and_generate_updates] - [1e40b499-27ab-4d4d-bf57-52056fc02ef6] Upload executor shutdown.
2025-05-02 15:01:54,533 - INFO - [Thread-19 (process_request_thread)] [_safe_remove_file] - [1e40b499-27ab-4d4d-bf57-52056fc02ef6] Cleaned up original temp: uploads_temp\1e40b499-27ab-4d4d-bf57-52056fc02ef6_app_setup (1).py
2025-05-02 15:01:54,537 - INFO - [Thread-19 (process_request_thread)] [process_upload_and_generate_updates] - [1e40b499-27ab-4d4d-bf57-52056fc02ef6] Upload generator finished. Status: completed
2025-05-02 15:02:02,561 - INFO - [Thread-20 (process_request_thread)] [initiate_upload] - Request initiate upload.
2025-05-02 15:02:02,566 - INFO - [Thread-20 (process_request_thread)] [initiate_upload] - [a3597829-10fc-4761-b4a1-fabafe6f1ac3] Temp storage: uploads_temp\a3597829-10fc-4761-b4a1-fabafe6f1ac3_routes.py
2025-05-02 15:02:02,568 - INFO - [Thread-20 (process_request_thread)] [initiate_upload] - [a3597829-10fc-4761-b4a1-fabafe6f1ac3] Temp saved: 'routes.py'.
2025-05-02 15:02:02,569 - INFO - [Thread-20 (process_request_thread)] [_log] - 192.168.1.19 - - [02/May/2025 15:02:02] "POST /initiate-upload HTTP/1.1" 200 -
2025-05-02 15:02:02,592 - INFO - [Thread-21 (process_request_thread)] [stream_progress] - SSE connect request for upload_id: a3597829-10fc-4761-b4a1-fabafe6f1ac3
2025-05-02 15:02:02,593 - INFO - [Thread-21 (process_request_thread)] [process_upload_and_generate_updates] - [a3597829-10fc-4761-b4a1-fabafe6f1ac3] Starting processing generator...
2025-05-02 15:02:02,593 - INFO - [Thread-21 (process_request_thread)] [process_upload_and_generate_updates] - [a3597829-10fc-4761-b4a1-fabafe6f1ac3] Processing: User='admin', File='routes.py'
2025-05-02 15:02:02,593 - INFO - [Thread-21 (process_request_thread)] [process_upload_and_generate_updates] - [a3597829-10fc-4761-b4a1-fabafe6f1ac3] Initialized Upload Executor (max=5)
2025-05-02 15:02:02,594 - INFO - [Thread-21 (process_request_thread)] [_log] - 192.168.1.19 - - [02/May/2025 15:02:02] "GET /stream-progress/a3597829-10fc-4761-b4a1-fabafe6f1ac3 HTTP/1.1" 200 -
2025-05-02 15:02:02,595 - INFO - [Thread-21 (process_request_thread)] [process_upload_and_generate_updates] - [a3597829-10fc-4761-b4a1-fabafe6f1ac3] Access ID: c4fe94e3d1
2025-05-02 15:02:02,596 - INFO - [Thread-21 (process_request_thread)] [process_upload_and_generate_updates] - [a3597829-10fc-4761-b4a1-fabafe6f1ac3] Single file workflow.
2025-05-02 15:02:02,619 - INFO - [Thread-21 (process_request_thread)] [process_upload_and_generate_updates] - [a3597829-10fc-4761-b4a1-fabafe6f1ac3] Compressed size: 15091
2025-05-02 15:02:02,620 - INFO - [Upload_a359_0] [_send_single_file_task] - [a3597829-10fc-4761-b4a1-fabafe6f1ac3] T> Sending 'routes.zip' (15091b) to -4603853425
2025-05-02 15:02:02,620 - INFO - [Upload_a359_0] [send_file_to_telegram] - [ChatID -4603853425, File 'routes.zip'] Attempting send.
2025-05-02 15:02:02,620 - INFO - [Upload_a359_1] [_send_single_file_task] - [a3597829-10fc-4761-b4a1-fabafe6f1ac3] T> Sending 'routes.zip' (15091b) to -1002614397019
2025-05-02 15:02:02,621 - INFO - [Upload_a359_2] [_send_single_file_task] - [a3597829-10fc-4761-b4a1-fabafe6f1ac3] T> Sending 'routes.zip' (15091b) to -4641852757
2025-05-02 15:02:02,621 - INFO - [Thread-21 (process_request_thread)] [process_upload_and_generate_updates] - [a3597829-10fc-4761-b4a1-fabafe6f1ac3] Submitted 3 single-file tasks.
2025-05-02 15:02:02,621 - INFO - [Upload_a359_1] [send_file_to_telegram] - [ChatID -1002614397019, File 'routes.zip'] Attempting send.
2025-05-02 15:02:02,622 - INFO - [Upload_a359_2] [send_file_to_telegram] - [ChatID -4641852757, File 'routes.zip'] Attempting send.
2025-05-02 15:02:02,623 - INFO - [Thread-21 (process_request_thread)] [process_upload_and_generate_updates] - [a3597829-10fc-4761-b4a1-fabafe6f1ac3] Wait primary (-4603853425)...
2025-05-02 15:02:03,357 - INFO - [Upload_a359_1] [send_file_to_telegram] - [ChatID -1002614397019, File 'routes.zip'] API success (Attempt 1).
2025-05-02 15:02:03,358 - INFO - [Upload_a359_1] [_send_single_file_task] - [a3597829-10fc-4761-b4a1-fabafe6f1ac3] T> Sent 'routes.zip' to -1002614397019. Success: True
2025-05-02 15:02:03,464 - INFO - [Upload_a359_2] [send_file_to_telegram] - [ChatID -4641852757, File 'routes.zip'] API success (Attempt 1).
2025-05-02 15:02:03,465 - INFO - [Upload_a359_2] [_send_single_file_task] - [a3597829-10fc-4761-b4a1-fabafe6f1ac3] T> Sent 'routes.zip' to -4641852757. Success: True
2025-05-02 15:02:03,474 - INFO - [Upload_a359_0] [send_file_to_telegram] - [ChatID -4603853425, File 'routes.zip'] API success (Attempt 1).
2025-05-02 15:02:03,474 - INFO - [Upload_a359_0] [_send_single_file_task] - [a3597829-10fc-4761-b4a1-fabafe6f1ac3] T> Sent 'routes.zip' to -4603853425. Success: True
2025-05-02 15:02:03,475 - INFO - [Thread-21 (process_request_thread)] [process_upload_and_generate_updates] - [a3597829-10fc-4761-b4a1-fabafe6f1ac3] Primary done. OK:True
2025-05-02 15:02:03,475 - INFO - [Thread-21 (process_request_thread)] [process_upload_and_generate_updates] - [a3597829-10fc-4761-b4a1-fabafe6f1ac3] Wait backups...
2025-05-02 15:02:03,475 - INFO - [Thread-21 (process_request_thread)] [process_upload_and_generate_updates] - [a3597829-10fc-4761-b4a1-fabafe6f1ac3] Single sends done in 0.86s.
2025-05-02 15:02:03,477 - INFO - [Thread-21 (process_request_thread)] [process_upload_and_generate_updates] - [a3597829-10fc-4761-b4a1-fabafe6f1ac3] Success: 3/3
2025-05-02 15:02:03,477 - INFO - [Thread-21 (process_request_thread)] [process_upload_and_generate_updates] - [a3597829-10fc-4761-b4a1-fabafe6f1ac3] Attempting to save metadata to DB...
2025-05-02 15:02:03,513 - INFO - [Thread-21 (process_request_thread)] [save_file_metadata] - Successfully inserted metadata for access_id: c4fe94e3d1
2025-05-02 15:02:03,513 - INFO - [Thread-21 (process_request_thread)] [process_upload_and_generate_updates] - [a3597829-10fc-4761-b4a1-fabafe6f1ac3] Metadata successfully saved to DB. Msg: Metadata inserted (ID: 681491121969d4a304aec3e7).
2025-05-02 15:02:03,514 - INFO - [Thread-21 (process_request_thread)] [process_upload_and_generate_updates] - [a3597829-10fc-4761-b4a1-fabafe6f1ac3] Upload generator cleanup.
2025-05-02 15:02:03,515 - INFO - [Thread-21 (process_request_thread)] [process_upload_and_generate_updates] - [a3597829-10fc-4761-b4a1-fabafe6f1ac3] Upload executor shutdown.
2025-05-02 15:02:03,516 - INFO - [Thread-21 (process_request_thread)] [_safe_remove_file] - [a3597829-10fc-4761-b4a1-fabafe6f1ac3] Cleaned up original temp: uploads_temp\a3597829-10fc-4761-b4a1-fabafe6f1ac3_routes.py
2025-05-02 15:02:03,517 - INFO - [Thread-21 (process_request_thread)] [process_upload_and_generate_updates] - [a3597829-10fc-4761-b4a1-fabafe6f1ac3] Upload generator finished. Status: completed
2025-05-02 15:02:20,081 - INFO - [Thread-22 (process_request_thread)] [initiate_upload] - Request initiate upload.
2025-05-02 15:02:20,084 - INFO - [Thread-22 (process_request_thread)] [initiate_upload] - [ac6370da-5ce9-4974-a990-bd56b41976db] Temp storage: uploads_temp\ac6370da-5ce9-4974-a990-bd56b41976db_download (2).svg
2025-05-02 15:02:20,086 - INFO - [Thread-22 (process_request_thread)] [initiate_upload] - [ac6370da-5ce9-4974-a990-bd56b41976db] Temp saved: 'download (2).svg'.
2025-05-02 15:02:20,091 - INFO - [Thread-22 (process_request_thread)] [_log] - 192.168.1.19 - - [02/May/2025 15:02:20] "POST /initiate-upload HTTP/1.1" 200 -
2025-05-02 15:02:20,108 - INFO - [Thread-23 (process_request_thread)] [stream_progress] - SSE connect request for upload_id: ac6370da-5ce9-4974-a990-bd56b41976db
2025-05-02 15:02:20,109 - INFO - [Thread-23 (process_request_thread)] [process_upload_and_generate_updates] - [ac6370da-5ce9-4974-a990-bd56b41976db] Starting processing generator...
2025-05-02 15:02:20,110 - INFO - [Thread-23 (process_request_thread)] [process_upload_and_generate_updates] - [ac6370da-5ce9-4974-a990-bd56b41976db] Processing: User='admin', File='download (2).svg'
2025-05-02 15:02:20,110 - INFO - [Thread-23 (process_request_thread)] [process_upload_and_generate_updates] - [ac6370da-5ce9-4974-a990-bd56b41976db] Initialized Upload Executor (max=5)
2025-05-02 15:02:20,113 - INFO - [Thread-23 (process_request_thread)] [_log] - 192.168.1.19 - - [02/May/2025 15:02:20] "GET /stream-progress/ac6370da-5ce9-4974-a990-bd56b41976db HTTP/1.1" 200 -
2025-05-02 15:02:20,114 - INFO - [Thread-23 (process_request_thread)] [process_upload_and_generate_updates] - [ac6370da-5ce9-4974-a990-bd56b41976db] Access ID: 9cb6aeb41d
2025-05-02 15:02:20,114 - INFO - [Thread-23 (process_request_thread)] [process_upload_and_generate_updates] - [ac6370da-5ce9-4974-a990-bd56b41976db] Single file workflow.
2025-05-02 15:02:20,126 - INFO - [Thread-23 (process_request_thread)] [process_upload_and_generate_updates] - [ac6370da-5ce9-4974-a990-bd56b41976db] Compressed size: 483
2025-05-02 15:02:20,127 - INFO - [Upload_ac63_0] [_send_single_file_task] - [ac6370da-5ce9-4974-a990-bd56b41976db] T> Sending 'download (2).zip' (483b) to -4603853425
2025-05-02 15:02:20,128 - INFO - [Upload_ac63_0] [send_file_to_telegram] - [ChatID -4603853425, File 'download (2).zip'] Attempting send.
2025-05-02 15:02:20,128 - INFO - [Upload_ac63_1] [_send_single_file_task] - [ac6370da-5ce9-4974-a990-bd56b41976db] T> Sending 'download (2).zip' (483b) to -1002614397019
2025-05-02 15:02:20,129 - INFO - [Upload_ac63_2] [_send_single_file_task] - [ac6370da-5ce9-4974-a990-bd56b41976db] T> Sending 'download (2).zip' (483b) to -4641852757
2025-05-02 15:02:20,130 - INFO - [Thread-23 (process_request_thread)] [process_upload_and_generate_updates] - [ac6370da-5ce9-4974-a990-bd56b41976db] Submitted 3 single-file tasks.
2025-05-02 15:02:20,130 - INFO - [Upload_ac63_1] [send_file_to_telegram] - [ChatID -1002614397019, File 'download (2).zip'] Attempting send.
2025-05-02 15:02:20,131 - INFO - [Upload_ac63_2] [send_file_to_telegram] - [ChatID -4641852757, File 'download (2).zip'] Attempting send.
2025-05-02 15:02:20,131 - INFO - [Thread-23 (process_request_thread)] [process_upload_and_generate_updates] - [ac6370da-5ce9-4974-a990-bd56b41976db] Wait primary (-4603853425)...
2025-05-02 15:02:20,649 - INFO - [Upload_ac63_0] [send_file_to_telegram] - [ChatID -4603853425, File 'download (2).zip'] API success (Attempt 1).
2025-05-02 15:02:20,650 - INFO - [Upload_ac63_0] [_send_single_file_task] - [ac6370da-5ce9-4974-a990-bd56b41976db] T> Sent 'download (2).zip' to -4603853425. Success: True
2025-05-02 15:02:20,651 - INFO - [Thread-23 (process_request_thread)] [process_upload_and_generate_updates] - [ac6370da-5ce9-4974-a990-bd56b41976db] Primary done. OK:True
2025-05-02 15:02:20,652 - INFO - [Thread-23 (process_request_thread)] [process_upload_and_generate_updates] - [ac6370da-5ce9-4974-a990-bd56b41976db] Wait backups...
2025-05-02 15:02:20,669 - INFO - [Upload_ac63_1] [send_file_to_telegram] - [ChatID -1002614397019, File 'download (2).zip'] API success (Attempt 1).
2025-05-02 15:02:20,670 - INFO - [Upload_ac63_1] [_send_single_file_task] - [ac6370da-5ce9-4974-a990-bd56b41976db] T> Sent 'download (2).zip' to -1002614397019. Success: True
2025-05-02 15:02:20,789 - INFO - [Upload_ac63_2] [send_file_to_telegram] - [ChatID -4641852757, File 'download (2).zip'] API success (Attempt 1).
2025-05-02 15:02:20,789 - INFO - [Upload_ac63_2] [_send_single_file_task] - [ac6370da-5ce9-4974-a990-bd56b41976db] T> Sent 'download (2).zip' to -4641852757. Success: True
2025-05-02 15:02:20,790 - INFO - [Thread-23 (process_request_thread)] [process_upload_and_generate_updates] - [ac6370da-5ce9-4974-a990-bd56b41976db] Single sends done in 0.66s.
2025-05-02 15:02:20,790 - INFO - [Thread-23 (process_request_thread)] [process_upload_and_generate_updates] - [ac6370da-5ce9-4974-a990-bd56b41976db] Success: 3/3
2025-05-02 15:02:20,791 - INFO - [Thread-23 (process_request_thread)] [process_upload_and_generate_updates] - [ac6370da-5ce9-4974-a990-bd56b41976db] Attempting to save metadata to DB...
2025-05-02 15:02:20,828 - INFO - [Thread-23 (process_request_thread)] [save_file_metadata] - Successfully inserted metadata for access_id: 9cb6aeb41d
2025-05-02 15:02:20,829 - INFO - [Thread-23 (process_request_thread)] [process_upload_and_generate_updates] - [ac6370da-5ce9-4974-a990-bd56b41976db] Metadata successfully saved to DB. Msg: Metadata inserted (ID: 681491241969d4a304aec3eb).
2025-05-02 15:02:20,830 - INFO - [Thread-23 (process_request_thread)] [process_upload_and_generate_updates] - [ac6370da-5ce9-4974-a990-bd56b41976db] Upload generator cleanup.
2025-05-02 15:02:20,830 - INFO - [Thread-23 (process_request_thread)] [process_upload_and_generate_updates] - [ac6370da-5ce9-4974-a990-bd56b41976db] Upload executor shutdown.
2025-05-02 15:02:20,831 - INFO - [Thread-23 (process_request_thread)] [_safe_remove_file] - [ac6370da-5ce9-4974-a990-bd56b41976db] Cleaned up original temp: uploads_temp\ac6370da-5ce9-4974-a990-bd56b41976db_download (2).svg
2025-05-02 15:02:20,831 - INFO - [Thread-23 (process_request_thread)] [process_upload_and_generate_updates] - [ac6370da-5ce9-4974-a990-bd56b41976db] Upload generator finished. Status: completed
2025-05-02 15:02:29,896 - INFO - [Thread-24 (process_request_thread)] [get_file_by_access_id] - Request dl page via access_id: 9cb6aeb41d
2025-05-02 15:02:29,897 - INFO - [Thread-24 (process_request_thread)] [get_file_by_access_id] - Looking up access_id '9cb6aeb41d' in DB...
2025-05-02 15:02:29,930 - INFO - [Thread-24 (process_request_thread)] [find_metadata_by_access_id] - Found metadata record for access_id: 9cb6aeb41d
2025-05-02 15:02:29,931 - INFO - [Thread-24 (process_request_thread)] [get_file_by_access_id] - Rendering dl page for 'download (2).svg' (id: 9cb6aeb41d).
2025-05-02 15:02:29,932 - INFO - [Thread-24 (process_request_thread)] [_log] - 192.168.1.19 - - [02/May/2025 15:02:29] "GET /get/9cb6aeb41d HTTP/1.1" 200 -
2025-05-02 15:02:29,983 - INFO - [Thread-25 (process_request_thread)] [_log] - 192.168.1.19 - - [02/May/2025 15:02:29] "[33mGET /favicon.ico HTTP/1.1[0m" 404 -
2025-05-02 15:02:49,208 - INFO - [Thread-26 (process_request_thread)] [initiate_upload] - Request initiate upload.
2025-05-02 15:02:49,213 - INFO - [Thread-26 (process_request_thread)] [initiate_upload] - [17998268-9f3e-4eac-85e1-c3e4c0f01eb9] Temp storage: uploads_temp\17998268-9f3e-4eac-85e1-c3e4c0f01eb9_routes.py
2025-05-02 15:02:49,214 - INFO - [Thread-26 (process_request_thread)] [initiate_upload] - [17998268-9f3e-4eac-85e1-c3e4c0f01eb9] Temp saved: 'routes.py'.
2025-05-02 15:02:49,215 - INFO - [Thread-26 (process_request_thread)] [_log] - 192.168.1.19 - - [02/May/2025 15:02:49] "POST /initiate-upload HTTP/1.1" 200 -
2025-05-02 15:02:49,236 - INFO - [Thread-27 (process_request_thread)] [stream_progress] - SSE connect request for upload_id: 17998268-9f3e-4eac-85e1-c3e4c0f01eb9
2025-05-02 15:02:49,237 - INFO - [Thread-27 (process_request_thread)] [process_upload_and_generate_updates] - [17998268-9f3e-4eac-85e1-c3e4c0f01eb9] Starting processing generator...
2025-05-02 15:02:49,237 - INFO - [Thread-27 (process_request_thread)] [process_upload_and_generate_updates] - [17998268-9f3e-4eac-85e1-c3e4c0f01eb9] Processing: User='admin', File='routes.py'
2025-05-02 15:02:49,238 - INFO - [Thread-27 (process_request_thread)] [process_upload_and_generate_updates] - [17998268-9f3e-4eac-85e1-c3e4c0f01eb9] Initialized Upload Executor (max=5)
2025-05-02 15:02:49,238 - INFO - [Thread-27 (process_request_thread)] [_log] - 192.168.1.19 - - [02/May/2025 15:02:49] "GET /stream-progress/17998268-9f3e-4eac-85e1-c3e4c0f01eb9 HTTP/1.1" 200 -
2025-05-02 15:02:49,239 - INFO - [Thread-27 (process_request_thread)] [process_upload_and_generate_updates] - [17998268-9f3e-4eac-85e1-c3e4c0f01eb9] Access ID: 6c47736574
2025-05-02 15:02:49,239 - INFO - [Thread-27 (process_request_thread)] [process_upload_and_generate_updates] - [17998268-9f3e-4eac-85e1-c3e4c0f01eb9] Single file workflow.
2025-05-02 15:02:49,260 - INFO - [Thread-27 (process_request_thread)] [process_upload_and_generate_updates] - [17998268-9f3e-4eac-85e1-c3e4c0f01eb9] Compressed size: 15091
2025-05-02 15:02:49,262 - INFO - [Upload_1799_0] [_send_single_file_task] - [17998268-9f3e-4eac-85e1-c3e4c0f01eb9] T> Sending 'routes.zip' (15091b) to -4603853425
2025-05-02 15:02:49,263 - INFO - [Upload_1799_1] [_send_single_file_task] - [17998268-9f3e-4eac-85e1-c3e4c0f01eb9] T> Sending 'routes.zip' (15091b) to -1002614397019
2025-05-02 15:02:49,263 - INFO - [Upload_1799_0] [send_file_to_telegram] - [ChatID -4603853425, File 'routes.zip'] Attempting send.
2025-05-02 15:02:49,263 - INFO - [Upload_1799_2] [_send_single_file_task] - [17998268-9f3e-4eac-85e1-c3e4c0f01eb9] T> Sending 'routes.zip' (15091b) to -4641852757
2025-05-02 15:02:49,263 - INFO - [Thread-27 (process_request_thread)] [process_upload_and_generate_updates] - [17998268-9f3e-4eac-85e1-c3e4c0f01eb9] Submitted 3 single-file tasks.
2025-05-02 15:02:49,264 - INFO - [Upload_1799_1] [send_file_to_telegram] - [ChatID -1002614397019, File 'routes.zip'] Attempting send.
2025-05-02 15:02:49,265 - INFO - [Upload_1799_2] [send_file_to_telegram] - [ChatID -4641852757, File 'routes.zip'] Attempting send.
2025-05-02 15:02:49,266 - INFO - [Thread-27 (process_request_thread)] [process_upload_and_generate_updates] - [17998268-9f3e-4eac-85e1-c3e4c0f01eb9] Wait primary (-4603853425)...
2025-05-02 15:02:49,974 - INFO - [Upload_1799_1] [send_file_to_telegram] - [ChatID -1002614397019, File 'routes.zip'] API success (Attempt 1).
2025-05-02 15:02:49,975 - INFO - [Upload_1799_1] [_send_single_file_task] - [17998268-9f3e-4eac-85e1-c3e4c0f01eb9] T> Sent 'routes.zip' to -1002614397019. Success: True
2025-05-02 15:02:50,246 - INFO - [Upload_1799_0] [send_file_to_telegram] - [ChatID -4603853425, File 'routes.zip'] API success (Attempt 1).
2025-05-02 15:02:50,246 - INFO - [Upload_1799_0] [_send_single_file_task] - [17998268-9f3e-4eac-85e1-c3e4c0f01eb9] T> Sent 'routes.zip' to -4603853425. Success: True
2025-05-02 15:02:50,247 - INFO - [Thread-27 (process_request_thread)] [process_upload_and_generate_updates] - [17998268-9f3e-4eac-85e1-c3e4c0f01eb9] Primary done. OK:True
2025-05-02 15:02:50,247 - INFO - [Thread-27 (process_request_thread)] [process_upload_and_generate_updates] - [17998268-9f3e-4eac-85e1-c3e4c0f01eb9] Wait backups...
2025-05-02 15:02:50,268 - INFO - [Upload_1799_2] [send_file_to_telegram] - [ChatID -4641852757, File 'routes.zip'] API success (Attempt 1).
2025-05-02 15:02:50,268 - INFO - [Upload_1799_2] [_send_single_file_task] - [17998268-9f3e-4eac-85e1-c3e4c0f01eb9] T> Sent 'routes.zip' to -4641852757. Success: True
2025-05-02 15:02:50,269 - INFO - [Thread-27 (process_request_thread)] [process_upload_and_generate_updates] - [17998268-9f3e-4eac-85e1-c3e4c0f01eb9] Single sends done in 1.01s.
2025-05-02 15:02:50,269 - INFO - [Thread-27 (process_request_thread)] [process_upload_and_generate_updates] - [17998268-9f3e-4eac-85e1-c3e4c0f01eb9] Success: 3/3
2025-05-02 15:02:50,270 - INFO - [Thread-27 (process_request_thread)] [process_upload_and_generate_updates] - [17998268-9f3e-4eac-85e1-c3e4c0f01eb9] Attempting to save metadata to DB...
2025-05-02 15:02:50,315 - INFO - [Thread-27 (process_request_thread)] [save_file_metadata] - Successfully inserted metadata for access_id: 6c47736574
2025-05-02 15:02:50,328 - INFO - [Thread-27 (process_request_thread)] [process_upload_and_generate_updates] - [17998268-9f3e-4eac-85e1-c3e4c0f01eb9] Metadata successfully saved to DB. Msg: Metadata inserted (ID: 681491411969d4a304aec3ee).
2025-05-02 15:02:50,342 - INFO - [Thread-27 (process_request_thread)] [process_upload_and_generate_updates] - [17998268-9f3e-4eac-85e1-c3e4c0f01eb9] Upload generator cleanup.
2025-05-02 15:02:50,352 - INFO - [Thread-27 (process_request_thread)] [process_upload_and_generate_updates] - [17998268-9f3e-4eac-85e1-c3e4c0f01eb9] Upload executor shutdown.
2025-05-02 15:02:50,358 - INFO - [Thread-27 (process_request_thread)] [_safe_remove_file] - [17998268-9f3e-4eac-85e1-c3e4c0f01eb9] Cleaned up original temp: uploads_temp\17998268-9f3e-4eac-85e1-c3e4c0f01eb9_routes.py
2025-05-02 15:02:50,359 - INFO - [Thread-27 (process_request_thread)] [process_upload_and_generate_updates] - [17998268-9f3e-4eac-85e1-c3e4c0f01eb9] Upload generator finished. Status: completed
2025-05-02 15:02:55,057 - INFO - [Thread-28 (process_request_thread)] [get_file_by_access_id] - Request dl page via access_id: 6c47736574
2025-05-02 15:02:55,058 - INFO - [Thread-28 (process_request_thread)] [get_file_by_access_id] - Looking up access_id '6c47736574' in DB...
2025-05-02 15:02:55,094 - INFO - [Thread-28 (process_request_thread)] [find_metadata_by_access_id] - Found metadata record for access_id: 6c47736574
2025-05-02 15:02:55,096 - INFO - [Thread-28 (process_request_thread)] [get_file_by_access_id] - Rendering dl page for 'routes.py' (id: 6c47736574).
2025-05-02 15:02:55,100 - INFO - [Thread-28 (process_request_thread)] [_log] - 192.168.1.19 - - [02/May/2025 15:02:55] "GET /get/6c47736574 HTTP/1.1" 200 -
