2025-04-29 16:01:39,708 - INFO - [MainThread] [<module>] - ============================================================
2025-04-29 16:01:39,709 - INFO - [MainThread] [<module>] - Logging configured. Level: INFO. Log file: Selenium-Logs\app_20250429_160139.log
2025-04-29 16:01:39,709 - INFO - [MainThread] [<module>] - Primary Chat ID: -4603853425
2025-04-29 16:01:39,710 - INFO - [MainThread] [<module>] - All Target Chat IDs: ['-4603853425']
2025-04-29 16:01:39,710 - INFO - [MainThread] [<module>] - Chunk Size: 51380224 bytes
2025-04-29 16:01:39,710 - INFO - [MainThread] [<module>] - API Timeouts (Connect/Read): 10s / 60s
2025-04-29 16:01:39,711 - INFO - [MainThread] [<module>] - API Retries: 3 attempts, 2s delay
2025-04-29 16:01:39,712 - INFO - [MainThread] [<module>] - Max Upload Workers: 3
2025-04-29 16:01:39,712 - INFO - [MainThread] [<module>] - Max Download Workers: 12
2025-04-29 16:01:39,712 - INFO - [MainThread] [<module>] - ============================================================
2025-04-29 16:01:39,712 - INFO - [MainThread] [<module>] - Configuration loaded successfully.
2025-04-29 16:01:39,713 - INFO - [MainThread] [<module>] - Utility functions defined.
2025-04-29 16:01:39,716 - INFO - [MainThread] [<module>] - Custom Jinja filter 'format_bytes' registered.
2025-04-29 16:01:39,716 - INFO - [MainThread] [<module>] - Flask-CORS initialized. Allowing origins: http://localhost:4200
2025-04-29 16:01:39,716 - INFO - [MainThread] [<module>] - Flask application initialized.
2025-04-29 16:01:39,717 - INFO - [MainThread] [<module>] - Global state variables initialized (upload_progress_data, download_prep_data).
2025-04-29 16:01:39,719 - INFO - [MainThread] [<module>] - Custom Jinja filter 'format_bytes' registered.
2025-04-29 16:01:39,719 - INFO - [MainThread] [<module>] - Flask-CORS initialized. Allowing origins: http://localhost:4200
2025-04-29 16:01:39,720 - INFO - [MainThread] [<module>] - Flask application initialized.
2025-04-29 16:01:39,720 - INFO - [MainThread] [<module>] - Global state variables initialized (upload_progress_data, download_prep_data).
2025-04-29 16:01:40,204 - INFO - [MainThread] [<module>] - Initialized requests.Session for Telegram API calls.
2025-04-29 16:01:40,205 - INFO - [MainThread] [<module>] - Telegram API functions defined with Session and Retries.
2025-04-29 16:01:40,209 - INFO - [MainThread] [<module>] - Flask routes defined using configurable workers and linter fixes.
2025-04-29 16:01:40,210 - INFO - [MainThread] [<module>] - Starting Flask development server...
2025-04-29 16:01:40,243 - WARNING - [MainThread] [_log] -  * Debugger is active!
2025-04-29 16:01:40,255 - INFO - [MainThread] [_log] -  * Debugger PIN: 107-410-311
