2025-04-25 09:59:21,415 - INFO - [<module>] - Logging configured. Log file: Selenium-Logs\app_20250425_095921.log
2025-04-25 09:59:21,417 - INFO - [<module>] - Flask application initialized.
2025-04-25 09:59:21,454 - INFO - [info] - Running on http://0.0.0.0:5000 (CTRL + C to quit)
2025-04-25 09:59:21,577 - INFO - [<module>] - Logging configured. Log file: Selenium-Logs\app_20250425_095921.log
2025-04-25 09:59:21,579 - INFO - [<module>] - Flask application initialized.
2025-04-25 09:59:21,609 - INFO - [info] - Running on http://0.0.0.0:5000 (CTRL + C to quit)
2025-04-25 09:59:21,691 - INFO - [<module>] - Logging configured. Log file: Selenium-Logs\app_20250425_095921.log
2025-04-25 09:59:21,693 - INFO - [<module>] - Flask application initialized.
2025-04-25 09:59:21,714 - INFO - [info] - Running on http://0.0.0.0:5000 (CTRL + C to quit)
2025-04-25 09:59:21,775 - INFO - [<module>] - Logging configured. Log file: Selenium-Logs\app_20250425_095921.log
2025-04-25 09:59:21,776 - INFO - [<module>] - Flask application initialized.
2025-04-25 09:59:21,799 - INFO - [info] - Running on http://0.0.0.0:5000 (CTRL + C to quit)
2025-04-25 09:59:42,674 - INFO - [index] - Serving index page.
2025-04-25 09:59:48,257 - INFO - [initiate_upload] - Received request to initiate upload.
2025-04-25 09:59:48,257 - INFO - [initiate_upload] - Saving temporary file for upload_id 'da38dae2-cc1f-4a93-8919-e1ff1ac0cef9' to 'uploads_temp\da38dae2-cc1f-4a93-8919-e1ff1ac0cef9_metadata.json'
2025-04-25 09:59:48,257 - INFO - [initiate_upload] - Temporary file saved successfully for 'metadata.json' (ID: da38dae2-cc1f-4a93-8919-e1ff1ac0cef9).
2025-04-25 09:59:48,257 - INFO - [stream_progress] - SSE connection request for upload_id: da38dae2-cc1f-4a93-8919-e1ff1ac0cef9
2025-04-25 09:59:48,257 - INFO - [process_upload_and_generate_updates] - [da38dae2-cc1f-4a93-8919-e1ff1ac0cef9] Starting processing...
2025-04-25 09:59:48,272 - INFO - [process_upload_and_generate_updates] - [da38dae2-cc1f-4a93-8919-e1ff1ac0cef9] Processing upload: User='testt', File='metadata.json', TempPath='uploads_temp\da38dae2-cc1f-4a93-8919-e1ff1ac0cef9_metadata.json'
2025-04-25 09:59:48,274 - INFO - [process_upload_and_generate_updates] - [da38dae2-cc1f-4a93-8919-e1ff1ac0cef9] Original temp file size: 313027 bytes.
2025-04-25 09:59:48,275 - INFO - [process_upload_and_generate_updates] - [da38dae2-cc1f-4a93-8919-e1ff1ac0cef9] Generated Access ID: 07962506ef
2025-04-25 09:59:48,276 - INFO - [process_upload_and_generate_updates] - [da38dae2-cc1f-4a93-8919-e1ff1ac0cef9] 'metadata.json' is small. Compressing and sending as single file.
2025-04-25 09:59:48,297 - INFO - [process_upload_and_generate_updates] - [da38dae2-cc1f-4a93-8919-e1ff1ac0cef9] Compressed 'metadata.json' to 47603 bytes.
2025-04-25 09:59:48,299 - INFO - [process_upload_and_generate_updates] - [da38dae2-cc1f-4a93-8919-e1ff1ac0cef9] Attempting send 'metadata.json.zip' to chat ID: -4603853425
2025-04-25 09:59:48,299 - INFO - [send_file_to_telegram] - Sending file 'metadata.json.zip' to Telegram chat ID: -4603853425
2025-04-25 09:59:49,952 - INFO - [send_file_to_telegram] - Telegram API success for 'metadata.json.zip'.
2025-04-25 09:59:49,954 - INFO - [process_upload_and_generate_updates] - [da38dae2-cc1f-4a93-8919-e1ff1ac0cef9] Attempting send 'metadata.json.zip' to chat ID: -1002614397019
2025-04-25 09:59:49,954 - INFO - [send_file_to_telegram] - Sending file 'metadata.json.zip' to Telegram chat ID: -1002614397019
2025-04-25 09:59:51,728 - INFO - [send_file_to_telegram] - Telegram API success for 'metadata.json.zip'.
2025-04-25 09:59:51,729 - INFO - [process_upload_and_generate_updates] - [da38dae2-cc1f-4a93-8919-e1ff1ac0cef9] Attempting send 'metadata.json.zip' to chat ID: -4641852757
2025-04-25 09:59:51,729 - INFO - [send_file_to_telegram] - Sending file 'metadata.json.zip' to Telegram chat ID: -4641852757
2025-04-25 09:59:53,353 - INFO - [send_file_to_telegram] - Telegram API success for 'metadata.json.zip'.
2025-04-25 09:59:53,354 - INFO - [process_upload_and_generate_updates] - [da38dae2-cc1f-4a93-8919-e1ff1ac0cef9] Single file 'metadata.json' sent successfully to PRIMARY chat ID -4603853425.
2025-04-25 09:59:53,354 - INFO - [process_upload_and_generate_updates] - [da38dae2-cc1f-4a93-8919-e1ff1ac0cef9] Total successful sends (including backups): 3 / 3
2025-04-25 09:59:53,355 - ERROR - [process_upload_and_generate_updates] - [da38dae2-cc1f-4a93-8919-e1ff1ac0cef9] Inconsistency: Primary send succeeded but failed to extract IDs from its response: {'ok': True, 'result': {'message_id': 846, 'from': {'id': 7812479394, 'is_bot': True, 'first_name': 'Harry Bot', 'username': 'hhhHarryBot'}, 'chat': {'id': -4603853425, 'title': 'AGroup', 'type': 'group', 'all_members_are_administrators': True, 'accepted_gift_types': {'unlimited_gifts': False, 'limited_gifts': False, 'unique_gifts': False, 'premium_subscription': False}}, 'date': 1745555389, 'document': {'file_name': 'metadata.json.zip', 'mime_type': 'application/zip', 'file_id': 'BQACAgUAAxkDAAIDTmgLD70ZU9aSNc9yGVrPZ-793Z1bAAL-GQACd1RZVF3hEuSLXALpNgQ', 'file_unique_id': 'AgAD_hkAAndUWVQ', 'file_size': 47603}}}
2025-04-25 09:59:53,360 - INFO - [load_metadata] - Successfully loaded metadata from 'metadata.json'.
2025-04-25 09:59:53,377 - INFO - [save_metadata] - Successfully saved metadata to 'metadata.json'.
2025-04-25 09:59:53,378 - INFO - [process_upload_and_generate_updates] - [da38dae2-cc1f-4a93-8919-e1ff1ac0cef9] Generated landing page URL: http://127.0.0.1:5000/get/07962506ef
2025-04-25 09:59:53,381 - INFO - [process_upload_and_generate_updates] - [da38dae2-cc1f-4a93-8919-e1ff1ac0cef9] Entering final cleanup.
2025-04-25 09:59:53,383 - INFO - [process_upload_and_generate_updates] - [da38dae2-cc1f-4a93-8919-e1ff1ac0cef9] Successfully deleted original temporary file: uploads_temp\da38dae2-cc1f-4a93-8919-e1ff1ac0cef9_metadata.json
2025-04-25 09:59:53,385 - INFO - [process_upload_and_generate_updates] - [da38dae2-cc1f-4a93-8919-e1ff1ac0cef9] Processing finished with status: completed
