2025-04-15 17:03:12,599 - INFO - [<module>] - Logging configured. Log file: Selenium-Logs\app_20250415_170312.log
2025-04-15 17:03:12,600 - INFO - [<module>] - Flask application initialized.
2025-04-15 17:03:12,603 - INFO - [<module>] - Starting Flask development server...
2025-04-15 17:03:12,640 - WARNING - [_log] -  * Debugger is active!
2025-04-15 17:03:12,647 - INFO - [_log] -  * Debugger PIN: 107-410-311
2025-04-15 17:03:14,892 - INFO - [index] - Serving index page.
2025-04-15 17:03:14,902 - INFO - [_log] - 127.0.0.1 - - [15/Apr/2025 17:03:14] "GET / HTTP/1.1" 200 -
2025-04-15 17:03:14,950 - INFO - [_log] - 127.0.0.1 - - [15/Apr/2025 17:03:14] "[33mGET /static/style.css HTTP/1.1[0m" 404 -
2025-04-15 17:03:18,027 - INFO - [list_user_files] - Request received to list files for user: 'Kamla'
2025-04-15 17:03:18,027 - INFO - [load_metadata] - Successfully loaded metadata from 'metadata.json'.
2025-04-15 17:03:18,030 - INFO - [list_user_files] - Found 1 file records for user 'Kamla'.
2025-04-15 17:03:18,031 - INFO - [_log] - 127.0.0.1 - - [15/Apr/2025 17:03:18] "GET /files/Kamla HTTP/1.1" 200 -
2025-04-15 17:03:19,659 - INFO - [download_user_file] - Download request: User='Kamla', Original File='90mb.pdf'
2025-04-15 17:03:19,660 - INFO - [load_metadata] - Successfully loaded metadata from 'metadata.json'.
2025-04-15 17:03:19,660 - INFO - [download_user_file] - Processing SPLIT file download for '90mb.pdf'
2025-04-15 17:03:19,663 - INFO - [download_user_file] - Created temporary file for reassembly: C:\Users\DELL\AppData\Local\Temp\tmppgm24rsm.zip.tmp
2025-04-15 17:03:19,663 - INFO - [download_telegram_file_content] - Attempting to get download URL for file_id: BQACAgUAAxkDAANEZ_4-t10ey8ExkJmQSinufPvvvpMAAm0VAAIWNvhXZYHBlAG90xw2BA
2025-04-15 17:03:20,324 - INFO - [download_telegram_file_content] - Obtained temporary download URL: https://api.telegram.org/file/bot7812479394:AAFrzOcHGKfc-1iOUbVEkptJkooaJrXHAxs/documents/file_25.part_001
2025-04-15 17:03:20,324 - INFO - [download_telegram_file_content] - Attempting to download content from: https://api.telegram.org/file/bot7812479394:AAFrzOcHGKfc-1iOUbVEkptJkooaJrXHAxs/documents/file_25.part_001
2025-04-15 17:03:29,515 - INFO - [download_telegram_file_content] - Successfully downloaded 19922944 bytes for file_id BQACAgUAAxkDAANEZ_4-t10ey8ExkJmQSinufPvvvpMAAm0VAAIWNvhXZYHBlAG90xw2BA.
2025-04-15 17:03:29,529 - INFO - [download_telegram_file_content] - Attempting to get download URL for file_id: BQACAgUAAxkDAANFZ_4-2e64BpvDw-SiwLLa6Ss6l94AAm4VAAIWNvhXCVHg6MEvm5s2BA
2025-04-15 17:03:30,030 - INFO - [download_telegram_file_content] - Obtained temporary download URL: https://api.telegram.org/file/bot7812479394:AAFrzOcHGKfc-1iOUbVEkptJkooaJrXHAxs/documents/file_26.part_002
2025-04-15 17:03:30,030 - INFO - [download_telegram_file_content] - Attempting to download content from: https://api.telegram.org/file/bot7812479394:AAFrzOcHGKfc-1iOUbVEkptJkooaJrXHAxs/documents/file_26.part_002
2025-04-15 17:03:45,169 - INFO - [download_telegram_file_content] - Successfully downloaded 19922944 bytes for file_id BQACAgUAAxkDAANFZ_4-2e64BpvDw-SiwLLa6Ss6l94AAm4VAAIWNvhXCVHg6MEvm5s2BA.
2025-04-15 17:03:45,187 - INFO - [download_telegram_file_content] - Attempting to get download URL for file_id: BQACAgUAAxkDAANGZ_4-6hNp2jXU0xJ0zII76mR7Nx8AAm8VAAIWNvhXAnZfFC3rI502BA
2025-04-15 17:03:45,829 - INFO - [download_telegram_file_content] - Obtained temporary download URL: https://api.telegram.org/file/bot7812479394:AAFrzOcHGKfc-1iOUbVEkptJkooaJrXHAxs/documents/file_27.part_003
2025-04-15 17:03:45,829 - INFO - [download_telegram_file_content] - Attempting to download content from: https://api.telegram.org/file/bot7812479394:AAFrzOcHGKfc-1iOUbVEkptJkooaJrXHAxs/documents/file_27.part_003
2025-04-15 17:03:54,710 - INFO - [download_telegram_file_content] - Successfully downloaded 19922944 bytes for file_id BQACAgUAAxkDAANGZ_4-6hNp2jXU0xJ0zII76mR7Nx8AAm8VAAIWNvhXAnZfFC3rI502BA.
2025-04-15 17:03:54,726 - INFO - [download_telegram_file_content] - Attempting to get download URL for file_id: BQACAgUAAxkDAANHZ_4_BxtNIroj_jIKBnko6eEs7i4AAnAVAAIWNvhXQB_fKx0LFbs2BA
2025-04-15 17:03:55,238 - INFO - [download_telegram_file_content] - Obtained temporary download URL: https://api.telegram.org/file/bot7812479394:AAFrzOcHGKfc-1iOUbVEkptJkooaJrXHAxs/documents/file_28.part_004
2025-04-15 17:03:55,238 - INFO - [download_telegram_file_content] - Attempting to download content from: https://api.telegram.org/file/bot7812479394:AAFrzOcHGKfc-1iOUbVEkptJkooaJrXHAxs/documents/file_28.part_004
2025-04-15 17:04:24,347 - INFO - [download_telegram_file_content] - Successfully downloaded 19922944 bytes for file_id BQACAgUAAxkDAANHZ_4_BxtNIroj_jIKBnko6eEs7i4AAnAVAAIWNvhXQB_fKx0LFbs2BA.
2025-04-15 17:04:24,378 - INFO - [download_telegram_file_content] - Attempting to get download URL for file_id: BQACAgUAAxkDAANIZ_4_GNOtsROU5SRzOEKI1MTiYsUAAnEVAAIWNvhX39JC_v6X6lY2BA
2025-04-15 17:04:24,895 - INFO - [download_telegram_file_content] - Obtained temporary download URL: https://api.telegram.org/file/bot7812479394:AAFrzOcHGKfc-1iOUbVEkptJkooaJrXHAxs/documents/file_29.part_005
2025-04-15 17:04:24,895 - INFO - [download_telegram_file_content] - Attempting to download content from: https://api.telegram.org/file/bot7812479394:AAFrzOcHGKfc-1iOUbVEkptJkooaJrXHAxs/documents/file_29.part_005
2025-04-15 17:04:44,890 - INFO - [download_telegram_file_content] - Successfully downloaded 13663852 bytes for file_id BQACAgUAAxkDAANIZ_4_GNOtsROU5SRzOEKI1MTiYsUAAnEVAAIWNvhX39JC_v6X6lY2BA.
2025-04-15 17:04:44,908 - INFO - [download_user_file] - Finished reassembling chunks to 'C:\Users\DELL\AppData\Local\Temp\tmppgm24rsm.zip.tmp'. Total size: 93355628 bytes.
2025-04-15 17:04:44,908 - INFO - [download_user_file] - Reassembled file 'C:\Users\DELL\AppData\Local\Temp\tmppgm24rsm.zip.tmp' is compressed. Decompressing...
2025-04-15 17:04:44,925 - INFO - [download_user_file] - Extracting '90mb.pdf' from reassembled zip to final temp file: C:\Users\DELL\AppData\Local\Temp\tmp4bv3x562
2025-04-15 17:04:45,495 - INFO - [download_user_file] - Successfully extracted final file to C:\Users\DELL\AppData\Local\Temp\tmp4bv3x562. Size: 94486836
2025-04-15 17:04:45,495 - INFO - [download_user_file] - Sending final decompressed file '90mb.pdf' from path 'C:\Users\DELL\AppData\Local\Temp\tmp4bv3x562'
2025-04-15 17:04:45,572 - ERROR - [download_user_file] - Error deleting temporary decompressed/final file 'C:\Users\DELL\AppData\Local\Temp\tmp4bv3x562': [WinError 32] The process cannot access the file because it is being used by another process: 'C:\\Users\\DELL\\AppData\\Local\\Temp\\tmp4bv3x562'
Traceback (most recent call last):
  File "E:\Telegram_tool\Telegram_Bot_Tool\Telegram_app.py", line 926, in download_user_file
    os.remove(temp_decompressed_path)
PermissionError: [WinError 32] The process cannot access the file because it is being used by another process: 'C:\\Users\\DELL\\AppData\\Local\\Temp\\tmp4bv3x562'
2025-04-15 17:04:45,596 - INFO - [download_user_file] - Successfully deleted temporary reassembled file: C:\Users\DELL\AppData\Local\Temp\tmppgm24rsm.zip.tmp
2025-04-15 17:04:45,598 - INFO - [_log] - 127.0.0.1 - - [15/Apr/2025 17:04:45] "GET /download/Kamla/90mb.pdf HTTP/1.1" 200 -
2025-04-15 17:05:54,266 - INFO - [upload_file] - Received file upload request.
2025-04-15 17:05:54,824 - INFO - [upload_file] - Processing upload: User='John', File='60mb (1).pdf'
2025-04-15 17:05:54,824 - INFO - [upload_file] - File '60mb (1).pdf' size: 63862122 bytes.
2025-04-15 17:05:54,825 - INFO - [upload_file] - '60mb (1).pdf' is large (63862122 bytes). Compressing before splitting.
2025-04-15 17:05:54,825 - INFO - [upload_file] - Created temporary file for compression: C:\Users\DELL\AppData\Local\Temp\tmp6j3oizq4.zip
2025-04-15 17:05:54,826 - INFO - [upload_file] - Compressing '60mb (1).pdf' into temporary file...
2025-04-15 17:05:56,911 - INFO - [upload_file] - Finished compressing to 'C:\Users\DELL\AppData\Local\Temp\tmp6j3oizq4.zip'. Size: 62754359 bytes. Time: 2.08s.
2025-04-15 17:05:56,911 - INFO - [upload_file] - Starting split upload for compressed file '60mb (1).pdf.zip' (Chunk size: 19922944 bytes).
2025-04-15 17:05:56,911 - INFO - [upload_file] - Reading chunk 1 for COMPRESSED file '60mb (1).pdf.zip' starting at byte 0.
2025-04-15 17:05:56,932 - INFO - [upload_file] - Read chunk 1 (19922944 bytes) for '60mb (1).pdf.zip'. Total read: 19922944/62754359
2025-04-15 17:05:56,932 - INFO - [upload_file] - Attempting to send chunk: '60mb (1).pdf.zip.part_001'
2025-04-15 17:05:56,932 - INFO - [send_file_to_telegram] - Sending file '60mb (1).pdf.zip.part_001' to Telegram chat ID: -4603853425
2025-04-15 17:06:15,834 - INFO - [send_file_to_telegram] - Telegram API success for '60mb (1).pdf.zip.part_001'.
2025-04-15 17:06:15,836 - INFO - [upload_file] - Chunk '60mb (1).pdf.zip.part_001' sent successfully.
2025-04-15 17:06:15,837 - INFO - [upload_file] - Successfully processed chunk '60mb (1).pdf.zip.part_001' (MsgID=73) in 18.93s.
2025-04-15 17:06:15,837 - INFO - [upload_file] - Reading chunk 2 for COMPRESSED file '60mb (1).pdf.zip' starting at byte 19922944.
2025-04-15 17:06:15,852 - INFO - [upload_file] - Read chunk 2 (19922944 bytes) for '60mb (1).pdf.zip'. Total read: 39845888/62754359
2025-04-15 17:06:15,853 - INFO - [upload_file] - Attempting to send chunk: '60mb (1).pdf.zip.part_002'
2025-04-15 17:06:15,853 - INFO - [send_file_to_telegram] - Sending file '60mb (1).pdf.zip.part_002' to Telegram chat ID: -4603853425
2025-04-15 17:06:29,899 - INFO - [send_file_to_telegram] - Telegram API success for '60mb (1).pdf.zip.part_002'.
2025-04-15 17:06:29,901 - INFO - [upload_file] - Chunk '60mb (1).pdf.zip.part_002' sent successfully.
2025-04-15 17:06:29,902 - INFO - [upload_file] - Successfully processed chunk '60mb (1).pdf.zip.part_002' (MsgID=74) in 14.07s.
2025-04-15 17:06:29,902 - INFO - [upload_file] - Reading chunk 3 for COMPRESSED file '60mb (1).pdf.zip' starting at byte 39845888.
2025-04-15 17:06:29,919 - INFO - [upload_file] - Read chunk 3 (19922944 bytes) for '60mb (1).pdf.zip'. Total read: 59768832/62754359
2025-04-15 17:06:29,920 - INFO - [upload_file] - Attempting to send chunk: '60mb (1).pdf.zip.part_003'
2025-04-15 17:06:29,920 - INFO - [send_file_to_telegram] - Sending file '60mb (1).pdf.zip.part_003' to Telegram chat ID: -4603853425
2025-04-15 17:06:46,152 - INFO - [send_file_to_telegram] - Telegram API success for '60mb (1).pdf.zip.part_003'.
2025-04-15 17:06:46,154 - INFO - [upload_file] - Chunk '60mb (1).pdf.zip.part_003' sent successfully.
2025-04-15 17:06:46,154 - INFO - [upload_file] - Successfully processed chunk '60mb (1).pdf.zip.part_003' (MsgID=75) in 16.25s.
2025-04-15 17:06:46,155 - INFO - [upload_file] - Reading chunk 4 for COMPRESSED file '60mb (1).pdf.zip' starting at byte 59768832.
2025-04-15 17:06:46,163 - INFO - [upload_file] - Read chunk 4 (2985527 bytes) for '60mb (1).pdf.zip'. Total read: 62754359/62754359
2025-04-15 17:06:46,163 - INFO - [upload_file] - Attempting to send chunk: '60mb (1).pdf.zip.part_004'
2025-04-15 17:06:46,163 - INFO - [send_file_to_telegram] - Sending file '60mb (1).pdf.zip.part_004' to Telegram chat ID: -4603853425
2025-04-15 17:06:49,936 - INFO - [send_file_to_telegram] - Telegram API success for '60mb (1).pdf.zip.part_004'.
2025-04-15 17:06:49,937 - INFO - [upload_file] - Chunk '60mb (1).pdf.zip.part_004' sent successfully.
2025-04-15 17:06:49,938 - INFO - [upload_file] - Successfully processed chunk '60mb (1).pdf.zip.part_004' (MsgID=76) in 3.78s.
2025-04-15 17:06:49,939 - INFO - [upload_file] - Reading chunk 5 for COMPRESSED file '60mb (1).pdf.zip' starting at byte 62754359.
2025-04-15 17:06:49,945 - INFO - [upload_file] - Finished reading all chunks for compressed file '60mb (1).pdf.zip'.
2025-04-15 17:06:49,945 - INFO - [upload_file] - All 4 chunks for compressed file '60mb (1).pdf.zip' uploaded successfully. Saving metadata.
2025-04-15 17:06:49,947 - INFO - [load_metadata] - Successfully loaded metadata from 'metadata.json'.
2025-04-15 17:06:49,950 - INFO - [save_metadata] - Successfully saved metadata to 'metadata.json'.
2025-04-15 17:06:49,951 - INFO - [upload_file] - Successfully saved metadata for compressed split file '60mb (1).pdf'.
2025-04-15 17:06:49,951 - INFO - [upload_file] - Finished processing compressed split file '60mb (1).pdf' in 55.68 seconds.
2025-04-15 17:06:49,960 - INFO - [upload_file] - Successfully deleted temporary compressed file: C:\Users\DELL\AppData\Local\Temp\tmp6j3oizq4.zip
2025-04-15 17:06:49,968 - INFO - [_log] - 127.0.0.1 - - [15/Apr/2025 17:06:49] "[32mPOST /upload HTTP/1.1[0m" 302 -
2025-04-15 17:06:49,973 - INFO - [index] - Serving index page.
2025-04-15 17:06:49,977 - INFO - [_log] - 127.0.0.1 - - [15/Apr/2025 17:06:49] "GET / HTTP/1.1" 200 -
2025-04-15 17:06:51,489 - INFO - [index] - Serving index page.
2025-04-15 17:06:51,490 - INFO - [_log] - 127.0.0.1 - - [15/Apr/2025 17:06:51] "GET / HTTP/1.1" 200 -
2025-04-15 17:06:51,509 - INFO - [_log] - 127.0.0.1 - - [15/Apr/2025 17:06:51] "[33mGET /static/style.css HTTP/1.1[0m" 404 -
2025-04-15 17:07:15,992 - INFO - [list_user_files] - Request received to list files for user: 'John'
2025-04-15 17:07:16,009 - INFO - [load_metadata] - Successfully loaded metadata from 'metadata.json'.
2025-04-15 17:07:16,009 - INFO - [list_user_files] - Found 1 file records for user 'John'.
2025-04-15 17:07:16,010 - INFO - [_log] - 127.0.0.1 - - [15/Apr/2025 17:07:16] "GET /files/John HTTP/1.1" 200 -
2025-04-15 17:07:17,752 - INFO - [download_user_file] - Download request: User='John', Original File='60mb (1).pdf'
2025-04-15 17:07:17,753 - INFO - [load_metadata] - Successfully loaded metadata from 'metadata.json'.
2025-04-15 17:07:17,756 - INFO - [download_user_file] - Processing SPLIT file download for '60mb (1).pdf'
2025-04-15 17:07:17,758 - INFO - [download_user_file] - Created temporary file for reassembly: C:\Users\DELL\AppData\Local\Temp\tmpaqg63pwn.zip.tmp
2025-04-15 17:07:17,758 - INFO - [download_telegram_file_content] - Attempting to get download URL for file_id: BQACAgUAAxkDAANJZ_5EsGm7n3pLh4cytMlwpiS1M3oAAnMVAAIWNvhXDsh_kjJRtk02BA
2025-04-15 17:07:21,344 - INFO - [download_telegram_file_content] - Obtained temporary download URL: https://api.telegram.org/file/bot7812479394:AAFrzOcHGKfc-1iOUbVEkptJkooaJrXHAxs/documents/file_30.part_001
2025-04-15 17:07:21,349 - INFO - [download_telegram_file_content] - Attempting to download content from: https://api.telegram.org/file/bot7812479394:AAFrzOcHGKfc-1iOUbVEkptJkooaJrXHAxs/documents/file_30.part_001
2025-04-15 17:07:28,169 - INFO - [download_telegram_file_content] - Successfully downloaded 19922944 bytes for file_id BQACAgUAAxkDAANJZ_5EsGm7n3pLh4cytMlwpiS1M3oAAnMVAAIWNvhXDsh_kjJRtk02BA.
2025-04-15 17:07:28,220 - INFO - [download_telegram_file_content] - Attempting to get download URL for file_id: BQACAgUAAxkDAANKZ_5EvuGxNm_fApgNpSO6IaBKkVYAAnQVAAIWNvhXiS0JYFx7-hY2BA
2025-04-15 17:07:31,432 - INFO - [download_telegram_file_content] - Obtained temporary download URL: https://api.telegram.org/file/bot7812479394:AAFrzOcHGKfc-1iOUbVEkptJkooaJrXHAxs/documents/file_31.part_002
2025-04-15 17:07:31,432 - INFO - [download_telegram_file_content] - Attempting to download content from: https://api.telegram.org/file/bot7812479394:AAFrzOcHGKfc-1iOUbVEkptJkooaJrXHAxs/documents/file_31.part_002
2025-04-15 17:07:37,942 - INFO - [download_telegram_file_content] - Successfully downloaded 19922944 bytes for file_id BQACAgUAAxkDAANKZ_5EvuGxNm_fApgNpSO6IaBKkVYAAnQVAAIWNvhXiS0JYFx7-hY2BA.
2025-04-15 17:07:37,958 - INFO - [download_telegram_file_content] - Attempting to get download URL for file_id: BQACAgUAAxkDAANLZ_5Ez-dP30Q8rERYmTCJ_Au6QsoAAnUVAAIWNvhXB-puKSo7U502BA
2025-04-15 17:07:40,650 - INFO - [download_telegram_file_content] - Obtained temporary download URL: https://api.telegram.org/file/bot7812479394:AAFrzOcHGKfc-1iOUbVEkptJkooaJrXHAxs/documents/file_32.part_003
2025-04-15 17:07:40,650 - INFO - [download_telegram_file_content] - Attempting to download content from: https://api.telegram.org/file/bot7812479394:AAFrzOcHGKfc-1iOUbVEkptJkooaJrXHAxs/documents/file_32.part_003
2025-04-15 17:07:54,367 - INFO - [download_telegram_file_content] - Successfully downloaded 19922944 bytes for file_id BQACAgUAAxkDAANLZ_5Ez-dP30Q8rERYmTCJ_Au6QsoAAnUVAAIWNvhXB-puKSo7U502BA.
2025-04-15 17:07:54,385 - INFO - [download_telegram_file_content] - Attempting to get download URL for file_id: BQACAgUAAxkDAANMZ_5E0kQxz4nlG1iqJgNC5Kx5cCkAAnYVAAIWNvhXKfFicivu7w42BA
2025-04-15 17:07:55,916 - INFO - [download_telegram_file_content] - Obtained temporary download URL: https://api.telegram.org/file/bot7812479394:AAFrzOcHGKfc-1iOUbVEkptJkooaJrXHAxs/documents/file_33.part_004
2025-04-15 17:07:55,916 - INFO - [download_telegram_file_content] - Attempting to download content from: https://api.telegram.org/file/bot7812479394:AAFrzOcHGKfc-1iOUbVEkptJkooaJrXHAxs/documents/file_33.part_004
2025-04-15 17:07:57,869 - INFO - [download_telegram_file_content] - Successfully downloaded 2985527 bytes for file_id BQACAgUAAxkDAANMZ_5E0kQxz4nlG1iqJgNC5Kx5cCkAAnYVAAIWNvhXKfFicivu7w42BA.
2025-04-15 17:07:57,884 - INFO - [download_user_file] - Finished reassembling chunks to 'C:\Users\DELL\AppData\Local\Temp\tmpaqg63pwn.zip.tmp'. Total size: 62754359 bytes.
2025-04-15 17:07:57,884 - INFO - [download_user_file] - Reassembled file 'C:\Users\DELL\AppData\Local\Temp\tmpaqg63pwn.zip.tmp' is compressed. Decompressing...
2025-04-15 17:07:57,906 - INFO - [download_user_file] - Extracting '60mb (1).pdf' from reassembled zip to final temp file: C:\Users\DELL\AppData\Local\Temp\tmpklfe4dpv
2025-04-15 17:07:58,264 - INFO - [download_user_file] - Successfully extracted final file to C:\Users\DELL\AppData\Local\Temp\tmpklfe4dpv. Size: 63862122
2025-04-15 17:07:58,264 - INFO - [download_user_file] - Sending final decompressed file '60mb (1).pdf' from path 'C:\Users\DELL\AppData\Local\Temp\tmpklfe4dpv'
2025-04-15 17:07:58,280 - ERROR - [download_user_file] - Error deleting temporary decompressed/final file 'C:\Users\DELL\AppData\Local\Temp\tmpklfe4dpv': [WinError 32] The process cannot access the file because it is being used by another process: 'C:\\Users\\DELL\\AppData\\Local\\Temp\\tmpklfe4dpv'
Traceback (most recent call last):
  File "E:\Telegram_tool\Telegram_Bot_Tool\Telegram_app.py", line 926, in download_user_file
    os.remove(temp_decompressed_path)
PermissionError: [WinError 32] The process cannot access the file because it is being used by another process: 'C:\\Users\\DELL\\AppData\\Local\\Temp\\tmpklfe4dpv'
2025-04-15 17:07:58,298 - INFO - [download_user_file] - Successfully deleted temporary reassembled file: C:\Users\DELL\AppData\Local\Temp\tmpaqg63pwn.zip.tmp
2025-04-15 17:07:58,300 - INFO - [_log] - 127.0.0.1 - - [15/Apr/2025 17:07:58] "GET /download/John/60mb%20(1).pdf HTTP/1.1" 200 -
