2025-05-06 17:29:49,720 - INFO - [MainThread] [<module>] - ============================================================
2025-05-06 17:29:49,720 - INFO - [MainThread] [<module>] - Logging configured. Level: INFO. Log file: Selenium-Logs\app_20250506_172949.log
2025-05-06 17:29:49,720 - INFO - [MainThread] [<module>] - Primary Chat ID: -4603853425
2025-05-06 17:29:49,720 - INFO - [MainThread] [<module>] - All Target Chat IDs: ['-4603853425', '-1002614397019', '-4641852757']
2025-05-06 17:29:49,720 - INFO - [MainThread] [<module>] - Chunk Size: 20.0 MB (20971520 bytes)
2025-05-06 17:29:49,720 - INFO - [MainThread] [<module>] - API Timeouts (Connect/Read): 10s / 60s
2025-05-06 17:29:49,720 - INFO - [MainThread] [<module>] - API Retries: 3 attempts, 2s delay
2025-05-06 17:29:49,730 - INFO - [MainThread] [<module>] - Max Upload Workers: 5
2025-05-06 17:29:49,730 - INFO - [MainThread] [<module>] - Max Download Workers: 12
2025-05-06 17:29:49,730 - INFO - [MainThread] [<module>] - ============================================================
2025-05-06 17:29:49,732 - INFO - [MainThread] [<module>] - Configuration loaded successfully.
2025-05-06 17:29:49,790 - INFO - [MainThread] [<module>] - Custom Jinja filter 'format_bytes' registered.
2025-05-06 17:29:49,790 - INFO - [MainThread] [<module>] - Flask-CORS initialized. Allowing origins: https://telegrambot-rosy-psi.vercel.app/home
2025-05-06 17:29:49,795 - INFO - [MainThread] [<module>] - Flask-JWT-Extended initialized.
2025-05-06 17:29:49,795 - INFO - [MainThread] [<module>] - Flask-Login initialized.
2025-05-06 17:29:49,795 - INFO - [MainThread] [<module>] - Global state variables initialized (upload_progress_data, download_prep_data).
2025-05-06 17:29:49,795 - INFO - [MainThread] [<module>] - Custom Jinja filter 'format_bytes' registered.
2025-05-06 17:29:49,800 - INFO - [MainThread] [<module>] - Flask-CORS initialized. Allowing origins: https://telegrambot-rosy-psi.vercel.app/home
2025-05-06 17:29:49,805 - INFO - [MainThread] [<module>] - Flask-JWT-Extended initialized.
2025-05-06 17:29:49,806 - INFO - [MainThread] [<module>] - Flask-Login initialized.
2025-05-06 17:29:49,806 - INFO - [MainThread] [<module>] - Global state variables initialized (upload_progress_data, download_prep_data).
2025-05-06 17:29:49,970 - INFO - [MainThread] [<module>] - Database module initialized.
2025-05-06 17:29:50,470 - INFO - [MainThread] [<module>] - Initialized requests.Session for Telegram API calls.
2025-05-06 17:29:50,470 - INFO - [MainThread] [<module>] - Telegram API functions defined with Session and Retries.
2025-05-06 17:29:50,470 - INFO - [MainThread] [<module>] - Flask routes defined using configurable workers and linter fixes.
2025-05-06 17:29:50,480 - INFO - [MainThread] [<module>] - Starting Flask development server...
2025-05-06 17:29:50,498 - WARNING - [MainThread] [_log] -  * Debugger is active!
2025-05-06 17:29:50,508 - INFO - [MainThread] [_log] -  * Debugger PIN: 107-410-311
2025-05-06 17:30:31,632 - INFO - [Thread-2 (process_request_thread)] [index] - Serving index page.
2025-05-06 17:30:31,650 - INFO - [Thread-2 (process_request_thread)] [_connect_to_db] - Attempting to connect to MongoDB Atlas host: telegrambot.6armfs2.mongodb.net...
2025-05-06 17:30:32,657 - INFO - [Thread-2 (process_request_thread)] [_connect_to_db] - ✅ Successfully connected and pinged MongoDB Atlas!
2025-05-06 17:30:32,657 - INFO - [Thread-2 (process_request_thread)] [get_db] - Accessed database: Telegrambot
2025-05-06 17:30:32,658 - INFO - [Thread-2 (process_request_thread)] [get_userinfo_collection] - Accessed collection: userinfo
2025-05-06 17:30:32,689 - INFO - [Thread-2 (process_request_thread)] [_log] - 127.0.0.1 - - [06/May/2025 17:30:32] "GET / HTTP/1.1" 200 -
2025-05-06 17:30:39,273 - INFO - [Thread-3 (process_request_thread)] [logout] - User mbo@gmail.com logged out.
2025-05-06 17:30:39,273 - INFO - [Thread-3 (process_request_thread)] [_log] - 127.0.0.1 - - [06/May/2025 17:30:39] "[32mGET /logout HTTP/1.1[0m" 302 -
2025-05-06 17:30:39,280 - INFO - [Thread-4 (process_request_thread)] [_log] - 127.0.0.1 - - [06/May/2025 17:30:39] "GET /login HTTP/1.1" 200 -
2025-05-06 17:30:46,432 - INFO - [Thread-5 (process_request_thread)] [show_register_page] - Serving registration page.
2025-05-06 17:30:46,435 - INFO - [Thread-5 (process_request_thread)] [_log] - 127.0.0.1 - - [06/May/2025 17:30:46] "GET /register HTTP/1.1" 200 -
2025-05-06 17:30:57,989 - INFO - [Thread-6 (process_request_thread)] [register_user] - Received POST request for /register
2025-05-06 17:30:57,990 - INFO - [Thread-6 (process_request_thread)] [register_user] - Received registration data: {'username': 'Brayer', 'email': 'bray12@gmail.com', 'password': '1234', 'confirmPassword': '1234', 'agreeTerms': True, 'understandPrivacy': True}
2025-05-06 17:30:58,022 - INFO - [Thread-6 (process_request_thread)] [find_user_by_username] - Found user record for username: Brayer
2025-05-06 17:30:58,023 - WARNING - [Thread-6 (process_request_thread)] [register_user] - Registration failed: Username 'Brayer' already exists.
2025-05-06 17:30:58,024 - INFO - [Thread-6 (process_request_thread)] [_log] - 127.0.0.1 - - [06/May/2025 17:30:58] "[31m[1mPOST /register HTTP/1.1[0m" 409 -
2025-05-06 17:31:03,370 - INFO - [Thread-7 (process_request_thread)] [register_user] - Received POST request for /register
2025-05-06 17:31:03,370 - INFO - [Thread-7 (process_request_thread)] [register_user] - Received registration data: {'username': 'Brayer', 'email': 'bray123@gmail.com', 'password': '1234', 'confirmPassword': '1234', 'agreeTerms': True, 'understandPrivacy': True}
2025-05-06 17:31:03,401 - INFO - [Thread-7 (process_request_thread)] [find_user_by_username] - Found user record for username: Brayer
2025-05-06 17:31:03,402 - WARNING - [Thread-7 (process_request_thread)] [register_user] - Registration failed: Username 'Brayer' already exists.
2025-05-06 17:31:03,403 - INFO - [Thread-7 (process_request_thread)] [_log] - 127.0.0.1 - - [06/May/2025 17:31:03] "[31m[1mPOST /register HTTP/1.1[0m" 409 -
2025-05-06 17:31:05,232 - INFO - [Thread-8 (process_request_thread)] [register_user] - Received POST request for /register
2025-05-06 17:31:05,233 - INFO - [Thread-8 (process_request_thread)] [register_user] - Received registration data: {'username': 'Brayer', 'email': 'bray123@gmail.com', 'password': '1234', 'confirmPassword': '1234', 'agreeTerms': True, 'understandPrivacy': True}
2025-05-06 17:31:05,264 - INFO - [Thread-8 (process_request_thread)] [find_user_by_username] - Found user record for username: Brayer
2025-05-06 17:31:05,264 - WARNING - [Thread-8 (process_request_thread)] [register_user] - Registration failed: Username 'Brayer' already exists.
2025-05-06 17:31:05,265 - INFO - [Thread-8 (process_request_thread)] [_log] - 127.0.0.1 - - [06/May/2025 17:31:05] "[31m[1mPOST /register HTTP/1.1[0m" 409 -
2025-05-06 17:31:09,686 - INFO - [Thread-9 (process_request_thread)] [register_user] - Received POST request for /register
2025-05-06 17:31:09,686 - INFO - [Thread-9 (process_request_thread)] [register_user] - Received registration data: {'username': 'Brayer', 'email': 'bray1234@gmail.com', 'password': '1234', 'confirmPassword': '1234', 'agreeTerms': True, 'understandPrivacy': True}
2025-05-06 17:31:09,718 - INFO - [Thread-9 (process_request_thread)] [find_user_by_username] - Found user record for username: Brayer
2025-05-06 17:31:09,718 - WARNING - [Thread-9 (process_request_thread)] [register_user] - Registration failed: Username 'Brayer' already exists.
2025-05-06 17:31:09,719 - INFO - [Thread-9 (process_request_thread)] [_log] - 127.0.0.1 - - [06/May/2025 17:31:09] "[31m[1mPOST /register HTTP/1.1[0m" 409 -
2025-05-06 17:31:10,934 - INFO - [Thread-10 (process_request_thread)] [register_user] - Received POST request for /register
2025-05-06 17:31:10,934 - INFO - [Thread-10 (process_request_thread)] [register_user] - Received registration data: {'username': 'Brayer', 'email': 'bray1234@gmail.com', 'password': '1234', 'confirmPassword': '1234', 'agreeTerms': True, 'understandPrivacy': True}
2025-05-06 17:31:10,970 - INFO - [Thread-10 (process_request_thread)] [find_user_by_username] - Found user record for username: Brayer
2025-05-06 17:31:10,973 - WARNING - [Thread-10 (process_request_thread)] [register_user] - Registration failed: Username 'Brayer' already exists.
2025-05-06 17:31:10,974 - INFO - [Thread-10 (process_request_thread)] [_log] - 127.0.0.1 - - [06/May/2025 17:31:10] "[31m[1mPOST /register HTTP/1.1[0m" 409 -
2025-05-06 17:31:11,857 - INFO - [Thread-11 (process_request_thread)] [register_user] - Received POST request for /register
2025-05-06 17:31:11,857 - INFO - [Thread-11 (process_request_thread)] [register_user] - Received registration data: {'username': 'Brayer', 'email': 'bray1234@gmail.com', 'password': '1234', 'confirmPassword': '1234', 'agreeTerms': True, 'understandPrivacy': True}
2025-05-06 17:31:11,886 - INFO - [Thread-11 (process_request_thread)] [find_user_by_username] - Found user record for username: Brayer
2025-05-06 17:31:11,887 - WARNING - [Thread-11 (process_request_thread)] [register_user] - Registration failed: Username 'Brayer' already exists.
2025-05-06 17:31:11,888 - INFO - [Thread-11 (process_request_thread)] [_log] - 127.0.0.1 - - [06/May/2025 17:31:11] "[31m[1mPOST /register HTTP/1.1[0m" 409 -
2025-05-06 17:31:24,466 - INFO - [Thread-12 (process_request_thread)] [show_register_page] - Serving registration page.
2025-05-06 17:31:24,466 - INFO - [Thread-12 (process_request_thread)] [_log] - 127.0.0.1 - - [06/May/2025 17:31:24] "GET /register HTTP/1.1" 200 -
2025-05-06 17:31:39,406 - INFO - [Thread-13 (process_request_thread)] [register_user] - Received POST request for /register
2025-05-06 17:31:39,406 - INFO - [Thread-13 (process_request_thread)] [register_user] - Received registration data: {'username': 'Brayer', 'email': 'mborew@gmail.com', 'password': '1234', 'confirmPassword': '1234', 'agreeTerms': True, 'understandPrivacy': True}
2025-05-06 17:31:39,440 - INFO - [Thread-13 (process_request_thread)] [find_user_by_username] - Found user record for username: Brayer
2025-05-06 17:31:39,441 - WARNING - [Thread-13 (process_request_thread)] [register_user] - Registration failed: Username 'Brayer' already exists.
2025-05-06 17:31:39,442 - INFO - [Thread-13 (process_request_thread)] [_log] - 127.0.0.1 - - [06/May/2025 17:31:39] "[31m[1mPOST /register HTTP/1.1[0m" 409 -
2025-05-06 17:31:46,480 - INFO - [Thread-14 (process_request_thread)] [register_user] - Received POST request for /register
2025-05-06 17:31:46,480 - INFO - [Thread-14 (process_request_thread)] [register_user] - Received registration data: {'username': 'Brayereda', 'email': 'mborew@gmail.com', 'password': '1234', 'confirmPassword': '1234', 'agreeTerms': True, 'understandPrivacy': True}
2025-05-06 17:31:46,516 - INFO - [Thread-14 (process_request_thread)] [find_user_by_username] - No user record found for username: Brayereda
2025-05-06 17:31:46,546 - INFO - [Thread-14 (process_request_thread)] [find_user_by_email] - No user record found for email: mborew@gmail.com
2025-05-06 17:31:47,111 - INFO - [Thread-14 (process_request_thread)] [save_user] - Successfully inserted new user with ID: 6819fa2bcefdfa4adbc46096
2025-05-06 17:31:47,111 - INFO - [Thread-14 (process_request_thread)] [register_user] - User 'Brayereda' registered successfully.
2025-05-06 17:31:47,115 - INFO - [Thread-14 (process_request_thread)] [_log] - 127.0.0.1 - - [06/May/2025 17:31:47] "[35m[1mPOST /register HTTP/1.1[0m" 201 -
