2025-05-05 15:17:15,816 - INFO - [MainThread] [<module>] - ============================================================
2025-05-05 15:17:15,816 - INFO - [MainThread] [<module>] - Logging configured. Level: INFO. Log file: Selenium-Logs\app_20250505_151715.log
2025-05-05 15:17:15,816 - INFO - [MainThread] [<module>] - Primary Chat ID: -4603853425
2025-05-05 15:17:15,816 - INFO - [MainThread] [<module>] - All Target Chat IDs: ['-4603853425', '-1002614397019', '-4641852757']
2025-05-05 15:17:15,816 - INFO - [MainThread] [<module>] - Chunk Size: 20.0 MB (20971520 bytes)
2025-05-05 15:17:15,816 - INFO - [MainThread] [<module>] - API Timeouts (Connect/Read): 10s / 60s
2025-05-05 15:17:15,816 - INFO - [MainThread] [<module>] - API Retries: 3 attempts, 2s delay
2025-05-05 15:17:15,816 - INFO - [MainThread] [<module>] - Max Upload Workers: 5
2025-05-05 15:17:15,816 - INFO - [MainThread] [<module>] - Max Download Workers: 12
2025-05-05 15:17:15,816 - INFO - [MainThread] [<module>] - ============================================================
2025-05-05 15:17:15,816 - INFO - [MainThread] [<module>] - Configuration loaded successfully.
2025-05-05 15:17:15,839 - INFO - [MainThread] [<module>] - Custom Jinja filter 'format_bytes' registered.
2025-05-05 15:17:15,840 - INFO - [MainThread] [<module>] - Flask-CORS initialized. Allowing origins: *
2025-05-05 15:17:15,840 - INFO - [MainThread] [<module>] - Flask application initialized.
2025-05-05 15:17:15,840 - INFO - [MainThread] [<module>] - Flask-Login initialized.
2025-05-05 15:17:15,840 - INFO - [MainThread] [<module>] - Global state variables initialized (upload_progress_data, download_prep_data).
2025-05-05 15:17:15,844 - INFO - [MainThread] [<module>] - Custom Jinja filter 'format_bytes' registered.
2025-05-05 15:17:15,845 - INFO - [MainThread] [<module>] - Flask-CORS initialized. Allowing origins: *
2025-05-05 15:17:15,845 - INFO - [MainThread] [<module>] - Flask application initialized.
2025-05-05 15:17:15,847 - INFO - [MainThread] [<module>] - Flask-Login initialized.
2025-05-05 15:17:15,847 - INFO - [MainThread] [<module>] - Global state variables initialized (upload_progress_data, download_prep_data).
2025-05-05 15:17:15,995 - INFO - [MainThread] [<module>] - Database module initialized.
2025-05-05 15:17:16,601 - INFO - [MainThread] [<module>] - Initialized requests.Session for Telegram API calls.
2025-05-05 15:17:16,601 - INFO - [MainThread] [<module>] - Telegram API functions defined with Session and Retries.
2025-05-05 15:17:16,606 - INFO - [MainThread] [<module>] - Flask routes defined using configurable workers and linter fixes.
2025-05-05 15:17:16,608 - INFO - [MainThread] [<module>] - Starting Flask development server...
2025-05-05 15:17:16,619 - WARNING - [MainThread] [_log] -  * Debugger is active!
2025-05-05 15:17:16,624 - INFO - [MainThread] [_log] -  * Debugger PIN: 107-410-311
