2025-04-26 17:04:43,169 - INFO - [<module>] - Logging configured. Log file: Selenium-Logs\app_20250426_170443.log
2025-04-26 17:04:43,169 - INFO - [<module>] - Configuration loaded.
2025-04-26 17:04:43,170 - INFO - [<module>] - Utility functions defined.
2025-04-26 17:04:43,171 - INFO - [<module>] - Flask application initialized.
2025-04-26 17:04:43,172 - INFO - [<module>] - Global state variables initialized.
2025-04-26 17:04:43,684 - INFO - [<module>] - Telegram API functions defined.
2025-04-26 17:04:43,691 - INFO - [<module>] - Flask routes defined.
2025-04-26 17:04:43,691 - INFO - [<module>] - Starting Flask development server...
2025-04-26 17:04:43,725 - WARNING - [_log] -  * Debugger is active!
2025-04-26 17:04:43,731 - INFO - [_log] -  * Debugger PIN: 107-410-311
2025-04-26 17:04:45,869 - INFO - [index] - Serving index page.
2025-04-26 17:04:45,887 - INFO - [_log] - 127.0.0.1 - - [26/Apr/2025 17:04:45] "GET / HTTP/1.1" 200 -
2025-04-26 17:04:45,906 - INFO - [_log] - 127.0.0.1 - - [26/Apr/2025 17:04:45] "[33mGET /static/style.css HTTP/1.1[0m" 404 -
2025-04-26 17:04:56,344 - INFO - [initiate_upload] - Received request to initiate upload.
2025-04-26 17:04:57,416 - INFO - [initiate_upload] - Saving temporary file for upload_id '324197ef-80c8-4d76-ba62-b025493dae58' to 'uploads_temp\324197ef-80c8-4d76-ba62-b025493dae58_WindsurfUserSetup-x64-1.7.1.exe'
2025-04-26 17:04:57,710 - INFO - [initiate_upload] - Temporary file saved successfully for 'WindsurfUserSetup-x64-1.7.1.exe' (ID: 324197ef-80c8-4d76-ba62-b025493dae58).
2025-04-26 17:04:57,746 - INFO - [_log] - 127.0.0.1 - - [26/Apr/2025 17:04:57] "POST /initiate-upload HTTP/1.1" 200 -
2025-04-26 17:04:57,753 - INFO - [stream_progress] - SSE connection request for upload_id: 324197ef-80c8-4d76-ba62-b025493dae58
2025-04-26 17:04:57,754 - INFO - [process_upload_and_generate_updates] - [324197ef-80c8-4d76-ba62-b025493dae58] Starting processing...
2025-04-26 17:04:57,755 - INFO - [process_upload_and_generate_updates] - [324197ef-80c8-4d76-ba62-b025493dae58] Processing upload: User='testt', File='WindsurfUserSetup-x64-1.7.1.exe', TempPath='uploads_temp\324197ef-80c8-4d76-ba62-b025493dae58_WindsurfUserSetup-x64-1.7.1.exe'
2025-04-26 17:04:57,822 - INFO - [process_upload_and_generate_updates] - [324197ef-80c8-4d76-ba62-b025493dae58] Original temp file size: 136960592 bytes.
2025-04-26 17:04:57,824 - INFO - [_log] - 127.0.0.1 - - [26/Apr/2025 17:04:57] "GET /stream-progress/324197ef-80c8-4d76-ba62-b025493dae58 HTTP/1.1" 200 -
2025-04-26 17:04:57,825 - INFO - [process_upload_and_generate_updates] - [324197ef-80c8-4d76-ba62-b025493dae58] Generated Access ID: 8125ea1cdc
2025-04-26 17:04:57,830 - INFO - [process_upload_and_generate_updates] - [324197ef-80c8-4d76-ba62-b025493dae58] 'WindsurfUserSetup-x64-1.7.1.exe' is large. Compressing before splitting.
2025-04-26 17:04:57,833 - INFO - [process_upload_and_generate_updates] - [324197ef-80c8-4d76-ba62-b025493dae58] Created temporary file for compression result: E:\Telegram_tool\Telegram_Bot_Tool\uploads_temp\324197ef-80c8-4d76-ba62-b025493dae58_comp_7v09dutb.zip
2025-04-26 17:05:04,015 - INFO - [process_upload_and_generate_updates] - [324197ef-80c8-4d76-ba62-b025493dae58] Finished compressing to 'E:\Telegram_tool\Telegram_Bot_Tool\uploads_temp\324197ef-80c8-4d76-ba62-b025493dae58_comp_7v09dutb.zip'. Size: 136492932 bytes. Time: 6.17s.
2025-04-26 17:05:04,037 - INFO - [process_upload_and_generate_updates] - [324197ef-80c8-4d76-ba62-b025493dae58] Reading chunk 1 for COMPRESSED file starting at byte 0.
2025-04-26 17:05:04,050 - INFO - [process_upload_and_generate_updates] - [324197ef-80c8-4d76-ba62-b025493dae58] Read chunk 1 (20971520 bytes). Total read: 20971520/136492932
2025-04-26 17:05:04,051 - INFO - [process_upload_and_generate_updates] - [324197ef-80c8-4d76-ba62-b025493dae58] Attempting send chunk 'WindsurfUserSetup-x64-1.7.1.exe.zip.part_001' to chat ID: -4603853425
2025-04-26 17:05:04,052 - INFO - [send_file_to_telegram] - Sending file 'WindsurfUserSetup-x64-1.7.1.exe.zip.part_001' to Telegram chat ID: -4603853425
2025-04-26 17:05:22,915 - INFO - [send_file_to_telegram] - Telegram API success for 'WindsurfUserSetup-x64-1.7.1.exe.zip.part_001'.
2025-04-26 17:05:22,917 - INFO - [process_upload_and_generate_updates] - [324197ef-80c8-4d76-ba62-b025493dae58] Attempting send chunk 'WindsurfUserSetup-x64-1.7.1.exe.zip.part_001' to chat ID: -1002614397019
2025-04-26 17:05:22,918 - INFO - [send_file_to_telegram] - Sending file 'WindsurfUserSetup-x64-1.7.1.exe.zip.part_001' to Telegram chat ID: -1002614397019
2025-04-26 17:05:40,366 - INFO - [send_file_to_telegram] - Telegram API success for 'WindsurfUserSetup-x64-1.7.1.exe.zip.part_001'.
2025-04-26 17:05:40,373 - INFO - [process_upload_and_generate_updates] - [324197ef-80c8-4d76-ba62-b025493dae58] Attempting send chunk 'WindsurfUserSetup-x64-1.7.1.exe.zip.part_001' to chat ID: -4641852757
2025-04-26 17:05:40,375 - INFO - [send_file_to_telegram] - Sending file 'WindsurfUserSetup-x64-1.7.1.exe.zip.part_001' to Telegram chat ID: -4641852757
2025-04-26 17:05:51,932 - INFO - [send_file_to_telegram] - Telegram API success for 'WindsurfUserSetup-x64-1.7.1.exe.zip.part_001'.
2025-04-26 17:05:51,936 - INFO - [process_upload_and_generate_updates] - [324197ef-80c8-4d76-ba62-b025493dae58] Chunk 'WindsurfUserSetup-x64-1.7.1.exe.zip.part_001' sent successfully to PRIMARY chat.
2025-04-26 17:05:51,938 - INFO - [process_upload_and_generate_updates] - [324197ef-80c8-4d76-ba62-b025493dae58] Successfully processed metadata for chunk 1 across all attempts.
2025-04-26 17:05:51,938 - INFO - [process_upload_and_generate_updates] - [324197ef-80c8-4d76-ba62-b025493dae58] Reading chunk 2 for COMPRESSED file starting at byte 20971520.
2025-04-26 17:05:51,961 - INFO - [process_upload_and_generate_updates] - [324197ef-80c8-4d76-ba62-b025493dae58] Read chunk 2 (20971520 bytes). Total read: 41943040/136492932
2025-04-26 17:05:51,964 - INFO - [process_upload_and_generate_updates] - [324197ef-80c8-4d76-ba62-b025493dae58] Attempting send chunk 'WindsurfUserSetup-x64-1.7.1.exe.zip.part_002' to chat ID: -4603853425
2025-04-26 17:05:51,964 - INFO - [send_file_to_telegram] - Sending file 'WindsurfUserSetup-x64-1.7.1.exe.zip.part_002' to Telegram chat ID: -4603853425
2025-04-26 17:06:02,595 - INFO - [send_file_to_telegram] - Telegram API success for 'WindsurfUserSetup-x64-1.7.1.exe.zip.part_002'.
2025-04-26 17:06:02,599 - INFO - [process_upload_and_generate_updates] - [324197ef-80c8-4d76-ba62-b025493dae58] Attempting send chunk 'WindsurfUserSetup-x64-1.7.1.exe.zip.part_002' to chat ID: -1002614397019
2025-04-26 17:06:02,600 - INFO - [send_file_to_telegram] - Sending file 'WindsurfUserSetup-x64-1.7.1.exe.zip.part_002' to Telegram chat ID: -1002614397019
2025-04-26 17:06:22,263 - INFO - [send_file_to_telegram] - Telegram API success for 'WindsurfUserSetup-x64-1.7.1.exe.zip.part_002'.
2025-04-26 17:06:22,268 - INFO - [process_upload_and_generate_updates] - [324197ef-80c8-4d76-ba62-b025493dae58] Attempting send chunk 'WindsurfUserSetup-x64-1.7.1.exe.zip.part_002' to chat ID: -4641852757
2025-04-26 17:06:22,269 - INFO - [send_file_to_telegram] - Sending file 'WindsurfUserSetup-x64-1.7.1.exe.zip.part_002' to Telegram chat ID: -4641852757
2025-04-26 17:06:41,174 - INFO - [send_file_to_telegram] - Telegram API success for 'WindsurfUserSetup-x64-1.7.1.exe.zip.part_002'.
2025-04-26 17:06:41,177 - INFO - [process_upload_and_generate_updates] - [324197ef-80c8-4d76-ba62-b025493dae58] Chunk 'WindsurfUserSetup-x64-1.7.1.exe.zip.part_002' sent successfully to PRIMARY chat.
2025-04-26 17:06:41,177 - INFO - [process_upload_and_generate_updates] - [324197ef-80c8-4d76-ba62-b025493dae58] Successfully processed metadata for chunk 2 across all attempts.
2025-04-26 17:06:41,177 - INFO - [process_upload_and_generate_updates] - [324197ef-80c8-4d76-ba62-b025493dae58] Reading chunk 3 for COMPRESSED file starting at byte 41943040.
2025-04-26 17:06:41,189 - INFO - [process_upload_and_generate_updates] - [324197ef-80c8-4d76-ba62-b025493dae58] Read chunk 3 (20971520 bytes). Total read: 62914560/136492932
2025-04-26 17:06:41,190 - INFO - [process_upload_and_generate_updates] - [324197ef-80c8-4d76-ba62-b025493dae58] Attempting send chunk 'WindsurfUserSetup-x64-1.7.1.exe.zip.part_003' to chat ID: -4603853425
2025-04-26 17:06:41,190 - INFO - [send_file_to_telegram] - Sending file 'WindsurfUserSetup-x64-1.7.1.exe.zip.part_003' to Telegram chat ID: -4603853425
2025-04-26 17:06:52,649 - INFO - [send_file_to_telegram] - Telegram API success for 'WindsurfUserSetup-x64-1.7.1.exe.zip.part_003'.
2025-04-26 17:06:52,651 - INFO - [process_upload_and_generate_updates] - [324197ef-80c8-4d76-ba62-b025493dae58] Attempting send chunk 'WindsurfUserSetup-x64-1.7.1.exe.zip.part_003' to chat ID: -1002614397019
2025-04-26 17:06:52,652 - INFO - [send_file_to_telegram] - Sending file 'WindsurfUserSetup-x64-1.7.1.exe.zip.part_003' to Telegram chat ID: -1002614397019
2025-04-26 17:07:10,564 - INFO - [send_file_to_telegram] - Telegram API success for 'WindsurfUserSetup-x64-1.7.1.exe.zip.part_003'.
2025-04-26 17:07:10,570 - INFO - [process_upload_and_generate_updates] - [324197ef-80c8-4d76-ba62-b025493dae58] Attempting send chunk 'WindsurfUserSetup-x64-1.7.1.exe.zip.part_003' to chat ID: -4641852757
2025-04-26 17:07:10,570 - INFO - [send_file_to_telegram] - Sending file 'WindsurfUserSetup-x64-1.7.1.exe.zip.part_003' to Telegram chat ID: -4641852757
2025-04-26 17:07:22,932 - INFO - [send_file_to_telegram] - Telegram API success for 'WindsurfUserSetup-x64-1.7.1.exe.zip.part_003'.
2025-04-26 17:07:22,937 - INFO - [process_upload_and_generate_updates] - [324197ef-80c8-4d76-ba62-b025493dae58] Chunk 'WindsurfUserSetup-x64-1.7.1.exe.zip.part_003' sent successfully to PRIMARY chat.
2025-04-26 17:07:22,938 - INFO - [process_upload_and_generate_updates] - [324197ef-80c8-4d76-ba62-b025493dae58] Successfully processed metadata for chunk 3 across all attempts.
2025-04-26 17:07:22,939 - INFO - [process_upload_and_generate_updates] - [324197ef-80c8-4d76-ba62-b025493dae58] Reading chunk 4 for COMPRESSED file starting at byte 62914560.
2025-04-26 17:07:22,958 - INFO - [process_upload_and_generate_updates] - [324197ef-80c8-4d76-ba62-b025493dae58] Read chunk 4 (20971520 bytes). Total read: 83886080/136492932
2025-04-26 17:07:22,959 - INFO - [process_upload_and_generate_updates] - [324197ef-80c8-4d76-ba62-b025493dae58] Attempting send chunk 'WindsurfUserSetup-x64-1.7.1.exe.zip.part_004' to chat ID: -4603853425
2025-04-26 17:07:22,959 - INFO - [send_file_to_telegram] - Sending file 'WindsurfUserSetup-x64-1.7.1.exe.zip.part_004' to Telegram chat ID: -4603853425
2025-04-26 17:07:32,782 - INFO - [send_file_to_telegram] - Telegram API success for 'WindsurfUserSetup-x64-1.7.1.exe.zip.part_004'.
2025-04-26 17:07:32,784 - INFO - [process_upload_and_generate_updates] - [324197ef-80c8-4d76-ba62-b025493dae58] Attempting send chunk 'WindsurfUserSetup-x64-1.7.1.exe.zip.part_004' to chat ID: -1002614397019
2025-04-26 17:07:32,784 - INFO - [send_file_to_telegram] - Sending file 'WindsurfUserSetup-x64-1.7.1.exe.zip.part_004' to Telegram chat ID: -1002614397019
2025-04-26 17:07:50,785 - INFO - [send_file_to_telegram] - Telegram API success for 'WindsurfUserSetup-x64-1.7.1.exe.zip.part_004'.
2025-04-26 17:07:50,791 - INFO - [process_upload_and_generate_updates] - [324197ef-80c8-4d76-ba62-b025493dae58] Attempting send chunk 'WindsurfUserSetup-x64-1.7.1.exe.zip.part_004' to chat ID: -4641852757
2025-04-26 17:07:50,792 - INFO - [send_file_to_telegram] - Sending file 'WindsurfUserSetup-x64-1.7.1.exe.zip.part_004' to Telegram chat ID: -4641852757
2025-04-26 17:08:01,438 - INFO - [send_file_to_telegram] - Telegram API success for 'WindsurfUserSetup-x64-1.7.1.exe.zip.part_004'.
2025-04-26 17:08:01,443 - INFO - [process_upload_and_generate_updates] - [324197ef-80c8-4d76-ba62-b025493dae58] Chunk 'WindsurfUserSetup-x64-1.7.1.exe.zip.part_004' sent successfully to PRIMARY chat.
2025-04-26 17:08:01,445 - INFO - [process_upload_and_generate_updates] - [324197ef-80c8-4d76-ba62-b025493dae58] Successfully processed metadata for chunk 4 across all attempts.
2025-04-26 17:08:01,446 - INFO - [process_upload_and_generate_updates] - [324197ef-80c8-4d76-ba62-b025493dae58] Reading chunk 5 for COMPRESSED file starting at byte 83886080.
2025-04-26 17:08:01,469 - INFO - [process_upload_and_generate_updates] - [324197ef-80c8-4d76-ba62-b025493dae58] Read chunk 5 (20971520 bytes). Total read: 104857600/136492932
2025-04-26 17:08:01,469 - INFO - [process_upload_and_generate_updates] - [324197ef-80c8-4d76-ba62-b025493dae58] Attempting send chunk 'WindsurfUserSetup-x64-1.7.1.exe.zip.part_005' to chat ID: -4603853425
2025-04-26 17:08:01,470 - INFO - [send_file_to_telegram] - Sending file 'WindsurfUserSetup-x64-1.7.1.exe.zip.part_005' to Telegram chat ID: -4603853425
2025-04-26 17:08:10,011 - INFO - [send_file_to_telegram] - Telegram API success for 'WindsurfUserSetup-x64-1.7.1.exe.zip.part_005'.
2025-04-26 17:08:10,014 - INFO - [process_upload_and_generate_updates] - [324197ef-80c8-4d76-ba62-b025493dae58] Attempting send chunk 'WindsurfUserSetup-x64-1.7.1.exe.zip.part_005' to chat ID: -1002614397019
2025-04-26 17:08:10,014 - INFO - [send_file_to_telegram] - Sending file 'WindsurfUserSetup-x64-1.7.1.exe.zip.part_005' to Telegram chat ID: -1002614397019
2025-04-26 17:08:28,510 - INFO - [send_file_to_telegram] - Telegram API success for 'WindsurfUserSetup-x64-1.7.1.exe.zip.part_005'.
2025-04-26 17:08:28,512 - INFO - [process_upload_and_generate_updates] - [324197ef-80c8-4d76-ba62-b025493dae58] Attempting send chunk 'WindsurfUserSetup-x64-1.7.1.exe.zip.part_005' to chat ID: -4641852757
2025-04-26 17:08:28,513 - INFO - [send_file_to_telegram] - Sending file 'WindsurfUserSetup-x64-1.7.1.exe.zip.part_005' to Telegram chat ID: -4641852757
2025-04-26 17:08:39,351 - INFO - [send_file_to_telegram] - Telegram API success for 'WindsurfUserSetup-x64-1.7.1.exe.zip.part_005'.
2025-04-26 17:08:39,354 - INFO - [process_upload_and_generate_updates] - [324197ef-80c8-4d76-ba62-b025493dae58] Chunk 'WindsurfUserSetup-x64-1.7.1.exe.zip.part_005' sent successfully to PRIMARY chat.
2025-04-26 17:08:39,355 - INFO - [process_upload_and_generate_updates] - [324197ef-80c8-4d76-ba62-b025493dae58] Successfully processed metadata for chunk 5 across all attempts.
2025-04-26 17:08:39,356 - INFO - [process_upload_and_generate_updates] - [324197ef-80c8-4d76-ba62-b025493dae58] Reading chunk 6 for COMPRESSED file starting at byte 104857600.
2025-04-26 17:08:39,375 - INFO - [process_upload_and_generate_updates] - [324197ef-80c8-4d76-ba62-b025493dae58] Read chunk 6 (20971520 bytes). Total read: 125829120/136492932
2025-04-26 17:08:39,376 - INFO - [process_upload_and_generate_updates] - [324197ef-80c8-4d76-ba62-b025493dae58] Attempting send chunk 'WindsurfUserSetup-x64-1.7.1.exe.zip.part_006' to chat ID: -4603853425
2025-04-26 17:08:39,377 - INFO - [send_file_to_telegram] - Sending file 'WindsurfUserSetup-x64-1.7.1.exe.zip.part_006' to Telegram chat ID: -4603853425
2025-04-26 17:08:47,235 - INFO - [send_file_to_telegram] - Telegram API success for 'WindsurfUserSetup-x64-1.7.1.exe.zip.part_006'.
2025-04-26 17:08:47,238 - INFO - [process_upload_and_generate_updates] - [324197ef-80c8-4d76-ba62-b025493dae58] Attempting send chunk 'WindsurfUserSetup-x64-1.7.1.exe.zip.part_006' to chat ID: -1002614397019
2025-04-26 17:08:47,239 - INFO - [send_file_to_telegram] - Sending file 'WindsurfUserSetup-x64-1.7.1.exe.zip.part_006' to Telegram chat ID: -1002614397019
2025-04-26 17:09:04,725 - INFO - [send_file_to_telegram] - Telegram API success for 'WindsurfUserSetup-x64-1.7.1.exe.zip.part_006'.
2025-04-26 17:09:04,731 - INFO - [process_upload_and_generate_updates] - [324197ef-80c8-4d76-ba62-b025493dae58] Attempting send chunk 'WindsurfUserSetup-x64-1.7.1.exe.zip.part_006' to chat ID: -4641852757
2025-04-26 17:09:04,732 - INFO - [send_file_to_telegram] - Sending file 'WindsurfUserSetup-x64-1.7.1.exe.zip.part_006' to Telegram chat ID: -4641852757
2025-04-26 17:09:16,832 - INFO - [send_file_to_telegram] - Telegram API success for 'WindsurfUserSetup-x64-1.7.1.exe.zip.part_006'.
2025-04-26 17:09:16,837 - INFO - [process_upload_and_generate_updates] - [324197ef-80c8-4d76-ba62-b025493dae58] Chunk 'WindsurfUserSetup-x64-1.7.1.exe.zip.part_006' sent successfully to PRIMARY chat.
2025-04-26 17:09:16,839 - INFO - [process_upload_and_generate_updates] - [324197ef-80c8-4d76-ba62-b025493dae58] Successfully processed metadata for chunk 6 across all attempts.
2025-04-26 17:09:16,841 - INFO - [process_upload_and_generate_updates] - [324197ef-80c8-4d76-ba62-b025493dae58] Reading chunk 7 for COMPRESSED file starting at byte 125829120.
2025-04-26 17:09:16,860 - INFO - [process_upload_and_generate_updates] - [324197ef-80c8-4d76-ba62-b025493dae58] Read chunk 7 (10663812 bytes). Total read: 136492932/136492932
2025-04-26 17:09:16,866 - INFO - [process_upload_and_generate_updates] - [324197ef-80c8-4d76-ba62-b025493dae58] Attempting send chunk 'WindsurfUserSetup-x64-1.7.1.exe.zip.part_007' to chat ID: -4603853425
2025-04-26 17:09:16,867 - INFO - [send_file_to_telegram] - Sending file 'WindsurfUserSetup-x64-1.7.1.exe.zip.part_007' to Telegram chat ID: -4603853425
2025-04-26 17:09:23,778 - INFO - [send_file_to_telegram] - Telegram API success for 'WindsurfUserSetup-x64-1.7.1.exe.zip.part_007'.
2025-04-26 17:09:23,781 - INFO - [process_upload_and_generate_updates] - [324197ef-80c8-4d76-ba62-b025493dae58] Attempting send chunk 'WindsurfUserSetup-x64-1.7.1.exe.zip.part_007' to chat ID: -1002614397019
2025-04-26 17:09:23,782 - INFO - [send_file_to_telegram] - Sending file 'WindsurfUserSetup-x64-1.7.1.exe.zip.part_007' to Telegram chat ID: -1002614397019
2025-04-26 17:09:30,988 - INFO - [send_file_to_telegram] - Telegram API success for 'WindsurfUserSetup-x64-1.7.1.exe.zip.part_007'.
2025-04-26 17:09:30,992 - INFO - [process_upload_and_generate_updates] - [324197ef-80c8-4d76-ba62-b025493dae58] Attempting send chunk 'WindsurfUserSetup-x64-1.7.1.exe.zip.part_007' to chat ID: -4641852757
2025-04-26 17:09:30,993 - INFO - [send_file_to_telegram] - Sending file 'WindsurfUserSetup-x64-1.7.1.exe.zip.part_007' to Telegram chat ID: -4641852757
2025-04-26 17:09:40,532 - INFO - [send_file_to_telegram] - Telegram API success for 'WindsurfUserSetup-x64-1.7.1.exe.zip.part_007'.
2025-04-26 17:09:40,536 - INFO - [process_upload_and_generate_updates] - [324197ef-80c8-4d76-ba62-b025493dae58] Chunk 'WindsurfUserSetup-x64-1.7.1.exe.zip.part_007' sent successfully to PRIMARY chat.
2025-04-26 17:09:40,537 - INFO - [process_upload_and_generate_updates] - [324197ef-80c8-4d76-ba62-b025493dae58] Successfully processed metadata for chunk 7 across all attempts.
2025-04-26 17:09:40,538 - INFO - [process_upload_and_generate_updates] - [324197ef-80c8-4d76-ba62-b025493dae58] Reading chunk 8 for COMPRESSED file starting at byte 136492932.
2025-04-26 17:09:40,555 - INFO - [process_upload_and_generate_updates] - [324197ef-80c8-4d76-ba62-b025493dae58] Finished reading all chunks for compressed file.
2025-04-26 17:09:40,556 - INFO - [process_upload_and_generate_updates] - [324197ef-80c8-4d76-ba62-b025493dae58] All 7 chunks sent successfully to primary. Saving metadata.
2025-04-26 17:09:40,584 - INFO - [load_metadata] - Successfully loaded metadata from 'metadata.json'.
2025-04-26 17:09:40,603 - INFO - [save_metadata] - Successfully saved metadata to 'metadata.json'.
2025-04-26 17:09:40,604 - INFO - [process_upload_and_generate_updates] - [324197ef-80c8-4d76-ba62-b025493dae58] Generated landing page URL: http://127.0.0.1:5000/get/8125ea1cdc
2025-04-26 17:09:40,605 - INFO - [process_upload_and_generate_updates] - [324197ef-80c8-4d76-ba62-b025493dae58] Entering final cleanup.
2025-04-26 17:09:40,620 - INFO - [process_upload_and_generate_updates] - [324197ef-80c8-4d76-ba62-b025493dae58] Successfully deleted original temporary file: uploads_temp\324197ef-80c8-4d76-ba62-b025493dae58_WindsurfUserSetup-x64-1.7.1.exe
2025-04-26 17:09:40,634 - INFO - [process_upload_and_generate_updates] - [324197ef-80c8-4d76-ba62-b025493dae58] Successfully deleted temporary compressed file: E:\Telegram_tool\Telegram_Bot_Tool\uploads_temp\324197ef-80c8-4d76-ba62-b025493dae58_comp_7v09dutb.zip
2025-04-26 17:09:40,635 - INFO - [process_upload_and_generate_updates] - [324197ef-80c8-4d76-ba62-b025493dae58] Processing finished with status: completed
