2025-05-02 16:17:03,727 - INFO - [MainThread] [<module>] - ============================================================
2025-05-02 16:17:03,728 - INFO - [MainThread] [<module>] - Logging configured. Level: INFO. Log file: Selenium-Logs\app_20250502_161703.log
2025-05-02 16:17:03,728 - INFO - [MainThread] [<module>] - Primary Chat ID: -4603853425
2025-05-02 16:17:03,728 - INFO - [MainThread] [<module>] - All Target Chat IDs: ['-4603853425', '-1002614397019', '-4641852757']
2025-05-02 16:17:03,729 - INFO - [MainThread] [<module>] - Chunk Size: 20.0 MB (20971520 bytes)
2025-05-02 16:17:03,729 - INFO - [MainThread] [<module>] - API Timeouts (Connect/Read): 10s / 60s
2025-05-02 16:17:03,730 - INFO - [MainThread] [<module>] - API Retries: 3 attempts, 2s delay
2025-05-02 16:17:03,731 - INFO - [MainThread] [<module>] - Max Upload Workers: 5
2025-05-02 16:17:03,731 - INFO - [MainThread] [<module>] - Max Download Workers: 12
2025-05-02 16:17:03,731 - INFO - [MainThread] [<module>] - ============================================================
2025-05-02 16:17:03,731 - INFO - [MainThread] [<module>] - Configuration loaded successfully.
2025-05-02 16:17:03,733 - INFO - [MainThread] [<module>] - Custom Jinja filter 'format_bytes' registered.
2025-05-02 16:17:03,733 - INFO - [MainThread] [<module>] - Flask-CORS initialized. Allowing origins: *
2025-05-02 16:17:03,734 - INFO - [MainThread] [<module>] - Flask application initialized.
2025-05-02 16:17:03,734 - INFO - [MainThread] [<module>] - Global state variables initialized (upload_progress_data, download_prep_data).
2025-05-02 16:17:03,738 - INFO - [MainThread] [<module>] - Custom Jinja filter 'format_bytes' registered.
2025-05-02 16:17:03,738 - INFO - [MainThread] [<module>] - Flask-CORS initialized. Allowing origins: *
2025-05-02 16:17:03,738 - INFO - [MainThread] [<module>] - Flask application initialized.
2025-05-02 16:17:03,739 - INFO - [MainThread] [<module>] - Global state variables initialized (upload_progress_data, download_prep_data).
2025-05-02 16:17:03,912 - INFO - [MainThread] [<module>] - Database module initialized.
2025-05-02 16:17:04,350 - INFO - [MainThread] [<module>] - Initialized requests.Session for Telegram API calls.
2025-05-02 16:17:04,351 - INFO - [MainThread] [<module>] - Telegram API functions defined with Session and Retries.
2025-05-02 16:17:04,356 - INFO - [MainThread] [<module>] - Flask routes defined using configurable workers and linter fixes.
2025-05-02 16:17:04,357 - INFO - [MainThread] [<module>] - Starting Flask development server...
2025-05-02 16:17:04,379 - WARNING - [MainThread] [_log] -  * Debugger is active!
2025-05-02 16:17:04,385 - INFO - [MainThread] [_log] -  * Debugger PIN: 107-410-311
2025-05-02 16:17:43,934 - INFO - [Thread-2 (process_request_thread)] [_log] - 192.168.1.19 - - [02/May/2025 16:17:43] "OPTIONS /register HTTP/1.1" 200 -
2025-05-02 16:17:43,939 - INFO - [Thread-3 (process_request_thread)] [register_user] - Received registration request.
2025-05-02 16:17:43,944 - INFO - [Thread-3 (process_request_thread)] [_log] - 192.168.1.19 - - [02/May/2025 16:17:43] "[31m[1mPOST /register HTTP/1.1[0m" 400 -
2025-05-02 16:21:19,597 - INFO - [MainThread] [_log] -  * Detected change in 'E:\\Telegram_tool\\Telegram_Bot_Tool\\routes.py', reloading
