2025-04-28 15:42:43,924 - INFO - [<module>] - Logging configured. Log file: Selenium-Logs\app_20250428_154243.log
2025-04-28 15:42:43,924 - INFO - [<module>] - Configuration loaded.
2025-04-28 15:42:43,924 - INFO - [<module>] - Utility functions defined.
2025-04-28 15:42:43,927 - INFO - [<module>] - Flask-CORS initialized. Allowing origins: *
2025-04-28 15:42:43,927 - INFO - [<module>] - Flask application initialized.
2025-04-28 15:42:43,927 - INFO - [<module>] - Global state variables initialized.
2025-04-28 15:42:44,395 - INFO - [<module>] - Telegram API functions defined.
2025-04-28 15:42:44,400 - INFO - [<module>] - Flask routes defined.
2025-04-28 15:42:44,400 - INFO - [<module>] - Starting Flask development server...
2025-04-28 15:42:44,435 - WARNING - [_log] -  * Debugger is active!
2025-04-28 15:42:44,440 - INFO - [_log] -  * Debugger PIN: 107-410-311
2025-04-28 15:44:37,730 - INFO - [index] - Serving index page.
2025-04-28 15:44:37,745 - INFO - [_log] - 127.0.0.1 - - [28/Apr/2025 15:44:37] "GET / HTTP/1.1" 200 -
2025-04-28 15:44:43,366 - INFO - [initiate_upload] - Received request to initiate upload.
2025-04-28 15:44:43,366 - INFO - [initiate_upload] - Saving temporary file for upload_id 'b4ab4fc3-2257-49ae-9b0a-096db4925a6c' to 'uploads_temp\b4ab4fc3-2257-49ae-9b0a-096db4925a6c_Telegram_app.py'
2025-04-28 15:44:43,366 - INFO - [initiate_upload] - Temporary file saved successfully for 'Telegram_app.py' (ID: b4ab4fc3-2257-49ae-9b0a-096db4925a6c).
2025-04-28 15:44:43,366 - INFO - [_log] - 127.0.0.1 - - [28/Apr/2025 15:44:43] "POST /initiate-upload HTTP/1.1" 200 -
2025-04-28 15:44:43,375 - INFO - [stream_progress] - SSE connection request for upload_id: b4ab4fc3-2257-49ae-9b0a-096db4925a6c
2025-04-28 15:44:43,377 - INFO - [process_upload_and_generate_updates] - [b4ab4fc3-2257-49ae-9b0a-096db4925a6c] Starting processing...
2025-04-28 15:44:43,378 - INFO - [process_upload_and_generate_updates] - [b4ab4fc3-2257-49ae-9b0a-096db4925a6c] Processing upload: User='siren', File='Telegram_app.py', TempPath='uploads_temp\b4ab4fc3-2257-49ae-9b0a-096db4925a6c_Telegram_app.py'
2025-04-28 15:44:43,379 - INFO - [process_upload_and_generate_updates] - [b4ab4fc3-2257-49ae-9b0a-096db4925a6c] Original temp file size: 131030 bytes.
2025-04-28 15:44:43,379 - INFO - [_log] - 127.0.0.1 - - [28/Apr/2025 15:44:43] "GET /stream-progress/b4ab4fc3-2257-49ae-9b0a-096db4925a6c HTTP/1.1" 200 -
2025-04-28 15:44:43,380 - INFO - [process_upload_and_generate_updates] - [b4ab4fc3-2257-49ae-9b0a-096db4925a6c] Generated Access ID: 6cc09772db
2025-04-28 15:44:43,382 - INFO - [process_upload_and_generate_updates] - [b4ab4fc3-2257-49ae-9b0a-096db4925a6c] 'Telegram_app.py' is small. Compressing and sending as single file.
2025-04-28 15:44:43,412 - INFO - [process_upload_and_generate_updates] - [b4ab4fc3-2257-49ae-9b0a-096db4925a6c] Compressed 'Telegram_app.py' to 24063 bytes.
2025-04-28 15:44:43,414 - INFO - [process_upload_and_generate_updates] - [b4ab4fc3-2257-49ae-9b0a-096db4925a6c] Attempting send 'Telegram_app.py.zip' to chat ID: -4603853425
2025-04-28 15:44:43,415 - INFO - [send_file_to_telegram] - Sending file 'Telegram_app.py.zip' to Telegram chat ID: -4603853425
2025-04-28 15:44:44,720 - INFO - [send_file_to_telegram] - Telegram API success for 'Telegram_app.py.zip'.
2025-04-28 15:44:44,721 - INFO - [process_upload_and_generate_updates] - [b4ab4fc3-2257-49ae-9b0a-096db4925a6c] Attempting send 'Telegram_app.py.zip' to chat ID: -1002614397019
2025-04-28 15:44:44,722 - INFO - [send_file_to_telegram] - Sending file 'Telegram_app.py.zip' to Telegram chat ID: -1002614397019
2025-04-28 15:44:46,194 - INFO - [send_file_to_telegram] - Telegram API success for 'Telegram_app.py.zip'.
2025-04-28 15:44:46,195 - INFO - [process_upload_and_generate_updates] - [b4ab4fc3-2257-49ae-9b0a-096db4925a6c] Attempting send 'Telegram_app.py.zip' to chat ID: -4641852757
2025-04-28 15:44:46,195 - INFO - [send_file_to_telegram] - Sending file 'Telegram_app.py.zip' to Telegram chat ID: -4641852757
2025-04-28 15:44:47,490 - INFO - [send_file_to_telegram] - Telegram API success for 'Telegram_app.py.zip'.
2025-04-28 15:44:47,491 - INFO - [process_upload_and_generate_updates] - [b4ab4fc3-2257-49ae-9b0a-096db4925a6c] Single file 'Telegram_app.py' sent successfully to PRIMARY chat ID -4603853425.
2025-04-28 15:44:47,491 - INFO - [process_upload_and_generate_updates] - [b4ab4fc3-2257-49ae-9b0a-096db4925a6c] Total successful sends (including backups): 3 / 3
2025-04-28 15:44:47,492 - ERROR - [process_upload_and_generate_updates] - [b4ab4fc3-2257-49ae-9b0a-096db4925a6c] Inconsistency: Primary send succeeded but failed to extract IDs from its response: {'ok': True, 'result': {'message_id': 1056, 'from': {'id': 7812479394, 'is_bot': True, 'first_name': 'Harry Bot', 'username': 'hhhHarryBot'}, 'chat': {'id': -4603853425, 'title': 'AGroup', 'type': 'group', 'all_members_are_administrators': True, 'accepted_gift_types': {'unlimited_gifts': False, 'limited_gifts': False, 'unique_gifts': False, 'premium_subscription': False}}, 'date': 1745835285, 'document': {'file_name': 'Telegram_app.py.zip', 'mime_type': 'application/zip', 'file_id': 'BQACAgUAAxkDAAIEIGgPVRUR8OPXmUAcIX-E5FWm6MsFAAKoFwACCmZ4VHNPus6RzQGKNgQ', 'file_unique_id': 'AgADqBcAAgpmeFQ', 'file_size': 24063}}}
2025-04-28 15:44:47,513 - INFO - [load_metadata] - Successfully loaded metadata from 'metadata.json'.
2025-04-28 15:44:47,523 - INFO - [save_metadata] - Successfully saved metadata to 'metadata.json'.
2025-04-28 15:44:47,524 - INFO - [process_upload_and_generate_updates] - [b4ab4fc3-2257-49ae-9b0a-096db4925a6c] Generated landing page URL: http://127.0.0.1:5000/get/6cc09772db
2025-04-28 15:44:47,526 - INFO - [process_upload_and_generate_updates] - [b4ab4fc3-2257-49ae-9b0a-096db4925a6c] Entering final cleanup.
2025-04-28 15:44:47,528 - INFO - [process_upload_and_generate_updates] - [b4ab4fc3-2257-49ae-9b0a-096db4925a6c] Successfully deleted original temporary file: uploads_temp\b4ab4fc3-2257-49ae-9b0a-096db4925a6c_Telegram_app.py
2025-04-28 15:44:47,529 - INFO - [process_upload_and_generate_updates] - [b4ab4fc3-2257-49ae-9b0a-096db4925a6c] Processing finished with status: completed
2025-04-28 15:53:02,045 - INFO - [_log] -  * Detected change in 'E:\\Telegram_tool\\Telegram_Bot_Tool\\app_setup.py', reloading
