2025-04-29 15:16:22,002 - INFO - [MainThread] [<module>] - ============================================================
2025-04-29 15:16:22,003 - INFO - [MainThread] [<module>] - Logging configured. Level: INFO. Log file: Selenium-Logs\app_20250429_151621.log
2025-04-29 15:16:22,003 - INFO - [MainThread] [<module>] - Primary Chat ID: -4603853425
2025-04-29 15:16:22,003 - INFO - [MainThread] [<module>] - All Target Chat IDs: ['-4603853425']
2025-04-29 15:16:22,004 - INFO - [MainThread] [<module>] - Chunk Size: 20971520 bytes
2025-04-29 15:16:22,004 - INFO - [MainThread] [<module>] - API Timeouts (Connect/Read): 10s / 60s
2025-04-29 15:16:22,004 - INFO - [MainThread] [<module>] - API Retries: 3 attempts, 2s delay
2025-04-29 15:16:22,005 - INFO - [MainThread] [<module>] - Max Upload Workers: 3
2025-04-29 15:16:22,006 - INFO - [MainThread] [<module>] - Max Download Workers: 12
2025-04-29 15:16:22,006 - INFO - [MainThread] [<module>] - ============================================================
2025-04-29 15:16:22,007 - INFO - [MainThread] [<module>] - Configuration loaded successfully.
2025-04-29 15:16:22,007 - INFO - [MainThread] [<module>] - Utility functions defined.
2025-04-29 15:16:22,010 - INFO - [MainThread] [<module>] - Custom Jinja filter 'format_bytes' registered.
2025-04-29 15:16:22,010 - INFO - [MainThread] [<module>] - Flask-CORS initialized. Allowing origins: http://localhost:4200
2025-04-29 15:16:22,011 - INFO - [MainThread] [<module>] - Flask application initialized.
2025-04-29 15:16:22,011 - INFO - [MainThread] [<module>] - Global state variables initialized (upload_progress_data, download_prep_data).
2025-04-29 15:16:22,013 - INFO - [MainThread] [<module>] - Custom Jinja filter 'format_bytes' registered.
2025-04-29 15:16:22,014 - INFO - [MainThread] [<module>] - Flask-CORS initialized. Allowing origins: http://localhost:4200
2025-04-29 15:16:22,014 - INFO - [MainThread] [<module>] - Flask application initialized.
2025-04-29 15:16:22,014 - INFO - [MainThread] [<module>] - Global state variables initialized (upload_progress_data, download_prep_data).
2025-04-29 15:16:22,466 - INFO - [MainThread] [<module>] - Initialized requests.Session for Telegram API calls.
2025-04-29 15:16:22,467 - INFO - [MainThread] [<module>] - Telegram API functions defined with Session and Retries.
2025-04-29 15:16:22,471 - INFO - [MainThread] [<module>] - Flask routes defined using configurable workers and linter fixes.
2025-04-29 15:16:22,471 - INFO - [MainThread] [<module>] - Starting Flask development server...
2025-04-29 15:16:22,576 - INFO - [MainThread] [_log] - [31m[1mWARNING: This is a development server. Do not use it in a production deployment. Use a production WSGI server instead.[0m
 * Running on all addresses (0.0.0.0)
 * Running on http://127.0.0.1:5000
 * Running on http://192.168.1.13:5000
2025-04-29 15:16:22,577 - INFO - [MainThread] [_log] - [33mPress CTRL+C to quit[0m
2025-04-29 15:16:22,579 - INFO - [MainThread] [_log] -  * Restarting with stat
