2025-04-29 16:42:20,876 - INFO - [MainThread] [<module>] - ============================================================
2025-04-29 16:42:20,876 - INFO - [MainThread] [<module>] - Logging configured. Level: INFO. Log file: Selenium-Logs\app_20250429_164220.log
2025-04-29 16:42:20,876 - INFO - [MainThread] [<module>] - Primary Chat ID: -4603853425
2025-04-29 16:42:20,876 - INFO - [MainThread] [<module>] - All Target Chat IDs: ['-4603853425']
2025-04-29 16:42:20,876 - INFO - [MainThread] [<module>] - Chunk Size: 31457280 bytes
2025-04-29 16:42:20,876 - INFO - [MainThread] [<module>] - API Timeouts (Connect/Read): 10s / 60s
2025-04-29 16:42:20,876 - INFO - [MainThread] [<module>] - API Retries: 3 attempts, 2s delay
2025-04-29 16:42:20,876 - INFO - [MainThread] [<module>] - Max Upload Workers: 3
2025-04-29 16:42:20,876 - INFO - [MainThread] [<module>] - Max Download Workers: 12
2025-04-29 16:42:20,876 - INFO - [MainThread] [<module>] - ============================================================
2025-04-29 16:42:20,876 - INFO - [MainThread] [<module>] - Configuration loaded successfully.
2025-04-29 16:42:20,876 - INFO - [MainThread] [<module>] - Utility functions defined.
2025-04-29 16:42:20,886 - INFO - [MainThread] [<module>] - Custom Jinja filter 'format_bytes' registered.
2025-04-29 16:42:20,886 - INFO - [MainThread] [<module>] - Flask-CORS initialized. Allowing origins: http://localhost:4200
2025-04-29 16:42:20,886 - INFO - [MainThread] [<module>] - Flask application initialized.
2025-04-29 16:42:20,886 - INFO - [MainThread] [<module>] - Global state variables initialized (upload_progress_data, download_prep_data).
2025-04-29 16:42:20,889 - INFO - [MainThread] [<module>] - Custom Jinja filter 'format_bytes' registered.
2025-04-29 16:42:20,889 - INFO - [MainThread] [<module>] - Flask-CORS initialized. Allowing origins: http://localhost:4200
2025-04-29 16:42:20,890 - INFO - [MainThread] [<module>] - Flask application initialized.
2025-04-29 16:42:20,890 - INFO - [MainThread] [<module>] - Global state variables initialized (upload_progress_data, download_prep_data).
2025-04-29 16:42:21,347 - INFO - [MainThread] [<module>] - Initialized requests.Session for Telegram API calls.
2025-04-29 16:42:21,348 - INFO - [MainThread] [<module>] - Telegram API functions defined with Session and Retries.
2025-04-29 16:42:21,352 - INFO - [MainThread] [<module>] - Flask routes defined using configurable workers and linter fixes.
2025-04-29 16:42:21,352 - INFO - [MainThread] [<module>] - Starting Flask development server...
2025-04-29 16:42:21,397 - INFO - [MainThread] [_log] - [31m[1mWARNING: This is a development server. Do not use it in a production deployment. Use a production WSGI server instead.[0m
 * Running on all addresses (0.0.0.0)
 * Running on http://127.0.0.1:5000
 * Running on http://192.168.1.13:5000
2025-04-29 16:42:21,398 - INFO - [MainThread] [_log] - [33mPress CTRL+C to quit[0m
2025-04-29 16:42:21,400 - INFO - [MainThread] [_log] -  * Restarting with stat
