2025-05-05 14:20:25,325 - INFO - [MainThread] [<module>] - ============================================================
2025-05-05 14:20:25,326 - INFO - [MainThread] [<module>] - Logging configured. Level: INFO. Log file: Selenium-Logs\app_20250505_142025.log
2025-05-05 14:20:25,327 - INFO - [MainThread] [<module>] - Primary Chat ID: -4603853425
2025-05-05 14:20:25,328 - INFO - [MainThread] [<module>] - All Target Chat IDs: ['-4603853425', '-1002614397019', '-4641852757']
2025-05-05 14:20:25,328 - INFO - [MainThread] [<module>] - Chunk Size: 20.0 MB (20971520 bytes)
2025-05-05 14:20:25,329 - INFO - [MainThread] [<module>] - API Timeouts (Connect/Read): 10s / 60s
2025-05-05 14:20:25,330 - INFO - [MainThread] [<module>] - API Retries: 3 attempts, 2s delay
2025-05-05 14:20:25,331 - INFO - [MainThread] [<module>] - Max Upload Workers: 5
2025-05-05 14:20:25,332 - INFO - [MainThread] [<module>] - Max Download Workers: 12
2025-05-05 14:20:25,332 - INFO - [MainThread] [<module>] - ============================================================
2025-05-05 14:20:25,333 - INFO - [MainThread] [<module>] - Configuration loaded successfully.
2025-05-05 14:20:25,351 - INFO - [MainThread] [<module>] - Custom Jinja filter 'format_bytes' registered.
2025-05-05 14:20:25,351 - INFO - [MainThread] [<module>] - Flask-CORS initialized. Allowing origins: *
2025-05-05 14:20:25,352 - INFO - [MainThread] [<module>] - Flask application initialized.
2025-05-05 14:20:25,352 - INFO - [MainThread] [<module>] - Flask-Login initialized.
2025-05-05 14:20:25,352 - INFO - [MainThread] [<module>] - Global state variables initialized (upload_progress_data, download_prep_data).
2025-05-05 14:20:25,354 - INFO - [MainThread] [<module>] - Custom Jinja filter 'format_bytes' registered.
2025-05-05 14:20:25,355 - INFO - [MainThread] [<module>] - Flask-CORS initialized. Allowing origins: *
2025-05-05 14:20:25,355 - INFO - [MainThread] [<module>] - Flask application initialized.
2025-05-05 14:20:25,358 - INFO - [MainThread] [<module>] - Flask-Login initialized.
2025-05-05 14:20:25,359 - INFO - [MainThread] [<module>] - Global state variables initialized (upload_progress_data, download_prep_data).
2025-05-05 14:20:25,563 - INFO - [MainThread] [<module>] - Database module initialized.
2025-05-05 14:20:26,217 - INFO - [MainThread] [<module>] - Initialized requests.Session for Telegram API calls.
2025-05-05 14:20:26,218 - INFO - [MainThread] [<module>] - Telegram API functions defined with Session and Retries.
2025-05-05 14:20:26,223 - INFO - [MainThread] [<module>] - Flask routes defined using configurable workers and linter fixes.
2025-05-05 14:20:26,226 - INFO - [MainThread] [<module>] - Starting Flask development server...
2025-05-05 14:20:26,239 - WARNING - [MainThread] [_log] -  * Debugger is active!
2025-05-05 14:20:26,247 - INFO - [MainThread] [_log] -  * Debugger PIN: 107-410-311
2025-05-05 14:20:32,569 - INFO - [Thread-2 (process_request_thread)] [initiate_upload] - Request initiate upload.
2025-05-05 14:20:32,579 - INFO - [Thread-2 (process_request_thread)] [_log] - 192.168.1.20 - - [05/May/2025 14:20:32] "[35m[1mPOST /initiate-upload HTTP/1.1[0m" 500 -
2025-05-05 14:28:58,878 - INFO - [Thread-3 (process_request_thread)] [_log] - 192.168.1.20 - - [05/May/2025 14:28:58] "OPTIONS /register HTTP/1.1" 200 -
2025-05-05 14:28:58,882 - INFO - [Thread-4 (process_request_thread)] [register_user] - Received POST request for /register
2025-05-05 14:28:58,885 - INFO - [Thread-4 (process_request_thread)] [register_user] - Received registration data: {'username': 'DreamyVoyage', 'email': 'asd@gmail.com', 'password': '12345678', 'confirmPassword': '12345678', 'agreeTerms': True, 'understandPrivacy': True}
2025-05-05 14:28:58,886 - INFO - [Thread-4 (process_request_thread)] [_connect_to_db] - Attempting to connect to MongoDB Atlas host: telegrambot.6armfs2.mongodb.net...
2025-05-05 14:28:59,852 - INFO - [Thread-4 (process_request_thread)] [_connect_to_db] - ✅ Successfully connected and pinged MongoDB Atlas!
2025-05-05 14:28:59,853 - INFO - [Thread-4 (process_request_thread)] [get_db] - Accessed database: Telegrambot
2025-05-05 14:28:59,854 - INFO - [Thread-4 (process_request_thread)] [get_userinfo_collection] - Accessed collection: userinfo
2025-05-05 14:28:59,884 - INFO - [Thread-4 (process_request_thread)] [find_user_by_username] - No user record found for username: DreamyVoyage
2025-05-05 14:28:59,917 - INFO - [Thread-4 (process_request_thread)] [find_user_by_email] - No user record found for email: asd@gmail.com
2025-05-05 14:29:00,473 - INFO - [Thread-4 (process_request_thread)] [save_user] - Successfully inserted new user with ID: 68187dd4476c5fcac40ba9ac
2025-05-05 14:29:00,474 - INFO - [Thread-4 (process_request_thread)] [register_user] - User 'DreamyVoyage' registered successfully.
2025-05-05 14:29:00,475 - INFO - [Thread-4 (process_request_thread)] [_log] - 192.168.1.20 - - [05/May/2025 14:29:00] "[35m[1mPOST /register HTTP/1.1[0m" 201 -
2025-05-05 14:29:12,348 - INFO - [Thread-5 (process_request_thread)] [_log] - 192.168.1.20 - - [05/May/2025 14:29:12] "[33mOPTIONS /api/auth/login HTTP/1.1[0m" 404 -
