2025-05-05 16:57:18,705 - INFO - [MainThread] [<module>] - ============================================================
2025-05-05 16:57:18,705 - INFO - [MainThread] [<module>] - Logging configured. Level: INFO. Log file: Selenium-Logs\app_20250505_165718.log
2025-05-05 16:57:18,705 - INFO - [MainThread] [<module>] - Primary Chat ID: -4603853425
2025-05-05 16:57:18,705 - INFO - [MainThread] [<module>] - All Target Chat IDs: ['-4603853425', '-1002614397019', '-4641852757']
2025-05-05 16:57:18,705 - INFO - [MainThread] [<module>] - Chunk Size: 20.0 MB (20971520 bytes)
2025-05-05 16:57:18,705 - INFO - [MainThread] [<module>] - API Timeouts (Connect/Read): 10s / 60s
2025-05-05 16:57:18,705 - INFO - [MainThread] [<module>] - API Retries: 3 attempts, 2s delay
2025-05-05 16:57:18,705 - INFO - [MainThread] [<module>] - Max Upload Workers: 5
2025-05-05 16:57:18,705 - INFO - [MainThread] [<module>] - Max Download Workers: 12
2025-05-05 16:57:18,705 - INFO - [MainThread] [<module>] - ============================================================
2025-05-05 16:57:18,705 - INFO - [MainThread] [<module>] - Configuration loaded successfully.
2025-05-05 16:57:18,725 - INFO - [MainThread] [<module>] - Custom Jinja filter 'format_bytes' registered.
2025-05-05 16:57:18,726 - INFO - [MainThread] [<module>] - Flask-CORS initialized. Allowing origins: *
2025-05-05 16:57:18,726 - INFO - [MainThread] [<module>] - Flask application initialized.
2025-05-05 16:57:18,726 - INFO - [MainThread] [<module>] - Flask-Login initialized.
2025-05-05 16:57:18,726 - INFO - [MainThread] [<module>] - Global state variables initialized (upload_progress_data, download_prep_data).
2025-05-05 16:57:18,728 - INFO - [MainThread] [<module>] - Custom Jinja filter 'format_bytes' registered.
2025-05-05 16:57:18,728 - INFO - [MainThread] [<module>] - Flask-CORS initialized. Allowing origins: *
2025-05-05 16:57:18,728 - INFO - [MainThread] [<module>] - Flask application initialized.
2025-05-05 16:57:18,728 - INFO - [MainThread] [<module>] - Flask-Login initialized.
2025-05-05 16:57:18,728 - INFO - [MainThread] [<module>] - Global state variables initialized (upload_progress_data, download_prep_data).
2025-05-05 16:57:18,868 - INFO - [MainThread] [<module>] - Database module initialized.
2025-05-05 16:57:19,303 - INFO - [MainThread] [<module>] - Initialized requests.Session for Telegram API calls.
2025-05-05 16:57:19,303 - INFO - [MainThread] [<module>] - Telegram API functions defined with Session and Retries.
2025-05-05 16:57:19,303 - INFO - [MainThread] [<module>] - Flask routes defined using configurable workers and linter fixes.
2025-05-05 16:57:19,314 - INFO - [MainThread] [<module>] - Starting Flask development server...
2025-05-05 16:57:19,328 - WARNING - [MainThread] [_log] -  * Debugger is active!
2025-05-05 16:57:19,331 - INFO - [MainThread] [_log] -  * Debugger PIN: 107-410-311
2025-05-05 16:57:27,188 - INFO - [Thread-2 (process_request_thread)] [index] - Serving index page.
2025-05-05 16:57:27,218 - INFO - [Thread-2 (process_request_thread)] [_connect_to_db] - Attempting to connect to MongoDB Atlas host: telegrambot.6armfs2.mongodb.net...
2025-05-05 16:57:28,860 - INFO - [Thread-2 (process_request_thread)] [_connect_to_db] - ✅ Successfully connected and pinged MongoDB Atlas!
2025-05-05 16:57:28,860 - INFO - [Thread-2 (process_request_thread)] [get_db] - Accessed database: Telegrambot
2025-05-05 16:57:28,860 - INFO - [Thread-2 (process_request_thread)] [get_userinfo_collection] - Accessed collection: userinfo
2025-05-05 16:57:28,907 - INFO - [Thread-2 (process_request_thread)] [_log] - 127.0.0.1 - - [05/May/2025 16:57:28] "GET / HTTP/1.1" 200 -
2025-05-05 16:57:36,123 - INFO - [Thread-3 (process_request_thread)] [initiate_upload] - Request initiate upload.
2025-05-05 16:57:36,158 - INFO - [Thread-3 (process_request_thread)] [initiate_upload] - [ca625b2b-3843-4b9a-866f-f0aabb0c4b7b] Authenticated upload initiated by user: Email='mbo@gmail.com', Username='mitali'
2025-05-05 16:57:36,159 - INFO - [Thread-3 (process_request_thread)] [initiate_upload] - [ca625b2b-3843-4b9a-866f-f0aabb0c4b7b] Temp storage path: uploads_temp\ca625b2b-3843-4b9a-866f-f0aabb0c4b7b_auth (1).txt
2025-05-05 16:57:36,160 - INFO - [Thread-3 (process_request_thread)] [initiate_upload] - [ca625b2b-3843-4b9a-866f-f0aabb0c4b7b] Temp file saved: 'auth (1).txt'.
2025-05-05 16:57:36,161 - INFO - [Thread-3 (process_request_thread)] [_log] - 127.0.0.1 - - [05/May/2025 16:57:36] "POST /initiate-upload HTTP/1.1" 200 -
2025-05-05 16:57:36,165 - INFO - [Thread-4 (process_request_thread)] [stream_progress] - SSE connect request for upload_id: ca625b2b-3843-4b9a-866f-f0aabb0c4b7b
2025-05-05 16:57:36,165 - INFO - [Thread-4 (process_request_thread)] [process_upload_and_generate_updates] - [ca625b2b-3843-4b9a-866f-f0aabb0c4b7b] Starting processing generator...
2025-05-05 16:57:36,166 - INFO - [Thread-4 (process_request_thread)] [process_upload_and_generate_updates] - [ca625b2b-3843-4b9a-866f-f0aabb0c4b7b] Processing: User='mitali', File='auth (1).txt'
2025-05-05 16:57:36,167 - INFO - [Thread-4 (process_request_thread)] [process_upload_and_generate_updates] - [ca625b2b-3843-4b9a-866f-f0aabb0c4b7b] Initialized Upload Executor (max=5)
2025-05-05 16:57:36,167 - INFO - [Thread-4 (process_request_thread)] [_log] - 127.0.0.1 - - [05/May/2025 16:57:36] "GET /stream-progress/ca625b2b-3843-4b9a-866f-f0aabb0c4b7b HTTP/1.1" 200 -
2025-05-05 16:57:36,168 - INFO - [Thread-4 (process_request_thread)] [process_upload_and_generate_updates] - [ca625b2b-3843-4b9a-866f-f0aabb0c4b7b] Access ID: 472884f1ab
2025-05-05 16:57:36,169 - INFO - [Thread-4 (process_request_thread)] [process_upload_and_generate_updates] - [ca625b2b-3843-4b9a-866f-f0aabb0c4b7b] Single file workflow.
2025-05-05 16:57:36,172 - INFO - [Thread-4 (process_request_thread)] [process_upload_and_generate_updates] - [ca625b2b-3843-4b9a-866f-f0aabb0c4b7b] Compressed size: 180
2025-05-05 16:57:36,172 - INFO - [Upload_ca62_0] [_send_single_file_task] - [ca625b2b-3843-4b9a-866f-f0aabb0c4b7b] T> Sending 'auth (1).zip' (180b) to -4603853425
2025-05-05 16:57:36,172 - INFO - [Upload_ca62_1] [_send_single_file_task] - [ca625b2b-3843-4b9a-866f-f0aabb0c4b7b] T> Sending 'auth (1).zip' (180b) to -1002614397019
2025-05-05 16:57:36,177 - INFO - [Upload_ca62_0] [send_file_to_telegram] - [ChatID -4603853425, File 'auth (1).zip'] Attempting send.
2025-05-05 16:57:36,177 - INFO - [Upload_ca62_2] [_send_single_file_task] - [ca625b2b-3843-4b9a-866f-f0aabb0c4b7b] T> Sending 'auth (1).zip' (180b) to -4641852757
2025-05-05 16:57:36,177 - INFO - [Thread-4 (process_request_thread)] [process_upload_and_generate_updates] - [ca625b2b-3843-4b9a-866f-f0aabb0c4b7b] Submitted 3 single-file tasks.
2025-05-05 16:57:36,177 - INFO - [Upload_ca62_1] [send_file_to_telegram] - [ChatID -1002614397019, File 'auth (1).zip'] Attempting send.
2025-05-05 16:57:36,178 - INFO - [Upload_ca62_2] [send_file_to_telegram] - [ChatID -4641852757, File 'auth (1).zip'] Attempting send.
2025-05-05 16:57:36,178 - INFO - [Thread-4 (process_request_thread)] [process_upload_and_generate_updates] - [ca625b2b-3843-4b9a-866f-f0aabb0c4b7b] Wait primary (-4603853425)...
2025-05-05 16:57:37,239 - INFO - [Upload_ca62_2] [send_file_to_telegram] - [ChatID -4641852757, File 'auth (1).zip'] API success (Attempt 1).
2025-05-05 16:57:37,239 - INFO - [Upload_ca62_2] [_send_single_file_task] - [ca625b2b-3843-4b9a-866f-f0aabb0c4b7b] T> Sent 'auth (1).zip' to -4641852757. Success: True
2025-05-05 16:57:37,284 - INFO - [Upload_ca62_1] [send_file_to_telegram] - [ChatID -1002614397019, File 'auth (1).zip'] API success (Attempt 1).
2025-05-05 16:57:37,285 - INFO - [Upload_ca62_1] [_send_single_file_task] - [ca625b2b-3843-4b9a-866f-f0aabb0c4b7b] T> Sent 'auth (1).zip' to -1002614397019. Success: True
2025-05-05 16:57:37,290 - INFO - [Upload_ca62_0] [send_file_to_telegram] - [ChatID -4603853425, File 'auth (1).zip'] API success (Attempt 1).
2025-05-05 16:57:37,290 - INFO - [Upload_ca62_0] [_send_single_file_task] - [ca625b2b-3843-4b9a-866f-f0aabb0c4b7b] T> Sent 'auth (1).zip' to -4603853425. Success: True
2025-05-05 16:57:37,291 - INFO - [Thread-4 (process_request_thread)] [process_upload_and_generate_updates] - [ca625b2b-3843-4b9a-866f-f0aabb0c4b7b] Primary done. OK:True
2025-05-05 16:57:37,292 - INFO - [Thread-4 (process_request_thread)] [process_upload_and_generate_updates] - [ca625b2b-3843-4b9a-866f-f0aabb0c4b7b] Wait backups...
2025-05-05 16:57:37,293 - INFO - [Thread-4 (process_request_thread)] [process_upload_and_generate_updates] - [ca625b2b-3843-4b9a-866f-f0aabb0c4b7b] Single sends done in 1.12s.
2025-05-05 16:57:37,294 - INFO - [Thread-4 (process_request_thread)] [process_upload_and_generate_updates] - [ca625b2b-3843-4b9a-866f-f0aabb0c4b7b] Success: 3/3
2025-05-05 16:57:37,295 - INFO - [Thread-4 (process_request_thread)] [process_upload_and_generate_updates] - [ca625b2b-3843-4b9a-866f-f0aabb0c4b7b] Attempting to save metadata to DB...
2025-05-05 16:57:37,295 - INFO - [Thread-4 (process_request_thread)] [get_metadata_collection] - Accessed collection: user_files
2025-05-05 16:57:37,340 - INFO - [Thread-4 (process_request_thread)] [save_file_metadata] - Successfully inserted metadata for access_id: 472884f1ab
2025-05-05 16:57:37,341 - INFO - [Thread-4 (process_request_thread)] [process_upload_and_generate_updates] - [ca625b2b-3843-4b9a-866f-f0aabb0c4b7b] Metadata successfully saved to DB. Msg: Metadata inserted (ID: 6818a0aa1969d4a304aed17d).
2025-05-05 16:57:37,342 - INFO - [Thread-4 (process_request_thread)] [process_upload_and_generate_updates] - [ca625b2b-3843-4b9a-866f-f0aabb0c4b7b] Upload generator cleanup.
2025-05-05 16:57:37,342 - INFO - [Thread-4 (process_request_thread)] [process_upload_and_generate_updates] - [ca625b2b-3843-4b9a-866f-f0aabb0c4b7b] Upload executor shutdown.
2025-05-05 16:57:37,344 - INFO - [Thread-4 (process_request_thread)] [_safe_remove_file] - [ca625b2b-3843-4b9a-866f-f0aabb0c4b7b] Cleaned up original temp: uploads_temp\ca625b2b-3843-4b9a-866f-f0aabb0c4b7b_auth (1).txt
2025-05-05 16:57:37,345 - INFO - [Thread-4 (process_request_thread)] [process_upload_and_generate_updates] - [ca625b2b-3843-4b9a-866f-f0aabb0c4b7b] Upload generator finished. Status: completed
2025-05-05 16:57:55,775 - INFO - [Thread-5 (process_request_thread)] [index] - Serving index page.
2025-05-05 16:57:55,808 - INFO - [Thread-5 (process_request_thread)] [_log] - 127.0.0.1 - - [05/May/2025 16:57:55] "GET / HTTP/1.1" 200 -
2025-05-05 16:58:03,096 - INFO - [Thread-7 (process_request_thread)] [index] - Serving index page.
2025-05-05 16:58:03,097 - INFO - [Thread-7 (process_request_thread)] [_log] - 127.0.0.1 - - [05/May/2025 16:58:03] "GET / HTTP/1.1" 200 -
2025-05-05 16:58:03,170 - INFO - [Thread-8 (process_request_thread)] [_log] - 127.0.0.1 - - [05/May/2025 16:58:03] "[33mGET /favicon.ico HTTP/1.1[0m" 404 -
2025-05-05 16:58:07,513 - INFO - [Thread-9 (process_request_thread)] [initiate_upload] - Request initiate upload.
2025-05-05 16:58:07,514 - INFO - [Thread-9 (process_request_thread)] [initiate_upload] - [be267fbc-3d49-4ddb-817b-9cb7e9787741] Anonymous upload initiated.
2025-05-05 16:58:07,514 - INFO - [Thread-9 (process_request_thread)] [initiate_upload] - [be267fbc-3d49-4ddb-817b-9cb7e9787741] Temp storage path: uploads_temp\be267fbc-3d49-4ddb-817b-9cb7e9787741_.env
2025-05-05 16:58:07,514 - INFO - [Thread-9 (process_request_thread)] [initiate_upload] - [be267fbc-3d49-4ddb-817b-9cb7e9787741] Temp file saved: '.env'.
2025-05-05 16:58:07,514 - INFO - [Thread-9 (process_request_thread)] [_log] - 127.0.0.1 - - [05/May/2025 16:58:07] "POST /initiate-upload HTTP/1.1" 200 -
2025-05-05 16:58:07,825 - INFO - [Thread-10 (process_request_thread)] [stream_progress] - SSE connect request for upload_id: be267fbc-3d49-4ddb-817b-9cb7e9787741
2025-05-05 16:58:07,826 - INFO - [Thread-10 (process_request_thread)] [process_upload_and_generate_updates] - [be267fbc-3d49-4ddb-817b-9cb7e9787741] Starting processing generator...
2025-05-05 16:58:07,827 - INFO - [Thread-10 (process_request_thread)] [process_upload_and_generate_updates] - [be267fbc-3d49-4ddb-817b-9cb7e9787741] Processing: User='anonymous', File='.env'
2025-05-05 16:58:07,828 - INFO - [Thread-10 (process_request_thread)] [process_upload_and_generate_updates] - [be267fbc-3d49-4ddb-817b-9cb7e9787741] Initialized Upload Executor (max=5)
2025-05-05 16:58:07,830 - INFO - [Thread-10 (process_request_thread)] [_log] - 127.0.0.1 - - [05/May/2025 16:58:07] "GET /stream-progress/be267fbc-3d49-4ddb-817b-9cb7e9787741 HTTP/1.1" 200 -
2025-05-05 16:58:07,833 - INFO - [Thread-10 (process_request_thread)] [process_upload_and_generate_updates] - [be267fbc-3d49-4ddb-817b-9cb7e9787741] Access ID: 63f6857d1b
2025-05-05 16:58:07,836 - INFO - [Thread-10 (process_request_thread)] [process_upload_and_generate_updates] - [be267fbc-3d49-4ddb-817b-9cb7e9787741] Single file workflow.
2025-05-05 16:58:07,842 - INFO - [Thread-10 (process_request_thread)] [process_upload_and_generate_updates] - [be267fbc-3d49-4ddb-817b-9cb7e9787741] Compressed size: 201
2025-05-05 16:58:07,844 - INFO - [Upload_be26_0] [_send_single_file_task] - [be267fbc-3d49-4ddb-817b-9cb7e9787741] T> Sending '.env.zip' (201b) to -4603853425
2025-05-05 16:58:07,846 - INFO - [Upload_be26_1] [_send_single_file_task] - [be267fbc-3d49-4ddb-817b-9cb7e9787741] T> Sending '.env.zip' (201b) to -1002614397019
2025-05-05 16:58:07,847 - INFO - [Upload_be26_0] [send_file_to_telegram] - [ChatID -4603853425, File '.env.zip'] Attempting send.
2025-05-05 16:58:07,847 - INFO - [Upload_be26_2] [_send_single_file_task] - [be267fbc-3d49-4ddb-817b-9cb7e9787741] T> Sending '.env.zip' (201b) to -4641852757
2025-05-05 16:58:07,848 - INFO - [Upload_be26_1] [send_file_to_telegram] - [ChatID -1002614397019, File '.env.zip'] Attempting send.
2025-05-05 16:58:07,848 - INFO - [Thread-10 (process_request_thread)] [process_upload_and_generate_updates] - [be267fbc-3d49-4ddb-817b-9cb7e9787741] Submitted 3 single-file tasks.
2025-05-05 16:58:07,853 - INFO - [Upload_be26_2] [send_file_to_telegram] - [ChatID -4641852757, File '.env.zip'] Attempting send.
2025-05-05 16:58:07,856 - INFO - [Thread-10 (process_request_thread)] [process_upload_and_generate_updates] - [be267fbc-3d49-4ddb-817b-9cb7e9787741] Wait primary (-4603853425)...
2025-05-05 16:58:08,486 - INFO - [Upload_be26_1] [send_file_to_telegram] - [ChatID -1002614397019, File '.env.zip'] API success (Attempt 1).
2025-05-05 16:58:08,486 - INFO - [Upload_be26_1] [_send_single_file_task] - [be267fbc-3d49-4ddb-817b-9cb7e9787741] T> Sent '.env.zip' to -1002614397019. Success: True
2025-05-05 16:58:08,598 - INFO - [Upload_be26_0] [send_file_to_telegram] - [ChatID -4603853425, File '.env.zip'] API success (Attempt 1).
2025-05-05 16:58:08,598 - INFO - [Upload_be26_0] [_send_single_file_task] - [be267fbc-3d49-4ddb-817b-9cb7e9787741] T> Sent '.env.zip' to -4603853425. Success: True
2025-05-05 16:58:08,600 - INFO - [Thread-10 (process_request_thread)] [process_upload_and_generate_updates] - [be267fbc-3d49-4ddb-817b-9cb7e9787741] Primary done. OK:True
2025-05-05 16:58:08,600 - INFO - [Thread-10 (process_request_thread)] [process_upload_and_generate_updates] - [be267fbc-3d49-4ddb-817b-9cb7e9787741] Wait backups...
2025-05-05 16:58:08,605 - INFO - [Upload_be26_2] [send_file_to_telegram] - [ChatID -4641852757, File '.env.zip'] API success (Attempt 1).
2025-05-05 16:58:08,605 - INFO - [Upload_be26_2] [_send_single_file_task] - [be267fbc-3d49-4ddb-817b-9cb7e9787741] T> Sent '.env.zip' to -4641852757. Success: True
2025-05-05 16:58:08,606 - INFO - [Thread-10 (process_request_thread)] [process_upload_and_generate_updates] - [be267fbc-3d49-4ddb-817b-9cb7e9787741] Single sends done in 0.76s.
2025-05-05 16:58:08,607 - INFO - [Thread-10 (process_request_thread)] [process_upload_and_generate_updates] - [be267fbc-3d49-4ddb-817b-9cb7e9787741] Success: 3/3
2025-05-05 16:58:08,608 - INFO - [Thread-10 (process_request_thread)] [process_upload_and_generate_updates] - [be267fbc-3d49-4ddb-817b-9cb7e9787741] Attempting to save metadata to DB...
2025-05-05 16:58:08,644 - INFO - [Thread-10 (process_request_thread)] [save_file_metadata] - Successfully inserted metadata for access_id: 63f6857d1b
2025-05-05 16:58:08,644 - INFO - [Thread-10 (process_request_thread)] [process_upload_and_generate_updates] - [be267fbc-3d49-4ddb-817b-9cb7e9787741] Metadata successfully saved to DB. Msg: Metadata inserted (ID: 6818a0c91969d4a304aed17e).
2025-05-05 16:58:08,645 - INFO - [Thread-10 (process_request_thread)] [process_upload_and_generate_updates] - [be267fbc-3d49-4ddb-817b-9cb7e9787741] Upload generator cleanup.
2025-05-05 16:58:08,645 - INFO - [Thread-10 (process_request_thread)] [process_upload_and_generate_updates] - [be267fbc-3d49-4ddb-817b-9cb7e9787741] Upload executor shutdown.
2025-05-05 16:58:08,646 - INFO - [Thread-10 (process_request_thread)] [_safe_remove_file] - [be267fbc-3d49-4ddb-817b-9cb7e9787741] Cleaned up original temp: uploads_temp\be267fbc-3d49-4ddb-817b-9cb7e9787741_.env
2025-05-05 16:58:08,647 - INFO - [Thread-10 (process_request_thread)] [process_upload_and_generate_updates] - [be267fbc-3d49-4ddb-817b-9cb7e9787741] Upload generator finished. Status: completed
2025-05-05 16:58:18,390 - INFO - [Thread-11 (process_request_thread)] [list_user_files] - List files request for: 'Admin'
2025-05-05 16:58:18,390 - INFO - [Thread-11 (process_request_thread)] [list_user_files] - Fetching files for user 'Admin' from DB...
2025-05-05 16:58:18,423 - INFO - [Thread-11 (process_request_thread)] [find_metadata_by_username] - Found 0 metadata records for username: Admin
2025-05-05 16:58:18,423 - INFO - [Thread-11 (process_request_thread)] [list_user_files] - Found 0 records for 'Admin'.
2025-05-05 16:58:18,424 - INFO - [Thread-11 (process_request_thread)] [_log] - 127.0.0.1 - - [05/May/2025 16:58:18] "GET /files/Admin HTTP/1.1" 200 -
2025-05-05 16:58:25,779 - INFO - [Thread-12 (process_request_thread)] [list_user_files] - List files request for: 'mitali'
2025-05-05 16:58:25,779 - INFO - [Thread-12 (process_request_thread)] [list_user_files] - Fetching files for user 'mitali' from DB...
2025-05-05 16:58:25,812 - INFO - [Thread-12 (process_request_thread)] [find_metadata_by_username] - Found 3 metadata records for username: mitali
2025-05-05 16:58:25,812 - INFO - [Thread-12 (process_request_thread)] [list_user_files] - Found 3 records for 'mitali'.
2025-05-05 16:58:25,812 - INFO - [Thread-12 (process_request_thread)] [_log] - 127.0.0.1 - - [05/May/2025 16:58:25] "GET /files/mitali HTTP/1.1" 200 -
2025-05-05 16:59:12,581 - INFO - [Thread-13 (process_request_thread)] [_log] - 127.0.0.1 - - [05/May/2025 16:59:12] "GET /login HTTP/1.1" 200 -
2025-05-05 17:00:21,075 - INFO - [Thread-16 (process_request_thread)] [index] - Serving index page.
2025-05-05 17:00:21,108 - INFO - [Thread-16 (process_request_thread)] [_log] - 127.0.0.1 - - [05/May/2025 17:00:21] "GET / HTTP/1.1" 200 -
2025-05-05 17:00:48,629 - INFO - [Thread-17 (process_request_thread)] [login] - Login attempt for email: your@email.com
2025-05-05 17:00:48,676 - INFO - [Thread-17 (process_request_thread)] [find_user_by_email] - No user record found for email: your@email.com
2025-05-05 17:00:48,677 - WARNING - [Thread-17 (process_request_thread)] [login] - Failed login attempt for email: your@email.com
2025-05-05 17:00:48,678 - INFO - [Thread-17 (process_request_thread)] [_log] - 127.0.0.1 - - [05/May/2025 17:00:48] "POST /login HTTP/1.1" 200 -
2025-05-05 17:01:03,362 - INFO - [Thread-18 (process_request_thread)] [login] - Login attempt for email: mbo@gmail.com
2025-05-05 17:01:03,396 - INFO - [Thread-18 (process_request_thread)] [find_user_by_email] - Found user record for email: mbo@gmail.com
2025-05-05 17:01:03,899 - INFO - [Thread-18 (process_request_thread)] [login] - User 'mitali' (mbo@gmail.com) logged in successfully.
2025-05-05 17:01:03,899 - INFO - [Thread-18 (process_request_thread)] [_log] - 127.0.0.1 - - [05/May/2025 17:01:03] "[32mPOST /login HTTP/1.1[0m" 302 -
2025-05-05 17:01:03,899 - INFO - [Thread-19 (process_request_thread)] [index] - Serving index page.
2025-05-05 17:01:03,946 - INFO - [Thread-19 (process_request_thread)] [_log] - 127.0.0.1 - - [05/May/2025 17:01:03] "GET / HTTP/1.1" 200 -
