2025-05-05 15:20:37,716 - INFO - [MainThread] [<module>] - ============================================================
2025-05-05 15:20:37,716 - INFO - [MainThread] [<module>] - Logging configured. Level: INFO. Log file: Selenium-Logs\app_20250505_152037.log
2025-05-05 15:20:37,716 - INFO - [MainThread] [<module>] - Primary Chat ID: -4603853425
2025-05-05 15:20:37,717 - INFO - [MainThread] [<module>] - All Target Chat IDs: ['-4603853425', '-1002614397019', '-4641852757']
2025-05-05 15:20:37,717 - INFO - [MainThread] [<module>] - Chunk Size: 20.0 MB (20971520 bytes)
2025-05-05 15:20:37,717 - INFO - [MainThread] [<module>] - API Timeouts (Connect/Read): 10s / 60s
2025-05-05 15:20:37,718 - INFO - [MainThread] [<module>] - API Retries: 3 attempts, 2s delay
2025-05-05 15:20:37,719 - INFO - [MainThread] [<module>] - Max Upload Workers: 5
2025-05-05 15:20:37,719 - INFO - [MainThread] [<module>] - Max Download Workers: 12
2025-05-05 15:20:37,720 - INFO - [MainThread] [<module>] - ============================================================
2025-05-05 15:20:37,721 - INFO - [MainThread] [<module>] - Configuration loaded successfully.
2025-05-05 15:20:37,731 - INFO - [MainThread] [<module>] - Custom Jinja filter 'format_bytes' registered.
2025-05-05 15:20:37,731 - INFO - [MainThread] [<module>] - Flask-CORS initialized. Allowing origins: *
2025-05-05 15:20:37,732 - INFO - [MainThread] [<module>] - Flask application initialized.
2025-05-05 15:20:37,732 - INFO - [MainThread] [<module>] - Flask-Login initialized.
2025-05-05 15:20:37,732 - INFO - [MainThread] [<module>] - Global state variables initialized (upload_progress_data, download_prep_data).
2025-05-05 15:20:37,736 - INFO - [MainThread] [<module>] - Custom Jinja filter 'format_bytes' registered.
2025-05-05 15:20:37,737 - INFO - [MainThread] [<module>] - Flask-CORS initialized. Allowing origins: *
2025-05-05 15:20:37,737 - INFO - [MainThread] [<module>] - Flask application initialized.
2025-05-05 15:20:37,737 - INFO - [MainThread] [<module>] - Flask-Login initialized.
2025-05-05 15:20:37,738 - INFO - [MainThread] [<module>] - Global state variables initialized (upload_progress_data, download_prep_data).
2025-05-05 15:20:37,894 - INFO - [MainThread] [<module>] - Database module initialized.
2025-05-05 15:20:38,357 - INFO - [MainThread] [<module>] - Initialized requests.Session for Telegram API calls.
2025-05-05 15:20:38,357 - INFO - [MainThread] [<module>] - Telegram API functions defined with Session and Retries.
2025-05-05 15:20:38,357 - INFO - [MainThread] [<module>] - Flask routes defined using configurable workers and linter fixes.
2025-05-05 15:20:38,367 - INFO - [MainThread] [<module>] - Starting Flask development server...
2025-05-05 15:20:38,377 - WARNING - [MainThread] [_log] -  * Debugger is active!
2025-05-05 15:20:38,382 - INFO - [MainThread] [_log] -  * Debugger PIN: 107-410-311
2025-05-05 15:21:30,002 - INFO - [Thread-2 (process_request_thread)] [_log] - 192.168.1.20 - - [05/May/2025 15:21:30] "[31m[1mGET /api/auth/login HTTP/1.1[0m" 405 -
2025-05-05 15:21:30,206 - INFO - [Thread-3 (process_request_thread)] [_log] - 192.168.1.20 - - [05/May/2025 15:21:30] "[33mGET /favicon.ico HTTP/1.1[0m" 404 -
2025-05-05 15:26:27,569 - INFO - [Thread-4 (process_request_thread)] [_log] - 192.168.1.20 - - [05/May/2025 15:26:27] "OPTIONS /register HTTP/1.1" 200 -
2025-05-05 15:27:14,102 - INFO - [MainThread] [_log] -  * Detected change in 'E:\\Telegram_tool\\Telegram_Bot_Tool\\app_setup.py', reloading
