2025-04-29 16:22:04,464 - INFO - [MainThread] [<module>] - ============================================================
2025-04-29 16:22:04,464 - INFO - [MainThread] [<module>] - Logging configured. Level: INFO. Log file: Selenium-Logs\app_20250429_162204.log
2025-04-29 16:22:04,465 - INFO - [MainThread] [<module>] - Primary Chat ID: -4603853425
2025-04-29 16:22:04,465 - INFO - [MainThread] [<module>] - All Target Chat IDs: ['-4603853425']
2025-04-29 16:22:04,465 - INFO - [MainThread] [<module>] - Chunk Size: 51380224 bytes
2025-04-29 16:22:04,466 - INFO - [MainThread] [<module>] - API Timeouts (Connect/Read): 10s / 60s
2025-04-29 16:22:04,466 - INFO - [MainThread] [<module>] - API Retries: 3 attempts, 2s delay
2025-04-29 16:22:04,467 - INFO - [MainThread] [<module>] - Max Upload Workers: 3
2025-04-29 16:22:04,467 - INFO - [MainThread] [<module>] - Max Download Workers: 12
2025-04-29 16:22:04,468 - INFO - [MainThread] [<module>] - ============================================================
2025-04-29 16:22:04,468 - INFO - [MainThread] [<module>] - Configuration loaded successfully.
2025-04-29 16:22:04,468 - INFO - [MainThread] [<module>] - Utility functions defined.
2025-04-29 16:22:04,472 - INFO - [MainThread] [<module>] - Custom Jinja filter 'format_bytes' registered.
2025-04-29 16:22:04,474 - INFO - [MainThread] [<module>] - Flask-CORS initialized. Allowing origins: http://localhost:4200
2025-04-29 16:22:04,475 - INFO - [MainThread] [<module>] - Flask application initialized.
2025-04-29 16:22:04,476 - INFO - [MainThread] [<module>] - Global state variables initialized (upload_progress_data, download_prep_data).
2025-04-29 16:22:04,479 - INFO - [MainThread] [<module>] - Custom Jinja filter 'format_bytes' registered.
2025-04-29 16:22:04,479 - INFO - [MainThread] [<module>] - Flask-CORS initialized. Allowing origins: http://localhost:4200
2025-04-29 16:22:04,479 - INFO - [MainThread] [<module>] - Flask application initialized.
2025-04-29 16:22:04,480 - INFO - [MainThread] [<module>] - Global state variables initialized (upload_progress_data, download_prep_data).
2025-04-29 16:22:05,000 - INFO - [MainThread] [<module>] - Initialized requests.Session for Telegram API calls.
2025-04-29 16:22:05,000 - INFO - [MainThread] [<module>] - Telegram API functions defined with Session and Retries.
2025-04-29 16:22:05,005 - INFO - [MainThread] [<module>] - Flask routes defined using configurable workers and linter fixes.
2025-04-29 16:22:05,005 - INFO - [MainThread] [<module>] - Starting Flask development server...
2025-04-29 16:22:05,037 - WARNING - [MainThread] [_log] -  * Debugger is active!
2025-04-29 16:22:05,037 - INFO - [MainThread] [_log] -  * Debugger PIN: 107-410-311
2025-04-29 16:22:07,985 - INFO - [Thread-3 (process_request_thread)] [index] - Serving index page.
2025-04-29 16:22:08,059 - INFO - [Thread-3 (process_request_thread)] [_log] - 127.0.0.1 - - [29/Apr/2025 16:22:08] "GET / HTTP/1.1" 200 -
2025-04-29 16:22:08,114 - INFO - [Thread-2 (process_request_thread)] [_log] - 127.0.0.1 - - [29/Apr/2025 16:22:08] "[33mGET /favicon.ico HTTP/1.1[0m" 404 -
2025-04-29 16:22:31,648 - INFO - [Thread-4 (process_request_thread)] [initiate_upload] - Request initiate upload.
2025-04-29 16:22:31,648 - INFO - [Thread-4 (process_request_thread)] [initiate_upload] - [00243c7f-a9af-41a0-b02e-c79093824eb4] Temp storage: uploads_temp\00243c7f-a9af-41a0-b02e-c79093824eb4_image (9).png
2025-04-29 16:22:31,648 - INFO - [Thread-4 (process_request_thread)] [initiate_upload] - [00243c7f-a9af-41a0-b02e-c79093824eb4] Temp saved: 'image (9).png'.
2025-04-29 16:22:31,648 - INFO - [Thread-4 (process_request_thread)] [_log] - 127.0.0.1 - - [29/Apr/2025 16:22:31] "POST /initiate-upload HTTP/1.1" 200 -
2025-04-29 16:22:31,666 - INFO - [Thread-5 (process_request_thread)] [stream_progress] - SSE connect request for upload_id: 00243c7f-a9af-41a0-b02e-c79093824eb4
2025-04-29 16:22:31,666 - INFO - [Thread-5 (process_request_thread)] [process_upload_and_generate_updates] - [00243c7f-a9af-41a0-b02e-c79093824eb4] Starting processing generator...
2025-04-29 16:22:31,667 - INFO - [Thread-5 (process_request_thread)] [process_upload_and_generate_updates] - [00243c7f-a9af-41a0-b02e-c79093824eb4] Processing: User='ELENA', File='image (9).png'
2025-04-29 16:22:31,667 - INFO - [Thread-5 (process_request_thread)] [_log] - 127.0.0.1 - - [29/Apr/2025 16:22:31] "GET /stream-progress/00243c7f-a9af-41a0-b02e-c79093824eb4 HTTP/1.1" 200 -
2025-04-29 16:22:31,668 - INFO - [Thread-5 (process_request_thread)] [process_upload_and_generate_updates] - [00243c7f-a9af-41a0-b02e-c79093824eb4] Access ID: cc5f25cd63
2025-04-29 16:22:31,669 - INFO - [Thread-5 (process_request_thread)] [process_upload_and_generate_updates] - [00243c7f-a9af-41a0-b02e-c79093824eb4] Single file workflow.
2025-04-29 16:22:31,681 - INFO - [Thread-5 (process_request_thread)] [process_upload_and_generate_updates] - [00243c7f-a9af-41a0-b02e-c79093824eb4] Compressed size: 15835
2025-04-29 16:22:31,682 - INFO - [Thread-5 (process_request_thread)] [_send_single_file_task] - [00243c7f-a9af-41a0-b02e-c79093824eb4] T> Sending 'image (9).zip' (15835b) to -4603853425
2025-04-29 16:22:31,683 - INFO - [Thread-5 (process_request_thread)] [send_file_to_telegram] - [ChatID -4603853425, File 'image (9).zip'] Attempting send.
2025-04-29 16:22:33,071 - INFO - [Thread-5 (process_request_thread)] [send_file_to_telegram] - [ChatID -4603853425, File 'image (9).zip'] API success (Attempt 1).
2025-04-29 16:22:33,072 - INFO - [Thread-5 (process_request_thread)] [_send_single_file_task] - [00243c7f-a9af-41a0-b02e-c79093824eb4] T> Sent 'image (9).zip' to -4603853425. Success: True
2025-04-29 16:22:33,072 - INFO - [Thread-5 (process_request_thread)] [process_upload_and_generate_updates] - [00243c7f-a9af-41a0-b02e-c79093824eb4] Single sends done in 1.39s.
2025-04-29 16:22:33,072 - INFO - [Thread-5 (process_request_thread)] [process_upload_and_generate_updates] - [00243c7f-a9af-41a0-b02e-c79093824eb4] Success: 1/1
2025-04-29 16:22:33,127 - INFO - [Thread-5 (process_request_thread)] [load_metadata] - Successfully loaded metadata from 'metadata.json'.
2025-04-29 16:22:33,153 - INFO - [Thread-5 (process_request_thread)] [save_metadata] - Successfully saved metadata to 'metadata.json'.
2025-04-29 16:22:33,154 - INFO - [Thread-5 (process_request_thread)] [process_upload_and_generate_updates] - [00243c7f-a9af-41a0-b02e-c79093824eb4] Upload generator cleanup.
2025-04-29 16:22:33,155 - INFO - [Thread-5 (process_request_thread)] [_safe_remove_file] - [00243c7f-a9af-41a0-b02e-c79093824eb4] Cleaned up original temp: uploads_temp\00243c7f-a9af-41a0-b02e-c79093824eb4_image (9).png
2025-04-29 16:22:33,155 - INFO - [Thread-5 (process_request_thread)] [process_upload_and_generate_updates] - [00243c7f-a9af-41a0-b02e-c79093824eb4] Upload generator finished. Status: completed
2025-04-29 16:24:40,346 - INFO - [Thread-6 (process_request_thread)] [list_user_files] - List files request for: 'ELENA'
2025-04-29 16:24:40,360 - INFO - [Thread-6 (process_request_thread)] [load_metadata] - Successfully loaded metadata from 'metadata.json'.
2025-04-29 16:24:40,361 - INFO - [Thread-6 (process_request_thread)] [list_user_files] - Found 13 records for 'ELENA'.
2025-04-29 16:24:40,364 - INFO - [Thread-6 (process_request_thread)] [_log] - 127.0.0.1 - - [29/Apr/2025 16:24:40] "GET /files/ELENA HTTP/1.1" 200 -
2025-04-29 16:24:48,188 - INFO - [Thread-7 (process_request_thread)] [delete_file_record] - DELETE request user='ELENA', file='404_error.html'
2025-04-29 16:24:48,190 - INFO - [Thread-7 (process_request_thread)] [load_metadata] - Successfully loaded metadata from 'metadata.json'.
2025-04-29 16:24:48,190 - INFO - [Thread-7 (process_request_thread)] [delete_file_record] - Removed 1 record(s) for '404_error.html' user 'ELENA'.
2025-04-29 16:24:48,208 - INFO - [Thread-7 (process_request_thread)] [save_metadata] - Successfully saved metadata to 'metadata.json'.
2025-04-29 16:24:48,209 - INFO - [Thread-7 (process_request_thread)] [delete_file_record] - Saved metadata after delete.
2025-04-29 16:24:48,210 - INFO - [Thread-7 (process_request_thread)] [_log] - 127.0.0.1 - - [29/Apr/2025 16:24:48] "DELETE /delete-file/ELENA/404_error.html HTTP/1.1" 200 -
2025-04-29 16:24:57,061 - INFO - [Thread-8 (process_request_thread)] [delete_file_record] - DELETE request user='ELENA', file='index.html'
2025-04-29 16:24:57,072 - INFO - [Thread-8 (process_request_thread)] [load_metadata] - Successfully loaded metadata from 'metadata.json'.
2025-04-29 16:24:57,072 - INFO - [Thread-8 (process_request_thread)] [delete_file_record] - Removed 2 record(s) for 'index.html' user 'ELENA'.
2025-04-29 16:24:57,099 - INFO - [Thread-8 (process_request_thread)] [save_metadata] - Successfully saved metadata to 'metadata.json'.
2025-04-29 16:24:57,099 - INFO - [Thread-8 (process_request_thread)] [delete_file_record] - Saved metadata after delete.
2025-04-29 16:24:57,099 - INFO - [Thread-8 (process_request_thread)] [_log] - 127.0.0.1 - - [29/Apr/2025 16:24:57] "DELETE /delete-file/ELENA/index.html HTTP/1.1" 200 -
2025-04-29 16:24:59,221 - INFO - [Thread-9 (process_request_thread)] [delete_file_record] - DELETE request user='ELENA', file='index.html'
2025-04-29 16:24:59,229 - INFO - [Thread-9 (process_request_thread)] [load_metadata] - Successfully loaded metadata from 'metadata.json'.
2025-04-29 16:24:59,229 - INFO - [Thread-9 (process_request_thread)] [_log] - 127.0.0.1 - - [29/Apr/2025 16:24:59] "[33mDELETE /delete-file/ELENA/index.html HTTP/1.1[0m" 404 -
2025-04-29 16:25:01,973 - INFO - [Thread-10 (process_request_thread)] [delete_file_record] - DELETE request user='ELENA', file='index.html'
2025-04-29 16:25:01,976 - INFO - [Thread-10 (process_request_thread)] [load_metadata] - Successfully loaded metadata from 'metadata.json'.
2025-04-29 16:25:01,976 - INFO - [Thread-10 (process_request_thread)] [_log] - 127.0.0.1 - - [29/Apr/2025 16:25:01] "[33mDELETE /delete-file/ELENA/index.html HTTP/1.1[0m" 404 -
2025-04-29 16:25:04,528 - INFO - [Thread-11 (process_request_thread)] [delete_file_record] - DELETE request user='ELENA', file='app_setup.py'
2025-04-29 16:25:04,530 - INFO - [Thread-11 (process_request_thread)] [load_metadata] - Successfully loaded metadata from 'metadata.json'.
2025-04-29 16:25:04,531 - INFO - [Thread-11 (process_request_thread)] [delete_file_record] - Removed 1 record(s) for 'app_setup.py' user 'ELENA'.
2025-04-29 16:25:04,532 - INFO - [Thread-11 (process_request_thread)] [save_metadata] - Successfully saved metadata to 'metadata.json'.
2025-04-29 16:25:04,532 - INFO - [Thread-11 (process_request_thread)] [delete_file_record] - Saved metadata after delete.
2025-04-29 16:25:04,544 - INFO - [Thread-11 (process_request_thread)] [_log] - 127.0.0.1 - - [29/Apr/2025 16:25:04] "DELETE /delete-file/ELENA/app_setup.py HTTP/1.1" 200 -
2025-04-29 16:25:06,507 - INFO - [Thread-12 (process_request_thread)] [delete_file_record] - DELETE request user='ELENA', file='telegram_api.py'
2025-04-29 16:25:06,526 - INFO - [Thread-12 (process_request_thread)] [load_metadata] - Successfully loaded metadata from 'metadata.json'.
2025-04-29 16:25:06,526 - INFO - [Thread-12 (process_request_thread)] [delete_file_record] - Removed 1 record(s) for 'telegram_api.py' user 'ELENA'.
2025-04-29 16:25:06,542 - INFO - [Thread-12 (process_request_thread)] [save_metadata] - Successfully saved metadata to 'metadata.json'.
2025-04-29 16:25:06,543 - INFO - [Thread-12 (process_request_thread)] [delete_file_record] - Saved metadata after delete.
2025-04-29 16:25:06,544 - INFO - [Thread-12 (process_request_thread)] [_log] - 127.0.0.1 - - [29/Apr/2025 16:25:06] "DELETE /delete-file/ELENA/telegram_api.py HTTP/1.1" 200 -
2025-04-29 16:25:08,552 - INFO - [Thread-13 (process_request_thread)] [delete_file_record] - DELETE request user='ELENA', file='ScreamingFrogSEOSpider-20.3 (1).exe'
2025-04-29 16:25:08,569 - INFO - [Thread-13 (process_request_thread)] [load_metadata] - Successfully loaded metadata from 'metadata.json'.
2025-04-29 16:25:08,569 - INFO - [Thread-13 (process_request_thread)] [delete_file_record] - Removed 1 record(s) for 'ScreamingFrogSEOSpider-20.3 (1).exe' user 'ELENA'.
2025-04-29 16:25:08,583 - INFO - [Thread-13 (process_request_thread)] [save_metadata] - Successfully saved metadata to 'metadata.json'.
2025-04-29 16:25:08,584 - INFO - [Thread-13 (process_request_thread)] [delete_file_record] - Saved metadata after delete.
2025-04-29 16:25:08,585 - INFO - [Thread-13 (process_request_thread)] [_log] - 127.0.0.1 - - [29/Apr/2025 16:25:08] "DELETE /delete-file/ELENA/ScreamingFrogSEOSpider-20.3%20(1).exe HTTP/1.1" 200 -
2025-04-29 16:25:10,725 - INFO - [Thread-14 (process_request_thread)] [delete_file_record] - DELETE request user='ELENA', file='utils.py'
2025-04-29 16:25:10,741 - INFO - [Thread-14 (process_request_thread)] [load_metadata] - Successfully loaded metadata from 'metadata.json'.
2025-04-29 16:25:10,741 - INFO - [Thread-14 (process_request_thread)] [delete_file_record] - Removed 2 record(s) for 'utils.py' user 'ELENA'.
2025-04-29 16:25:10,758 - INFO - [Thread-14 (process_request_thread)] [save_metadata] - Successfully saved metadata to 'metadata.json'.
2025-04-29 16:25:10,758 - INFO - [Thread-14 (process_request_thread)] [delete_file_record] - Saved metadata after delete.
2025-04-29 16:25:10,760 - INFO - [Thread-14 (process_request_thread)] [_log] - 127.0.0.1 - - [29/Apr/2025 16:25:10] "DELETE /delete-file/ELENA/utils.py HTTP/1.1" 200 -
2025-04-29 16:25:12,685 - INFO - [Thread-15 (process_request_thread)] [delete_file_record] - DELETE request user='ELENA', file='utils.py'
2025-04-29 16:25:12,700 - INFO - [Thread-15 (process_request_thread)] [load_metadata] - Successfully loaded metadata from 'metadata.json'.
2025-04-29 16:25:12,700 - INFO - [Thread-15 (process_request_thread)] [_log] - 127.0.0.1 - - [29/Apr/2025 16:25:12] "[33mDELETE /delete-file/ELENA/utils.py HTTP/1.1[0m" 404 -
2025-04-29 16:25:15,158 - INFO - [Thread-16 (process_request_thread)] [delete_file_record] - DELETE request user='ELENA', file='WindsurfUserSetup-x64-1.7.1 (1).exe'
2025-04-29 16:25:15,158 - INFO - [Thread-16 (process_request_thread)] [load_metadata] - Successfully loaded metadata from 'metadata.json'.
2025-04-29 16:25:15,158 - INFO - [Thread-16 (process_request_thread)] [delete_file_record] - Removed 2 record(s) for 'WindsurfUserSetup-x64-1.7.1 (1).exe' user 'ELENA'.
2025-04-29 16:25:15,173 - INFO - [Thread-16 (process_request_thread)] [save_metadata] - Successfully saved metadata to 'metadata.json'.
2025-04-29 16:25:15,173 - INFO - [Thread-16 (process_request_thread)] [delete_file_record] - Saved metadata after delete.
2025-04-29 16:25:15,173 - INFO - [Thread-16 (process_request_thread)] [_log] - 127.0.0.1 - - [29/Apr/2025 16:25:15] "DELETE /delete-file/ELENA/WindsurfUserSetup-x64-1.7.1%20(1).exe HTTP/1.1" 200 -
2025-04-29 16:25:19,226 - INFO - [Thread-17 (process_request_thread)] [delete_file_record] - DELETE request user='ELENA', file='download_page.html'
2025-04-29 16:25:19,233 - INFO - [Thread-17 (process_request_thread)] [load_metadata] - Successfully loaded metadata from 'metadata.json'.
2025-04-29 16:25:19,233 - INFO - [Thread-17 (process_request_thread)] [delete_file_record] - Removed 1 record(s) for 'download_page.html' user 'ELENA'.
2025-04-29 16:25:19,256 - INFO - [Thread-17 (process_request_thread)] [save_metadata] - Successfully saved metadata to 'metadata.json'.
2025-04-29 16:25:19,257 - INFO - [Thread-17 (process_request_thread)] [delete_file_record] - Saved metadata after delete.
2025-04-29 16:25:19,257 - INFO - [Thread-17 (process_request_thread)] [_log] - 127.0.0.1 - - [29/Apr/2025 16:25:19] "DELETE /delete-file/ELENA/download_page.html HTTP/1.1" 200 -
