2025-05-06 17:17:53,378 - INFO - [MainThread] [<module>] - ============================================================
2025-05-06 17:17:53,379 - INFO - [MainThread] [<module>] - Logging configured. Level: INFO. Log file: Selenium-Logs\app_20250506_171753.log
2025-05-06 17:17:53,379 - INFO - [MainThread] [<module>] - Primary Chat ID: -4603853425
2025-05-06 17:17:53,379 - INFO - [MainThread] [<module>] - All Target Chat IDs: ['-4603853425', '-1002614397019', '-4641852757']
2025-05-06 17:17:53,380 - INFO - [MainThread] [<module>] - Chunk Size: 20.0 MB (20971520 bytes)
2025-05-06 17:17:53,380 - INFO - [MainThread] [<module>] - API Timeouts (Connect/Read): 10s / 60s
2025-05-06 17:17:53,380 - INFO - [MainThread] [<module>] - API Retries: 3 attempts, 2s delay
2025-05-06 17:17:53,381 - INFO - [MainThread] [<module>] - Max Upload Workers: 5
2025-05-06 17:17:53,381 - INFO - [MainThread] [<module>] - Max Download Workers: 12
2025-05-06 17:17:53,382 - INFO - [MainThread] [<module>] - ============================================================
2025-05-06 17:17:53,382 - INFO - [MainThread] [<module>] - Configuration loaded successfully.
2025-05-06 17:17:53,419 - INFO - [MainThread] [<module>] - Custom Jinja filter 'format_bytes' registered.
2025-05-06 17:17:53,420 - INFO - [MainThread] [<module>] - Flask-CORS initialized. Allowing origins: https://telegrambot-rosy-psi.vercel.app/home
2025-05-06 17:17:53,421 - INFO - [MainThread] [<module>] - Flask-JWT-Extended initialized.
2025-05-06 17:17:53,421 - INFO - [MainThread] [<module>] - Flask-Login initialized.
2025-05-06 17:17:53,423 - INFO - [MainThread] [<module>] - Global state variables initialized (upload_progress_data, download_prep_data).
2025-05-06 17:17:53,423 - INFO - [MainThread] [<module>] - Custom Jinja filter 'format_bytes' registered.
2025-05-06 17:17:53,423 - INFO - [MainThread] [<module>] - Flask-CORS initialized. Allowing origins: https://telegrambot-rosy-psi.vercel.app/home
2025-05-06 17:17:53,423 - INFO - [MainThread] [<module>] - Flask-JWT-Extended initialized.
2025-05-06 17:17:53,423 - INFO - [MainThread] [<module>] - Flask-Login initialized.
2025-05-06 17:17:53,423 - INFO - [MainThread] [<module>] - Global state variables initialized (upload_progress_data, download_prep_data).
2025-05-06 17:17:53,620 - INFO - [MainThread] [<module>] - Database module initialized.
2025-05-06 17:17:54,133 - INFO - [MainThread] [<module>] - Initialized requests.Session for Telegram API calls.
2025-05-06 17:17:54,134 - INFO - [MainThread] [<module>] - Telegram API functions defined with Session and Retries.
2025-05-06 17:17:54,139 - INFO - [MainThread] [<module>] - Flask routes defined using configurable workers and linter fixes.
2025-05-06 17:17:54,139 - INFO - [MainThread] [<module>] - Starting Flask development server...
2025-05-06 17:17:54,150 - WARNING - [MainThread] [_log] -  * Debugger is active!
2025-05-06 17:17:54,163 - INFO - [MainThread] [_log] -  * Debugger PIN: 107-410-311
2025-05-06 17:18:04,005 - INFO - [Thread-3 (process_request_thread)] [_connect_to_db] - Attempting to connect to MongoDB Atlas host: telegrambot.6armfs2.mongodb.net...
2025-05-06 17:18:05,242 - INFO - [Thread-3 (process_request_thread)] [_connect_to_db] - ✅ Successfully connected and pinged MongoDB Atlas!
2025-05-06 17:18:05,242 - INFO - [Thread-3 (process_request_thread)] [get_db] - Accessed database: Telegrambot
2025-05-06 17:18:05,242 - INFO - [Thread-3 (process_request_thread)] [get_userinfo_collection] - Accessed collection: userinfo
2025-05-06 17:18:05,292 - INFO - [Thread-3 (process_request_thread)] [_log] - 127.0.0.1 - - [06/May/2025 17:18:05] "GET /login HTTP/1.1" 200 -
2025-05-06 17:18:11,948 - INFO - [Thread-2 (process_request_thread)] [login] - Login attempt for email: mbo@gmail.com
2025-05-06 17:18:11,991 - INFO - [Thread-2 (process_request_thread)] [find_user_by_email] - Found user record for email: mbo@gmail.com
2025-05-06 17:18:12,534 - INFO - [Thread-2 (process_request_thread)] [login] - User 'mitali' (mbo@gmail.com) logged in successfully.
2025-05-06 17:18:12,540 - INFO - [Thread-2 (process_request_thread)] [_log] - 127.0.0.1 - - [06/May/2025 17:18:12] "[32mPOST /login HTTP/1.1[0m" 302 -
2025-05-06 17:18:12,545 - INFO - [Thread-4 (process_request_thread)] [index] - Serving index page.
2025-05-06 17:18:12,647 - INFO - [Thread-4 (process_request_thread)] [_log] - 127.0.0.1 - - [06/May/2025 17:18:12] "GET / HTTP/1.1" 200 -
2025-05-06 17:21:05,408 - INFO - [Thread-5 (process_request_thread)] [index] - Serving index page.
2025-05-06 17:21:05,450 - INFO - [Thread-5 (process_request_thread)] [_log] - 127.0.0.1 - - [06/May/2025 17:21:05] "GET / HTTP/1.1" 200 -
