2025-05-06 17:05:47,730 - INFO - [MainThread] [<module>] - ============================================================
2025-05-06 17:05:47,731 - INFO - [MainThread] [<module>] - Logging configured. Level: INFO. Log file: Selenium-Logs\app_20250506_170547.log
2025-05-06 17:05:47,732 - INFO - [MainThread] [<module>] - Primary Chat ID: -4603853425
2025-05-06 17:05:47,732 - INFO - [MainThread] [<module>] - All Target Chat IDs: ['-4603853425', '-1002614397019', '-4641852757']
2025-05-06 17:05:47,733 - INFO - [MainThread] [<module>] - Chunk Size: 20.0 MB (20971520 bytes)
2025-05-06 17:05:47,733 - INFO - [MainThread] [<module>] - API Timeouts (Connect/Read): 10s / 60s
2025-05-06 17:05:47,733 - INFO - [MainThread] [<module>] - API Retries: 3 attempts, 2s delay
2025-05-06 17:05:47,735 - INFO - [MainThread] [<module>] - Max Upload Workers: 5
2025-05-06 17:05:47,735 - INFO - [MainThread] [<module>] - Max Download Workers: 12
2025-05-06 17:05:47,735 - INFO - [MainThread] [<module>] - ============================================================
2025-05-06 17:05:47,736 - INFO - [MainThread] [<module>] - Configuration loaded successfully.
2025-05-06 17:05:47,859 - INFO - [MainThread] [<module>] - Custom Jinja filter 'format_bytes' registered.
2025-05-06 17:05:47,859 - INFO - [MainThread] [<module>] - Flask-CORS initialized. Allowing origins: http://localhost:4200
2025-05-06 17:05:47,860 - INFO - [MainThread] [<module>] - Flask-JWT-Extended initialized.
2025-05-06 17:05:47,860 - INFO - [MainThread] [<module>] - Flask-Login initialized.
2025-05-06 17:05:47,861 - INFO - [MainThread] [<module>] - Global state variables initialized (upload_progress_data, download_prep_data).
2025-05-06 17:05:47,862 - INFO - [MainThread] [<module>] - Custom Jinja filter 'format_bytes' registered.
2025-05-06 17:05:47,863 - INFO - [MainThread] [<module>] - Flask-CORS initialized. Allowing origins: http://localhost:4200
2025-05-06 17:05:47,863 - INFO - [MainThread] [<module>] - Flask-JWT-Extended initialized.
2025-05-06 17:05:47,866 - INFO - [MainThread] [<module>] - Flask-Login initialized.
2025-05-06 17:05:47,866 - INFO - [MainThread] [<module>] - Global state variables initialized (upload_progress_data, download_prep_data).
2025-05-06 17:05:48,054 - INFO - [MainThread] [<module>] - Database module initialized.
2025-05-06 17:05:48,619 - INFO - [MainThread] [<module>] - Initialized requests.Session for Telegram API calls.
2025-05-06 17:05:48,619 - INFO - [MainThread] [<module>] - Telegram API functions defined with Session and Retries.
2025-05-06 17:05:48,629 - INFO - [MainThread] [<module>] - Flask routes defined using configurable workers and linter fixes.
2025-05-06 17:05:48,632 - INFO - [MainThread] [<module>] - Starting Flask development server...
2025-05-06 17:05:48,649 - WARNING - [MainThread] [_log] -  * Debugger is active!
2025-05-06 17:05:48,653 - INFO - [MainThread] [_log] -  * Debugger PIN: 106-277-236
2025-05-06 17:05:51,709 - INFO - [Thread-2 (process_request_thread)] [register_user] - Received POST request for /register
2025-05-06 17:05:51,709 - INFO - [Thread-2 (process_request_thread)] [register_user] - Received registration data: {'username': 'Brayer', 'email': 'bray12@gmail.com', 'password': '123', 'confirmPassword': '123', 'agreeTerms': True, 'understandPrivacy': True}
2025-05-06 17:05:51,709 - INFO - [Thread-2 (process_request_thread)] [_connect_to_db] - Attempting to connect to MongoDB Atlas host: telegrambot.6armfs2.mongodb.net...
2025-05-06 17:05:53,619 - INFO - [Thread-2 (process_request_thread)] [_connect_to_db] - ✅ Successfully connected and pinged MongoDB Atlas!
2025-05-06 17:05:53,619 - INFO - [Thread-2 (process_request_thread)] [get_db] - Accessed database: Telegrambot
2025-05-06 17:05:53,629 - INFO - [Thread-2 (process_request_thread)] [get_userinfo_collection] - Accessed collection: userinfo
2025-05-06 17:05:53,673 - INFO - [Thread-2 (process_request_thread)] [find_user_by_username] - Found user record for username: Brayer
2025-05-06 17:05:53,673 - WARNING - [Thread-2 (process_request_thread)] [register_user] - Registration failed: Username 'Brayer' already exists.
2025-05-06 17:05:53,674 - INFO - [Thread-2 (process_request_thread)] [_log] - 127.0.0.1 - - [06/May/2025 17:05:53] "[31m[1mPOST /register HTTP/1.1[0m" 409 -
2025-05-06 17:06:01,278 - INFO - [Thread-3 (process_request_thread)] [register_user] - Received POST request for /register
2025-05-06 17:06:01,279 - INFO - [Thread-3 (process_request_thread)] [register_user] - Received registration data: {'username': 'toppp', 'email': 'bray12@gmail.com', 'password': '123', 'confirmPassword': '123', 'agreeTerms': True, 'understandPrivacy': True}
2025-05-06 17:06:01,321 - INFO - [Thread-3 (process_request_thread)] [find_user_by_username] - No user record found for username: toppp
2025-05-06 17:06:01,369 - INFO - [Thread-3 (process_request_thread)] [find_user_by_email] - Found user record for email: bray12@gmail.com
2025-05-06 17:06:01,369 - WARNING - [Thread-3 (process_request_thread)] [register_user] - Registration failed: Email 'bray12@gmail.com' already exists.
2025-05-06 17:06:01,369 - INFO - [Thread-3 (process_request_thread)] [_log] - 127.0.0.1 - - [06/May/2025 17:06:01] "[31m[1mPOST /register HTTP/1.1[0m" 409 -
2025-05-06 17:06:05,749 - INFO - [Thread-4 (process_request_thread)] [register_user] - Received POST request for /register
2025-05-06 17:06:05,749 - INFO - [Thread-4 (process_request_thread)] [register_user] - Received registration data: {'username': 'toppp', 'email': 'bray7812@gmail.com', 'password': '123', 'confirmPassword': '123', 'agreeTerms': True, 'understandPrivacy': True}
2025-05-06 17:06:05,794 - INFO - [Thread-4 (process_request_thread)] [find_user_by_username] - No user record found for username: toppp
2025-05-06 17:06:05,834 - INFO - [Thread-4 (process_request_thread)] [find_user_by_email] - No user record found for email: bray7812@gmail.com
2025-05-06 17:06:06,409 - INFO - [Thread-4 (process_request_thread)] [save_user] - Successfully inserted new user with ID: 6819f42618ea0e6985569702
2025-05-06 17:06:06,409 - INFO - [Thread-4 (process_request_thread)] [register_user] - User 'toppp' registered successfully.
2025-05-06 17:06:06,409 - INFO - [Thread-4 (process_request_thread)] [_log] - 127.0.0.1 - - [06/May/2025 17:06:06] "[35m[1mPOST /register HTTP/1.1[0m" 201 -
2025-05-06 17:08:13,124 - INFO - [Thread-6 (process_request_thread)] [_log] - 192.168.1.20 - - [06/May/2025 17:08:13] "OPTIONS /register HTTP/1.1" 200 -
2025-05-06 17:08:13,129 - INFO - [Thread-7 (process_request_thread)] [register_user] - Received POST request for /register
2025-05-06 17:08:13,129 - INFO - [Thread-7 (process_request_thread)] [register_user] - Received registration data: {'username': 'asdasd', 'email': 'asd@gmail.com', 'password': '12345678', 'confirmPassword': '12345678', 'agreeTerms': True, 'understandPrivacy': True}
2025-05-06 17:08:13,169 - INFO - [Thread-7 (process_request_thread)] [find_user_by_username] - No user record found for username: asdasd
2025-05-06 17:08:13,220 - INFO - [Thread-7 (process_request_thread)] [find_user_by_email] - Found user record for email: asd@gmail.com
2025-05-06 17:08:13,220 - WARNING - [Thread-7 (process_request_thread)] [register_user] - Registration failed: Email 'asd@gmail.com' already exists.
2025-05-06 17:08:13,220 - INFO - [Thread-7 (process_request_thread)] [_log] - 192.168.1.20 - - [06/May/2025 17:08:13] "[31m[1mPOST /register HTTP/1.1[0m" 409 -
2025-05-06 17:08:24,050 - INFO - [Thread-8 (process_request_thread)] [_log] - 192.168.1.20 - - [06/May/2025 17:08:24] "OPTIONS /register HTTP/1.1" 200 -
2025-05-06 17:08:24,059 - INFO - [Thread-9 (process_request_thread)] [register_user] - Received POST request for /register
2025-05-06 17:08:24,059 - INFO - [Thread-9 (process_request_thread)] [register_user] - Received registration data: {'username': 'asdasd', 'email': 'jkl@gmail.com', 'password': '12345678', 'confirmPassword': '12345678', 'agreeTerms': True, 'understandPrivacy': True}
2025-05-06 17:08:24,101 - INFO - [Thread-9 (process_request_thread)] [find_user_by_username] - No user record found for username: asdasd
2025-05-06 17:08:24,152 - INFO - [Thread-9 (process_request_thread)] [find_user_by_email] - No user record found for email: jkl@gmail.com
2025-05-06 17:08:24,710 - INFO - [Thread-9 (process_request_thread)] [save_user] - Successfully inserted new user with ID: 6819f4b018ea0e6985569703
2025-05-06 17:08:24,719 - INFO - [Thread-9 (process_request_thread)] [register_user] - User 'asdasd' registered successfully.
2025-05-06 17:08:24,722 - INFO - [Thread-9 (process_request_thread)] [_log] - 192.168.1.20 - - [06/May/2025 17:08:24] "[35m[1mPOST /register HTTP/1.1[0m" 201 -
2025-05-06 17:08:34,042 - INFO - [Thread-10 (process_request_thread)] [_log] - 192.168.1.20 - - [06/May/2025 17:08:34] "[35m[1mOPTIONS /api/auth/login HTTP/1.1[0m" 204 -
2025-05-06 17:08:34,099 - INFO - [Thread-11 (process_request_thread)] [api_login] - Received POST request for /api/auth/login
2025-05-06 17:08:34,124 - INFO - [Thread-11 (process_request_thread)] [api_login] - API Login attempt for email: jkl@gmail.com
2025-05-06 17:08:34,194 - INFO - [Thread-11 (process_request_thread)] [find_user_by_email] - Found user record for email: jkl@gmail.com
2025-05-06 17:08:35,291 - INFO - [Thread-11 (process_request_thread)] [api_login] - User 'asdasd' (jkl@gmail.com) logged in successfully via API. Token created.
2025-05-06 17:08:35,300 - INFO - [Thread-11 (process_request_thread)] [_log] - 192.168.1.20 - - [06/May/2025 17:08:35] "POST /api/auth/login HTTP/1.1" 200 -
