2025-04-22 15:28:55,387 - INFO - [<module>] - Logging configured. Log file: Selenium-Logs\app_20250422_152855.log
2025-04-22 15:28:55,389 - INFO - [<module>] - Flask application initialized.
2025-04-22 15:28:55,393 - INFO - [<module>] - Starting Flask development server...
2025-04-22 15:28:55,433 - WARNING - [_log] -  * Debugger is active!
2025-04-22 15:28:55,440 - INFO - [_log] -  * Debugger PIN: 107-410-311
2025-04-22 15:28:57,586 - INFO - [index] - Serving index page.
2025-04-22 15:28:57,611 - INFO - [_log] - 127.0.0.1 - - [22/Apr/2025 15:28:57] "GET / HTTP/1.1" 200 -
2025-04-22 15:28:57,684 - INFO - [_log] - 127.0.0.1 - - [22/Apr/2025 15:28:57] "[33mGET /static/style.css HTTP/1.1[0m" 404 -
2025-04-22 15:28:57,750 - INFO - [_log] - 127.0.0.1 - - [22/Apr/2025 15:28:57] "[33mGET /favicon.ico HTTP/1.1[0m" 404 -
2025-04-22 15:29:04,707 - INFO - [initiate_upload] - Received request to initiate upload.
2025-04-22 15:29:04,707 - INFO - [initiate_upload] - Saving temporary file for upload_id '2362cd9c-de8c-45d2-8edb-14427ba3a1a2' to 'uploads_temp\2362cd9c-de8c-45d2-8edb-14427ba3a1a2_requirements.txt'
2025-04-22 15:29:04,707 - INFO - [initiate_upload] - Temporary file saved successfully for 'requirements.txt' (ID: 2362cd9c-de8c-45d2-8edb-14427ba3a1a2).
2025-04-22 15:29:04,707 - INFO - [_log] - 127.0.0.1 - - [22/Apr/2025 15:29:04] "POST /initiate-upload HTTP/1.1" 200 -
2025-04-22 15:29:04,720 - INFO - [stream_progress] - SSE connection request for upload_id: 2362cd9c-de8c-45d2-8edb-14427ba3a1a2
2025-04-22 15:29:04,722 - INFO - [process_upload_and_generate_updates] - [2362cd9c-de8c-45d2-8edb-14427ba3a1a2] Starting processing...
2025-04-22 15:29:04,722 - INFO - [process_upload_and_generate_updates] - [2362cd9c-de8c-45d2-8edb-14427ba3a1a2] Processing upload: User='testt', File='requirements.txt', TempPath='uploads_temp\2362cd9c-de8c-45d2-8edb-14427ba3a1a2_requirements.txt'
2025-04-22 15:29:04,722 - INFO - [process_upload_and_generate_updates] - [2362cd9c-de8c-45d2-8edb-14427ba3a1a2] Original temp file size: 207 bytes.
2025-04-22 15:29:04,722 - INFO - [_log] - 127.0.0.1 - - [22/Apr/2025 15:29:04] "GET /stream-progress/2362cd9c-de8c-45d2-8edb-14427ba3a1a2 HTTP/1.1" 200 -
2025-04-22 15:29:04,725 - INFO - [process_upload_and_generate_updates] - [2362cd9c-de8c-45d2-8edb-14427ba3a1a2] 'requirements.txt' is small. Compressing and sending as single file.
2025-04-22 15:29:04,742 - INFO - [process_upload_and_generate_updates] - [2362cd9c-de8c-45d2-8edb-14427ba3a1a2] Compressed 'requirements.txt' to 255 bytes.
2025-04-22 15:29:04,742 - INFO - [send_file_to_telegram] - Sending file 'requirements.txt.zip' to Telegram chat ID: -4603853425
2025-04-22 15:29:05,796 - INFO - [send_file_to_telegram] - Telegram API success for 'requirements.txt.zip'.
2025-04-22 15:29:05,796 - INFO - [process_upload_and_generate_updates] - [2362cd9c-de8c-45d2-8edb-14427ba3a1a2] Single file 'requirements.txt' sent successfully.
2025-04-22 15:29:05,799 - INFO - [load_metadata] - Successfully loaded metadata from 'metadata.json'.
2025-04-22 15:29:05,811 - INFO - [save_metadata] - Successfully saved metadata to 'metadata.json'.
2025-04-22 15:29:05,811 - INFO - [process_upload_and_generate_updates] - [2362cd9c-de8c-45d2-8edb-14427ba3a1a2] Generated landing page URL: http://127.0.0.1:5000/get/c0d5c5a466
2025-04-22 15:29:05,812 - INFO - [process_upload_and_generate_updates] - [2362cd9c-de8c-45d2-8edb-14427ba3a1a2] Entering final cleanup.
2025-04-22 15:29:05,813 - INFO - [process_upload_and_generate_updates] - [2362cd9c-de8c-45d2-8edb-14427ba3a1a2] Successfully deleted original temporary file: uploads_temp\2362cd9c-de8c-45d2-8edb-14427ba3a1a2_requirements.txt
2025-04-22 15:29:05,813 - INFO - [process_upload_and_generate_updates] - [2362cd9c-de8c-45d2-8edb-14427ba3a1a2] Processing finished with status: completed_metadata_error
2025-04-22 15:29:24,118 - INFO - [initiate_upload] - Received request to initiate upload.
2025-04-22 15:29:24,131 - INFO - [initiate_upload] - Saving temporary file for upload_id '6cfbf59a-0ec7-481e-8717-72d9a35baec9' to 'uploads_temp\6cfbf59a-0ec7-481e-8717-72d9a35baec9_Website (boodmo)-20250421T040727Z-001.zip'
2025-04-22 15:29:24,134 - INFO - [initiate_upload] - Temporary file saved successfully for 'Website (boodmo)-20250421T040727Z-001.zip' (ID: 6cfbf59a-0ec7-481e-8717-72d9a35baec9).
2025-04-22 15:29:24,137 - INFO - [_log] - 127.0.0.1 - - [22/Apr/2025 15:29:24] "POST /initiate-upload HTTP/1.1" 200 -
2025-04-22 15:29:24,143 - INFO - [stream_progress] - SSE connection request for upload_id: 6cfbf59a-0ec7-481e-8717-72d9a35baec9
2025-04-22 15:29:24,143 - INFO - [process_upload_and_generate_updates] - [6cfbf59a-0ec7-481e-8717-72d9a35baec9] Starting processing...
2025-04-22 15:29:24,144 - INFO - [process_upload_and_generate_updates] - [6cfbf59a-0ec7-481e-8717-72d9a35baec9] Processing upload: User='testt', File='Website (boodmo)-20250421T040727Z-001.zip', TempPath='uploads_temp\6cfbf59a-0ec7-481e-8717-72d9a35baec9_Website (boodmo)-20250421T040727Z-001.zip'
2025-04-22 15:29:24,144 - INFO - [process_upload_and_generate_updates] - [6cfbf59a-0ec7-481e-8717-72d9a35baec9] Original temp file size: 543189 bytes.
2025-04-22 15:29:24,145 - INFO - [_log] - 127.0.0.1 - - [22/Apr/2025 15:29:24] "GET /stream-progress/6cfbf59a-0ec7-481e-8717-72d9a35baec9 HTTP/1.1" 200 -
2025-04-22 15:29:24,145 - INFO - [process_upload_and_generate_updates] - [6cfbf59a-0ec7-481e-8717-72d9a35baec9] 'Website (boodmo)-20250421T040727Z-001.zip' is small. Compressing and sending as single file.
2025-04-22 15:29:24,186 - INFO - [process_upload_and_generate_updates] - [6cfbf59a-0ec7-481e-8717-72d9a35baec9] Compressed 'Website (boodmo)-20250421T040727Z-001.zip' to 531906 bytes.
2025-04-22 15:29:24,186 - INFO - [send_file_to_telegram] - Sending file 'Website (boodmo)-20250421T040727Z-001.zip.zip' to Telegram chat ID: -4603853425
2025-04-22 15:29:26,566 - INFO - [send_file_to_telegram] - Telegram API success for 'Website (boodmo)-20250421T040727Z-001.zip.zip'.
2025-04-22 15:29:26,567 - INFO - [process_upload_and_generate_updates] - [6cfbf59a-0ec7-481e-8717-72d9a35baec9] Single file 'Website (boodmo)-20250421T040727Z-001.zip' sent successfully.
2025-04-22 15:29:26,587 - INFO - [load_metadata] - Successfully loaded metadata from 'metadata.json'.
2025-04-22 15:29:26,599 - INFO - [save_metadata] - Successfully saved metadata to 'metadata.json'.
2025-04-22 15:29:26,599 - INFO - [process_upload_and_generate_updates] - [6cfbf59a-0ec7-481e-8717-72d9a35baec9] Generated landing page URL: http://127.0.0.1:5000/get/5ced91eeaa
2025-04-22 15:29:26,600 - INFO - [process_upload_and_generate_updates] - [6cfbf59a-0ec7-481e-8717-72d9a35baec9] Entering final cleanup.
2025-04-22 15:29:26,601 - INFO - [process_upload_and_generate_updates] - [6cfbf59a-0ec7-481e-8717-72d9a35baec9] Successfully deleted original temporary file: uploads_temp\6cfbf59a-0ec7-481e-8717-72d9a35baec9_Website (boodmo)-20250421T040727Z-001.zip
2025-04-22 15:29:26,601 - INFO - [process_upload_and_generate_updates] - [6cfbf59a-0ec7-481e-8717-72d9a35baec9] Processing finished with status: completed_metadata_error
2025-04-22 15:29:32,710 - INFO - [get_file_by_access_id] - Received request for access_id: 5ced91eeaa
2025-04-22 15:29:32,737 - INFO - [load_metadata] - Successfully loaded metadata from 'metadata.json'.
2025-04-22 15:29:32,737 - INFO - [get_file_by_access_id] - Found file 'Website (boodmo)-20250421T040727Z-001.zip' for user 'testt' with access_id '5ced91eeaa'. Rendering download page.
2025-04-22 15:29:32,817 - INFO - [_log] - 127.0.0.1 - - [22/Apr/2025 15:29:32] "GET /get/5ced91eeaa HTTP/1.1" 200 -
2025-04-22 15:29:35,396 - INFO - [direct_download_file] - [Direct DL:5ced91eeaa] Received direct download request.
2025-04-22 15:29:35,399 - INFO - [load_metadata] - Successfully loaded metadata from 'metadata.json'.
2025-04-22 15:29:35,399 - INFO - [direct_download_file] - [Direct DL:5ced91eeaa] Found file metadata for user 'testt'.
2025-04-22 15:29:35,399 - INFO - [direct_download_file] - [Direct DL:5ced91eeaa] Preparing to download 'Website (boodmo)-20250421T040727Z-001.zip'.
2025-04-22 15:29:35,400 - INFO - [direct_download_file] - [Direct DL:5ced91eeaa] Starting file preparation for 'Website (boodmo)-20250421T040727Z-001.zip'.
2025-04-22 15:29:35,400 - INFO - [direct_download_file] - [Direct DL:5ced91eeaa] Preparing non-split file.
2025-04-22 15:29:35,401 - INFO - [download_telegram_file_content] - Attempting to get download URL for file_id: BQACAgUAAxkDAAICZWgHaH48djfxVquatFn7QoIvugg4AAIQFwACYy9AVPcS_cLM8vrVNgQ
2025-04-22 15:29:36,952 - INFO - [download_telegram_file_content] - Obtained temporary download URL: https://api.telegram.org/file/bot7812479394:AAFrzOcHGKfc-1iOUbVEkptJkooaJrXHAxs/documents/file_338.zip
2025-04-22 15:29:36,952 - INFO - [download_telegram_file_content] - Attempting to download content from: https://api.telegram.org/file/bot7812479394:AAFrzOcHGKfc-1iOUbVEkptJkooaJrXHAxs/documents/file_338.zip
2025-04-22 15:29:38,095 - INFO - [download_telegram_file_content] - Successfully downloaded 531906 bytes for file_id BQACAgUAAxkDAAICZWgHaH48djfxVquatFn7QoIvugg4AAIQFwACYy9AVPcS_cLM8vrVNgQ.
2025-04-22 15:29:38,097 - INFO - [direct_download_file] - [Direct DL:5ced91eeaa] Decompressing single downloaded file...
2025-04-22 15:29:38,097 - INFO - [direct_download_file] - [Direct DL:5ced91eeaa] Decompression finished in 0.00s. Final file: E:\Telegram_tool\Telegram_Bot_Tool\uploads_temp\directDL_decomp_5ced91eeaa_9gw_p0zy.zip
2025-04-22 15:29:38,097 - INFO - [direct_download_file] - [Direct DL:5ced91eeaa] File preparation successful. Final file: 'E:\Telegram_tool\Telegram_Bot_Tool\uploads_temp\directDL_decomp_5ced91eeaa_9gw_p0zy.zip', Size: 543189 bytes. Prep time: 2.70s.
2025-04-22 15:29:38,097 - INFO - [direct_download_file] - [Direct DL:5ced91eeaa] Starting file stream for 'Website (boodmo)-20250421T040727Z-001.zip' from 'E:\Telegram_tool\Telegram_Bot_Tool\uploads_temp\directDL_decomp_5ced91eeaa_9gw_p0zy.zip'.
2025-04-22 15:29:38,111 - INFO - [direct_download_file] - [Direct DL:5ced91eeaa] Returning streaming response. Total request time (incl. prep): 2.71s.
2025-04-22 15:29:38,126 - INFO - [_log] - 127.0.0.1 - - [22/Apr/2025 15:29:38] "GET /download/5ced91eeaa HTTP/1.1" 200 -
2025-04-22 15:29:38,127 - INFO - [generate_file_chunks] - [Direct DL:5ced91eeaa] Finished streaming file content: E:\Telegram_tool\Telegram_Bot_Tool\uploads_temp\directDL_decomp_5ced91eeaa_9gw_p0zy.zip
2025-04-22 15:29:38,129 - INFO - [generate_file_chunks] - [Direct DL:5ced91eeaa] Generator cleaning up final temp file: E:\Telegram_tool\Telegram_Bot_Tool\uploads_temp\directDL_decomp_5ced91eeaa_9gw_p0zy.zip
2025-04-22 15:29:38,129 - INFO - [generate_file_chunks] - [Direct DL:5ced91eeaa] Successfully deleted final temp file via generator: E:\Telegram_tool\Telegram_Bot_Tool\uploads_temp\directDL_decomp_5ced91eeaa_9gw_p0zy.zip
2025-04-22 15:29:56,791 - INFO - [get_file_by_access_id] - Received request for access_id: 5ced91eeaa
2025-04-22 15:29:56,795 - INFO - [load_metadata] - Successfully loaded metadata from 'metadata.json'.
2025-04-22 15:29:56,799 - INFO - [get_file_by_access_id] - Found file 'Website (boodmo)-20250421T040727Z-001.zip' for user 'testt' with access_id '5ced91eeaa'. Rendering download page.
2025-04-22 15:29:56,802 - INFO - [_log] - 127.0.0.1 - - [22/Apr/2025 15:29:56] "GET /get/5ced91eeaa HTTP/1.1" 200 -
2025-04-22 15:29:58,491 - INFO - [direct_download_file] - [Direct DL:5ced91eeaa] Received direct download request.
2025-04-22 15:29:58,494 - INFO - [load_metadata] - Successfully loaded metadata from 'metadata.json'.
2025-04-22 15:29:58,494 - INFO - [direct_download_file] - [Direct DL:5ced91eeaa] Found file metadata for user 'testt'.
2025-04-22 15:29:58,494 - INFO - [direct_download_file] - [Direct DL:5ced91eeaa] Preparing to download 'Website (boodmo)-20250421T040727Z-001.zip'.
2025-04-22 15:29:58,495 - INFO - [direct_download_file] - [Direct DL:5ced91eeaa] Starting file preparation for 'Website (boodmo)-20250421T040727Z-001.zip'.
2025-04-22 15:29:58,495 - INFO - [direct_download_file] - [Direct DL:5ced91eeaa] Preparing non-split file.
2025-04-22 15:29:58,495 - INFO - [download_telegram_file_content] - Attempting to get download URL for file_id: BQACAgUAAxkDAAICZWgHaH48djfxVquatFn7QoIvugg4AAIQFwACYy9AVPcS_cLM8vrVNgQ
2025-04-22 15:29:58,988 - INFO - [download_telegram_file_content] - Obtained temporary download URL: https://api.telegram.org/file/bot7812479394:AAFrzOcHGKfc-1iOUbVEkptJkooaJrXHAxs/documents/file_338.zip
2025-04-22 15:29:58,988 - INFO - [download_telegram_file_content] - Attempting to download content from: https://api.telegram.org/file/bot7812479394:AAFrzOcHGKfc-1iOUbVEkptJkooaJrXHAxs/documents/file_338.zip
2025-04-22 15:30:00,109 - INFO - [download_telegram_file_content] - Successfully downloaded 531906 bytes for file_id BQACAgUAAxkDAAICZWgHaH48djfxVquatFn7QoIvugg4AAIQFwACYy9AVPcS_cLM8vrVNgQ.
2025-04-22 15:30:00,109 - INFO - [direct_download_file] - [Direct DL:5ced91eeaa] Decompressing single downloaded file...
2025-04-22 15:30:00,127 - INFO - [direct_download_file] - [Direct DL:5ced91eeaa] Decompression finished in 0.02s. Final file: E:\Telegram_tool\Telegram_Bot_Tool\uploads_temp\directDL_decomp_5ced91eeaa_5tqaq4y_.zip
2025-04-22 15:30:00,128 - INFO - [direct_download_file] - [Direct DL:5ced91eeaa] File preparation successful. Final file: 'E:\Telegram_tool\Telegram_Bot_Tool\uploads_temp\directDL_decomp_5ced91eeaa_5tqaq4y_.zip', Size: 543189 bytes. Prep time: 1.63s.
2025-04-22 15:30:00,129 - INFO - [direct_download_file] - [Direct DL:5ced91eeaa] Starting file stream for 'Website (boodmo)-20250421T040727Z-001.zip' from 'E:\Telegram_tool\Telegram_Bot_Tool\uploads_temp\directDL_decomp_5ced91eeaa_5tqaq4y_.zip'.
2025-04-22 15:30:00,130 - INFO - [direct_download_file] - [Direct DL:5ced91eeaa] Returning streaming response. Total request time (incl. prep): 1.64s.
2025-04-22 15:30:00,145 - INFO - [_log] - 127.0.0.1 - - [22/Apr/2025 15:30:00] "GET /download/5ced91eeaa HTTP/1.1" 200 -
2025-04-22 15:30:00,146 - INFO - [generate_file_chunks] - [Direct DL:5ced91eeaa] Finished streaming file content: E:\Telegram_tool\Telegram_Bot_Tool\uploads_temp\directDL_decomp_5ced91eeaa_5tqaq4y_.zip
2025-04-22 15:30:00,147 - INFO - [generate_file_chunks] - [Direct DL:5ced91eeaa] Generator cleaning up final temp file: E:\Telegram_tool\Telegram_Bot_Tool\uploads_temp\directDL_decomp_5ced91eeaa_5tqaq4y_.zip
2025-04-22 15:30:00,148 - INFO - [generate_file_chunks] - [Direct DL:5ced91eeaa] Successfully deleted final temp file via generator: E:\Telegram_tool\Telegram_Bot_Tool\uploads_temp\directDL_decomp_5ced91eeaa_5tqaq4y_.zip
2025-04-22 15:30:09,604 - INFO - [get_file_by_access_id] - Received request for access_id: 5ced91eeaa
2025-04-22 15:30:09,610 - INFO - [load_metadata] - Successfully loaded metadata from 'metadata.json'.
2025-04-22 15:30:09,611 - INFO - [get_file_by_access_id] - Found file 'Website (boodmo)-20250421T040727Z-001.zip' for user 'testt' with access_id '5ced91eeaa'. Rendering download page.
2025-04-22 15:30:09,613 - INFO - [_log] - 127.0.0.1 - - [22/Apr/2025 15:30:09] "GET /get/5ced91eeaa HTTP/1.1" 200 -
2025-04-22 15:30:11,619 - INFO - [direct_download_file] - [Direct DL:5ced91eeaa] Received direct download request.
2025-04-22 15:30:11,621 - INFO - [load_metadata] - Successfully loaded metadata from 'metadata.json'.
2025-04-22 15:30:11,621 - INFO - [direct_download_file] - [Direct DL:5ced91eeaa] Found file metadata for user 'testt'.
2025-04-22 15:30:11,622 - INFO - [direct_download_file] - [Direct DL:5ced91eeaa] Preparing to download 'Website (boodmo)-20250421T040727Z-001.zip'.
2025-04-22 15:30:11,622 - INFO - [direct_download_file] - [Direct DL:5ced91eeaa] Starting file preparation for 'Website (boodmo)-20250421T040727Z-001.zip'.
2025-04-22 15:30:11,622 - INFO - [direct_download_file] - [Direct DL:5ced91eeaa] Preparing non-split file.
2025-04-22 15:30:11,623 - INFO - [download_telegram_file_content] - Attempting to get download URL for file_id: BQACAgUAAxkDAAICZWgHaH48djfxVquatFn7QoIvugg4AAIQFwACYy9AVPcS_cLM8vrVNgQ
2025-04-22 15:30:12,100 - INFO - [download_telegram_file_content] - Obtained temporary download URL: https://api.telegram.org/file/bot7812479394:AAFrzOcHGKfc-1iOUbVEkptJkooaJrXHAxs/documents/file_338.zip
2025-04-22 15:30:12,113 - INFO - [download_telegram_file_content] - Attempting to download content from: https://api.telegram.org/file/bot7812479394:AAFrzOcHGKfc-1iOUbVEkptJkooaJrXHAxs/documents/file_338.zip
2025-04-22 15:30:13,263 - INFO - [download_telegram_file_content] - Successfully downloaded 531906 bytes for file_id BQACAgUAAxkDAAICZWgHaH48djfxVquatFn7QoIvugg4AAIQFwACYy9AVPcS_cLM8vrVNgQ.
2025-04-22 15:30:13,265 - INFO - [direct_download_file] - [Direct DL:5ced91eeaa] Decompressing single downloaded file...
2025-04-22 15:30:13,279 - INFO - [direct_download_file] - [Direct DL:5ced91eeaa] Decompression finished in 0.01s. Final file: E:\Telegram_tool\Telegram_Bot_Tool\uploads_temp\directDL_decomp_5ced91eeaa_9mhbh73y.zip
2025-04-22 15:30:13,281 - INFO - [direct_download_file] - [Direct DL:5ced91eeaa] File preparation successful. Final file: 'E:\Telegram_tool\Telegram_Bot_Tool\uploads_temp\directDL_decomp_5ced91eeaa_9mhbh73y.zip', Size: 543189 bytes. Prep time: 1.66s.
2025-04-22 15:30:13,282 - INFO - [direct_download_file] - [Direct DL:5ced91eeaa] Starting file stream for 'Website (boodmo)-20250421T040727Z-001.zip' from 'E:\Telegram_tool\Telegram_Bot_Tool\uploads_temp\directDL_decomp_5ced91eeaa_9mhbh73y.zip'.
2025-04-22 15:30:13,282 - INFO - [direct_download_file] - [Direct DL:5ced91eeaa] Returning streaming response. Total request time (incl. prep): 1.66s.
2025-04-22 15:30:13,306 - INFO - [_log] - 127.0.0.1 - - [22/Apr/2025 15:30:13] "GET /download/5ced91eeaa HTTP/1.1" 200 -
2025-04-22 15:30:13,307 - INFO - [generate_file_chunks] - [Direct DL:5ced91eeaa] Finished streaming file content: E:\Telegram_tool\Telegram_Bot_Tool\uploads_temp\directDL_decomp_5ced91eeaa_9mhbh73y.zip
2025-04-22 15:30:13,308 - INFO - [generate_file_chunks] - [Direct DL:5ced91eeaa] Generator cleaning up final temp file: E:\Telegram_tool\Telegram_Bot_Tool\uploads_temp\directDL_decomp_5ced91eeaa_9mhbh73y.zip
2025-04-22 15:30:13,309 - INFO - [generate_file_chunks] - [Direct DL:5ced91eeaa] Successfully deleted final temp file via generator: E:\Telegram_tool\Telegram_Bot_Tool\uploads_temp\directDL_decomp_5ced91eeaa_9mhbh73y.zip
