2025-05-02 11:14:53,811 - INFO - [MainThread] [<module>] - ============================================================
2025-05-02 11:14:53,812 - INFO - [MainThread] [<module>] - Logging configured. Level: INFO. Log file: Selenium-Logs\app_20250502_111453.log
2025-05-02 11:14:53,812 - INFO - [MainThread] [<module>] - Primary Chat ID: -4603853425
2025-05-02 11:14:53,812 - INFO - [MainThread] [<module>] - All Target Chat IDs: ['-4603853425', '-1002614397019', '-4641852757']
2025-05-02 11:14:53,814 - WARNING - [MainThread] [format_bytes] - Error formatting bytes (20971520): name 'math' is not defined
2025-05-02 11:14:53,814 - INFO - [MainThread] [<module>] - Chunk Size: 20971520 B (20971520 bytes)
2025-05-02 11:14:53,814 - INFO - [MainThread] [<module>] - API Timeouts (Connect/Read): 10s / 60s
2025-05-02 11:14:53,814 - INFO - [MainThread] [<module>] - API Retries: 3 attempts, 2s delay
2025-05-02 11:14:53,814 - INFO - [MainThread] [<module>] - Max Upload Workers: 5
2025-05-02 11:14:53,814 - INFO - [MainThread] [<module>] - Max Download Workers: 12
2025-05-02 11:14:53,814 - INFO - [MainThread] [<module>] - ============================================================
2025-05-02 11:14:53,814 - INFO - [MainThread] [<module>] - Configuration loaded successfully.
2025-05-02 11:14:53,814 - INFO - [MainThread] [<module>] - Custom Jinja filter 'format_bytes' registered.
2025-05-02 11:14:53,820 - INFO - [MainThread] [<module>] - Flask-CORS initialized. Allowing origins: http://localhost:4200
2025-05-02 11:14:53,820 - INFO - [MainThread] [<module>] - Flask application initialized.
2025-05-02 11:14:53,820 - INFO - [MainThread] [<module>] - Global state variables initialized (upload_progress_data, download_prep_data).
2025-05-02 11:14:53,822 - INFO - [MainThread] [<module>] - Custom Jinja filter 'format_bytes' registered.
2025-05-02 11:14:53,822 - INFO - [MainThread] [<module>] - Flask-CORS initialized. Allowing origins: http://localhost:4200
2025-05-02 11:14:53,823 - INFO - [MainThread] [<module>] - Flask application initialized.
2025-05-02 11:14:53,823 - INFO - [MainThread] [<module>] - Global state variables initialized (upload_progress_data, download_prep_data).
2025-05-02 11:14:53,995 - INFO - [MainThread] [<module>] - Database module initialized.
2025-05-02 11:14:54,527 - INFO - [MainThread] [<module>] - Initialized requests.Session for Telegram API calls.
2025-05-02 11:14:54,528 - INFO - [MainThread] [<module>] - Telegram API functions defined with Session and Retries.
2025-05-02 11:14:54,532 - INFO - [MainThread] [<module>] - Flask routes defined using configurable workers and linter fixes.
2025-05-02 11:14:54,534 - INFO - [MainThread] [<module>] - Starting Flask development server...
2025-05-02 11:14:54,557 - WARNING - [MainThread] [_log] -  * Debugger is active!
2025-05-02 11:14:54,561 - INFO - [MainThread] [_log] -  * Debugger PIN: 107-410-311
2025-05-02 11:15:06,629 - INFO - [Thread-2 (process_request_thread)] [show_register_page] - Serving registration page.
2025-05-02 11:15:06,750 - INFO - [Thread-2 (process_request_thread)] [_log] - 127.0.0.1 - - [02/May/2025 11:15:06] "GET /register?first_name=m&last_name=borad&email=mbo12@gmail.com&password=mbo@234&repeat_password=mbo@234&agree_terms=on&understand_privacy=on HTTP/1.1" 200 -
2025-05-02 11:15:07,453 - INFO - [Thread-3 (process_request_thread)] [show_register_page] - Serving registration page.
2025-05-02 11:15:07,453 - INFO - [Thread-3 (process_request_thread)] [_log] - 127.0.0.1 - - [02/May/2025 11:15:07] "GET /register?first_name=m&last_name=borad&email=mbo12@gmail.com&password=mbo@234&repeat_password=mbo@234&agree_terms=on&understand_privacy=on HTTP/1.1" 200 -
2025-05-02 11:15:07,646 - INFO - [Thread-4 (process_request_thread)] [show_register_page] - Serving registration page.
2025-05-02 11:15:07,647 - INFO - [Thread-4 (process_request_thread)] [_log] - 127.0.0.1 - - [02/May/2025 11:15:07] "GET /register?first_name=m&last_name=borad&email=mbo12@gmail.com&password=mbo@234&repeat_password=mbo@234&agree_terms=on&understand_privacy=on HTTP/1.1" 200 -
2025-05-02 11:15:07,952 - INFO - [Thread-5 (process_request_thread)] [show_register_page] - Serving registration page.
2025-05-02 11:15:07,952 - INFO - [Thread-5 (process_request_thread)] [_log] - 127.0.0.1 - - [02/May/2025 11:15:07] "GET /register?first_name=m&last_name=borad&email=mbo12@gmail.com&password=mbo@234&repeat_password=mbo@234&agree_terms=on&understand_privacy=on HTTP/1.1" 200 -
2025-05-02 11:15:24,297 - INFO - [Thread-6 (process_request_thread)] [register_user] - Received registration request.
2025-05-02 11:15:24,297 - INFO - [Thread-6 (process_request_thread)] [_connect_to_db] - Attempting to connect to MongoDB Atlas host: telegrambot.6armfs2.mongodb.net...
2025-05-02 11:15:24,999 - INFO - [Thread-6 (process_request_thread)] [_connect_to_db] - ✅ Successfully connected and pinged MongoDB Atlas!
2025-05-02 11:15:24,999 - INFO - [Thread-6 (process_request_thread)] [get_db] - Accessed database: Telegrambot
2025-05-02 11:15:25,000 - INFO - [Thread-6 (process_request_thread)] [get_userinfo_collection] - Accessed collection: userinfo
2025-05-02 11:15:25,015 - INFO - [Thread-6 (process_request_thread)] [find_user_by_email] - No user record found for email: mbo12@gmail.com
2025-05-02 11:15:25,959 - INFO - [Thread-6 (process_request_thread)] [save_user] - Successfully inserted new user with ID: 68145bf5005cc1745cd9b378
2025-05-02 11:15:25,959 - INFO - [Thread-6 (process_request_thread)] [register_user] - User 'mbo12@gmail.com' registered successfully.
2025-05-02 11:15:25,961 - INFO - [Thread-6 (process_request_thread)] [_log] - 127.0.0.1 - - [02/May/2025 11:15:25] "[35m[1mPOST /register HTTP/1.1[0m" 201 -
2025-05-02 11:16:34,507 - INFO - [Thread-7 (process_request_thread)] [register_user] - Received registration request.
2025-05-02 11:16:34,532 - INFO - [Thread-7 (process_request_thread)] [find_user_by_email] - Found user record for email: mbo12@gmail.com
2025-05-02 11:16:34,533 - WARNING - [Thread-7 (process_request_thread)] [register_user] - Registration failed: Email 'mbo12@gmail.com' already exists.
2025-05-02 11:16:34,535 - INFO - [Thread-7 (process_request_thread)] [_log] - 127.0.0.1 - - [02/May/2025 11:16:34] "[31m[1mPOST /register HTTP/1.1[0m" 409 -
2025-05-02 11:16:45,704 - INFO - [Thread-8 (process_request_thread)] [register_user] - Received registration request.
2025-05-02 11:16:45,724 - INFO - [Thread-8 (process_request_thread)] [find_user_by_email] - No user record found for email: ybo12@gmail.com
2025-05-02 11:16:46,577 - INFO - [Thread-8 (process_request_thread)] [save_user] - Successfully inserted new user with ID: 68145c46005cc1745cd9b379
2025-05-02 11:16:46,577 - INFO - [Thread-8 (process_request_thread)] [register_user] - User 'ybo12@gmail.com' registered successfully.
2025-05-02 11:16:46,577 - INFO - [Thread-8 (process_request_thread)] [_log] - 127.0.0.1 - - [02/May/2025 11:16:46] "[35m[1mPOST /register HTTP/1.1[0m" 201 -
