2025-05-01 09:52:23,329 - INFO - [MainThread] [<module>] - ============================================================
2025-05-01 09:52:23,330 - INFO - [MainThread] [<module>] - Logging configured. Level: INFO. Log file: Selenium-Logs\app_20250501_095223.log
2025-05-01 09:52:23,330 - INFO - [MainThread] [<module>] - Primary Chat ID: -4603853425
2025-05-01 09:52:23,330 - INFO - [MainThread] [<module>] - All Target Chat IDs: ['-4603853425']
2025-05-01 09:52:23,331 - WARNING - [MainThread] [format_bytes] - Error formatting bytes (20971520): name 'math' is not defined
2025-05-01 09:52:23,331 - INFO - [MainThread] [<module>] - Chunk Size: 20971520 B (20971520 bytes)
2025-05-01 09:52:23,331 - INFO - [MainThread] [<module>] - API Timeouts (Connect/Read): 10s / 60s
2025-05-01 09:52:23,332 - INFO - [MainThread] [<module>] - API Retries: 3 attempts, 2s delay
2025-05-01 09:52:23,333 - INFO - [MainThread] [<module>] - Max Upload Workers: 3
2025-05-01 09:52:23,333 - INFO - [MainThread] [<module>] - Max Download Workers: 12
2025-05-01 09:52:23,333 - INFO - [MainThread] [<module>] - ============================================================
2025-05-01 09:52:23,333 - INFO - [MainThread] [<module>] - Configuration loaded successfully.
2025-05-01 09:52:23,335 - INFO - [MainThread] [<module>] - Custom Jinja filter 'format_bytes' registered.
2025-05-01 09:52:23,335 - INFO - [MainThread] [<module>] - Flask-CORS initialized. Allowing origins: http://localhost:4200
2025-05-01 09:52:23,335 - INFO - [MainThread] [<module>] - Flask application initialized.
2025-05-01 09:52:23,336 - INFO - [MainThread] [<module>] - Global state variables initialized (upload_progress_data, download_prep_data).
2025-05-01 09:52:23,338 - INFO - [MainThread] [<module>] - Custom Jinja filter 'format_bytes' registered.
2025-05-01 09:52:23,339 - INFO - [MainThread] [<module>] - Flask-CORS initialized. Allowing origins: http://localhost:4200
2025-05-01 09:52:23,341 - INFO - [MainThread] [<module>] - Flask application initialized.
2025-05-01 09:52:23,341 - INFO - [MainThread] [<module>] - Global state variables initialized (upload_progress_data, download_prep_data).
2025-05-01 09:52:23,509 - INFO - [MainThread] [<module>] - Database module initialized.
2025-05-01 09:52:23,938 - INFO - [MainThread] [<module>] - Initialized requests.Session for Telegram API calls.
2025-05-01 09:52:23,940 - INFO - [MainThread] [<module>] - Telegram API functions defined with Session and Retries.
2025-05-01 09:52:23,945 - INFO - [MainThread] [<module>] - Flask routes defined using configurable workers and linter fixes.
2025-05-01 09:52:23,945 - INFO - [MainThread] [<module>] - Starting Flask development server...
2025-05-01 09:52:23,970 - WARNING - [MainThread] [_log] -  * Debugger is active!
2025-05-01 09:52:23,975 - INFO - [MainThread] [_log] -  * Debugger PIN: 107-410-311
2025-05-01 09:52:38,438 - INFO - [MainThread] [_log] -  * Detected change in 'E:\\Telegram_tool\\Telegram_Bot_Tool\\database.py', reloading
