2025-05-01 10:22:10,142 - INFO - [MainThread] [<module>] - ============================================================
2025-05-01 10:22:10,142 - INFO - [MainThread] [<module>] - Logging configured. Level: INFO. Log file: Selenium-Logs\app_20250501_102210.log
2025-05-01 10:22:10,143 - INFO - [MainThread] [<module>] - Primary Chat ID: -4603853425
2025-05-01 10:22:10,143 - INFO - [MainThread] [<module>] - All Target Chat IDs: ['-4603853425']
2025-05-01 10:22:10,144 - WARNING - [MainThread] [format_bytes] - Error formatting bytes (20971520): name 'math' is not defined
2025-05-01 10:22:10,144 - INFO - [MainThread] [<module>] - Chunk Size: 20971520 B (20971520 bytes)
2025-05-01 10:22:10,144 - INFO - [MainThread] [<module>] - API Timeouts (Connect/Read): 10s / 60s
2025-05-01 10:22:10,145 - INFO - [MainThread] [<module>] - API Retries: 3 attempts, 2s delay
2025-05-01 10:22:10,146 - INFO - [MainThread] [<module>] - Max Upload Workers: 3
2025-05-01 10:22:10,146 - INFO - [MainThread] [<module>] - Max Download Workers: 12
2025-05-01 10:22:10,146 - INFO - [MainThread] [<module>] - ============================================================
2025-05-01 10:22:10,147 - INFO - [MainThread] [<module>] - Configuration loaded successfully.
2025-05-01 10:22:10,148 - INFO - [MainThread] [<module>] - Custom Jinja filter 'format_bytes' registered.
2025-05-01 10:22:10,148 - INFO - [MainThread] [<module>] - Flask-CORS initialized. Allowing origins: http://localhost:4200
2025-05-01 10:22:10,148 - INFO - [MainThread] [<module>] - Flask application initialized.
2025-05-01 10:22:10,149 - INFO - [MainThread] [<module>] - Global state variables initialized (upload_progress_data, download_prep_data).
2025-05-01 10:22:10,150 - INFO - [MainThread] [<module>] - Custom Jinja filter 'format_bytes' registered.
2025-05-01 10:22:10,151 - INFO - [MainThread] [<module>] - Flask-CORS initialized. Allowing origins: http://localhost:4200
2025-05-01 10:22:10,151 - INFO - [MainThread] [<module>] - Flask application initialized.
2025-05-01 10:22:10,151 - INFO - [MainThread] [<module>] - Global state variables initialized (upload_progress_data, download_prep_data).
2025-05-01 10:22:10,311 - INFO - [MainThread] [<module>] - Database module initialized.
2025-05-01 10:22:10,749 - INFO - [MainThread] [<module>] - Initialized requests.Session for Telegram API calls.
2025-05-01 10:22:10,749 - INFO - [MainThread] [<module>] - Telegram API functions defined with Session and Retries.
2025-05-01 10:22:10,754 - INFO - [MainThread] [<module>] - Flask routes defined using configurable workers and linter fixes.
2025-05-01 10:22:10,754 - INFO - [MainThread] [<module>] - Starting Flask development server...
2025-05-01 10:22:10,775 - WARNING - [MainThread] [_log] -  * Debugger is active!
2025-05-01 10:22:10,781 - INFO - [MainThread] [_log] -  * Debugger PIN: 107-410-311
2025-05-01 10:22:13,339 - INFO - [Thread-3 (process_request_thread)] [index] - Serving index page.
2025-05-01 10:22:13,413 - INFO - [Thread-3 (process_request_thread)] [_log] - 127.0.0.1 - - [01/May/2025 10:22:13] "GET / HTTP/1.1" 200 -
2025-05-01 10:22:16,490 - INFO - [Thread-2 (process_request_thread)] [list_user_files] - List files request for: 'ELENA'
2025-05-01 10:22:16,490 - INFO - [Thread-2 (process_request_thread)] [list_user_files] - Fetching files for user 'ELENA' from DB...
2025-05-01 10:22:16,491 - INFO - [Thread-2 (process_request_thread)] [_connect_to_db] - Attempting to connect to MongoDB Atlas host: telegrambot.6armfs2.mongodb.net...
2025-05-01 10:22:17,330 - INFO - [Thread-2 (process_request_thread)] [_connect_to_db] - ✅ Successfully connected and pinged MongoDB Atlas!
2025-05-01 10:22:17,331 - INFO - [Thread-2 (process_request_thread)] [get_db] - Accessed database: Telegrambot
2025-05-01 10:22:17,332 - INFO - [Thread-2 (process_request_thread)] [get_metadata_collection] - Accessed collection: file_metadata
2025-05-01 10:22:17,351 - INFO - [Thread-2 (process_request_thread)] [find_metadata_by_username] - Found 1 metadata records for username: ELENA
2025-05-01 10:22:17,352 - INFO - [Thread-2 (process_request_thread)] [list_user_files] - Found 1 records for 'ELENA'.
2025-05-01 10:22:17,414 - INFO - [Thread-2 (process_request_thread)] [_log] - 127.0.0.1 - - [01/May/2025 10:22:17] "[35m[1mGET /files/ELENA HTTP/1.1[0m" 500 -
