2025-05-02 16:43:12,660 - INFO - [MainThread] [<module>] - ============================================================
2025-05-02 16:43:12,661 - INFO - [MainThread] [<module>] - Logging configured. Level: INFO. Log file: Selenium-Logs\app_20250502_164312.log
2025-05-02 16:43:12,662 - INFO - [MainThread] [<module>] - Primary Chat ID: -4603853425
2025-05-02 16:43:12,662 - INFO - [MainThread] [<module>] - All Target Chat IDs: ['-4603853425', '-1002614397019', '-4641852757']
2025-05-02 16:43:12,662 - INFO - [MainThread] [<module>] - Chunk Size: 20.0 MB (20971520 bytes)
2025-05-02 16:43:12,663 - INFO - [MainThread] [<module>] - API Timeouts (Connect/Read): 10s / 60s
2025-05-02 16:43:12,663 - INFO - [MainThread] [<module>] - API Retries: 3 attempts, 2s delay
2025-05-02 16:43:12,664 - INFO - [MainThread] [<module>] - Max Upload Workers: 5
2025-05-02 16:43:12,664 - INFO - [MainThread] [<module>] - Max Download Workers: 12
2025-05-02 16:43:12,665 - INFO - [MainThread] [<module>] - ============================================================
2025-05-02 16:43:12,665 - INFO - [MainThread] [<module>] - Configuration loaded successfully.
2025-05-02 16:43:12,666 - INFO - [MainThread] [<module>] - Custom Jinja filter 'format_bytes' registered.
2025-05-02 16:43:12,666 - INFO - [MainThread] [<module>] - Flask-CORS initialized. Allowing origins: *
2025-05-02 16:43:12,667 - INFO - [MainThread] [<module>] - Flask application initialized.
2025-05-02 16:43:12,667 - INFO - [MainThread] [<module>] - Global state variables initialized (upload_progress_data, download_prep_data).
2025-05-02 16:43:12,669 - INFO - [MainThread] [<module>] - Custom Jinja filter 'format_bytes' registered.
2025-05-02 16:43:12,669 - INFO - [MainThread] [<module>] - Flask-CORS initialized. Allowing origins: *
2025-05-02 16:43:12,669 - INFO - [MainThread] [<module>] - Flask application initialized.
2025-05-02 16:43:12,670 - INFO - [MainThread] [<module>] - Global state variables initialized (upload_progress_data, download_prep_data).
2025-05-02 16:43:12,900 - INFO - [MainThread] [<module>] - Database module initialized.
2025-05-02 16:43:13,333 - INFO - [MainThread] [<module>] - Initialized requests.Session for Telegram API calls.
2025-05-02 16:43:13,333 - INFO - [MainThread] [<module>] - Telegram API functions defined with Session and Retries.
2025-05-02 16:43:13,338 - INFO - [MainThread] [<module>] - Flask routes defined using configurable workers and linter fixes.
2025-05-02 16:43:13,339 - INFO - [MainThread] [<module>] - Starting Flask development server...
2025-05-02 16:43:13,360 - WARNING - [MainThread] [_log] -  * Debugger is active!
2025-05-02 16:43:13,365 - INFO - [MainThread] [_log] -  * Debugger PIN: 107-410-311
2025-05-02 16:43:25,827 - INFO - [Thread-2 (process_request_thread)] [_log] - 192.168.1.19 - - [02/May/2025 16:43:25] "OPTIONS /register HTTP/1.1" 200 -
2025-05-02 16:43:25,831 - INFO - [Thread-3 (process_request_thread)] [register_user] - Received registration request.
2025-05-02 16:43:25,831 - INFO - [Thread-3 (process_request_thread)] [_log] - 192.168.1.19 - - [02/May/2025 16:43:25] "[31m[1mPOST /register HTTP/1.1[0m" 400 -
2025-05-02 16:52:06,384 - INFO - [Thread-4 (process_request_thread)] [_log] - 192.168.1.19 - - [02/May/2025 16:52:06] "OPTIONS /register HTTP/1.1" 200 -
2025-05-02 16:52:06,389 - INFO - [Thread-5 (process_request_thread)] [register_user] - Received registration request.
2025-05-02 16:52:06,390 - INFO - [Thread-5 (process_request_thread)] [_connect_to_db] - Attempting to connect to MongoDB Atlas host: telegrambot.6armfs2.mongodb.net...
2025-05-02 16:52:07,164 - INFO - [Thread-5 (process_request_thread)] [_connect_to_db] - ✅ Successfully connected and pinged MongoDB Atlas!
2025-05-02 16:52:07,165 - INFO - [Thread-5 (process_request_thread)] [get_db] - Accessed database: Telegrambot
2025-05-02 16:52:07,166 - INFO - [Thread-5 (process_request_thread)] [get_userinfo_collection] - Accessed collection: userinfo
2025-05-02 16:52:07,192 - INFO - [Thread-5 (process_request_thread)] [find_user_by_email] - No user record found for email: jvora@gmail.com
2025-05-02 16:52:08,076 - INFO - [Thread-5 (process_request_thread)] [save_user] - Successfully inserted new user with ID: 6814aae0d946cc7b2ebd98c8
2025-05-02 16:52:08,077 - INFO - [Thread-5 (process_request_thread)] [_log] - 192.168.1.19 - - [02/May/2025 16:52:08] "[35m[1mPOST /register HTTP/1.1[0m" 201 -
