2025-05-05 17:36:34,417 - INFO - [MainThread] [<module>] - ============================================================
2025-05-05 17:36:34,417 - INFO - [MainThread] [<module>] - Logging configured. Level: INFO. Log file: Selenium-Logs\app_20250505_173634.log
2025-05-05 17:36:34,417 - INFO - [MainThread] [<module>] - Primary Chat ID: -4603853425
2025-05-05 17:36:34,417 - INFO - [MainThread] [<module>] - All Target Chat IDs: ['-4603853425', '-1002614397019', '-4641852757']
2025-05-05 17:36:34,417 - INFO - [MainThread] [<module>] - Chunk Size: 20.0 MB (20971520 bytes)
2025-05-05 17:36:34,417 - INFO - [MainThread] [<module>] - API Timeouts (Connect/Read): 10s / 60s
2025-05-05 17:36:34,417 - INFO - [MainThread] [<module>] - API Retries: 3 attempts, 2s delay
2025-05-05 17:36:34,417 - INFO - [MainThread] [<module>] - Max Upload Workers: 5
2025-05-05 17:36:34,417 - INFO - [MainThread] [<module>] - Max Download Workers: 12
2025-05-05 17:36:34,417 - INFO - [MainThread] [<module>] - ============================================================
2025-05-05 17:36:34,417 - INFO - [MainThread] [<module>] - Configuration loaded successfully.
2025-05-05 17:36:34,435 - INFO - [MainThread] [<module>] - Custom Jinja filter 'format_bytes' registered.
2025-05-05 17:36:34,435 - INFO - [MainThread] [<module>] - Flask-CORS initialized. Allowing origins: *
2025-05-05 17:36:34,436 - INFO - [MainThread] [<module>] - Flask application initialized.
2025-05-05 17:36:34,436 - INFO - [MainThread] [<module>] - Flask-Login initialized.
2025-05-05 17:36:34,436 - INFO - [MainThread] [<module>] - Global state variables initialized (upload_progress_data, download_prep_data).
2025-05-05 17:36:34,438 - INFO - [MainThread] [<module>] - Custom Jinja filter 'format_bytes' registered.
2025-05-05 17:36:34,438 - INFO - [MainThread] [<module>] - Flask-CORS initialized. Allowing origins: *
2025-05-05 17:36:34,439 - INFO - [MainThread] [<module>] - Flask application initialized.
2025-05-05 17:36:34,439 - INFO - [MainThread] [<module>] - Flask-Login initialized.
2025-05-05 17:36:34,439 - INFO - [MainThread] [<module>] - Global state variables initialized (upload_progress_data, download_prep_data).
2025-05-05 17:36:34,582 - INFO - [MainThread] [<module>] - Database module initialized.
2025-05-05 17:36:35,048 - INFO - [MainThread] [<module>] - Initialized requests.Session for Telegram API calls.
2025-05-05 17:36:35,048 - INFO - [MainThread] [<module>] - Telegram API functions defined with Session and Retries.
2025-05-05 17:36:35,048 - INFO - [MainThread] [<module>] - Starting Flask development server...
2025-05-05 17:36:35,072 - WARNING - [MainThread] [_log] -  * Debugger is active!
2025-05-05 17:36:35,075 - INFO - [MainThread] [_log] -  * Debugger PIN: 107-410-311
2025-05-05 17:36:40,122 - INFO - [Thread-2 (process_request_thread)] [index] - Serving index page.
2025-05-05 17:36:40,173 - INFO - [Thread-2 (process_request_thread)] [_connect_to_db] - Attempting to connect to MongoDB Atlas host: telegrambot.6armfs2.mongodb.net...
2025-05-05 17:36:41,153 - INFO - [Thread-2 (process_request_thread)] [_connect_to_db] - ✅ Successfully connected and pinged MongoDB Atlas!
2025-05-05 17:36:41,153 - INFO - [Thread-2 (process_request_thread)] [get_db] - Accessed database: Telegrambot
2025-05-05 17:36:41,153 - INFO - [Thread-2 (process_request_thread)] [get_userinfo_collection] - Accessed collection: userinfo
2025-05-05 17:36:41,201 - INFO - [Thread-2 (process_request_thread)] [_log] - 127.0.0.1 - - [05/May/2025 17:36:41] "GET / HTTP/1.1" 200 -
2025-05-05 17:36:41,268 - INFO - [Thread-3 (process_request_thread)] [list_files] - List files request for logged-in user: 'gredy@gmail.com'
2025-05-05 17:36:41,269 - INFO - [Thread-3 (process_request_thread)] [get_metadata_collection] - Accessed collection: user_files
2025-05-05 17:36:41,305 - INFO - [Thread-3 (process_request_thread)] [find_metadata_by_email] - Found 0 metadata records for email: gredy@gmail.com
2025-05-05 17:36:41,307 - INFO - [Thread-3 (process_request_thread)] [list_files] - Found 0 records for 'gredy@gmail.com'.
2025-05-05 17:36:41,308 - INFO - [Thread-3 (process_request_thread)] [_log] - 127.0.0.1 - - [05/May/2025 17:36:41] "GET /files HTTP/1.1" 200 -
2025-05-05 17:36:45,720 - INFO - [Thread-4 (process_request_thread)] [logout] - User gredy@gmail.com logged out.
2025-05-05 17:36:45,720 - INFO - [Thread-4 (process_request_thread)] [_log] - 127.0.0.1 - - [05/May/2025 17:36:45] "[32mGET /logout HTTP/1.1[0m" 302 -
2025-05-05 17:36:46,012 - INFO - [Thread-5 (process_request_thread)] [_log] - 127.0.0.1 - - [05/May/2025 17:36:46] "GET /login HTTP/1.1" 200 -
2025-05-05 17:36:59,235 - INFO - [Thread-6 (process_request_thread)] [login] - Login attempt for email: gredy@gmail.com
2025-05-05 17:36:59,275 - INFO - [Thread-6 (process_request_thread)] [find_user_by_email] - Found user record for email: gredy@gmail.com
2025-05-05 17:36:59,801 - INFO - [Thread-6 (process_request_thread)] [login] - User 'Gredy' (gredy@gmail.com) logged in successfully.
2025-05-05 17:36:59,802 - INFO - [Thread-6 (process_request_thread)] [_log] - 127.0.0.1 - - [05/May/2025 17:36:59] "[32mPOST /login HTTP/1.1[0m" 302 -
2025-05-05 17:36:59,806 - INFO - [Thread-7 (process_request_thread)] [index] - Serving index page.
2025-05-05 17:36:59,840 - INFO - [Thread-7 (process_request_thread)] [_log] - 127.0.0.1 - - [05/May/2025 17:36:59] "GET / HTTP/1.1" 200 -
2025-05-05 17:36:59,893 - INFO - [Thread-8 (process_request_thread)] [list_files] - List files request for logged-in user: 'gredy@gmail.com'
2025-05-05 17:36:59,928 - INFO - [Thread-8 (process_request_thread)] [find_metadata_by_email] - Found 0 metadata records for email: gredy@gmail.com
2025-05-05 17:36:59,928 - INFO - [Thread-8 (process_request_thread)] [list_files] - Found 0 records for 'gredy@gmail.com'.
2025-05-05 17:36:59,929 - INFO - [Thread-8 (process_request_thread)] [_log] - 127.0.0.1 - - [05/May/2025 17:36:59] "GET /files HTTP/1.1" 200 -
2025-05-05 17:37:04,805 - INFO - [Thread-9 (process_request_thread)] [list_files] - List files request for logged-in user: 'gredy@gmail.com'
2025-05-05 17:37:04,841 - INFO - [Thread-9 (process_request_thread)] [find_metadata_by_email] - Found 0 metadata records for email: gredy@gmail.com
2025-05-05 17:37:04,842 - INFO - [Thread-9 (process_request_thread)] [list_files] - Found 0 records for 'gredy@gmail.com'.
2025-05-05 17:37:04,843 - INFO - [Thread-9 (process_request_thread)] [_log] - 127.0.0.1 - - [05/May/2025 17:37:04] "GET /files HTTP/1.1" 200 -
2025-05-05 17:37:06,083 - INFO - [Thread-10 (process_request_thread)] [list_files] - List files request for logged-in user: 'gredy@gmail.com'
2025-05-05 17:37:06,110 - INFO - [Thread-10 (process_request_thread)] [find_metadata_by_email] - Found 0 metadata records for email: gredy@gmail.com
2025-05-05 17:37:06,110 - INFO - [Thread-10 (process_request_thread)] [list_files] - Found 0 records for 'gredy@gmail.com'.
2025-05-05 17:37:06,110 - INFO - [Thread-10 (process_request_thread)] [_log] - 127.0.0.1 - - [05/May/2025 17:37:06] "GET /files HTTP/1.1" 200 -
2025-05-05 17:37:06,993 - INFO - [Thread-11 (process_request_thread)] [list_files] - List files request for logged-in user: 'gredy@gmail.com'
2025-05-05 17:37:07,023 - INFO - [Thread-11 (process_request_thread)] [find_metadata_by_email] - Found 0 metadata records for email: gredy@gmail.com
2025-05-05 17:37:07,028 - INFO - [Thread-11 (process_request_thread)] [list_files] - Found 0 records for 'gredy@gmail.com'.
2025-05-05 17:37:07,029 - INFO - [Thread-11 (process_request_thread)] [_log] - 127.0.0.1 - - [05/May/2025 17:37:07] "GET /files HTTP/1.1" 200 -
2025-05-05 17:37:07,251 - INFO - [Thread-12 (process_request_thread)] [list_files] - List files request for logged-in user: 'gredy@gmail.com'
2025-05-05 17:37:07,281 - INFO - [Thread-12 (process_request_thread)] [find_metadata_by_email] - Found 0 metadata records for email: gredy@gmail.com
2025-05-05 17:37:07,281 - INFO - [Thread-12 (process_request_thread)] [list_files] - Found 0 records for 'gredy@gmail.com'.
2025-05-05 17:37:07,281 - INFO - [Thread-12 (process_request_thread)] [_log] - 127.0.0.1 - - [05/May/2025 17:37:07] "GET /files HTTP/1.1" 200 -
2025-05-05 17:37:07,383 - INFO - [Thread-13 (process_request_thread)] [list_files] - List files request for logged-in user: 'gredy@gmail.com'
2025-05-05 17:37:07,421 - INFO - [Thread-13 (process_request_thread)] [find_metadata_by_email] - Found 0 metadata records for email: gredy@gmail.com
2025-05-05 17:37:07,421 - INFO - [Thread-13 (process_request_thread)] [list_files] - Found 0 records for 'gredy@gmail.com'.
2025-05-05 17:37:07,422 - INFO - [Thread-13 (process_request_thread)] [_log] - 127.0.0.1 - - [05/May/2025 17:37:07] "GET /files HTTP/1.1" 200 -
2025-05-05 17:37:07,633 - INFO - [Thread-14 (process_request_thread)] [list_files] - List files request for logged-in user: 'gredy@gmail.com'
2025-05-05 17:37:07,665 - INFO - [Thread-14 (process_request_thread)] [find_metadata_by_email] - Found 0 metadata records for email: gredy@gmail.com
2025-05-05 17:37:07,665 - INFO - [Thread-14 (process_request_thread)] [list_files] - Found 0 records for 'gredy@gmail.com'.
2025-05-05 17:37:07,665 - INFO - [Thread-14 (process_request_thread)] [_log] - 127.0.0.1 - - [05/May/2025 17:37:07] "GET /files HTTP/1.1" 200 -
2025-05-05 17:37:07,764 - INFO - [Thread-15 (process_request_thread)] [list_files] - List files request for logged-in user: 'gredy@gmail.com'
2025-05-05 17:37:07,798 - INFO - [Thread-15 (process_request_thread)] [find_metadata_by_email] - Found 0 metadata records for email: gredy@gmail.com
2025-05-05 17:37:07,799 - INFO - [Thread-15 (process_request_thread)] [list_files] - Found 0 records for 'gredy@gmail.com'.
2025-05-05 17:37:07,799 - INFO - [Thread-15 (process_request_thread)] [_log] - 127.0.0.1 - - [05/May/2025 17:37:07] "GET /files HTTP/1.1" 200 -
2025-05-05 17:37:08,006 - INFO - [Thread-16 (process_request_thread)] [list_files] - List files request for logged-in user: 'gredy@gmail.com'
2025-05-05 17:37:08,034 - INFO - [Thread-16 (process_request_thread)] [find_metadata_by_email] - Found 0 metadata records for email: gredy@gmail.com
2025-05-05 17:37:08,046 - INFO - [Thread-16 (process_request_thread)] [list_files] - Found 0 records for 'gredy@gmail.com'.
2025-05-05 17:37:08,048 - INFO - [Thread-16 (process_request_thread)] [_log] - 127.0.0.1 - - [05/May/2025 17:37:08] "GET /files HTTP/1.1" 200 -
2025-05-05 17:37:08,143 - INFO - [Thread-17 (process_request_thread)] [list_files] - List files request for logged-in user: 'gredy@gmail.com'
2025-05-05 17:37:08,177 - INFO - [Thread-17 (process_request_thread)] [find_metadata_by_email] - Found 0 metadata records for email: gredy@gmail.com
2025-05-05 17:37:08,177 - INFO - [Thread-17 (process_request_thread)] [list_files] - Found 0 records for 'gredy@gmail.com'.
2025-05-05 17:37:08,181 - INFO - [Thread-17 (process_request_thread)] [_log] - 127.0.0.1 - - [05/May/2025 17:37:08] "GET /files HTTP/1.1" 200 -
2025-05-05 17:37:10,212 - INFO - [Thread-19 (process_request_thread)] [initiate_upload] - Request initiate upload.
2025-05-05 17:37:10,212 - INFO - [Thread-19 (process_request_thread)] [initiate_upload] - [9746fe11-e392-4b48-9cae-a83ae0638964] Anonymous upload initiated.
2025-05-05 17:37:10,212 - INFO - [Thread-19 (process_request_thread)] [initiate_upload] - [9746fe11-e392-4b48-9cae-a83ae0638964] Temp storage path: uploads_temp\9746fe11-e392-4b48-9cae-a83ae0638964_transfernow-enterprise-send.webp
2025-05-05 17:37:10,212 - INFO - [Thread-19 (process_request_thread)] [initiate_upload] - [9746fe11-e392-4b48-9cae-a83ae0638964] Temp file saved: 'transfernow-enterprise-send.webp'.
2025-05-05 17:37:10,226 - INFO - [Thread-19 (process_request_thread)] [_log] - 192.168.1.20 - - [05/May/2025 17:37:10] "POST /initiate-upload HTTP/1.1" 200 -
2025-05-05 17:37:14,209 - INFO - [Thread-18 (process_request_thread)] [initiate_upload] - Request initiate upload.
2025-05-05 17:37:14,244 - INFO - [Thread-18 (process_request_thread)] [initiate_upload] - [e211d829-9a30-4b43-8f41-6ee960007e71] Authenticated upload initiated by user: Email='gredy@gmail.com', Username='Gredy'
2025-05-05 17:37:14,244 - INFO - [Thread-18 (process_request_thread)] [initiate_upload] - [e211d829-9a30-4b43-8f41-6ee960007e71] Temp storage path: uploads_temp\e211d829-9a30-4b43-8f41-6ee960007e71_auth.txt
2025-05-05 17:37:14,245 - INFO - [Thread-18 (process_request_thread)] [initiate_upload] - [e211d829-9a30-4b43-8f41-6ee960007e71] Temp file saved: 'auth.txt'.
2025-05-05 17:37:14,246 - INFO - [Thread-18 (process_request_thread)] [_log] - 127.0.0.1 - - [05/May/2025 17:37:14] "POST /initiate-upload HTTP/1.1" 200 -
2025-05-05 17:37:14,554 - INFO - [Thread-20 (process_request_thread)] [stream_progress] - SSE connect request for upload_id: e211d829-9a30-4b43-8f41-6ee960007e71
2025-05-05 17:37:14,556 - INFO - [Thread-20 (process_request_thread)] [process_upload_and_generate_updates] - [e211d829-9a30-4b43-8f41-6ee960007e71] Starting processing generator...
2025-05-05 17:37:14,556 - INFO - [Thread-20 (process_request_thread)] [process_upload_and_generate_updates] - [e211d829-9a30-4b43-8f41-6ee960007e71] Processing: User='Gredy', File='auth.txt'
2025-05-05 17:37:14,557 - INFO - [Thread-20 (process_request_thread)] [process_upload_and_generate_updates] - [e211d829-9a30-4b43-8f41-6ee960007e71] Initialized Upload Executor (max=5)
2025-05-05 17:37:14,559 - INFO - [Thread-20 (process_request_thread)] [_log] - 127.0.0.1 - - [05/May/2025 17:37:14] "GET /stream-progress/e211d829-9a30-4b43-8f41-6ee960007e71 HTTP/1.1" 200 -
2025-05-05 17:37:14,560 - INFO - [Thread-20 (process_request_thread)] [process_upload_and_generate_updates] - [e211d829-9a30-4b43-8f41-6ee960007e71] Access ID: 2827d2639d
2025-05-05 17:37:14,562 - INFO - [Thread-20 (process_request_thread)] [process_upload_and_generate_updates] - [e211d829-9a30-4b43-8f41-6ee960007e71] Single file workflow.
2025-05-05 17:37:14,567 - INFO - [Thread-20 (process_request_thread)] [process_upload_and_generate_updates] - [e211d829-9a30-4b43-8f41-6ee960007e71] Compressed size: 172
2025-05-05 17:37:14,571 - INFO - [Upload_e211_0] [_send_single_file_task] - [e211d829-9a30-4b43-8f41-6ee960007e71] T> Sending 'auth.zip' (172b) to -4603853425
2025-05-05 17:37:14,572 - INFO - [Upload_e211_0] [send_file_to_telegram] - [ChatID -4603853425, File 'auth.zip'] Attempting send.
2025-05-05 17:37:14,572 - INFO - [Upload_e211_1] [_send_single_file_task] - [e211d829-9a30-4b43-8f41-6ee960007e71] T> Sending 'auth.zip' (172b) to -1002614397019
2025-05-05 17:37:14,578 - INFO - [Upload_e211_2] [_send_single_file_task] - [e211d829-9a30-4b43-8f41-6ee960007e71] T> Sending 'auth.zip' (172b) to -4641852757
2025-05-05 17:37:14,578 - INFO - [Thread-20 (process_request_thread)] [process_upload_and_generate_updates] - [e211d829-9a30-4b43-8f41-6ee960007e71] Submitted 3 single-file tasks.
2025-05-05 17:37:14,579 - INFO - [Upload_e211_1] [send_file_to_telegram] - [ChatID -1002614397019, File 'auth.zip'] Attempting send.
2025-05-05 17:37:14,583 - INFO - [Upload_e211_2] [send_file_to_telegram] - [ChatID -4641852757, File 'auth.zip'] Attempting send.
2025-05-05 17:37:14,584 - INFO - [Thread-20 (process_request_thread)] [process_upload_and_generate_updates] - [e211d829-9a30-4b43-8f41-6ee960007e71] Wait primary (-4603853425)...
2025-05-05 17:37:15,584 - INFO - [Upload_e211_1] [send_file_to_telegram] - [ChatID -1002614397019, File 'auth.zip'] API success (Attempt 1).
2025-05-05 17:37:15,584 - INFO - [Upload_e211_1] [_send_single_file_task] - [e211d829-9a30-4b43-8f41-6ee960007e71] T> Sent 'auth.zip' to -1002614397019. Success: True
2025-05-05 17:37:15,600 - INFO - [Upload_e211_2] [send_file_to_telegram] - [ChatID -4641852757, File 'auth.zip'] API success (Attempt 1).
2025-05-05 17:37:15,602 - INFO - [Upload_e211_0] [send_file_to_telegram] - [ChatID -4603853425, File 'auth.zip'] API success (Attempt 1).
2025-05-05 17:37:15,603 - INFO - [Upload_e211_2] [_send_single_file_task] - [e211d829-9a30-4b43-8f41-6ee960007e71] T> Sent 'auth.zip' to -4641852757. Success: True
2025-05-05 17:37:15,604 - INFO - [Upload_e211_0] [_send_single_file_task] - [e211d829-9a30-4b43-8f41-6ee960007e71] T> Sent 'auth.zip' to -4603853425. Success: True
2025-05-05 17:37:15,606 - INFO - [Thread-20 (process_request_thread)] [process_upload_and_generate_updates] - [e211d829-9a30-4b43-8f41-6ee960007e71] Primary done. OK:True
2025-05-05 17:37:15,606 - INFO - [Thread-20 (process_request_thread)] [process_upload_and_generate_updates] - [e211d829-9a30-4b43-8f41-6ee960007e71] Wait backups...
2025-05-05 17:37:15,607 - INFO - [Thread-20 (process_request_thread)] [process_upload_and_generate_updates] - [e211d829-9a30-4b43-8f41-6ee960007e71] Single sends done in 1.04s.
2025-05-05 17:37:15,608 - INFO - [Thread-20 (process_request_thread)] [process_upload_and_generate_updates] - [e211d829-9a30-4b43-8f41-6ee960007e71] Success: 3/3
2025-05-05 17:37:15,608 - INFO - [Thread-20 (process_request_thread)] [process_upload_and_generate_updates] - [e211d829-9a30-4b43-8f41-6ee960007e71] Attempting to save metadata to DB...
2025-05-05 17:37:15,643 - INFO - [Thread-20 (process_request_thread)] [save_file_metadata] - Successfully inserted metadata for access_id: 2827d2639d
2025-05-05 17:37:15,643 - INFO - [Thread-20 (process_request_thread)] [process_upload_and_generate_updates] - [e211d829-9a30-4b43-8f41-6ee960007e71] Metadata successfully saved to DB. Msg: Metadata inserted (ID: 6818a9f41969d4a304aed182).
2025-05-05 17:37:15,643 - INFO - [Thread-20 (process_request_thread)] [process_upload_and_generate_updates] - [e211d829-9a30-4b43-8f41-6ee960007e71] Upload generator cleanup.
2025-05-05 17:37:15,643 - INFO - [Thread-20 (process_request_thread)] [process_upload_and_generate_updates] - [e211d829-9a30-4b43-8f41-6ee960007e71] Upload executor shutdown.
2025-05-05 17:37:15,655 - INFO - [Thread-20 (process_request_thread)] [_safe_remove_file] - [e211d829-9a30-4b43-8f41-6ee960007e71] Cleaned up original temp: uploads_temp\e211d829-9a30-4b43-8f41-6ee960007e71_auth.txt
2025-05-05 17:37:15,657 - INFO - [Thread-20 (process_request_thread)] [process_upload_and_generate_updates] - [e211d829-9a30-4b43-8f41-6ee960007e71] Upload generator finished. Status: completed
2025-05-05 17:37:15,688 - INFO - [Thread-21 (process_request_thread)] [list_files] - List files request for logged-in user: 'gredy@gmail.com'
2025-05-05 17:37:15,710 - INFO - [Thread-21 (process_request_thread)] [find_metadata_by_email] - Found 0 metadata records for email: gredy@gmail.com
2025-05-05 17:37:15,710 - INFO - [Thread-21 (process_request_thread)] [list_files] - Found 0 records for 'gredy@gmail.com'.
2025-05-05 17:37:15,721 - INFO - [Thread-21 (process_request_thread)] [_log] - 127.0.0.1 - - [05/May/2025 17:37:15] "GET /files HTTP/1.1" 200 -
2025-05-05 17:37:21,307 - INFO - [Thread-22 (process_request_thread)] [list_files] - List files request for logged-in user: 'gredy@gmail.com'
2025-05-05 17:37:21,341 - INFO - [Thread-22 (process_request_thread)] [find_metadata_by_email] - Found 0 metadata records for email: gredy@gmail.com
2025-05-05 17:37:21,341 - INFO - [Thread-22 (process_request_thread)] [list_files] - Found 0 records for 'gredy@gmail.com'.
2025-05-05 17:37:21,342 - INFO - [Thread-22 (process_request_thread)] [_log] - 127.0.0.1 - - [05/May/2025 17:37:21] "GET /files HTTP/1.1" 200 -
2025-05-05 17:37:22,256 - INFO - [Thread-23 (process_request_thread)] [list_files] - List files request for logged-in user: 'gredy@gmail.com'
2025-05-05 17:37:22,283 - INFO - [Thread-23 (process_request_thread)] [find_metadata_by_email] - Found 0 metadata records for email: gredy@gmail.com
2025-05-05 17:37:22,283 - INFO - [Thread-23 (process_request_thread)] [list_files] - Found 0 records for 'gredy@gmail.com'.
2025-05-05 17:37:22,299 - INFO - [Thread-23 (process_request_thread)] [_log] - 127.0.0.1 - - [05/May/2025 17:37:22] "GET /files HTTP/1.1" 200 -
2025-05-05 17:37:23,152 - INFO - [Thread-24 (process_request_thread)] [list_files] - List files request for logged-in user: 'gredy@gmail.com'
2025-05-05 17:37:23,188 - INFO - [Thread-24 (process_request_thread)] [find_metadata_by_email] - Found 0 metadata records for email: gredy@gmail.com
2025-05-05 17:37:23,188 - INFO - [Thread-24 (process_request_thread)] [list_files] - Found 0 records for 'gredy@gmail.com'.
2025-05-05 17:37:23,188 - INFO - [Thread-24 (process_request_thread)] [_log] - 127.0.0.1 - - [05/May/2025 17:37:23] "GET /files HTTP/1.1" 200 -
2025-05-05 17:37:23,403 - INFO - [Thread-25 (process_request_thread)] [list_files] - List files request for logged-in user: 'gredy@gmail.com'
2025-05-05 17:37:23,438 - INFO - [Thread-25 (process_request_thread)] [find_metadata_by_email] - Found 0 metadata records for email: gredy@gmail.com
2025-05-05 17:37:23,438 - INFO - [Thread-25 (process_request_thread)] [list_files] - Found 0 records for 'gredy@gmail.com'.
2025-05-05 17:37:23,438 - INFO - [Thread-25 (process_request_thread)] [_log] - 127.0.0.1 - - [05/May/2025 17:37:23] "GET /files HTTP/1.1" 200 -
2025-05-05 17:37:23,538 - INFO - [Thread-26 (process_request_thread)] [list_files] - List files request for logged-in user: 'gredy@gmail.com'
2025-05-05 17:37:23,570 - INFO - [Thread-26 (process_request_thread)] [find_metadata_by_email] - Found 0 metadata records for email: gredy@gmail.com
2025-05-05 17:37:23,589 - INFO - [Thread-26 (process_request_thread)] [list_files] - Found 0 records for 'gredy@gmail.com'.
2025-05-05 17:37:23,590 - INFO - [Thread-26 (process_request_thread)] [_log] - 127.0.0.1 - - [05/May/2025 17:37:23] "GET /files HTTP/1.1" 200 -
2025-05-05 17:37:23,777 - INFO - [Thread-27 (process_request_thread)] [list_files] - List files request for logged-in user: 'gredy@gmail.com'
2025-05-05 17:37:23,804 - INFO - [Thread-27 (process_request_thread)] [find_metadata_by_email] - Found 0 metadata records for email: gredy@gmail.com
2025-05-05 17:37:23,804 - INFO - [Thread-27 (process_request_thread)] [list_files] - Found 0 records for 'gredy@gmail.com'.
2025-05-05 17:37:23,804 - INFO - [Thread-27 (process_request_thread)] [_log] - 127.0.0.1 - - [05/May/2025 17:37:23] "GET /files HTTP/1.1" 200 -
2025-05-05 17:37:23,953 - INFO - [Thread-28 (process_request_thread)] [list_files] - List files request for logged-in user: 'gredy@gmail.com'
2025-05-05 17:37:23,990 - INFO - [Thread-28 (process_request_thread)] [find_metadata_by_email] - Found 0 metadata records for email: gredy@gmail.com
2025-05-05 17:37:23,990 - INFO - [Thread-28 (process_request_thread)] [list_files] - Found 0 records for 'gredy@gmail.com'.
2025-05-05 17:37:23,990 - INFO - [Thread-28 (process_request_thread)] [_log] - 127.0.0.1 - - [05/May/2025 17:37:23] "GET /files HTTP/1.1" 200 -
2025-05-05 17:37:45,815 - INFO - [Thread-29 (process_request_thread)] [list_files] - List files request for logged-in user: 'gredy@gmail.com'
2025-05-05 17:37:45,835 - INFO - [Thread-29 (process_request_thread)] [find_metadata_by_email] - Found 0 metadata records for email: gredy@gmail.com
2025-05-05 17:37:45,835 - INFO - [Thread-29 (process_request_thread)] [list_files] - Found 0 records for 'gredy@gmail.com'.
2025-05-05 17:37:45,835 - INFO - [Thread-29 (process_request_thread)] [_log] - 127.0.0.1 - - [05/May/2025 17:37:45] "GET /files HTTP/1.1" 200 -
2025-05-05 17:37:49,564 - INFO - [Thread-30 (process_request_thread)] [list_files] - List files request for logged-in user: 'gredy@gmail.com'
2025-05-05 17:37:49,603 - INFO - [Thread-30 (process_request_thread)] [find_metadata_by_email] - Found 0 metadata records for email: gredy@gmail.com
2025-05-05 17:37:49,603 - INFO - [Thread-30 (process_request_thread)] [list_files] - Found 0 records for 'gredy@gmail.com'.
2025-05-05 17:37:49,603 - INFO - [Thread-30 (process_request_thread)] [_log] - 127.0.0.1 - - [05/May/2025 17:37:49] "GET /files HTTP/1.1" 200 -
2025-05-05 17:37:50,818 - INFO - [Thread-31 (process_request_thread)] [list_files] - List files request for logged-in user: 'gredy@gmail.com'
2025-05-05 17:37:50,837 - INFO - [Thread-31 (process_request_thread)] [find_metadata_by_email] - Found 0 metadata records for email: gredy@gmail.com
2025-05-05 17:37:50,837 - INFO - [Thread-31 (process_request_thread)] [list_files] - Found 0 records for 'gredy@gmail.com'.
2025-05-05 17:37:50,851 - INFO - [Thread-31 (process_request_thread)] [_log] - 127.0.0.1 - - [05/May/2025 17:37:50] "GET /files HTTP/1.1" 200 -
2025-05-05 17:37:51,550 - INFO - [Thread-32 (process_request_thread)] [list_files] - List files request for logged-in user: 'gredy@gmail.com'
2025-05-05 17:37:51,591 - INFO - [Thread-32 (process_request_thread)] [find_metadata_by_email] - Found 0 metadata records for email: gredy@gmail.com
2025-05-05 17:37:51,592 - INFO - [Thread-32 (process_request_thread)] [list_files] - Found 0 records for 'gredy@gmail.com'.
2025-05-05 17:37:51,593 - INFO - [Thread-32 (process_request_thread)] [_log] - 127.0.0.1 - - [05/May/2025 17:37:51] "GET /files HTTP/1.1" 200 -
2025-05-05 17:37:51,819 - INFO - [Thread-33 (process_request_thread)] [list_files] - List files request for logged-in user: 'gredy@gmail.com'
2025-05-05 17:37:51,845 - INFO - [Thread-33 (process_request_thread)] [find_metadata_by_email] - Found 0 metadata records for email: gredy@gmail.com
2025-05-05 17:37:51,845 - INFO - [Thread-33 (process_request_thread)] [list_files] - Found 0 records for 'gredy@gmail.com'.
2025-05-05 17:37:51,846 - INFO - [Thread-33 (process_request_thread)] [_log] - 127.0.0.1 - - [05/May/2025 17:37:51] "GET /files HTTP/1.1" 200 -
2025-05-05 17:37:51,932 - INFO - [Thread-34 (process_request_thread)] [list_files] - List files request for logged-in user: 'gredy@gmail.com'
2025-05-05 17:37:51,960 - INFO - [Thread-34 (process_request_thread)] [find_metadata_by_email] - Found 0 metadata records for email: gredy@gmail.com
2025-05-05 17:37:51,960 - INFO - [Thread-34 (process_request_thread)] [list_files] - Found 0 records for 'gredy@gmail.com'.
2025-05-05 17:37:51,961 - INFO - [Thread-34 (process_request_thread)] [_log] - 127.0.0.1 - - [05/May/2025 17:37:51] "GET /files HTTP/1.1" 200 -
2025-05-05 17:37:52,180 - INFO - [Thread-35 (process_request_thread)] [list_files] - List files request for logged-in user: 'gredy@gmail.com'
2025-05-05 17:37:52,208 - INFO - [Thread-35 (process_request_thread)] [find_metadata_by_email] - Found 0 metadata records for email: gredy@gmail.com
2025-05-05 17:37:52,209 - INFO - [Thread-35 (process_request_thread)] [list_files] - Found 0 records for 'gredy@gmail.com'.
2025-05-05 17:37:52,209 - INFO - [Thread-35 (process_request_thread)] [_log] - 127.0.0.1 - - [05/May/2025 17:37:52] "GET /files HTTP/1.1" 200 -
2025-05-05 17:37:52,305 - INFO - [Thread-36 (process_request_thread)] [list_files] - List files request for logged-in user: 'gredy@gmail.com'
2025-05-05 17:37:52,333 - INFO - [Thread-36 (process_request_thread)] [find_metadata_by_email] - Found 0 metadata records for email: gredy@gmail.com
2025-05-05 17:37:52,334 - INFO - [Thread-36 (process_request_thread)] [list_files] - Found 0 records for 'gredy@gmail.com'.
2025-05-05 17:37:52,335 - INFO - [Thread-36 (process_request_thread)] [_log] - 127.0.0.1 - - [05/May/2025 17:37:52] "GET /files HTTP/1.1" 200 -
2025-05-05 17:37:52,534 - INFO - [Thread-37 (process_request_thread)] [list_files] - List files request for logged-in user: 'gredy@gmail.com'
2025-05-05 17:37:52,572 - INFO - [Thread-37 (process_request_thread)] [find_metadata_by_email] - Found 0 metadata records for email: gredy@gmail.com
2025-05-05 17:37:52,572 - INFO - [Thread-37 (process_request_thread)] [list_files] - Found 0 records for 'gredy@gmail.com'.
2025-05-05 17:37:52,572 - INFO - [Thread-37 (process_request_thread)] [_log] - 127.0.0.1 - - [05/May/2025 17:37:52] "GET /files HTTP/1.1" 200 -
2025-05-05 17:37:53,515 - INFO - [Thread-38 (process_request_thread)] [initiate_upload] - Request initiate upload.
2025-05-05 17:37:53,541 - INFO - [Thread-38 (process_request_thread)] [initiate_upload] - [244620e5-de22-465a-b4ee-8b66218f7274] Authenticated upload initiated by user: Email='gredy@gmail.com', Username='Gredy'
2025-05-05 17:37:53,543 - INFO - [Thread-38 (process_request_thread)] [initiate_upload] - [244620e5-de22-465a-b4ee-8b66218f7274] Temp storage path: uploads_temp\244620e5-de22-465a-b4ee-8b66218f7274_auth.txt
2025-05-05 17:37:53,545 - INFO - [Thread-38 (process_request_thread)] [initiate_upload] - [244620e5-de22-465a-b4ee-8b66218f7274] Temp file saved: 'auth.txt'.
2025-05-05 17:37:53,546 - INFO - [Thread-38 (process_request_thread)] [_log] - 127.0.0.1 - - [05/May/2025 17:37:53] "POST /initiate-upload HTTP/1.1" 200 -
2025-05-05 17:37:53,853 - INFO - [Thread-39 (process_request_thread)] [stream_progress] - SSE connect request for upload_id: 244620e5-de22-465a-b4ee-8b66218f7274
2025-05-05 17:37:53,853 - INFO - [Thread-39 (process_request_thread)] [process_upload_and_generate_updates] - [244620e5-de22-465a-b4ee-8b66218f7274] Starting processing generator...
2025-05-05 17:37:53,853 - INFO - [Thread-39 (process_request_thread)] [process_upload_and_generate_updates] - [244620e5-de22-465a-b4ee-8b66218f7274] Processing: User='Gredy', File='auth.txt'
2025-05-05 17:37:53,853 - INFO - [Thread-39 (process_request_thread)] [process_upload_and_generate_updates] - [244620e5-de22-465a-b4ee-8b66218f7274] Initialized Upload Executor (max=5)
2025-05-05 17:37:53,853 - INFO - [Thread-39 (process_request_thread)] [_log] - 127.0.0.1 - - [05/May/2025 17:37:53] "GET /stream-progress/244620e5-de22-465a-b4ee-8b66218f7274 HTTP/1.1" 200 -
2025-05-05 17:37:53,853 - INFO - [Thread-39 (process_request_thread)] [process_upload_and_generate_updates] - [244620e5-de22-465a-b4ee-8b66218f7274] Access ID: 7b0f117d38
2025-05-05 17:37:53,869 - INFO - [Thread-39 (process_request_thread)] [process_upload_and_generate_updates] - [244620e5-de22-465a-b4ee-8b66218f7274] Single file workflow.
2025-05-05 17:37:53,876 - INFO - [Thread-39 (process_request_thread)] [process_upload_and_generate_updates] - [244620e5-de22-465a-b4ee-8b66218f7274] Compressed size: 172
2025-05-05 17:37:53,883 - INFO - [Upload_2446_0] [_send_single_file_task] - [244620e5-de22-465a-b4ee-8b66218f7274] T> Sending 'auth.zip' (172b) to -4603853425
2025-05-05 17:37:53,883 - INFO - [Upload_2446_0] [send_file_to_telegram] - [ChatID -4603853425, File 'auth.zip'] Attempting send.
2025-05-05 17:37:53,883 - INFO - [Upload_2446_1] [_send_single_file_task] - [244620e5-de22-465a-b4ee-8b66218f7274] T> Sending 'auth.zip' (172b) to -1002614397019
2025-05-05 17:37:53,883 - INFO - [Upload_2446_2] [_send_single_file_task] - [244620e5-de22-465a-b4ee-8b66218f7274] T> Sending 'auth.zip' (172b) to -4641852757
2025-05-05 17:37:53,883 - INFO - [Upload_2446_1] [send_file_to_telegram] - [ChatID -1002614397019, File 'auth.zip'] Attempting send.
2025-05-05 17:37:53,883 - INFO - [Thread-39 (process_request_thread)] [process_upload_and_generate_updates] - [244620e5-de22-465a-b4ee-8b66218f7274] Submitted 3 single-file tasks.
2025-05-05 17:37:53,883 - INFO - [Upload_2446_2] [send_file_to_telegram] - [ChatID -4641852757, File 'auth.zip'] Attempting send.
2025-05-05 17:37:53,883 - INFO - [Thread-39 (process_request_thread)] [process_upload_and_generate_updates] - [244620e5-de22-465a-b4ee-8b66218f7274] Wait primary (-4603853425)...
2025-05-05 17:37:54,390 - INFO - [Upload_2446_0] [send_file_to_telegram] - [ChatID -4603853425, File 'auth.zip'] API success (Attempt 1).
2025-05-05 17:37:54,390 - INFO - [Upload_2446_0] [_send_single_file_task] - [244620e5-de22-465a-b4ee-8b66218f7274] T> Sent 'auth.zip' to -4603853425. Success: True
2025-05-05 17:37:54,390 - INFO - [Thread-39 (process_request_thread)] [process_upload_and_generate_updates] - [244620e5-de22-465a-b4ee-8b66218f7274] Primary done. OK:True
2025-05-05 17:37:54,390 - INFO - [Thread-39 (process_request_thread)] [process_upload_and_generate_updates] - [244620e5-de22-465a-b4ee-8b66218f7274] Wait backups...
2025-05-05 17:37:54,390 - INFO - [Upload_2446_2] [send_file_to_telegram] - [ChatID -4641852757, File 'auth.zip'] API success (Attempt 1).
2025-05-05 17:37:54,390 - INFO - [Upload_2446_2] [_send_single_file_task] - [244620e5-de22-465a-b4ee-8b66218f7274] T> Sent 'auth.zip' to -4641852757. Success: True
2025-05-05 17:37:54,557 - INFO - [Upload_2446_1] [send_file_to_telegram] - [ChatID -1002614397019, File 'auth.zip'] API success (Attempt 1).
2025-05-05 17:37:54,557 - INFO - [Upload_2446_1] [_send_single_file_task] - [244620e5-de22-465a-b4ee-8b66218f7274] T> Sent 'auth.zip' to -1002614397019. Success: True
2025-05-05 17:37:54,557 - INFO - [Thread-39 (process_request_thread)] [process_upload_and_generate_updates] - [244620e5-de22-465a-b4ee-8b66218f7274] Single sends done in 0.68s.
2025-05-05 17:37:54,557 - INFO - [Thread-39 (process_request_thread)] [process_upload_and_generate_updates] - [244620e5-de22-465a-b4ee-8b66218f7274] Success: 3/3
2025-05-05 17:37:54,557 - INFO - [Thread-39 (process_request_thread)] [process_upload_and_generate_updates] - [244620e5-de22-465a-b4ee-8b66218f7274] Attempting to save metadata to DB...
2025-05-05 17:37:54,595 - INFO - [Thread-39 (process_request_thread)] [save_file_metadata] - Successfully inserted metadata for access_id: 7b0f117d38
2025-05-05 17:37:54,595 - INFO - [Thread-39 (process_request_thread)] [process_upload_and_generate_updates] - [244620e5-de22-465a-b4ee-8b66218f7274] Metadata successfully saved to DB. Msg: Metadata inserted (ID: 6818aa1b1969d4a304aed183).
2025-05-05 17:37:54,595 - INFO - [Thread-39 (process_request_thread)] [process_upload_and_generate_updates] - [244620e5-de22-465a-b4ee-8b66218f7274] Upload generator cleanup.
2025-05-05 17:37:54,598 - INFO - [Thread-39 (process_request_thread)] [process_upload_and_generate_updates] - [244620e5-de22-465a-b4ee-8b66218f7274] Upload executor shutdown.
2025-05-05 17:37:54,604 - INFO - [Thread-39 (process_request_thread)] [_safe_remove_file] - [244620e5-de22-465a-b4ee-8b66218f7274] Cleaned up original temp: uploads_temp\244620e5-de22-465a-b4ee-8b66218f7274_auth.txt
2025-05-05 17:37:54,605 - INFO - [Thread-39 (process_request_thread)] [process_upload_and_generate_updates] - [244620e5-de22-465a-b4ee-8b66218f7274] Upload generator finished. Status: completed
2025-05-05 17:37:54,631 - INFO - [Thread-40 (process_request_thread)] [list_files] - List files request for logged-in user: 'gredy@gmail.com'
2025-05-05 17:37:54,645 - INFO - [Thread-40 (process_request_thread)] [find_metadata_by_email] - Found 0 metadata records for email: gredy@gmail.com
2025-05-05 17:37:54,645 - INFO - [Thread-40 (process_request_thread)] [list_files] - Found 0 records for 'gredy@gmail.com'.
2025-05-05 17:37:54,661 - INFO - [Thread-40 (process_request_thread)] [_log] - 127.0.0.1 - - [05/May/2025 17:37:54] "GET /files HTTP/1.1" 200 -
2025-05-05 17:37:56,330 - INFO - [Thread-41 (process_request_thread)] [list_files] - List files request for logged-in user: 'gredy@gmail.com'
2025-05-05 17:37:56,359 - INFO - [Thread-41 (process_request_thread)] [find_metadata_by_email] - Found 0 metadata records for email: gredy@gmail.com
2025-05-05 17:37:56,361 - INFO - [Thread-41 (process_request_thread)] [list_files] - Found 0 records for 'gredy@gmail.com'.
2025-05-05 17:37:56,361 - INFO - [Thread-41 (process_request_thread)] [_log] - 127.0.0.1 - - [05/May/2025 17:37:56] "GET /files HTTP/1.1" 200 -
2025-05-05 17:37:56,752 - INFO - [Thread-42 (process_request_thread)] [list_files] - List files request for logged-in user: 'gredy@gmail.com'
2025-05-05 17:37:56,790 - INFO - [Thread-42 (process_request_thread)] [find_metadata_by_email] - Found 0 metadata records for email: gredy@gmail.com
2025-05-05 17:37:56,791 - INFO - [Thread-42 (process_request_thread)] [list_files] - Found 0 records for 'gredy@gmail.com'.
2025-05-05 17:37:56,792 - INFO - [Thread-42 (process_request_thread)] [_log] - 127.0.0.1 - - [05/May/2025 17:37:56] "GET /files HTTP/1.1" 200 -
2025-05-05 17:37:57,303 - INFO - [Thread-43 (process_request_thread)] [list_files] - List files request for logged-in user: 'gredy@gmail.com'
2025-05-05 17:37:57,330 - INFO - [Thread-43 (process_request_thread)] [find_metadata_by_email] - Found 0 metadata records for email: gredy@gmail.com
2025-05-05 17:37:57,331 - INFO - [Thread-43 (process_request_thread)] [list_files] - Found 0 records for 'gredy@gmail.com'.
2025-05-05 17:37:57,333 - INFO - [Thread-43 (process_request_thread)] [_log] - 127.0.0.1 - - [05/May/2025 17:37:57] "GET /files HTTP/1.1" 200 -
2025-05-05 17:37:57,552 - INFO - [Thread-44 (process_request_thread)] [list_files] - List files request for logged-in user: 'gredy@gmail.com'
2025-05-05 17:37:57,590 - INFO - [Thread-44 (process_request_thread)] [find_metadata_by_email] - Found 0 metadata records for email: gredy@gmail.com
2025-05-05 17:37:57,590 - INFO - [Thread-44 (process_request_thread)] [list_files] - Found 0 records for 'gredy@gmail.com'.
2025-05-05 17:37:57,590 - INFO - [Thread-44 (process_request_thread)] [_log] - 127.0.0.1 - - [05/May/2025 17:37:57] "GET /files HTTP/1.1" 200 -
2025-05-05 17:37:57,673 - INFO - [Thread-45 (process_request_thread)] [list_files] - List files request for logged-in user: 'gredy@gmail.com'
2025-05-05 17:37:57,701 - INFO - [Thread-45 (process_request_thread)] [find_metadata_by_email] - Found 0 metadata records for email: gredy@gmail.com
2025-05-05 17:37:57,702 - INFO - [Thread-45 (process_request_thread)] [list_files] - Found 0 records for 'gredy@gmail.com'.
2025-05-05 17:37:57,703 - INFO - [Thread-45 (process_request_thread)] [_log] - 127.0.0.1 - - [05/May/2025 17:37:57] "GET /files HTTP/1.1" 200 -
2025-05-05 17:37:57,940 - INFO - [Thread-46 (process_request_thread)] [list_files] - List files request for logged-in user: 'gredy@gmail.com'
2025-05-05 17:37:57,968 - INFO - [Thread-46 (process_request_thread)] [find_metadata_by_email] - Found 0 metadata records for email: gredy@gmail.com
2025-05-05 17:37:57,968 - INFO - [Thread-46 (process_request_thread)] [list_files] - Found 0 records for 'gredy@gmail.com'.
2025-05-05 17:37:57,969 - INFO - [Thread-46 (process_request_thread)] [_log] - 127.0.0.1 - - [05/May/2025 17:37:57] "GET /files HTTP/1.1" 200 -
2025-05-05 17:48:41,894 - INFO - [MainThread] [_log] -  * Detected change in 'E:\\Telegram_tool\\Telegram_Bot_Tool\\routes.py', reloading
