2025-05-05 17:10:59,800 - INFO - [MainThread] [<module>] - ============================================================
2025-05-05 17:10:59,800 - INFO - [MainThread] [<module>] - Logging configured. Level: INFO. Log file: Selenium-Logs\app_20250505_171059.log
2025-05-05 17:10:59,800 - INFO - [MainThread] [<module>] - Primary Chat ID: -4603853425
2025-05-05 17:10:59,800 - INFO - [MainThread] [<module>] - All Target Chat IDs: ['-4603853425', '-1002614397019', '-4641852757']
2025-05-05 17:10:59,800 - INFO - [MainThread] [<module>] - Chunk Size: 20.0 MB (20971520 bytes)
2025-05-05 17:10:59,800 - INFO - [MainThread] [<module>] - API Timeouts (Connect/Read): 10s / 60s
2025-05-05 17:10:59,800 - INFO - [MainThread] [<module>] - API Retries: 3 attempts, 2s delay
2025-05-05 17:10:59,800 - INFO - [MainThread] [<module>] - Max Upload Workers: 5
2025-05-05 17:10:59,800 - INFO - [MainThread] [<module>] - Max Download Workers: 12
2025-05-05 17:10:59,800 - INFO - [MainThread] [<module>] - ============================================================
2025-05-05 17:10:59,800 - INFO - [MainThread] [<module>] - Configuration loaded successfully.
2025-05-05 17:10:59,828 - INFO - [MainThread] [<module>] - Custom Jinja filter 'format_bytes' registered.
2025-05-05 17:10:59,828 - INFO - [MainThread] [<module>] - Flask-CORS initialized. Allowing origins: *
2025-05-05 17:10:59,828 - INFO - [MainThread] [<module>] - Flask application initialized.
2025-05-05 17:10:59,829 - INFO - [MainThread] [<module>] - Flask-Login initialized.
2025-05-05 17:10:59,829 - INFO - [MainThread] [<module>] - Global state variables initialized (upload_progress_data, download_prep_data).
2025-05-05 17:10:59,831 - INFO - [MainThread] [<module>] - Custom Jinja filter 'format_bytes' registered.
2025-05-05 17:10:59,831 - INFO - [MainThread] [<module>] - Flask-CORS initialized. Allowing origins: *
2025-05-05 17:10:59,831 - INFO - [MainThread] [<module>] - Flask application initialized.
2025-05-05 17:10:59,831 - INFO - [MainThread] [<module>] - Flask-Login initialized.
2025-05-05 17:10:59,831 - INFO - [MainThread] [<module>] - Global state variables initialized (upload_progress_data, download_prep_data).
2025-05-05 17:11:00,099 - INFO - [MainThread] [<module>] - Database module initialized.
2025-05-05 17:11:00,634 - INFO - [MainThread] [<module>] - Initialized requests.Session for Telegram API calls.
2025-05-05 17:11:00,634 - INFO - [MainThread] [<module>] - Telegram API functions defined with Session and Retries.
2025-05-05 17:11:00,640 - INFO - [MainThread] [<module>] - Flask routes defined using configurable workers and linter fixes.
2025-05-05 17:11:00,640 - INFO - [MainThread] [<module>] - Starting Flask development server...
2025-05-05 17:11:00,656 - WARNING - [MainThread] [_log] -  * Debugger is active!
2025-05-05 17:11:00,667 - INFO - [MainThread] [_log] -  * Debugger PIN: 107-410-311
2025-05-05 17:11:03,572 - INFO - [Thread-2 (process_request_thread)] [index] - Serving index page.
2025-05-05 17:11:03,633 - INFO - [Thread-2 (process_request_thread)] [_connect_to_db] - Attempting to connect to MongoDB Atlas host: telegrambot.6armfs2.mongodb.net...
2025-05-05 17:11:04,703 - INFO - [Thread-2 (process_request_thread)] [_connect_to_db] - ✅ Successfully connected and pinged MongoDB Atlas!
2025-05-05 17:11:04,703 - INFO - [Thread-2 (process_request_thread)] [get_db] - Accessed database: Telegrambot
2025-05-05 17:11:04,704 - INFO - [Thread-2 (process_request_thread)] [get_userinfo_collection] - Accessed collection: userinfo
2025-05-05 17:11:04,760 - INFO - [Thread-2 (process_request_thread)] [_log] - 127.0.0.1 - - [05/May/2025 17:11:04] "GET / HTTP/1.1" 200 -
2025-05-05 17:11:04,897 - INFO - [Thread-3 (process_request_thread)] [index] - Serving index page.
2025-05-05 17:11:04,953 - INFO - [Thread-3 (process_request_thread)] [_log] - 127.0.0.1 - - [05/May/2025 17:11:04] "GET / HTTP/1.1" 200 -
2025-05-05 17:11:05,070 - INFO - [Thread-4 (process_request_thread)] [index] - Serving index page.
2025-05-05 17:11:05,131 - INFO - [Thread-4 (process_request_thread)] [_log] - 127.0.0.1 - - [05/May/2025 17:11:05] "GET / HTTP/1.1" 200 -
2025-05-05 17:11:05,379 - INFO - [Thread-5 (process_request_thread)] [index] - Serving index page.
2025-05-05 17:11:05,439 - INFO - [Thread-5 (process_request_thread)] [_log] - 127.0.0.1 - - [05/May/2025 17:11:05] "GET / HTTP/1.1" 200 -
2025-05-05 17:11:05,545 - INFO - [Thread-6 (process_request_thread)] [index] - Serving index page.
2025-05-05 17:11:05,609 - INFO - [Thread-6 (process_request_thread)] [_log] - 127.0.0.1 - - [05/May/2025 17:11:05] "GET / HTTP/1.1" 200 -
2025-05-05 17:11:12,905 - INFO - [Thread-7 (process_request_thread)] [logout] - User mbo@gmail.com logged out.
2025-05-05 17:11:12,905 - INFO - [Thread-7 (process_request_thread)] [_log] - 127.0.0.1 - - [05/May/2025 17:11:12] "[32mGET /logout HTTP/1.1[0m" 302 -
2025-05-05 17:11:13,179 - INFO - [Thread-8 (process_request_thread)] [_log] - 127.0.0.1 - - [05/May/2025 17:11:13] "GET /login HTTP/1.1" 200 -
2025-05-05 17:11:40,437 - INFO - [Thread-9 (process_request_thread)] [index] - Serving index page.
2025-05-05 17:11:40,439 - INFO - [Thread-9 (process_request_thread)] [_log] - 127.0.0.1 - - [05/May/2025 17:11:40] "GET / HTTP/1.1" 200 -
2025-05-05 17:11:50,672 - INFO - [Thread-10 (process_request_thread)] [initiate_upload] - Request initiate upload.
2025-05-05 17:11:50,672 - INFO - [Thread-10 (process_request_thread)] [initiate_upload] - [fd82f101-e713-4494-9009-30a9bfdcdc40] Anonymous upload initiated.
2025-05-05 17:11:50,672 - INFO - [Thread-10 (process_request_thread)] [initiate_upload] - [fd82f101-e713-4494-9009-30a9bfdcdc40] Temp storage path: uploads_temp\fd82f101-e713-4494-9009-30a9bfdcdc40_.env
2025-05-05 17:11:50,672 - INFO - [Thread-10 (process_request_thread)] [initiate_upload] - [fd82f101-e713-4494-9009-30a9bfdcdc40] Temp file saved: '.env'.
2025-05-05 17:11:50,672 - INFO - [Thread-10 (process_request_thread)] [_log] - 127.0.0.1 - - [05/May/2025 17:11:50] "POST /initiate-upload HTTP/1.1" 200 -
2025-05-05 17:11:50,672 - INFO - [Thread-11 (process_request_thread)] [stream_progress] - SSE connect request for upload_id: fd82f101-e713-4494-9009-30a9bfdcdc40
2025-05-05 17:11:50,672 - INFO - [Thread-11 (process_request_thread)] [process_upload_and_generate_updates] - [fd82f101-e713-4494-9009-30a9bfdcdc40] Starting processing generator...
2025-05-05 17:11:50,672 - INFO - [Thread-11 (process_request_thread)] [process_upload_and_generate_updates] - [fd82f101-e713-4494-9009-30a9bfdcdc40] Processing: User='anonymous', File='.env'
2025-05-05 17:11:50,682 - INFO - [Thread-11 (process_request_thread)] [process_upload_and_generate_updates] - [fd82f101-e713-4494-9009-30a9bfdcdc40] Initialized Upload Executor (max=5)
2025-05-05 17:11:50,682 - INFO - [Thread-11 (process_request_thread)] [_log] - 127.0.0.1 - - [05/May/2025 17:11:50] "GET /stream-progress/fd82f101-e713-4494-9009-30a9bfdcdc40 HTTP/1.1" 200 -
2025-05-05 17:11:50,683 - INFO - [Thread-11 (process_request_thread)] [process_upload_and_generate_updates] - [fd82f101-e713-4494-9009-30a9bfdcdc40] Access ID: ecad80ff88
2025-05-05 17:11:50,684 - INFO - [Thread-11 (process_request_thread)] [process_upload_and_generate_updates] - [fd82f101-e713-4494-9009-30a9bfdcdc40] Single file workflow.
2025-05-05 17:11:50,687 - INFO - [Thread-11 (process_request_thread)] [process_upload_and_generate_updates] - [fd82f101-e713-4494-9009-30a9bfdcdc40] Compressed size: 201
2025-05-05 17:11:50,689 - INFO - [Upload_fd82_0] [_send_single_file_task] - [fd82f101-e713-4494-9009-30a9bfdcdc40] T> Sending '.env.zip' (201b) to -4603853425
2025-05-05 17:11:50,689 - INFO - [Upload_fd82_0] [send_file_to_telegram] - [ChatID -4603853425, File '.env.zip'] Attempting send.
2025-05-05 17:11:50,689 - INFO - [Upload_fd82_1] [_send_single_file_task] - [fd82f101-e713-4494-9009-30a9bfdcdc40] T> Sending '.env.zip' (201b) to -1002614397019
2025-05-05 17:11:50,689 - INFO - [Upload_fd82_2] [_send_single_file_task] - [fd82f101-e713-4494-9009-30a9bfdcdc40] T> Sending '.env.zip' (201b) to -4641852757
2025-05-05 17:11:50,689 - INFO - [Thread-11 (process_request_thread)] [process_upload_and_generate_updates] - [fd82f101-e713-4494-9009-30a9bfdcdc40] Submitted 3 single-file tasks.
2025-05-05 17:11:50,695 - INFO - [Upload_fd82_1] [send_file_to_telegram] - [ChatID -1002614397019, File '.env.zip'] Attempting send.
2025-05-05 17:11:50,695 - INFO - [Upload_fd82_2] [send_file_to_telegram] - [ChatID -4641852757, File '.env.zip'] Attempting send.
2025-05-05 17:11:50,696 - INFO - [Thread-11 (process_request_thread)] [process_upload_and_generate_updates] - [fd82f101-e713-4494-9009-30a9bfdcdc40] Wait primary (-4603853425)...
2025-05-05 17:11:51,720 - INFO - [Upload_fd82_0] [send_file_to_telegram] - [ChatID -4603853425, File '.env.zip'] API success (Attempt 1).
2025-05-05 17:11:51,720 - INFO - [Upload_fd82_0] [_send_single_file_task] - [fd82f101-e713-4494-9009-30a9bfdcdc40] T> Sent '.env.zip' to -4603853425. Success: True
2025-05-05 17:11:51,720 - INFO - [Thread-11 (process_request_thread)] [process_upload_and_generate_updates] - [fd82f101-e713-4494-9009-30a9bfdcdc40] Primary done. OK:True
2025-05-05 17:11:51,735 - INFO - [Thread-11 (process_request_thread)] [process_upload_and_generate_updates] - [fd82f101-e713-4494-9009-30a9bfdcdc40] Wait backups...
2025-05-05 17:11:51,735 - INFO - [Upload_fd82_2] [send_file_to_telegram] - [ChatID -4641852757, File '.env.zip'] API success (Attempt 1).
2025-05-05 17:11:51,735 - INFO - [Upload_fd82_2] [_send_single_file_task] - [fd82f101-e713-4494-9009-30a9bfdcdc40] T> Sent '.env.zip' to -4641852757. Success: True
2025-05-05 17:11:51,802 - INFO - [Upload_fd82_1] [send_file_to_telegram] - [ChatID -1002614397019, File '.env.zip'] API success (Attempt 1).
2025-05-05 17:11:51,803 - INFO - [Upload_fd82_1] [_send_single_file_task] - [fd82f101-e713-4494-9009-30a9bfdcdc40] T> Sent '.env.zip' to -1002614397019. Success: True
2025-05-05 17:11:51,804 - INFO - [Thread-11 (process_request_thread)] [process_upload_and_generate_updates] - [fd82f101-e713-4494-9009-30a9bfdcdc40] Single sends done in 1.11s.
2025-05-05 17:11:51,805 - INFO - [Thread-11 (process_request_thread)] [process_upload_and_generate_updates] - [fd82f101-e713-4494-9009-30a9bfdcdc40] Success: 3/3
2025-05-05 17:11:51,806 - INFO - [Thread-11 (process_request_thread)] [process_upload_and_generate_updates] - [fd82f101-e713-4494-9009-30a9bfdcdc40] Attempting to save metadata to DB...
2025-05-05 17:11:51,808 - INFO - [Thread-11 (process_request_thread)] [get_metadata_collection] - Accessed collection: user_files
2025-05-05 17:11:51,876 - INFO - [Thread-11 (process_request_thread)] [save_file_metadata] - Successfully inserted metadata for access_id: ecad80ff88
2025-05-05 17:11:51,877 - INFO - [Thread-11 (process_request_thread)] [process_upload_and_generate_updates] - [fd82f101-e713-4494-9009-30a9bfdcdc40] Metadata successfully saved to DB. Msg: Metadata inserted (ID: 6818a4001969d4a304aed17f).
2025-05-05 17:11:51,877 - INFO - [Thread-11 (process_request_thread)] [process_upload_and_generate_updates] - [fd82f101-e713-4494-9009-30a9bfdcdc40] Upload generator cleanup.
2025-05-05 17:11:51,878 - INFO - [Thread-11 (process_request_thread)] [process_upload_and_generate_updates] - [fd82f101-e713-4494-9009-30a9bfdcdc40] Upload executor shutdown.
2025-05-05 17:11:51,879 - INFO - [Thread-11 (process_request_thread)] [_safe_remove_file] - [fd82f101-e713-4494-9009-30a9bfdcdc40] Cleaned up original temp: uploads_temp\fd82f101-e713-4494-9009-30a9bfdcdc40_.env
2025-05-05 17:11:51,880 - INFO - [Thread-11 (process_request_thread)] [process_upload_and_generate_updates] - [fd82f101-e713-4494-9009-30a9bfdcdc40] Upload generator finished. Status: completed
2025-05-05 17:11:58,498 - INFO - [Thread-12 (process_request_thread)] [show_register_page] - Serving registration page.
2025-05-05 17:11:58,498 - INFO - [Thread-12 (process_request_thread)] [_log] - 127.0.0.1 - - [05/May/2025 17:11:58] "GET /register HTTP/1.1" 200 -
2025-05-05 17:12:02,817 - INFO - [Thread-13 (process_request_thread)] [_log] - 127.0.0.1 - - [05/May/2025 17:12:02] "GET /login HTTP/1.1" 200 -
2025-05-05 17:12:19,083 - INFO - [Thread-14 (process_request_thread)] [login] - Login attempt for email: your@email.com
2025-05-05 17:12:19,138 - INFO - [Thread-14 (process_request_thread)] [find_user_by_email] - No user record found for email: your@email.com
2025-05-05 17:12:19,140 - WARNING - [Thread-14 (process_request_thread)] [login] - Failed login attempt for email: your@email.com
2025-05-05 17:12:19,142 - INFO - [Thread-14 (process_request_thread)] [_log] - 127.0.0.1 - - [05/May/2025 17:12:19] "POST /login HTTP/1.1" 200 -
2025-05-05 17:12:28,411 - INFO - [Thread-15 (process_request_thread)] [login] - Login attempt for email: mbo@gmail.com
2025-05-05 17:12:28,467 - INFO - [Thread-15 (process_request_thread)] [find_user_by_email] - Found user record for email: mbo@gmail.com
2025-05-05 17:12:28,987 - INFO - [Thread-15 (process_request_thread)] [login] - User 'mitali' (mbo@gmail.com) logged in successfully.
2025-05-05 17:12:28,988 - INFO - [Thread-15 (process_request_thread)] [_log] - 127.0.0.1 - - [05/May/2025 17:12:28] "[32mPOST /login HTTP/1.1[0m" 302 -
2025-05-05 17:12:28,992 - INFO - [Thread-16 (process_request_thread)] [index] - Serving index page.
2025-05-05 17:12:29,049 - INFO - [Thread-16 (process_request_thread)] [_log] - 127.0.0.1 - - [05/May/2025 17:12:29] "GET / HTTP/1.1" 200 -
2025-05-05 17:12:36,422 - INFO - [Thread-17 (process_request_thread)] [_log] - 127.0.0.1 - - [05/May/2025 17:12:36] "GET /login HTTP/1.1" 200 -
2025-05-05 17:12:39,833 - INFO - [Thread-18 (process_request_thread)] [index] - Serving index page.
2025-05-05 17:12:39,890 - INFO - [Thread-18 (process_request_thread)] [_log] - 127.0.0.1 - - [05/May/2025 17:12:39] "GET / HTTP/1.1" 200 -
2025-05-05 17:12:41,452 - INFO - [Thread-19 (process_request_thread)] [logout] - User mbo@gmail.com logged out.
2025-05-05 17:12:41,454 - INFO - [Thread-19 (process_request_thread)] [_log] - 127.0.0.1 - - [05/May/2025 17:12:41] "[32mGET /logout HTTP/1.1[0m" 302 -
2025-05-05 17:12:41,708 - INFO - [Thread-20 (process_request_thread)] [_log] - 127.0.0.1 - - [05/May/2025 17:12:41] "GET /login HTTP/1.1" 200 -
2025-05-05 17:12:47,116 - INFO - [Thread-21 (process_request_thread)] [index] - Serving index page.
2025-05-05 17:12:47,117 - INFO - [Thread-21 (process_request_thread)] [_log] - 127.0.0.1 - - [05/May/2025 17:12:47] "GET / HTTP/1.1" 200 -
2025-05-05 17:12:49,652 - INFO - [Thread-22 (process_request_thread)] [show_register_page] - Serving registration page.
2025-05-05 17:12:49,653 - INFO - [Thread-22 (process_request_thread)] [_log] - 127.0.0.1 - - [05/May/2025 17:12:49] "GET /register HTTP/1.1" 200 -
2025-05-05 17:13:29,949 - INFO - [Thread-23 (process_request_thread)] [register_user] - Received POST request for /register
2025-05-05 17:13:29,949 - INFO - [Thread-23 (process_request_thread)] [register_user] - Received registration data: {'username': 'Gredy', 'email': 'Gredy@gmail.com', 'password': 'Gredy12', 'confirmPassword': 'Gredy12', 'agreeTerms': True, 'understandPrivacy': True}
2025-05-05 17:13:30,006 - INFO - [Thread-23 (process_request_thread)] [find_user_by_username] - No user record found for username: Gredy
2025-05-05 17:13:30,063 - INFO - [Thread-23 (process_request_thread)] [find_user_by_email] - No user record found for email: gredy@gmail.com
2025-05-05 17:13:30,618 - INFO - [Thread-23 (process_request_thread)] [save_user] - Successfully inserted new user with ID: 6818a462b29f25188d916942
2025-05-05 17:13:30,618 - INFO - [Thread-23 (process_request_thread)] [register_user] - User 'Gredy' registered successfully.
2025-05-05 17:13:30,619 - INFO - [Thread-23 (process_request_thread)] [_log] - 127.0.0.1 - - [05/May/2025 17:13:30] "[35m[1mPOST /register HTTP/1.1[0m" 201 -
2025-05-05 17:13:36,438 - INFO - [Thread-24 (process_request_thread)] [index] - Serving index page.
2025-05-05 17:13:36,439 - INFO - [Thread-24 (process_request_thread)] [_log] - 127.0.0.1 - - [05/May/2025 17:13:36] "GET / HTTP/1.1" 200 -
2025-05-05 17:13:43,574 - INFO - [Thread-25 (process_request_thread)] [_log] - 127.0.0.1 - - [05/May/2025 17:13:43] "GET /login HTTP/1.1" 200 -
2025-05-05 17:13:50,251 - INFO - [Thread-26 (process_request_thread)] [login] - Login attempt for email: gredy@gmail.com
2025-05-05 17:13:50,306 - INFO - [Thread-26 (process_request_thread)] [find_user_by_email] - Found user record for email: gredy@gmail.com
2025-05-05 17:13:50,825 - INFO - [Thread-26 (process_request_thread)] [login] - User 'Gredy' (gredy@gmail.com) logged in successfully.
2025-05-05 17:13:50,826 - INFO - [Thread-26 (process_request_thread)] [_log] - 127.0.0.1 - - [05/May/2025 17:13:50] "[32mPOST /login HTTP/1.1[0m" 302 -
2025-05-05 17:13:50,830 - INFO - [Thread-27 (process_request_thread)] [index] - Serving index page.
2025-05-05 17:13:50,887 - INFO - [Thread-27 (process_request_thread)] [_log] - 127.0.0.1 - - [05/May/2025 17:13:50] "GET / HTTP/1.1" 200 -
2025-05-05 17:14:01,196 - INFO - [Thread-28 (process_request_thread)] [login] - Login attempt for email: gredy@gmail.com
2025-05-05 17:14:01,252 - INFO - [Thread-28 (process_request_thread)] [find_user_by_email] - Found user record for email: gredy@gmail.com
2025-05-05 17:14:01,777 - INFO - [Thread-28 (process_request_thread)] [login] - User 'Gredy' (gredy@gmail.com) logged in successfully.
2025-05-05 17:14:01,777 - INFO - [Thread-28 (process_request_thread)] [_log] - 127.0.0.1 - - [05/May/2025 17:14:01] "[32mPOST /login HTTP/1.1[0m" 302 -
2025-05-05 17:14:01,782 - INFO - [Thread-29 (process_request_thread)] [index] - Serving index page.
2025-05-05 17:14:01,838 - INFO - [Thread-29 (process_request_thread)] [_log] - 127.0.0.1 - - [05/May/2025 17:14:01] "GET / HTTP/1.1" 200 -
2025-05-05 17:14:44,022 - INFO - [Thread-30 (process_request_thread)] [logout] - User gredy@gmail.com logged out.
2025-05-05 17:14:44,023 - INFO - [Thread-30 (process_request_thread)] [_log] - 127.0.0.1 - - [05/May/2025 17:14:44] "[32mGET /logout HTTP/1.1[0m" 302 -
2025-05-05 17:14:44,277 - INFO - [Thread-31 (process_request_thread)] [_log] - 127.0.0.1 - - [05/May/2025 17:14:44] "GET /login HTTP/1.1" 200 -
2025-05-05 17:14:51,024 - INFO - [Thread-32 (process_request_thread)] [index] - Serving index page.
2025-05-05 17:14:51,025 - INFO - [Thread-32 (process_request_thread)] [_log] - 127.0.0.1 - - [05/May/2025 17:14:51] "GET / HTTP/1.1" 200 -
2025-05-05 17:14:56,881 - INFO - [Thread-33 (process_request_thread)] [initiate_upload] - Request initiate upload.
2025-05-05 17:14:56,882 - INFO - [Thread-33 (process_request_thread)] [initiate_upload] - [4c54ec73-b876-4461-ab1b-d61149b226bb] Anonymous upload initiated.
2025-05-05 17:14:56,882 - INFO - [Thread-33 (process_request_thread)] [initiate_upload] - [4c54ec73-b876-4461-ab1b-d61149b226bb] Temp storage path: uploads_temp\4c54ec73-b876-4461-ab1b-d61149b226bb_auth.txt
2025-05-05 17:14:56,885 - INFO - [Thread-33 (process_request_thread)] [initiate_upload] - [4c54ec73-b876-4461-ab1b-d61149b226bb] Temp file saved: 'auth.txt'.
2025-05-05 17:14:56,886 - INFO - [Thread-33 (process_request_thread)] [_log] - 127.0.0.1 - - [05/May/2025 17:14:56] "POST /initiate-upload HTTP/1.1" 200 -
2025-05-05 17:14:57,201 - INFO - [Thread-34 (process_request_thread)] [stream_progress] - SSE connect request for upload_id: 4c54ec73-b876-4461-ab1b-d61149b226bb
2025-05-05 17:14:57,202 - INFO - [Thread-34 (process_request_thread)] [process_upload_and_generate_updates] - [4c54ec73-b876-4461-ab1b-d61149b226bb] Starting processing generator...
2025-05-05 17:14:57,202 - INFO - [Thread-34 (process_request_thread)] [process_upload_and_generate_updates] - [4c54ec73-b876-4461-ab1b-d61149b226bb] Processing: User='anonymous', File='auth.txt'
2025-05-05 17:14:57,203 - INFO - [Thread-34 (process_request_thread)] [process_upload_and_generate_updates] - [4c54ec73-b876-4461-ab1b-d61149b226bb] Initialized Upload Executor (max=5)
2025-05-05 17:14:57,203 - INFO - [Thread-34 (process_request_thread)] [_log] - 127.0.0.1 - - [05/May/2025 17:14:57] "GET /stream-progress/4c54ec73-b876-4461-ab1b-d61149b226bb HTTP/1.1" 200 -
2025-05-05 17:14:57,204 - INFO - [Thread-34 (process_request_thread)] [process_upload_and_generate_updates] - [4c54ec73-b876-4461-ab1b-d61149b226bb] Access ID: 53139dc608
2025-05-05 17:14:57,204 - INFO - [Thread-34 (process_request_thread)] [process_upload_and_generate_updates] - [4c54ec73-b876-4461-ab1b-d61149b226bb] Single file workflow.
2025-05-05 17:14:57,206 - INFO - [Thread-34 (process_request_thread)] [process_upload_and_generate_updates] - [4c54ec73-b876-4461-ab1b-d61149b226bb] Compressed size: 172
2025-05-05 17:14:57,208 - INFO - [Upload_4c54_0] [_send_single_file_task] - [4c54ec73-b876-4461-ab1b-d61149b226bb] T> Sending 'auth.zip' (172b) to -4603853425
2025-05-05 17:14:57,208 - INFO - [Upload_4c54_1] [_send_single_file_task] - [4c54ec73-b876-4461-ab1b-d61149b226bb] T> Sending 'auth.zip' (172b) to -1002614397019
2025-05-05 17:14:57,209 - INFO - [Upload_4c54_0] [send_file_to_telegram] - [ChatID -4603853425, File 'auth.zip'] Attempting send.
2025-05-05 17:14:57,209 - INFO - [Thread-34 (process_request_thread)] [process_upload_and_generate_updates] - [4c54ec73-b876-4461-ab1b-d61149b226bb] Submitted 3 single-file tasks.
2025-05-05 17:14:57,209 - INFO - [Upload_4c54_2] [_send_single_file_task] - [4c54ec73-b876-4461-ab1b-d61149b226bb] T> Sending 'auth.zip' (172b) to -4641852757
2025-05-05 17:14:57,210 - INFO - [Upload_4c54_1] [send_file_to_telegram] - [ChatID -1002614397019, File 'auth.zip'] Attempting send.
2025-05-05 17:14:57,213 - INFO - [Thread-34 (process_request_thread)] [process_upload_and_generate_updates] - [4c54ec73-b876-4461-ab1b-d61149b226bb] Wait primary (-4603853425)...
2025-05-05 17:14:57,218 - INFO - [Upload_4c54_2] [send_file_to_telegram] - [ChatID -4641852757, File 'auth.zip'] Attempting send.
2025-05-05 17:14:57,725 - INFO - [Upload_4c54_1] [send_file_to_telegram] - [ChatID -1002614397019, File 'auth.zip'] API success (Attempt 1).
2025-05-05 17:14:57,726 - INFO - [Upload_4c54_1] [_send_single_file_task] - [4c54ec73-b876-4461-ab1b-d61149b226bb] T> Sent 'auth.zip' to -1002614397019. Success: True
2025-05-05 17:14:57,740 - INFO - [Upload_4c54_0] [send_file_to_telegram] - [ChatID -4603853425, File 'auth.zip'] API success (Attempt 1).
2025-05-05 17:14:57,741 - INFO - [Upload_4c54_0] [_send_single_file_task] - [4c54ec73-b876-4461-ab1b-d61149b226bb] T> Sent 'auth.zip' to -4603853425. Success: True
2025-05-05 17:14:57,741 - INFO - [Thread-34 (process_request_thread)] [process_upload_and_generate_updates] - [4c54ec73-b876-4461-ab1b-d61149b226bb] Primary done. OK:True
2025-05-05 17:14:57,742 - INFO - [Thread-34 (process_request_thread)] [process_upload_and_generate_updates] - [4c54ec73-b876-4461-ab1b-d61149b226bb] Wait backups...
2025-05-05 17:14:57,883 - INFO - [Upload_4c54_2] [send_file_to_telegram] - [ChatID -4641852757, File 'auth.zip'] API success (Attempt 1).
2025-05-05 17:14:57,884 - INFO - [Upload_4c54_2] [_send_single_file_task] - [4c54ec73-b876-4461-ab1b-d61149b226bb] T> Sent 'auth.zip' to -4641852757. Success: True
2025-05-05 17:14:57,884 - INFO - [Thread-34 (process_request_thread)] [process_upload_and_generate_updates] - [4c54ec73-b876-4461-ab1b-d61149b226bb] Single sends done in 0.68s.
2025-05-05 17:14:57,885 - INFO - [Thread-34 (process_request_thread)] [process_upload_and_generate_updates] - [4c54ec73-b876-4461-ab1b-d61149b226bb] Success: 3/3
2025-05-05 17:14:57,885 - INFO - [Thread-34 (process_request_thread)] [process_upload_and_generate_updates] - [4c54ec73-b876-4461-ab1b-d61149b226bb] Attempting to save metadata to DB...
2025-05-05 17:14:57,953 - INFO - [Thread-34 (process_request_thread)] [save_file_metadata] - Successfully inserted metadata for access_id: 53139dc608
2025-05-05 17:14:57,953 - INFO - [Thread-34 (process_request_thread)] [process_upload_and_generate_updates] - [4c54ec73-b876-4461-ab1b-d61149b226bb] Metadata successfully saved to DB. Msg: Metadata inserted (ID: 6818a4ba1969d4a304aed180).
2025-05-05 17:14:57,954 - INFO - [Thread-34 (process_request_thread)] [process_upload_and_generate_updates] - [4c54ec73-b876-4461-ab1b-d61149b226bb] Upload generator cleanup.
2025-05-05 17:14:57,955 - INFO - [Thread-34 (process_request_thread)] [process_upload_and_generate_updates] - [4c54ec73-b876-4461-ab1b-d61149b226bb] Upload executor shutdown.
2025-05-05 17:14:57,956 - INFO - [Thread-34 (process_request_thread)] [_safe_remove_file] - [4c54ec73-b876-4461-ab1b-d61149b226bb] Cleaned up original temp: uploads_temp\4c54ec73-b876-4461-ab1b-d61149b226bb_auth.txt
2025-05-05 17:14:57,957 - INFO - [Thread-34 (process_request_thread)] [process_upload_and_generate_updates] - [4c54ec73-b876-4461-ab1b-d61149b226bb] Upload generator finished. Status: completed
2025-05-05 17:15:04,395 - INFO - [Thread-35 (process_request_thread)] [_log] - 127.0.0.1 - - [05/May/2025 17:15:04] "GET /login HTTP/1.1" 200 -
2025-05-05 17:15:15,851 - INFO - [Thread-36 (process_request_thread)] [login] - Login attempt for email: gredy@gmail.com
2025-05-05 17:15:15,907 - INFO - [Thread-36 (process_request_thread)] [find_user_by_email] - Found user record for email: gredy@gmail.com
2025-05-05 17:15:16,421 - INFO - [Thread-36 (process_request_thread)] [login] - User 'Gredy' (gredy@gmail.com) logged in successfully.
2025-05-05 17:15:16,422 - INFO - [Thread-36 (process_request_thread)] [_log] - 127.0.0.1 - - [05/May/2025 17:15:16] "[32mPOST /login HTTP/1.1[0m" 302 -
2025-05-05 17:15:16,427 - INFO - [Thread-37 (process_request_thread)] [index] - Serving index page.
2025-05-05 17:15:16,484 - INFO - [Thread-37 (process_request_thread)] [_log] - 127.0.0.1 - - [05/May/2025 17:15:16] "GET / HTTP/1.1" 200 -
2025-05-05 17:15:27,061 - INFO - [Thread-38 (process_request_thread)] [initiate_upload] - Request initiate upload.
2025-05-05 17:15:27,117 - INFO - [Thread-38 (process_request_thread)] [initiate_upload] - [a6cee677-df96-4135-84ad-8a0dc0cf6195] Authenticated upload initiated by user: Email='gredy@gmail.com', Username='Gredy'
2025-05-05 17:15:27,118 - INFO - [Thread-38 (process_request_thread)] [initiate_upload] - [a6cee677-df96-4135-84ad-8a0dc0cf6195] Temp storage path: uploads_temp\a6cee677-df96-4135-84ad-8a0dc0cf6195_.env
2025-05-05 17:15:27,120 - INFO - [Thread-38 (process_request_thread)] [initiate_upload] - [a6cee677-df96-4135-84ad-8a0dc0cf6195] Temp file saved: '.env'.
2025-05-05 17:15:27,121 - INFO - [Thread-38 (process_request_thread)] [_log] - 127.0.0.1 - - [05/May/2025 17:15:27] "POST /initiate-upload HTTP/1.1" 200 -
2025-05-05 17:15:27,320 - INFO - [Thread-39 (process_request_thread)] [stream_progress] - SSE connect request for upload_id: a6cee677-df96-4135-84ad-8a0dc0cf6195
2025-05-05 17:15:27,322 - INFO - [Thread-39 (process_request_thread)] [process_upload_and_generate_updates] - [a6cee677-df96-4135-84ad-8a0dc0cf6195] Starting processing generator...
2025-05-05 17:15:27,322 - INFO - [Thread-39 (process_request_thread)] [process_upload_and_generate_updates] - [a6cee677-df96-4135-84ad-8a0dc0cf6195] Processing: User='Gredy', File='.env'
2025-05-05 17:15:27,322 - INFO - [Thread-39 (process_request_thread)] [process_upload_and_generate_updates] - [a6cee677-df96-4135-84ad-8a0dc0cf6195] Initialized Upload Executor (max=5)
2025-05-05 17:15:27,323 - INFO - [Thread-39 (process_request_thread)] [_log] - 127.0.0.1 - - [05/May/2025 17:15:27] "GET /stream-progress/a6cee677-df96-4135-84ad-8a0dc0cf6195 HTTP/1.1" 200 -
2025-05-05 17:15:27,323 - INFO - [Thread-39 (process_request_thread)] [process_upload_and_generate_updates] - [a6cee677-df96-4135-84ad-8a0dc0cf6195] Access ID: 7b523b5a0b
2025-05-05 17:15:27,323 - INFO - [Thread-39 (process_request_thread)] [process_upload_and_generate_updates] - [a6cee677-df96-4135-84ad-8a0dc0cf6195] Single file workflow.
2025-05-05 17:15:27,326 - INFO - [Thread-39 (process_request_thread)] [process_upload_and_generate_updates] - [a6cee677-df96-4135-84ad-8a0dc0cf6195] Compressed size: 201
2025-05-05 17:15:27,328 - INFO - [Upload_a6ce_0] [_send_single_file_task] - [a6cee677-df96-4135-84ad-8a0dc0cf6195] T> Sending '.env.zip' (201b) to -4603853425
2025-05-05 17:15:27,328 - INFO - [Upload_a6ce_1] [_send_single_file_task] - [a6cee677-df96-4135-84ad-8a0dc0cf6195] T> Sending '.env.zip' (201b) to -1002614397019
2025-05-05 17:15:27,328 - INFO - [Upload_a6ce_0] [send_file_to_telegram] - [ChatID -4603853425, File '.env.zip'] Attempting send.
2025-05-05 17:15:27,328 - INFO - [Upload_a6ce_2] [_send_single_file_task] - [a6cee677-df96-4135-84ad-8a0dc0cf6195] T> Sending '.env.zip' (201b) to -4641852757
2025-05-05 17:15:27,328 - INFO - [Thread-39 (process_request_thread)] [process_upload_and_generate_updates] - [a6cee677-df96-4135-84ad-8a0dc0cf6195] Submitted 3 single-file tasks.
2025-05-05 17:15:27,329 - INFO - [Upload_a6ce_1] [send_file_to_telegram] - [ChatID -1002614397019, File '.env.zip'] Attempting send.
2025-05-05 17:15:27,334 - INFO - [Upload_a6ce_2] [send_file_to_telegram] - [ChatID -4641852757, File '.env.zip'] Attempting send.
2025-05-05 17:15:27,335 - INFO - [Thread-39 (process_request_thread)] [process_upload_and_generate_updates] - [a6cee677-df96-4135-84ad-8a0dc0cf6195] Wait primary (-4603853425)...
2025-05-05 17:15:27,842 - INFO - [Upload_a6ce_2] [send_file_to_telegram] - [ChatID -4641852757, File '.env.zip'] API success (Attempt 1).
2025-05-05 17:15:27,843 - INFO - [Upload_a6ce_2] [_send_single_file_task] - [a6cee677-df96-4135-84ad-8a0dc0cf6195] T> Sent '.env.zip' to -4641852757. Success: True
2025-05-05 17:15:27,875 - INFO - [Upload_a6ce_0] [send_file_to_telegram] - [ChatID -4603853425, File '.env.zip'] API success (Attempt 1).
2025-05-05 17:15:27,875 - INFO - [Upload_a6ce_0] [_send_single_file_task] - [a6cee677-df96-4135-84ad-8a0dc0cf6195] T> Sent '.env.zip' to -4603853425. Success: True
2025-05-05 17:15:27,875 - INFO - [Thread-39 (process_request_thread)] [process_upload_and_generate_updates] - [a6cee677-df96-4135-84ad-8a0dc0cf6195] Primary done. OK:True
2025-05-05 17:15:27,876 - INFO - [Thread-39 (process_request_thread)] [process_upload_and_generate_updates] - [a6cee677-df96-4135-84ad-8a0dc0cf6195] Wait backups...
2025-05-05 17:15:28,008 - INFO - [Upload_a6ce_1] [send_file_to_telegram] - [ChatID -1002614397019, File '.env.zip'] API success (Attempt 1).
2025-05-05 17:15:28,008 - INFO - [Upload_a6ce_1] [_send_single_file_task] - [a6cee677-df96-4135-84ad-8a0dc0cf6195] T> Sent '.env.zip' to -1002614397019. Success: True
2025-05-05 17:15:28,008 - INFO - [Thread-39 (process_request_thread)] [process_upload_and_generate_updates] - [a6cee677-df96-4135-84ad-8a0dc0cf6195] Single sends done in 0.68s.
2025-05-05 17:15:28,009 - INFO - [Thread-39 (process_request_thread)] [process_upload_and_generate_updates] - [a6cee677-df96-4135-84ad-8a0dc0cf6195] Success: 3/3
2025-05-05 17:15:28,009 - INFO - [Thread-39 (process_request_thread)] [process_upload_and_generate_updates] - [a6cee677-df96-4135-84ad-8a0dc0cf6195] Attempting to save metadata to DB...
2025-05-05 17:15:28,068 - INFO - [Thread-39 (process_request_thread)] [save_file_metadata] - Successfully inserted metadata for access_id: 7b523b5a0b
2025-05-05 17:15:28,069 - INFO - [Thread-39 (process_request_thread)] [process_upload_and_generate_updates] - [a6cee677-df96-4135-84ad-8a0dc0cf6195] Metadata successfully saved to DB. Msg: Metadata inserted (ID: 6818a4d81969d4a304aed181).
2025-05-05 17:15:28,069 - INFO - [Thread-39 (process_request_thread)] [process_upload_and_generate_updates] - [a6cee677-df96-4135-84ad-8a0dc0cf6195] Upload generator cleanup.
2025-05-05 17:15:28,070 - INFO - [Thread-39 (process_request_thread)] [process_upload_and_generate_updates] - [a6cee677-df96-4135-84ad-8a0dc0cf6195] Upload executor shutdown.
2025-05-05 17:15:28,071 - INFO - [Thread-39 (process_request_thread)] [_safe_remove_file] - [a6cee677-df96-4135-84ad-8a0dc0cf6195] Cleaned up original temp: uploads_temp\a6cee677-df96-4135-84ad-8a0dc0cf6195_.env
2025-05-05 17:15:28,072 - INFO - [Thread-39 (process_request_thread)] [process_upload_and_generate_updates] - [a6cee677-df96-4135-84ad-8a0dc0cf6195] Upload generator finished. Status: completed
