2025-04-16 16:45:53,757 - INFO - [<module>] - Logging configured. Log file: Selenium-Logs\app_20250416_164553.log
2025-04-16 16:45:53,759 - INFO - [<module>] - Flask application initialized.
2025-04-16 16:45:53,762 - INFO - [<module>] - Starting Flask development server...
2025-04-16 16:45:53,801 - WARNING - [_log] -  * Debugger is active!
2025-04-16 16:45:53,813 - INFO - [_log] -  * Debugger PIN: 107-410-311
2025-04-16 16:45:57,975 - INFO - [index] - Serving index page.
2025-04-16 16:45:57,984 - INFO - [_log] - 127.0.0.1 - - [16/Apr/2025 16:45:57] "GET / HTTP/1.1" 200 -
2025-04-16 16:45:58,004 - INFO - [_log] - 127.0.0.1 - - [16/Apr/2025 16:45:58] "[33mGET /static/style.css HTTP/1.1[0m" 404 -
2025-04-16 16:46:11,438 - INFO - [upload_file] - Received file upload request.
2025-04-16 16:46:11,440 - INFO - [upload_file] - Processing upload: User='John', File='bot.py'
2025-04-16 16:46:11,441 - INFO - [upload_file] - File 'bot.py' size: 2350 bytes.
2025-04-16 16:46:11,441 - INFO - [upload_file] - 'bot.py' is small (2350 bytes). Sending as single file.
2025-04-16 16:46:11,443 - INFO - [upload_file] - Compressed 'bot.py' to 1072 bytes.
2025-04-16 16:46:11,444 - INFO - [upload_file] - Starting Telegram send for single compressed file 'bot.py.zip'...
2025-04-16 16:46:11,444 - INFO - [send_file_to_telegram] - Sending file 'bot.py.zip' to Telegram chat ID: -4603853425
2025-04-16 16:46:12,536 - INFO - [send_file_to_telegram] - Telegram API success for 'bot.py.zip'.
2025-04-16 16:46:12,538 - INFO - [upload_file] - Finished Telegram send for 'bot.py.zip'. Duration: 1.09 seconds.
2025-04-16 16:46:12,538 - INFO - [upload_file] - Average Upload Rate (Flask->Telegram): 0.00 MB/s
2025-04-16 16:46:12,538 - INFO - [upload_file] - Single file 'bot.py' sent successfully via Telegram.
2025-04-16 16:46:12,539 - INFO - [upload_file] - Extracted IDs for 'bot.py': MsgID=166, UniqueID=AgAEIAACFjYAAVQ
2025-04-16 16:46:12,564 - INFO - [load_metadata] - Successfully loaded metadata from 'metadata.json'.
2025-04-16 16:46:12,570 - INFO - [save_metadata] - Successfully saved metadata to 'metadata.json'.
2025-04-16 16:46:12,571 - INFO - [upload_file] - Successfully saved metadata for single file 'bot.py'.
2025-04-16 16:46:12,574 - INFO - [upload_file] - Finished processing single(compressed) file 'bot.py' in 1.13 seconds.
2025-04-16 16:46:12,575 - INFO - [_log] - 127.0.0.1 - - [16/Apr/2025 16:46:12] "[32mPOST /upload HTTP/1.1[0m" 302 -
2025-04-16 16:46:12,581 - INFO - [index] - Serving index page.
2025-04-16 16:46:12,582 - INFO - [_log] - 127.0.0.1 - - [16/Apr/2025 16:46:12] "GET / HTTP/1.1" 200 -
2025-04-16 16:46:14,713 - INFO - [index] - Serving index page.
2025-04-16 16:46:14,715 - INFO - [_log] - 127.0.0.1 - - [16/Apr/2025 16:46:14] "GET / HTTP/1.1" 200 -
2025-04-16 16:46:14,733 - INFO - [_log] - 127.0.0.1 - - [16/Apr/2025 16:46:14] "[33mGET /static/style.css HTTP/1.1[0m" 404 -
2025-04-16 16:47:04,762 - INFO - [upload_file] - Received file upload request.
2025-04-16 16:47:10,222 - INFO - [upload_file] - Processing upload: User='Kamla', File='500MB-CZIPtestfile.org (1).zip'
2025-04-16 16:47:10,222 - INFO - [upload_file] - File '500MB-CZIPtestfile.org (1).zip' size: 524288000 bytes.
2025-04-16 16:47:10,222 - INFO - [upload_file] - '500MB-CZIPtestfile.org (1).zip' is large (524288000 bytes). Compressing before splitting.
2025-04-16 16:47:10,223 - INFO - [upload_file] - Created temporary file for compression: C:\Users\DELL\AppData\Local\Temp\tmpiienmhrb.zip
2025-04-16 16:47:10,223 - INFO - [upload_file] - Compressing '500MB-CZIPtestfile.org (1).zip' into temporary file...
2025-04-16 16:47:25,734 - INFO - [upload_file] - Finished compressing to 'C:\Users\DELL\AppData\Local\Temp\tmpiienmhrb.zip'. Size: 524448088 bytes. Time: 15.51s.
2025-04-16 16:47:25,734 - INFO - [upload_file] - Starting split upload for compressed file '500MB-CZIPtestfile.org (1).zip.zip' (Chunk size: 50331648 bytes).
2025-04-16 16:47:25,753 - INFO - [upload_file] - Reading chunk 1 for COMPRESSED file '500MB-CZIPtestfile.org (1).zip.zip' starting at byte 0.
2025-04-16 16:47:25,783 - INFO - [upload_file] - Read chunk 1 (50331648 bytes) for '500MB-CZIPtestfile.org (1).zip.zip'. Total read: 50331648/524448088
2025-04-16 16:47:25,783 - INFO - [upload_file] - Attempting to send chunk: '500MB-CZIPtestfile.org (1).zip.zip.part_001'
2025-04-16 16:47:25,783 - INFO - [send_file_to_telegram] - Sending file '500MB-CZIPtestfile.org (1).zip.zip.part_001' to Telegram chat ID: -4603853425
2025-04-16 16:47:47,972 - INFO - [send_file_to_telegram] - Telegram API success for '500MB-CZIPtestfile.org (1).zip.zip.part_001'.
2025-04-16 16:47:47,978 - INFO - [upload_file] - Finished Telegram send for chunk '500MB-CZIPtestfile.org (1).zip.zip.part_001'. Duration: 22.20 seconds.
2025-04-16 16:47:47,979 - INFO - [upload_file] -   Chunk Upload Rate (Flask->Telegram): 2.16 MB/s
2025-04-16 16:47:47,979 - INFO - [upload_file] -   Progress: 48.0/500.2 MB (9.6%)
2025-04-16 16:47:47,982 - INFO - [upload_file] -   Average Speed: 2.16 MB/s
2025-04-16 16:47:47,982 - INFO - [upload_file] -   Estimated Time Remaining (ETA): 03:29
2025-04-16 16:47:47,983 - INFO - [upload_file] - Chunk '500MB-CZIPtestfile.org (1).zip.zip.part_001' sent successfully.
2025-04-16 16:47:47,983 - INFO - [upload_file] - Successfully processed chunk '500MB-CZIPtestfile.org (1).zip.zip.part_001' (MsgID=167) in 22.20s.
2025-04-16 16:47:47,986 - INFO - [upload_file] - Reading chunk 2 for COMPRESSED file '500MB-CZIPtestfile.org (1).zip.zip' starting at byte 50331648.
2025-04-16 16:47:48,027 - INFO - [upload_file] - Read chunk 2 (50331648 bytes) for '500MB-CZIPtestfile.org (1).zip.zip'. Total read: 100663296/524448088
2025-04-16 16:47:48,028 - INFO - [upload_file] - Attempting to send chunk: '500MB-CZIPtestfile.org (1).zip.zip.part_002'
2025-04-16 16:47:48,028 - INFO - [send_file_to_telegram] - Sending file '500MB-CZIPtestfile.org (1).zip.zip.part_002' to Telegram chat ID: -4603853425
2025-04-16 16:48:14,597 - INFO - [send_file_to_telegram] - Telegram API success for '500MB-CZIPtestfile.org (1).zip.zip.part_002'.
2025-04-16 16:48:14,602 - INFO - [upload_file] - Finished Telegram send for chunk '500MB-CZIPtestfile.org (1).zip.zip.part_002'. Duration: 26.57 seconds.
2025-04-16 16:48:14,602 - INFO - [upload_file] -   Chunk Upload Rate (Flask->Telegram): 1.81 MB/s
2025-04-16 16:48:14,602 - INFO - [upload_file] -   Progress: 96.0/500.2 MB (19.2%)
2025-04-16 16:48:14,603 - INFO - [upload_file] -   Average Speed: 1.97 MB/s
2025-04-16 16:48:14,603 - INFO - [upload_file] -   Estimated Time Remaining (ETA): 03:25
2025-04-16 16:48:14,603 - INFO - [upload_file] - Chunk '500MB-CZIPtestfile.org (1).zip.zip.part_002' sent successfully.
2025-04-16 16:48:14,604 - INFO - [upload_file] - Successfully processed chunk '500MB-CZIPtestfile.org (1).zip.zip.part_002' (MsgID=168) in 26.57s.
2025-04-16 16:48:14,604 - INFO - [upload_file] - Reading chunk 3 for COMPRESSED file '500MB-CZIPtestfile.org (1).zip.zip' starting at byte 100663296.
2025-04-16 16:48:14,634 - INFO - [upload_file] - Read chunk 3 (50331648 bytes) for '500MB-CZIPtestfile.org (1).zip.zip'. Total read: 150994944/524448088
2025-04-16 16:48:14,634 - INFO - [upload_file] - Attempting to send chunk: '500MB-CZIPtestfile.org (1).zip.zip.part_003'
2025-04-16 16:48:14,635 - INFO - [send_file_to_telegram] - Sending file '500MB-CZIPtestfile.org (1).zip.zip.part_003' to Telegram chat ID: -4603853425
2025-04-16 16:48:33,800 - INFO - [send_file_to_telegram] - Telegram API success for '500MB-CZIPtestfile.org (1).zip.zip.part_003'.
2025-04-16 16:48:33,804 - INFO - [upload_file] - Finished Telegram send for chunk '500MB-CZIPtestfile.org (1).zip.zip.part_003'. Duration: 19.17 seconds.
2025-04-16 16:48:33,805 - INFO - [upload_file] -   Chunk Upload Rate (Flask->Telegram): 2.50 MB/s
2025-04-16 16:48:33,805 - INFO - [upload_file] -   Progress: 144.0/500.2 MB (28.8%)
2025-04-16 16:48:33,805 - INFO - [upload_file] -   Average Speed: 2.12 MB/s
2025-04-16 16:48:33,805 - INFO - [upload_file] -   Estimated Time Remaining (ETA): 02:48
2025-04-16 16:48:33,806 - INFO - [upload_file] - Chunk '500MB-CZIPtestfile.org (1).zip.zip.part_003' sent successfully.
2025-04-16 16:48:33,806 - INFO - [upload_file] - Successfully processed chunk '500MB-CZIPtestfile.org (1).zip.zip.part_003' (MsgID=169) in 19.17s.
2025-04-16 16:48:33,806 - INFO - [upload_file] - Reading chunk 4 for COMPRESSED file '500MB-CZIPtestfile.org (1).zip.zip' starting at byte 150994944.
2025-04-16 16:48:33,838 - INFO - [upload_file] - Read chunk 4 (50331648 bytes) for '500MB-CZIPtestfile.org (1).zip.zip'. Total read: 201326592/524448088
2025-04-16 16:48:33,838 - INFO - [upload_file] - Attempting to send chunk: '500MB-CZIPtestfile.org (1).zip.zip.part_004'
2025-04-16 16:48:33,838 - INFO - [send_file_to_telegram] - Sending file '500MB-CZIPtestfile.org (1).zip.zip.part_004' to Telegram chat ID: -4603853425
2025-04-16 16:48:56,834 - INFO - [send_file_to_telegram] - Telegram API success for '500MB-CZIPtestfile.org (1).zip.zip.part_004'.
2025-04-16 16:48:56,839 - INFO - [upload_file] - Finished Telegram send for chunk '500MB-CZIPtestfile.org (1).zip.zip.part_004'. Duration: 23.00 seconds.
2025-04-16 16:48:56,840 - INFO - [upload_file] -   Chunk Upload Rate (Flask->Telegram): 2.09 MB/s
2025-04-16 16:48:56,840 - INFO - [upload_file] -   Progress: 192.0/500.2 MB (38.4%)
2025-04-16 16:48:56,840 - INFO - [upload_file] -   Average Speed: 2.11 MB/s
2025-04-16 16:48:56,841 - INFO - [upload_file] -   Estimated Time Remaining (ETA): 02:26
2025-04-16 16:48:56,841 - INFO - [upload_file] - Chunk '500MB-CZIPtestfile.org (1).zip.zip.part_004' sent successfully.
2025-04-16 16:48:56,842 - INFO - [upload_file] - Successfully processed chunk '500MB-CZIPtestfile.org (1).zip.zip.part_004' (MsgID=170) in 23.00s.
2025-04-16 16:48:56,842 - INFO - [upload_file] - Reading chunk 5 for COMPRESSED file '500MB-CZIPtestfile.org (1).zip.zip' starting at byte 201326592.
2025-04-16 16:48:56,872 - INFO - [upload_file] - Read chunk 5 (50331648 bytes) for '500MB-CZIPtestfile.org (1).zip.zip'. Total read: 251658240/524448088
2025-04-16 16:48:56,872 - INFO - [upload_file] - Attempting to send chunk: '500MB-CZIPtestfile.org (1).zip.zip.part_005'
2025-04-16 16:48:56,873 - INFO - [send_file_to_telegram] - Sending file '500MB-CZIPtestfile.org (1).zip.zip.part_005' to Telegram chat ID: -4603853425
2025-04-16 16:49:22,341 - INFO - [send_file_to_telegram] - Telegram API success for '500MB-CZIPtestfile.org (1).zip.zip.part_005'.
2025-04-16 16:49:22,346 - INFO - [upload_file] - Finished Telegram send for chunk '500MB-CZIPtestfile.org (1).zip.zip.part_005'. Duration: 25.47 seconds.
2025-04-16 16:49:22,346 - INFO - [upload_file] -   Chunk Upload Rate (Flask->Telegram): 1.88 MB/s
2025-04-16 16:49:22,347 - INFO - [upload_file] -   Progress: 240.0/500.2 MB (48.0%)
2025-04-16 16:49:22,347 - INFO - [upload_file] -   Average Speed: 2.06 MB/s
2025-04-16 16:49:22,347 - INFO - [upload_file] -   Estimated Time Remaining (ETA): 02:06
2025-04-16 16:49:22,348 - INFO - [upload_file] - Chunk '500MB-CZIPtestfile.org (1).zip.zip.part_005' sent successfully.
2025-04-16 16:49:22,348 - INFO - [upload_file] - Successfully processed chunk '500MB-CZIPtestfile.org (1).zip.zip.part_005' (MsgID=171) in 25.47s.
2025-04-16 16:49:22,348 - INFO - [upload_file] - Reading chunk 6 for COMPRESSED file '500MB-CZIPtestfile.org (1).zip.zip' starting at byte 251658240.
2025-04-16 16:49:22,376 - INFO - [upload_file] - Read chunk 6 (50331648 bytes) for '500MB-CZIPtestfile.org (1).zip.zip'. Total read: 301989888/524448088
2025-04-16 16:49:22,377 - INFO - [upload_file] - Attempting to send chunk: '500MB-CZIPtestfile.org (1).zip.zip.part_006'
2025-04-16 16:49:22,377 - INFO - [send_file_to_telegram] - Sending file '500MB-CZIPtestfile.org (1).zip.zip.part_006' to Telegram chat ID: -4603853425
2025-04-16 16:49:41,237 - INFO - [send_file_to_telegram] - Telegram API success for '500MB-CZIPtestfile.org (1).zip.zip.part_006'.
2025-04-16 16:49:41,243 - INFO - [upload_file] - Finished Telegram send for chunk '500MB-CZIPtestfile.org (1).zip.zip.part_006'. Duration: 18.87 seconds.
2025-04-16 16:49:41,243 - INFO - [upload_file] -   Chunk Upload Rate (Flask->Telegram): 2.54 MB/s
2025-04-16 16:49:41,244 - INFO - [upload_file] -   Progress: 288.0/500.2 MB (57.6%)
2025-04-16 16:49:41,244 - INFO - [upload_file] -   Average Speed: 2.13 MB/s
2025-04-16 16:49:41,244 - INFO - [upload_file] -   Estimated Time Remaining (ETA): 01:39
2025-04-16 16:49:41,245 - INFO - [upload_file] - Chunk '500MB-CZIPtestfile.org (1).zip.zip.part_006' sent successfully.
2025-04-16 16:49:41,245 - INFO - [upload_file] - Successfully processed chunk '500MB-CZIPtestfile.org (1).zip.zip.part_006' (MsgID=172) in 18.87s.
2025-04-16 16:49:41,245 - INFO - [upload_file] - Reading chunk 7 for COMPRESSED file '500MB-CZIPtestfile.org (1).zip.zip' starting at byte 301989888.
2025-04-16 16:49:41,289 - INFO - [upload_file] - Read chunk 7 (50331648 bytes) for '500MB-CZIPtestfile.org (1).zip.zip'. Total read: 352321536/524448088
2025-04-16 16:49:41,289 - INFO - [upload_file] - Attempting to send chunk: '500MB-CZIPtestfile.org (1).zip.zip.part_007'
2025-04-16 16:49:41,289 - INFO - [send_file_to_telegram] - Sending file '500MB-CZIPtestfile.org (1).zip.zip.part_007' to Telegram chat ID: -4603853425
2025-04-16 16:50:00,744 - INFO - [send_file_to_telegram] - Telegram API success for '500MB-CZIPtestfile.org (1).zip.zip.part_007'.
2025-04-16 16:50:00,749 - INFO - [upload_file] - Finished Telegram send for chunk '500MB-CZIPtestfile.org (1).zip.zip.part_007'. Duration: 19.46 seconds.
2025-04-16 16:50:00,750 - INFO - [upload_file] -   Chunk Upload Rate (Flask->Telegram): 2.47 MB/s
2025-04-16 16:50:00,750 - INFO - [upload_file] -   Progress: 336.0/500.2 MB (67.2%)
2025-04-16 16:50:00,750 - INFO - [upload_file] -   Average Speed: 2.17 MB/s
2025-04-16 16:50:00,751 - INFO - [upload_file] -   Estimated Time Remaining (ETA): 01:15
2025-04-16 16:50:00,752 - INFO - [upload_file] - Chunk '500MB-CZIPtestfile.org (1).zip.zip.part_007' sent successfully.
2025-04-16 16:50:00,754 - INFO - [upload_file] - Successfully processed chunk '500MB-CZIPtestfile.org (1).zip.zip.part_007' (MsgID=173) in 19.46s.
2025-04-16 16:50:00,754 - INFO - [upload_file] - Reading chunk 8 for COMPRESSED file '500MB-CZIPtestfile.org (1).zip.zip' starting at byte 352321536.
2025-04-16 16:50:00,785 - INFO - [upload_file] - Read chunk 8 (50331648 bytes) for '500MB-CZIPtestfile.org (1).zip.zip'. Total read: 402653184/524448088
2025-04-16 16:50:00,787 - INFO - [upload_file] - Attempting to send chunk: '500MB-CZIPtestfile.org (1).zip.zip.part_008'
2025-04-16 16:50:00,788 - INFO - [send_file_to_telegram] - Sending file '500MB-CZIPtestfile.org (1).zip.zip.part_008' to Telegram chat ID: -4603853425
2025-04-16 16:50:16,696 - INFO - [send_file_to_telegram] - Telegram API success for '500MB-CZIPtestfile.org (1).zip.zip.part_008'.
2025-04-16 16:50:16,701 - INFO - [upload_file] - Finished Telegram send for chunk '500MB-CZIPtestfile.org (1).zip.zip.part_008'. Duration: 15.91 seconds.
2025-04-16 16:50:16,701 - INFO - [upload_file] -   Chunk Upload Rate (Flask->Telegram): 3.02 MB/s
2025-04-16 16:50:16,701 - INFO - [upload_file] -   Progress: 384.0/500.2 MB (76.8%)
2025-04-16 16:50:16,702 - INFO - [upload_file] -   Average Speed: 2.25 MB/s
2025-04-16 16:50:16,702 - INFO - [upload_file] -   Estimated Time Remaining (ETA): 00:51
2025-04-16 16:50:16,703 - INFO - [upload_file] - Chunk '500MB-CZIPtestfile.org (1).zip.zip.part_008' sent successfully.
2025-04-16 16:50:16,703 - INFO - [upload_file] - Successfully processed chunk '500MB-CZIPtestfile.org (1).zip.zip.part_008' (MsgID=174) in 15.91s.
2025-04-16 16:50:16,703 - INFO - [upload_file] - Reading chunk 9 for COMPRESSED file '500MB-CZIPtestfile.org (1).zip.zip' starting at byte 402653184.
2025-04-16 16:50:16,732 - INFO - [upload_file] - Read chunk 9 (50331648 bytes) for '500MB-CZIPtestfile.org (1).zip.zip'. Total read: 452984832/524448088
2025-04-16 16:50:16,733 - INFO - [upload_file] - Attempting to send chunk: '500MB-CZIPtestfile.org (1).zip.zip.part_009'
2025-04-16 16:50:16,734 - INFO - [send_file_to_telegram] - Sending file '500MB-CZIPtestfile.org (1).zip.zip.part_009' to Telegram chat ID: -4603853425
2025-04-16 16:50:41,892 - INFO - [send_file_to_telegram] - Telegram API success for '500MB-CZIPtestfile.org (1).zip.zip.part_009'.
2025-04-16 16:50:41,897 - INFO - [upload_file] - Finished Telegram send for chunk '500MB-CZIPtestfile.org (1).zip.zip.part_009'. Duration: 25.16 seconds.
2025-04-16 16:50:41,898 - INFO - [upload_file] -   Chunk Upload Rate (Flask->Telegram): 1.91 MB/s
2025-04-16 16:50:41,898 - INFO - [upload_file] -   Progress: 432.0/500.2 MB (86.4%)
2025-04-16 16:50:41,899 - INFO - [upload_file] -   Average Speed: 2.20 MB/s
2025-04-16 16:50:41,899 - INFO - [upload_file] -   Estimated Time Remaining (ETA): 00:30
2025-04-16 16:50:41,900 - INFO - [upload_file] - Chunk '500MB-CZIPtestfile.org (1).zip.zip.part_009' sent successfully.
2025-04-16 16:50:41,900 - INFO - [upload_file] - Successfully processed chunk '500MB-CZIPtestfile.org (1).zip.zip.part_009' (MsgID=175) in 25.16s.
2025-04-16 16:50:41,900 - INFO - [upload_file] - Reading chunk 10 for COMPRESSED file '500MB-CZIPtestfile.org (1).zip.zip' starting at byte 452984832.
2025-04-16 16:50:41,926 - INFO - [upload_file] - Read chunk 10 (50331648 bytes) for '500MB-CZIPtestfile.org (1).zip.zip'. Total read: 503316480/524448088
2025-04-16 16:50:41,927 - INFO - [upload_file] - Attempting to send chunk: '500MB-CZIPtestfile.org (1).zip.zip.part_010'
2025-04-16 16:50:41,927 - INFO - [send_file_to_telegram] - Sending file '500MB-CZIPtestfile.org (1).zip.zip.part_010' to Telegram chat ID: -4603853425
2025-04-16 16:51:02,959 - INFO - [send_file_to_telegram] - Telegram API success for '500MB-CZIPtestfile.org (1).zip.zip.part_010'.
2025-04-16 16:51:02,964 - INFO - [upload_file] - Finished Telegram send for chunk '500MB-CZIPtestfile.org (1).zip.zip.part_010'. Duration: 21.04 seconds.
2025-04-16 16:51:02,964 - INFO - [upload_file] -   Chunk Upload Rate (Flask->Telegram): 2.28 MB/s
2025-04-16 16:51:02,965 - INFO - [upload_file] -   Progress: 480.0/500.2 MB (96.0%)
2025-04-16 16:51:02,965 - INFO - [upload_file] -   Average Speed: 2.21 MB/s
2025-04-16 16:51:02,965 - INFO - [upload_file] -   Estimated Time Remaining (ETA): 00:09
2025-04-16 16:51:02,966 - INFO - [upload_file] - Chunk '500MB-CZIPtestfile.org (1).zip.zip.part_010' sent successfully.
2025-04-16 16:51:02,966 - INFO - [upload_file] - Successfully processed chunk '500MB-CZIPtestfile.org (1).zip.zip.part_010' (MsgID=176) in 21.04s.
2025-04-16 16:51:02,967 - INFO - [upload_file] - Reading chunk 11 for COMPRESSED file '500MB-CZIPtestfile.org (1).zip.zip' starting at byte 503316480.
2025-04-16 16:51:02,984 - INFO - [upload_file] - Read chunk 11 (21131608 bytes) for '500MB-CZIPtestfile.org (1).zip.zip'. Total read: 524448088/524448088
2025-04-16 16:51:02,984 - INFO - [upload_file] - Attempting to send chunk: '500MB-CZIPtestfile.org (1).zip.zip.part_011'
2025-04-16 16:51:02,985 - INFO - [send_file_to_telegram] - Sending file '500MB-CZIPtestfile.org (1).zip.zip.part_011' to Telegram chat ID: -4603853425
2025-04-16 16:51:12,937 - INFO - [send_file_to_telegram] - Telegram API success for '500MB-CZIPtestfile.org (1).zip.zip.part_011'.
2025-04-16 16:51:12,940 - INFO - [upload_file] - Finished Telegram send for chunk '500MB-CZIPtestfile.org (1).zip.zip.part_011'. Duration: 9.96 seconds.
2025-04-16 16:51:12,941 - INFO - [upload_file] -   Chunk Upload Rate (Flask->Telegram): 2.02 MB/s
2025-04-16 16:51:12,942 - INFO - [upload_file] -   Progress: 100% - Final chunk processed.
2025-04-16 16:51:12,942 - INFO - [upload_file] - Chunk '500MB-CZIPtestfile.org (1).zip.zip.part_011' sent successfully.
2025-04-16 16:51:12,943 - INFO - [upload_file] - Successfully processed chunk '500MB-CZIPtestfile.org (1).zip.zip.part_011' (MsgID=177) in 9.96s.
2025-04-16 16:51:12,943 - INFO - [upload_file] - Reading chunk 12 for COMPRESSED file '500MB-CZIPtestfile.org (1).zip.zip' starting at byte 524448088.
2025-04-16 16:51:12,956 - INFO - [upload_file] - Finished reading all chunks for compressed file '500MB-CZIPtestfile.org (1).zip.zip'.
2025-04-16 16:51:12,956 - INFO - [upload_file] - All 11 chunks for compressed file '500MB-CZIPtestfile.org (1).zip.zip' uploaded successfully. Saving metadata.
2025-04-16 16:51:12,957 - INFO - [upload_file] - Overall Average Upload Rate (Flask->Telegram): 2.21 MB/s
2025-04-16 16:51:12,992 - INFO - [load_metadata] - Successfully loaded metadata from 'metadata.json'.
2025-04-16 16:51:12,995 - INFO - [save_metadata] - Successfully saved metadata to 'metadata.json'.
2025-04-16 16:51:12,996 - INFO - [upload_file] - Successfully saved metadata for compressed split file '500MB-CZIPtestfile.org (1).zip'.
2025-04-16 16:51:12,996 - INFO - [upload_file] - Finished processing compressed split file '500MB-CZIPtestfile.org (1).zip' in 248.23 seconds.
2025-04-16 16:51:13,036 - INFO - [upload_file] - Successfully deleted temporary compressed file: C:\Users\DELL\AppData\Local\Temp\tmpiienmhrb.zip
2025-04-16 16:51:13,063 - INFO - [_log] - 127.0.0.1 - - [16/Apr/2025 16:51:13] "[32mPOST /upload HTTP/1.1[0m" 302 -
2025-04-16 16:51:13,067 - INFO - [index] - Serving index page.
2025-04-16 16:51:13,068 - INFO - [_log] - 127.0.0.1 - - [16/Apr/2025 16:51:13] "GET / HTTP/1.1" 200 -
2025-04-16 16:51:14,706 - INFO - [index] - Serving index page.
2025-04-16 16:51:14,707 - INFO - [_log] - 127.0.0.1 - - [16/Apr/2025 16:51:14] "GET / HTTP/1.1" 200 -
2025-04-16 16:51:14,725 - INFO - [_log] - 127.0.0.1 - - [16/Apr/2025 16:51:14] "[33mGET /static/style.css HTTP/1.1[0m" 404 -
2025-04-16 17:14:12,441 - INFO - [index] - Serving index page.
2025-04-16 17:14:12,442 - INFO - [_log] - 127.0.0.1 - - [16/Apr/2025 17:14:12] "GET / HTTP/1.1" 200 -
2025-04-16 17:14:12,456 - INFO - [_log] - 127.0.0.1 - - [16/Apr/2025 17:14:12] "[33mGET /static/style.css HTTP/1.1[0m" 404 -
