2025-04-30 17:46:01,096 - INFO - [MainThread] [<module>] - ============================================================
2025-04-30 17:46:01,096 - INFO - [MainThread] [<module>] - Logging configured. Level: INFO. Log file: Selenium-Logs\app_20250430_174601.log
2025-04-30 17:46:01,096 - INFO - [MainThread] [<module>] - Primary Chat ID: -4603853425
2025-04-30 17:46:01,097 - INFO - [MainThread] [<module>] - All Target Chat IDs: ['-4603853425']
2025-04-30 17:46:01,097 - WARNING - [MainThread] [format_bytes] - Error formatting bytes (20971520): name 'math' is not defined
2025-04-30 17:46:01,098 - INFO - [MainThread] [<module>] - Chunk Size: 20971520 B (20971520 bytes)
2025-04-30 17:46:01,098 - INFO - [MainThread] [<module>] - API Timeouts (Connect/Read): 10s / 60s
2025-04-30 17:46:01,099 - INFO - [MainThread] [<module>] - API Retries: 3 attempts, 2s delay
2025-04-30 17:46:01,099 - INFO - [MainThread] [<module>] - Max Upload Workers: 3
2025-04-30 17:46:01,100 - INFO - [MainThread] [<module>] - Max Download Workers: 12
2025-04-30 17:46:01,100 - INFO - [MainThread] [<module>] - ============================================================
2025-04-30 17:46:01,100 - INFO - [MainThread] [<module>] - Configuration loaded successfully.
2025-04-30 17:46:01,101 - INFO - [MainThread] [<module>] - Custom Jinja filter 'format_bytes' registered.
2025-04-30 17:46:01,102 - INFO - [MainThread] [<module>] - Flask-CORS initialized. Allowing origins: http://localhost:4200
2025-04-30 17:46:01,102 - INFO - [MainThread] [<module>] - Flask application initialized.
2025-04-30 17:46:01,103 - INFO - [MainThread] [<module>] - Global state variables initialized (upload_progress_data, download_prep_data).
2025-04-30 17:46:01,104 - INFO - [MainThread] [<module>] - Custom Jinja filter 'format_bytes' registered.
2025-04-30 17:46:01,105 - INFO - [MainThread] [<module>] - Flask-CORS initialized. Allowing origins: http://localhost:4200
2025-04-30 17:46:01,105 - INFO - [MainThread] [<module>] - Flask application initialized.
2025-04-30 17:46:01,106 - INFO - [MainThread] [<module>] - Global state variables initialized (upload_progress_data, download_prep_data).
2025-04-30 17:46:01,275 - INFO - [MainThread] [<module>] - Database module initialized.
2025-04-30 17:46:01,715 - INFO - [MainThread] [<module>] - Initialized requests.Session for Telegram API calls.
2025-04-30 17:46:01,716 - INFO - [MainThread] [<module>] - Telegram API functions defined with Session and Retries.
2025-04-30 17:46:01,720 - INFO - [MainThread] [<module>] - Flask routes defined using configurable workers and linter fixes.
2025-04-30 17:46:01,721 - INFO - [MainThread] [<module>] - Starting Flask development server...
2025-04-30 17:46:01,744 - WARNING - [MainThread] [_log] -  * Debugger is active!
2025-04-30 17:46:01,751 - INFO - [MainThread] [_log] -  * Debugger PIN: 107-410-311
2025-04-30 17:46:06,554 - INFO - [Thread-3 (process_request_thread)] [index] - Serving index page.
2025-04-30 17:46:06,578 - INFO - [Thread-3 (process_request_thread)] [_log] - 127.0.0.1 - - [30/Apr/2025 17:46:06] "GET / HTTP/1.1" 200 -
2025-04-30 17:46:26,163 - INFO - [Thread-2 (process_request_thread)] [initiate_upload] - Request initiate upload.
2025-04-30 17:46:26,165 - INFO - [Thread-2 (process_request_thread)] [initiate_upload] - [6b58be06-ce49-443a-b800-6c137d5c152a] Temp storage: uploads_temp\6b58be06-ce49-443a-b800-6c137d5c152a_requirements.txt
2025-04-30 17:46:26,166 - INFO - [Thread-2 (process_request_thread)] [initiate_upload] - [6b58be06-ce49-443a-b800-6c137d5c152a] Temp saved: 'requirements.txt'.
2025-04-30 17:46:26,167 - INFO - [Thread-2 (process_request_thread)] [_log] - 127.0.0.1 - - [30/Apr/2025 17:46:26] "POST /initiate-upload HTTP/1.1" 200 -
2025-04-30 17:46:26,173 - INFO - [Thread-4 (process_request_thread)] [stream_progress] - SSE connect request for upload_id: 6b58be06-ce49-443a-b800-6c137d5c152a
2025-04-30 17:46:26,174 - INFO - [Thread-4 (process_request_thread)] [process_upload_and_generate_updates] - [6b58be06-ce49-443a-b800-6c137d5c152a] Starting processing generator...
2025-04-30 17:46:26,174 - INFO - [Thread-4 (process_request_thread)] [process_upload_and_generate_updates] - [6b58be06-ce49-443a-b800-6c137d5c152a] Processing: User='ELENA', File='requirements.txt'
2025-04-30 17:46:26,175 - INFO - [Thread-4 (process_request_thread)] [_log] - 127.0.0.1 - - [30/Apr/2025 17:46:26] "GET /stream-progress/6b58be06-ce49-443a-b800-6c137d5c152a HTTP/1.1" 200 -
2025-04-30 17:46:26,176 - INFO - [Thread-4 (process_request_thread)] [process_upload_and_generate_updates] - [6b58be06-ce49-443a-b800-6c137d5c152a] Access ID: 1101ff106b
2025-04-30 17:46:26,176 - INFO - [Thread-4 (process_request_thread)] [process_upload_and_generate_updates] - [6b58be06-ce49-443a-b800-6c137d5c152a] Single file workflow.
2025-04-30 17:46:26,183 - INFO - [Thread-4 (process_request_thread)] [process_upload_and_generate_updates] - [6b58be06-ce49-443a-b800-6c137d5c152a] Compressed size: 255
2025-04-30 17:46:26,184 - INFO - [Thread-4 (process_request_thread)] [_send_single_file_task] - [6b58be06-ce49-443a-b800-6c137d5c152a] T> Sending 'requirements.zip' (255b) to -4603853425
2025-04-30 17:46:26,185 - INFO - [Thread-4 (process_request_thread)] [send_file_to_telegram] - [ChatID -4603853425, File 'requirements.zip'] Attempting send.
2025-04-30 17:46:27,245 - INFO - [Thread-4 (process_request_thread)] [send_file_to_telegram] - [ChatID -4603853425, File 'requirements.zip'] API success (Attempt 1).
2025-04-30 17:46:27,246 - INFO - [Thread-4 (process_request_thread)] [_send_single_file_task] - [6b58be06-ce49-443a-b800-6c137d5c152a] T> Sent 'requirements.zip' to -4603853425. Success: True
2025-04-30 17:46:27,246 - INFO - [Thread-4 (process_request_thread)] [process_upload_and_generate_updates] - [6b58be06-ce49-443a-b800-6c137d5c152a] Single sends done in 1.06s.
2025-04-30 17:46:27,247 - INFO - [Thread-4 (process_request_thread)] [process_upload_and_generate_updates] - [6b58be06-ce49-443a-b800-6c137d5c152a] Success: 1/1
2025-04-30 17:46:27,248 - INFO - [Thread-4 (process_request_thread)] [process_upload_and_generate_updates] - [6b58be06-ce49-443a-b800-6c137d5c152a] Attempting to save metadata to DB...
2025-04-30 17:46:27,249 - INFO - [Thread-4 (process_request_thread)] [_connect_to_db] - Attempting to connect to MongoDB Atlas host: telegramtool.sfoz7jc.mongodb.net...
2025-04-30 17:46:28,097 - INFO - [Thread-4 (process_request_thread)] [_connect_to_db] - ✅ Successfully connected and pinged MongoDB Atlas!
2025-04-30 17:46:28,097 - INFO - [Thread-4 (process_request_thread)] [get_db] - Accessed database: Telegrambot
2025-04-30 17:46:28,098 - INFO - [Thread-4 (process_request_thread)] [get_metadata_collection] - Accessed collection: file_metadata
2025-04-30 17:46:28,142 - INFO - [Thread-4 (process_request_thread)] [save_file_metadata] - Successfully inserted metadata for access_id: 1101ff106b
2025-04-30 17:46:28,143 - INFO - [Thread-4 (process_request_thread)] [process_upload_and_generate_updates] - [6b58be06-ce49-443a-b800-6c137d5c152a] Metadata successfully saved to DB. Msg: Metadata inserted (ID: 6812149c231941833fb85e4e).
2025-04-30 17:46:28,143 - INFO - [Thread-4 (process_request_thread)] [process_upload_and_generate_updates] - [6b58be06-ce49-443a-b800-6c137d5c152a] Upload generator cleanup.
2025-04-30 17:46:28,144 - INFO - [Thread-4 (process_request_thread)] [_safe_remove_file] - [6b58be06-ce49-443a-b800-6c137d5c152a] Cleaned up original temp: uploads_temp\6b58be06-ce49-443a-b800-6c137d5c152a_requirements.txt
2025-04-30 17:46:28,145 - INFO - [Thread-4 (process_request_thread)] [process_upload_and_generate_updates] - [6b58be06-ce49-443a-b800-6c137d5c152a] Upload generator finished. Status: completed
