2025-04-18 11:03:55,822 - INFO - [<module>] - Logging configured. Log file: Selenium-Logs\app_20250418_110355.log
2025-04-18 11:03:55,825 - INFO - [<module>] - Flask application initialized.
2025-04-18 11:03:55,830 - INFO - [<module>] - Starting Flask development server...
2025-04-18 11:03:55,865 - WARNING - [_log] -  * Debugger is active!
2025-04-18 11:03:55,868 - INFO - [_log] -  * Debugger PIN: 107-410-311
2025-04-18 11:03:57,902 - INFO - [index] - Serving index page.
2025-04-18 11:03:57,946 - INFO - [_log] - 127.0.0.1 - - [18/Apr/2025 11:03:57] "GET / HTTP/1.1" 200 -
2025-04-18 11:03:58,043 - INFO - [_log] - 127.0.0.1 - - [18/Apr/2025 11:03:58] "[33mGET /static/style.css HTTP/1.1[0m" 404 -
2025-04-18 11:04:50,305 - INFO - [initiate_upload] - Received request to initiate upload.
2025-04-18 11:05:03,326 - INFO - [index] - Serving index page.
2025-04-18 11:05:03,373 - INFO - [_log] - 127.0.0.1 - - [18/Apr/2025 11:05:03] "GET / HTTP/1.1" 200 -
2025-04-18 11:05:03,381 - INFO - [_log] - 127.0.0.1 - - [18/Apr/2025 11:05:03] "[31m[1mPOST /initiate-upload HTTP/1.1[0m" 400 -
2025-04-18 11:05:03,434 - INFO - [_log] - 127.0.0.1 - - [18/Apr/2025 11:05:03] "[33mGET /static/style.css HTTP/1.1[0m" 404 -
2025-04-18 11:06:38,370 - INFO - [initiate_upload] - Received request to initiate upload.
2025-04-18 11:06:49,310 - INFO - [initiate_upload] - Saving temporary file for upload_id '7d473d60-8fa8-4d71-98b9-b5171010eef9' to 'uploads_temp\7d473d60-8fa8-4d71-98b9-b5171010eef9_03-Marketing Mastery.zip'
2025-04-18 11:06:58,499 - INFO - [initiate_upload] - Temporary file saved successfully for '03-Marketing Mastery.zip' (ID: 7d473d60-8fa8-4d71-98b9-b5171010eef9).
2025-04-18 11:06:58,546 - INFO - [_log] - 127.0.0.1 - - [18/Apr/2025 11:06:58] "POST /initiate-upload HTTP/1.1" 200 -
2025-04-18 11:06:58,558 - INFO - [stream_progress] - SSE connection request for upload_id: 7d473d60-8fa8-4d71-98b9-b5171010eef9
2025-04-18 11:06:58,558 - INFO - [process_upload_and_generate_updates] - [7d473d60-8fa8-4d71-98b9-b5171010eef9] Starting processing...
2025-04-18 11:06:58,558 - INFO - [process_upload_and_generate_updates] - [7d473d60-8fa8-4d71-98b9-b5171010eef9] Processing upload: User='testt', File='03-Marketing Mastery.zip', TempPath='uploads_temp\7d473d60-8fa8-4d71-98b9-b5171010eef9_03-Marketing Mastery.zip'
2025-04-18 11:06:58,563 - INFO - [process_upload_and_generate_updates] - [7d473d60-8fa8-4d71-98b9-b5171010eef9] Original temp file size: 1376505525 bytes.
2025-04-18 11:06:58,564 - INFO - [_log] - 127.0.0.1 - - [18/Apr/2025 11:06:58] "GET /stream-progress/7d473d60-8fa8-4d71-98b9-b5171010eef9 HTTP/1.1" 200 -
2025-04-18 11:06:58,565 - INFO - [process_upload_and_generate_updates] - [7d473d60-8fa8-4d71-98b9-b5171010eef9] '03-Marketing Mastery.zip' is large. Compressing before splitting.
2025-04-18 11:06:58,569 - INFO - [process_upload_and_generate_updates] - [7d473d60-8fa8-4d71-98b9-b5171010eef9] Created temporary file for compression result: C:\Users\DELL\AppData\Local\Temp\7d473d60-8fa8-4d71-98b9-b5171010eef9_comp_ixq0elfd.zip
2025-04-18 11:07:51,888 - INFO - [process_upload_and_generate_updates] - [7d473d60-8fa8-4d71-98b9-b5171010eef9] Finished compressing to 'C:\Users\DELL\AppData\Local\Temp\7d473d60-8fa8-4d71-98b9-b5171010eef9_comp_ixq0elfd.zip'. Size: 1361670969 bytes. Time: 53.32s.
2025-04-18 11:07:51,932 - INFO - [process_upload_and_generate_updates] - [7d473d60-8fa8-4d71-98b9-b5171010eef9] Reading chunk 1 for COMPRESSED file starting at byte 0.
2025-04-18 11:07:51,962 - INFO - [process_upload_and_generate_updates] - [7d473d60-8fa8-4d71-98b9-b5171010eef9] Read chunk 1 (20971520 bytes). Total read: 20971520/1361670969
2025-04-18 11:07:51,963 - INFO - [process_upload_and_generate_updates] - [7d473d60-8fa8-4d71-98b9-b5171010eef9] Attempting to send chunk: '03-Marketing Mastery.zip.zip.part_001'
2025-04-18 11:07:51,964 - INFO - [send_file_to_telegram] - Sending file '03-Marketing Mastery.zip.zip.part_001' to Telegram chat ID: -4603853425
2025-04-18 11:08:04,450 - INFO - [send_file_to_telegram] - Telegram API success for '03-Marketing Mastery.zip.zip.part_001'.
2025-04-18 11:08:04,453 - INFO - [process_upload_and_generate_updates] - [7d473d60-8fa8-4d71-98b9-b5171010eef9] Chunk '03-Marketing Mastery.zip.zip.part_001' sent successfully.
2025-04-18 11:08:04,454 - INFO - [process_upload_and_generate_updates] - [7d473d60-8fa8-4d71-98b9-b5171010eef9] Successfully processed chunk '03-Marketing Mastery.zip.zip.part_001' (MsgID=307) in 12.49s.
2025-04-18 11:08:04,455 - INFO - [process_upload_and_generate_updates] - [7d473d60-8fa8-4d71-98b9-b5171010eef9] Reading chunk 2 for COMPRESSED file starting at byte 20971520.
2025-04-18 11:08:04,481 - INFO - [process_upload_and_generate_updates] - [7d473d60-8fa8-4d71-98b9-b5171010eef9] Read chunk 2 (20971520 bytes). Total read: 41943040/1361670969
2025-04-18 11:08:04,482 - INFO - [process_upload_and_generate_updates] - [7d473d60-8fa8-4d71-98b9-b5171010eef9] Attempting to send chunk: '03-Marketing Mastery.zip.zip.part_002'
2025-04-18 11:08:04,482 - INFO - [send_file_to_telegram] - Sending file '03-Marketing Mastery.zip.zip.part_002' to Telegram chat ID: -4603853425
2025-04-18 11:08:14,985 - INFO - [send_file_to_telegram] - Telegram API success for '03-Marketing Mastery.zip.zip.part_002'.
2025-04-18 11:08:14,987 - INFO - [process_upload_and_generate_updates] - [7d473d60-8fa8-4d71-98b9-b5171010eef9] Chunk '03-Marketing Mastery.zip.zip.part_002' sent successfully.
2025-04-18 11:08:14,988 - INFO - [process_upload_and_generate_updates] - [7d473d60-8fa8-4d71-98b9-b5171010eef9] Successfully processed chunk '03-Marketing Mastery.zip.zip.part_002' (MsgID=308) in 10.51s.
2025-04-18 11:08:14,988 - INFO - [process_upload_and_generate_updates] - [7d473d60-8fa8-4d71-98b9-b5171010eef9] Reading chunk 3 for COMPRESSED file starting at byte 41943040.
2025-04-18 11:08:15,012 - INFO - [process_upload_and_generate_updates] - [7d473d60-8fa8-4d71-98b9-b5171010eef9] Read chunk 3 (20971520 bytes). Total read: 62914560/1361670969
2025-04-18 11:08:15,013 - INFO - [process_upload_and_generate_updates] - [7d473d60-8fa8-4d71-98b9-b5171010eef9] Attempting to send chunk: '03-Marketing Mastery.zip.zip.part_003'
2025-04-18 11:08:15,013 - INFO - [send_file_to_telegram] - Sending file '03-Marketing Mastery.zip.zip.part_003' to Telegram chat ID: -4603853425
2025-04-18 11:08:25,413 - INFO - [send_file_to_telegram] - Telegram API success for '03-Marketing Mastery.zip.zip.part_003'.
2025-04-18 11:08:25,416 - INFO - [process_upload_and_generate_updates] - [7d473d60-8fa8-4d71-98b9-b5171010eef9] Chunk '03-Marketing Mastery.zip.zip.part_003' sent successfully.
2025-04-18 11:08:25,416 - INFO - [process_upload_and_generate_updates] - [7d473d60-8fa8-4d71-98b9-b5171010eef9] Successfully processed chunk '03-Marketing Mastery.zip.zip.part_003' (MsgID=309) in 10.40s.
2025-04-18 11:08:25,417 - INFO - [process_upload_and_generate_updates] - [7d473d60-8fa8-4d71-98b9-b5171010eef9] Reading chunk 4 for COMPRESSED file starting at byte 62914560.
2025-04-18 11:08:25,451 - INFO - [process_upload_and_generate_updates] - [7d473d60-8fa8-4d71-98b9-b5171010eef9] Read chunk 4 (20971520 bytes). Total read: 83886080/1361670969
2025-04-18 11:08:25,452 - INFO - [process_upload_and_generate_updates] - [7d473d60-8fa8-4d71-98b9-b5171010eef9] Attempting to send chunk: '03-Marketing Mastery.zip.zip.part_004'
2025-04-18 11:08:25,457 - INFO - [send_file_to_telegram] - Sending file '03-Marketing Mastery.zip.zip.part_004' to Telegram chat ID: -4603853425
2025-04-18 11:08:38,005 - INFO - [send_file_to_telegram] - Telegram API success for '03-Marketing Mastery.zip.zip.part_004'.
2025-04-18 11:08:38,011 - INFO - [process_upload_and_generate_updates] - [7d473d60-8fa8-4d71-98b9-b5171010eef9] Chunk '03-Marketing Mastery.zip.zip.part_004' sent successfully.
2025-04-18 11:08:38,013 - INFO - [process_upload_and_generate_updates] - [7d473d60-8fa8-4d71-98b9-b5171010eef9] Successfully processed chunk '03-Marketing Mastery.zip.zip.part_004' (MsgID=310) in 12.55s.
2025-04-18 11:08:38,016 - INFO - [process_upload_and_generate_updates] - [7d473d60-8fa8-4d71-98b9-b5171010eef9] Reading chunk 5 for COMPRESSED file starting at byte 83886080.
2025-04-18 11:08:38,051 - INFO - [process_upload_and_generate_updates] - [7d473d60-8fa8-4d71-98b9-b5171010eef9] Read chunk 5 (20971520 bytes). Total read: 104857600/1361670969
2025-04-18 11:08:38,052 - INFO - [process_upload_and_generate_updates] - [7d473d60-8fa8-4d71-98b9-b5171010eef9] Attempting to send chunk: '03-Marketing Mastery.zip.zip.part_005'
2025-04-18 11:08:38,053 - INFO - [send_file_to_telegram] - Sending file '03-Marketing Mastery.zip.zip.part_005' to Telegram chat ID: -4603853425
2025-04-18 11:08:48,113 - INFO - [send_file_to_telegram] - Telegram API success for '03-Marketing Mastery.zip.zip.part_005'.
2025-04-18 11:08:48,119 - INFO - [process_upload_and_generate_updates] - [7d473d60-8fa8-4d71-98b9-b5171010eef9] Chunk '03-Marketing Mastery.zip.zip.part_005' sent successfully.
2025-04-18 11:08:48,120 - INFO - [process_upload_and_generate_updates] - [7d473d60-8fa8-4d71-98b9-b5171010eef9] Successfully processed chunk '03-Marketing Mastery.zip.zip.part_005' (MsgID=311) in 10.07s.
2025-04-18 11:08:48,123 - INFO - [process_upload_and_generate_updates] - [7d473d60-8fa8-4d71-98b9-b5171010eef9] Reading chunk 6 for COMPRESSED file starting at byte 104857600.
2025-04-18 11:08:48,149 - INFO - [process_upload_and_generate_updates] - [7d473d60-8fa8-4d71-98b9-b5171010eef9] Read chunk 6 (20971520 bytes). Total read: 125829120/1361670969
2025-04-18 11:08:48,150 - INFO - [process_upload_and_generate_updates] - [7d473d60-8fa8-4d71-98b9-b5171010eef9] Attempting to send chunk: '03-Marketing Mastery.zip.zip.part_006'
2025-04-18 11:08:48,150 - INFO - [send_file_to_telegram] - Sending file '03-Marketing Mastery.zip.zip.part_006' to Telegram chat ID: -4603853425
2025-04-18 11:08:59,112 - INFO - [send_file_to_telegram] - Telegram API success for '03-Marketing Mastery.zip.zip.part_006'.
2025-04-18 11:08:59,114 - INFO - [process_upload_and_generate_updates] - [7d473d60-8fa8-4d71-98b9-b5171010eef9] Chunk '03-Marketing Mastery.zip.zip.part_006' sent successfully.
2025-04-18 11:08:59,115 - INFO - [process_upload_and_generate_updates] - [7d473d60-8fa8-4d71-98b9-b5171010eef9] Successfully processed chunk '03-Marketing Mastery.zip.zip.part_006' (MsgID=312) in 10.96s.
2025-04-18 11:08:59,116 - INFO - [process_upload_and_generate_updates] - [7d473d60-8fa8-4d71-98b9-b5171010eef9] Reading chunk 7 for COMPRESSED file starting at byte 125829120.
2025-04-18 11:08:59,144 - INFO - [process_upload_and_generate_updates] - [7d473d60-8fa8-4d71-98b9-b5171010eef9] Read chunk 7 (20971520 bytes). Total read: 146800640/1361670969
2025-04-18 11:08:59,145 - INFO - [process_upload_and_generate_updates] - [7d473d60-8fa8-4d71-98b9-b5171010eef9] Attempting to send chunk: '03-Marketing Mastery.zip.zip.part_007'
2025-04-18 11:08:59,145 - INFO - [send_file_to_telegram] - Sending file '03-Marketing Mastery.zip.zip.part_007' to Telegram chat ID: -4603853425
2025-04-18 11:09:12,524 - INFO - [send_file_to_telegram] - Telegram API success for '03-Marketing Mastery.zip.zip.part_007'.
2025-04-18 11:09:12,527 - INFO - [process_upload_and_generate_updates] - [7d473d60-8fa8-4d71-98b9-b5171010eef9] Chunk '03-Marketing Mastery.zip.zip.part_007' sent successfully.
2025-04-18 11:09:12,528 - INFO - [process_upload_and_generate_updates] - [7d473d60-8fa8-4d71-98b9-b5171010eef9] Successfully processed chunk '03-Marketing Mastery.zip.zip.part_007' (MsgID=313) in 13.38s.
2025-04-18 11:09:12,528 - INFO - [process_upload_and_generate_updates] - [7d473d60-8fa8-4d71-98b9-b5171010eef9] Reading chunk 8 for COMPRESSED file starting at byte 146800640.
2025-04-18 11:09:12,556 - INFO - [process_upload_and_generate_updates] - [7d473d60-8fa8-4d71-98b9-b5171010eef9] Read chunk 8 (20971520 bytes). Total read: 167772160/1361670969
2025-04-18 11:09:12,557 - INFO - [process_upload_and_generate_updates] - [7d473d60-8fa8-4d71-98b9-b5171010eef9] Attempting to send chunk: '03-Marketing Mastery.zip.zip.part_008'
2025-04-18 11:09:12,557 - INFO - [send_file_to_telegram] - Sending file '03-Marketing Mastery.zip.zip.part_008' to Telegram chat ID: -4603853425
2025-04-18 11:09:30,239 - INFO - [send_file_to_telegram] - Telegram API success for '03-Marketing Mastery.zip.zip.part_008'.
2025-04-18 11:09:30,241 - INFO - [process_upload_and_generate_updates] - [7d473d60-8fa8-4d71-98b9-b5171010eef9] Chunk '03-Marketing Mastery.zip.zip.part_008' sent successfully.
2025-04-18 11:09:30,242 - INFO - [process_upload_and_generate_updates] - [7d473d60-8fa8-4d71-98b9-b5171010eef9] Successfully processed chunk '03-Marketing Mastery.zip.zip.part_008' (MsgID=314) in 17.68s.
2025-04-18 11:09:30,242 - INFO - [process_upload_and_generate_updates] - [7d473d60-8fa8-4d71-98b9-b5171010eef9] Reading chunk 9 for COMPRESSED file starting at byte 167772160.
2025-04-18 11:09:30,275 - INFO - [process_upload_and_generate_updates] - [7d473d60-8fa8-4d71-98b9-b5171010eef9] Read chunk 9 (20971520 bytes). Total read: 188743680/1361670969
2025-04-18 11:09:30,275 - INFO - [process_upload_and_generate_updates] - [7d473d60-8fa8-4d71-98b9-b5171010eef9] Attempting to send chunk: '03-Marketing Mastery.zip.zip.part_009'
2025-04-18 11:09:30,276 - INFO - [send_file_to_telegram] - Sending file '03-Marketing Mastery.zip.zip.part_009' to Telegram chat ID: -4603853425
2025-04-18 11:09:41,237 - INFO - [send_file_to_telegram] - Telegram API success for '03-Marketing Mastery.zip.zip.part_009'.
2025-04-18 11:09:41,240 - INFO - [process_upload_and_generate_updates] - [7d473d60-8fa8-4d71-98b9-b5171010eef9] Chunk '03-Marketing Mastery.zip.zip.part_009' sent successfully.
2025-04-18 11:09:41,241 - INFO - [process_upload_and_generate_updates] - [7d473d60-8fa8-4d71-98b9-b5171010eef9] Successfully processed chunk '03-Marketing Mastery.zip.zip.part_009' (MsgID=315) in 10.96s.
2025-04-18 11:09:41,242 - INFO - [process_upload_and_generate_updates] - [7d473d60-8fa8-4d71-98b9-b5171010eef9] Reading chunk 10 for COMPRESSED file starting at byte 188743680.
2025-04-18 11:09:41,270 - INFO - [process_upload_and_generate_updates] - [7d473d60-8fa8-4d71-98b9-b5171010eef9] Read chunk 10 (20971520 bytes). Total read: 209715200/1361670969
2025-04-18 11:09:41,271 - INFO - [process_upload_and_generate_updates] - [7d473d60-8fa8-4d71-98b9-b5171010eef9] Attempting to send chunk: '03-Marketing Mastery.zip.zip.part_010'
2025-04-18 11:09:41,271 - INFO - [send_file_to_telegram] - Sending file '03-Marketing Mastery.zip.zip.part_010' to Telegram chat ID: -4603853425
2025-04-18 11:09:51,152 - INFO - [send_file_to_telegram] - Telegram API success for '03-Marketing Mastery.zip.zip.part_010'.
2025-04-18 11:09:51,157 - INFO - [process_upload_and_generate_updates] - [7d473d60-8fa8-4d71-98b9-b5171010eef9] Chunk '03-Marketing Mastery.zip.zip.part_010' sent successfully.
2025-04-18 11:09:51,157 - INFO - [process_upload_and_generate_updates] - [7d473d60-8fa8-4d71-98b9-b5171010eef9] Successfully processed chunk '03-Marketing Mastery.zip.zip.part_010' (MsgID=316) in 9.89s.
2025-04-18 11:09:51,159 - INFO - [process_upload_and_generate_updates] - [7d473d60-8fa8-4d71-98b9-b5171010eef9] Reading chunk 11 for COMPRESSED file starting at byte 209715200.
2025-04-18 11:09:51,186 - INFO - [process_upload_and_generate_updates] - [7d473d60-8fa8-4d71-98b9-b5171010eef9] Read chunk 11 (20971520 bytes). Total read: 230686720/1361670969
2025-04-18 11:09:51,186 - INFO - [process_upload_and_generate_updates] - [7d473d60-8fa8-4d71-98b9-b5171010eef9] Attempting to send chunk: '03-Marketing Mastery.zip.zip.part_011'
2025-04-18 11:09:51,187 - INFO - [send_file_to_telegram] - Sending file '03-Marketing Mastery.zip.zip.part_011' to Telegram chat ID: -4603853425
2025-04-18 11:10:01,175 - INFO - [send_file_to_telegram] - Telegram API success for '03-Marketing Mastery.zip.zip.part_011'.
2025-04-18 11:10:01,181 - INFO - [process_upload_and_generate_updates] - [7d473d60-8fa8-4d71-98b9-b5171010eef9] Chunk '03-Marketing Mastery.zip.zip.part_011' sent successfully.
2025-04-18 11:10:01,183 - INFO - [process_upload_and_generate_updates] - [7d473d60-8fa8-4d71-98b9-b5171010eef9] Successfully processed chunk '03-Marketing Mastery.zip.zip.part_011' (MsgID=317) in 9.99s.
2025-04-18 11:10:01,187 - INFO - [process_upload_and_generate_updates] - [7d473d60-8fa8-4d71-98b9-b5171010eef9] Reading chunk 12 for COMPRESSED file starting at byte 230686720.
2025-04-18 11:10:01,217 - INFO - [process_upload_and_generate_updates] - [7d473d60-8fa8-4d71-98b9-b5171010eef9] Read chunk 12 (20971520 bytes). Total read: 251658240/1361670969
2025-04-18 11:10:01,218 - INFO - [process_upload_and_generate_updates] - [7d473d60-8fa8-4d71-98b9-b5171010eef9] Attempting to send chunk: '03-Marketing Mastery.zip.zip.part_012'
2025-04-18 11:10:01,218 - INFO - [send_file_to_telegram] - Sending file '03-Marketing Mastery.zip.zip.part_012' to Telegram chat ID: -4603853425
2025-04-18 11:10:08,720 - INFO - [send_file_to_telegram] - Telegram API success for '03-Marketing Mastery.zip.zip.part_012'.
2025-04-18 11:10:08,726 - INFO - [process_upload_and_generate_updates] - [7d473d60-8fa8-4d71-98b9-b5171010eef9] Chunk '03-Marketing Mastery.zip.zip.part_012' sent successfully.
2025-04-18 11:10:08,726 - INFO - [process_upload_and_generate_updates] - [7d473d60-8fa8-4d71-98b9-b5171010eef9] Successfully processed chunk '03-Marketing Mastery.zip.zip.part_012' (MsgID=318) in 7.51s.
2025-04-18 11:10:08,727 - INFO - [process_upload_and_generate_updates] - [7d473d60-8fa8-4d71-98b9-b5171010eef9] Reading chunk 13 for COMPRESSED file starting at byte 251658240.
2025-04-18 11:10:08,760 - INFO - [process_upload_and_generate_updates] - [7d473d60-8fa8-4d71-98b9-b5171010eef9] Read chunk 13 (20971520 bytes). Total read: 272629760/1361670969
2025-04-18 11:10:08,760 - INFO - [process_upload_and_generate_updates] - [7d473d60-8fa8-4d71-98b9-b5171010eef9] Attempting to send chunk: '03-Marketing Mastery.zip.zip.part_013'
2025-04-18 11:10:08,761 - INFO - [send_file_to_telegram] - Sending file '03-Marketing Mastery.zip.zip.part_013' to Telegram chat ID: -4603853425
2025-04-18 11:10:19,528 - INFO - [send_file_to_telegram] - Telegram API success for '03-Marketing Mastery.zip.zip.part_013'.
2025-04-18 11:10:19,530 - INFO - [process_upload_and_generate_updates] - [7d473d60-8fa8-4d71-98b9-b5171010eef9] Chunk '03-Marketing Mastery.zip.zip.part_013' sent successfully.
2025-04-18 11:10:19,531 - INFO - [process_upload_and_generate_updates] - [7d473d60-8fa8-4d71-98b9-b5171010eef9] Successfully processed chunk '03-Marketing Mastery.zip.zip.part_013' (MsgID=319) in 10.77s.
2025-04-18 11:10:19,531 - INFO - [process_upload_and_generate_updates] - [7d473d60-8fa8-4d71-98b9-b5171010eef9] Reading chunk 14 for COMPRESSED file starting at byte 272629760.
2025-04-18 11:10:19,554 - INFO - [process_upload_and_generate_updates] - [7d473d60-8fa8-4d71-98b9-b5171010eef9] Read chunk 14 (20971520 bytes). Total read: 293601280/1361670969
2025-04-18 11:10:19,555 - INFO - [process_upload_and_generate_updates] - [7d473d60-8fa8-4d71-98b9-b5171010eef9] Attempting to send chunk: '03-Marketing Mastery.zip.zip.part_014'
2025-04-18 11:10:19,556 - INFO - [send_file_to_telegram] - Sending file '03-Marketing Mastery.zip.zip.part_014' to Telegram chat ID: -4603853425
2025-04-18 11:10:37,889 - INFO - [send_file_to_telegram] - Telegram API success for '03-Marketing Mastery.zip.zip.part_014'.
2025-04-18 11:10:37,894 - INFO - [process_upload_and_generate_updates] - [7d473d60-8fa8-4d71-98b9-b5171010eef9] Chunk '03-Marketing Mastery.zip.zip.part_014' sent successfully.
2025-04-18 11:10:37,895 - INFO - [process_upload_and_generate_updates] - [7d473d60-8fa8-4d71-98b9-b5171010eef9] Successfully processed chunk '03-Marketing Mastery.zip.zip.part_014' (MsgID=320) in 18.34s.
2025-04-18 11:10:37,896 - INFO - [process_upload_and_generate_updates] - [7d473d60-8fa8-4d71-98b9-b5171010eef9] Reading chunk 15 for COMPRESSED file starting at byte 293601280.
2025-04-18 11:10:37,921 - INFO - [process_upload_and_generate_updates] - [7d473d60-8fa8-4d71-98b9-b5171010eef9] Read chunk 15 (20971520 bytes). Total read: 314572800/1361670969
2025-04-18 11:10:37,922 - INFO - [process_upload_and_generate_updates] - [7d473d60-8fa8-4d71-98b9-b5171010eef9] Attempting to send chunk: '03-Marketing Mastery.zip.zip.part_015'
2025-04-18 11:10:37,922 - INFO - [send_file_to_telegram] - Sending file '03-Marketing Mastery.zip.zip.part_015' to Telegram chat ID: -4603853425
2025-04-18 11:10:48,452 - INFO - [send_file_to_telegram] - Telegram API success for '03-Marketing Mastery.zip.zip.part_015'.
2025-04-18 11:10:48,457 - INFO - [process_upload_and_generate_updates] - [7d473d60-8fa8-4d71-98b9-b5171010eef9] Chunk '03-Marketing Mastery.zip.zip.part_015' sent successfully.
2025-04-18 11:10:48,458 - INFO - [process_upload_and_generate_updates] - [7d473d60-8fa8-4d71-98b9-b5171010eef9] Successfully processed chunk '03-Marketing Mastery.zip.zip.part_015' (MsgID=321) in 10.54s.
2025-04-18 11:10:48,459 - INFO - [process_upload_and_generate_updates] - [7d473d60-8fa8-4d71-98b9-b5171010eef9] Reading chunk 16 for COMPRESSED file starting at byte 314572800.
2025-04-18 11:10:48,487 - INFO - [process_upload_and_generate_updates] - [7d473d60-8fa8-4d71-98b9-b5171010eef9] Read chunk 16 (20971520 bytes). Total read: 335544320/1361670969
2025-04-18 11:10:48,489 - INFO - [process_upload_and_generate_updates] - [7d473d60-8fa8-4d71-98b9-b5171010eef9] Attempting to send chunk: '03-Marketing Mastery.zip.zip.part_016'
2025-04-18 11:10:48,490 - INFO - [send_file_to_telegram] - Sending file '03-Marketing Mastery.zip.zip.part_016' to Telegram chat ID: -4603853425
2025-04-18 11:11:00,064 - INFO - [send_file_to_telegram] - Telegram API success for '03-Marketing Mastery.zip.zip.part_016'.
2025-04-18 11:11:00,066 - INFO - [process_upload_and_generate_updates] - [7d473d60-8fa8-4d71-98b9-b5171010eef9] Chunk '03-Marketing Mastery.zip.zip.part_016' sent successfully.
2025-04-18 11:11:00,067 - INFO - [process_upload_and_generate_updates] - [7d473d60-8fa8-4d71-98b9-b5171010eef9] Successfully processed chunk '03-Marketing Mastery.zip.zip.part_016' (MsgID=322) in 11.58s.
2025-04-18 11:11:00,068 - INFO - [process_upload_and_generate_updates] - [7d473d60-8fa8-4d71-98b9-b5171010eef9] Reading chunk 17 for COMPRESSED file starting at byte 335544320.
2025-04-18 11:11:00,095 - INFO - [process_upload_and_generate_updates] - [7d473d60-8fa8-4d71-98b9-b5171010eef9] Read chunk 17 (20971520 bytes). Total read: 356515840/1361670969
2025-04-18 11:11:00,096 - INFO - [process_upload_and_generate_updates] - [7d473d60-8fa8-4d71-98b9-b5171010eef9] Attempting to send chunk: '03-Marketing Mastery.zip.zip.part_017'
2025-04-18 11:11:00,096 - INFO - [send_file_to_telegram] - Sending file '03-Marketing Mastery.zip.zip.part_017' to Telegram chat ID: -4603853425
2025-04-18 11:11:11,218 - INFO - [send_file_to_telegram] - Telegram API success for '03-Marketing Mastery.zip.zip.part_017'.
2025-04-18 11:11:11,222 - INFO - [process_upload_and_generate_updates] - [7d473d60-8fa8-4d71-98b9-b5171010eef9] Chunk '03-Marketing Mastery.zip.zip.part_017' sent successfully.
2025-04-18 11:11:11,223 - INFO - [process_upload_and_generate_updates] - [7d473d60-8fa8-4d71-98b9-b5171010eef9] Successfully processed chunk '03-Marketing Mastery.zip.zip.part_017' (MsgID=323) in 11.13s.
2025-04-18 11:11:11,226 - INFO - [process_upload_and_generate_updates] - [7d473d60-8fa8-4d71-98b9-b5171010eef9] Reading chunk 18 for COMPRESSED file starting at byte 356515840.
2025-04-18 11:11:11,254 - INFO - [process_upload_and_generate_updates] - [7d473d60-8fa8-4d71-98b9-b5171010eef9] Read chunk 18 (20971520 bytes). Total read: 377487360/1361670969
2025-04-18 11:11:11,254 - INFO - [process_upload_and_generate_updates] - [7d473d60-8fa8-4d71-98b9-b5171010eef9] Attempting to send chunk: '03-Marketing Mastery.zip.zip.part_018'
2025-04-18 11:11:11,255 - INFO - [send_file_to_telegram] - Sending file '03-Marketing Mastery.zip.zip.part_018' to Telegram chat ID: -4603853425
2025-04-18 11:11:28,976 - INFO - [send_file_to_telegram] - Telegram API success for '03-Marketing Mastery.zip.zip.part_018'.
2025-04-18 11:11:28,978 - INFO - [process_upload_and_generate_updates] - [7d473d60-8fa8-4d71-98b9-b5171010eef9] Chunk '03-Marketing Mastery.zip.zip.part_018' sent successfully.
2025-04-18 11:11:28,979 - INFO - [process_upload_and_generate_updates] - [7d473d60-8fa8-4d71-98b9-b5171010eef9] Successfully processed chunk '03-Marketing Mastery.zip.zip.part_018' (MsgID=324) in 17.72s.
2025-04-18 11:11:28,980 - INFO - [process_upload_and_generate_updates] - [7d473d60-8fa8-4d71-98b9-b5171010eef9] Reading chunk 19 for COMPRESSED file starting at byte 377487360.
2025-04-18 11:11:29,005 - INFO - [process_upload_and_generate_updates] - [7d473d60-8fa8-4d71-98b9-b5171010eef9] Read chunk 19 (20971520 bytes). Total read: 398458880/1361670969
2025-04-18 11:11:29,007 - INFO - [process_upload_and_generate_updates] - [7d473d60-8fa8-4d71-98b9-b5171010eef9] Attempting to send chunk: '03-Marketing Mastery.zip.zip.part_019'
2025-04-18 11:11:29,010 - INFO - [send_file_to_telegram] - Sending file '03-Marketing Mastery.zip.zip.part_019' to Telegram chat ID: -4603853425
2025-04-18 11:11:39,170 - INFO - [send_file_to_telegram] - Telegram API success for '03-Marketing Mastery.zip.zip.part_019'.
2025-04-18 11:11:39,172 - INFO - [process_upload_and_generate_updates] - [7d473d60-8fa8-4d71-98b9-b5171010eef9] Chunk '03-Marketing Mastery.zip.zip.part_019' sent successfully.
2025-04-18 11:11:39,174 - INFO - [process_upload_and_generate_updates] - [7d473d60-8fa8-4d71-98b9-b5171010eef9] Successfully processed chunk '03-Marketing Mastery.zip.zip.part_019' (MsgID=325) in 10.16s.
2025-04-18 11:11:39,175 - INFO - [process_upload_and_generate_updates] - [7d473d60-8fa8-4d71-98b9-b5171010eef9] Reading chunk 20 for COMPRESSED file starting at byte 398458880.
2025-04-18 11:11:39,201 - INFO - [process_upload_and_generate_updates] - [7d473d60-8fa8-4d71-98b9-b5171010eef9] Read chunk 20 (20971520 bytes). Total read: 419430400/1361670969
2025-04-18 11:11:39,202 - INFO - [process_upload_and_generate_updates] - [7d473d60-8fa8-4d71-98b9-b5171010eef9] Attempting to send chunk: '03-Marketing Mastery.zip.zip.part_020'
2025-04-18 11:11:39,203 - INFO - [send_file_to_telegram] - Sending file '03-Marketing Mastery.zip.zip.part_020' to Telegram chat ID: -4603853425
2025-04-18 11:11:51,652 - INFO - [send_file_to_telegram] - Telegram API success for '03-Marketing Mastery.zip.zip.part_020'.
2025-04-18 11:11:51,656 - INFO - [process_upload_and_generate_updates] - [7d473d60-8fa8-4d71-98b9-b5171010eef9] Chunk '03-Marketing Mastery.zip.zip.part_020' sent successfully.
2025-04-18 11:11:51,656 - INFO - [process_upload_and_generate_updates] - [7d473d60-8fa8-4d71-98b9-b5171010eef9] Successfully processed chunk '03-Marketing Mastery.zip.zip.part_020' (MsgID=326) in 12.45s.
2025-04-18 11:11:51,658 - INFO - [process_upload_and_generate_updates] - [7d473d60-8fa8-4d71-98b9-b5171010eef9] Reading chunk 21 for COMPRESSED file starting at byte 419430400.
2025-04-18 11:11:51,690 - INFO - [process_upload_and_generate_updates] - [7d473d60-8fa8-4d71-98b9-b5171010eef9] Read chunk 21 (20971520 bytes). Total read: 440401920/1361670969
2025-04-18 11:11:51,691 - INFO - [process_upload_and_generate_updates] - [7d473d60-8fa8-4d71-98b9-b5171010eef9] Attempting to send chunk: '03-Marketing Mastery.zip.zip.part_021'
2025-04-18 11:11:51,694 - INFO - [send_file_to_telegram] - Sending file '03-Marketing Mastery.zip.zip.part_021' to Telegram chat ID: -4603853425
2025-04-18 11:12:09,913 - INFO - [send_file_to_telegram] - Telegram API success for '03-Marketing Mastery.zip.zip.part_021'.
2025-04-18 11:12:09,918 - INFO - [process_upload_and_generate_updates] - [7d473d60-8fa8-4d71-98b9-b5171010eef9] Chunk '03-Marketing Mastery.zip.zip.part_021' sent successfully.
2025-04-18 11:12:09,920 - INFO - [process_upload_and_generate_updates] - [7d473d60-8fa8-4d71-98b9-b5171010eef9] Successfully processed chunk '03-Marketing Mastery.zip.zip.part_021' (MsgID=327) in 18.22s.
2025-04-18 11:12:09,922 - INFO - [process_upload_and_generate_updates] - [7d473d60-8fa8-4d71-98b9-b5171010eef9] Reading chunk 22 for COMPRESSED file starting at byte 440401920.
2025-04-18 11:12:09,959 - INFO - [process_upload_and_generate_updates] - [7d473d60-8fa8-4d71-98b9-b5171010eef9] Read chunk 22 (20971520 bytes). Total read: 461373440/1361670969
2025-04-18 11:12:09,960 - INFO - [process_upload_and_generate_updates] - [7d473d60-8fa8-4d71-98b9-b5171010eef9] Attempting to send chunk: '03-Marketing Mastery.zip.zip.part_022'
2025-04-18 11:12:09,960 - INFO - [send_file_to_telegram] - Sending file '03-Marketing Mastery.zip.zip.part_022' to Telegram chat ID: -4603853425
2025-04-18 11:12:29,038 - INFO - [send_file_to_telegram] - Telegram API success for '03-Marketing Mastery.zip.zip.part_022'.
2025-04-18 11:12:29,041 - INFO - [process_upload_and_generate_updates] - [7d473d60-8fa8-4d71-98b9-b5171010eef9] Chunk '03-Marketing Mastery.zip.zip.part_022' sent successfully.
2025-04-18 11:12:29,041 - INFO - [process_upload_and_generate_updates] - [7d473d60-8fa8-4d71-98b9-b5171010eef9] Successfully processed chunk '03-Marketing Mastery.zip.zip.part_022' (MsgID=328) in 19.08s.
2025-04-18 11:12:29,042 - INFO - [process_upload_and_generate_updates] - [7d473d60-8fa8-4d71-98b9-b5171010eef9] Reading chunk 23 for COMPRESSED file starting at byte 461373440.
2025-04-18 11:12:29,074 - INFO - [process_upload_and_generate_updates] - [7d473d60-8fa8-4d71-98b9-b5171010eef9] Read chunk 23 (20971520 bytes). Total read: 482344960/1361670969
2025-04-18 11:12:29,075 - INFO - [process_upload_and_generate_updates] - [7d473d60-8fa8-4d71-98b9-b5171010eef9] Attempting to send chunk: '03-Marketing Mastery.zip.zip.part_023'
2025-04-18 11:12:29,075 - INFO - [send_file_to_telegram] - Sending file '03-Marketing Mastery.zip.zip.part_023' to Telegram chat ID: -4603853425
2025-04-18 11:12:40,309 - INFO - [send_file_to_telegram] - Telegram API success for '03-Marketing Mastery.zip.zip.part_023'.
2025-04-18 11:12:40,314 - INFO - [process_upload_and_generate_updates] - [7d473d60-8fa8-4d71-98b9-b5171010eef9] Chunk '03-Marketing Mastery.zip.zip.part_023' sent successfully.
2025-04-18 11:12:40,318 - INFO - [process_upload_and_generate_updates] - [7d473d60-8fa8-4d71-98b9-b5171010eef9] Successfully processed chunk '03-Marketing Mastery.zip.zip.part_023' (MsgID=329) in 11.24s.
2025-04-18 11:12:40,319 - INFO - [process_upload_and_generate_updates] - [7d473d60-8fa8-4d71-98b9-b5171010eef9] Reading chunk 24 for COMPRESSED file starting at byte 482344960.
2025-04-18 11:12:40,348 - INFO - [process_upload_and_generate_updates] - [7d473d60-8fa8-4d71-98b9-b5171010eef9] Read chunk 24 (20971520 bytes). Total read: 503316480/1361670969
2025-04-18 11:12:40,349 - INFO - [process_upload_and_generate_updates] - [7d473d60-8fa8-4d71-98b9-b5171010eef9] Attempting to send chunk: '03-Marketing Mastery.zip.zip.part_024'
2025-04-18 11:12:40,349 - INFO - [send_file_to_telegram] - Sending file '03-Marketing Mastery.zip.zip.part_024' to Telegram chat ID: -4603853425
2025-04-18 11:12:48,827 - INFO - [send_file_to_telegram] - Telegram API success for '03-Marketing Mastery.zip.zip.part_024'.
2025-04-18 11:12:48,830 - INFO - [process_upload_and_generate_updates] - [7d473d60-8fa8-4d71-98b9-b5171010eef9] Chunk '03-Marketing Mastery.zip.zip.part_024' sent successfully.
2025-04-18 11:12:48,831 - INFO - [process_upload_and_generate_updates] - [7d473d60-8fa8-4d71-98b9-b5171010eef9] Successfully processed chunk '03-Marketing Mastery.zip.zip.part_024' (MsgID=330) in 8.48s.
2025-04-18 11:12:48,831 - INFO - [process_upload_and_generate_updates] - [7d473d60-8fa8-4d71-98b9-b5171010eef9] Reading chunk 25 for COMPRESSED file starting at byte 503316480.
2025-04-18 11:12:48,859 - INFO - [process_upload_and_generate_updates] - [7d473d60-8fa8-4d71-98b9-b5171010eef9] Read chunk 25 (20971520 bytes). Total read: 524288000/1361670969
2025-04-18 11:12:48,859 - INFO - [process_upload_and_generate_updates] - [7d473d60-8fa8-4d71-98b9-b5171010eef9] Attempting to send chunk: '03-Marketing Mastery.zip.zip.part_025'
2025-04-18 11:12:48,859 - INFO - [send_file_to_telegram] - Sending file '03-Marketing Mastery.zip.zip.part_025' to Telegram chat ID: -4603853425
2025-04-18 11:12:58,708 - INFO - [send_file_to_telegram] - Telegram API success for '03-Marketing Mastery.zip.zip.part_025'.
2025-04-18 11:12:58,710 - INFO - [process_upload_and_generate_updates] - [7d473d60-8fa8-4d71-98b9-b5171010eef9] Chunk '03-Marketing Mastery.zip.zip.part_025' sent successfully.
2025-04-18 11:12:58,710 - INFO - [process_upload_and_generate_updates] - [7d473d60-8fa8-4d71-98b9-b5171010eef9] Successfully processed chunk '03-Marketing Mastery.zip.zip.part_025' (MsgID=331) in 9.85s.
2025-04-18 11:12:58,711 - INFO - [process_upload_and_generate_updates] - [7d473d60-8fa8-4d71-98b9-b5171010eef9] Reading chunk 26 for COMPRESSED file starting at byte 524288000.
2025-04-18 11:12:58,739 - INFO - [process_upload_and_generate_updates] - [7d473d60-8fa8-4d71-98b9-b5171010eef9] Read chunk 26 (20971520 bytes). Total read: 545259520/1361670969
2025-04-18 11:12:58,740 - INFO - [process_upload_and_generate_updates] - [7d473d60-8fa8-4d71-98b9-b5171010eef9] Attempting to send chunk: '03-Marketing Mastery.zip.zip.part_026'
2025-04-18 11:12:58,740 - INFO - [send_file_to_telegram] - Sending file '03-Marketing Mastery.zip.zip.part_026' to Telegram chat ID: -4603853425
2025-04-18 11:13:11,297 - INFO - [send_file_to_telegram] - Telegram API success for '03-Marketing Mastery.zip.zip.part_026'.
2025-04-18 11:13:11,299 - INFO - [process_upload_and_generate_updates] - [7d473d60-8fa8-4d71-98b9-b5171010eef9] Chunk '03-Marketing Mastery.zip.zip.part_026' sent successfully.
2025-04-18 11:13:11,300 - INFO - [process_upload_and_generate_updates] - [7d473d60-8fa8-4d71-98b9-b5171010eef9] Successfully processed chunk '03-Marketing Mastery.zip.zip.part_026' (MsgID=332) in 12.56s.
2025-04-18 11:13:11,300 - INFO - [process_upload_and_generate_updates] - [7d473d60-8fa8-4d71-98b9-b5171010eef9] Reading chunk 27 for COMPRESSED file starting at byte 545259520.
2025-04-18 11:13:11,326 - INFO - [process_upload_and_generate_updates] - [7d473d60-8fa8-4d71-98b9-b5171010eef9] Read chunk 27 (20971520 bytes). Total read: 566231040/1361670969
2025-04-18 11:13:11,327 - INFO - [process_upload_and_generate_updates] - [7d473d60-8fa8-4d71-98b9-b5171010eef9] Attempting to send chunk: '03-Marketing Mastery.zip.zip.part_027'
2025-04-18 11:13:11,328 - INFO - [send_file_to_telegram] - Sending file '03-Marketing Mastery.zip.zip.part_027' to Telegram chat ID: -4603853425
2025-04-18 11:13:21,748 - INFO - [send_file_to_telegram] - Telegram API success for '03-Marketing Mastery.zip.zip.part_027'.
2025-04-18 11:13:21,752 - INFO - [process_upload_and_generate_updates] - [7d473d60-8fa8-4d71-98b9-b5171010eef9] Chunk '03-Marketing Mastery.zip.zip.part_027' sent successfully.
2025-04-18 11:13:21,753 - INFO - [process_upload_and_generate_updates] - [7d473d60-8fa8-4d71-98b9-b5171010eef9] Successfully processed chunk '03-Marketing Mastery.zip.zip.part_027' (MsgID=333) in 10.42s.
2025-04-18 11:13:21,753 - INFO - [process_upload_and_generate_updates] - [7d473d60-8fa8-4d71-98b9-b5171010eef9] Reading chunk 28 for COMPRESSED file starting at byte 566231040.
2025-04-18 11:13:21,783 - INFO - [process_upload_and_generate_updates] - [7d473d60-8fa8-4d71-98b9-b5171010eef9] Read chunk 28 (20971520 bytes). Total read: 587202560/1361670969
2025-04-18 11:13:21,783 - INFO - [process_upload_and_generate_updates] - [7d473d60-8fa8-4d71-98b9-b5171010eef9] Attempting to send chunk: '03-Marketing Mastery.zip.zip.part_028'
2025-04-18 11:13:21,784 - INFO - [send_file_to_telegram] - Sending file '03-Marketing Mastery.zip.zip.part_028' to Telegram chat ID: -4603853425
2025-04-18 11:13:36,964 - INFO - [send_file_to_telegram] - Telegram API success for '03-Marketing Mastery.zip.zip.part_028'.
2025-04-18 11:13:36,967 - INFO - [process_upload_and_generate_updates] - [7d473d60-8fa8-4d71-98b9-b5171010eef9] Chunk '03-Marketing Mastery.zip.zip.part_028' sent successfully.
2025-04-18 11:13:36,968 - INFO - [process_upload_and_generate_updates] - [7d473d60-8fa8-4d71-98b9-b5171010eef9] Successfully processed chunk '03-Marketing Mastery.zip.zip.part_028' (MsgID=334) in 15.18s.
2025-04-18 11:13:36,969 - INFO - [process_upload_and_generate_updates] - [7d473d60-8fa8-4d71-98b9-b5171010eef9] Reading chunk 29 for COMPRESSED file starting at byte 587202560.
2025-04-18 11:13:36,998 - INFO - [process_upload_and_generate_updates] - [7d473d60-8fa8-4d71-98b9-b5171010eef9] Read chunk 29 (20971520 bytes). Total read: 608174080/1361670969
2025-04-18 11:13:37,001 - INFO - [process_upload_and_generate_updates] - [7d473d60-8fa8-4d71-98b9-b5171010eef9] Attempting to send chunk: '03-Marketing Mastery.zip.zip.part_029'
2025-04-18 11:13:37,002 - INFO - [send_file_to_telegram] - Sending file '03-Marketing Mastery.zip.zip.part_029' to Telegram chat ID: -4603853425
2025-04-18 11:13:54,970 - INFO - [send_file_to_telegram] - Telegram API success for '03-Marketing Mastery.zip.zip.part_029'.
2025-04-18 11:13:54,972 - INFO - [process_upload_and_generate_updates] - [7d473d60-8fa8-4d71-98b9-b5171010eef9] Chunk '03-Marketing Mastery.zip.zip.part_029' sent successfully.
2025-04-18 11:13:54,973 - INFO - [process_upload_and_generate_updates] - [7d473d60-8fa8-4d71-98b9-b5171010eef9] Successfully processed chunk '03-Marketing Mastery.zip.zip.part_029' (MsgID=335) in 17.97s.
2025-04-18 11:13:54,973 - INFO - [process_upload_and_generate_updates] - [7d473d60-8fa8-4d71-98b9-b5171010eef9] Reading chunk 30 for COMPRESSED file starting at byte 608174080.
2025-04-18 11:13:54,999 - INFO - [process_upload_and_generate_updates] - [7d473d60-8fa8-4d71-98b9-b5171010eef9] Read chunk 30 (20971520 bytes). Total read: 629145600/1361670969
2025-04-18 11:13:54,999 - INFO - [process_upload_and_generate_updates] - [7d473d60-8fa8-4d71-98b9-b5171010eef9] Attempting to send chunk: '03-Marketing Mastery.zip.zip.part_030'
2025-04-18 11:13:55,000 - INFO - [send_file_to_telegram] - Sending file '03-Marketing Mastery.zip.zip.part_030' to Telegram chat ID: -4603853425
2025-04-18 11:14:08,068 - INFO - [send_file_to_telegram] - Telegram API success for '03-Marketing Mastery.zip.zip.part_030'.
2025-04-18 11:14:08,073 - INFO - [process_upload_and_generate_updates] - [7d473d60-8fa8-4d71-98b9-b5171010eef9] Chunk '03-Marketing Mastery.zip.zip.part_030' sent successfully.
2025-04-18 11:14:08,074 - INFO - [process_upload_and_generate_updates] - [7d473d60-8fa8-4d71-98b9-b5171010eef9] Successfully processed chunk '03-Marketing Mastery.zip.zip.part_030' (MsgID=336) in 13.07s.
2025-04-18 11:14:08,075 - INFO - [process_upload_and_generate_updates] - [7d473d60-8fa8-4d71-98b9-b5171010eef9] Reading chunk 31 for COMPRESSED file starting at byte 629145600.
2025-04-18 11:14:08,106 - INFO - [process_upload_and_generate_updates] - [7d473d60-8fa8-4d71-98b9-b5171010eef9] Read chunk 31 (20971520 bytes). Total read: 650117120/1361670969
2025-04-18 11:14:08,107 - INFO - [process_upload_and_generate_updates] - [7d473d60-8fa8-4d71-98b9-b5171010eef9] Attempting to send chunk: '03-Marketing Mastery.zip.zip.part_031'
2025-04-18 11:14:08,108 - INFO - [send_file_to_telegram] - Sending file '03-Marketing Mastery.zip.zip.part_031' to Telegram chat ID: -4603853425
2025-04-18 11:14:20,246 - INFO - [send_file_to_telegram] - Telegram API success for '03-Marketing Mastery.zip.zip.part_031'.
2025-04-18 11:14:20,249 - INFO - [process_upload_and_generate_updates] - [7d473d60-8fa8-4d71-98b9-b5171010eef9] Chunk '03-Marketing Mastery.zip.zip.part_031' sent successfully.
2025-04-18 11:14:20,250 - INFO - [process_upload_and_generate_updates] - [7d473d60-8fa8-4d71-98b9-b5171010eef9] Successfully processed chunk '03-Marketing Mastery.zip.zip.part_031' (MsgID=337) in 12.14s.
2025-04-18 11:14:20,251 - INFO - [process_upload_and_generate_updates] - [7d473d60-8fa8-4d71-98b9-b5171010eef9] Reading chunk 32 for COMPRESSED file starting at byte 650117120.
2025-04-18 11:14:20,277 - INFO - [process_upload_and_generate_updates] - [7d473d60-8fa8-4d71-98b9-b5171010eef9] Read chunk 32 (20971520 bytes). Total read: 671088640/1361670969
2025-04-18 11:14:20,278 - INFO - [process_upload_and_generate_updates] - [7d473d60-8fa8-4d71-98b9-b5171010eef9] Attempting to send chunk: '03-Marketing Mastery.zip.zip.part_032'
2025-04-18 11:14:20,280 - INFO - [send_file_to_telegram] - Sending file '03-Marketing Mastery.zip.zip.part_032' to Telegram chat ID: -4603853425
2025-04-18 11:14:31,358 - INFO - [send_file_to_telegram] - Telegram API success for '03-Marketing Mastery.zip.zip.part_032'.
2025-04-18 11:14:31,363 - INFO - [process_upload_and_generate_updates] - [7d473d60-8fa8-4d71-98b9-b5171010eef9] Chunk '03-Marketing Mastery.zip.zip.part_032' sent successfully.
2025-04-18 11:14:31,364 - INFO - [process_upload_and_generate_updates] - [7d473d60-8fa8-4d71-98b9-b5171010eef9] Successfully processed chunk '03-Marketing Mastery.zip.zip.part_032' (MsgID=338) in 11.08s.
2025-04-18 11:14:31,366 - INFO - [process_upload_and_generate_updates] - [7d473d60-8fa8-4d71-98b9-b5171010eef9] Reading chunk 33 for COMPRESSED file starting at byte 671088640.
2025-04-18 11:14:31,396 - INFO - [process_upload_and_generate_updates] - [7d473d60-8fa8-4d71-98b9-b5171010eef9] Read chunk 33 (20971520 bytes). Total read: 692060160/1361670969
2025-04-18 11:14:31,396 - INFO - [process_upload_and_generate_updates] - [7d473d60-8fa8-4d71-98b9-b5171010eef9] Attempting to send chunk: '03-Marketing Mastery.zip.zip.part_033'
2025-04-18 11:14:31,397 - INFO - [send_file_to_telegram] - Sending file '03-Marketing Mastery.zip.zip.part_033' to Telegram chat ID: -4603853425
2025-04-18 11:14:41,464 - INFO - [send_file_to_telegram] - Telegram API success for '03-Marketing Mastery.zip.zip.part_033'.
2025-04-18 11:14:41,469 - INFO - [process_upload_and_generate_updates] - [7d473d60-8fa8-4d71-98b9-b5171010eef9] Chunk '03-Marketing Mastery.zip.zip.part_033' sent successfully.
2025-04-18 11:14:41,470 - INFO - [process_upload_and_generate_updates] - [7d473d60-8fa8-4d71-98b9-b5171010eef9] Successfully processed chunk '03-Marketing Mastery.zip.zip.part_033' (MsgID=339) in 10.07s.
2025-04-18 11:14:41,471 - INFO - [process_upload_and_generate_updates] - [7d473d60-8fa8-4d71-98b9-b5171010eef9] Reading chunk 34 for COMPRESSED file starting at byte 692060160.
2025-04-18 11:14:41,496 - INFO - [process_upload_and_generate_updates] - [7d473d60-8fa8-4d71-98b9-b5171010eef9] Read chunk 34 (20971520 bytes). Total read: 713031680/1361670969
2025-04-18 11:14:41,497 - INFO - [process_upload_and_generate_updates] - [7d473d60-8fa8-4d71-98b9-b5171010eef9] Attempting to send chunk: '03-Marketing Mastery.zip.zip.part_034'
2025-04-18 11:14:41,497 - INFO - [send_file_to_telegram] - Sending file '03-Marketing Mastery.zip.zip.part_034' to Telegram chat ID: -4603853425
2025-04-18 11:14:51,543 - INFO - [send_file_to_telegram] - Telegram API success for '03-Marketing Mastery.zip.zip.part_034'.
2025-04-18 11:14:51,546 - INFO - [process_upload_and_generate_updates] - [7d473d60-8fa8-4d71-98b9-b5171010eef9] Chunk '03-Marketing Mastery.zip.zip.part_034' sent successfully.
2025-04-18 11:14:51,546 - INFO - [process_upload_and_generate_updates] - [7d473d60-8fa8-4d71-98b9-b5171010eef9] Successfully processed chunk '03-Marketing Mastery.zip.zip.part_034' (MsgID=340) in 10.05s.
2025-04-18 11:14:51,547 - INFO - [process_upload_and_generate_updates] - [7d473d60-8fa8-4d71-98b9-b5171010eef9] Reading chunk 35 for COMPRESSED file starting at byte 713031680.
2025-04-18 11:14:51,574 - INFO - [process_upload_and_generate_updates] - [7d473d60-8fa8-4d71-98b9-b5171010eef9] Read chunk 35 (20971520 bytes). Total read: 734003200/1361670969
2025-04-18 11:14:51,575 - INFO - [process_upload_and_generate_updates] - [7d473d60-8fa8-4d71-98b9-b5171010eef9] Attempting to send chunk: '03-Marketing Mastery.zip.zip.part_035'
2025-04-18 11:14:51,575 - INFO - [send_file_to_telegram] - Sending file '03-Marketing Mastery.zip.zip.part_035' to Telegram chat ID: -4603853425
2025-04-18 11:15:09,056 - INFO - [send_file_to_telegram] - Telegram API success for '03-Marketing Mastery.zip.zip.part_035'.
2025-04-18 11:15:09,060 - INFO - [process_upload_and_generate_updates] - [7d473d60-8fa8-4d71-98b9-b5171010eef9] Chunk '03-Marketing Mastery.zip.zip.part_035' sent successfully.
2025-04-18 11:15:09,062 - INFO - [process_upload_and_generate_updates] - [7d473d60-8fa8-4d71-98b9-b5171010eef9] Successfully processed chunk '03-Marketing Mastery.zip.zip.part_035' (MsgID=341) in 17.49s.
2025-04-18 11:15:09,065 - INFO - [process_upload_and_generate_updates] - [7d473d60-8fa8-4d71-98b9-b5171010eef9] Reading chunk 36 for COMPRESSED file starting at byte 734003200.
2025-04-18 11:15:09,094 - INFO - [process_upload_and_generate_updates] - [7d473d60-8fa8-4d71-98b9-b5171010eef9] Read chunk 36 (20971520 bytes). Total read: 754974720/1361670969
2025-04-18 11:15:09,095 - INFO - [process_upload_and_generate_updates] - [7d473d60-8fa8-4d71-98b9-b5171010eef9] Attempting to send chunk: '03-Marketing Mastery.zip.zip.part_036'
2025-04-18 11:15:09,095 - INFO - [send_file_to_telegram] - Sending file '03-Marketing Mastery.zip.zip.part_036' to Telegram chat ID: -4603853425
2025-04-18 11:15:27,211 - INFO - [send_file_to_telegram] - Telegram API success for '03-Marketing Mastery.zip.zip.part_036'.
2025-04-18 11:15:27,214 - INFO - [process_upload_and_generate_updates] - [7d473d60-8fa8-4d71-98b9-b5171010eef9] Chunk '03-Marketing Mastery.zip.zip.part_036' sent successfully.
2025-04-18 11:15:27,215 - INFO - [process_upload_and_generate_updates] - [7d473d60-8fa8-4d71-98b9-b5171010eef9] Successfully processed chunk '03-Marketing Mastery.zip.zip.part_036' (MsgID=342) in 18.12s.
2025-04-18 11:15:27,216 - INFO - [process_upload_and_generate_updates] - [7d473d60-8fa8-4d71-98b9-b5171010eef9] Reading chunk 37 for COMPRESSED file starting at byte 754974720.
2025-04-18 11:15:27,257 - INFO - [process_upload_and_generate_updates] - [7d473d60-8fa8-4d71-98b9-b5171010eef9] Read chunk 37 (20971520 bytes). Total read: 775946240/1361670969
2025-04-18 11:15:27,258 - INFO - [process_upload_and_generate_updates] - [7d473d60-8fa8-4d71-98b9-b5171010eef9] Attempting to send chunk: '03-Marketing Mastery.zip.zip.part_037'
2025-04-18 11:15:27,258 - INFO - [send_file_to_telegram] - Sending file '03-Marketing Mastery.zip.zip.part_037' to Telegram chat ID: -4603853425
2025-04-18 11:15:40,948 - INFO - [send_file_to_telegram] - Telegram API success for '03-Marketing Mastery.zip.zip.part_037'.
2025-04-18 11:15:40,951 - INFO - [process_upload_and_generate_updates] - [7d473d60-8fa8-4d71-98b9-b5171010eef9] Chunk '03-Marketing Mastery.zip.zip.part_037' sent successfully.
2025-04-18 11:15:40,953 - INFO - [process_upload_and_generate_updates] - [7d473d60-8fa8-4d71-98b9-b5171010eef9] Successfully processed chunk '03-Marketing Mastery.zip.zip.part_037' (MsgID=343) in 13.69s.
2025-04-18 11:15:40,955 - INFO - [process_upload_and_generate_updates] - [7d473d60-8fa8-4d71-98b9-b5171010eef9] Reading chunk 38 for COMPRESSED file starting at byte 775946240.
2025-04-18 11:15:40,993 - INFO - [process_upload_and_generate_updates] - [7d473d60-8fa8-4d71-98b9-b5171010eef9] Read chunk 38 (20971520 bytes). Total read: 796917760/1361670969
2025-04-18 11:15:40,994 - INFO - [process_upload_and_generate_updates] - [7d473d60-8fa8-4d71-98b9-b5171010eef9] Attempting to send chunk: '03-Marketing Mastery.zip.zip.part_038'
2025-04-18 11:15:40,994 - INFO - [send_file_to_telegram] - Sending file '03-Marketing Mastery.zip.zip.part_038' to Telegram chat ID: -4603853425
2025-04-18 11:15:51,454 - INFO - [send_file_to_telegram] - Telegram API success for '03-Marketing Mastery.zip.zip.part_038'.
2025-04-18 11:15:51,456 - INFO - [process_upload_and_generate_updates] - [7d473d60-8fa8-4d71-98b9-b5171010eef9] Chunk '03-Marketing Mastery.zip.zip.part_038' sent successfully.
2025-04-18 11:15:51,456 - INFO - [process_upload_and_generate_updates] - [7d473d60-8fa8-4d71-98b9-b5171010eef9] Successfully processed chunk '03-Marketing Mastery.zip.zip.part_038' (MsgID=344) in 10.46s.
2025-04-18 11:15:51,457 - INFO - [process_upload_and_generate_updates] - [7d473d60-8fa8-4d71-98b9-b5171010eef9] Reading chunk 39 for COMPRESSED file starting at byte 796917760.
2025-04-18 11:15:51,485 - INFO - [process_upload_and_generate_updates] - [7d473d60-8fa8-4d71-98b9-b5171010eef9] Read chunk 39 (20971520 bytes). Total read: 817889280/1361670969
2025-04-18 11:15:51,487 - INFO - [process_upload_and_generate_updates] - [7d473d60-8fa8-4d71-98b9-b5171010eef9] Attempting to send chunk: '03-Marketing Mastery.zip.zip.part_039'
2025-04-18 11:15:51,488 - INFO - [send_file_to_telegram] - Sending file '03-Marketing Mastery.zip.zip.part_039' to Telegram chat ID: -4603853425
2025-04-18 11:16:02,683 - INFO - [send_file_to_telegram] - Telegram API success for '03-Marketing Mastery.zip.zip.part_039'.
2025-04-18 11:16:02,685 - INFO - [process_upload_and_generate_updates] - [7d473d60-8fa8-4d71-98b9-b5171010eef9] Chunk '03-Marketing Mastery.zip.zip.part_039' sent successfully.
2025-04-18 11:16:02,686 - INFO - [process_upload_and_generate_updates] - [7d473d60-8fa8-4d71-98b9-b5171010eef9] Successfully processed chunk '03-Marketing Mastery.zip.zip.part_039' (MsgID=345) in 11.20s.
2025-04-18 11:16:02,687 - INFO - [process_upload_and_generate_updates] - [7d473d60-8fa8-4d71-98b9-b5171010eef9] Reading chunk 40 for COMPRESSED file starting at byte 817889280.
2025-04-18 11:16:02,779 - INFO - [process_upload_and_generate_updates] - [7d473d60-8fa8-4d71-98b9-b5171010eef9] Read chunk 40 (20971520 bytes). Total read: 838860800/1361670969
2025-04-18 11:16:02,779 - INFO - [process_upload_and_generate_updates] - [7d473d60-8fa8-4d71-98b9-b5171010eef9] Attempting to send chunk: '03-Marketing Mastery.zip.zip.part_040'
2025-04-18 11:16:02,780 - INFO - [send_file_to_telegram] - Sending file '03-Marketing Mastery.zip.zip.part_040' to Telegram chat ID: -4603853425
2025-04-18 11:16:13,776 - INFO - [send_file_to_telegram] - Telegram API success for '03-Marketing Mastery.zip.zip.part_040'.
2025-04-18 11:16:13,779 - INFO - [process_upload_and_generate_updates] - [7d473d60-8fa8-4d71-98b9-b5171010eef9] Chunk '03-Marketing Mastery.zip.zip.part_040' sent successfully.
2025-04-18 11:16:13,781 - INFO - [process_upload_and_generate_updates] - [7d473d60-8fa8-4d71-98b9-b5171010eef9] Successfully processed chunk '03-Marketing Mastery.zip.zip.part_040' (MsgID=346) in 11.00s.
2025-04-18 11:16:13,789 - INFO - [process_upload_and_generate_updates] - [7d473d60-8fa8-4d71-98b9-b5171010eef9] Reading chunk 41 for COMPRESSED file starting at byte 838860800.
2025-04-18 11:16:13,855 - INFO - [process_upload_and_generate_updates] - [7d473d60-8fa8-4d71-98b9-b5171010eef9] Read chunk 41 (20971520 bytes). Total read: 859832320/1361670969
2025-04-18 11:16:13,856 - INFO - [process_upload_and_generate_updates] - [7d473d60-8fa8-4d71-98b9-b5171010eef9] Attempting to send chunk: '03-Marketing Mastery.zip.zip.part_041'
2025-04-18 11:16:13,856 - INFO - [send_file_to_telegram] - Sending file '03-Marketing Mastery.zip.zip.part_041' to Telegram chat ID: -4603853425
2025-04-18 11:16:30,790 - INFO - [send_file_to_telegram] - Telegram API success for '03-Marketing Mastery.zip.zip.part_041'.
2025-04-18 11:16:30,796 - INFO - [process_upload_and_generate_updates] - [7d473d60-8fa8-4d71-98b9-b5171010eef9] Chunk '03-Marketing Mastery.zip.zip.part_041' sent successfully.
2025-04-18 11:16:30,800 - INFO - [process_upload_and_generate_updates] - [7d473d60-8fa8-4d71-98b9-b5171010eef9] Successfully processed chunk '03-Marketing Mastery.zip.zip.part_041' (MsgID=347) in 16.94s.
2025-04-18 11:16:30,801 - INFO - [process_upload_and_generate_updates] - [7d473d60-8fa8-4d71-98b9-b5171010eef9] Reading chunk 42 for COMPRESSED file starting at byte 859832320.
2025-04-18 11:16:30,839 - INFO - [process_upload_and_generate_updates] - [7d473d60-8fa8-4d71-98b9-b5171010eef9] Read chunk 42 (20971520 bytes). Total read: 880803840/1361670969
2025-04-18 11:16:30,845 - INFO - [process_upload_and_generate_updates] - [7d473d60-8fa8-4d71-98b9-b5171010eef9] Attempting to send chunk: '03-Marketing Mastery.zip.zip.part_042'
2025-04-18 11:16:30,848 - INFO - [send_file_to_telegram] - Sending file '03-Marketing Mastery.zip.zip.part_042' to Telegram chat ID: -4603853425
2025-04-18 11:16:41,156 - INFO - [send_file_to_telegram] - Telegram API success for '03-Marketing Mastery.zip.zip.part_042'.
2025-04-18 11:16:41,158 - INFO - [process_upload_and_generate_updates] - [7d473d60-8fa8-4d71-98b9-b5171010eef9] Chunk '03-Marketing Mastery.zip.zip.part_042' sent successfully.
2025-04-18 11:16:41,159 - INFO - [process_upload_and_generate_updates] - [7d473d60-8fa8-4d71-98b9-b5171010eef9] Successfully processed chunk '03-Marketing Mastery.zip.zip.part_042' (MsgID=348) in 10.31s.
2025-04-18 11:16:41,159 - INFO - [process_upload_and_generate_updates] - [7d473d60-8fa8-4d71-98b9-b5171010eef9] Reading chunk 43 for COMPRESSED file starting at byte 880803840.
2025-04-18 11:16:41,187 - INFO - [process_upload_and_generate_updates] - [7d473d60-8fa8-4d71-98b9-b5171010eef9] Read chunk 43 (20971520 bytes). Total read: 901775360/1361670969
2025-04-18 11:16:41,188 - INFO - [process_upload_and_generate_updates] - [7d473d60-8fa8-4d71-98b9-b5171010eef9] Attempting to send chunk: '03-Marketing Mastery.zip.zip.part_043'
2025-04-18 11:16:41,188 - INFO - [send_file_to_telegram] - Sending file '03-Marketing Mastery.zip.zip.part_043' to Telegram chat ID: -4603853425
2025-04-18 11:16:54,295 - INFO - [send_file_to_telegram] - Telegram API success for '03-Marketing Mastery.zip.zip.part_043'.
2025-04-18 11:16:54,304 - INFO - [process_upload_and_generate_updates] - [7d473d60-8fa8-4d71-98b9-b5171010eef9] Chunk '03-Marketing Mastery.zip.zip.part_043' sent successfully.
2025-04-18 11:16:54,306 - INFO - [process_upload_and_generate_updates] - [7d473d60-8fa8-4d71-98b9-b5171010eef9] Successfully processed chunk '03-Marketing Mastery.zip.zip.part_043' (MsgID=349) in 13.12s.
2025-04-18 11:16:54,308 - INFO - [process_upload_and_generate_updates] - [7d473d60-8fa8-4d71-98b9-b5171010eef9] Reading chunk 44 for COMPRESSED file starting at byte 901775360.
2025-04-18 11:16:54,343 - INFO - [process_upload_and_generate_updates] - [7d473d60-8fa8-4d71-98b9-b5171010eef9] Read chunk 44 (20971520 bytes). Total read: 922746880/1361670969
2025-04-18 11:16:54,345 - INFO - [process_upload_and_generate_updates] - [7d473d60-8fa8-4d71-98b9-b5171010eef9] Attempting to send chunk: '03-Marketing Mastery.zip.zip.part_044'
2025-04-18 11:16:54,345 - INFO - [send_file_to_telegram] - Sending file '03-Marketing Mastery.zip.zip.part_044' to Telegram chat ID: -4603853425
2025-04-18 11:17:04,128 - INFO - [send_file_to_telegram] - Telegram API success for '03-Marketing Mastery.zip.zip.part_044'.
2025-04-18 11:17:04,132 - INFO - [process_upload_and_generate_updates] - [7d473d60-8fa8-4d71-98b9-b5171010eef9] Chunk '03-Marketing Mastery.zip.zip.part_044' sent successfully.
2025-04-18 11:17:04,133 - INFO - [process_upload_and_generate_updates] - [7d473d60-8fa8-4d71-98b9-b5171010eef9] Successfully processed chunk '03-Marketing Mastery.zip.zip.part_044' (MsgID=350) in 9.79s.
2025-04-18 11:17:04,133 - INFO - [process_upload_and_generate_updates] - [7d473d60-8fa8-4d71-98b9-b5171010eef9] Reading chunk 45 for COMPRESSED file starting at byte 922746880.
2025-04-18 11:17:04,166 - INFO - [process_upload_and_generate_updates] - [7d473d60-8fa8-4d71-98b9-b5171010eef9] Read chunk 45 (20971520 bytes). Total read: 943718400/1361670969
2025-04-18 11:17:04,168 - INFO - [process_upload_and_generate_updates] - [7d473d60-8fa8-4d71-98b9-b5171010eef9] Attempting to send chunk: '03-Marketing Mastery.zip.zip.part_045'
2025-04-18 11:17:04,169 - INFO - [send_file_to_telegram] - Sending file '03-Marketing Mastery.zip.zip.part_045' to Telegram chat ID: -4603853425
2025-04-18 11:17:16,679 - INFO - [send_file_to_telegram] - Telegram API success for '03-Marketing Mastery.zip.zip.part_045'.
2025-04-18 11:17:16,682 - INFO - [process_upload_and_generate_updates] - [7d473d60-8fa8-4d71-98b9-b5171010eef9] Chunk '03-Marketing Mastery.zip.zip.part_045' sent successfully.
2025-04-18 11:17:16,683 - INFO - [process_upload_and_generate_updates] - [7d473d60-8fa8-4d71-98b9-b5171010eef9] Successfully processed chunk '03-Marketing Mastery.zip.zip.part_045' (MsgID=351) in 12.51s.
2025-04-18 11:17:16,684 - INFO - [process_upload_and_generate_updates] - [7d473d60-8fa8-4d71-98b9-b5171010eef9] Reading chunk 46 for COMPRESSED file starting at byte 943718400.
2025-04-18 11:17:16,711 - INFO - [process_upload_and_generate_updates] - [7d473d60-8fa8-4d71-98b9-b5171010eef9] Read chunk 46 (20971520 bytes). Total read: 964689920/1361670969
2025-04-18 11:17:16,712 - INFO - [process_upload_and_generate_updates] - [7d473d60-8fa8-4d71-98b9-b5171010eef9] Attempting to send chunk: '03-Marketing Mastery.zip.zip.part_046'
2025-04-18 11:17:16,712 - INFO - [send_file_to_telegram] - Sending file '03-Marketing Mastery.zip.zip.part_046' to Telegram chat ID: -4603853425
2025-04-18 11:17:26,935 - INFO - [send_file_to_telegram] - Telegram API success for '03-Marketing Mastery.zip.zip.part_046'.
2025-04-18 11:17:26,939 - INFO - [process_upload_and_generate_updates] - [7d473d60-8fa8-4d71-98b9-b5171010eef9] Chunk '03-Marketing Mastery.zip.zip.part_046' sent successfully.
2025-04-18 11:17:26,939 - INFO - [process_upload_and_generate_updates] - [7d473d60-8fa8-4d71-98b9-b5171010eef9] Successfully processed chunk '03-Marketing Mastery.zip.zip.part_046' (MsgID=352) in 10.23s.
2025-04-18 11:17:26,940 - INFO - [process_upload_and_generate_updates] - [7d473d60-8fa8-4d71-98b9-b5171010eef9] Reading chunk 47 for COMPRESSED file starting at byte 964689920.
2025-04-18 11:17:26,969 - INFO - [process_upload_and_generate_updates] - [7d473d60-8fa8-4d71-98b9-b5171010eef9] Read chunk 47 (20971520 bytes). Total read: 985661440/1361670969
2025-04-18 11:17:26,969 - INFO - [process_upload_and_generate_updates] - [7d473d60-8fa8-4d71-98b9-b5171010eef9] Attempting to send chunk: '03-Marketing Mastery.zip.zip.part_047'
2025-04-18 11:17:26,970 - INFO - [send_file_to_telegram] - Sending file '03-Marketing Mastery.zip.zip.part_047' to Telegram chat ID: -4603853425
2025-04-18 11:17:37,502 - INFO - [send_file_to_telegram] - Telegram API success for '03-Marketing Mastery.zip.zip.part_047'.
2025-04-18 11:17:37,517 - INFO - [process_upload_and_generate_updates] - [7d473d60-8fa8-4d71-98b9-b5171010eef9] Chunk '03-Marketing Mastery.zip.zip.part_047' sent successfully.
2025-04-18 11:17:37,521 - INFO - [process_upload_and_generate_updates] - [7d473d60-8fa8-4d71-98b9-b5171010eef9] Successfully processed chunk '03-Marketing Mastery.zip.zip.part_047' (MsgID=353) in 10.55s.
2025-04-18 11:17:37,522 - INFO - [process_upload_and_generate_updates] - [7d473d60-8fa8-4d71-98b9-b5171010eef9] Reading chunk 48 for COMPRESSED file starting at byte 985661440.
2025-04-18 11:17:37,550 - INFO - [process_upload_and_generate_updates] - [7d473d60-8fa8-4d71-98b9-b5171010eef9] Read chunk 48 (20971520 bytes). Total read: 1006632960/1361670969
2025-04-18 11:17:37,567 - INFO - [process_upload_and_generate_updates] - [7d473d60-8fa8-4d71-98b9-b5171010eef9] Attempting to send chunk: '03-Marketing Mastery.zip.zip.part_048'
2025-04-18 11:17:37,568 - INFO - [send_file_to_telegram] - Sending file '03-Marketing Mastery.zip.zip.part_048' to Telegram chat ID: -4603853425
2025-04-18 11:17:54,884 - INFO - [send_file_to_telegram] - Telegram API success for '03-Marketing Mastery.zip.zip.part_048'.
2025-04-18 11:17:54,886 - INFO - [process_upload_and_generate_updates] - [7d473d60-8fa8-4d71-98b9-b5171010eef9] Chunk '03-Marketing Mastery.zip.zip.part_048' sent successfully.
2025-04-18 11:17:54,889 - INFO - [process_upload_and_generate_updates] - [7d473d60-8fa8-4d71-98b9-b5171010eef9] Successfully processed chunk '03-Marketing Mastery.zip.zip.part_048' (MsgID=354) in 17.32s.
2025-04-18 11:17:54,889 - INFO - [process_upload_and_generate_updates] - [7d473d60-8fa8-4d71-98b9-b5171010eef9] Reading chunk 49 for COMPRESSED file starting at byte 1006632960.
2025-04-18 11:17:54,923 - INFO - [process_upload_and_generate_updates] - [7d473d60-8fa8-4d71-98b9-b5171010eef9] Read chunk 49 (20971520 bytes). Total read: 1027604480/1361670969
2025-04-18 11:17:54,926 - INFO - [process_upload_and_generate_updates] - [7d473d60-8fa8-4d71-98b9-b5171010eef9] Attempting to send chunk: '03-Marketing Mastery.zip.zip.part_049'
2025-04-18 11:17:54,926 - INFO - [send_file_to_telegram] - Sending file '03-Marketing Mastery.zip.zip.part_049' to Telegram chat ID: -4603853425
2025-04-18 11:18:07,434 - INFO - [send_file_to_telegram] - Telegram API success for '03-Marketing Mastery.zip.zip.part_049'.
2025-04-18 11:18:07,440 - INFO - [process_upload_and_generate_updates] - [7d473d60-8fa8-4d71-98b9-b5171010eef9] Chunk '03-Marketing Mastery.zip.zip.part_049' sent successfully.
2025-04-18 11:18:07,441 - INFO - [process_upload_and_generate_updates] - [7d473d60-8fa8-4d71-98b9-b5171010eef9] Successfully processed chunk '03-Marketing Mastery.zip.zip.part_049' (MsgID=355) in 12.51s.
2025-04-18 11:18:07,442 - INFO - [process_upload_and_generate_updates] - [7d473d60-8fa8-4d71-98b9-b5171010eef9] Reading chunk 50 for COMPRESSED file starting at byte 1027604480.
2025-04-18 11:18:07,479 - INFO - [process_upload_and_generate_updates] - [7d473d60-8fa8-4d71-98b9-b5171010eef9] Read chunk 50 (20971520 bytes). Total read: 1048576000/1361670969
2025-04-18 11:18:07,518 - INFO - [process_upload_and_generate_updates] - [7d473d60-8fa8-4d71-98b9-b5171010eef9] Attempting to send chunk: '03-Marketing Mastery.zip.zip.part_050'
2025-04-18 11:18:07,561 - INFO - [send_file_to_telegram] - Sending file '03-Marketing Mastery.zip.zip.part_050' to Telegram chat ID: -4603853425
2025-04-18 11:18:20,255 - INFO - [send_file_to_telegram] - Telegram API success for '03-Marketing Mastery.zip.zip.part_050'.
2025-04-18 11:18:20,258 - INFO - [process_upload_and_generate_updates] - [7d473d60-8fa8-4d71-98b9-b5171010eef9] Chunk '03-Marketing Mastery.zip.zip.part_050' sent successfully.
2025-04-18 11:18:20,258 - INFO - [process_upload_and_generate_updates] - [7d473d60-8fa8-4d71-98b9-b5171010eef9] Successfully processed chunk '03-Marketing Mastery.zip.zip.part_050' (MsgID=356) in 12.70s.
2025-04-18 11:18:20,259 - INFO - [process_upload_and_generate_updates] - [7d473d60-8fa8-4d71-98b9-b5171010eef9] Reading chunk 51 for COMPRESSED file starting at byte 1048576000.
2025-04-18 11:18:20,302 - INFO - [process_upload_and_generate_updates] - [7d473d60-8fa8-4d71-98b9-b5171010eef9] Read chunk 51 (20971520 bytes). Total read: 1069547520/1361670969
2025-04-18 11:18:20,302 - INFO - [process_upload_and_generate_updates] - [7d473d60-8fa8-4d71-98b9-b5171010eef9] Attempting to send chunk: '03-Marketing Mastery.zip.zip.part_051'
2025-04-18 11:18:20,302 - INFO - [send_file_to_telegram] - Sending file '03-Marketing Mastery.zip.zip.part_051' to Telegram chat ID: -4603853425
2025-04-18 11:18:30,215 - INFO - [send_file_to_telegram] - Telegram API success for '03-Marketing Mastery.zip.zip.part_051'.
2025-04-18 11:18:30,218 - INFO - [process_upload_and_generate_updates] - [7d473d60-8fa8-4d71-98b9-b5171010eef9] Chunk '03-Marketing Mastery.zip.zip.part_051' sent successfully.
2025-04-18 11:18:30,219 - INFO - [process_upload_and_generate_updates] - [7d473d60-8fa8-4d71-98b9-b5171010eef9] Successfully processed chunk '03-Marketing Mastery.zip.zip.part_051' (MsgID=357) in 9.92s.
2025-04-18 11:18:30,220 - INFO - [process_upload_and_generate_updates] - [7d473d60-8fa8-4d71-98b9-b5171010eef9] Reading chunk 52 for COMPRESSED file starting at byte 1069547520.
2025-04-18 11:18:30,252 - INFO - [process_upload_and_generate_updates] - [7d473d60-8fa8-4d71-98b9-b5171010eef9] Read chunk 52 (20971520 bytes). Total read: 1090519040/1361670969
2025-04-18 11:18:30,252 - INFO - [process_upload_and_generate_updates] - [7d473d60-8fa8-4d71-98b9-b5171010eef9] Attempting to send chunk: '03-Marketing Mastery.zip.zip.part_052'
2025-04-18 11:18:30,253 - INFO - [send_file_to_telegram] - Sending file '03-Marketing Mastery.zip.zip.part_052' to Telegram chat ID: -4603853425
2025-04-18 11:18:39,312 - INFO - [send_file_to_telegram] - Telegram API success for '03-Marketing Mastery.zip.zip.part_052'.
2025-04-18 11:18:39,316 - INFO - [process_upload_and_generate_updates] - [7d473d60-8fa8-4d71-98b9-b5171010eef9] Chunk '03-Marketing Mastery.zip.zip.part_052' sent successfully.
2025-04-18 11:18:39,318 - INFO - [process_upload_and_generate_updates] - [7d473d60-8fa8-4d71-98b9-b5171010eef9] Successfully processed chunk '03-Marketing Mastery.zip.zip.part_052' (MsgID=358) in 9.06s.
2025-04-18 11:18:39,332 - INFO - [process_upload_and_generate_updates] - [7d473d60-8fa8-4d71-98b9-b5171010eef9] Reading chunk 53 for COMPRESSED file starting at byte 1090519040.
2025-04-18 11:18:39,360 - INFO - [process_upload_and_generate_updates] - [7d473d60-8fa8-4d71-98b9-b5171010eef9] Read chunk 53 (20971520 bytes). Total read: 1111490560/1361670969
2025-04-18 11:18:39,364 - INFO - [process_upload_and_generate_updates] - [7d473d60-8fa8-4d71-98b9-b5171010eef9] Attempting to send chunk: '03-Marketing Mastery.zip.zip.part_053'
2025-04-18 11:18:39,366 - INFO - [send_file_to_telegram] - Sending file '03-Marketing Mastery.zip.zip.part_053' to Telegram chat ID: -4603853425
2025-04-18 11:18:48,320 - INFO - [_log] -  * Detected change in 'E:\\Telegram_tool\\Telegram_Bot_Tool\\Telegram_app.py', reloading
