2025-05-02 11:52:30,977 - INFO - [MainThread] [<module>] - ============================================================
2025-05-02 11:52:30,977 - INFO - [MainThread] [<module>] - Logging configured. Level: INFO. Log file: Selenium-Logs\app_20250502_115230.log
2025-05-02 11:52:30,977 - INFO - [MainThread] [<module>] - Primary Chat ID: -4603853425
2025-05-02 11:52:30,977 - INFO - [MainThread] [<module>] - All Target Chat IDs: ['-4603853425', '-1002614397019', '-4641852757']
2025-05-02 11:52:30,977 - INFO - [MainThread] [<module>] - Chunk Size: 20.0 MB (20971520 bytes)
2025-05-02 11:52:30,977 - INFO - [MainThread] [<module>] - API Timeouts (Connect/Read): 10s / 60s
2025-05-02 11:52:30,977 - INFO - [MainThread] [<module>] - API Retries: 3 attempts, 2s delay
2025-05-02 11:52:30,977 - INFO - [MainThread] [<module>] - Max Upload Workers: 5
2025-05-02 11:52:30,977 - INFO - [MainThread] [<module>] - Max Download Workers: 12
2025-05-02 11:52:30,977 - INFO - [MainThread] [<module>] - ============================================================
2025-05-02 11:52:30,977 - INFO - [MainThread] [<module>] - Configuration loaded successfully.
2025-05-02 11:52:30,977 - INFO - [MainThread] [<module>] - Custom Jinja filter 'format_bytes' registered.
2025-05-02 11:52:30,987 - INFO - [MainThread] [<module>] - Flask-CORS initialized. Allowing origins: http://localhost:4200
2025-05-02 11:52:30,987 - INFO - [MainThread] [<module>] - Flask application initialized.
2025-05-02 11:52:30,987 - INFO - [MainThread] [<module>] - Global state variables initialized (upload_progress_data, download_prep_data).
2025-05-02 11:52:30,993 - INFO - [MainThread] [<module>] - Custom Jinja filter 'format_bytes' registered.
2025-05-02 11:52:30,994 - INFO - [MainThread] [<module>] - Flask-CORS initialized. Allowing origins: http://localhost:4200
2025-05-02 11:52:30,995 - INFO - [MainThread] [<module>] - Flask application initialized.
2025-05-02 11:52:30,996 - INFO - [MainThread] [<module>] - Global state variables initialized (upload_progress_data, download_prep_data).
2025-05-02 11:52:31,177 - INFO - [MainThread] [<module>] - Database module initialized.
2025-05-02 11:52:31,656 - INFO - [MainThread] [<module>] - Initialized requests.Session for Telegram API calls.
2025-05-02 11:52:31,656 - INFO - [MainThread] [<module>] - Telegram API functions defined with Session and Retries.
2025-05-02 11:52:31,661 - INFO - [MainThread] [<module>] - Flask routes defined using configurable workers and linter fixes.
2025-05-02 11:52:31,662 - INFO - [MainThread] [<module>] - Starting Flask development server...
2025-05-02 11:52:31,692 - WARNING - [MainThread] [_log] -  * Debugger is active!
2025-05-02 11:52:31,697 - INFO - [MainThread] [_log] -  * Debugger PIN: 107-410-311
2025-05-02 11:52:44,037 - INFO - [Thread-2 (process_request_thread)] [index] - Serving index page.
2025-05-02 11:52:44,104 - INFO - [Thread-2 (process_request_thread)] [_log] - 127.0.0.1 - - [02/May/2025 11:52:44] "GET / HTTP/1.1" 200 -
2025-05-02 11:52:46,741 - INFO - [Thread-3 (process_request_thread)] [_log] - 127.0.0.1 - - [02/May/2025 11:52:46] "GET /login HTTP/1.1" 200 -
2025-05-02 11:52:54,537 - INFO - [Thread-4 (process_request_thread)] [_log] - 127.0.0.1 - - [02/May/2025 11:52:54] "[32mPOST /login HTTP/1.1[0m" 302 -
2025-05-02 11:52:54,544 - INFO - [Thread-5 (process_request_thread)] [index] - Serving index page.
2025-05-02 11:52:54,549 - INFO - [Thread-5 (process_request_thread)] [_log] - 127.0.0.1 - - [02/May/2025 11:52:54] "GET / HTTP/1.1" 200 -
2025-05-02 11:53:01,147 - INFO - [Thread-6 (process_request_thread)] [initiate_upload] - Request initiate upload.
2025-05-02 11:53:01,147 - INFO - [Thread-6 (process_request_thread)] [initiate_upload] - [bbc8276b-2ed0-4310-a2d8-7ce6025176e5] Temp storage: uploads_temp\bbc8276b-2ed0-4310-a2d8-7ce6025176e5_register.html
2025-05-02 11:53:01,147 - INFO - [Thread-6 (process_request_thread)] [initiate_upload] - [bbc8276b-2ed0-4310-a2d8-7ce6025176e5] Temp saved: 'register.html'.
2025-05-02 11:53:01,147 - INFO - [Thread-6 (process_request_thread)] [_log] - 127.0.0.1 - - [02/May/2025 11:53:01] "POST /initiate-upload HTTP/1.1" 200 -
2025-05-02 11:53:01,177 - INFO - [Thread-7 (process_request_thread)] [stream_progress] - SSE connect request for upload_id: bbc8276b-2ed0-4310-a2d8-7ce6025176e5
2025-05-02 11:53:01,182 - INFO - [Thread-7 (process_request_thread)] [process_upload_and_generate_updates] - [bbc8276b-2ed0-4310-a2d8-7ce6025176e5] Starting processing generator...
2025-05-02 11:53:01,183 - INFO - [Thread-7 (process_request_thread)] [process_upload_and_generate_updates] - [bbc8276b-2ed0-4310-a2d8-7ce6025176e5] Processing: User='admin', File='register.html'
2025-05-02 11:53:01,183 - INFO - [Thread-7 (process_request_thread)] [process_upload_and_generate_updates] - [bbc8276b-2ed0-4310-a2d8-7ce6025176e5] Initialized Upload Executor (max=5)
2025-05-02 11:53:01,196 - INFO - [Thread-7 (process_request_thread)] [_log] - 127.0.0.1 - - [02/May/2025 11:53:01] "GET /stream-progress/bbc8276b-2ed0-4310-a2d8-7ce6025176e5 HTTP/1.1" 200 -
2025-05-02 11:53:01,197 - INFO - [Thread-7 (process_request_thread)] [process_upload_and_generate_updates] - [bbc8276b-2ed0-4310-a2d8-7ce6025176e5] Access ID: 3a23e70eef
2025-05-02 11:53:01,213 - INFO - [Thread-7 (process_request_thread)] [process_upload_and_generate_updates] - [bbc8276b-2ed0-4310-a2d8-7ce6025176e5] Single file workflow.
2025-05-02 11:53:01,230 - INFO - [Thread-7 (process_request_thread)] [process_upload_and_generate_updates] - [bbc8276b-2ed0-4310-a2d8-7ce6025176e5] Compressed size: 2565
2025-05-02 11:53:01,233 - INFO - [Upload_bbc8_0] [_send_single_file_task] - [bbc8276b-2ed0-4310-a2d8-7ce6025176e5] T> Sending 'register.zip' (2565b) to -4603853425
2025-05-02 11:53:01,234 - INFO - [Upload_bbc8_1] [_send_single_file_task] - [bbc8276b-2ed0-4310-a2d8-7ce6025176e5] T> Sending 'register.zip' (2565b) to -1002614397019
2025-05-02 11:53:01,234 - INFO - [Upload_bbc8_0] [send_file_to_telegram] - [ChatID -4603853425, File 'register.zip'] Attempting send.
2025-05-02 11:53:01,234 - INFO - [Upload_bbc8_2] [_send_single_file_task] - [bbc8276b-2ed0-4310-a2d8-7ce6025176e5] T> Sending 'register.zip' (2565b) to -4641852757
2025-05-02 11:53:01,234 - INFO - [Thread-7 (process_request_thread)] [process_upload_and_generate_updates] - [bbc8276b-2ed0-4310-a2d8-7ce6025176e5] Submitted 3 single-file tasks.
2025-05-02 11:53:01,235 - INFO - [Upload_bbc8_1] [send_file_to_telegram] - [ChatID -1002614397019, File 'register.zip'] Attempting send.
2025-05-02 11:53:01,236 - INFO - [Upload_bbc8_2] [send_file_to_telegram] - [ChatID -4641852757, File 'register.zip'] Attempting send.
2025-05-02 11:53:01,236 - INFO - [Thread-7 (process_request_thread)] [process_upload_and_generate_updates] - [bbc8276b-2ed0-4310-a2d8-7ce6025176e5] Wait primary (-4603853425)...
2025-05-02 11:53:02,251 - INFO - [Upload_bbc8_1] [send_file_to_telegram] - [ChatID -1002614397019, File 'register.zip'] API success (Attempt 1).
2025-05-02 11:53:02,251 - INFO - [Upload_bbc8_1] [_send_single_file_task] - [bbc8276b-2ed0-4310-a2d8-7ce6025176e5] T> Sent 'register.zip' to -1002614397019. Success: True
2025-05-02 11:53:02,273 - INFO - [Upload_bbc8_2] [send_file_to_telegram] - [ChatID -4641852757, File 'register.zip'] API success (Attempt 1).
2025-05-02 11:53:02,275 - INFO - [Upload_bbc8_2] [_send_single_file_task] - [bbc8276b-2ed0-4310-a2d8-7ce6025176e5] T> Sent 'register.zip' to -4641852757. Success: True
2025-05-02 11:53:02,287 - INFO - [Upload_bbc8_0] [send_file_to_telegram] - [ChatID -4603853425, File 'register.zip'] API success (Attempt 1).
2025-05-02 11:53:02,288 - INFO - [Upload_bbc8_0] [_send_single_file_task] - [bbc8276b-2ed0-4310-a2d8-7ce6025176e5] T> Sent 'register.zip' to -4603853425. Success: True
2025-05-02 11:53:02,288 - INFO - [Thread-7 (process_request_thread)] [process_upload_and_generate_updates] - [bbc8276b-2ed0-4310-a2d8-7ce6025176e5] Primary done. OK:True
2025-05-02 11:53:02,289 - INFO - [Thread-7 (process_request_thread)] [process_upload_and_generate_updates] - [bbc8276b-2ed0-4310-a2d8-7ce6025176e5] Wait backups...
2025-05-02 11:53:02,289 - INFO - [Thread-7 (process_request_thread)] [process_upload_and_generate_updates] - [bbc8276b-2ed0-4310-a2d8-7ce6025176e5] Single sends done in 1.06s.
2025-05-02 11:53:02,290 - INFO - [Thread-7 (process_request_thread)] [process_upload_and_generate_updates] - [bbc8276b-2ed0-4310-a2d8-7ce6025176e5] Success: 3/3
2025-05-02 11:53:02,292 - INFO - [Thread-7 (process_request_thread)] [process_upload_and_generate_updates] - [bbc8276b-2ed0-4310-a2d8-7ce6025176e5] Attempting to save metadata to DB...
2025-05-02 11:53:02,299 - INFO - [Thread-7 (process_request_thread)] [_connect_to_db] - Attempting to connect to MongoDB Atlas host: telegrambot.6armfs2.mongodb.net...
2025-05-02 11:53:03,153 - INFO - [Thread-7 (process_request_thread)] [_connect_to_db] - ✅ Successfully connected and pinged MongoDB Atlas!
2025-05-02 11:53:03,154 - INFO - [Thread-7 (process_request_thread)] [get_db] - Accessed database: Telegrambot
2025-05-02 11:53:03,154 - INFO - [Thread-7 (process_request_thread)] [get_metadata_collection] - Accessed collection: user_files
2025-05-02 11:53:03,187 - INFO - [Thread-7 (process_request_thread)] [save_file_metadata] - Successfully inserted metadata for access_id: 3a23e70eef
2025-05-02 11:53:03,188 - INFO - [Thread-7 (process_request_thread)] [process_upload_and_generate_updates] - [bbc8276b-2ed0-4310-a2d8-7ce6025176e5] Metadata successfully saved to DB. Msg: Metadata inserted (ID: 681464c71969d4a304aec103).
2025-05-02 11:53:03,189 - INFO - [Thread-7 (process_request_thread)] [process_upload_and_generate_updates] - [bbc8276b-2ed0-4310-a2d8-7ce6025176e5] Upload generator cleanup.
2025-05-02 11:53:03,193 - INFO - [Thread-7 (process_request_thread)] [process_upload_and_generate_updates] - [bbc8276b-2ed0-4310-a2d8-7ce6025176e5] Upload executor shutdown.
2025-05-02 11:53:03,201 - INFO - [Thread-7 (process_request_thread)] [_safe_remove_file] - [bbc8276b-2ed0-4310-a2d8-7ce6025176e5] Cleaned up original temp: uploads_temp\bbc8276b-2ed0-4310-a2d8-7ce6025176e5_register.html
2025-05-02 11:53:03,203 - INFO - [Thread-7 (process_request_thread)] [process_upload_and_generate_updates] - [bbc8276b-2ed0-4310-a2d8-7ce6025176e5] Upload generator finished. Status: completed
