2025-04-18 09:59:26,429 - INFO - [<module>] - Logging configured. Log file: Selenium-Logs\app_20250418_095926.log
2025-04-18 09:59:26,429 - INFO - [<module>] - Flask application initialized.
2025-04-18 09:59:26,429 - INFO - [<module>] - Starting Flask development server...
2025-04-18 09:59:26,458 - WARNING - [_log] -  * Debugger is active!
2025-04-18 09:59:26,464 - INFO - [_log] -  * Debugger PIN: 107-410-311
2025-04-18 09:59:27,893 - INFO - [index] - Serving index page.
2025-04-18 09:59:27,939 - INFO - [_log] - 127.0.0.1 - - [18/Apr/2025 09:59:27] "GET / HTTP/1.1" 200 -
2025-04-18 09:59:27,964 - INFO - [_log] - 127.0.0.1 - - [18/Apr/2025 09:59:27] "[33mGET /static/style.css HTTP/1.1[0m" 404 -
2025-04-18 09:59:35,597 - INFO - [initiate_upload] - Received request to initiate upload.
2025-04-18 09:59:35,599 - INFO - [initiate_upload] - Saving temporary file for upload_id 'f4c9d2a4-8e5e-41ef-a178-5dd94a927133' to 'uploads_temp\f4c9d2a4-8e5e-41ef-a178-5dd94a927133_requirements.txt'
2025-04-18 09:59:35,600 - INFO - [initiate_upload] - Temporary file saved successfully for 'requirements.txt' (ID: f4c9d2a4-8e5e-41ef-a178-5dd94a927133).
2025-04-18 09:59:35,600 - INFO - [_log] - 127.0.0.1 - - [18/Apr/2025 09:59:35] "POST /initiate-upload HTTP/1.1" 200 -
2025-04-18 09:59:35,602 - INFO - [stream_progress] - SSE connection request for upload_id: f4c9d2a4-8e5e-41ef-a178-5dd94a927133
2025-04-18 09:59:35,602 - INFO - [process_upload_and_generate_updates] - [f4c9d2a4-8e5e-41ef-a178-5dd94a927133] Starting processing...
2025-04-18 09:59:35,602 - INFO - [process_upload_and_generate_updates] - [f4c9d2a4-8e5e-41ef-a178-5dd94a927133] Processing upload: User='John', File='requirements.txt', TempPath='uploads_temp\f4c9d2a4-8e5e-41ef-a178-5dd94a927133_requirements.txt'
2025-04-18 09:59:35,608 - INFO - [process_upload_and_generate_updates] - [f4c9d2a4-8e5e-41ef-a178-5dd94a927133] Original temp file size: 48 bytes.
2025-04-18 09:59:35,608 - INFO - [_log] - 127.0.0.1 - - [18/Apr/2025 09:59:35] "GET /stream-progress/f4c9d2a4-8e5e-41ef-a178-5dd94a927133 HTTP/1.1" 200 -
2025-04-18 09:59:35,609 - INFO - [process_upload_and_generate_updates] - [f4c9d2a4-8e5e-41ef-a178-5dd94a927133] 'requirements.txt' is small. Compressing and sending as single file.
2025-04-18 09:59:35,612 - INFO - [process_upload_and_generate_updates] - [f4c9d2a4-8e5e-41ef-a178-5dd94a927133] Compressed 'requirements.txt' to 180 bytes.
2025-04-18 09:59:35,613 - INFO - [send_file_to_telegram] - Sending file 'requirements.txt.zip' to Telegram chat ID: -4603853425
2025-04-18 09:59:36,672 - INFO - [send_file_to_telegram] - Telegram API success for 'requirements.txt.zip'.
2025-04-18 09:59:36,672 - INFO - [process_upload_and_generate_updates] - [f4c9d2a4-8e5e-41ef-a178-5dd94a927133] Single file 'requirements.txt' sent successfully.
2025-04-18 09:59:36,685 - INFO - [load_metadata] - Successfully loaded metadata from 'metadata.json'.
2025-04-18 09:59:36,690 - INFO - [save_metadata] - Successfully saved metadata to 'metadata.json'.
2025-04-18 09:59:36,691 - INFO - [process_upload_and_generate_updates] - [f4c9d2a4-8e5e-41ef-a178-5dd94a927133] Entering final cleanup.
2025-04-18 09:59:36,693 - INFO - [process_upload_and_generate_updates] - [f4c9d2a4-8e5e-41ef-a178-5dd94a927133] Successfully deleted original temporary file: uploads_temp\f4c9d2a4-8e5e-41ef-a178-5dd94a927133_requirements.txt
2025-04-18 09:59:36,693 - INFO - [process_upload_and_generate_updates] - [f4c9d2a4-8e5e-41ef-a178-5dd94a927133] Processing finished with status: completed
2025-04-18 09:59:53,848 - INFO - [list_user_files] - Request received to list files for user: 'John'
2025-04-18 09:59:53,849 - INFO - [load_metadata] - Successfully loaded metadata from 'metadata.json'.
2025-04-18 09:59:53,850 - INFO - [list_user_files] - Found 6 file records for user 'John'.
2025-04-18 09:59:53,851 - INFO - [_log] - 127.0.0.1 - - [18/Apr/2025 09:59:53] "GET /files/John HTTP/1.1" 200 -
2025-04-18 09:59:57,874 - INFO - [prepare_download_stream] - [1bf33137-f1a8-4532-baee-264a0229a665] SSE connection request for download prep: User='John', File='requirements.txt'
2025-04-18 09:59:57,874 - INFO - [_prepare_download_and_generate_updates] - [1bf33137-f1a8-4532-baee-264a0229a665] Starting download preparation generator...
2025-04-18 09:59:57,874 - INFO - [_log] - 127.0.0.1 - - [18/Apr/2025 09:59:57] "GET /prepare-download/John/requirements.txt HTTP/1.1" 200 -
2025-04-18 09:59:57,980 - INFO - [load_metadata] - Successfully loaded metadata from 'metadata.json'.
2025-04-18 09:59:57,980 - INFO - [_prepare_download_and_generate_updates] - [1bf33137-f1a8-4532-baee-264a0229a665] Prep non-split download for 'requirements.txt'
2025-04-18 09:59:57,980 - INFO - [download_telegram_file_content] - Attempting to get download URL for file_id: BQACAgUAAxkDAAIBK2gB1TBrCK_dtWoOhN5Rxq4k5A-xAAJYFQACEK4RVAnOETNW5mb_NgQ
2025-04-18 09:59:58,782 - INFO - [download_telegram_file_content] - Obtained temporary download URL: https://api.telegram.org/file/bot7812479394:AAFrzOcHGKfc-1iOUbVEkptJkooaJrXHAxs/documents/file_120.zip
2025-04-18 09:59:58,782 - INFO - [download_telegram_file_content] - Attempting to download content from: https://api.telegram.org/file/bot7812479394:AAFrzOcHGKfc-1iOUbVEkptJkooaJrXHAxs/documents/file_120.zip
2025-04-18 09:59:59,203 - INFO - [download_telegram_file_content] - Successfully downloaded 180 bytes for file_id BQACAgUAAxkDAAIBK2gB1TBrCK_dtWoOhN5Rxq4k5A-xAAJYFQACEK4RVAnOETNW5mb_NgQ.
2025-04-18 09:59:59,203 - INFO - [_prepare_download_and_generate_updates] - [1bf33137-f1a8-4532-baee-264a0229a665] Downloaded TG content size: 180 bytes in 1.22s.
2025-04-18 09:59:59,203 - INFO - [_prepare_download_and_generate_updates] - [1bf33137-f1a8-4532-baee-264a0229a665] Decompressing single file 'requirements.txt.zip'...
2025-04-18 09:59:59,214 - INFO - [_prepare_download_and_generate_updates] - [1bf33137-f1a8-4532-baee-264a0229a665] Final prepared file: 'E:\Telegram_tool\Telegram_Bot_Tool\uploads_temp\dl_decomp_1bf33137-f1a8-4532-baee-264a0229a665_y9c9k_ly', Size: 48
2025-04-18 09:59:59,218 - INFO - [_prepare_download_and_generate_updates] - [1bf33137-f1a8-4532-baee-264a0229a665] Preparation complete. Sent 'ready' event.
2025-04-18 09:59:59,221 - INFO - [_prepare_download_and_generate_updates] - [1bf33137-f1a8-4532-baee-264a0229a665] Generator finished with status: ready
2025-04-18 09:59:59,227 - INFO - [serve_temp_file] - Request to serve temporary download file for ID: 1bf33137-f1a8-4532-baee-264a0229a665, Filename: requirements.txt
2025-04-18 09:59:59,228 - INFO - [serve_temp_file] - [1bf33137-f1a8-4532-baee-264a0229a665] Preparing streaming response for 'requirements.txt' from 'E:\Telegram_tool\Telegram_Bot_Tool\uploads_temp\dl_decomp_1bf33137-f1a8-4532-baee-264a0229a665_y9c9k_ly'
2025-04-18 09:59:59,229 - INFO - [_log] - 127.0.0.1 - - [18/Apr/2025 09:59:59] "GET /serve-temp-file/1bf33137-f1a8-4532-baee-264a0229a665/requirements.txt HTTP/1.1" 200 -
2025-04-18 09:59:59,237 - INFO - [generate_and_cleanup] - [1bf33137-f1a8-4532-baee-264a0229a665] Finished streaming file: E:\Telegram_tool\Telegram_Bot_Tool\uploads_temp\dl_decomp_1bf33137-f1a8-4532-baee-264a0229a665_y9c9k_ly
2025-04-18 09:59:59,237 - INFO - [generate_and_cleanup] - [1bf33137-f1a8-4532-baee-264a0229a665] Cleaning up final temp file post-streaming: E:\Telegram_tool\Telegram_Bot_Tool\uploads_temp\dl_decomp_1bf33137-f1a8-4532-baee-264a0229a665_y9c9k_ly
2025-04-18 09:59:59,313 - INFO - [generate_and_cleanup] - [1bf33137-f1a8-4532-baee-264a0229a665] Successfully deleted final temp file: E:\Telegram_tool\Telegram_Bot_Tool\uploads_temp\dl_decomp_1bf33137-f1a8-4532-baee-264a0229a665_y9c9k_ly
