2025-04-26 12:23:34,471 - INFO - [<module>] - Logging configured. Log file: Selenium-Logs\app_20250426_122334.log
2025-04-26 12:23:34,472 - INFO - [<module>] - Flask application initialized.
2025-04-26 12:23:34,477 - INFO - [<module>] - Starting Flask development server...
2025-04-26 12:23:34,509 - WARNING - [_log] -  * Debugger is active!
2025-04-26 12:23:34,516 - INFO - [_log] -  * Debugger PIN: 107-410-311
2025-04-26 12:23:37,702 - INFO - [index] - Serving index page.
2025-04-26 12:23:37,822 - INFO - [_log] - 127.0.0.1 - - [26/Apr/2025 12:23:37] "GET / HTTP/1.1" 200 -
2025-04-26 12:23:37,875 - INFO - [_log] - 127.0.0.1 - - [26/Apr/2025 12:23:37] "[33mGET /static/style.css HTTP/1.1[0m" 404 -
2025-04-26 12:23:37,925 - INFO - [_log] - 127.0.0.1 - - [26/Apr/2025 12:23:37] "[33mGET /favicon.ico HTTP/1.1[0m" 404 -
2025-04-26 12:23:43,928 - INFO - [initiate_upload] - Received request to initiate upload.
2025-04-26 12:23:43,928 - INFO - [initiate_upload] - Saving temporary file for upload_id '89ca933c-5133-4f81-bed8-2fc833dc0824' to 'uploads_temp\89ca933c-5133-4f81-bed8-2fc833dc0824_404_error (2).html'
2025-04-26 12:23:43,928 - INFO - [initiate_upload] - Temporary file saved successfully for '404_error (2).html' (ID: 89ca933c-5133-4f81-bed8-2fc833dc0824).
2025-04-26 12:23:43,928 - INFO - [_log] - 127.0.0.1 - - [26/Apr/2025 12:23:43] "POST /initiate-upload HTTP/1.1" 200 -
2025-04-26 12:23:43,938 - INFO - [stream_progress] - SSE connection request for upload_id: 89ca933c-5133-4f81-bed8-2fc833dc0824
2025-04-26 12:23:43,939 - INFO - [process_upload_and_generate_updates] - [89ca933c-5133-4f81-bed8-2fc833dc0824] Starting processing...
2025-04-26 12:23:43,939 - INFO - [process_upload_and_generate_updates] - [89ca933c-5133-4f81-bed8-2fc833dc0824] Processing upload: User='testt', File='404_error (2).html', TempPath='uploads_temp\89ca933c-5133-4f81-bed8-2fc833dc0824_404_error (2).html'
2025-04-26 12:23:43,940 - INFO - [process_upload_and_generate_updates] - [89ca933c-5133-4f81-bed8-2fc833dc0824] Original temp file size: 1518 bytes.
2025-04-26 12:23:43,941 - INFO - [_log] - 127.0.0.1 - - [26/Apr/2025 12:23:43] "GET /stream-progress/89ca933c-5133-4f81-bed8-2fc833dc0824 HTTP/1.1" 200 -
2025-04-26 12:23:43,947 - INFO - [process_upload_and_generate_updates] - [89ca933c-5133-4f81-bed8-2fc833dc0824] Generated Access ID: 2c24b0c3d1
2025-04-26 12:23:43,948 - INFO - [process_upload_and_generate_updates] - [89ca933c-5133-4f81-bed8-2fc833dc0824] '404_error (2).html' is small. Compressing and sending as single file.
2025-04-26 12:23:43,953 - INFO - [process_upload_and_generate_updates] - [89ca933c-5133-4f81-bed8-2fc833dc0824] Compressed '404_error (2).html' to 925 bytes.
2025-04-26 12:23:43,953 - INFO - [process_upload_and_generate_updates] - [89ca933c-5133-4f81-bed8-2fc833dc0824] Attempting send '404_error (2).html.zip' to chat ID: -4603853425
2025-04-26 12:23:43,954 - INFO - [send_file_to_telegram] - Sending file '404_error (2).html.zip' to Telegram chat ID: -4603853425
2025-04-26 12:23:45,164 - INFO - [send_file_to_telegram] - Telegram API success for '404_error (2).html.zip'.
2025-04-26 12:23:45,164 - INFO - [process_upload_and_generate_updates] - [89ca933c-5133-4f81-bed8-2fc833dc0824] Single file '404_error (2).html' sent successfully to PRIMARY chat ID -4603853425.
2025-04-26 12:23:45,164 - INFO - [process_upload_and_generate_updates] - [89ca933c-5133-4f81-bed8-2fc833dc0824] Total successful sends (including backups): 1 / 1
2025-04-26 12:23:45,179 - ERROR - [process_upload_and_generate_updates] - [89ca933c-5133-4f81-bed8-2fc833dc0824] Inconsistency: Primary send succeeded but failed to extract IDs from its response: {'ok': True, 'result': {'message_id': 979, 'from': {'id': 7812479394, 'is_bot': True, 'first_name': 'Harry Bot', 'username': 'hhhHarryBot'}, 'chat': {'id': -4603853425, 'title': 'AGroup', 'type': 'group', 'all_members_are_administrators': True, 'accepted_gift_types': {'unlimited_gifts': False, 'limited_gifts': False, 'unique_gifts': False, 'premium_subscription': False}}, 'date': 1745650424, 'document': {'file_name': '404_error (2).html.zip', 'mime_type': 'application/zip', 'file_id': 'BQACAgUAAxkDAAID02gMgvhlRTyo4plBHyLho-979oqZAAMWAAIjjWhUDtpkzIlv6aI2BA', 'file_unique_id': 'AgAEFgACI41oVA', 'file_size': 925}}}
2025-04-26 12:23:45,220 - INFO - [load_metadata] - Successfully loaded metadata from 'metadata.json'.
2025-04-26 12:23:45,227 - INFO - [save_metadata] - Successfully saved metadata to 'metadata.json'.
2025-04-26 12:23:45,228 - INFO - [process_upload_and_generate_updates] - [89ca933c-5133-4f81-bed8-2fc833dc0824] Generated landing page URL: http://127.0.0.1:5000/get/2c24b0c3d1
2025-04-26 12:23:45,228 - INFO - [process_upload_and_generate_updates] - [89ca933c-5133-4f81-bed8-2fc833dc0824] Entering final cleanup.
2025-04-26 12:23:45,229 - INFO - [process_upload_and_generate_updates] - [89ca933c-5133-4f81-bed8-2fc833dc0824] Successfully deleted original temporary file: uploads_temp\89ca933c-5133-4f81-bed8-2fc833dc0824_404_error (2).html
2025-04-26 12:23:45,231 - INFO - [process_upload_and_generate_updates] - [89ca933c-5133-4f81-bed8-2fc833dc0824] Processing finished with status: completed
2025-04-26 12:23:57,470 - INFO - [initiate_upload] - Received request to initiate upload.
2025-04-26 12:23:58,544 - INFO - [initiate_upload] - Saving temporary file for upload_id 'ee866255-98ef-425f-8a88-3a13acbeacd7' to 'uploads_temp\ee866255-98ef-425f-8a88-3a13acbeacd7_WindsurfUserSetup-x64-1.7.1.exe'
2025-04-26 12:23:58,711 - INFO - [initiate_upload] - Temporary file saved successfully for 'WindsurfUserSetup-x64-1.7.1.exe' (ID: ee866255-98ef-425f-8a88-3a13acbeacd7).
2025-04-26 12:23:58,732 - INFO - [_log] - 127.0.0.1 - - [26/Apr/2025 12:23:58] "POST /initiate-upload HTTP/1.1" 200 -
2025-04-26 12:23:58,736 - INFO - [stream_progress] - SSE connection request for upload_id: ee866255-98ef-425f-8a88-3a13acbeacd7
2025-04-26 12:23:58,736 - INFO - [process_upload_and_generate_updates] - [ee866255-98ef-425f-8a88-3a13acbeacd7] Starting processing...
2025-04-26 12:23:58,736 - INFO - [process_upload_and_generate_updates] - [ee866255-98ef-425f-8a88-3a13acbeacd7] Processing upload: User='testt', File='WindsurfUserSetup-x64-1.7.1.exe', TempPath='uploads_temp\ee866255-98ef-425f-8a88-3a13acbeacd7_WindsurfUserSetup-x64-1.7.1.exe'
2025-04-26 12:23:58,741 - INFO - [process_upload_and_generate_updates] - [ee866255-98ef-425f-8a88-3a13acbeacd7] Original temp file size: 136960592 bytes.
2025-04-26 12:23:58,741 - INFO - [_log] - 127.0.0.1 - - [26/Apr/2025 12:23:58] "GET /stream-progress/ee866255-98ef-425f-8a88-3a13acbeacd7 HTTP/1.1" 200 -
2025-04-26 12:23:58,742 - INFO - [process_upload_and_generate_updates] - [ee866255-98ef-425f-8a88-3a13acbeacd7] Generated Access ID: 43fbe48b74
2025-04-26 12:23:58,743 - INFO - [process_upload_and_generate_updates] - [ee866255-98ef-425f-8a88-3a13acbeacd7] 'WindsurfUserSetup-x64-1.7.1.exe' is large. Compressing before splitting.
2025-04-26 12:23:58,745 - INFO - [process_upload_and_generate_updates] - [ee866255-98ef-425f-8a88-3a13acbeacd7] Created temporary file for compression result: E:\Telegram_tool\Telegram_Bot_Tool\uploads_temp\ee866255-98ef-425f-8a88-3a13acbeacd7_comp_4cl1_l8i.zip
2025-04-26 12:24:03,903 - INFO - [process_upload_and_generate_updates] - [ee866255-98ef-425f-8a88-3a13acbeacd7] Finished compressing to 'E:\Telegram_tool\Telegram_Bot_Tool\uploads_temp\ee866255-98ef-425f-8a88-3a13acbeacd7_comp_4cl1_l8i.zip'. Size: 136492932 bytes. Time: 5.16s.
2025-04-26 12:24:03,940 - INFO - [process_upload_and_generate_updates] - [ee866255-98ef-425f-8a88-3a13acbeacd7] Reading chunk 1 for COMPRESSED file starting at byte 0.
2025-04-26 12:24:03,953 - INFO - [process_upload_and_generate_updates] - [ee866255-98ef-425f-8a88-3a13acbeacd7] Read chunk 1 (20971520 bytes). Total read: 20971520/136492932
2025-04-26 12:24:03,953 - INFO - [process_upload_and_generate_updates] - [ee866255-98ef-425f-8a88-3a13acbeacd7] Attempting send chunk 'WindsurfUserSetup-x64-1.7.1.exe.zip.part_001' to chat ID: -4603853425
2025-04-26 12:24:03,953 - INFO - [send_file_to_telegram] - Sending file 'WindsurfUserSetup-x64-1.7.1.exe.zip.part_001' to Telegram chat ID: -4603853425
2025-04-26 12:24:23,023 - INFO - [send_file_to_telegram] - Telegram API success for 'WindsurfUserSetup-x64-1.7.1.exe.zip.part_001'.
2025-04-26 12:24:23,025 - INFO - [process_upload_and_generate_updates] - [ee866255-98ef-425f-8a88-3a13acbeacd7] Chunk 'WindsurfUserSetup-x64-1.7.1.exe.zip.part_001' sent successfully to PRIMARY chat.
2025-04-26 12:24:23,025 - INFO - [process_upload_and_generate_updates] - [ee866255-98ef-425f-8a88-3a13acbeacd7] Successfully processed metadata for chunk 1 across all attempts.
2025-04-26 12:24:23,026 - INFO - [process_upload_and_generate_updates] - [ee866255-98ef-425f-8a88-3a13acbeacd7] Reading chunk 2 for COMPRESSED file starting at byte 20971520.
2025-04-26 12:24:23,042 - INFO - [process_upload_and_generate_updates] - [ee866255-98ef-425f-8a88-3a13acbeacd7] Read chunk 2 (20971520 bytes). Total read: 41943040/136492932
2025-04-26 12:24:23,042 - INFO - [process_upload_and_generate_updates] - [ee866255-98ef-425f-8a88-3a13acbeacd7] Attempting send chunk 'WindsurfUserSetup-x64-1.7.1.exe.zip.part_002' to chat ID: -4603853425
2025-04-26 12:24:23,044 - INFO - [send_file_to_telegram] - Sending file 'WindsurfUserSetup-x64-1.7.1.exe.zip.part_002' to Telegram chat ID: -4603853425
2025-04-26 12:24:40,565 - INFO - [send_file_to_telegram] - Telegram API success for 'WindsurfUserSetup-x64-1.7.1.exe.zip.part_002'.
2025-04-26 12:24:40,568 - INFO - [process_upload_and_generate_updates] - [ee866255-98ef-425f-8a88-3a13acbeacd7] Chunk 'WindsurfUserSetup-x64-1.7.1.exe.zip.part_002' sent successfully to PRIMARY chat.
2025-04-26 12:24:40,568 - INFO - [process_upload_and_generate_updates] - [ee866255-98ef-425f-8a88-3a13acbeacd7] Successfully processed metadata for chunk 2 across all attempts.
2025-04-26 12:24:40,569 - INFO - [process_upload_and_generate_updates] - [ee866255-98ef-425f-8a88-3a13acbeacd7] Reading chunk 3 for COMPRESSED file starting at byte 41943040.
2025-04-26 12:24:40,585 - INFO - [process_upload_and_generate_updates] - [ee866255-98ef-425f-8a88-3a13acbeacd7] Read chunk 3 (20971520 bytes). Total read: 62914560/136492932
2025-04-26 12:24:40,586 - INFO - [process_upload_and_generate_updates] - [ee866255-98ef-425f-8a88-3a13acbeacd7] Attempting send chunk 'WindsurfUserSetup-x64-1.7.1.exe.zip.part_003' to chat ID: -4603853425
2025-04-26 12:24:40,587 - INFO - [send_file_to_telegram] - Sending file 'WindsurfUserSetup-x64-1.7.1.exe.zip.part_003' to Telegram chat ID: -4603853425
2025-04-26 12:24:59,797 - INFO - [send_file_to_telegram] - Telegram API success for 'WindsurfUserSetup-x64-1.7.1.exe.zip.part_003'.
2025-04-26 12:24:59,800 - INFO - [process_upload_and_generate_updates] - [ee866255-98ef-425f-8a88-3a13acbeacd7] Chunk 'WindsurfUserSetup-x64-1.7.1.exe.zip.part_003' sent successfully to PRIMARY chat.
2025-04-26 12:24:59,800 - INFO - [process_upload_and_generate_updates] - [ee866255-98ef-425f-8a88-3a13acbeacd7] Successfully processed metadata for chunk 3 across all attempts.
2025-04-26 12:24:59,801 - INFO - [process_upload_and_generate_updates] - [ee866255-98ef-425f-8a88-3a13acbeacd7] Reading chunk 4 for COMPRESSED file starting at byte 62914560.
2025-04-26 12:24:59,813 - INFO - [process_upload_and_generate_updates] - [ee866255-98ef-425f-8a88-3a13acbeacd7] Read chunk 4 (20971520 bytes). Total read: 83886080/136492932
2025-04-26 12:24:59,814 - INFO - [process_upload_and_generate_updates] - [ee866255-98ef-425f-8a88-3a13acbeacd7] Attempting send chunk 'WindsurfUserSetup-x64-1.7.1.exe.zip.part_004' to chat ID: -4603853425
2025-04-26 12:24:59,816 - INFO - [send_file_to_telegram] - Sending file 'WindsurfUserSetup-x64-1.7.1.exe.zip.part_004' to Telegram chat ID: -4603853425
2025-04-26 12:25:20,479 - INFO - [send_file_to_telegram] - Telegram API success for 'WindsurfUserSetup-x64-1.7.1.exe.zip.part_004'.
2025-04-26 12:25:20,482 - INFO - [process_upload_and_generate_updates] - [ee866255-98ef-425f-8a88-3a13acbeacd7] Chunk 'WindsurfUserSetup-x64-1.7.1.exe.zip.part_004' sent successfully to PRIMARY chat.
2025-04-26 12:25:20,483 - INFO - [process_upload_and_generate_updates] - [ee866255-98ef-425f-8a88-3a13acbeacd7] Successfully processed metadata for chunk 4 across all attempts.
2025-04-26 12:25:20,484 - INFO - [process_upload_and_generate_updates] - [ee866255-98ef-425f-8a88-3a13acbeacd7] Reading chunk 5 for COMPRESSED file starting at byte 83886080.
2025-04-26 12:25:20,508 - INFO - [process_upload_and_generate_updates] - [ee866255-98ef-425f-8a88-3a13acbeacd7] Read chunk 5 (20971520 bytes). Total read: 104857600/136492932
2025-04-26 12:25:20,509 - INFO - [process_upload_and_generate_updates] - [ee866255-98ef-425f-8a88-3a13acbeacd7] Attempting send chunk 'WindsurfUserSetup-x64-1.7.1.exe.zip.part_005' to chat ID: -4603853425
2025-04-26 12:25:20,509 - INFO - [send_file_to_telegram] - Sending file 'WindsurfUserSetup-x64-1.7.1.exe.zip.part_005' to Telegram chat ID: -4603853425
2025-04-26 12:25:39,523 - INFO - [send_file_to_telegram] - Telegram API success for 'WindsurfUserSetup-x64-1.7.1.exe.zip.part_005'.
2025-04-26 12:25:39,526 - INFO - [process_upload_and_generate_updates] - [ee866255-98ef-425f-8a88-3a13acbeacd7] Chunk 'WindsurfUserSetup-x64-1.7.1.exe.zip.part_005' sent successfully to PRIMARY chat.
2025-04-26 12:25:39,526 - INFO - [process_upload_and_generate_updates] - [ee866255-98ef-425f-8a88-3a13acbeacd7] Successfully processed metadata for chunk 5 across all attempts.
2025-04-26 12:25:39,527 - INFO - [process_upload_and_generate_updates] - [ee866255-98ef-425f-8a88-3a13acbeacd7] Reading chunk 6 for COMPRESSED file starting at byte 104857600.
2025-04-26 12:25:39,544 - INFO - [process_upload_and_generate_updates] - [ee866255-98ef-425f-8a88-3a13acbeacd7] Read chunk 6 (20971520 bytes). Total read: 125829120/136492932
2025-04-26 12:25:39,545 - INFO - [process_upload_and_generate_updates] - [ee866255-98ef-425f-8a88-3a13acbeacd7] Attempting send chunk 'WindsurfUserSetup-x64-1.7.1.exe.zip.part_006' to chat ID: -4603853425
2025-04-26 12:25:39,545 - INFO - [send_file_to_telegram] - Sending file 'WindsurfUserSetup-x64-1.7.1.exe.zip.part_006' to Telegram chat ID: -4603853425
2025-04-26 12:25:54,503 - INFO - [send_file_to_telegram] - Telegram API success for 'WindsurfUserSetup-x64-1.7.1.exe.zip.part_006'.
2025-04-26 12:25:54,505 - INFO - [process_upload_and_generate_updates] - [ee866255-98ef-425f-8a88-3a13acbeacd7] Chunk 'WindsurfUserSetup-x64-1.7.1.exe.zip.part_006' sent successfully to PRIMARY chat.
2025-04-26 12:25:54,506 - INFO - [process_upload_and_generate_updates] - [ee866255-98ef-425f-8a88-3a13acbeacd7] Successfully processed metadata for chunk 6 across all attempts.
2025-04-26 12:25:54,506 - INFO - [process_upload_and_generate_updates] - [ee866255-98ef-425f-8a88-3a13acbeacd7] Reading chunk 7 for COMPRESSED file starting at byte 125829120.
2025-04-26 12:25:54,518 - INFO - [process_upload_and_generate_updates] - [ee866255-98ef-425f-8a88-3a13acbeacd7] Read chunk 7 (10663812 bytes). Total read: 136492932/136492932
2025-04-26 12:25:54,519 - INFO - [process_upload_and_generate_updates] - [ee866255-98ef-425f-8a88-3a13acbeacd7] Attempting send chunk 'WindsurfUserSetup-x64-1.7.1.exe.zip.part_007' to chat ID: -4603853425
2025-04-26 12:25:54,519 - INFO - [send_file_to_telegram] - Sending file 'WindsurfUserSetup-x64-1.7.1.exe.zip.part_007' to Telegram chat ID: -4603853425
2025-04-26 12:26:04,676 - INFO - [send_file_to_telegram] - Telegram API success for 'WindsurfUserSetup-x64-1.7.1.exe.zip.part_007'.
2025-04-26 12:26:04,678 - INFO - [process_upload_and_generate_updates] - [ee866255-98ef-425f-8a88-3a13acbeacd7] Chunk 'WindsurfUserSetup-x64-1.7.1.exe.zip.part_007' sent successfully to PRIMARY chat.
2025-04-26 12:26:04,679 - INFO - [process_upload_and_generate_updates] - [ee866255-98ef-425f-8a88-3a13acbeacd7] Successfully processed metadata for chunk 7 across all attempts.
2025-04-26 12:26:04,680 - INFO - [process_upload_and_generate_updates] - [ee866255-98ef-425f-8a88-3a13acbeacd7] Reading chunk 8 for COMPRESSED file starting at byte 136492932.
2025-04-26 12:26:04,688 - INFO - [process_upload_and_generate_updates] - [ee866255-98ef-425f-8a88-3a13acbeacd7] Finished reading all chunks for compressed file.
2025-04-26 12:26:04,689 - INFO - [process_upload_and_generate_updates] - [ee866255-98ef-425f-8a88-3a13acbeacd7] All 7 chunks sent successfully to primary. Saving metadata.
2025-04-26 12:26:04,706 - INFO - [load_metadata] - Successfully loaded metadata from 'metadata.json'.
2025-04-26 12:26:04,715 - INFO - [save_metadata] - Successfully saved metadata to 'metadata.json'.
2025-04-26 12:26:04,715 - INFO - [process_upload_and_generate_updates] - [ee866255-98ef-425f-8a88-3a13acbeacd7] Generated landing page URL: http://127.0.0.1:5000/get/43fbe48b74
2025-04-26 12:26:04,716 - INFO - [process_upload_and_generate_updates] - [ee866255-98ef-425f-8a88-3a13acbeacd7] Entering final cleanup.
2025-04-26 12:26:04,733 - INFO - [process_upload_and_generate_updates] - [ee866255-98ef-425f-8a88-3a13acbeacd7] Successfully deleted original temporary file: uploads_temp\ee866255-98ef-425f-8a88-3a13acbeacd7_WindsurfUserSetup-x64-1.7.1.exe
2025-04-26 12:26:04,748 - INFO - [process_upload_and_generate_updates] - [ee866255-98ef-425f-8a88-3a13acbeacd7] Successfully deleted temporary compressed file: E:\Telegram_tool\Telegram_Bot_Tool\uploads_temp\ee866255-98ef-425f-8a88-3a13acbeacd7_comp_4cl1_l8i.zip
2025-04-26 12:26:04,749 - INFO - [process_upload_and_generate_updates] - [ee866255-98ef-425f-8a88-3a13acbeacd7] Processing finished with status: completed
2025-04-26 12:26:50,321 - INFO - [list_user_files] - Request received to list files for user: 'testt'
2025-04-26 12:26:50,335 - INFO - [load_metadata] - Successfully loaded metadata from 'metadata.json'.
2025-04-26 12:26:50,335 - INFO - [list_user_files] - Found 10 file records for user 'testt'.
2025-04-26 12:26:50,335 - INFO - [_log] - 127.0.0.1 - - [26/Apr/2025 12:26:50] "GET /files/testt HTTP/1.1" 200 -
2025-04-26 12:26:53,332 - INFO - [prepare_download_stream] - [11f295f9-d2c3-4bda-a7fb-0bf6de07e5a0] SSE connection request for download prep: User='testt', File='WindsurfUserSetup-x64-1.7.1.exe'
2025-04-26 12:26:53,332 - INFO - [_prepare_download_and_generate_updates] - [11f295f9-d2c3-4bda-a7fb-0bf6de07e5a0] Starting download preparation generator for user 'testt', file 'WindsurfUserSetup-x64-1.7.1.exe'...
2025-04-26 12:26:53,332 - INFO - [_log] - 127.0.0.1 - - [26/Apr/2025 12:26:53] "GET /prepare-download/testt/WindsurfUserSetup-x64-1.7.1.exe HTTP/1.1" 200 -
2025-04-26 12:26:53,538 - INFO - [load_metadata] - Successfully loaded metadata from 'metadata.json'.
2025-04-26 12:26:53,543 - INFO - [_prepare_download_and_generate_updates] - [11f295f9-d2c3-4bda-a7fb-0bf6de07e5a0] Prep SPLIT download for 'WindsurfUserSetup-x64-1.7.1.exe'
2025-04-26 12:26:53,545 - INFO - [download_telegram_file_content] - Attempting to get download URL for file_id: BQACAgUAAxkDAAID1GgMgx4xtp2PxP8AAZjme9p9T24bqwACAhYAAiONaFTYL6N8WEEjiTYE
2025-04-26 12:26:57,201 - INFO - [download_telegram_file_content] - Obtained temporary download URL: https://api.telegram.org/file/bot7812479394:AAFrzOcHGKfc-1iOUbVEkptJkooaJrXHAxs/documents/file_443.part_001
2025-04-26 12:26:57,201 - INFO - [download_telegram_file_content] - Attempting to download content from: https://api.telegram.org/file/bot7812479394:AAFrzOcHGKfc-1iOUbVEkptJkooaJrXHAxs/documents/file_443.part_001
2025-04-26 12:27:02,123 - INFO - [download_telegram_file_content] - Successfully downloaded 20971520 bytes for file_id BQACAgUAAxkDAAID1GgMgx4xtp2PxP8AAZjme9p9T24bqwACAhYAAiONaFTYL6N8WEEjiTYE.
2025-04-26 12:27:02,158 - INFO - [download_telegram_file_content] - Attempting to get download URL for file_id: BQACAgUAAxkDAAID1WgMgzCK9VFBM-IZXBJDAUTXXMhuAAIDFgACI41oVLl-jrOyxtnzNgQ
2025-04-26 12:27:04,866 - INFO - [index] - Serving index page.
2025-04-26 12:27:04,873 - INFO - [_log] - 127.0.0.1 - - [26/Apr/2025 12:27:04] "GET / HTTP/1.1" 200 -
2025-04-26 12:27:04,893 - INFO - [_log] - 127.0.0.1 - - [26/Apr/2025 12:27:04] "[33mGET /static/style.css HTTP/1.1[0m" 404 -
2025-04-26 12:27:04,967 - INFO - [download_telegram_file_content] - Obtained temporary download URL: https://api.telegram.org/file/bot7812479394:AAFrzOcHGKfc-1iOUbVEkptJkooaJrXHAxs/documents/file_444.part_002
2025-04-26 12:27:04,968 - INFO - [download_telegram_file_content] - Attempting to download content from: https://api.telegram.org/file/bot7812479394:AAFrzOcHGKfc-1iOUbVEkptJkooaJrXHAxs/documents/file_444.part_002
2025-04-26 12:27:12,147 - INFO - [download_telegram_file_content] - Successfully downloaded 20971520 bytes for file_id BQACAgUAAxkDAAID1WgMgzCK9VFBM-IZXBJDAUTXXMhuAAIDFgACI41oVLl-jrOyxtnzNgQ.
2025-04-26 12:27:12,178 - INFO - [_prepare_download_and_generate_updates] - [11f295f9-d2c3-4bda-a7fb-0bf6de07e5a0] Generator finished or errored. Cleaning up intermediate files.
2025-04-26 12:27:12,178 - INFO - [_prepare_download_and_generate_updates] - [11f295f9-d2c3-4bda-a7fb-0bf6de07e5a0] Cleaning up intermediate reassembled file: E:\Telegram_tool\Telegram_Bot_Tool\uploads_temp\dl_reass_11f295f9-d2c3-4bda-a7fb-0bf6de07e5a0_ge1hvkjg.zip.tmp
2025-04-26 12:27:12,182 - INFO - [_prepare_download_and_generate_updates] - [11f295f9-d2c3-4bda-a7fb-0bf6de07e5a0] Generator task ended.
