2025-05-02 16:40:46,569 - INFO - [MainThread] [<module>] - ============================================================
2025-05-02 16:40:46,569 - INFO - [MainThread] [<module>] - Logging configured. Level: INFO. Log file: Selenium-Logs\app_20250502_164046.log
2025-05-02 16:40:46,570 - INFO - [MainThread] [<module>] - Primary Chat ID: -4603853425
2025-05-02 16:40:46,570 - INFO - [MainThread] [<module>] - All Target Chat IDs: ['-4603853425', '-1002614397019', '-4641852757']
2025-05-02 16:40:46,570 - INFO - [MainThread] [<module>] - Chunk Size: 20.0 MB (20971520 bytes)
2025-05-02 16:40:46,571 - INFO - [MainThread] [<module>] - API Timeouts (Connect/Read): 10s / 60s
2025-05-02 16:40:46,571 - INFO - [MainThread] [<module>] - API Retries: 3 attempts, 2s delay
2025-05-02 16:40:46,572 - INFO - [MainThread] [<module>] - Max Upload Workers: 5
2025-05-02 16:40:46,572 - INFO - [MainThread] [<module>] - Max Download Workers: 12
2025-05-02 16:40:46,572 - INFO - [MainThread] [<module>] - ============================================================
2025-05-02 16:40:46,573 - INFO - [MainThread] [<module>] - Configuration loaded successfully.
2025-05-02 16:40:46,574 - INFO - [MainThread] [<module>] - Custom Jinja filter 'format_bytes' registered.
2025-05-02 16:40:46,574 - INFO - [MainThread] [<module>] - Flask-CORS initialized. Allowing origins: *
2025-05-02 16:40:46,575 - INFO - [MainThread] [<module>] - Flask application initialized.
2025-05-02 16:40:46,575 - INFO - [MainThread] [<module>] - Global state variables initialized (upload_progress_data, download_prep_data).
2025-05-02 16:40:46,577 - INFO - [MainThread] [<module>] - Custom Jinja filter 'format_bytes' registered.
2025-05-02 16:40:46,578 - INFO - [MainThread] [<module>] - Flask-CORS initialized. Allowing origins: *
2025-05-02 16:40:46,578 - INFO - [MainThread] [<module>] - Flask application initialized.
2025-05-02 16:40:46,579 - INFO - [MainThread] [<module>] - Global state variables initialized (upload_progress_data, download_prep_data).
2025-05-02 16:40:46,770 - INFO - [MainThread] [<module>] - Database module initialized.
2025-05-02 16:40:47,271 - INFO - [MainThread] [<module>] - Initialized requests.Session for Telegram API calls.
2025-05-02 16:40:47,272 - INFO - [MainThread] [<module>] - Telegram API functions defined with Session and Retries.
2025-05-02 16:40:47,277 - INFO - [MainThread] [<module>] - Flask routes defined using configurable workers and linter fixes.
2025-05-02 16:40:47,278 - INFO - [MainThread] [<module>] - Starting Flask development server...
2025-05-02 16:40:47,297 - WARNING - [MainThread] [_log] -  * Debugger is active!
2025-05-02 16:40:47,301 - INFO - [MainThread] [_log] -  * Debugger PIN: 107-410-311
2025-05-02 16:42:26,626 - INFO - [Thread-2 (process_request_thread)] [_log] - 192.168.1.19 - - [02/May/2025 16:42:26] "OPTIONS /register HTTP/1.1" 200 -
2025-05-02 16:42:26,634 - INFO - [Thread-3 (process_request_thread)] [register_user] - Received registration request.
2025-05-02 16:42:26,699 - INFO - [Thread-3 (process_request_thread)] [_log] - 192.168.1.19 - - [02/May/2025 16:42:26] "[35m[1mPOST /register HTTP/1.1[0m" 500 -
2025-05-02 16:43:12,173 - INFO - [MainThread] [_log] -  * Detected change in 'E:\\Telegram_tool\\Telegram_Bot_Tool\\routes.py', reloading
