2025-05-05 14:20:24,096 - INFO - [MainThread] [<module>] - ============================================================
2025-05-05 14:20:24,096 - INFO - [MainThread] [<module>] - Logging configured. Level: INFO. Log file: Selenium-Logs\app_20250505_142024.log
2025-05-05 14:20:24,097 - INFO - [MainThread] [<module>] - Primary Chat ID: -4603853425
2025-05-05 14:20:24,097 - INFO - [MainThread] [<module>] - All Target Chat IDs: ['-4603853425', '-1002614397019', '-4641852757']
2025-05-05 14:20:24,097 - INFO - [MainThread] [<module>] - Chunk Size: 20.0 MB (20971520 bytes)
2025-05-05 14:20:24,097 - INFO - [MainThread] [<module>] - API Timeouts (Connect/Read): 10s / 60s
2025-05-05 14:20:24,098 - INFO - [MainThread] [<module>] - API Retries: 3 attempts, 2s delay
2025-05-05 14:20:24,098 - INFO - [MainThread] [<module>] - Max Upload Workers: 5
2025-05-05 14:20:24,099 - INFO - [MainThread] [<module>] - Max Download Workers: 12
2025-05-05 14:20:24,099 - INFO - [MainThread] [<module>] - ============================================================
2025-05-05 14:20:24,099 - INFO - [MainThread] [<module>] - Configuration loaded successfully.
2025-05-05 14:20:24,112 - INFO - [MainThread] [<module>] - Custom Jinja filter 'format_bytes' registered.
2025-05-05 14:20:24,112 - INFO - [MainThread] [<module>] - Flask-CORS initialized. Allowing origins: *
2025-05-05 14:20:24,112 - INFO - [MainThread] [<module>] - Flask application initialized.
2025-05-05 14:20:24,113 - INFO - [MainThread] [<module>] - Flask-Login initialized.
2025-05-05 14:20:24,113 - INFO - [MainThread] [<module>] - Global state variables initialized (upload_progress_data, download_prep_data).
2025-05-05 14:20:24,115 - INFO - [MainThread] [<module>] - Custom Jinja filter 'format_bytes' registered.
2025-05-05 14:20:24,115 - INFO - [MainThread] [<module>] - Flask-CORS initialized. Allowing origins: *
2025-05-05 14:20:24,115 - INFO - [MainThread] [<module>] - Flask application initialized.
2025-05-05 14:20:24,115 - INFO - [MainThread] [<module>] - Flask-Login initialized.
2025-05-05 14:20:24,116 - INFO - [MainThread] [<module>] - Global state variables initialized (upload_progress_data, download_prep_data).
2025-05-05 14:20:24,275 - INFO - [MainThread] [<module>] - Database module initialized.
2025-05-05 14:20:24,757 - INFO - [MainThread] [<module>] - Initialized requests.Session for Telegram API calls.
2025-05-05 14:20:24,758 - INFO - [MainThread] [<module>] - Telegram API functions defined with Session and Retries.
2025-05-05 14:20:24,763 - INFO - [MainThread] [<module>] - Flask routes defined using configurable workers and linter fixes.
2025-05-05 14:20:24,764 - INFO - [MainThread] [<module>] - Starting Flask development server...
2025-05-05 14:20:24,790 - INFO - [MainThread] [_log] - [31m[1mWARNING: This is a development server. Do not use it in a production deployment. Use a production WSGI server instead.[0m
 * Running on all addresses (0.0.0.0)
 * Running on http://127.0.0.1:5000
 * Running on http://192.168.1.22:5000
2025-05-05 14:20:24,792 - INFO - [MainThread] [_log] - [33mPress CTRL+C to quit[0m
2025-05-05 14:20:24,795 - INFO - [MainThread] [_log] -  * Restarting with stat
