2025-04-26 13:59:49,299 - INFO - [<module>] - Logging configured. Log file: Selenium-Logs\app_20250426_135949.log
2025-04-26 13:59:49,299 - INFO - [<module>] - Configuration loaded.
2025-04-26 13:59:49,299 - INFO - [<module>] - Utility functions defined.
2025-04-26 13:59:49,299 - INFO - [<module>] - Flask application initialized.
2025-04-26 13:59:49,299 - INFO - [<module>] - Global state variables initialized.
2025-04-26 13:59:49,299 - INFO - [<module>] - Starting Flask development server...
2025-04-26 13:59:49,359 - INFO - [_log] - [31m[1mWARNING: This is a development server. Do not use it in a production deployment. Use a production WSGI server instead.[0m
 * Running on all addresses (0.0.0.0)
 * Running on http://127.0.0.1:5000
 * Running on http://192.168.1.13:5000
2025-04-26 13:59:49,359 - INFO - [_log] - [33mPress CTRL+C to quit[0m
2025-04-26 13:59:49,359 - INFO - [_log] -  * Restarting with stat
2025-04-26 13:59:49,700 - INFO - [<module>] - Logging configured. Log file: Selenium-Logs\app_20250426_135949.log
2025-04-26 13:59:49,700 - INFO - [<module>] - Configuration loaded.
2025-04-26 13:59:49,716 - INFO - [<module>] - Utility functions defined.
2025-04-26 13:59:49,716 - INFO - [<module>] - Flask application initialized.
2025-04-26 13:59:49,716 - INFO - [<module>] - Global state variables initialized.
2025-04-26 13:59:49,716 - INFO - [<module>] - Starting Flask development server...
2025-04-26 13:59:49,745 - WARNING - [_log] -  * Debugger is active!
2025-04-26 13:59:49,749 - INFO - [_log] -  * Debugger PIN: 107-410-311
2025-04-26 13:59:52,828 - INFO - [_log] - 127.0.0.1 - - [26/Apr/2025 13:59:52] "[33mGET / HTTP/1.1[0m" 404 -
