2025-05-06 12:31:24,760 - INFO - [MainThread] [<module>] - ============================================================
2025-05-06 12:31:24,761 - INFO - [MainThread] [<module>] - Logging configured. Level: INFO. Log file: Selenium-Logs\app_20250506_123124.log
2025-05-06 12:31:24,761 - INFO - [MainThread] [<module>] - Primary Chat ID: -4603853425
2025-05-06 12:31:24,761 - INFO - [MainThread] [<module>] - All Target Chat IDs: ['-4603853425', '-1002614397019', '-4641852757']
2025-05-06 12:31:24,762 - INFO - [MainThread] [<module>] - Chunk Size: 20.0 MB (20971520 bytes)
2025-05-06 12:31:24,762 - INFO - [MainThread] [<module>] - API Timeouts (Connect/Read): 10s / 60s
2025-05-06 12:31:24,762 - INFO - [MainThread] [<module>] - API Retries: 3 attempts, 2s delay
2025-05-06 12:31:24,763 - INFO - [MainThread] [<module>] - Max Upload Workers: 5
2025-05-06 12:31:24,764 - INFO - [MainThread] [<module>] - Max Download Workers: 12
2025-05-06 12:31:24,764 - INFO - [MainThread] [<module>] - ============================================================
2025-05-06 12:31:24,764 - INFO - [MainThread] [<module>] - Configuration loaded successfully.
2025-05-06 12:31:24,766 - INFO - [MainThread] [<module>] - Flask application instance created.
2025-05-06 12:31:24,774 - WARNING - [MainThread] [<module>] - FLASK_SECRET_KEY is using the default development value. SET THIS IN PRODUCTION!
2025-05-06 12:31:24,774 - WARNING - [MainThread] [<module>] - JWT_SECRET_KEY is using the default development value. SET THIS IN PRODUCTION!
2025-05-06 12:31:24,774 - INFO - [MainThread] [<module>] - JWT access token expiration set to 1:00:00.
2025-05-06 12:31:24,779 - INFO - [MainThread] [<module>] - Custom Jinja filter 'format_bytes' registered.
2025-05-06 12:31:24,779 - WARNING - [MainThread] [<module>] - FRONTEND_URL environment variable not set. CORS might not work as expected in production.
2025-05-06 12:31:24,779 - WARNING - [MainThread] [<module>] - No FRONTEND_URL specified for CORS, requests from frontend may be blocked.
2025-05-06 12:31:24,784 - INFO - [MainThread] [<module>] - Flask-CORS initialized. Allowing origins: ALL (if default was *)
2025-05-06 12:31:24,793 - INFO - [MainThread] [<module>] - Flask-JWT-Extended initialized.
2025-05-06 12:31:24,794 - INFO - [MainThread] [<module>] - Flask-Login initialized. Remember to set up a user_loader function.
2025-05-06 12:31:24,794 - INFO - [MainThread] [<module>] - Global state variables (upload_progress_data, download_prep_data) initialized.
2025-05-06 12:31:24,795 - INFO - [MainThread] [<module>] - app_setup.py finished execution.
