2025-04-24 14:09:13,249 - INFO - [<module>] - Logging configured. Log file: Selenium-Logs\app_20250424_140913.log
2025-04-24 14:09:13,251 - INFO - [<module>] - Flask application initialized.
2025-04-24 14:09:13,256 - INFO - [<module>] - Starting Flask development server...
2025-04-24 14:09:13,288 - WARNING - [_log] -  * Debugger is active!
2025-04-24 14:09:13,295 - INFO - [_log] -  * Debugger PIN: 107-410-311
2025-04-24 14:09:15,343 - INFO - [index] - Serving index page.
2025-04-24 14:09:15,478 - INFO - [_log] - 127.0.0.1 - - [24/Apr/2025 14:09:15] "GET / HTTP/1.1" 200 -
2025-04-24 14:09:15,481 - INFO - [_log] - 127.0.0.1 - - [24/Apr/2025 14:09:15] "[33mGET /static/style.css HTTP/1.1[0m" 404 -
2025-04-24 14:09:30,738 - INFO - [initiate_upload] - Received request to initiate upload.
2025-04-24 14:09:31,771 - INFO - [initiate_upload] - Saving temporary file for upload_id '156d76fc-8238-450c-9d11-59ee3de5c5d1' to 'uploads_temp\156d76fc-8238-450c-9d11-59ee3de5c5d1_test download (1) (5).mkv'
2025-04-24 14:09:32,046 - INFO - [initiate_upload] - Temporary file saved successfully for 'test download (1) (5).mkv' (ID: 156d76fc-8238-450c-9d11-59ee3de5c5d1).
2025-04-24 14:09:32,092 - INFO - [_log] - 127.0.0.1 - - [24/Apr/2025 14:09:32] "POST /initiate-upload HTTP/1.1" 200 -
2025-04-24 14:09:32,099 - INFO - [stream_progress] - SSE connection request for upload_id: 156d76fc-8238-450c-9d11-59ee3de5c5d1
2025-04-24 14:09:32,100 - INFO - [process_upload_and_generate_updates] - [156d76fc-8238-450c-9d11-59ee3de5c5d1] Starting processing...
2025-04-24 14:09:32,101 - INFO - [process_upload_and_generate_updates] - [156d76fc-8238-450c-9d11-59ee3de5c5d1] Processing upload: User='Octopus', File='test download (1) (5).mkv', TempPath='uploads_temp\156d76fc-8238-450c-9d11-59ee3de5c5d1_test download (1) (5).mkv'
2025-04-24 14:09:32,369 - INFO - [process_upload_and_generate_updates] - [156d76fc-8238-450c-9d11-59ee3de5c5d1] Original temp file size: 132739902 bytes.
2025-04-24 14:09:32,371 - INFO - [_log] - 127.0.0.1 - - [24/Apr/2025 14:09:32] "GET /stream-progress/156d76fc-8238-450c-9d11-59ee3de5c5d1 HTTP/1.1" 200 -
2025-04-24 14:09:32,374 - INFO - [process_upload_and_generate_updates] - [156d76fc-8238-450c-9d11-59ee3de5c5d1] Generated Access ID: d852f3cd5c
2025-04-24 14:09:32,375 - INFO - [process_upload_and_generate_updates] - [156d76fc-8238-450c-9d11-59ee3de5c5d1] 'test download (1) (5).mkv' is large. Compressing before splitting.
2025-04-24 14:09:32,377 - INFO - [process_upload_and_generate_updates] - [156d76fc-8238-450c-9d11-59ee3de5c5d1] Created temporary file for compression result: E:\Telegram_tool\Telegram_Bot_Tool\uploads_temp\156d76fc-8238-450c-9d11-59ee3de5c5d1_comp_0qv2pl6u.zip
2025-04-24 14:09:37,004 - INFO - [process_upload_and_generate_updates] - [156d76fc-8238-450c-9d11-59ee3de5c5d1] Finished compressing to 'E:\Telegram_tool\Telegram_Bot_Tool\uploads_temp\156d76fc-8238-450c-9d11-59ee3de5c5d1_comp_0qv2pl6u.zip'. Size: 129562608 bytes. Time: 4.63s.
2025-04-24 14:09:37,012 - INFO - [process_upload_and_generate_updates] - [156d76fc-8238-450c-9d11-59ee3de5c5d1] Reading chunk 1 for COMPRESSED file starting at byte 0.
2025-04-24 14:09:37,035 - INFO - [process_upload_and_generate_updates] - [156d76fc-8238-450c-9d11-59ee3de5c5d1] Read chunk 1 (20971520 bytes). Total read: 20971520/129562608
2025-04-24 14:09:37,035 - INFO - [process_upload_and_generate_updates] - [156d76fc-8238-450c-9d11-59ee3de5c5d1] Attempting send chunk 'test download (1) (5).mkv.zip.part_001' to chat ID: -4603853425
2025-04-24 14:09:37,036 - INFO - [send_file_to_telegram] - Sending file 'test download (1) (5).mkv.zip.part_001' to Telegram chat ID: -4603853425
2025-04-24 14:09:50,007 - INFO - [send_file_to_telegram] - Telegram API success for 'test download (1) (5).mkv.zip.part_001'.
2025-04-24 14:09:50,010 - INFO - [process_upload_and_generate_updates] - [156d76fc-8238-450c-9d11-59ee3de5c5d1] Attempting send chunk 'test download (1) (5).mkv.zip.part_001' to chat ID: -1002614397019
2025-04-24 14:09:50,010 - INFO - [send_file_to_telegram] - Sending file 'test download (1) (5).mkv.zip.part_001' to Telegram chat ID: -1002614397019
2025-04-24 14:10:06,545 - INFO - [send_file_to_telegram] - Telegram API success for 'test download (1) (5).mkv.zip.part_001'.
2025-04-24 14:10:06,549 - INFO - [process_upload_and_generate_updates] - [156d76fc-8238-450c-9d11-59ee3de5c5d1] Attempting send chunk 'test download (1) (5).mkv.zip.part_001' to chat ID: -4641852757
2025-04-24 14:10:06,549 - INFO - [send_file_to_telegram] - Sending file 'test download (1) (5).mkv.zip.part_001' to Telegram chat ID: -4641852757
2025-04-24 14:10:24,074 - INFO - [send_file_to_telegram] - Telegram API success for 'test download (1) (5).mkv.zip.part_001'.
2025-04-24 14:10:24,077 - INFO - [process_upload_and_generate_updates] - [156d76fc-8238-450c-9d11-59ee3de5c5d1] Chunk 'test download (1) (5).mkv.zip.part_001' sent successfully to PRIMARY chat.
2025-04-24 14:10:24,077 - INFO - [process_upload_and_generate_updates] - [156d76fc-8238-450c-9d11-59ee3de5c5d1] Successfully processed metadata for chunk 1 across all attempts.
2025-04-24 14:10:24,078 - INFO - [process_upload_and_generate_updates] - [156d76fc-8238-450c-9d11-59ee3de5c5d1] Reading chunk 2 for COMPRESSED file starting at byte 20971520.
2025-04-24 14:10:24,094 - INFO - [process_upload_and_generate_updates] - [156d76fc-8238-450c-9d11-59ee3de5c5d1] Read chunk 2 (20971520 bytes). Total read: 41943040/129562608
2025-04-24 14:10:24,094 - INFO - [process_upload_and_generate_updates] - [156d76fc-8238-450c-9d11-59ee3de5c5d1] Attempting send chunk 'test download (1) (5).mkv.zip.part_002' to chat ID: -4603853425
2025-04-24 14:10:24,095 - INFO - [send_file_to_telegram] - Sending file 'test download (1) (5).mkv.zip.part_002' to Telegram chat ID: -4603853425
2025-04-24 14:10:31,995 - INFO - [send_file_to_telegram] - Telegram API success for 'test download (1) (5).mkv.zip.part_002'.
2025-04-24 14:10:31,997 - INFO - [process_upload_and_generate_updates] - [156d76fc-8238-450c-9d11-59ee3de5c5d1] Attempting send chunk 'test download (1) (5).mkv.zip.part_002' to chat ID: -1002614397019
2025-04-24 14:10:31,998 - INFO - [send_file_to_telegram] - Sending file 'test download (1) (5).mkv.zip.part_002' to Telegram chat ID: -1002614397019
2025-04-24 14:10:43,332 - INFO - [send_file_to_telegram] - Telegram API success for 'test download (1) (5).mkv.zip.part_002'.
2025-04-24 14:10:43,335 - INFO - [process_upload_and_generate_updates] - [156d76fc-8238-450c-9d11-59ee3de5c5d1] Attempting send chunk 'test download (1) (5).mkv.zip.part_002' to chat ID: -4641852757
2025-04-24 14:10:43,336 - INFO - [send_file_to_telegram] - Sending file 'test download (1) (5).mkv.zip.part_002' to Telegram chat ID: -4641852757
2025-04-24 14:10:51,074 - INFO - [send_file_to_telegram] - Telegram API success for 'test download (1) (5).mkv.zip.part_002'.
2025-04-24 14:10:51,077 - INFO - [process_upload_and_generate_updates] - [156d76fc-8238-450c-9d11-59ee3de5c5d1] Chunk 'test download (1) (5).mkv.zip.part_002' sent successfully to PRIMARY chat.
2025-04-24 14:10:51,077 - INFO - [process_upload_and_generate_updates] - [156d76fc-8238-450c-9d11-59ee3de5c5d1] Successfully processed metadata for chunk 2 across all attempts.
2025-04-24 14:10:51,078 - INFO - [process_upload_and_generate_updates] - [156d76fc-8238-450c-9d11-59ee3de5c5d1] Reading chunk 3 for COMPRESSED file starting at byte 41943040.
2025-04-24 14:10:51,096 - INFO - [process_upload_and_generate_updates] - [156d76fc-8238-450c-9d11-59ee3de5c5d1] Read chunk 3 (20971520 bytes). Total read: 62914560/129562608
2025-04-24 14:10:51,097 - INFO - [process_upload_and_generate_updates] - [156d76fc-8238-450c-9d11-59ee3de5c5d1] Attempting send chunk 'test download (1) (5).mkv.zip.part_003' to chat ID: -4603853425
2025-04-24 14:10:51,098 - INFO - [send_file_to_telegram] - Sending file 'test download (1) (5).mkv.zip.part_003' to Telegram chat ID: -4603853425
2025-04-24 14:10:59,646 - INFO - [send_file_to_telegram] - Telegram API success for 'test download (1) (5).mkv.zip.part_003'.
2025-04-24 14:10:59,648 - INFO - [process_upload_and_generate_updates] - [156d76fc-8238-450c-9d11-59ee3de5c5d1] Attempting send chunk 'test download (1) (5).mkv.zip.part_003' to chat ID: -1002614397019
2025-04-24 14:10:59,649 - INFO - [send_file_to_telegram] - Sending file 'test download (1) (5).mkv.zip.part_003' to Telegram chat ID: -1002614397019
2025-04-24 14:11:11,690 - INFO - [send_file_to_telegram] - Telegram API success for 'test download (1) (5).mkv.zip.part_003'.
2025-04-24 14:11:11,692 - INFO - [process_upload_and_generate_updates] - [156d76fc-8238-450c-9d11-59ee3de5c5d1] Attempting send chunk 'test download (1) (5).mkv.zip.part_003' to chat ID: -4641852757
2025-04-24 14:11:11,692 - INFO - [send_file_to_telegram] - Sending file 'test download (1) (5).mkv.zip.part_003' to Telegram chat ID: -4641852757
2025-04-24 14:11:25,390 - INFO - [send_file_to_telegram] - Telegram API success for 'test download (1) (5).mkv.zip.part_003'.
2025-04-24 14:11:25,395 - INFO - [process_upload_and_generate_updates] - [156d76fc-8238-450c-9d11-59ee3de5c5d1] Chunk 'test download (1) (5).mkv.zip.part_003' sent successfully to PRIMARY chat.
2025-04-24 14:11:25,396 - INFO - [process_upload_and_generate_updates] - [156d76fc-8238-450c-9d11-59ee3de5c5d1] Successfully processed metadata for chunk 3 across all attempts.
2025-04-24 14:11:25,403 - INFO - [process_upload_and_generate_updates] - [156d76fc-8238-450c-9d11-59ee3de5c5d1] Reading chunk 4 for COMPRESSED file starting at byte 62914560.
2025-04-24 14:11:25,419 - INFO - [process_upload_and_generate_updates] - [156d76fc-8238-450c-9d11-59ee3de5c5d1] Read chunk 4 (20971520 bytes). Total read: 83886080/129562608
2025-04-24 14:11:25,423 - INFO - [process_upload_and_generate_updates] - [156d76fc-8238-450c-9d11-59ee3de5c5d1] Attempting send chunk 'test download (1) (5).mkv.zip.part_004' to chat ID: -4603853425
2025-04-24 14:11:25,424 - INFO - [send_file_to_telegram] - Sending file 'test download (1) (5).mkv.zip.part_004' to Telegram chat ID: -4603853425
2025-04-24 14:11:40,414 - INFO - [send_file_to_telegram] - Telegram API success for 'test download (1) (5).mkv.zip.part_004'.
2025-04-24 14:11:40,416 - INFO - [process_upload_and_generate_updates] - [156d76fc-8238-450c-9d11-59ee3de5c5d1] Attempting send chunk 'test download (1) (5).mkv.zip.part_004' to chat ID: -1002614397019
2025-04-24 14:11:40,417 - INFO - [send_file_to_telegram] - Sending file 'test download (1) (5).mkv.zip.part_004' to Telegram chat ID: -1002614397019
2025-04-24 14:11:59,347 - INFO - [send_file_to_telegram] - Telegram API success for 'test download (1) (5).mkv.zip.part_004'.
2025-04-24 14:11:59,349 - INFO - [process_upload_and_generate_updates] - [156d76fc-8238-450c-9d11-59ee3de5c5d1] Attempting send chunk 'test download (1) (5).mkv.zip.part_004' to chat ID: -4641852757
2025-04-24 14:11:59,349 - INFO - [send_file_to_telegram] - Sending file 'test download (1) (5).mkv.zip.part_004' to Telegram chat ID: -4641852757
2025-04-24 14:12:13,721 - INFO - [send_file_to_telegram] - Telegram API success for 'test download (1) (5).mkv.zip.part_004'.
2025-04-24 14:12:13,724 - INFO - [process_upload_and_generate_updates] - [156d76fc-8238-450c-9d11-59ee3de5c5d1] Chunk 'test download (1) (5).mkv.zip.part_004' sent successfully to PRIMARY chat.
2025-04-24 14:12:13,724 - INFO - [process_upload_and_generate_updates] - [156d76fc-8238-450c-9d11-59ee3de5c5d1] Successfully processed metadata for chunk 4 across all attempts.
2025-04-24 14:12:13,725 - INFO - [process_upload_and_generate_updates] - [156d76fc-8238-450c-9d11-59ee3de5c5d1] Reading chunk 5 for COMPRESSED file starting at byte 83886080.
2025-04-24 14:12:13,741 - INFO - [process_upload_and_generate_updates] - [156d76fc-8238-450c-9d11-59ee3de5c5d1] Read chunk 5 (20971520 bytes). Total read: 104857600/129562608
2025-04-24 14:12:13,742 - INFO - [process_upload_and_generate_updates] - [156d76fc-8238-450c-9d11-59ee3de5c5d1] Attempting send chunk 'test download (1) (5).mkv.zip.part_005' to chat ID: -4603853425
2025-04-24 14:12:13,742 - INFO - [send_file_to_telegram] - Sending file 'test download (1) (5).mkv.zip.part_005' to Telegram chat ID: -4603853425
2025-04-24 14:12:31,889 - INFO - [send_file_to_telegram] - Telegram API success for 'test download (1) (5).mkv.zip.part_005'.
2025-04-24 14:12:31,892 - INFO - [process_upload_and_generate_updates] - [156d76fc-8238-450c-9d11-59ee3de5c5d1] Attempting send chunk 'test download (1) (5).mkv.zip.part_005' to chat ID: -1002614397019
2025-04-24 14:12:31,892 - INFO - [send_file_to_telegram] - Sending file 'test download (1) (5).mkv.zip.part_005' to Telegram chat ID: -1002614397019
2025-04-24 14:12:51,258 - INFO - [send_file_to_telegram] - Telegram API success for 'test download (1) (5).mkv.zip.part_005'.
2025-04-24 14:12:51,260 - INFO - [process_upload_and_generate_updates] - [156d76fc-8238-450c-9d11-59ee3de5c5d1] Attempting send chunk 'test download (1) (5).mkv.zip.part_005' to chat ID: -4641852757
2025-04-24 14:12:51,260 - INFO - [send_file_to_telegram] - Sending file 'test download (1) (5).mkv.zip.part_005' to Telegram chat ID: -4641852757
2025-04-24 14:13:02,156 - INFO - [send_file_to_telegram] - Telegram API success for 'test download (1) (5).mkv.zip.part_005'.
2025-04-24 14:13:02,160 - INFO - [process_upload_and_generate_updates] - [156d76fc-8238-450c-9d11-59ee3de5c5d1] Chunk 'test download (1) (5).mkv.zip.part_005' sent successfully to PRIMARY chat.
2025-04-24 14:13:02,161 - INFO - [process_upload_and_generate_updates] - [156d76fc-8238-450c-9d11-59ee3de5c5d1] Successfully processed metadata for chunk 5 across all attempts.
2025-04-24 14:13:02,161 - INFO - [process_upload_and_generate_updates] - [156d76fc-8238-450c-9d11-59ee3de5c5d1] Reading chunk 6 for COMPRESSED file starting at byte 104857600.
2025-04-24 14:13:02,175 - INFO - [process_upload_and_generate_updates] - [156d76fc-8238-450c-9d11-59ee3de5c5d1] Read chunk 6 (20971520 bytes). Total read: 125829120/129562608
2025-04-24 14:13:02,176 - INFO - [process_upload_and_generate_updates] - [156d76fc-8238-450c-9d11-59ee3de5c5d1] Attempting send chunk 'test download (1) (5).mkv.zip.part_006' to chat ID: -4603853425
2025-04-24 14:13:02,178 - INFO - [send_file_to_telegram] - Sending file 'test download (1) (5).mkv.zip.part_006' to Telegram chat ID: -4603853425
2025-04-24 14:13:13,604 - INFO - [send_file_to_telegram] - Telegram API success for 'test download (1) (5).mkv.zip.part_006'.
2025-04-24 14:13:13,610 - INFO - [process_upload_and_generate_updates] - [156d76fc-8238-450c-9d11-59ee3de5c5d1] Attempting send chunk 'test download (1) (5).mkv.zip.part_006' to chat ID: -1002614397019
2025-04-24 14:13:13,612 - INFO - [send_file_to_telegram] - Sending file 'test download (1) (5).mkv.zip.part_006' to Telegram chat ID: -1002614397019
2025-04-24 14:13:31,164 - INFO - [send_file_to_telegram] - Telegram API success for 'test download (1) (5).mkv.zip.part_006'.
2025-04-24 14:13:31,241 - INFO - [process_upload_and_generate_updates] - [156d76fc-8238-450c-9d11-59ee3de5c5d1] Attempting send chunk 'test download (1) (5).mkv.zip.part_006' to chat ID: -4641852757
2025-04-24 14:13:31,242 - INFO - [send_file_to_telegram] - Sending file 'test download (1) (5).mkv.zip.part_006' to Telegram chat ID: -4641852757
2025-04-24 14:13:42,520 - INFO - [send_file_to_telegram] - Telegram API success for 'test download (1) (5).mkv.zip.part_006'.
2025-04-24 14:13:42,523 - INFO - [process_upload_and_generate_updates] - [156d76fc-8238-450c-9d11-59ee3de5c5d1] Chunk 'test download (1) (5).mkv.zip.part_006' sent successfully to PRIMARY chat.
2025-04-24 14:13:42,524 - INFO - [process_upload_and_generate_updates] - [156d76fc-8238-450c-9d11-59ee3de5c5d1] Successfully processed metadata for chunk 6 across all attempts.
2025-04-24 14:13:42,524 - INFO - [process_upload_and_generate_updates] - [156d76fc-8238-450c-9d11-59ee3de5c5d1] Reading chunk 7 for COMPRESSED file starting at byte 125829120.
2025-04-24 14:13:42,531 - INFO - [process_upload_and_generate_updates] - [156d76fc-8238-450c-9d11-59ee3de5c5d1] Read chunk 7 (3733488 bytes). Total read: 129562608/129562608
2025-04-24 14:13:42,531 - INFO - [process_upload_and_generate_updates] - [156d76fc-8238-450c-9d11-59ee3de5c5d1] Attempting send chunk 'test download (1) (5).mkv.zip.part_007' to chat ID: -4603853425
2025-04-24 14:13:42,532 - INFO - [send_file_to_telegram] - Sending file 'test download (1) (5).mkv.zip.part_007' to Telegram chat ID: -4603853425
2025-04-24 14:13:44,733 - INFO - [send_file_to_telegram] - Telegram API success for 'test download (1) (5).mkv.zip.part_007'.
2025-04-24 14:13:44,734 - INFO - [process_upload_and_generate_updates] - [156d76fc-8238-450c-9d11-59ee3de5c5d1] Attempting send chunk 'test download (1) (5).mkv.zip.part_007' to chat ID: -1002614397019
2025-04-24 14:13:44,734 - INFO - [send_file_to_telegram] - Sending file 'test download (1) (5).mkv.zip.part_007' to Telegram chat ID: -1002614397019
2025-04-24 14:13:48,633 - INFO - [send_file_to_telegram] - Telegram API success for 'test download (1) (5).mkv.zip.part_007'.
2025-04-24 14:13:48,634 - INFO - [process_upload_and_generate_updates] - [156d76fc-8238-450c-9d11-59ee3de5c5d1] Attempting send chunk 'test download (1) (5).mkv.zip.part_007' to chat ID: -4641852757
2025-04-24 14:13:48,634 - INFO - [send_file_to_telegram] - Sending file 'test download (1) (5).mkv.zip.part_007' to Telegram chat ID: -4641852757
2025-04-24 14:13:58,677 - INFO - [send_file_to_telegram] - Telegram API success for 'test download (1) (5).mkv.zip.part_007'.
2025-04-24 14:13:58,679 - INFO - [process_upload_and_generate_updates] - [156d76fc-8238-450c-9d11-59ee3de5c5d1] Chunk 'test download (1) (5).mkv.zip.part_007' sent successfully to PRIMARY chat.
2025-04-24 14:13:58,681 - INFO - [process_upload_and_generate_updates] - [156d76fc-8238-450c-9d11-59ee3de5c5d1] Successfully processed metadata for chunk 7 across all attempts.
2025-04-24 14:13:58,681 - INFO - [process_upload_and_generate_updates] - [156d76fc-8238-450c-9d11-59ee3de5c5d1] Reading chunk 8 for COMPRESSED file starting at byte 129562608.
2025-04-24 14:13:58,687 - INFO - [process_upload_and_generate_updates] - [156d76fc-8238-450c-9d11-59ee3de5c5d1] Finished reading all chunks for compressed file.
2025-04-24 14:13:58,688 - INFO - [process_upload_and_generate_updates] - [156d76fc-8238-450c-9d11-59ee3de5c5d1] All 7 chunks sent successfully to primary. Saving metadata.
2025-04-24 14:13:58,692 - INFO - [load_metadata] - Successfully loaded metadata from 'metadata.json'.
2025-04-24 14:13:58,705 - INFO - [save_metadata] - Successfully saved metadata to 'metadata.json'.
2025-04-24 14:13:58,705 - INFO - [process_upload_and_generate_updates] - [156d76fc-8238-450c-9d11-59ee3de5c5d1] Generated landing page URL: http://127.0.0.1:5000/get/d852f3cd5c
2025-04-24 14:13:58,706 - INFO - [process_upload_and_generate_updates] - [156d76fc-8238-450c-9d11-59ee3de5c5d1] Entering final cleanup.
2025-04-24 14:13:58,721 - INFO - [process_upload_and_generate_updates] - [156d76fc-8238-450c-9d11-59ee3de5c5d1] Successfully deleted original temporary file: uploads_temp\156d76fc-8238-450c-9d11-59ee3de5c5d1_test download (1) (5).mkv
2025-04-24 14:13:58,734 - INFO - [process_upload_and_generate_updates] - [156d76fc-8238-450c-9d11-59ee3de5c5d1] Successfully deleted temporary compressed file: E:\Telegram_tool\Telegram_Bot_Tool\uploads_temp\156d76fc-8238-450c-9d11-59ee3de5c5d1_comp_0qv2pl6u.zip
2025-04-24 14:13:58,734 - INFO - [process_upload_and_generate_updates] - [156d76fc-8238-450c-9d11-59ee3de5c5d1] Processing finished with status: completed
2025-04-24 14:14:25,148 - INFO - [get_file_by_access_id] - Received request for access_id: d852f3cd5c
2025-04-24 14:14:25,154 - INFO - [load_metadata] - Successfully loaded metadata from 'metadata.json'.
2025-04-24 14:14:25,154 - INFO - [get_file_by_access_id] - Found file 'test download (1) (5).mkv'. Rendering download page.
2025-04-24 14:14:25,204 - INFO - [_log] - 127.0.0.1 - - [24/Apr/2025 14:14:25] "GET /get/d852f3cd5c HTTP/1.1" 200 -
2025-04-24 14:14:26,874 - INFO - [stream_download_by_access_id] - [1a1be6b4-ad3a-47a7-9860-af7e12b9af51] SSE connection request for download prep using access_id: d852f3cd5c
2025-04-24 14:14:26,890 - INFO - [load_metadata] - Successfully loaded metadata from 'metadata.json'.
2025-04-24 14:14:26,890 - INFO - [_prepare_and_stream_download_generator] - [1a1be6b4-ad3a-47a7-9860-af7e12b9af51] Download preparation generator started.
2025-04-24 14:14:26,890 - INFO - [_log] - 127.0.0.1 - - [24/Apr/2025 14:14:26] "GET /stream-download/d852f3cd5c HTTP/1.1" 200 -
2025-04-24 14:14:26,993 - INFO - [load_metadata] - Successfully loaded metadata from 'metadata.json'.
2025-04-24 14:14:26,993 - INFO - [_prepare_and_stream_download_generator] - [1a1be6b4-ad3a-47a7-9860-af7e12b9af51] Found metadata for 'test download (1) (5).mkv' (User: Octopus, Size: 132739902)
2025-04-24 14:14:27,199 - INFO - [_prepare_and_stream_download_generator] - [1a1be6b4-ad3a-47a7-9860-af7e12b9af51] Preparing split file 'test download (1) (5).mkv'.
2025-04-24 14:14:27,199 - INFO - [_prepare_and_stream_download_generator] - [1a1be6b4-ad3a-47a7-9860-af7e12b9af51] Expecting 7 chunks, compressed size ~123.56 MB.
2025-04-24 14:14:27,200 - INFO - [download_telegram_file_content] - Attempting to get download URL for file_id: BQACAgUAAxkDAAIDCGgJ-Nbd-jRvfRhEEOFpW5cy51TwAALuGgACxr9RVIOO8UYzjRZ0NgQ
2025-04-24 14:14:31,143 - INFO - [download_telegram_file_content] - Obtained temporary download URL: https://api.telegram.org/file/bot7812479394:AAFrzOcHGKfc-1iOUbVEkptJkooaJrXHAxs/documents/file_402.part_001
2025-04-24 14:14:31,144 - INFO - [download_telegram_file_content] - Attempting to download content from: https://api.telegram.org/file/bot7812479394:AAFrzOcHGKfc-1iOUbVEkptJkooaJrXHAxs/documents/file_402.part_001
2025-04-24 14:14:35,772 - INFO - [download_telegram_file_content] - Successfully downloaded 20971520 bytes for file_id BQACAgUAAxkDAAIDCGgJ-Nbd-jRvfRhEEOFpW5cy51TwAALuGgACxr9RVIOO8UYzjRZ0NgQ.
2025-04-24 14:14:35,812 - INFO - [download_telegram_file_content] - Attempting to get download URL for file_id: BQACAgUAAxkDAAIDCmgJ-QABw_GmiWJ6l4JpCA2rvbSHCQAC7xoAAsa_UVRCjpP-2fQ3MDYE
2025-04-24 14:14:38,694 - INFO - [download_telegram_file_content] - Obtained temporary download URL: https://api.telegram.org/file/bot7812479394:AAFrzOcHGKfc-1iOUbVEkptJkooaJrXHAxs/documents/file_403.part_002
2025-04-24 14:14:38,696 - INFO - [download_telegram_file_content] - Attempting to download content from: https://api.telegram.org/file/bot7812479394:AAFrzOcHGKfc-1iOUbVEkptJkooaJrXHAxs/documents/file_403.part_002
2025-04-24 14:14:39,269 - INFO - [list_user_files] - Request received to list files for user: 'Octopus'
2025-04-24 14:14:39,272 - INFO - [load_metadata] - Successfully loaded metadata from 'metadata.json'.
2025-04-24 14:14:39,273 - INFO - [list_user_files] - Found 22 file records for user 'Octopus'.
2025-04-24 14:14:39,275 - INFO - [_log] - 127.0.0.1 - - [24/Apr/2025 14:14:39] "GET /files/Octopus HTTP/1.1" 200 -
2025-04-24 14:14:44,463 - INFO - [download_telegram_file_content] - Successfully downloaded 20971520 bytes for file_id BQACAgUAAxkDAAIDCmgJ-QABw_GmiWJ6l4JpCA2rvbSHCQAC7xoAAsa_UVRCjpP-2fQ3MDYE.
2025-04-24 14:14:44,493 - INFO - [download_telegram_file_content] - Attempting to get download URL for file_id: BQACAgUAAxkDAAIDDGgJ-RyGEwarl9HDiQGhgJ-cscTrAALxGgACxr9RVKptAk4pBgvuNgQ
2025-04-24 14:14:45,178 - INFO - [prepare_download_stream] - [ad5879c6-a817-454b-918d-faa44a2b2a0a] SSE connection request for download prep: User='Octopus', File='test download (1) (5).mkv'
2025-04-24 14:14:45,178 - INFO - [_prepare_download_and_generate_updates] - [ad5879c6-a817-454b-918d-faa44a2b2a0a] Starting download preparation generator for user 'Octopus', file 'test download (1) (5).mkv'...
2025-04-24 14:14:45,178 - INFO - [_log] - 127.0.0.1 - - [24/Apr/2025 14:14:45] "GET /prepare-download/Octopus/test%20download%20(1)%20(5).mkv HTTP/1.1" 200 -
2025-04-24 14:14:45,389 - INFO - [load_metadata] - Successfully loaded metadata from 'metadata.json'.
2025-04-24 14:14:45,390 - INFO - [_prepare_download_and_generate_updates] - [ad5879c6-a817-454b-918d-faa44a2b2a0a] Prep SPLIT download for 'test download (1) (5).mkv'
2025-04-24 14:14:45,393 - INFO - [download_telegram_file_content] - Attempting to get download URL for file_id: BQACAgUAAxkDAAIDCGgJ-Nbd-jRvfRhEEOFpW5cy51TwAALuGgACxr9RVIOO8UYzjRZ0NgQ
2025-04-24 14:14:45,817 - INFO - [download_telegram_file_content] - Obtained temporary download URL: https://api.telegram.org/file/bot7812479394:AAFrzOcHGKfc-1iOUbVEkptJkooaJrXHAxs/documents/file_402.part_001
2025-04-24 14:14:45,818 - INFO - [download_telegram_file_content] - Attempting to download content from: https://api.telegram.org/file/bot7812479394:AAFrzOcHGKfc-1iOUbVEkptJkooaJrXHAxs/documents/file_402.part_001
2025-04-24 14:14:47,280 - INFO - [download_telegram_file_content] - Obtained temporary download URL: https://api.telegram.org/file/bot7812479394:AAFrzOcHGKfc-1iOUbVEkptJkooaJrXHAxs/documents/file_404.part_003
2025-04-24 14:14:47,280 - INFO - [download_telegram_file_content] - Attempting to download content from: https://api.telegram.org/file/bot7812479394:AAFrzOcHGKfc-1iOUbVEkptJkooaJrXHAxs/documents/file_404.part_003
2025-04-24 14:14:50,428 - INFO - [download_telegram_file_content] - Successfully downloaded 20971520 bytes for file_id BQACAgUAAxkDAAIDCGgJ-Nbd-jRvfRhEEOFpW5cy51TwAALuGgACxr9RVIOO8UYzjRZ0NgQ.
2025-04-24 14:14:50,454 - INFO - [download_telegram_file_content] - Attempting to get download URL for file_id: BQACAgUAAxkDAAIDCmgJ-QABw_GmiWJ6l4JpCA2rvbSHCQAC7xoAAsa_UVRCjpP-2fQ3MDYE
2025-04-24 14:14:50,893 - INFO - [download_telegram_file_content] - Obtained temporary download URL: https://api.telegram.org/file/bot7812479394:AAFrzOcHGKfc-1iOUbVEkptJkooaJrXHAxs/documents/file_403.part_002
2025-04-24 14:14:50,893 - INFO - [download_telegram_file_content] - Attempting to download content from: https://api.telegram.org/file/bot7812479394:AAFrzOcHGKfc-1iOUbVEkptJkooaJrXHAxs/documents/file_403.part_002
2025-04-24 14:14:56,858 - INFO - [download_telegram_file_content] - Successfully downloaded 20971520 bytes for file_id BQACAgUAAxkDAAIDCmgJ-QABw_GmiWJ6l4JpCA2rvbSHCQAC7xoAAsa_UVRCjpP-2fQ3MDYE.
2025-04-24 14:14:56,892 - INFO - [download_telegram_file_content] - Attempting to get download URL for file_id: BQACAgUAAxkDAAIDDGgJ-RyGEwarl9HDiQGhgJ-cscTrAALxGgACxr9RVKptAk4pBgvuNgQ
2025-04-24 14:14:57,321 - INFO - [download_telegram_file_content] - Obtained temporary download URL: https://api.telegram.org/file/bot7812479394:AAFrzOcHGKfc-1iOUbVEkptJkooaJrXHAxs/documents/file_404.part_003
2025-04-24 14:14:57,322 - INFO - [download_telegram_file_content] - Attempting to download content from: https://api.telegram.org/file/bot7812479394:AAFrzOcHGKfc-1iOUbVEkptJkooaJrXHAxs/documents/file_404.part_003
2025-04-24 14:15:04,128 - INFO - [download_telegram_file_content] - Successfully downloaded 20971520 bytes for file_id BQACAgUAAxkDAAIDDGgJ-RyGEwarl9HDiQGhgJ-cscTrAALxGgACxr9RVKptAk4pBgvuNgQ.
2025-04-24 14:15:04,156 - INFO - [download_telegram_file_content] - Attempting to get download URL for file_id: BQACAgUAAxkDAAIDDmgJ-UWuw3RKmreVD_QGPMwXqx4FAALzGgACxr9RVO2L2IWPMn_uNgQ
2025-04-24 14:15:07,327 - INFO - [download_telegram_file_content] - Obtained temporary download URL: https://api.telegram.org/file/bot7812479394:AAFrzOcHGKfc-1iOUbVEkptJkooaJrXHAxs/documents/file_405.part_004
2025-04-24 14:15:07,327 - INFO - [download_telegram_file_content] - Attempting to download content from: https://api.telegram.org/file/bot7812479394:AAFrzOcHGKfc-1iOUbVEkptJkooaJrXHAxs/documents/file_405.part_004
2025-04-24 14:15:11,781 - INFO - [download_telegram_file_content] - Successfully downloaded 20971520 bytes for file_id BQACAgUAAxkDAAIDDmgJ-UWuw3RKmreVD_QGPMwXqx4FAALzGgACxr9RVO2L2IWPMn_uNgQ.
2025-04-24 14:15:11,825 - INFO - [download_telegram_file_content] - Attempting to get download URL for file_id: BQACAgUAAxkDAAIDEGgJ-XiGDZT_H6Fm3sQ3Sfj3xKTeAAL0GgACxr9RVI-3ghDAy-tmNgQ
2025-04-24 14:15:14,503 - INFO - [download_telegram_file_content] - Obtained temporary download URL: https://api.telegram.org/file/bot7812479394:AAFrzOcHGKfc-1iOUbVEkptJkooaJrXHAxs/documents/file_406.part_005
2025-04-24 14:15:14,504 - INFO - [download_telegram_file_content] - Attempting to download content from: https://api.telegram.org/file/bot7812479394:AAFrzOcHGKfc-1iOUbVEkptJkooaJrXHAxs/documents/file_406.part_005
2025-04-24 14:15:18,501 - INFO - [download_telegram_file_content] - Successfully downloaded 20971520 bytes for file_id BQACAgUAAxkDAAIDDGgJ-RyGEwarl9HDiQGhgJ-cscTrAALxGgACxr9RVKptAk4pBgvuNgQ.
2025-04-24 14:15:18,541 - INFO - [download_telegram_file_content] - Attempting to get download URL for file_id: BQACAgUAAxkDAAIDDmgJ-UWuw3RKmreVD_QGPMwXqx4FAALzGgACxr9RVO2L2IWPMn_uNgQ
2025-04-24 14:15:18,980 - INFO - [download_telegram_file_content] - Obtained temporary download URL: https://api.telegram.org/file/bot7812479394:AAFrzOcHGKfc-1iOUbVEkptJkooaJrXHAxs/documents/file_405.part_004
2025-04-24 14:15:18,980 - INFO - [download_telegram_file_content] - Attempting to download content from: https://api.telegram.org/file/bot7812479394:AAFrzOcHGKfc-1iOUbVEkptJkooaJrXHAxs/documents/file_405.part_004
2025-04-24 14:15:20,203 - INFO - [download_telegram_file_content] - Successfully downloaded 20971520 bytes for file_id BQACAgUAAxkDAAIDEGgJ-XiGDZT_H6Fm3sQ3Sfj3xKTeAAL0GgACxr9RVI-3ghDAy-tmNgQ.
2025-04-24 14:15:20,232 - INFO - [download_telegram_file_content] - Attempting to get download URL for file_id: BQACAgUAAxkDAAIDEmgJ-aKViV70hcgsWvB0wzgf5GS9AAL1GgACxr9RVJfR1aVKQ__MNgQ
2025-04-24 14:15:23,156 - INFO - [download_telegram_file_content] - Obtained temporary download URL: https://api.telegram.org/file/bot7812479394:AAFrzOcHGKfc-1iOUbVEkptJkooaJrXHAxs/documents/file_407.part_006
2025-04-24 14:15:23,156 - INFO - [download_telegram_file_content] - Attempting to download content from: https://api.telegram.org/file/bot7812479394:AAFrzOcHGKfc-1iOUbVEkptJkooaJrXHAxs/documents/file_407.part_006
2025-04-24 14:15:23,746 - INFO - [download_telegram_file_content] - Successfully downloaded 20971520 bytes for file_id BQACAgUAAxkDAAIDDmgJ-UWuw3RKmreVD_QGPMwXqx4FAALzGgACxr9RVO2L2IWPMn_uNgQ.
2025-04-24 14:15:23,778 - INFO - [download_telegram_file_content] - Attempting to get download URL for file_id: BQACAgUAAxkDAAIDEGgJ-XiGDZT_H6Fm3sQ3Sfj3xKTeAAL0GgACxr9RVI-3ghDAy-tmNgQ
2025-04-24 14:15:24,188 - INFO - [download_telegram_file_content] - Obtained temporary download URL: https://api.telegram.org/file/bot7812479394:AAFrzOcHGKfc-1iOUbVEkptJkooaJrXHAxs/documents/file_406.part_005
2025-04-24 14:15:24,188 - INFO - [download_telegram_file_content] - Attempting to download content from: https://api.telegram.org/file/bot7812479394:AAFrzOcHGKfc-1iOUbVEkptJkooaJrXHAxs/documents/file_406.part_005
2025-04-24 14:15:30,333 - INFO - [download_telegram_file_content] - Successfully downloaded 20971520 bytes for file_id BQACAgUAAxkDAAIDEmgJ-aKViV70hcgsWvB0wzgf5GS9AAL1GgACxr9RVJfR1aVKQ__MNgQ.
2025-04-24 14:15:30,365 - INFO - [download_telegram_file_content] - Attempting to get download URL for file_id: BQACAgUAAxkDAAIDFGgJ-cG8k8lPP8koDEg4XncjfSiWAAL3GgACxr9RVCtjxQIR_IZRNgQ
2025-04-24 14:15:31,425 - INFO - [download_telegram_file_content] - Obtained temporary download URL: https://api.telegram.org/file/bot7812479394:AAFrzOcHGKfc-1iOUbVEkptJkooaJrXHAxs/documents/file_408.part_007
2025-04-24 14:15:31,426 - INFO - [download_telegram_file_content] - Attempting to download content from: https://api.telegram.org/file/bot7812479394:AAFrzOcHGKfc-1iOUbVEkptJkooaJrXHAxs/documents/file_408.part_007
2025-04-24 14:15:32,999 - INFO - [download_telegram_file_content] - Successfully downloaded 3733488 bytes for file_id BQACAgUAAxkDAAIDFGgJ-cG8k8lPP8koDEg4XncjfSiWAAL3GgACxr9RVCtjxQIR_IZRNgQ.
2025-04-24 14:15:33,007 - INFO - [_prepare_download_and_generate_updates] - [ad5879c6-a817-454b-918d-faa44a2b2a0a] Finished reassembling 7 chunks. Total bytes fetched: 129562608.
2025-04-24 14:15:33,009 - INFO - [_prepare_download_and_generate_updates] - [ad5879c6-a817-454b-918d-faa44a2b2a0a] Decompressing reassembled file...
2025-04-24 14:15:33,830 - INFO - [_prepare_download_and_generate_updates] - [ad5879c6-a817-454b-918d-faa44a2b2a0a] Final prepared file: 'E:\Telegram_tool\Telegram_Bot_Tool\uploads_temp\dl_final_ad5879c6-a817-454b-918d-faa44a2b2a0a_uyvat3nu', Size: 132739902
2025-04-24 14:15:33,831 - INFO - [_prepare_download_and_generate_updates] - [ad5879c6-a817-454b-918d-faa44a2b2a0a] Preparation complete. Sent 'ready' event.
2025-04-24 14:15:33,831 - INFO - [_prepare_download_and_generate_updates] - [ad5879c6-a817-454b-918d-faa44a2b2a0a] Generator finished or errored. Cleaning up intermediate files.
2025-04-24 14:15:33,831 - INFO - [_prepare_download_and_generate_updates] - [ad5879c6-a817-454b-918d-faa44a2b2a0a] Cleaning up intermediate reassembled file: E:\Telegram_tool\Telegram_Bot_Tool\uploads_temp\dl_reass_ad5879c6-a817-454b-918d-faa44a2b2a0a_8rd4p481.zip.tmp
2025-04-24 14:15:33,840 - INFO - [serve_temp_file] - Request to serve temporary download file for ID: ad5879c6-a817-454b-918d-faa44a2b2a0a, Filename: test download (1) (5).mkv
2025-04-24 14:15:33,841 - INFO - [serve_temp_file] - [ad5879c6-a817-454b-918d-faa44a2b2a0a] Preparing streaming response for 'test download (1) (5).mkv' from 'E:\Telegram_tool\Telegram_Bot_Tool\uploads_temp\dl_final_ad5879c6-a817-454b-918d-faa44a2b2a0a_uyvat3nu'
2025-04-24 14:15:33,848 - INFO - [_prepare_download_and_generate_updates] - [ad5879c6-a817-454b-918d-faa44a2b2a0a] Generator task ended.
2025-04-24 14:15:33,856 - INFO - [_log] - 127.0.0.1 - - [24/Apr/2025 14:15:33] "GET /serve-temp-file/ad5879c6-a817-454b-918d-faa44a2b2a0a/test%20download%20(1)%20(5).mkv HTTP/1.1" 200 -
2025-04-24 14:15:34,441 - INFO - [download_telegram_file_content] - Successfully downloaded 20971520 bytes for file_id BQACAgUAAxkDAAIDEGgJ-XiGDZT_H6Fm3sQ3Sfj3xKTeAAL0GgACxr9RVI-3ghDAy-tmNgQ.
2025-04-24 14:15:34,525 - INFO - [download_telegram_file_content] - Attempting to get download URL for file_id: BQACAgUAAxkDAAIDEmgJ-aKViV70hcgsWvB0wzgf5GS9AAL1GgACxr9RVJfR1aVKQ__MNgQ
2025-04-24 14:15:34,966 - INFO - [download_telegram_file_content] - Obtained temporary download URL: https://api.telegram.org/file/bot7812479394:AAFrzOcHGKfc-1iOUbVEkptJkooaJrXHAxs/documents/file_407.part_006
2025-04-24 14:15:34,966 - INFO - [download_telegram_file_content] - Attempting to download content from: https://api.telegram.org/file/bot7812479394:AAFrzOcHGKfc-1iOUbVEkptJkooaJrXHAxs/documents/file_407.part_006
2025-04-24 14:15:35,169 - INFO - [generate_and_cleanup] - [ad5879c6-a817-454b-918d-faa44a2b2a0a] Finished streaming file: E:\Telegram_tool\Telegram_Bot_Tool\uploads_temp\dl_final_ad5879c6-a817-454b-918d-faa44a2b2a0a_uyvat3nu
2025-04-24 14:15:35,169 - INFO - [generate_and_cleanup] - [ad5879c6-a817-454b-918d-faa44a2b2a0a] Cleaning up final temp file post-streaming: E:\Telegram_tool\Telegram_Bot_Tool\uploads_temp\dl_final_ad5879c6-a817-454b-918d-faa44a2b2a0a_uyvat3nu
2025-04-24 14:15:35,183 - INFO - [generate_and_cleanup] - [ad5879c6-a817-454b-918d-faa44a2b2a0a] Successfully deleted final temp file: E:\Telegram_tool\Telegram_Bot_Tool\uploads_temp\dl_final_ad5879c6-a817-454b-918d-faa44a2b2a0a_uyvat3nu
2025-04-24 14:15:40,519 - INFO - [download_telegram_file_content] - Successfully downloaded 20971520 bytes for file_id BQACAgUAAxkDAAIDEmgJ-aKViV70hcgsWvB0wzgf5GS9AAL1GgACxr9RVJfR1aVKQ__MNgQ.
2025-04-24 14:15:40,552 - INFO - [download_telegram_file_content] - Attempting to get download URL for file_id: BQACAgUAAxkDAAIDFGgJ-cG8k8lPP8koDEg4XncjfSiWAAL3GgACxr9RVCtjxQIR_IZRNgQ
2025-04-24 14:15:41,048 - INFO - [download_telegram_file_content] - Obtained temporary download URL: https://api.telegram.org/file/bot7812479394:AAFrzOcHGKfc-1iOUbVEkptJkooaJrXHAxs/documents/file_408.part_007
2025-04-24 14:15:41,049 - INFO - [download_telegram_file_content] - Attempting to download content from: https://api.telegram.org/file/bot7812479394:AAFrzOcHGKfc-1iOUbVEkptJkooaJrXHAxs/documents/file_408.part_007
2025-04-24 14:15:42,817 - INFO - [download_telegram_file_content] - Successfully downloaded 3733488 bytes for file_id BQACAgUAAxkDAAIDFGgJ-cG8k8lPP8koDEg4XncjfSiWAAL3GgACxr9RVCtjxQIR_IZRNgQ.
2025-04-24 14:15:42,821 - INFO - [_prepare_and_stream_download_generator] - [1a1be6b4-ad3a-47a7-9860-af7e12b9af51] Finished reassembling 7 chunks. Total bytes fetched: 129562608.
2025-04-24 14:15:42,822 - INFO - [_prepare_and_stream_download_generator] - [1a1be6b4-ad3a-47a7-9860-af7e12b9af51] Decompressing reassembled file: E:\Telegram_tool\Telegram_Bot_Tool\uploads_temp\dl_reass_1a1be6b4-ad3a-47a7-9860-af7e12b9af51_t15huun5.zip.tmp
2025-04-24 14:15:43,553 - INFO - [_prepare_and_stream_download_generator] - [1a1be6b4-ad3a-47a7-9860-af7e12b9af51] Decompression finished in 0.73s.
2025-04-24 14:15:43,554 - INFO - [_prepare_and_stream_download_generator] - [1a1be6b4-ad3a-47a7-9860-af7e12b9af51] Final prepared file: 'E:\Telegram_tool\Telegram_Bot_Tool\uploads_temp\dl_final_1a1be6b4-ad3a-47a7-9860-af7e12b9af51_ixxnc3eo.mkv', Size: 132739902
2025-04-24 14:15:43,656 - INFO - [_prepare_and_stream_download_generator] - [1a1be6b4-ad3a-47a7-9860-af7e12b9af51] Preparation complete. Sent 'ready' event.
2025-04-24 14:15:43,657 - INFO - [_prepare_and_stream_download_generator] - [1a1be6b4-ad3a-47a7-9860-af7e12b9af51] Generator finished or errored. Cleaning up intermediate files.
2025-04-24 14:15:43,673 - INFO - [serve_temp_file] - Request to serve temporary download file for ID: 1a1be6b4-ad3a-47a7-9860-af7e12b9af51, Filename: test download (1) (5).mkv
2025-04-24 14:15:43,674 - INFO - [serve_temp_file] - [1a1be6b4-ad3a-47a7-9860-af7e12b9af51] Preparing streaming response for 'test download (1) (5).mkv' from 'E:\Telegram_tool\Telegram_Bot_Tool\uploads_temp\dl_final_1a1be6b4-ad3a-47a7-9860-af7e12b9af51_ixxnc3eo.mkv'
2025-04-24 14:15:43,687 - INFO - [_prepare_and_stream_download_generator] - [1a1be6b4-ad3a-47a7-9860-af7e12b9af51] Cleaned up intermediate reassembled file: E:\Telegram_tool\Telegram_Bot_Tool\uploads_temp\dl_reass_1a1be6b4-ad3a-47a7-9860-af7e12b9af51_t15huun5.zip.tmp
2025-04-24 14:15:43,687 - INFO - [_prepare_and_stream_download_generator] - [1a1be6b4-ad3a-47a7-9860-af7e12b9af51] Generator task ended.
2025-04-24 14:15:43,691 - INFO - [_log] - 127.0.0.1 - - [24/Apr/2025 14:15:43] "GET /serve-temp-file/1a1be6b4-ad3a-47a7-9860-af7e12b9af51/test%20download%20(1)%20(5).mkv HTTP/1.1" 200 -
2025-04-24 14:15:44,705 - INFO - [generate_and_cleanup] - [1a1be6b4-ad3a-47a7-9860-af7e12b9af51] Finished streaming file: E:\Telegram_tool\Telegram_Bot_Tool\uploads_temp\dl_final_1a1be6b4-ad3a-47a7-9860-af7e12b9af51_ixxnc3eo.mkv
2025-04-24 14:15:44,705 - INFO - [generate_and_cleanup] - [1a1be6b4-ad3a-47a7-9860-af7e12b9af51] Cleaning up final temp file post-streaming: E:\Telegram_tool\Telegram_Bot_Tool\uploads_temp\dl_final_1a1be6b4-ad3a-47a7-9860-af7e12b9af51_ixxnc3eo.mkv
2025-04-24 14:15:44,718 - INFO - [generate_and_cleanup] - [1a1be6b4-ad3a-47a7-9860-af7e12b9af51] Successfully deleted final temp file: E:\Telegram_tool\Telegram_Bot_Tool\uploads_temp\dl_final_1a1be6b4-ad3a-47a7-9860-af7e12b9af51_ixxnc3eo.mkv
