2025-05-02 11:30:53,025 - INFO - [MainThread] [<module>] - ============================================================
2025-05-02 11:30:53,025 - INFO - [MainThread] [<module>] - Logging configured. Level: INFO. Log file: Selenium-Logs\app_20250502_113053.log
2025-05-02 11:30:53,025 - INFO - [MainThread] [<module>] - Primary Chat ID: -4603853425
2025-05-02 11:30:53,025 - INFO - [MainThread] [<module>] - All Target Chat IDs: ['-4603853425', '-1002614397019', '-4641852757']
2025-05-02 11:30:53,025 - WARNING - [MainThread] [format_bytes] - Error formatting bytes (20971520): name 'math' is not defined
2025-05-02 11:30:53,025 - INFO - [MainThread] [<module>] - Chunk Size: 20971520 B (20971520 bytes)
2025-05-02 11:30:53,025 - INFO - [MainThread] [<module>] - API Timeouts (Connect/Read): 10s / 60s
2025-05-02 11:30:53,025 - INFO - [MainThread] [<module>] - API Retries: 3 attempts, 2s delay
2025-05-02 11:30:53,025 - INFO - [MainThread] [<module>] - Max Upload Workers: 5
2025-05-02 11:30:53,025 - INFO - [MainThread] [<module>] - Max Download Workers: 12
2025-05-02 11:30:53,025 - INFO - [MainThread] [<module>] - ============================================================
2025-05-02 11:30:53,025 - INFO - [MainThread] [<module>] - Configuration loaded successfully.
2025-05-02 11:30:53,025 - INFO - [MainThread] [<module>] - Custom Jinja filter 'format_bytes' registered.
2025-05-02 11:30:53,025 - INFO - [MainThread] [<module>] - Flask-CORS initialized. Allowing origins: http://localhost:4200
2025-05-02 11:30:53,025 - INFO - [MainThread] [<module>] - Flask application initialized.
2025-05-02 11:30:53,025 - INFO - [MainThread] [<module>] - Global state variables initialized (upload_progress_data, download_prep_data).
2025-05-02 11:30:53,025 - INFO - [MainThread] [<module>] - Custom Jinja filter 'format_bytes' registered.
2025-05-02 11:30:53,035 - INFO - [MainThread] [<module>] - Flask-CORS initialized. Allowing origins: http://localhost:4200
2025-05-02 11:30:53,035 - INFO - [MainThread] [<module>] - Flask application initialized.
2025-05-02 11:30:53,035 - INFO - [MainThread] [<module>] - Global state variables initialized (upload_progress_data, download_prep_data).
2025-05-02 11:30:53,206 - INFO - [MainThread] [<module>] - Database module initialized.
2025-05-02 11:30:53,656 - INFO - [MainThread] [<module>] - Initialized requests.Session for Telegram API calls.
2025-05-02 11:30:53,656 - INFO - [MainThread] [<module>] - Telegram API functions defined with Session and Retries.
2025-05-02 11:30:53,673 - INFO - [MainThread] [<module>] - Flask routes defined using configurable workers and linter fixes.
2025-05-02 11:30:53,673 - INFO - [MainThread] [<module>] - Starting Flask development server...
2025-05-02 11:30:53,698 - WARNING - [MainThread] [_log] -  * Debugger is active!
2025-05-02 11:30:53,704 - INFO - [MainThread] [_log] -  * Debugger PIN: 107-410-311
