2025-05-02 16:08:56,152 - INFO - [MainThread] [<module>] - ============================================================
2025-05-02 16:08:56,153 - INFO - [MainThread] [<module>] - Logging configured. Level: INFO. Log file: Selenium-Logs\app_20250502_160856.log
2025-05-02 16:08:56,153 - INFO - [MainThread] [<module>] - Primary Chat ID: -4603853425
2025-05-02 16:08:56,153 - INFO - [MainThread] [<module>] - All Target Chat IDs: ['-4603853425', '-1002614397019', '-4641852757']
2025-05-02 16:08:56,154 - INFO - [MainThread] [<module>] - Chunk Size: 20.0 MB (20971520 bytes)
2025-05-02 16:08:56,154 - INFO - [MainThread] [<module>] - API Timeouts (Connect/Read): 10s / 60s
2025-05-02 16:08:56,154 - INFO - [MainThread] [<module>] - API Retries: 3 attempts, 2s delay
2025-05-02 16:08:56,158 - INFO - [MainThread] [<module>] - Max Upload Workers: 5
2025-05-02 16:08:56,158 - INFO - [MainThread] [<module>] - Max Download Workers: 12
2025-05-02 16:08:56,158 - INFO - [MainThread] [<module>] - ============================================================
2025-05-02 16:08:56,159 - INFO - [MainThread] [<module>] - Configuration loaded successfully.
2025-05-02 16:08:56,160 - INFO - [MainThread] [<module>] - Custom Jinja filter 'format_bytes' registered.
2025-05-02 16:08:56,160 - INFO - [MainThread] [<module>] - Flask-CORS initialized. Allowing origins: *
2025-05-02 16:08:56,161 - INFO - [MainThread] [<module>] - Flask application initialized.
2025-05-02 16:08:56,161 - INFO - [MainThread] [<module>] - Global state variables initialized (upload_progress_data, download_prep_data).
2025-05-02 16:08:56,163 - INFO - [MainThread] [<module>] - Custom Jinja filter 'format_bytes' registered.
2025-05-02 16:08:56,163 - INFO - [MainThread] [<module>] - Flask-CORS initialized. Allowing origins: *
2025-05-02 16:08:56,164 - INFO - [MainThread] [<module>] - Flask application initialized.
2025-05-02 16:08:56,164 - INFO - [MainThread] [<module>] - Global state variables initialized (upload_progress_data, download_prep_data).
2025-05-02 16:08:56,335 - INFO - [MainThread] [<module>] - Database module initialized.
2025-05-02 16:08:56,781 - INFO - [MainThread] [<module>] - Initialized requests.Session for Telegram API calls.
2025-05-02 16:08:56,781 - INFO - [MainThread] [<module>] - Telegram API functions defined with Session and Retries.
2025-05-02 16:08:56,786 - INFO - [MainThread] [<module>] - Flask routes defined using configurable workers and linter fixes.
2025-05-02 16:08:56,788 - INFO - [MainThread] [<module>] - Starting Flask development server...
2025-05-02 16:08:56,808 - WARNING - [MainThread] [_log] -  * Debugger is active!
2025-05-02 16:08:56,813 - INFO - [MainThread] [_log] -  * Debugger PIN: 107-410-311
2025-05-02 16:10:03,190 - INFO - [Thread-2 (process_request_thread)] [_log] - 192.168.1.19 - - [02/May/2025 16:10:03] "OPTIONS /register HTTP/1.1" 200 -
2025-05-02 16:10:03,195 - INFO - [Thread-3 (process_request_thread)] [register_user] - Received registration request.
2025-05-02 16:10:03,198 - INFO - [Thread-3 (process_request_thread)] [_log] - 192.168.1.19 - - [02/May/2025 16:10:03] "[31m[1mPOST /register HTTP/1.1[0m" 400 -
2025-05-02 16:15:23,556 - INFO - [MainThread] [_log] -  * Detected change in 'E:\\Telegram_tool\\Telegram_Bot_Tool\\routes.py', reloading
