2025-04-26 14:03:34,715 - INFO - [<module>] - Logging configured. Log file: Selenium-Logs\app_20250426_140334.log
2025-04-26 14:03:34,715 - INFO - [<module>] - Configuration loaded.
2025-04-26 14:03:34,715 - INFO - [<module>] - Utility functions defined.
2025-04-26 14:03:34,715 - INFO - [<module>] - Flask application initialized.
2025-04-26 14:03:34,715 - INFO - [<module>] - Global state variables initialized.
2025-04-26 14:03:35,181 - INFO - [<module>] - Telegram API functions defined.
2025-04-26 14:03:35,181 - INFO - [<module>] - Flask routes defined.
2025-04-26 14:03:35,181 - INFO - [<module>] - Starting Flask development server...
2025-04-26 14:03:35,216 - WARNING - [_log] -  * Debugger is active!
2025-04-26 14:03:35,231 - INFO - [_log] -  * Debugger PIN: 107-410-311
2025-04-26 14:03:48,022 - INFO - [index] - Serving index page.
2025-04-26 14:03:48,041 - INFO - [_log] - 127.0.0.1 - - [26/Apr/2025 14:03:48] "GET / HTTP/1.1" 200 -
2025-04-26 14:03:48,058 - INFO - [_log] - 127.0.0.1 - - [26/Apr/2025 14:03:48] "[33mGET /static/style.css HTTP/1.1[0m" 404 -
2025-04-26 14:03:53,581 - INFO - [initiate_upload] - Received request to initiate upload.
2025-04-26 14:03:53,581 - INFO - [initiate_upload] - Saving temporary file for upload_id 'a6ba78a4-2007-4bf3-93ad-2fe78ce68b83' to 'uploads_temp\a6ba78a4-2007-4bf3-93ad-2fe78ce68b83_download_page.html'
2025-04-26 14:03:53,581 - INFO - [initiate_upload] - Temporary file saved successfully for 'download_page.html' (ID: a6ba78a4-2007-4bf3-93ad-2fe78ce68b83).
2025-04-26 14:03:53,581 - INFO - [_log] - 127.0.0.1 - - [26/Apr/2025 14:03:53] "POST /initiate-upload HTTP/1.1" 200 -
2025-04-26 14:03:53,591 - INFO - [stream_progress] - SSE connection request for upload_id: a6ba78a4-2007-4bf3-93ad-2fe78ce68b83
2025-04-26 14:03:53,592 - INFO - [process_upload_and_generate_updates] - [a6ba78a4-2007-4bf3-93ad-2fe78ce68b83] Starting processing...
2025-04-26 14:03:53,592 - INFO - [process_upload_and_generate_updates] - [a6ba78a4-2007-4bf3-93ad-2fe78ce68b83] Processing upload: User='testt', File='download_page.html', TempPath='uploads_temp\a6ba78a4-2007-4bf3-93ad-2fe78ce68b83_download_page.html'
2025-04-26 14:03:53,592 - INFO - [process_upload_and_generate_updates] - [a6ba78a4-2007-4bf3-93ad-2fe78ce68b83] Original temp file size: 15204 bytes.
2025-04-26 14:03:53,592 - INFO - [_log] - 127.0.0.1 - - [26/Apr/2025 14:03:53] "GET /stream-progress/a6ba78a4-2007-4bf3-93ad-2fe78ce68b83 HTTP/1.1" 200 -
2025-04-26 14:03:53,594 - INFO - [process_upload_and_generate_updates] - [a6ba78a4-2007-4bf3-93ad-2fe78ce68b83] Generated Access ID: a32bcc66bb
2025-04-26 14:03:53,594 - INFO - [process_upload_and_generate_updates] - [a6ba78a4-2007-4bf3-93ad-2fe78ce68b83] 'download_page.html' is small. Compressing and sending as single file.
2025-04-26 14:03:53,666 - INFO - [process_upload_and_generate_updates] - [a6ba78a4-2007-4bf3-93ad-2fe78ce68b83] Compressed 'download_page.html' to 4401 bytes.
2025-04-26 14:03:53,666 - INFO - [process_upload_and_generate_updates] - [a6ba78a4-2007-4bf3-93ad-2fe78ce68b83] Attempting send 'download_page.html.zip' to chat ID: -4603853425
2025-04-26 14:03:53,666 - INFO - [send_file_to_telegram] - Sending file 'download_page.html.zip' to Telegram chat ID: -4603853425
2025-04-26 14:03:54,772 - INFO - [send_file_to_telegram] - Telegram API success for 'download_page.html.zip'.
2025-04-26 14:03:54,772 - INFO - [process_upload_and_generate_updates] - [a6ba78a4-2007-4bf3-93ad-2fe78ce68b83] Single file 'download_page.html' sent successfully to PRIMARY chat ID -4603853425.
2025-04-26 14:03:54,773 - INFO - [process_upload_and_generate_updates] - [a6ba78a4-2007-4bf3-93ad-2fe78ce68b83] Total successful sends (including backups): 1 / 1
2025-04-26 14:03:54,773 - ERROR - [process_upload_and_generate_updates] - [a6ba78a4-2007-4bf3-93ad-2fe78ce68b83] Inconsistency: Primary send succeeded but failed to extract IDs from its response: {'ok': True, 'result': {'message_id': 988, 'from': {'id': 7812479394, 'is_bot': True, 'first_name': 'Harry Bot', 'username': 'hhhHarryBot'}, 'chat': {'id': -4603853425, 'title': 'AGroup', 'type': 'group', 'all_members_are_administrators': True, 'accepted_gift_types': {'unlimited_gifts': False, 'limited_gifts': False, 'unique_gifts': False, 'premium_subscription': False}}, 'date': 1745656433, 'document': {'file_name': 'download_page.html.zip', 'mime_type': 'application/zip', 'file_id': 'BQACAgUAAxkDAAID3GgMmnHhHkRXRCpvZnnkJuWylxMLAALlFgACI41oVKDPEwIw_ZmvNgQ', 'file_unique_id': 'AgAD5RYAAiONaFQ', 'file_size': 4401}}}
2025-04-26 14:03:54,792 - INFO - [load_metadata] - Successfully loaded metadata from 'metadata.json'.
2025-04-26 14:03:54,800 - INFO - [save_metadata] - Successfully saved metadata to 'metadata.json'.
2025-04-26 14:03:54,801 - INFO - [process_upload_and_generate_updates] - [a6ba78a4-2007-4bf3-93ad-2fe78ce68b83] Generated landing page URL: http://127.0.0.1:5000/get/a32bcc66bb
2025-04-26 14:03:54,802 - INFO - [process_upload_and_generate_updates] - [a6ba78a4-2007-4bf3-93ad-2fe78ce68b83] Entering final cleanup.
2025-04-26 14:03:54,803 - INFO - [process_upload_and_generate_updates] - [a6ba78a4-2007-4bf3-93ad-2fe78ce68b83] Successfully deleted original temporary file: uploads_temp\a6ba78a4-2007-4bf3-93ad-2fe78ce68b83_download_page.html
2025-04-26 14:03:54,804 - INFO - [process_upload_and_generate_updates] - [a6ba78a4-2007-4bf3-93ad-2fe78ce68b83] Processing finished with status: completed
2025-04-26 14:04:09,024 - INFO - [get_file_by_access_id] - Received request for access_id: a32bcc66bb
2025-04-26 14:04:09,040 - INFO - [load_metadata] - Successfully loaded metadata from 'metadata.json'.
2025-04-26 14:04:09,040 - INFO - [get_file_by_access_id] - Found file 'download_page.html'. Rendering download page.
2025-04-26 14:04:09,087 - INFO - [_log] - 127.0.0.1 - - [26/Apr/2025 14:04:09] "GET /get/a32bcc66bb HTTP/1.1" 200 -
2025-04-26 14:04:10,863 - INFO - [stream_download_by_access_id] - [d017f279-5749-4e7c-8b07-7287e168c59e] SSE connection request for download prep using access_id: a32bcc66bb
2025-04-26 14:04:10,863 - INFO - [load_metadata] - Successfully loaded metadata from 'metadata.json'.
2025-04-26 14:04:10,863 - INFO - [_prepare_and_stream_download_generator] - [d017f279-5749-4e7c-8b07-7287e168c59e] Download preparation generator started.
2025-04-26 14:04:10,863 - INFO - [_log] - 127.0.0.1 - - [26/Apr/2025 14:04:10] "GET /stream-download/a32bcc66bb HTTP/1.1" 200 -
2025-04-26 14:04:10,970 - INFO - [load_metadata] - Successfully loaded metadata from 'metadata.json'.
2025-04-26 14:04:10,970 - INFO - [_prepare_and_stream_download_generator] - [d017f279-5749-4e7c-8b07-7287e168c59e] Found metadata for 'download_page.html' (User: testt, Size: 15204)
2025-04-26 14:04:11,173 - INFO - [_prepare_and_stream_download_generator] - [d017f279-5749-4e7c-8b07-7287e168c59e] Preparing non-split file 'download_page.html'.
2025-04-26 14:04:11,173 - INFO - [_prepare_and_stream_download_generator] - [d017f279-5749-4e7c-8b07-7287e168c59e] Using primary file_id: BQACAgUAAxkDAAID3GgMmnHhHkRXRCpvZnnkJuWylxMLAALlFgACI41oVKDPEwIw_ZmvNgQ from chat -4603853425
2025-04-26 14:04:11,177 - INFO - [download_telegram_file_content] - Attempting to get download URL for file_id: BQACAgUAAxkDAAID3GgMmnHhHkRXRCpvZnnkJuWylxMLAALlFgACI41oVKDPEwIw_ZmvNgQ
2025-04-26 14:04:12,063 - INFO - [download_telegram_file_content] - Obtained temporary download URL: https://api.telegram.org/file/bot7812479394:AAFrzOcHGKfc-1iOUbVEkptJkooaJrXHAxs/documents/file_445.zip
2025-04-26 14:04:12,063 - INFO - [download_telegram_file_content] - Attempting to download content from: https://api.telegram.org/file/bot7812479394:AAFrzOcHGKfc-1iOUbVEkptJkooaJrXHAxs/documents/file_445.zip
2025-04-26 14:04:12,582 - INFO - [download_telegram_file_content] - Successfully downloaded 4401 bytes for file_id BQACAgUAAxkDAAID3GgMmnHhHkRXRCpvZnnkJuWylxMLAALlFgACI41oVKDPEwIw_ZmvNgQ.
2025-04-26 14:04:12,582 - INFO - [_prepare_and_stream_download_generator] - [d017f279-5749-4e7c-8b07-7287e168c59e] Source download took 1.41s, Speed: 0.00 MB/s
2025-04-26 14:04:12,582 - INFO - [_prepare_and_stream_download_generator] - [d017f279-5749-4e7c-8b07-7287e168c59e] Decompressing single downloaded file...
2025-04-26 14:04:12,587 - INFO - [_prepare_and_stream_download_generator] - [d017f279-5749-4e7c-8b07-7287e168c59e] Decompression finished in 0.00s.
2025-04-26 14:04:12,587 - INFO - [_prepare_and_stream_download_generator] - [d017f279-5749-4e7c-8b07-7287e168c59e] Final prepared file: 'E:\Telegram_tool\Telegram_Bot_Tool\uploads_temp\dl_final_d017f279-5749-4e7c-8b07-7287e168c59e_a4y5a7s7.html', Size: 15204
2025-04-26 14:04:12,701 - INFO - [_prepare_and_stream_download_generator] - [d017f279-5749-4e7c-8b07-7287e168c59e] Preparation complete. Sent 'ready' event.
2025-04-26 14:04:12,703 - INFO - [_prepare_and_stream_download_generator] - [d017f279-5749-4e7c-8b07-7287e168c59e] Generator finished or errored. Cleaning up intermediate files.
2025-04-26 14:04:12,707 - INFO - [_prepare_and_stream_download_generator] - [d017f279-5749-4e7c-8b07-7287e168c59e] Generator task ended.
2025-04-26 14:04:12,724 - INFO - [serve_temp_file] - Request to serve temporary download file for ID: d017f279-5749-4e7c-8b07-7287e168c59e, Filename: download_page.html
2025-04-26 14:04:12,725 - INFO - [serve_temp_file] - [d017f279-5749-4e7c-8b07-7287e168c59e] Preparing streaming response for 'download_page.html' from 'E:\Telegram_tool\Telegram_Bot_Tool\uploads_temp\dl_final_d017f279-5749-4e7c-8b07-7287e168c59e_a4y5a7s7.html'
2025-04-26 14:04:12,765 - INFO - [_log] - 127.0.0.1 - - [26/Apr/2025 14:04:12] "GET /serve-temp-file/d017f279-5749-4e7c-8b07-7287e168c59e/download_page.html HTTP/1.1" 200 -
2025-04-26 14:04:12,765 - INFO - [generate_and_cleanup] - [d017f279-5749-4e7c-8b07-7287e168c59e] Finished streaming file: E:\Telegram_tool\Telegram_Bot_Tool\uploads_temp\dl_final_d017f279-5749-4e7c-8b07-7287e168c59e_a4y5a7s7.html
2025-04-26 14:04:12,765 - INFO - [generate_and_cleanup] - [d017f279-5749-4e7c-8b07-7287e168c59e] Cleaning up final temp file post-streaming: E:\Telegram_tool\Telegram_Bot_Tool\uploads_temp\dl_final_d017f279-5749-4e7c-8b07-7287e168c59e_a4y5a7s7.html
2025-04-26 14:04:12,765 - INFO - [generate_and_cleanup] - [d017f279-5749-4e7c-8b07-7287e168c59e] Successfully deleted final temp file: E:\Telegram_tool\Telegram_Bot_Tool\uploads_temp\dl_final_d017f279-5749-4e7c-8b07-7287e168c59e_a4y5a7s7.html
2025-04-26 14:04:22,959 - INFO - [list_user_files] - Request received to list files for user: 'testt'
2025-04-26 14:04:22,959 - INFO - [load_metadata] - Successfully loaded metadata from 'metadata.json'.
2025-04-26 14:04:22,959 - INFO - [list_user_files] - Found 11 file records for user 'testt'.
2025-04-26 14:04:22,959 - INFO - [_log] - 127.0.0.1 - - [26/Apr/2025 14:04:22] "GET /files/testt HTTP/1.1" 200 -
2025-04-26 14:04:25,577 - INFO - [prepare_download_stream] - [65f34e11-13af-4540-925b-23ba1b894480] SSE connection request for download prep: User='testt', File='download_page.html'
2025-04-26 14:04:25,577 - INFO - [_prepare_download_and_generate_updates] - [65f34e11-13af-4540-925b-23ba1b894480] Starting download preparation generator for user 'testt', file 'download_page.html'...
2025-04-26 14:04:25,577 - INFO - [_log] - 127.0.0.1 - - [26/Apr/2025 14:04:25] "GET /prepare-download/testt/download_page.html HTTP/1.1" 200 -
2025-04-26 14:04:25,782 - INFO - [load_metadata] - Successfully loaded metadata from 'metadata.json'.
2025-04-26 14:04:25,782 - INFO - [_prepare_download_and_generate_updates] - [65f34e11-13af-4540-925b-23ba1b894480] Prep non-split 'download_page.html'
2025-04-26 14:04:25,782 - INFO - [_prepare_download_and_generate_updates] - [65f34e11-13af-4540-925b-23ba1b894480] Using primary file_id: BQACAgUAAxkDAAID3GgMmnHhHkRXRCpvZnnkJuWylxMLAALlFgACI41oVKDPEwIw_ZmvNgQ from chat -4603853425
2025-04-26 14:04:25,782 - INFO - [download_telegram_file_content] - Attempting to get download URL for file_id: BQACAgUAAxkDAAID3GgMmnHhHkRXRCpvZnnkJuWylxMLAALlFgACI41oVKDPEwIw_ZmvNgQ
2025-04-26 14:04:26,350 - INFO - [download_telegram_file_content] - Obtained temporary download URL: https://api.telegram.org/file/bot7812479394:AAFrzOcHGKfc-1iOUbVEkptJkooaJrXHAxs/documents/file_445.zip
2025-04-26 14:04:26,350 - INFO - [download_telegram_file_content] - Attempting to download content from: https://api.telegram.org/file/bot7812479394:AAFrzOcHGKfc-1iOUbVEkptJkooaJrXHAxs/documents/file_445.zip
2025-04-26 14:04:26,832 - INFO - [download_telegram_file_content] - Successfully downloaded 4401 bytes for file_id BQACAgUAAxkDAAID3GgMmnHhHkRXRCpvZnnkJuWylxMLAALlFgACI41oVKDPEwIw_ZmvNgQ.
2025-04-26 14:04:26,832 - INFO - [_prepare_download_and_generate_updates] - [65f34e11-13af-4540-925b-23ba1b894480] Decompressing single file...
2025-04-26 14:04:26,839 - INFO - [_prepare_download_and_generate_updates] - [65f34e11-13af-4540-925b-23ba1b894480] Final prepared file: 'E:\Telegram_tool\Telegram_Bot_Tool\uploads_temp\dl_decomp_65f34e11-13af-4540-925b-23ba1b894480_hjrp1ss6', Size: 15204
2025-04-26 14:04:26,840 - INFO - [_prepare_download_and_generate_updates] - [65f34e11-13af-4540-925b-23ba1b894480] Preparation complete. Sent 'ready' event.
2025-04-26 14:04:26,843 - INFO - [_prepare_download_and_generate_updates] - [65f34e11-13af-4540-925b-23ba1b894480] Generator finished or errored. Cleaning up intermediate files.
2025-04-26 14:04:26,844 - INFO - [_prepare_download_and_generate_updates] - [65f34e11-13af-4540-925b-23ba1b894480] Generator task ended.
2025-04-26 14:04:26,854 - INFO - [serve_temp_file] - Request to serve temporary download file for ID: 65f34e11-13af-4540-925b-23ba1b894480, Filename: download_page.html
2025-04-26 14:04:26,856 - INFO - [serve_temp_file] - [65f34e11-13af-4540-925b-23ba1b894480] Preparing streaming response for 'download_page.html' from 'E:\Telegram_tool\Telegram_Bot_Tool\uploads_temp\dl_decomp_65f34e11-13af-4540-925b-23ba1b894480_hjrp1ss6'
2025-04-26 14:04:26,903 - INFO - [_log] - 127.0.0.1 - - [26/Apr/2025 14:04:26] "GET /serve-temp-file/65f34e11-13af-4540-925b-23ba1b894480/download_page.html HTTP/1.1" 200 -
2025-04-26 14:04:26,903 - INFO - [generate_and_cleanup] - [65f34e11-13af-4540-925b-23ba1b894480] Finished streaming file: E:\Telegram_tool\Telegram_Bot_Tool\uploads_temp\dl_decomp_65f34e11-13af-4540-925b-23ba1b894480_hjrp1ss6
2025-04-26 14:04:26,903 - INFO - [generate_and_cleanup] - [65f34e11-13af-4540-925b-23ba1b894480] Cleaning up final temp file post-streaming: E:\Telegram_tool\Telegram_Bot_Tool\uploads_temp\dl_decomp_65f34e11-13af-4540-925b-23ba1b894480_hjrp1ss6
2025-04-26 14:04:26,903 - INFO - [generate_and_cleanup] - [65f34e11-13af-4540-925b-23ba1b894480] Successfully deleted final temp file: E:\Telegram_tool\Telegram_Bot_Tool\uploads_temp\dl_decomp_65f34e11-13af-4540-925b-23ba1b894480_hjrp1ss6
2025-04-26 14:04:29,523 - INFO - [delete_file_record] - Received DELETE request for user='testt', file='download_page.html'
2025-04-26 14:04:29,527 - INFO - [load_metadata] - Successfully loaded metadata from 'metadata.json'.
2025-04-26 14:04:29,527 - INFO - [delete_file_record] - Found and removed record for 'download_page.html' for user 'testt'.
2025-04-26 14:04:29,527 - INFO - [save_metadata] - Successfully saved metadata to 'metadata.json'.
2025-04-26 14:04:29,527 - INFO - [delete_file_record] - Successfully saved updated metadata after deleting 'download_page.html'.
2025-04-26 14:04:29,527 - INFO - [_log] - 127.0.0.1 - - [26/Apr/2025 14:04:29] "DELETE /delete-file/testt/download_page.html HTTP/1.1" 200 -
2025-04-26 14:04:58,823 - INFO - [initiate_upload] - Received request to initiate upload.
2025-04-26 14:04:59,920 - INFO - [initiate_upload] - Saving temporary file for upload_id '43ead7f4-d6c5-4640-a498-d752b0e33890' to 'uploads_temp\43ead7f4-d6c5-4640-a498-d752b0e33890_WindsurfUserSetup-x64-1.7.1.exe'
2025-04-26 14:05:00,181 - INFO - [initiate_upload] - Temporary file saved successfully for 'WindsurfUserSetup-x64-1.7.1.exe' (ID: 43ead7f4-d6c5-4640-a498-d752b0e33890).
2025-04-26 14:05:00,600 - INFO - [_log] - 127.0.0.1 - - [26/Apr/2025 14:05:00] "POST /initiate-upload HTTP/1.1" 200 -
2025-04-26 14:05:00,624 - INFO - [stream_progress] - SSE connection request for upload_id: 43ead7f4-d6c5-4640-a498-d752b0e33890
2025-04-26 14:05:00,624 - INFO - [process_upload_and_generate_updates] - [43ead7f4-d6c5-4640-a498-d752b0e33890] Starting processing...
2025-04-26 14:05:00,625 - INFO - [process_upload_and_generate_updates] - [43ead7f4-d6c5-4640-a498-d752b0e33890] Processing upload: User='ELENA', File='WindsurfUserSetup-x64-1.7.1.exe', TempPath='uploads_temp\43ead7f4-d6c5-4640-a498-d752b0e33890_WindsurfUserSetup-x64-1.7.1.exe'
2025-04-26 14:05:00,847 - INFO - [process_upload_and_generate_updates] - [43ead7f4-d6c5-4640-a498-d752b0e33890] Original temp file size: 136960592 bytes.
2025-04-26 14:05:00,849 - INFO - [_log] - 127.0.0.1 - - [26/Apr/2025 14:05:00] "GET /stream-progress/43ead7f4-d6c5-4640-a498-d752b0e33890 HTTP/1.1" 200 -
2025-04-26 14:05:00,849 - INFO - [process_upload_and_generate_updates] - [43ead7f4-d6c5-4640-a498-d752b0e33890] Generated Access ID: cdbf3273bb
2025-04-26 14:05:00,849 - INFO - [process_upload_and_generate_updates] - [43ead7f4-d6c5-4640-a498-d752b0e33890] 'WindsurfUserSetup-x64-1.7.1.exe' is large. Compressing before splitting.
2025-04-26 14:05:00,854 - INFO - [process_upload_and_generate_updates] - [43ead7f4-d6c5-4640-a498-d752b0e33890] Created temporary file for compression result: E:\Telegram_tool\Telegram_Bot_Tool\uploads_temp\43ead7f4-d6c5-4640-a498-d752b0e33890_comp_nc4a504m.zip
2025-04-26 14:05:06,516 - INFO - [process_upload_and_generate_updates] - [43ead7f4-d6c5-4640-a498-d752b0e33890] Finished compressing to 'E:\Telegram_tool\Telegram_Bot_Tool\uploads_temp\43ead7f4-d6c5-4640-a498-d752b0e33890_comp_nc4a504m.zip'. Size: 136492932 bytes. Time: 5.66s.
2025-04-26 14:05:06,542 - INFO - [process_upload_and_generate_updates] - [43ead7f4-d6c5-4640-a498-d752b0e33890] Reading chunk 1 for COMPRESSED file starting at byte 0.
2025-04-26 14:05:06,554 - INFO - [process_upload_and_generate_updates] - [43ead7f4-d6c5-4640-a498-d752b0e33890] Read chunk 1 (20971520 bytes). Total read: 20971520/136492932
2025-04-26 14:05:06,554 - INFO - [process_upload_and_generate_updates] - [43ead7f4-d6c5-4640-a498-d752b0e33890] Attempting send chunk 'WindsurfUserSetup-x64-1.7.1.exe.zip.part_001' to chat ID: -4603853425
2025-04-26 14:05:06,555 - INFO - [send_file_to_telegram] - Sending file 'WindsurfUserSetup-x64-1.7.1.exe.zip.part_001' to Telegram chat ID: -4603853425
2025-04-26 14:05:16,879 - INFO - [send_file_to_telegram] - Telegram API success for 'WindsurfUserSetup-x64-1.7.1.exe.zip.part_001'.
2025-04-26 14:05:16,882 - INFO - [process_upload_and_generate_updates] - [43ead7f4-d6c5-4640-a498-d752b0e33890] Chunk 'WindsurfUserSetup-x64-1.7.1.exe.zip.part_001' sent successfully to PRIMARY chat.
2025-04-26 14:05:16,883 - INFO - [process_upload_and_generate_updates] - [43ead7f4-d6c5-4640-a498-d752b0e33890] Successfully processed metadata for chunk 1 across all attempts.
2025-04-26 14:05:16,884 - INFO - [process_upload_and_generate_updates] - [43ead7f4-d6c5-4640-a498-d752b0e33890] Reading chunk 2 for COMPRESSED file starting at byte 20971520.
2025-04-26 14:05:16,899 - INFO - [process_upload_and_generate_updates] - [43ead7f4-d6c5-4640-a498-d752b0e33890] Read chunk 2 (20971520 bytes). Total read: 41943040/136492932
2025-04-26 14:05:16,901 - INFO - [process_upload_and_generate_updates] - [43ead7f4-d6c5-4640-a498-d752b0e33890] Attempting send chunk 'WindsurfUserSetup-x64-1.7.1.exe.zip.part_002' to chat ID: -4603853425
2025-04-26 14:05:16,903 - INFO - [send_file_to_telegram] - Sending file 'WindsurfUserSetup-x64-1.7.1.exe.zip.part_002' to Telegram chat ID: -4603853425
2025-04-26 14:05:24,610 - INFO - [send_file_to_telegram] - Telegram API success for 'WindsurfUserSetup-x64-1.7.1.exe.zip.part_002'.
2025-04-26 14:05:24,612 - INFO - [process_upload_and_generate_updates] - [43ead7f4-d6c5-4640-a498-d752b0e33890] Chunk 'WindsurfUserSetup-x64-1.7.1.exe.zip.part_002' sent successfully to PRIMARY chat.
2025-04-26 14:05:24,614 - INFO - [process_upload_and_generate_updates] - [43ead7f4-d6c5-4640-a498-d752b0e33890] Successfully processed metadata for chunk 2 across all attempts.
2025-04-26 14:05:24,614 - INFO - [process_upload_and_generate_updates] - [43ead7f4-d6c5-4640-a498-d752b0e33890] Reading chunk 3 for COMPRESSED file starting at byte 41943040.
2025-04-26 14:05:24,630 - INFO - [process_upload_and_generate_updates] - [43ead7f4-d6c5-4640-a498-d752b0e33890] Read chunk 3 (20971520 bytes). Total read: 62914560/136492932
2025-04-26 14:05:24,631 - INFO - [process_upload_and_generate_updates] - [43ead7f4-d6c5-4640-a498-d752b0e33890] Attempting send chunk 'WindsurfUserSetup-x64-1.7.1.exe.zip.part_003' to chat ID: -4603853425
2025-04-26 14:05:24,631 - INFO - [send_file_to_telegram] - Sending file 'WindsurfUserSetup-x64-1.7.1.exe.zip.part_003' to Telegram chat ID: -4603853425
2025-04-26 14:05:34,807 - INFO - [send_file_to_telegram] - Telegram API success for 'WindsurfUserSetup-x64-1.7.1.exe.zip.part_003'.
2025-04-26 14:05:34,811 - INFO - [process_upload_and_generate_updates] - [43ead7f4-d6c5-4640-a498-d752b0e33890] Chunk 'WindsurfUserSetup-x64-1.7.1.exe.zip.part_003' sent successfully to PRIMARY chat.
2025-04-26 14:05:34,812 - INFO - [process_upload_and_generate_updates] - [43ead7f4-d6c5-4640-a498-d752b0e33890] Successfully processed metadata for chunk 3 across all attempts.
2025-04-26 14:05:34,815 - INFO - [process_upload_and_generate_updates] - [43ead7f4-d6c5-4640-a498-d752b0e33890] Reading chunk 4 for COMPRESSED file starting at byte 62914560.
2025-04-26 14:05:34,833 - INFO - [process_upload_and_generate_updates] - [43ead7f4-d6c5-4640-a498-d752b0e33890] Read chunk 4 (20971520 bytes). Total read: 83886080/136492932
2025-04-26 14:05:34,834 - INFO - [process_upload_and_generate_updates] - [43ead7f4-d6c5-4640-a498-d752b0e33890] Attempting send chunk 'WindsurfUserSetup-x64-1.7.1.exe.zip.part_004' to chat ID: -4603853425
2025-04-26 14:05:34,834 - INFO - [send_file_to_telegram] - Sending file 'WindsurfUserSetup-x64-1.7.1.exe.zip.part_004' to Telegram chat ID: -4603853425
2025-04-26 14:05:53,561 - INFO - [send_file_to_telegram] - Telegram API success for 'WindsurfUserSetup-x64-1.7.1.exe.zip.part_004'.
2025-04-26 14:05:53,563 - INFO - [process_upload_and_generate_updates] - [43ead7f4-d6c5-4640-a498-d752b0e33890] Chunk 'WindsurfUserSetup-x64-1.7.1.exe.zip.part_004' sent successfully to PRIMARY chat.
2025-04-26 14:05:53,564 - INFO - [process_upload_and_generate_updates] - [43ead7f4-d6c5-4640-a498-d752b0e33890] Successfully processed metadata for chunk 4 across all attempts.
2025-04-26 14:05:53,565 - INFO - [process_upload_and_generate_updates] - [43ead7f4-d6c5-4640-a498-d752b0e33890] Reading chunk 5 for COMPRESSED file starting at byte 83886080.
2025-04-26 14:05:53,580 - INFO - [process_upload_and_generate_updates] - [43ead7f4-d6c5-4640-a498-d752b0e33890] Read chunk 5 (20971520 bytes). Total read: 104857600/136492932
2025-04-26 14:05:53,580 - INFO - [process_upload_and_generate_updates] - [43ead7f4-d6c5-4640-a498-d752b0e33890] Attempting send chunk 'WindsurfUserSetup-x64-1.7.1.exe.zip.part_005' to chat ID: -4603853425
2025-04-26 14:05:53,580 - INFO - [send_file_to_telegram] - Sending file 'WindsurfUserSetup-x64-1.7.1.exe.zip.part_005' to Telegram chat ID: -4603853425
2025-04-26 14:06:05,893 - INFO - [send_file_to_telegram] - Telegram API success for 'WindsurfUserSetup-x64-1.7.1.exe.zip.part_005'.
2025-04-26 14:06:05,896 - INFO - [process_upload_and_generate_updates] - [43ead7f4-d6c5-4640-a498-d752b0e33890] Chunk 'WindsurfUserSetup-x64-1.7.1.exe.zip.part_005' sent successfully to PRIMARY chat.
2025-04-26 14:06:05,897 - INFO - [process_upload_and_generate_updates] - [43ead7f4-d6c5-4640-a498-d752b0e33890] Successfully processed metadata for chunk 5 across all attempts.
2025-04-26 14:06:05,898 - INFO - [process_upload_and_generate_updates] - [43ead7f4-d6c5-4640-a498-d752b0e33890] Reading chunk 6 for COMPRESSED file starting at byte 104857600.
2025-04-26 14:06:05,912 - INFO - [process_upload_and_generate_updates] - [43ead7f4-d6c5-4640-a498-d752b0e33890] Read chunk 6 (20971520 bytes). Total read: 125829120/136492932
2025-04-26 14:06:05,913 - INFO - [process_upload_and_generate_updates] - [43ead7f4-d6c5-4640-a498-d752b0e33890] Attempting send chunk 'WindsurfUserSetup-x64-1.7.1.exe.zip.part_006' to chat ID: -4603853425
2025-04-26 14:06:05,913 - INFO - [send_file_to_telegram] - Sending file 'WindsurfUserSetup-x64-1.7.1.exe.zip.part_006' to Telegram chat ID: -4603853425
2025-04-26 14:06:17,064 - INFO - [send_file_to_telegram] - Telegram API success for 'WindsurfUserSetup-x64-1.7.1.exe.zip.part_006'.
2025-04-26 14:06:17,067 - INFO - [process_upload_and_generate_updates] - [43ead7f4-d6c5-4640-a498-d752b0e33890] Chunk 'WindsurfUserSetup-x64-1.7.1.exe.zip.part_006' sent successfully to PRIMARY chat.
2025-04-26 14:06:17,069 - INFO - [process_upload_and_generate_updates] - [43ead7f4-d6c5-4640-a498-d752b0e33890] Successfully processed metadata for chunk 6 across all attempts.
2025-04-26 14:06:17,077 - INFO - [process_upload_and_generate_updates] - [43ead7f4-d6c5-4640-a498-d752b0e33890] Reading chunk 7 for COMPRESSED file starting at byte 125829120.
2025-04-26 14:06:17,096 - INFO - [process_upload_and_generate_updates] - [43ead7f4-d6c5-4640-a498-d752b0e33890] Read chunk 7 (10663812 bytes). Total read: 136492932/136492932
2025-04-26 14:06:17,096 - INFO - [process_upload_and_generate_updates] - [43ead7f4-d6c5-4640-a498-d752b0e33890] Attempting send chunk 'WindsurfUserSetup-x64-1.7.1.exe.zip.part_007' to chat ID: -4603853425
2025-04-26 14:06:17,096 - INFO - [send_file_to_telegram] - Sending file 'WindsurfUserSetup-x64-1.7.1.exe.zip.part_007' to Telegram chat ID: -4603853425
2025-04-26 14:06:23,413 - INFO - [send_file_to_telegram] - Telegram API success for 'WindsurfUserSetup-x64-1.7.1.exe.zip.part_007'.
2025-04-26 14:06:23,415 - INFO - [process_upload_and_generate_updates] - [43ead7f4-d6c5-4640-a498-d752b0e33890] Chunk 'WindsurfUserSetup-x64-1.7.1.exe.zip.part_007' sent successfully to PRIMARY chat.
2025-04-26 14:06:23,416 - INFO - [process_upload_and_generate_updates] - [43ead7f4-d6c5-4640-a498-d752b0e33890] Successfully processed metadata for chunk 7 across all attempts.
2025-04-26 14:06:23,416 - INFO - [process_upload_and_generate_updates] - [43ead7f4-d6c5-4640-a498-d752b0e33890] Reading chunk 8 for COMPRESSED file starting at byte 136492932.
2025-04-26 14:06:23,426 - INFO - [process_upload_and_generate_updates] - [43ead7f4-d6c5-4640-a498-d752b0e33890] Finished reading all chunks for compressed file.
2025-04-26 14:06:23,427 - INFO - [process_upload_and_generate_updates] - [43ead7f4-d6c5-4640-a498-d752b0e33890] All 7 chunks sent successfully to primary. Saving metadata.
2025-04-26 14:06:23,443 - INFO - [load_metadata] - Successfully loaded metadata from 'metadata.json'.
2025-04-26 14:06:23,453 - INFO - [save_metadata] - Successfully saved metadata to 'metadata.json'.
2025-04-26 14:06:23,453 - INFO - [process_upload_and_generate_updates] - [43ead7f4-d6c5-4640-a498-d752b0e33890] Generated landing page URL: http://127.0.0.1:5000/get/cdbf3273bb
2025-04-26 14:06:23,454 - INFO - [process_upload_and_generate_updates] - [43ead7f4-d6c5-4640-a498-d752b0e33890] Entering final cleanup.
2025-04-26 14:06:23,470 - INFO - [process_upload_and_generate_updates] - [43ead7f4-d6c5-4640-a498-d752b0e33890] Successfully deleted original temporary file: uploads_temp\43ead7f4-d6c5-4640-a498-d752b0e33890_WindsurfUserSetup-x64-1.7.1.exe
2025-04-26 14:06:23,488 - INFO - [process_upload_and_generate_updates] - [43ead7f4-d6c5-4640-a498-d752b0e33890] Successfully deleted temporary compressed file: E:\Telegram_tool\Telegram_Bot_Tool\uploads_temp\43ead7f4-d6c5-4640-a498-d752b0e33890_comp_nc4a504m.zip
2025-04-26 14:06:23,488 - INFO - [process_upload_and_generate_updates] - [43ead7f4-d6c5-4640-a498-d752b0e33890] Processing finished with status: completed
2025-04-26 14:06:32,434 - INFO - [get_file_by_access_id] - Received request for access_id: cdbf3273bb
2025-04-26 14:06:32,459 - INFO - [load_metadata] - Successfully loaded metadata from 'metadata.json'.
2025-04-26 14:06:32,460 - INFO - [get_file_by_access_id] - Found file 'WindsurfUserSetup-x64-1.7.1.exe'. Rendering download page.
2025-04-26 14:06:32,461 - INFO - [_log] - 127.0.0.1 - - [26/Apr/2025 14:06:32] "GET /get/cdbf3273bb HTTP/1.1" 200 -
2025-04-26 14:06:33,731 - INFO - [stream_download_by_access_id] - [b0e80fa4-2218-4594-8fdb-ccd0118e4a1d] SSE connection request for download prep using access_id: cdbf3273bb
2025-04-26 14:06:33,732 - INFO - [load_metadata] - Successfully loaded metadata from 'metadata.json'.
2025-04-26 14:06:33,733 - INFO - [_prepare_and_stream_download_generator] - [b0e80fa4-2218-4594-8fdb-ccd0118e4a1d] Download preparation generator started.
2025-04-26 14:06:33,734 - INFO - [_log] - 127.0.0.1 - - [26/Apr/2025 14:06:33] "GET /stream-download/cdbf3273bb HTTP/1.1" 200 -
2025-04-26 14:06:33,836 - INFO - [load_metadata] - Successfully loaded metadata from 'metadata.json'.
2025-04-26 14:06:33,837 - INFO - [_prepare_and_stream_download_generator] - [b0e80fa4-2218-4594-8fdb-ccd0118e4a1d] Found metadata for 'WindsurfUserSetup-x64-1.7.1.exe' (User: ELENA, Size: 136960592)
2025-04-26 14:06:34,039 - INFO - [_prepare_and_stream_download_generator] - [b0e80fa4-2218-4594-8fdb-ccd0118e4a1d] Preparing split file 'WindsurfUserSetup-x64-1.7.1.exe'.
2025-04-26 14:06:34,040 - INFO - [_prepare_and_stream_download_generator] - [b0e80fa4-2218-4594-8fdb-ccd0118e4a1d] Expecting 7 chunks, compressed size ~130.17 MB.
2025-04-26 14:06:34,044 - INFO - [download_telegram_file_content] - Attempting to get download URL for file_id: BQACAgUAAxkDAAID3WgMmsO51Q6XJEFqq9SWTwk4QeVtAALmFgACI41oVLDCzIMpCWgQNgQ
2025-04-26 14:06:37,928 - INFO - [download_telegram_file_content] - Obtained temporary download URL: https://api.telegram.org/file/bot7812479394:AAFrzOcHGKfc-1iOUbVEkptJkooaJrXHAxs/documents/file_446.part_001
2025-04-26 14:06:37,929 - INFO - [download_telegram_file_content] - Attempting to download content from: https://api.telegram.org/file/bot7812479394:AAFrzOcHGKfc-1iOUbVEkptJkooaJrXHAxs/documents/file_446.part_001
2025-04-26 14:06:42,947 - INFO - [download_telegram_file_content] - Successfully downloaded 20971520 bytes for file_id BQACAgUAAxkDAAID3WgMmsO51Q6XJEFqq9SWTwk4QeVtAALmFgACI41oVLDCzIMpCWgQNgQ.
2025-04-26 14:06:42,974 - INFO - [download_telegram_file_content] - Attempting to get download URL for file_id: BQACAgUAAxkDAAID3mgMmsu7rI44Ez1aZv2Z0EkkwLCfAALnFgACI41oVIdcUGvm9SDsNgQ
2025-04-26 14:06:45,664 - INFO - [download_telegram_file_content] - Obtained temporary download URL: https://api.telegram.org/file/bot7812479394:AAFrzOcHGKfc-1iOUbVEkptJkooaJrXHAxs/documents/file_447.part_002
2025-04-26 14:06:45,665 - INFO - [download_telegram_file_content] - Attempting to download content from: https://api.telegram.org/file/bot7812479394:AAFrzOcHGKfc-1iOUbVEkptJkooaJrXHAxs/documents/file_447.part_002
2025-04-26 14:06:50,980 - INFO - [download_telegram_file_content] - Successfully downloaded 20971520 bytes for file_id BQACAgUAAxkDAAID3mgMmsu7rI44Ez1aZv2Z0EkkwLCfAALnFgACI41oVIdcUGvm9SDsNgQ.
2025-04-26 14:06:51,008 - INFO - [download_telegram_file_content] - Attempting to get download URL for file_id: BQACAgUAAxkDAAID32gMmtVxMcaGTpq4TEIJheHIo0R-AALoFgACI41oVJXGOxPXCDtjNgQ
2025-04-26 14:06:53,693 - INFO - [download_telegram_file_content] - Obtained temporary download URL: https://api.telegram.org/file/bot7812479394:AAFrzOcHGKfc-1iOUbVEkptJkooaJrXHAxs/documents/file_448.part_003
2025-04-26 14:06:53,694 - INFO - [download_telegram_file_content] - Attempting to download content from: https://api.telegram.org/file/bot7812479394:AAFrzOcHGKfc-1iOUbVEkptJkooaJrXHAxs/documents/file_448.part_003
2025-04-26 14:06:58,739 - INFO - [download_telegram_file_content] - Successfully downloaded 20971520 bytes for file_id BQACAgUAAxkDAAID32gMmtVxMcaGTpq4TEIJheHIo0R-AALoFgACI41oVJXGOxPXCDtjNgQ.
2025-04-26 14:06:58,770 - INFO - [download_telegram_file_content] - Attempting to get download URL for file_id: BQACAgUAAxkDAAID4GgMmui9bIejzOytkH7CinOTq2QqAALqFgACI41oVEFvMi3zvj7ANgQ
2025-04-26 14:07:01,658 - INFO - [download_telegram_file_content] - Obtained temporary download URL: https://api.telegram.org/file/bot7812479394:AAFrzOcHGKfc-1iOUbVEkptJkooaJrXHAxs/documents/file_449.part_004
2025-04-26 14:07:01,659 - INFO - [download_telegram_file_content] - Attempting to download content from: https://api.telegram.org/file/bot7812479394:AAFrzOcHGKfc-1iOUbVEkptJkooaJrXHAxs/documents/file_449.part_004
2025-04-26 14:07:09,181 - INFO - [download_telegram_file_content] - Successfully downloaded 20971520 bytes for file_id BQACAgUAAxkDAAID4GgMmui9bIejzOytkH7CinOTq2QqAALqFgACI41oVEFvMi3zvj7ANgQ.
2025-04-26 14:07:09,212 - INFO - [download_telegram_file_content] - Attempting to get download URL for file_id: BQACAgUAAxkDAAID4WgMmvTz4p7ZTshxdwStSZq2bfZuAALrFgACI41oVHYRF28ynikHNgQ
2025-04-26 14:07:12,367 - INFO - [download_telegram_file_content] - Obtained temporary download URL: https://api.telegram.org/file/bot7812479394:AAFrzOcHGKfc-1iOUbVEkptJkooaJrXHAxs/documents/file_450.part_005
2025-04-26 14:07:12,368 - INFO - [download_telegram_file_content] - Attempting to download content from: https://api.telegram.org/file/bot7812479394:AAFrzOcHGKfc-1iOUbVEkptJkooaJrXHAxs/documents/file_450.part_005
2025-04-26 14:07:17,464 - INFO - [download_telegram_file_content] - Successfully downloaded 20971520 bytes for file_id BQACAgUAAxkDAAID4WgMmvTz4p7ZTshxdwStSZq2bfZuAALrFgACI41oVHYRF28ynikHNgQ.
2025-04-26 14:07:17,492 - INFO - [download_telegram_file_content] - Attempting to get download URL for file_id: BQACAgUAAxkDAAID4mgMmwAB99GrhfT6UuV5olo-Zk5lTAAC7BYAAiONaFQ26dEBEpQOZjYE
2025-04-26 14:07:20,074 - INFO - [download_telegram_file_content] - Obtained temporary download URL: https://api.telegram.org/file/bot7812479394:AAFrzOcHGKfc-1iOUbVEkptJkooaJrXHAxs/documents/file_451.part_006
2025-04-26 14:07:20,074 - INFO - [download_telegram_file_content] - Attempting to download content from: https://api.telegram.org/file/bot7812479394:AAFrzOcHGKfc-1iOUbVEkptJkooaJrXHAxs/documents/file_451.part_006
2025-04-26 14:07:24,961 - INFO - [download_telegram_file_content] - Successfully downloaded 20971520 bytes for file_id BQACAgUAAxkDAAID4mgMmwAB99GrhfT6UuV5olo-Zk5lTAAC7BYAAiONaFQ26dEBEpQOZjYE.
2025-04-26 14:07:24,988 - INFO - [download_telegram_file_content] - Attempting to get download URL for file_id: BQACAgUAAxkDAAID42gMmwZQyrLmSjBVsKTi7sUj_4WEAALtFgACI41oVG9pgtQCut3iNgQ
2025-04-26 14:07:26,666 - INFO - [download_telegram_file_content] - Obtained temporary download URL: https://api.telegram.org/file/bot7812479394:AAFrzOcHGKfc-1iOUbVEkptJkooaJrXHAxs/documents/file_452.part_007
2025-04-26 14:07:26,667 - INFO - [download_telegram_file_content] - Attempting to download content from: https://api.telegram.org/file/bot7812479394:AAFrzOcHGKfc-1iOUbVEkptJkooaJrXHAxs/documents/file_452.part_007
2025-04-26 14:07:40,633 - INFO - [download_telegram_file_content] - Successfully downloaded 10663812 bytes for file_id BQACAgUAAxkDAAID42gMmwZQyrLmSjBVsKTi7sUj_4WEAALtFgACI41oVG9pgtQCut3iNgQ.
2025-04-26 14:07:40,640 - INFO - [_prepare_and_stream_download_generator] - [b0e80fa4-2218-4594-8fdb-ccd0118e4a1d] Finished reassembling 7 chunks. Total bytes fetched: 136492932.
2025-04-26 14:07:40,641 - INFO - [_prepare_and_stream_download_generator] - [b0e80fa4-2218-4594-8fdb-ccd0118e4a1d] Decompressing reassembled file: E:\Telegram_tool\Telegram_Bot_Tool\uploads_temp\dl_reass_b0e80fa4-2218-4594-8fdb-ccd0118e4a1d_qvaer0ul.zip.tmp
2025-04-26 14:07:41,063 - INFO - [_prepare_and_stream_download_generator] - [b0e80fa4-2218-4594-8fdb-ccd0118e4a1d] Decompression finished in 0.42s.
2025-04-26 14:07:41,064 - INFO - [_prepare_and_stream_download_generator] - [b0e80fa4-2218-4594-8fdb-ccd0118e4a1d] Final prepared file: 'E:\Telegram_tool\Telegram_Bot_Tool\uploads_temp\dl_final_b0e80fa4-2218-4594-8fdb-ccd0118e4a1d_5yr3elmq.exe', Size: 136960592
2025-04-26 14:07:41,167 - INFO - [_prepare_and_stream_download_generator] - [b0e80fa4-2218-4594-8fdb-ccd0118e4a1d] Preparation complete. Sent 'ready' event.
2025-04-26 14:07:41,167 - INFO - [_prepare_and_stream_download_generator] - [b0e80fa4-2218-4594-8fdb-ccd0118e4a1d] Generator finished or errored. Cleaning up intermediate files.
2025-04-26 14:07:41,182 - INFO - [serve_temp_file] - Request to serve temporary download file for ID: b0e80fa4-2218-4594-8fdb-ccd0118e4a1d, Filename: WindsurfUserSetup-x64-1.7.1.exe
2025-04-26 14:07:41,184 - INFO - [serve_temp_file] - [b0e80fa4-2218-4594-8fdb-ccd0118e4a1d] Preparing streaming response for 'WindsurfUserSetup-x64-1.7.1.exe' from 'E:\Telegram_tool\Telegram_Bot_Tool\uploads_temp\dl_final_b0e80fa4-2218-4594-8fdb-ccd0118e4a1d_5yr3elmq.exe'
2025-04-26 14:07:41,191 - INFO - [_prepare_and_stream_download_generator] - [b0e80fa4-2218-4594-8fdb-ccd0118e4a1d] Cleaned up intermediate reassembled file: E:\Telegram_tool\Telegram_Bot_Tool\uploads_temp\dl_reass_b0e80fa4-2218-4594-8fdb-ccd0118e4a1d_qvaer0ul.zip.tmp
2025-04-26 14:07:41,192 - INFO - [_prepare_and_stream_download_generator] - [b0e80fa4-2218-4594-8fdb-ccd0118e4a1d] Generator task ended.
2025-04-26 14:07:42,519 - INFO - [_log] - 127.0.0.1 - - [26/Apr/2025 14:07:42] "GET /serve-temp-file/b0e80fa4-2218-4594-8fdb-ccd0118e4a1d/WindsurfUserSetup-x64-1.7.1.exe HTTP/1.1" 200 -
2025-04-26 14:07:43,229 - INFO - [generate_and_cleanup] - [b0e80fa4-2218-4594-8fdb-ccd0118e4a1d] Finished streaming file: E:\Telegram_tool\Telegram_Bot_Tool\uploads_temp\dl_final_b0e80fa4-2218-4594-8fdb-ccd0118e4a1d_5yr3elmq.exe
2025-04-26 14:07:43,230 - INFO - [generate_and_cleanup] - [b0e80fa4-2218-4594-8fdb-ccd0118e4a1d] Cleaning up final temp file post-streaming: E:\Telegram_tool\Telegram_Bot_Tool\uploads_temp\dl_final_b0e80fa4-2218-4594-8fdb-ccd0118e4a1d_5yr3elmq.exe
2025-04-26 14:07:43,437 - INFO - [generate_and_cleanup] - [b0e80fa4-2218-4594-8fdb-ccd0118e4a1d] Successfully deleted final temp file: E:\Telegram_tool\Telegram_Bot_Tool\uploads_temp\dl_final_b0e80fa4-2218-4594-8fdb-ccd0118e4a1d_5yr3elmq.exe
2025-04-26 14:07:57,014 - INFO - [list_user_files] - Request received to list files for user: 'ELENA'
2025-04-26 14:07:57,016 - INFO - [load_metadata] - Successfully loaded metadata from 'metadata.json'.
2025-04-26 14:07:57,016 - INFO - [list_user_files] - Found 1 file records for user 'ELENA'.
2025-04-26 14:07:57,017 - INFO - [_log] - 127.0.0.1 - - [26/Apr/2025 14:07:57] "GET /files/ELENA HTTP/1.1" 200 -
2025-04-26 14:07:59,216 - INFO - [prepare_download_stream] - [44aaf375-0e7b-4fac-8278-062aa359e2eb] SSE connection request for download prep: User='ELENA', File='WindsurfUserSetup-x64-1.7.1.exe'
2025-04-26 14:07:59,216 - INFO - [_prepare_download_and_generate_updates] - [44aaf375-0e7b-4fac-8278-062aa359e2eb] Starting download preparation generator for user 'ELENA', file 'WindsurfUserSetup-x64-1.7.1.exe'...
2025-04-26 14:07:59,217 - INFO - [_log] - 127.0.0.1 - - [26/Apr/2025 14:07:59] "GET /prepare-download/ELENA/WindsurfUserSetup-x64-1.7.1.exe HTTP/1.1" 200 -
2025-04-26 14:07:59,421 - INFO - [load_metadata] - Successfully loaded metadata from 'metadata.json'.
2025-04-26 14:07:59,423 - INFO - [_prepare_download_and_generate_updates] - [44aaf375-0e7b-4fac-8278-062aa359e2eb] Prep SPLIT download for 'WindsurfUserSetup-x64-1.7.1.exe'
2025-04-26 14:07:59,426 - INFO - [download_telegram_file_content] - Attempting to get download URL for file_id: BQACAgUAAxkDAAID3WgMmsO51Q6XJEFqq9SWTwk4QeVtAALmFgACI41oVLDCzIMpCWgQNgQ
2025-04-26 14:08:00,038 - INFO - [download_telegram_file_content] - Obtained temporary download URL: https://api.telegram.org/file/bot7812479394:AAFrzOcHGKfc-1iOUbVEkptJkooaJrXHAxs/documents/file_446.part_001
2025-04-26 14:08:00,039 - INFO - [download_telegram_file_content] - Attempting to download content from: https://api.telegram.org/file/bot7812479394:AAFrzOcHGKfc-1iOUbVEkptJkooaJrXHAxs/documents/file_446.part_001
2025-04-26 14:08:05,120 - INFO - [download_telegram_file_content] - Successfully downloaded 20971520 bytes for file_id BQACAgUAAxkDAAID3WgMmsO51Q6XJEFqq9SWTwk4QeVtAALmFgACI41oVLDCzIMpCWgQNgQ.
2025-04-26 14:08:05,146 - INFO - [download_telegram_file_content] - Attempting to get download URL for file_id: BQACAgUAAxkDAAID3mgMmsu7rI44Ez1aZv2Z0EkkwLCfAALnFgACI41oVIdcUGvm9SDsNgQ
2025-04-26 14:08:05,660 - INFO - [download_telegram_file_content] - Obtained temporary download URL: https://api.telegram.org/file/bot7812479394:AAFrzOcHGKfc-1iOUbVEkptJkooaJrXHAxs/documents/file_447.part_002
2025-04-26 14:08:05,660 - INFO - [download_telegram_file_content] - Attempting to download content from: https://api.telegram.org/file/bot7812479394:AAFrzOcHGKfc-1iOUbVEkptJkooaJrXHAxs/documents/file_447.part_002
2025-04-26 14:08:10,521 - INFO - [download_telegram_file_content] - Successfully downloaded 20971520 bytes for file_id BQACAgUAAxkDAAID3mgMmsu7rI44Ez1aZv2Z0EkkwLCfAALnFgACI41oVIdcUGvm9SDsNgQ.
2025-04-26 14:08:10,554 - INFO - [download_telegram_file_content] - Attempting to get download URL for file_id: BQACAgUAAxkDAAID32gMmtVxMcaGTpq4TEIJheHIo0R-AALoFgACI41oVJXGOxPXCDtjNgQ
2025-04-26 14:08:11,040 - INFO - [download_telegram_file_content] - Obtained temporary download URL: https://api.telegram.org/file/bot7812479394:AAFrzOcHGKfc-1iOUbVEkptJkooaJrXHAxs/documents/file_448.part_003
2025-04-26 14:08:11,040 - INFO - [download_telegram_file_content] - Attempting to download content from: https://api.telegram.org/file/bot7812479394:AAFrzOcHGKfc-1iOUbVEkptJkooaJrXHAxs/documents/file_448.part_003
2025-04-26 14:08:16,065 - INFO - [download_telegram_file_content] - Successfully downloaded 20971520 bytes for file_id BQACAgUAAxkDAAID32gMmtVxMcaGTpq4TEIJheHIo0R-AALoFgACI41oVJXGOxPXCDtjNgQ.
2025-04-26 14:08:16,094 - INFO - [download_telegram_file_content] - Attempting to get download URL for file_id: BQACAgUAAxkDAAID4GgMmui9bIejzOytkH7CinOTq2QqAALqFgACI41oVEFvMi3zvj7ANgQ
2025-04-26 14:08:16,677 - INFO - [download_telegram_file_content] - Obtained temporary download URL: https://api.telegram.org/file/bot7812479394:AAFrzOcHGKfc-1iOUbVEkptJkooaJrXHAxs/documents/file_449.part_004
2025-04-26 14:08:16,678 - INFO - [download_telegram_file_content] - Attempting to download content from: https://api.telegram.org/file/bot7812479394:AAFrzOcHGKfc-1iOUbVEkptJkooaJrXHAxs/documents/file_449.part_004
2025-04-26 14:08:23,336 - INFO - [list_user_files] - Request received to list files for user: 'ELENA'
2025-04-26 14:08:23,338 - INFO - [load_metadata] - Successfully loaded metadata from 'metadata.json'.
2025-04-26 14:08:23,339 - INFO - [list_user_files] - Found 1 file records for user 'ELENA'.
2025-04-26 14:08:23,340 - INFO - [_log] - 127.0.0.1 - - [26/Apr/2025 14:08:23] "GET /files/ELENA HTTP/1.1" 200 -
2025-04-26 14:08:24,829 - INFO - [list_user_files] - Request received to list files for user: 'ELENA'
2025-04-26 14:08:24,831 - INFO - [load_metadata] - Successfully loaded metadata from 'metadata.json'.
2025-04-26 14:08:24,833 - INFO - [list_user_files] - Found 1 file records for user 'ELENA'.
2025-04-26 14:08:24,834 - INFO - [_log] - 127.0.0.1 - - [26/Apr/2025 14:08:24] "GET /files/ELENA HTTP/1.1" 200 -
2025-04-26 14:08:28,723 - INFO - [delete_file_record] - Received DELETE request for user='ELENA', file='WindsurfUserSetup-x64-1.7.1.exe'
2025-04-26 14:08:28,724 - INFO - [load_metadata] - Successfully loaded metadata from 'metadata.json'.
2025-04-26 14:08:28,725 - INFO - [delete_file_record] - Found and removed record for 'WindsurfUserSetup-x64-1.7.1.exe' for user 'ELENA'.
2025-04-26 14:08:28,726 - INFO - [delete_file_record] - User 'ELENA' has no files left. Removing user entry from metadata.
2025-04-26 14:08:28,739 - INFO - [save_metadata] - Successfully saved metadata to 'metadata.json'.
2025-04-26 14:08:28,740 - INFO - [delete_file_record] - Successfully saved updated metadata after deleting 'WindsurfUserSetup-x64-1.7.1.exe'.
2025-04-26 14:08:28,740 - INFO - [_log] - 127.0.0.1 - - [26/Apr/2025 14:08:28] "DELETE /delete-file/ELENA/WindsurfUserSetup-x64-1.7.1.exe HTTP/1.1" 200 -
2025-04-26 14:08:37,892 - INFO - [list_user_files] - Request received to list files for user: 'ELENA'
2025-04-26 14:08:37,907 - INFO - [load_metadata] - Successfully loaded metadata from 'metadata.json'.
2025-04-26 14:08:37,907 - INFO - [list_user_files] - No files found in metadata for user: 'ELENA'
2025-04-26 14:08:37,908 - INFO - [_log] - 127.0.0.1 - - [26/Apr/2025 14:08:37] "GET /files/ELENA HTTP/1.1" 200 -
2025-04-26 14:08:38,693 - INFO - [list_user_files] - Request received to list files for user: 'ELENA'
2025-04-26 14:08:38,695 - INFO - [load_metadata] - Successfully loaded metadata from 'metadata.json'.
2025-04-26 14:08:38,695 - INFO - [list_user_files] - No files found in metadata for user: 'ELENA'
2025-04-26 14:08:38,695 - INFO - [_log] - 127.0.0.1 - - [26/Apr/2025 14:08:38] "GET /files/ELENA HTTP/1.1" 200 -
2025-04-26 14:08:39,227 - INFO - [list_user_files] - Request received to list files for user: 'ELENA'
2025-04-26 14:08:39,229 - INFO - [load_metadata] - Successfully loaded metadata from 'metadata.json'.
2025-04-26 14:08:39,229 - INFO - [list_user_files] - No files found in metadata for user: 'ELENA'
2025-04-26 14:08:39,230 - INFO - [_log] - 127.0.0.1 - - [26/Apr/2025 14:08:39] "GET /files/ELENA HTTP/1.1" 200 -
2025-04-26 14:08:39,449 - INFO - [list_user_files] - Request received to list files for user: 'ELENA'
2025-04-26 14:08:39,452 - INFO - [load_metadata] - Successfully loaded metadata from 'metadata.json'.
2025-04-26 14:08:39,452 - INFO - [list_user_files] - No files found in metadata for user: 'ELENA'
2025-04-26 14:08:39,453 - INFO - [_log] - 127.0.0.1 - - [26/Apr/2025 14:08:39] "GET /files/ELENA HTTP/1.1" 200 -
2025-04-26 14:08:39,609 - INFO - [list_user_files] - Request received to list files for user: 'ELENA'
2025-04-26 14:08:39,611 - INFO - [load_metadata] - Successfully loaded metadata from 'metadata.json'.
2025-04-26 14:08:39,611 - INFO - [list_user_files] - No files found in metadata for user: 'ELENA'
2025-04-26 14:08:39,612 - INFO - [_log] - 127.0.0.1 - - [26/Apr/2025 14:08:39] "GET /files/ELENA HTTP/1.1" 200 -
2025-04-26 14:08:44,493 - INFO - [index] - Serving index page.
2025-04-26 14:08:44,494 - INFO - [_log] - 127.0.0.1 - - [26/Apr/2025 14:08:44] "GET / HTTP/1.1" 200 -
2025-04-26 14:08:44,510 - INFO - [_log] - 127.0.0.1 - - [26/Apr/2025 14:08:44] "[33mGET /static/style.css HTTP/1.1[0m" 404 -
2025-04-26 14:08:50,630 - INFO - [download_telegram_file_content] - Successfully downloaded 20971520 bytes for file_id BQACAgUAAxkDAAID4GgMmui9bIejzOytkH7CinOTq2QqAALqFgACI41oVEFvMi3zvj7ANgQ.
2025-04-26 14:08:50,664 - INFO - [_prepare_download_and_generate_updates] - [44aaf375-0e7b-4fac-8278-062aa359e2eb] Generator finished or errored. Cleaning up intermediate files.
2025-04-26 14:08:50,665 - INFO - [_prepare_download_and_generate_updates] - [44aaf375-0e7b-4fac-8278-062aa359e2eb] Cleaning up intermediate reassembled file: E:\Telegram_tool\Telegram_Bot_Tool\uploads_temp\dl_reass_44aaf375-0e7b-4fac-8278-062aa359e2eb__z9_ezof.zip.tmp
2025-04-26 14:08:50,677 - INFO - [_prepare_download_and_generate_updates] - [44aaf375-0e7b-4fac-8278-062aa359e2eb] Generator task ended.
2025-04-26 14:09:17,705 - INFO - [_log] -  * Detected change in 'E:\\Telegram_tool\\Telegram_Bot_Tool\\Telegram_app.py', reloading
