2025-05-01 10:13:18,437 - INFO - [MainThread] [<module>] - ============================================================
2025-05-01 10:13:18,437 - INFO - [MainThread] [<module>] - Logging configured. Level: INFO. Log file: Selenium-Logs\app_20250501_101318.log
2025-05-01 10:13:18,438 - INFO - [MainThread] [<module>] - Primary Chat ID: -4603853425
2025-05-01 10:13:18,438 - INFO - [MainThread] [<module>] - All Target Chat IDs: ['-4603853425']
2025-05-01 10:13:18,438 - WARNING - [MainThread] [format_bytes] - Error formatting bytes (20971520): name 'math' is not defined
2025-05-01 10:13:18,439 - INFO - [MainThread] [<module>] - Chunk Size: 20971520 B (20971520 bytes)
2025-05-01 10:13:18,439 - INFO - [MainThread] [<module>] - API Timeouts (Connect/Read): 10s / 60s
2025-05-01 10:13:18,440 - INFO - [MainThread] [<module>] - API Retries: 3 attempts, 2s delay
2025-05-01 10:13:18,440 - INFO - [MainThread] [<module>] - Max Upload Workers: 3
2025-05-01 10:13:18,440 - INFO - [MainThread] [<module>] - Max Download Workers: 12
2025-05-01 10:13:18,441 - INFO - [MainThread] [<module>] - ============================================================
2025-05-01 10:13:18,441 - INFO - [MainThread] [<module>] - Configuration loaded successfully.
2025-05-01 10:13:18,442 - INFO - [MainThread] [<module>] - Custom Jinja filter 'format_bytes' registered.
2025-05-01 10:13:18,442 - INFO - [MainThread] [<module>] - Flask-CORS initialized. Allowing origins: http://localhost:4200
2025-05-01 10:13:18,443 - INFO - [MainThread] [<module>] - Flask application initialized.
2025-05-01 10:13:18,443 - INFO - [MainThread] [<module>] - Global state variables initialized (upload_progress_data, download_prep_data).
2025-05-01 10:13:18,445 - INFO - [MainThread] [<module>] - Custom Jinja filter 'format_bytes' registered.
2025-05-01 10:13:18,446 - INFO - [MainThread] [<module>] - Flask-CORS initialized. Allowing origins: http://localhost:4200
2025-05-01 10:13:18,447 - INFO - [MainThread] [<module>] - Flask application initialized.
2025-05-01 10:13:18,447 - INFO - [MainThread] [<module>] - Global state variables initialized (upload_progress_data, download_prep_data).
2025-05-01 10:13:18,629 - INFO - [MainThread] [<module>] - Database module initialized.
2025-05-01 10:13:19,075 - INFO - [MainThread] [<module>] - Initialized requests.Session for Telegram API calls.
2025-05-01 10:13:19,075 - INFO - [MainThread] [<module>] - Telegram API functions defined with Session and Retries.
2025-05-01 10:13:19,080 - INFO - [MainThread] [<module>] - Flask routes defined using configurable workers and linter fixes.
2025-05-01 10:13:19,081 - INFO - [MainThread] [<module>] - Starting Flask development server...
2025-05-01 10:13:19,103 - WARNING - [MainThread] [_log] -  * Debugger is active!
2025-05-01 10:13:19,111 - INFO - [MainThread] [_log] -  * Debugger PIN: 107-410-311
2025-05-01 10:13:27,454 - INFO - [Thread-3 (process_request_thread)] [index] - Serving index page.
2025-05-01 10:13:27,487 - INFO - [Thread-3 (process_request_thread)] [_log] - 127.0.0.1 - - [01/May/2025 10:13:27] "GET / HTTP/1.1" 200 -
2025-05-01 10:14:06,692 - INFO - [Thread-2 (process_request_thread)] [initiate_upload] - Request initiate upload.
2025-05-01 10:14:07,792 - INFO - [Thread-2 (process_request_thread)] [initiate_upload] - [3dc65396-56b9-4034-8545-6886c14cf4a2] Temp storage: uploads_temp\3dc65396-56b9-4034-8545-6886c14cf4a2_WindsurfUserSetup-x64-1.7.1 (1).exe
2025-05-01 10:14:07,985 - INFO - [Thread-2 (process_request_thread)] [initiate_upload] - [3dc65396-56b9-4034-8545-6886c14cf4a2] Temp saved: 'WindsurfUserSetup-x64-1.7.1 (1).exe'.
2025-05-01 10:14:07,997 - INFO - [Thread-2 (process_request_thread)] [_log] - 127.0.0.1 - - [01/May/2025 10:14:07] "POST /initiate-upload HTTP/1.1" 200 -
2025-05-01 10:14:08,007 - INFO - [Thread-4 (process_request_thread)] [stream_progress] - SSE connect request for upload_id: 3dc65396-56b9-4034-8545-6886c14cf4a2
2025-05-01 10:14:08,007 - INFO - [Thread-4 (process_request_thread)] [process_upload_and_generate_updates] - [3dc65396-56b9-4034-8545-6886c14cf4a2] Starting processing generator...
2025-05-01 10:14:08,008 - INFO - [Thread-4 (process_request_thread)] [process_upload_and_generate_updates] - [3dc65396-56b9-4034-8545-6886c14cf4a2] Processing: User='Oreo', File='WindsurfUserSetup-x64-1.7.1 (1).exe'
2025-05-01 10:14:08,008 - INFO - [Thread-4 (process_request_thread)] [_log] - 127.0.0.1 - - [01/May/2025 10:14:08] "GET /stream-progress/3dc65396-56b9-4034-8545-6886c14cf4a2 HTTP/1.1" 200 -
2025-05-01 10:14:08,009 - INFO - [Thread-4 (process_request_thread)] [process_upload_and_generate_updates] - [3dc65396-56b9-4034-8545-6886c14cf4a2] Access ID: 96e20f95f7
2025-05-01 10:14:08,009 - INFO - [Thread-4 (process_request_thread)] [process_upload_and_generate_updates] - [3dc65396-56b9-4034-8545-6886c14cf4a2] Large file workflow.
2025-05-01 10:14:13,370 - INFO - [Thread-4 (process_request_thread)] [process_upload_and_generate_updates] - [3dc65396-56b9-4034-8545-6886c14cf4a2] Compressed to 136492940 bytes in 5.36s.
2025-05-01 10:14:13,407 - INFO - [Thread-4 (process_request_thread)] [process_upload_and_generate_updates] - [3dc65396-56b9-4034-8545-6886c14cf4a2] Read chunk 1 (20971520 bytes). Name: 'WindsurfUserSetup-x64-1.7.1 (1).zip.part_001'
2025-05-01 10:14:13,407 - INFO - [Thread-4 (process_request_thread)] [_send_chunk_task] - [3dc65396-56b9-4034-8545-6886c14cf4a2] T> Sending chunk 1 ('WindsurfUserSetup-x64-1.7.1 (1).zip.part_001') to -4603853425
2025-05-01 10:14:13,408 - INFO - [Thread-4 (process_request_thread)] [send_file_to_telegram] - [ChatID -4603853425, File 'WindsurfUserSetup-x64-1.7.1 (1).zip.part_001'] Attempting send.
2025-05-01 10:14:24,715 - INFO - [Thread-4 (process_request_thread)] [send_file_to_telegram] - [ChatID -4603853425, File 'WindsurfUserSetup-x64-1.7.1 (1).zip.part_001'] API success (Attempt 1).
2025-05-01 10:14:24,717 - INFO - [Thread-4 (process_request_thread)] [_send_chunk_task] - [3dc65396-56b9-4034-8545-6886c14cf4a2] T> Sent chunk 1 to -4603853425. Success: True
2025-05-01 10:14:24,733 - INFO - [Thread-4 (process_request_thread)] [process_upload_and_generate_updates] - [3dc65396-56b9-4034-8545-6886c14cf4a2] Read chunk 2 (20971520 bytes). Name: 'WindsurfUserSetup-x64-1.7.1 (1).zip.part_002'
2025-05-01 10:14:24,734 - INFO - [Thread-4 (process_request_thread)] [_send_chunk_task] - [3dc65396-56b9-4034-8545-6886c14cf4a2] T> Sending chunk 2 ('WindsurfUserSetup-x64-1.7.1 (1).zip.part_002') to -4603853425
2025-05-01 10:14:24,735 - INFO - [Thread-4 (process_request_thread)] [send_file_to_telegram] - [ChatID -4603853425, File 'WindsurfUserSetup-x64-1.7.1 (1).zip.part_002'] Attempting send.
2025-05-01 10:14:34,675 - INFO - [Thread-4 (process_request_thread)] [send_file_to_telegram] - [ChatID -4603853425, File 'WindsurfUserSetup-x64-1.7.1 (1).zip.part_002'] API success (Attempt 1).
2025-05-01 10:14:34,680 - INFO - [Thread-4 (process_request_thread)] [_send_chunk_task] - [3dc65396-56b9-4034-8545-6886c14cf4a2] T> Sent chunk 2 to -4603853425. Success: True
2025-05-01 10:14:34,703 - INFO - [Thread-4 (process_request_thread)] [process_upload_and_generate_updates] - [3dc65396-56b9-4034-8545-6886c14cf4a2] Read chunk 3 (20971520 bytes). Name: 'WindsurfUserSetup-x64-1.7.1 (1).zip.part_003'
2025-05-01 10:14:34,704 - INFO - [Thread-4 (process_request_thread)] [_send_chunk_task] - [3dc65396-56b9-4034-8545-6886c14cf4a2] T> Sending chunk 3 ('WindsurfUserSetup-x64-1.7.1 (1).zip.part_003') to -4603853425
2025-05-01 10:14:34,704 - INFO - [Thread-4 (process_request_thread)] [send_file_to_telegram] - [ChatID -4603853425, File 'WindsurfUserSetup-x64-1.7.1 (1).zip.part_003'] Attempting send.
2025-05-01 10:14:44,933 - INFO - [Thread-5 (process_request_thread)] [list_user_files] - List files request for: 'ELENA'
2025-05-01 10:14:44,934 - INFO - [Thread-5 (process_request_thread)] [list_user_files] - Fetching files for user 'ELENA' from DB...
2025-05-01 10:14:44,936 - INFO - [Thread-5 (process_request_thread)] [_connect_to_db] - Attempting to connect to MongoDB Atlas host: telegrambot.6armfs2.mongodb.net...
2025-05-01 10:14:46,179 - INFO - [Thread-5 (process_request_thread)] [_connect_to_db] - ✅ Successfully connected and pinged MongoDB Atlas!
2025-05-01 10:14:46,180 - INFO - [Thread-5 (process_request_thread)] [get_db] - Accessed database: Telegrambot
2025-05-01 10:14:46,181 - INFO - [Thread-5 (process_request_thread)] [get_metadata_collection] - Accessed collection: file_metadata
2025-05-01 10:14:46,202 - INFO - [Thread-5 (process_request_thread)] [find_metadata_by_username] - Found 1 metadata records for username: ELENA
2025-05-01 10:14:46,204 - INFO - [Thread-5 (process_request_thread)] [list_user_files] - Found 1 records for 'ELENA'.
2025-05-01 10:14:46,306 - INFO - [Thread-5 (process_request_thread)] [_log] - 127.0.0.1 - - [01/May/2025 10:14:46] "[35m[1mGET /files/ELENA HTTP/1.1[0m" 500 -
2025-05-01 10:14:46,534 - INFO - [Thread-4 (process_request_thread)] [send_file_to_telegram] - [ChatID -4603853425, File 'WindsurfUserSetup-x64-1.7.1 (1).zip.part_003'] API success (Attempt 1).
2025-05-01 10:14:46,539 - INFO - [Thread-4 (process_request_thread)] [_send_chunk_task] - [3dc65396-56b9-4034-8545-6886c14cf4a2] T> Sent chunk 3 to -4603853425. Success: True
2025-05-01 10:14:46,559 - INFO - [Thread-4 (process_request_thread)] [process_upload_and_generate_updates] - [3dc65396-56b9-4034-8545-6886c14cf4a2] Read chunk 4 (20971520 bytes). Name: 'WindsurfUserSetup-x64-1.7.1 (1).zip.part_004'
2025-05-01 10:14:46,561 - INFO - [Thread-4 (process_request_thread)] [_send_chunk_task] - [3dc65396-56b9-4034-8545-6886c14cf4a2] T> Sending chunk 4 ('WindsurfUserSetup-x64-1.7.1 (1).zip.part_004') to -4603853425
2025-05-01 10:14:46,562 - INFO - [Thread-4 (process_request_thread)] [send_file_to_telegram] - [ChatID -4603853425, File 'WindsurfUserSetup-x64-1.7.1 (1).zip.part_004'] Attempting send.
2025-05-01 10:14:58,799 - INFO - [Thread-4 (process_request_thread)] [send_file_to_telegram] - [ChatID -4603853425, File 'WindsurfUserSetup-x64-1.7.1 (1).zip.part_004'] API success (Attempt 1).
2025-05-01 10:14:58,805 - INFO - [Thread-4 (process_request_thread)] [_send_chunk_task] - [3dc65396-56b9-4034-8545-6886c14cf4a2] T> Sent chunk 4 to -4603853425. Success: True
2025-05-01 10:14:58,822 - INFO - [Thread-4 (process_request_thread)] [process_upload_and_generate_updates] - [3dc65396-56b9-4034-8545-6886c14cf4a2] Read chunk 5 (20971520 bytes). Name: 'WindsurfUserSetup-x64-1.7.1 (1).zip.part_005'
2025-05-01 10:14:58,823 - INFO - [Thread-4 (process_request_thread)] [_send_chunk_task] - [3dc65396-56b9-4034-8545-6886c14cf4a2] T> Sending chunk 5 ('WindsurfUserSetup-x64-1.7.1 (1).zip.part_005') to -4603853425
2025-05-01 10:14:58,823 - INFO - [Thread-4 (process_request_thread)] [send_file_to_telegram] - [ChatID -4603853425, File 'WindsurfUserSetup-x64-1.7.1 (1).zip.part_005'] Attempting send.
2025-05-01 10:15:09,862 - INFO - [Thread-4 (process_request_thread)] [send_file_to_telegram] - [ChatID -4603853425, File 'WindsurfUserSetup-x64-1.7.1 (1).zip.part_005'] API success (Attempt 1).
2025-05-01 10:15:09,866 - INFO - [Thread-4 (process_request_thread)] [_send_chunk_task] - [3dc65396-56b9-4034-8545-6886c14cf4a2] T> Sent chunk 5 to -4603853425. Success: True
2025-05-01 10:15:09,887 - INFO - [Thread-4 (process_request_thread)] [process_upload_and_generate_updates] - [3dc65396-56b9-4034-8545-6886c14cf4a2] Read chunk 6 (20971520 bytes). Name: 'WindsurfUserSetup-x64-1.7.1 (1).zip.part_006'
2025-05-01 10:15:09,889 - INFO - [Thread-4 (process_request_thread)] [_send_chunk_task] - [3dc65396-56b9-4034-8545-6886c14cf4a2] T> Sending chunk 6 ('WindsurfUserSetup-x64-1.7.1 (1).zip.part_006') to -4603853425
2025-05-01 10:15:09,889 - INFO - [Thread-4 (process_request_thread)] [send_file_to_telegram] - [ChatID -4603853425, File 'WindsurfUserSetup-x64-1.7.1 (1).zip.part_006'] Attempting send.
2025-05-01 10:15:20,974 - INFO - [Thread-4 (process_request_thread)] [send_file_to_telegram] - [ChatID -4603853425, File 'WindsurfUserSetup-x64-1.7.1 (1).zip.part_006'] API success (Attempt 1).
2025-05-01 10:15:20,979 - INFO - [Thread-4 (process_request_thread)] [_send_chunk_task] - [3dc65396-56b9-4034-8545-6886c14cf4a2] T> Sent chunk 6 to -4603853425. Success: True
2025-05-01 10:15:20,996 - INFO - [Thread-4 (process_request_thread)] [process_upload_and_generate_updates] - [3dc65396-56b9-4034-8545-6886c14cf4a2] Read chunk 7 (10663820 bytes). Name: 'WindsurfUserSetup-x64-1.7.1 (1).zip.part_007'
2025-05-01 10:15:20,997 - INFO - [Thread-4 (process_request_thread)] [_send_chunk_task] - [3dc65396-56b9-4034-8545-6886c14cf4a2] T> Sending chunk 7 ('WindsurfUserSetup-x64-1.7.1 (1).zip.part_007') to -4603853425
2025-05-01 10:15:20,998 - INFO - [Thread-4 (process_request_thread)] [send_file_to_telegram] - [ChatID -4603853425, File 'WindsurfUserSetup-x64-1.7.1 (1).zip.part_007'] Attempting send.
2025-05-01 10:15:26,920 - INFO - [Thread-4 (process_request_thread)] [send_file_to_telegram] - [ChatID -4603853425, File 'WindsurfUserSetup-x64-1.7.1 (1).zip.part_007'] API success (Attempt 1).
2025-05-01 10:15:26,923 - INFO - [Thread-4 (process_request_thread)] [_send_chunk_task] - [3dc65396-56b9-4034-8545-6886c14cf4a2] T> Sent chunk 7 to -4603853425. Success: True
2025-05-01 10:15:26,930 - INFO - [Thread-4 (process_request_thread)] [process_upload_and_generate_updates] - [3dc65396-56b9-4034-8545-6886c14cf4a2] EOF reached.
2025-05-01 10:15:26,931 - INFO - [Thread-4 (process_request_thread)] [process_upload_and_generate_updates] - [3dc65396-56b9-4034-8545-6886c14cf4a2] Finished chunk loop.
2025-05-01 10:15:26,931 - INFO - [Thread-4 (process_request_thread)] [process_upload_and_generate_updates] - [3dc65396-56b9-4034-8545-6886c14cf4a2] All 7 chunks OK. Saving meta.
2025-05-01 10:15:26,932 - INFO - [Thread-4 (process_request_thread)] [process_upload_and_generate_updates] - [3dc65396-56b9-4034-8545-6886c14cf4a2] Attempting to save chunked metadata to DB...
2025-05-01 10:15:26,968 - INFO - [Thread-4 (process_request_thread)] [save_file_metadata] - Successfully inserted metadata for access_id: 96e20f95f7
2025-05-01 10:15:26,968 - INFO - [Thread-4 (process_request_thread)] [process_upload_and_generate_updates] - [3dc65396-56b9-4034-8545-6886c14cf4a2] Chunked metadata successfully saved to DB. Msg: Metadata inserted (ID: 6812fc671969d4a304aeb1f8).
2025-05-01 10:15:26,981 - INFO - [Thread-4 (process_request_thread)] [_safe_remove_file] - [3dc65396-56b9-4034-8545-6886c14cf4a2] Cleaned up large compressed temp: E:\Telegram_tool\Telegram_Bot_Tool\uploads_temp\3dc65396-56b9-4034-8545-6886c14cf4a2_comp_0jva3ues.zip
2025-05-01 10:15:26,982 - INFO - [Thread-4 (process_request_thread)] [process_upload_and_generate_updates] - [3dc65396-56b9-4034-8545-6886c14cf4a2] Upload generator cleanup.
2025-05-01 10:15:26,992 - INFO - [Thread-4 (process_request_thread)] [_safe_remove_file] - [3dc65396-56b9-4034-8545-6886c14cf4a2] Cleaned up original temp: uploads_temp\3dc65396-56b9-4034-8545-6886c14cf4a2_WindsurfUserSetup-x64-1.7.1 (1).exe
2025-05-01 10:15:26,993 - INFO - [Thread-4 (process_request_thread)] [process_upload_and_generate_updates] - [3dc65396-56b9-4034-8545-6886c14cf4a2] Upload generator finished. Status: completed
2025-05-01 10:15:37,156 - INFO - [Thread-6 (process_request_thread)] [list_user_files] - List files request for: 'Oreo'
2025-05-01 10:15:37,157 - INFO - [Thread-6 (process_request_thread)] [list_user_files] - Fetching files for user 'Oreo' from DB...
2025-05-01 10:15:37,178 - INFO - [Thread-6 (process_request_thread)] [find_metadata_by_username] - Found 1 metadata records for username: Oreo
2025-05-01 10:15:37,179 - INFO - [Thread-6 (process_request_thread)] [list_user_files] - Found 1 records for 'Oreo'.
2025-05-01 10:15:37,190 - INFO - [Thread-6 (process_request_thread)] [_log] - 127.0.0.1 - - [01/May/2025 10:15:37] "[35m[1mGET /files/Oreo HTTP/1.1[0m" 500 -
2025-05-01 10:15:38,269 - INFO - [Thread-7 (process_request_thread)] [list_user_files] - List files request for: 'Oreo'
2025-05-01 10:15:38,271 - INFO - [Thread-7 (process_request_thread)] [list_user_files] - Fetching files for user 'Oreo' from DB...
2025-05-01 10:15:38,294 - INFO - [Thread-7 (process_request_thread)] [find_metadata_by_username] - Found 1 metadata records for username: Oreo
2025-05-01 10:15:38,295 - INFO - [Thread-7 (process_request_thread)] [list_user_files] - Found 1 records for 'Oreo'.
2025-05-01 10:15:38,304 - INFO - [Thread-7 (process_request_thread)] [_log] - 127.0.0.1 - - [01/May/2025 10:15:38] "[35m[1mGET /files/Oreo HTTP/1.1[0m" 500 -
2025-05-01 10:15:38,465 - INFO - [Thread-8 (process_request_thread)] [list_user_files] - List files request for: 'Oreo'
2025-05-01 10:15:38,466 - INFO - [Thread-8 (process_request_thread)] [list_user_files] - Fetching files for user 'Oreo' from DB...
2025-05-01 10:15:38,488 - INFO - [Thread-8 (process_request_thread)] [find_metadata_by_username] - Found 1 metadata records for username: Oreo
2025-05-01 10:15:38,490 - INFO - [Thread-8 (process_request_thread)] [list_user_files] - Found 1 records for 'Oreo'.
2025-05-01 10:15:38,498 - INFO - [Thread-8 (process_request_thread)] [_log] - 127.0.0.1 - - [01/May/2025 10:15:38] "[35m[1mGET /files/Oreo HTTP/1.1[0m" 500 -
2025-05-01 10:15:38,649 - INFO - [Thread-9 (process_request_thread)] [list_user_files] - List files request for: 'Oreo'
2025-05-01 10:15:38,650 - INFO - [Thread-9 (process_request_thread)] [list_user_files] - Fetching files for user 'Oreo' from DB...
2025-05-01 10:15:38,670 - INFO - [Thread-9 (process_request_thread)] [find_metadata_by_username] - Found 1 metadata records for username: Oreo
2025-05-01 10:15:38,671 - INFO - [Thread-9 (process_request_thread)] [list_user_files] - Found 1 records for 'Oreo'.
2025-05-01 10:15:38,679 - INFO - [Thread-9 (process_request_thread)] [_log] - 127.0.0.1 - - [01/May/2025 10:15:38] "[35m[1mGET /files/Oreo HTTP/1.1[0m" 500 -
2025-05-01 10:15:38,834 - INFO - [Thread-10 (process_request_thread)] [list_user_files] - List files request for: 'Oreo'
2025-05-01 10:15:38,835 - INFO - [Thread-10 (process_request_thread)] [list_user_files] - Fetching files for user 'Oreo' from DB...
2025-05-01 10:15:38,856 - INFO - [Thread-10 (process_request_thread)] [find_metadata_by_username] - Found 1 metadata records for username: Oreo
2025-05-01 10:15:38,857 - INFO - [Thread-10 (process_request_thread)] [list_user_files] - Found 1 records for 'Oreo'.
2025-05-01 10:15:38,866 - INFO - [Thread-10 (process_request_thread)] [_log] - 127.0.0.1 - - [01/May/2025 10:15:38] "[35m[1mGET /files/Oreo HTTP/1.1[0m" 500 -
2025-05-01 10:15:39,002 - INFO - [Thread-11 (process_request_thread)] [list_user_files] - List files request for: 'Oreo'
2025-05-01 10:15:39,003 - INFO - [Thread-11 (process_request_thread)] [list_user_files] - Fetching files for user 'Oreo' from DB...
2025-05-01 10:15:39,025 - INFO - [Thread-11 (process_request_thread)] [find_metadata_by_username] - Found 1 metadata records for username: Oreo
2025-05-01 10:15:39,026 - INFO - [Thread-11 (process_request_thread)] [list_user_files] - Found 1 records for 'Oreo'.
2025-05-01 10:15:39,035 - INFO - [Thread-11 (process_request_thread)] [_log] - 127.0.0.1 - - [01/May/2025 10:15:39] "[35m[1mGET /files/Oreo HTTP/1.1[0m" 500 -
2025-05-01 10:15:39,190 - INFO - [Thread-12 (process_request_thread)] [list_user_files] - List files request for: 'Oreo'
2025-05-01 10:15:39,190 - INFO - [Thread-12 (process_request_thread)] [list_user_files] - Fetching files for user 'Oreo' from DB...
2025-05-01 10:15:39,213 - INFO - [Thread-12 (process_request_thread)] [find_metadata_by_username] - Found 1 metadata records for username: Oreo
2025-05-01 10:15:39,213 - INFO - [Thread-12 (process_request_thread)] [list_user_files] - Found 1 records for 'Oreo'.
2025-05-01 10:15:39,222 - INFO - [Thread-12 (process_request_thread)] [_log] - 127.0.0.1 - - [01/May/2025 10:15:39] "[35m[1mGET /files/Oreo HTTP/1.1[0m" 500 -
2025-05-01 10:15:39,366 - INFO - [Thread-13 (process_request_thread)] [list_user_files] - List files request for: 'Oreo'
2025-05-01 10:15:39,367 - INFO - [Thread-13 (process_request_thread)] [list_user_files] - Fetching files for user 'Oreo' from DB...
2025-05-01 10:15:39,388 - INFO - [Thread-13 (process_request_thread)] [find_metadata_by_username] - Found 1 metadata records for username: Oreo
2025-05-01 10:15:39,388 - INFO - [Thread-13 (process_request_thread)] [list_user_files] - Found 1 records for 'Oreo'.
2025-05-01 10:15:39,398 - INFO - [Thread-13 (process_request_thread)] [_log] - 127.0.0.1 - - [01/May/2025 10:15:39] "[35m[1mGET /files/Oreo HTTP/1.1[0m" 500 -
2025-05-01 10:15:39,534 - INFO - [Thread-14 (process_request_thread)] [list_user_files] - List files request for: 'Oreo'
2025-05-01 10:15:39,535 - INFO - [Thread-14 (process_request_thread)] [list_user_files] - Fetching files for user 'Oreo' from DB...
2025-05-01 10:15:39,558 - INFO - [Thread-14 (process_request_thread)] [find_metadata_by_username] - Found 1 metadata records for username: Oreo
2025-05-01 10:15:39,558 - INFO - [Thread-14 (process_request_thread)] [list_user_files] - Found 1 records for 'Oreo'.
2025-05-01 10:15:39,567 - INFO - [Thread-14 (process_request_thread)] [_log] - 127.0.0.1 - - [01/May/2025 10:15:39] "[35m[1mGET /files/Oreo HTTP/1.1[0m" 500 -
2025-05-01 10:15:39,707 - INFO - [Thread-15 (process_request_thread)] [list_user_files] - List files request for: 'Oreo'
2025-05-01 10:15:39,708 - INFO - [Thread-15 (process_request_thread)] [list_user_files] - Fetching files for user 'Oreo' from DB...
2025-05-01 10:15:39,730 - INFO - [Thread-15 (process_request_thread)] [find_metadata_by_username] - Found 1 metadata records for username: Oreo
2025-05-01 10:15:39,730 - INFO - [Thread-15 (process_request_thread)] [list_user_files] - Found 1 records for 'Oreo'.
2025-05-01 10:15:39,739 - INFO - [Thread-15 (process_request_thread)] [_log] - 127.0.0.1 - - [01/May/2025 10:15:39] "[35m[1mGET /files/Oreo HTTP/1.1[0m" 500 -
2025-05-01 10:15:39,886 - INFO - [Thread-16 (process_request_thread)] [list_user_files] - List files request for: 'Oreo'
2025-05-01 10:15:39,887 - INFO - [Thread-16 (process_request_thread)] [list_user_files] - Fetching files for user 'Oreo' from DB...
2025-05-01 10:15:39,908 - INFO - [Thread-16 (process_request_thread)] [find_metadata_by_username] - Found 1 metadata records for username: Oreo
2025-05-01 10:15:39,908 - INFO - [Thread-16 (process_request_thread)] [list_user_files] - Found 1 records for 'Oreo'.
2025-05-01 10:15:39,917 - INFO - [Thread-16 (process_request_thread)] [_log] - 127.0.0.1 - - [01/May/2025 10:15:39] "[35m[1mGET /files/Oreo HTTP/1.1[0m" 500 -
2025-05-01 10:15:40,052 - INFO - [Thread-17 (process_request_thread)] [list_user_files] - List files request for: 'Oreo'
2025-05-01 10:15:40,053 - INFO - [Thread-17 (process_request_thread)] [list_user_files] - Fetching files for user 'Oreo' from DB...
2025-05-01 10:15:40,075 - INFO - [Thread-17 (process_request_thread)] [find_metadata_by_username] - Found 1 metadata records for username: Oreo
2025-05-01 10:15:40,075 - INFO - [Thread-17 (process_request_thread)] [list_user_files] - Found 1 records for 'Oreo'.
2025-05-01 10:15:40,085 - INFO - [Thread-17 (process_request_thread)] [_log] - 127.0.0.1 - - [01/May/2025 10:15:40] "[35m[1mGET /files/Oreo HTTP/1.1[0m" 500 -
2025-05-01 10:15:40,248 - INFO - [Thread-18 (process_request_thread)] [list_user_files] - List files request for: 'Oreo'
2025-05-01 10:15:40,248 - INFO - [Thread-18 (process_request_thread)] [list_user_files] - Fetching files for user 'Oreo' from DB...
2025-05-01 10:15:40,271 - INFO - [Thread-18 (process_request_thread)] [find_metadata_by_username] - Found 1 metadata records for username: Oreo
2025-05-01 10:15:40,271 - INFO - [Thread-18 (process_request_thread)] [list_user_files] - Found 1 records for 'Oreo'.
2025-05-01 10:15:40,281 - INFO - [Thread-18 (process_request_thread)] [_log] - 127.0.0.1 - - [01/May/2025 10:15:40] "[35m[1mGET /files/Oreo HTTP/1.1[0m" 500 -
2025-05-01 10:15:40,405 - INFO - [Thread-19 (process_request_thread)] [list_user_files] - List files request for: 'Oreo'
2025-05-01 10:15:40,406 - INFO - [Thread-19 (process_request_thread)] [list_user_files] - Fetching files for user 'Oreo' from DB...
2025-05-01 10:15:40,429 - INFO - [Thread-19 (process_request_thread)] [find_metadata_by_username] - Found 1 metadata records for username: Oreo
2025-05-01 10:15:40,429 - INFO - [Thread-19 (process_request_thread)] [list_user_files] - Found 1 records for 'Oreo'.
2025-05-01 10:15:40,438 - INFO - [Thread-19 (process_request_thread)] [_log] - 127.0.0.1 - - [01/May/2025 10:15:40] "[35m[1mGET /files/Oreo HTTP/1.1[0m" 500 -
2025-05-01 10:15:40,581 - INFO - [Thread-20 (process_request_thread)] [list_user_files] - List files request for: 'Oreo'
2025-05-01 10:15:40,582 - INFO - [Thread-20 (process_request_thread)] [list_user_files] - Fetching files for user 'Oreo' from DB...
2025-05-01 10:15:40,602 - INFO - [Thread-20 (process_request_thread)] [find_metadata_by_username] - Found 1 metadata records for username: Oreo
2025-05-01 10:15:40,602 - INFO - [Thread-20 (process_request_thread)] [list_user_files] - Found 1 records for 'Oreo'.
2025-05-01 10:15:40,611 - INFO - [Thread-20 (process_request_thread)] [_log] - 127.0.0.1 - - [01/May/2025 10:15:40] "[35m[1mGET /files/Oreo HTTP/1.1[0m" 500 -
2025-05-01 10:15:40,749 - INFO - [Thread-21 (process_request_thread)] [list_user_files] - List files request for: 'Oreo'
2025-05-01 10:15:40,749 - INFO - [Thread-21 (process_request_thread)] [list_user_files] - Fetching files for user 'Oreo' from DB...
2025-05-01 10:15:40,769 - INFO - [Thread-21 (process_request_thread)] [find_metadata_by_username] - Found 1 metadata records for username: Oreo
2025-05-01 10:15:40,770 - INFO - [Thread-21 (process_request_thread)] [list_user_files] - Found 1 records for 'Oreo'.
2025-05-01 10:15:40,779 - INFO - [Thread-21 (process_request_thread)] [_log] - 127.0.0.1 - - [01/May/2025 10:15:40] "[35m[1mGET /files/Oreo HTTP/1.1[0m" 500 -
2025-05-01 10:15:40,925 - INFO - [Thread-22 (process_request_thread)] [list_user_files] - List files request for: 'Oreo'
2025-05-01 10:15:40,925 - INFO - [Thread-22 (process_request_thread)] [list_user_files] - Fetching files for user 'Oreo' from DB...
2025-05-01 10:15:40,948 - INFO - [Thread-22 (process_request_thread)] [find_metadata_by_username] - Found 1 metadata records for username: Oreo
2025-05-01 10:15:40,948 - INFO - [Thread-22 (process_request_thread)] [list_user_files] - Found 1 records for 'Oreo'.
2025-05-01 10:15:40,956 - INFO - [Thread-22 (process_request_thread)] [_log] - 127.0.0.1 - - [01/May/2025 10:15:40] "[35m[1mGET /files/Oreo HTTP/1.1[0m" 500 -
2025-05-01 10:15:41,100 - INFO - [Thread-23 (process_request_thread)] [list_user_files] - List files request for: 'Oreo'
2025-05-01 10:15:41,100 - INFO - [Thread-23 (process_request_thread)] [list_user_files] - Fetching files for user 'Oreo' from DB...
2025-05-01 10:15:41,122 - INFO - [Thread-23 (process_request_thread)] [find_metadata_by_username] - Found 1 metadata records for username: Oreo
2025-05-01 10:15:41,122 - INFO - [Thread-23 (process_request_thread)] [list_user_files] - Found 1 records for 'Oreo'.
2025-05-01 10:15:41,131 - INFO - [Thread-23 (process_request_thread)] [_log] - 127.0.0.1 - - [01/May/2025 10:15:41] "[35m[1mGET /files/Oreo HTTP/1.1[0m" 500 -
2025-05-01 10:15:45,056 - INFO - [Thread-24 (process_request_thread)] [get_file_by_access_id] - Request dl page via access_id: 96e20f95f7
2025-05-01 10:15:45,059 - INFO - [Thread-24 (process_request_thread)] [get_file_by_access_id] - Looking up access_id '96e20f95f7' in DB...
2025-05-01 10:15:45,083 - INFO - [Thread-24 (process_request_thread)] [find_metadata_by_access_id] - Found metadata record for access_id: 96e20f95f7
2025-05-01 10:15:45,084 - INFO - [Thread-24 (process_request_thread)] [get_file_by_access_id] - Rendering dl page for 'WindsurfUserSetup-x64-1.7.1 (1).exe' (id: 96e20f95f7).
2025-05-01 10:15:45,164 - INFO - [Thread-24 (process_request_thread)] [_log] - 127.0.0.1 - - [01/May/2025 10:15:45] "GET /get/96e20f95f7 HTTP/1.1" 200 -
2025-05-01 10:15:47,139 - INFO - [Thread-25 (process_request_thread)] [stream_download_by_access_id] - [dbc3ddef-37d4-494d-964e-36ef2fcc2b75] SSE connection request for dl prep via access_id: 96e20f95f7
2025-05-01 10:15:47,161 - INFO - [Thread-25 (process_request_thread)] [find_metadata_by_access_id] - Found metadata record for access_id: 96e20f95f7
2025-05-01 10:15:47,162 - INFO - [Thread-25 (process_request_thread)] [_prepare_download_and_generate_updates] - [dbc3ddef-37d4-494d-964e-36ef2fcc2b75] Download prep generator started.
2025-05-01 10:15:47,163 - INFO - [Thread-25 (process_request_thread)] [_log] - 127.0.0.1 - - [01/May/2025 10:15:47] "GET /stream-download/96e20f95f7 HTTP/1.1" 200 -
2025-05-01 10:15:47,288 - INFO - [Thread-25 (process_request_thread)] [find_metadata_by_access_id] - Found metadata record for access_id: 96e20f95f7
2025-05-01 10:15:47,289 - INFO - [Thread-25 (process_request_thread)] [_prepare_download_and_generate_updates] - [dbc3ddef-37d4-494d-964e-36ef2fcc2b75] Successfully found metadata for download preparation.
2025-05-01 10:15:47,290 - INFO - [Thread-25 (process_request_thread)] [_prepare_download_and_generate_updates] - [dbc3ddef-37d4-494d-964e-36ef2fcc2b75] Meta: 'WindsurfUserSetup-x64-1.7.1 (1).exe', User:Oreo, Size:136960592, Split:True, Comp:True
2025-05-01 10:15:47,493 - INFO - [Thread-25 (process_request_thread)] [_prepare_download_and_generate_updates] - [dbc3ddef-37d4-494d-964e-36ef2fcc2b75] Preparing SPLIT file.
2025-05-01 10:15:47,494 - INFO - [Thread-25 (process_request_thread)] [_prepare_download_and_generate_updates] - [dbc3ddef-37d4-494d-964e-36ef2fcc2b75] Expecting 7 chunks. Total comp: ~130.17 MB.
2025-05-01 10:15:47,498 - INFO - [Thread-25 (process_request_thread)] [_prepare_download_and_generate_updates] - [dbc3ddef-37d4-494d-964e-36ef2fcc2b75] Initialized Download Executor (max=12)
2025-05-01 10:15:47,499 - INFO - [Thread-25 (process_request_thread)] [_prepare_download_and_generate_updates] - [dbc3ddef-37d4-494d-964e-36ef2fcc2b75] Submitting 7 chunk dl tasks...
2025-05-01 10:15:47,503 - INFO - [DlPrep_dbc3_0] [_download_chunk_task] - [dbc3ddef-37d4-494d-964e-36ef2fcc2b75] T> Starting download chunk 1 (id: BQACAgUAAxkDAAIFKWgS_Ci4bsIFjK-3RlCS47UMC9vFAAKJFgACkvGZVKVvL_4tGi6lNgQ)
2025-05-01 10:15:47,504 - INFO - [DlPrep_dbc3_0] [download_telegram_file_content] - [FileID BQACAgUAAxkDAAIFKWgS_Ci4bsIFjK-3RlCS47UMC9vFAAKJFgACkvGZVKVvL_4tGi6lNgQ] Attempting download.
2025-05-01 10:15:47,505 - INFO - [DlPrep_dbc3_1] [_download_chunk_task] - [dbc3ddef-37d4-494d-964e-36ef2fcc2b75] T> Starting download chunk 2 (id: BQACAgUAAxkDAAIFKmgS_DJDGcwknKlUpvpogrZImB35AAKKFgACkvGZVAuWA4ijXSrGNgQ)
2025-05-01 10:15:47,506 - INFO - [DlPrep_dbc3_2] [_download_chunk_task] - [dbc3ddef-37d4-494d-964e-36ef2fcc2b75] T> Starting download chunk 3 (id: BQACAgUAAxkDAAIFK2gS_D4JolNKe1LTErS7HQQZKaXGAAKMFgACkvGZVGnzkOoba4INNgQ)
2025-05-01 10:15:47,507 - INFO - [DlPrep_dbc3_3] [_download_chunk_task] - [dbc3ddef-37d4-494d-964e-36ef2fcc2b75] T> Starting download chunk 4 (id: BQACAgUAAxkDAAIFLGgS_Epd6n74Ggfm2um8k-l0m514AAKOFgACkvGZVDdY2i6TMnDyNgQ)
2025-05-01 10:15:47,510 - INFO - [DlPrep_dbc3_1] [download_telegram_file_content] - [FileID BQACAgUAAxkDAAIFKmgS_DJDGcwknKlUpvpogrZImB35AAKKFgACkvGZVAuWA4ijXSrGNgQ] Attempting download.
2025-05-01 10:15:47,510 - INFO - [DlPrep_dbc3_4] [_download_chunk_task] - [dbc3ddef-37d4-494d-964e-36ef2fcc2b75] T> Starting download chunk 5 (id: BQACAgUAAxkDAAIFLWgS_FUUl7V4KRavZ3lHpD7T52X2AAKPFgACkvGZVNEVX5xWdZ16NgQ)
2025-05-01 10:15:47,514 - INFO - [DlPrep_dbc3_2] [download_telegram_file_content] - [FileID BQACAgUAAxkDAAIFK2gS_D4JolNKe1LTErS7HQQZKaXGAAKMFgACkvGZVGnzkOoba4INNgQ] Attempting download.
2025-05-01 10:15:47,515 - INFO - [DlPrep_dbc3_5] [_download_chunk_task] - [dbc3ddef-37d4-494d-964e-36ef2fcc2b75] T> Starting download chunk 6 (id: BQACAgUAAxkDAAIFLmgS_GAAAccLYX4TTqk7Y6ItdXo_AQACkRYAApLxmVSuFY8Qs9bPIDYE)
2025-05-01 10:15:47,516 - INFO - [DlPrep_dbc3_3] [download_telegram_file_content] - [FileID BQACAgUAAxkDAAIFLGgS_Epd6n74Ggfm2um8k-l0m514AAKOFgACkvGZVDdY2i6TMnDyNgQ] Attempting download.
2025-05-01 10:15:47,516 - INFO - [DlPrep_dbc3_6] [_download_chunk_task] - [dbc3ddef-37d4-494d-964e-36ef2fcc2b75] T> Starting download chunk 7 (id: BQACAgUAAxkDAAIFL2gS_GZHip3wPtb_CKpcaUNriq31AAKSFgACkvGZVD08d_WX1AqxNgQ)
2025-05-01 10:15:47,517 - INFO - [Thread-25 (process_request_thread)] [_prepare_download_and_generate_updates] - [dbc3ddef-37d4-494d-964e-36ef2fcc2b75] All 7 chunk dl tasks submitted.
2025-05-01 10:15:47,522 - INFO - [DlPrep_dbc3_4] [download_telegram_file_content] - [FileID BQACAgUAAxkDAAIFLWgS_FUUl7V4KRavZ3lHpD7T52X2AAKPFgACkvGZVNEVX5xWdZ16NgQ] Attempting download.
2025-05-01 10:15:47,526 - INFO - [DlPrep_dbc3_5] [download_telegram_file_content] - [FileID BQACAgUAAxkDAAIFLmgS_GAAAccLYX4TTqk7Y6ItdXo_AQACkRYAApLxmVSuFY8Qs9bPIDYE] Attempting download.
2025-05-01 10:15:47,528 - INFO - [DlPrep_dbc3_6] [download_telegram_file_content] - [FileID BQACAgUAAxkDAAIFL2gS_GZHip3wPtb_CKpcaUNriq31AAKSFgACkvGZVD08d_WX1AqxNgQ] Attempting download.
2025-05-01 10:15:51,147 - INFO - [DlPrep_dbc3_3] [download_telegram_file_content] - [FileID BQACAgUAAxkDAAIFLGgS_Epd6n74Ggfm2um8k-l0m514AAKOFgACkvGZVDdY2i6TMnDyNgQ] Got DL URL (Attempt 1): https://api.telegram.org/file/bot7812479394:AAFrzOcHGKfc-1iOUbVEkptJkooaJrXHAxs/documents/file_548.part_004
2025-05-01 10:15:51,147 - INFO - [DlPrep_dbc3_3] [download_telegram_file_content] - [FileID BQACAgUAAxkDAAIFLGgS_Epd6n74Ggfm2um8k-l0m514AAKOFgACkvGZVDdY2i6TMnDyNgQ] Attempting content download from URL.
2025-05-01 10:15:53,251 - INFO - [DlPrep_dbc3_5] [download_telegram_file_content] - [FileID BQACAgUAAxkDAAIFLmgS_GAAAccLYX4TTqk7Y6ItdXo_AQACkRYAApLxmVSuFY8Qs9bPIDYE] Got DL URL (Attempt 1): https://api.telegram.org/file/bot7812479394:AAFrzOcHGKfc-1iOUbVEkptJkooaJrXHAxs/documents/file_549.part_006
2025-05-01 10:15:53,252 - INFO - [DlPrep_dbc3_5] [download_telegram_file_content] - [FileID BQACAgUAAxkDAAIFLmgS_GAAAccLYX4TTqk7Y6ItdXo_AQACkRYAApLxmVSuFY8Qs9bPIDYE] Attempting content download from URL.
2025-05-01 10:15:55,415 - INFO - [DlPrep_dbc3_4] [download_telegram_file_content] - [FileID BQACAgUAAxkDAAIFLWgS_FUUl7V4KRavZ3lHpD7T52X2AAKPFgACkvGZVNEVX5xWdZ16NgQ] Got DL URL (Attempt 1): https://api.telegram.org/file/bot7812479394:AAFrzOcHGKfc-1iOUbVEkptJkooaJrXHAxs/documents/file_550.part_005
2025-05-01 10:15:55,416 - INFO - [DlPrep_dbc3_4] [download_telegram_file_content] - [FileID BQACAgUAAxkDAAIFLWgS_FUUl7V4KRavZ3lHpD7T52X2AAKPFgACkvGZVNEVX5xWdZ16NgQ] Attempting content download from URL.
2025-05-01 10:15:56,538 - INFO - [DlPrep_dbc3_6] [download_telegram_file_content] - [FileID BQACAgUAAxkDAAIFL2gS_GZHip3wPtb_CKpcaUNriq31AAKSFgACkvGZVD08d_WX1AqxNgQ] Got DL URL (Attempt 1): https://api.telegram.org/file/bot7812479394:AAFrzOcHGKfc-1iOUbVEkptJkooaJrXHAxs/documents/file_551.part_007
2025-05-01 10:15:56,539 - INFO - [DlPrep_dbc3_6] [download_telegram_file_content] - [FileID BQACAgUAAxkDAAIFL2gS_GZHip3wPtb_CKpcaUNriq31AAKSFgACkvGZVD08d_WX1AqxNgQ] Attempting content download from URL.
2025-05-01 10:15:57,150 - INFO - [DlPrep_dbc3_3] [download_telegram_file_content] - [FileID BQACAgUAAxkDAAIFLGgS_Epd6n74Ggfm2um8k-l0m514AAKOFgACkvGZVDdY2i6TMnDyNgQ] Downloaded 20971520 bytes (Attempt 1).
2025-05-01 10:15:57,151 - INFO - [DlPrep_dbc3_3] [_download_chunk_task] - [dbc3ddef-37d4-494d-964e-36ef2fcc2b75] T> OK dl chunk 4 (20971520 bytes).
2025-05-01 10:15:58,437 - INFO - [DlPrep_dbc3_2] [download_telegram_file_content] - [FileID BQACAgUAAxkDAAIFK2gS_D4JolNKe1LTErS7HQQZKaXGAAKMFgACkvGZVGnzkOoba4INNgQ] Got DL URL (Attempt 1): https://api.telegram.org/file/bot7812479394:AAFrzOcHGKfc-1iOUbVEkptJkooaJrXHAxs/documents/file_552.part_003
2025-05-01 10:15:58,438 - INFO - [DlPrep_dbc3_2] [download_telegram_file_content] - [FileID BQACAgUAAxkDAAIFK2gS_D4JolNKe1LTErS7HQQZKaXGAAKMFgACkvGZVGnzkOoba4INNgQ] Attempting content download from URL.
2025-05-01 10:15:58,456 - INFO - [DlPrep_dbc3_4] [download_telegram_file_content] - [FileID BQACAgUAAxkDAAIFLWgS_FUUl7V4KRavZ3lHpD7T52X2AAKPFgACkvGZVNEVX5xWdZ16NgQ] Downloaded 20971520 bytes (Attempt 1).
2025-05-01 10:15:58,456 - INFO - [DlPrep_dbc3_4] [_download_chunk_task] - [dbc3ddef-37d4-494d-964e-36ef2fcc2b75] T> OK dl chunk 5 (20971520 bytes).
2025-05-01 10:16:00,954 - INFO - [DlPrep_dbc3_1] [download_telegram_file_content] - [FileID BQACAgUAAxkDAAIFKmgS_DJDGcwknKlUpvpogrZImB35AAKKFgACkvGZVAuWA4ijXSrGNgQ] Got DL URL (Attempt 1): https://api.telegram.org/file/bot7812479394:AAFrzOcHGKfc-1iOUbVEkptJkooaJrXHAxs/documents/file_553.part_002
2025-05-01 10:16:00,955 - INFO - [DlPrep_dbc3_1] [download_telegram_file_content] - [FileID BQACAgUAAxkDAAIFKmgS_DJDGcwknKlUpvpogrZImB35AAKKFgACkvGZVAuWA4ijXSrGNgQ] Attempting content download from URL.
2025-05-01 10:16:02,572 - INFO - [DlPrep_dbc3_0] [download_telegram_file_content] - [FileID BQACAgUAAxkDAAIFKWgS_Ci4bsIFjK-3RlCS47UMC9vFAAKJFgACkvGZVKVvL_4tGi6lNgQ] Got DL URL (Attempt 1): https://api.telegram.org/file/bot7812479394:AAFrzOcHGKfc-1iOUbVEkptJkooaJrXHAxs/documents/file_554.part_001
2025-05-01 10:16:02,574 - INFO - [DlPrep_dbc3_0] [download_telegram_file_content] - [FileID BQACAgUAAxkDAAIFKWgS_Ci4bsIFjK-3RlCS47UMC9vFAAKJFgACkvGZVKVvL_4tGi6lNgQ] Attempting content download from URL.
2025-05-01 10:16:02,717 - INFO - [DlPrep_dbc3_2] [download_telegram_file_content] - [FileID BQACAgUAAxkDAAIFK2gS_D4JolNKe1LTErS7HQQZKaXGAAKMFgACkvGZVGnzkOoba4INNgQ] Downloaded 20971520 bytes (Attempt 1).
2025-05-01 10:16:02,718 - INFO - [DlPrep_dbc3_2] [_download_chunk_task] - [dbc3ddef-37d4-494d-964e-36ef2fcc2b75] T> OK dl chunk 3 (20971520 bytes).
2025-05-01 10:16:07,401 - INFO - [DlPrep_dbc3_0] [download_telegram_file_content] - [FileID BQACAgUAAxkDAAIFKWgS_Ci4bsIFjK-3RlCS47UMC9vFAAKJFgACkvGZVKVvL_4tGi6lNgQ] Downloaded 20971520 bytes (Attempt 1).
2025-05-01 10:16:07,402 - INFO - [DlPrep_dbc3_0] [_download_chunk_task] - [dbc3ddef-37d4-494d-964e-36ef2fcc2b75] T> OK dl chunk 1 (20971520 bytes).
2025-05-01 10:16:08,939 - INFO - [DlPrep_dbc3_1] [download_telegram_file_content] - [FileID BQACAgUAAxkDAAIFKmgS_DJDGcwknKlUpvpogrZImB35AAKKFgACkvGZVAuWA4ijXSrGNgQ] Downloaded 20971520 bytes (Attempt 1).
2025-05-01 10:16:08,939 - INFO - [DlPrep_dbc3_1] [_download_chunk_task] - [dbc3ddef-37d4-494d-964e-36ef2fcc2b75] T> OK dl chunk 2 (20971520 bytes).
2025-05-01 10:16:12,806 - INFO - [DlPrep_dbc3_6] [download_telegram_file_content] - [FileID BQACAgUAAxkDAAIFL2gS_GZHip3wPtb_CKpcaUNriq31AAKSFgACkvGZVD08d_WX1AqxNgQ] Downloaded 10663820 bytes (Attempt 1).
2025-05-01 10:16:12,807 - INFO - [DlPrep_dbc3_6] [_download_chunk_task] - [dbc3ddef-37d4-494d-964e-36ef2fcc2b75] T> OK dl chunk 7 (10663820 bytes).
2025-05-01 10:16:17,385 - INFO - [DlPrep_dbc3_5] [download_telegram_file_content] - [FileID BQACAgUAAxkDAAIFLmgS_GAAAccLYX4TTqk7Y6ItdXo_AQACkRYAApLxmVSuFY8Qs9bPIDYE] Downloaded 20971520 bytes (Attempt 1).
2025-05-01 10:16:17,385 - INFO - [DlPrep_dbc3_5] [_download_chunk_task] - [dbc3ddef-37d4-494d-964e-36ef2fcc2b75] T> OK dl chunk 6 (20971520 bytes).
2025-05-01 10:16:17,386 - INFO - [Thread-25 (process_request_thread)] [_prepare_download_and_generate_updates] - [dbc3ddef-37d4-494d-964e-36ef2fcc2b75] All 7 chunks dl OK. Total fetched: 136492940 bytes.
2025-05-01 10:16:17,625 - INFO - [Thread-25 (process_request_thread)] [_prepare_download_and_generate_updates] - [dbc3ddef-37d4-494d-964e-36ef2fcc2b75] Finished reassembly.
2025-05-01 10:16:18,125 - INFO - [Thread-25 (process_request_thread)] [_prepare_download_and_generate_updates] - [dbc3ddef-37d4-494d-964e-36ef2fcc2b75] Final file ready: 'E:\Telegram_tool\Telegram_Bot_Tool\uploads_temp\dl_final_dbc3ddef-37d4-494d-964e-36ef2fcc2b75_xa3om__k', Size: 136960592.
2025-05-01 10:16:18,227 - INFO - [Thread-25 (process_request_thread)] [_prepare_download_and_generate_updates] - [dbc3ddef-37d4-494d-964e-36ef2fcc2b75] Prep complete. Sent 'ready'.
2025-05-01 10:16:18,227 - INFO - [Thread-25 (process_request_thread)] [_prepare_download_and_generate_updates] - [dbc3ddef-37d4-494d-964e-36ef2fcc2b75] Download prep generator cleanup.
2025-05-01 10:16:18,229 - INFO - [Thread-25 (process_request_thread)] [_prepare_download_and_generate_updates] - [dbc3ddef-37d4-494d-964e-36ef2fcc2b75] Download executor shutdown.
2025-05-01 10:16:18,237 - INFO - [Thread-26 (process_request_thread)] [serve_temp_file] - Request serve temp file ID: dbc3ddef-37d4-494d-964e-36ef2fcc2b75, Filename: WindsurfUserSetup-x64-1.7.1 (1).exe
2025-05-01 10:16:18,237 - INFO - [Thread-26 (process_request_thread)] [serve_temp_file] - [dbc3ddef-37d4-494d-964e-36ef2fcc2b75] Preparing streaming response for 'WindsurfUserSetup-x64-1.7.1 (1).exe'.
2025-05-01 10:16:18,240 - INFO - [Thread-26 (process_request_thread)] [generate_stream] - [dbc3ddef-37d4-494d-964e-36ef2fcc2b75] Scheduled cleanup in 120s for path: E:\Telegram_tool\Telegram_Bot_Tool\uploads_temp\dl_final_dbc3ddef-37d4-494d-964e-36ef2fcc2b75_xa3om__k
2025-05-01 10:16:18,254 - INFO - [Thread-25 (process_request_thread)] [_safe_remove_file] - [dbc3ddef-37d4-494d-964e-36ef2fcc2b75] Cleaned up intermediate reassembled: E:\Telegram_tool\Telegram_Bot_Tool\uploads_temp\dl_reass_dbc3ddef-37d4-494d-964e-36ef2fcc2b75_rgbuezdh.zip.reassembled
2025-05-01 10:16:18,255 - INFO - [Thread-25 (process_request_thread)] [_prepare_download_and_generate_updates] - [dbc3ddef-37d4-494d-964e-36ef2fcc2b75] Download prep generator task ended.
2025-05-01 10:16:26,583 - INFO - [Thread-26 (process_request_thread)] [_log] - 127.0.0.1 - - [01/May/2025 10:16:26] "GET /serve-temp-file/dbc3ddef-37d4-494d-964e-36ef2fcc2b75/WindsurfUserSetup-x64-1.7.1%20(1).exe HTTP/1.1" 200 -
2025-05-01 10:16:27,190 - INFO - [Thread-26 (process_request_thread)] [generate_stream] - [dbc3ddef-37d4-494d-964e-36ef2fcc2b75] Finished streaming file.
2025-05-01 10:16:44,760 - INFO - [Thread-28 (process_request_thread)] [list_user_files] - List files request for: 'Oreo'
2025-05-01 10:16:44,760 - INFO - [Thread-28 (process_request_thread)] [list_user_files] - Fetching files for user 'Oreo' from DB...
2025-05-01 10:16:44,783 - INFO - [Thread-28 (process_request_thread)] [find_metadata_by_username] - Found 1 metadata records for username: Oreo
2025-05-01 10:16:44,783 - INFO - [Thread-28 (process_request_thread)] [list_user_files] - Found 1 records for 'Oreo'.
2025-05-01 10:16:44,793 - INFO - [Thread-28 (process_request_thread)] [_log] - 127.0.0.1 - - [01/May/2025 10:16:44] "[35m[1mGET /files/Oreo HTTP/1.1[0m" 500 -
2025-05-01 10:16:45,330 - INFO - [Thread-29 (process_request_thread)] [list_user_files] - List files request for: 'Oreo'
2025-05-01 10:16:45,330 - INFO - [Thread-29 (process_request_thread)] [list_user_files] - Fetching files for user 'Oreo' from DB...
2025-05-01 10:16:45,355 - INFO - [Thread-29 (process_request_thread)] [find_metadata_by_username] - Found 1 metadata records for username: Oreo
2025-05-01 10:16:45,355 - INFO - [Thread-29 (process_request_thread)] [list_user_files] - Found 1 records for 'Oreo'.
2025-05-01 10:16:45,365 - INFO - [Thread-29 (process_request_thread)] [_log] - 127.0.0.1 - - [01/May/2025 10:16:45] "[35m[1mGET /files/Oreo HTTP/1.1[0m" 500 -
2025-05-01 10:16:45,522 - INFO - [Thread-30 (process_request_thread)] [list_user_files] - List files request for: 'Oreo'
2025-05-01 10:16:45,523 - INFO - [Thread-30 (process_request_thread)] [list_user_files] - Fetching files for user 'Oreo' from DB...
2025-05-01 10:16:45,546 - INFO - [Thread-30 (process_request_thread)] [find_metadata_by_username] - Found 1 metadata records for username: Oreo
2025-05-01 10:16:45,547 - INFO - [Thread-30 (process_request_thread)] [list_user_files] - Found 1 records for 'Oreo'.
2025-05-01 10:16:45,555 - INFO - [Thread-30 (process_request_thread)] [_log] - 127.0.0.1 - - [01/May/2025 10:16:45] "[35m[1mGET /files/Oreo HTTP/1.1[0m" 500 -
2025-05-01 10:16:45,702 - INFO - [Thread-31 (process_request_thread)] [list_user_files] - List files request for: 'Oreo'
2025-05-01 10:16:45,702 - INFO - [Thread-31 (process_request_thread)] [list_user_files] - Fetching files for user 'Oreo' from DB...
2025-05-01 10:16:45,724 - INFO - [Thread-31 (process_request_thread)] [find_metadata_by_username] - Found 1 metadata records for username: Oreo
2025-05-01 10:16:45,725 - INFO - [Thread-31 (process_request_thread)] [list_user_files] - Found 1 records for 'Oreo'.
2025-05-01 10:16:45,733 - INFO - [Thread-31 (process_request_thread)] [_log] - 127.0.0.1 - - [01/May/2025 10:16:45] "[35m[1mGET /files/Oreo HTTP/1.1[0m" 500 -
2025-05-01 10:16:45,870 - INFO - [Thread-32 (process_request_thread)] [list_user_files] - List files request for: 'Oreo'
2025-05-01 10:16:45,871 - INFO - [Thread-32 (process_request_thread)] [list_user_files] - Fetching files for user 'Oreo' from DB...
2025-05-01 10:16:45,892 - INFO - [Thread-32 (process_request_thread)] [find_metadata_by_username] - Found 1 metadata records for username: Oreo
2025-05-01 10:16:45,892 - INFO - [Thread-32 (process_request_thread)] [list_user_files] - Found 1 records for 'Oreo'.
2025-05-01 10:16:45,901 - INFO - [Thread-32 (process_request_thread)] [_log] - 127.0.0.1 - - [01/May/2025 10:16:45] "[35m[1mGET /files/Oreo HTTP/1.1[0m" 500 -
2025-05-01 10:16:46,036 - INFO - [Thread-33 (process_request_thread)] [list_user_files] - List files request for: 'Oreo'
2025-05-01 10:16:46,036 - INFO - [Thread-33 (process_request_thread)] [list_user_files] - Fetching files for user 'Oreo' from DB...
2025-05-01 10:16:46,058 - INFO - [Thread-33 (process_request_thread)] [find_metadata_by_username] - Found 1 metadata records for username: Oreo
2025-05-01 10:16:46,059 - INFO - [Thread-33 (process_request_thread)] [list_user_files] - Found 1 records for 'Oreo'.
2025-05-01 10:16:46,068 - INFO - [Thread-33 (process_request_thread)] [_log] - 127.0.0.1 - - [01/May/2025 10:16:46] "[35m[1mGET /files/Oreo HTTP/1.1[0m" 500 -
2025-05-01 10:16:46,212 - INFO - [Thread-34 (process_request_thread)] [list_user_files] - List files request for: 'Oreo'
2025-05-01 10:16:46,212 - INFO - [Thread-34 (process_request_thread)] [list_user_files] - Fetching files for user 'Oreo' from DB...
2025-05-01 10:16:46,234 - INFO - [Thread-34 (process_request_thread)] [find_metadata_by_username] - Found 1 metadata records for username: Oreo
2025-05-01 10:16:46,234 - INFO - [Thread-34 (process_request_thread)] [list_user_files] - Found 1 records for 'Oreo'.
2025-05-01 10:16:46,243 - INFO - [Thread-34 (process_request_thread)] [_log] - 127.0.0.1 - - [01/May/2025 10:16:46] "[35m[1mGET /files/Oreo HTTP/1.1[0m" 500 -
2025-05-01 10:16:46,432 - INFO - [Thread-35 (process_request_thread)] [list_user_files] - List files request for: 'Oreo'
2025-05-01 10:16:46,433 - INFO - [Thread-35 (process_request_thread)] [list_user_files] - Fetching files for user 'Oreo' from DB...
2025-05-01 10:16:46,453 - INFO - [Thread-35 (process_request_thread)] [find_metadata_by_username] - Found 1 metadata records for username: Oreo
2025-05-01 10:16:46,454 - INFO - [Thread-35 (process_request_thread)] [list_user_files] - Found 1 records for 'Oreo'.
2025-05-01 10:16:46,463 - INFO - [Thread-35 (process_request_thread)] [_log] - 127.0.0.1 - - [01/May/2025 10:16:46] "[35m[1mGET /files/Oreo HTTP/1.1[0m" 500 -
2025-05-01 10:16:46,658 - INFO - [Thread-36 (process_request_thread)] [list_user_files] - List files request for: 'Oreo'
2025-05-01 10:16:46,659 - INFO - [Thread-36 (process_request_thread)] [list_user_files] - Fetching files for user 'Oreo' from DB...
2025-05-01 10:16:46,679 - INFO - [Thread-36 (process_request_thread)] [find_metadata_by_username] - Found 1 metadata records for username: Oreo
2025-05-01 10:16:46,680 - INFO - [Thread-36 (process_request_thread)] [list_user_files] - Found 1 records for 'Oreo'.
2025-05-01 10:16:46,688 - INFO - [Thread-36 (process_request_thread)] [_log] - 127.0.0.1 - - [01/May/2025 10:16:46] "[35m[1mGET /files/Oreo HTTP/1.1[0m" 500 -
2025-05-01 10:16:46,872 - INFO - [Thread-37 (process_request_thread)] [list_user_files] - List files request for: 'Oreo'
2025-05-01 10:16:46,872 - INFO - [Thread-37 (process_request_thread)] [list_user_files] - Fetching files for user 'Oreo' from DB...
2025-05-01 10:16:46,893 - INFO - [Thread-37 (process_request_thread)] [find_metadata_by_username] - Found 1 metadata records for username: Oreo
2025-05-01 10:16:46,893 - INFO - [Thread-37 (process_request_thread)] [list_user_files] - Found 1 records for 'Oreo'.
2025-05-01 10:16:46,903 - INFO - [Thread-37 (process_request_thread)] [_log] - 127.0.0.1 - - [01/May/2025 10:16:46] "[35m[1mGET /files/Oreo HTTP/1.1[0m" 500 -
2025-05-01 10:16:47,076 - INFO - [Thread-38 (process_request_thread)] [list_user_files] - List files request for: 'Oreo'
2025-05-01 10:16:47,077 - INFO - [Thread-38 (process_request_thread)] [list_user_files] - Fetching files for user 'Oreo' from DB...
2025-05-01 10:16:47,099 - INFO - [Thread-38 (process_request_thread)] [find_metadata_by_username] - Found 1 metadata records for username: Oreo
2025-05-01 10:16:47,100 - INFO - [Thread-38 (process_request_thread)] [list_user_files] - Found 1 records for 'Oreo'.
2025-05-01 10:16:47,108 - INFO - [Thread-38 (process_request_thread)] [_log] - 127.0.0.1 - - [01/May/2025 10:16:47] "[35m[1mGET /files/Oreo HTTP/1.1[0m" 500 -
2025-05-01 10:16:47,282 - INFO - [Thread-39 (process_request_thread)] [list_user_files] - List files request for: 'Oreo'
2025-05-01 10:16:47,283 - INFO - [Thread-39 (process_request_thread)] [list_user_files] - Fetching files for user 'Oreo' from DB...
2025-05-01 10:16:47,305 - INFO - [Thread-39 (process_request_thread)] [find_metadata_by_username] - Found 1 metadata records for username: Oreo
2025-05-01 10:16:47,306 - INFO - [Thread-39 (process_request_thread)] [list_user_files] - Found 1 records for 'Oreo'.
2025-05-01 10:16:47,314 - INFO - [Thread-39 (process_request_thread)] [_log] - 127.0.0.1 - - [01/May/2025 10:16:47] "[35m[1mGET /files/Oreo HTTP/1.1[0m" 500 -
2025-05-01 10:16:47,496 - INFO - [Thread-40 (process_request_thread)] [list_user_files] - List files request for: 'Oreo'
2025-05-01 10:16:47,497 - INFO - [Thread-40 (process_request_thread)] [list_user_files] - Fetching files for user 'Oreo' from DB...
2025-05-01 10:16:47,519 - INFO - [Thread-40 (process_request_thread)] [find_metadata_by_username] - Found 1 metadata records for username: Oreo
2025-05-01 10:16:47,520 - INFO - [Thread-40 (process_request_thread)] [list_user_files] - Found 1 records for 'Oreo'.
2025-05-01 10:16:47,527 - INFO - [Thread-40 (process_request_thread)] [_log] - 127.0.0.1 - - [01/May/2025 10:16:47] "[35m[1mGET /files/Oreo HTTP/1.1[0m" 500 -
2025-05-01 10:16:47,697 - INFO - [Thread-41 (process_request_thread)] [list_user_files] - List files request for: 'Oreo'
2025-05-01 10:16:47,698 - INFO - [Thread-41 (process_request_thread)] [list_user_files] - Fetching files for user 'Oreo' from DB...
2025-05-01 10:16:47,721 - INFO - [Thread-41 (process_request_thread)] [find_metadata_by_username] - Found 1 metadata records for username: Oreo
2025-05-01 10:16:47,721 - INFO - [Thread-41 (process_request_thread)] [list_user_files] - Found 1 records for 'Oreo'.
2025-05-01 10:16:47,730 - INFO - [Thread-41 (process_request_thread)] [_log] - 127.0.0.1 - - [01/May/2025 10:16:47] "[35m[1mGET /files/Oreo HTTP/1.1[0m" 500 -
2025-05-01 10:16:47,895 - INFO - [Thread-42 (process_request_thread)] [list_user_files] - List files request for: 'Oreo'
2025-05-01 10:16:47,895 - INFO - [Thread-42 (process_request_thread)] [list_user_files] - Fetching files for user 'Oreo' from DB...
2025-05-01 10:16:47,916 - INFO - [Thread-42 (process_request_thread)] [find_metadata_by_username] - Found 1 metadata records for username: Oreo
2025-05-01 10:16:47,917 - INFO - [Thread-42 (process_request_thread)] [list_user_files] - Found 1 records for 'Oreo'.
2025-05-01 10:16:47,926 - INFO - [Thread-42 (process_request_thread)] [_log] - 127.0.0.1 - - [01/May/2025 10:16:47] "[35m[1mGET /files/Oreo HTTP/1.1[0m" 500 -
2025-05-01 10:16:48,126 - INFO - [Thread-43 (process_request_thread)] [list_user_files] - List files request for: 'Oreo'
2025-05-01 10:16:48,127 - INFO - [Thread-43 (process_request_thread)] [list_user_files] - Fetching files for user 'Oreo' from DB...
2025-05-01 10:16:48,148 - INFO - [Thread-43 (process_request_thread)] [find_metadata_by_username] - Found 1 metadata records for username: Oreo
2025-05-01 10:16:48,149 - INFO - [Thread-43 (process_request_thread)] [list_user_files] - Found 1 records for 'Oreo'.
2025-05-01 10:16:48,158 - INFO - [Thread-43 (process_request_thread)] [_log] - 127.0.0.1 - - [01/May/2025 10:16:48] "[35m[1mGET /files/Oreo HTTP/1.1[0m" 500 -
2025-05-01 10:16:48,372 - INFO - [Thread-44 (process_request_thread)] [list_user_files] - List files request for: 'Oreo'
2025-05-01 10:16:48,373 - INFO - [Thread-44 (process_request_thread)] [list_user_files] - Fetching files for user 'Oreo' from DB...
2025-05-01 10:16:48,396 - INFO - [Thread-44 (process_request_thread)] [find_metadata_by_username] - Found 1 metadata records for username: Oreo
2025-05-01 10:16:48,396 - INFO - [Thread-44 (process_request_thread)] [list_user_files] - Found 1 records for 'Oreo'.
2025-05-01 10:16:48,405 - INFO - [Thread-44 (process_request_thread)] [_log] - 127.0.0.1 - - [01/May/2025 10:16:48] "[35m[1mGET /files/Oreo HTTP/1.1[0m" 500 -
2025-05-01 10:16:48,598 - INFO - [Thread-45 (process_request_thread)] [list_user_files] - List files request for: 'Oreo'
2025-05-01 10:16:48,599 - INFO - [Thread-45 (process_request_thread)] [list_user_files] - Fetching files for user 'Oreo' from DB...
2025-05-01 10:16:48,620 - INFO - [Thread-45 (process_request_thread)] [find_metadata_by_username] - Found 1 metadata records for username: Oreo
2025-05-01 10:16:48,620 - INFO - [Thread-45 (process_request_thread)] [list_user_files] - Found 1 records for 'Oreo'.
2025-05-01 10:16:48,629 - INFO - [Thread-45 (process_request_thread)] [_log] - 127.0.0.1 - - [01/May/2025 10:16:48] "[35m[1mGET /files/Oreo HTTP/1.1[0m" 500 -
2025-05-01 10:16:48,824 - INFO - [Thread-46 (process_request_thread)] [list_user_files] - List files request for: 'Oreo'
2025-05-01 10:16:48,825 - INFO - [Thread-46 (process_request_thread)] [list_user_files] - Fetching files for user 'Oreo' from DB...
2025-05-01 10:16:48,846 - INFO - [Thread-46 (process_request_thread)] [find_metadata_by_username] - Found 1 metadata records for username: Oreo
2025-05-01 10:16:48,846 - INFO - [Thread-46 (process_request_thread)] [list_user_files] - Found 1 records for 'Oreo'.
2025-05-01 10:16:48,855 - INFO - [Thread-46 (process_request_thread)] [_log] - 127.0.0.1 - - [01/May/2025 10:16:48] "[35m[1mGET /files/Oreo HTTP/1.1[0m" 500 -
2025-05-01 10:16:49,038 - INFO - [Thread-47 (process_request_thread)] [list_user_files] - List files request for: 'Oreo'
2025-05-01 10:16:49,039 - INFO - [Thread-47 (process_request_thread)] [list_user_files] - Fetching files for user 'Oreo' from DB...
2025-05-01 10:16:49,072 - INFO - [Thread-47 (process_request_thread)] [find_metadata_by_username] - Found 1 metadata records for username: Oreo
2025-05-01 10:16:49,073 - INFO - [Thread-47 (process_request_thread)] [list_user_files] - Found 1 records for 'Oreo'.
2025-05-01 10:16:49,081 - INFO - [Thread-47 (process_request_thread)] [_log] - 127.0.0.1 - - [01/May/2025 10:16:49] "[35m[1mGET /files/Oreo HTTP/1.1[0m" 500 -
2025-05-01 10:16:49,749 - INFO - [Thread-48 (process_request_thread)] [list_user_files] - List files request for: 'Oreo'
2025-05-01 10:16:49,750 - INFO - [Thread-48 (process_request_thread)] [list_user_files] - Fetching files for user 'Oreo' from DB...
2025-05-01 10:16:49,774 - INFO - [Thread-48 (process_request_thread)] [find_metadata_by_username] - Found 1 metadata records for username: Oreo
2025-05-01 10:16:49,774 - INFO - [Thread-48 (process_request_thread)] [list_user_files] - Found 1 records for 'Oreo'.
2025-05-01 10:16:49,782 - INFO - [Thread-48 (process_request_thread)] [_log] - 127.0.0.1 - - [01/May/2025 10:16:49] "[35m[1mGET /files/Oreo HTTP/1.1[0m" 500 -
2025-05-01 10:17:02,559 - INFO - [Thread-49 (process_request_thread)] [list_user_files] - List files request for: 'Oreo'
2025-05-01 10:17:02,559 - INFO - [Thread-49 (process_request_thread)] [list_user_files] - Fetching files for user 'Oreo' from DB...
2025-05-01 10:17:02,594 - INFO - [Thread-49 (process_request_thread)] [find_metadata_by_username] - Found 1 metadata records for username: Oreo
2025-05-01 10:17:02,595 - INFO - [Thread-49 (process_request_thread)] [list_user_files] - Found 1 records for 'Oreo'.
2025-05-01 10:17:02,604 - INFO - [Thread-49 (process_request_thread)] [_log] - 127.0.0.1 - - [01/May/2025 10:17:02] "[35m[1mGET /files/Oreo HTTP/1.1[0m" 500 -
2025-05-01 10:17:02,770 - INFO - [Thread-50 (process_request_thread)] [list_user_files] - List files request for: 'Oreo'
2025-05-01 10:17:02,770 - INFO - [Thread-50 (process_request_thread)] [list_user_files] - Fetching files for user 'Oreo' from DB...
2025-05-01 10:17:02,795 - INFO - [Thread-50 (process_request_thread)] [find_metadata_by_username] - Found 1 metadata records for username: Oreo
2025-05-01 10:17:02,795 - INFO - [Thread-50 (process_request_thread)] [list_user_files] - Found 1 records for 'Oreo'.
2025-05-01 10:17:02,804 - INFO - [Thread-50 (process_request_thread)] [_log] - 127.0.0.1 - - [01/May/2025 10:17:02] "[35m[1mGET /files/Oreo HTTP/1.1[0m" 500 -
2025-05-01 10:17:03,181 - INFO - [Thread-51 (process_request_thread)] [list_user_files] - List files request for: 'Oreo'
2025-05-01 10:17:03,182 - INFO - [Thread-51 (process_request_thread)] [list_user_files] - Fetching files for user 'Oreo' from DB...
2025-05-01 10:17:03,204 - INFO - [Thread-51 (process_request_thread)] [find_metadata_by_username] - Found 1 metadata records for username: Oreo
2025-05-01 10:17:03,204 - INFO - [Thread-51 (process_request_thread)] [list_user_files] - Found 1 records for 'Oreo'.
2025-05-01 10:17:03,214 - INFO - [Thread-51 (process_request_thread)] [_log] - 127.0.0.1 - - [01/May/2025 10:17:03] "[35m[1mGET /files/Oreo HTTP/1.1[0m" 500 -
2025-05-01 10:17:03,398 - INFO - [Thread-52 (process_request_thread)] [list_user_files] - List files request for: 'Oreo'
2025-05-01 10:17:03,399 - INFO - [Thread-52 (process_request_thread)] [list_user_files] - Fetching files for user 'Oreo' from DB...
2025-05-01 10:17:03,420 - INFO - [Thread-52 (process_request_thread)] [find_metadata_by_username] - Found 1 metadata records for username: Oreo
2025-05-01 10:17:03,421 - INFO - [Thread-52 (process_request_thread)] [list_user_files] - Found 1 records for 'Oreo'.
2025-05-01 10:17:03,430 - INFO - [Thread-52 (process_request_thread)] [_log] - 127.0.0.1 - - [01/May/2025 10:17:03] "[35m[1mGET /files/Oreo HTTP/1.1[0m" 500 -
2025-05-01 10:17:24,875 - INFO - [Thread-53 (process_request_thread)] [list_user_files] - List files request for: 'Oreo'
2025-05-01 10:17:24,875 - INFO - [Thread-53 (process_request_thread)] [list_user_files] - Fetching files for user 'Oreo' from DB...
2025-05-01 10:17:24,897 - INFO - [Thread-53 (process_request_thread)] [find_metadata_by_username] - Found 1 metadata records for username: Oreo
2025-05-01 10:17:24,897 - INFO - [Thread-53 (process_request_thread)] [list_user_files] - Found 1 records for 'Oreo'.
2025-05-01 10:17:24,906 - INFO - [Thread-53 (process_request_thread)] [_log] - 127.0.0.1 - - [01/May/2025 10:17:24] "[35m[1mGET /files/Oreo HTTP/1.1[0m" 500 -
2025-05-01 10:17:25,331 - INFO - [Thread-54 (process_request_thread)] [list_user_files] - List files request for: 'Oreo'
2025-05-01 10:17:25,332 - INFO - [Thread-54 (process_request_thread)] [list_user_files] - Fetching files for user 'Oreo' from DB...
2025-05-01 10:17:25,355 - INFO - [Thread-54 (process_request_thread)] [find_metadata_by_username] - Found 1 metadata records for username: Oreo
2025-05-01 10:17:25,355 - INFO - [Thread-54 (process_request_thread)] [list_user_files] - Found 1 records for 'Oreo'.
2025-05-01 10:17:25,364 - INFO - [Thread-54 (process_request_thread)] [_log] - 127.0.0.1 - - [01/May/2025 10:17:25] "[35m[1mGET /files/Oreo HTTP/1.1[0m" 500 -
2025-05-01 10:17:25,519 - INFO - [Thread-55 (process_request_thread)] [list_user_files] - List files request for: 'Oreo'
2025-05-01 10:17:25,519 - INFO - [Thread-55 (process_request_thread)] [list_user_files] - Fetching files for user 'Oreo' from DB...
2025-05-01 10:17:25,539 - INFO - [Thread-55 (process_request_thread)] [find_metadata_by_username] - Found 1 metadata records for username: Oreo
2025-05-01 10:17:25,540 - INFO - [Thread-55 (process_request_thread)] [list_user_files] - Found 1 records for 'Oreo'.
2025-05-01 10:17:25,548 - INFO - [Thread-55 (process_request_thread)] [_log] - 127.0.0.1 - - [01/May/2025 10:17:25] "[35m[1mGET /files/Oreo HTTP/1.1[0m" 500 -
2025-05-01 10:17:25,699 - INFO - [Thread-56 (process_request_thread)] [list_user_files] - List files request for: 'Oreo'
2025-05-01 10:17:25,699 - INFO - [Thread-56 (process_request_thread)] [list_user_files] - Fetching files for user 'Oreo' from DB...
2025-05-01 10:17:25,721 - INFO - [Thread-56 (process_request_thread)] [find_metadata_by_username] - Found 1 metadata records for username: Oreo
2025-05-01 10:17:25,721 - INFO - [Thread-56 (process_request_thread)] [list_user_files] - Found 1 records for 'Oreo'.
2025-05-01 10:17:25,729 - INFO - [Thread-56 (process_request_thread)] [_log] - 127.0.0.1 - - [01/May/2025 10:17:25] "[35m[1mGET /files/Oreo HTTP/1.1[0m" 500 -
2025-05-01 10:17:25,879 - INFO - [Thread-57 (process_request_thread)] [list_user_files] - List files request for: 'Oreo'
2025-05-01 10:17:25,880 - INFO - [Thread-57 (process_request_thread)] [list_user_files] - Fetching files for user 'Oreo' from DB...
2025-05-01 10:17:25,903 - INFO - [Thread-57 (process_request_thread)] [find_metadata_by_username] - Found 1 metadata records for username: Oreo
2025-05-01 10:17:25,904 - INFO - [Thread-57 (process_request_thread)] [list_user_files] - Found 1 records for 'Oreo'.
2025-05-01 10:17:25,911 - INFO - [Thread-57 (process_request_thread)] [_log] - 127.0.0.1 - - [01/May/2025 10:17:25] "[35m[1mGET /files/Oreo HTTP/1.1[0m" 500 -
2025-05-01 10:17:26,059 - INFO - [Thread-58 (process_request_thread)] [list_user_files] - List files request for: 'Oreo'
2025-05-01 10:17:26,060 - INFO - [Thread-58 (process_request_thread)] [list_user_files] - Fetching files for user 'Oreo' from DB...
2025-05-01 10:17:26,082 - INFO - [Thread-58 (process_request_thread)] [find_metadata_by_username] - Found 1 metadata records for username: Oreo
2025-05-01 10:17:26,083 - INFO - [Thread-58 (process_request_thread)] [list_user_files] - Found 1 records for 'Oreo'.
2025-05-01 10:17:26,092 - INFO - [Thread-58 (process_request_thread)] [_log] - 127.0.0.1 - - [01/May/2025 10:17:26] "[35m[1mGET /files/Oreo HTTP/1.1[0m" 500 -
2025-05-01 10:17:26,249 - INFO - [Thread-59 (process_request_thread)] [list_user_files] - List files request for: 'Oreo'
2025-05-01 10:17:26,250 - INFO - [Thread-59 (process_request_thread)] [list_user_files] - Fetching files for user 'Oreo' from DB...
2025-05-01 10:17:26,284 - INFO - [Thread-59 (process_request_thread)] [find_metadata_by_username] - Found 1 metadata records for username: Oreo
2025-05-01 10:17:26,285 - INFO - [Thread-59 (process_request_thread)] [list_user_files] - Found 1 records for 'Oreo'.
2025-05-01 10:17:26,294 - INFO - [Thread-59 (process_request_thread)] [_log] - 127.0.0.1 - - [01/May/2025 10:17:26] "[35m[1mGET /files/Oreo HTTP/1.1[0m" 500 -
2025-05-01 10:17:26,469 - INFO - [Thread-60 (process_request_thread)] [list_user_files] - List files request for: 'Oreo'
2025-05-01 10:17:26,470 - INFO - [Thread-60 (process_request_thread)] [list_user_files] - Fetching files for user 'Oreo' from DB...
2025-05-01 10:17:26,492 - INFO - [Thread-60 (process_request_thread)] [find_metadata_by_username] - Found 1 metadata records for username: Oreo
2025-05-01 10:17:26,492 - INFO - [Thread-60 (process_request_thread)] [list_user_files] - Found 1 records for 'Oreo'.
2025-05-01 10:17:26,500 - INFO - [Thread-60 (process_request_thread)] [_log] - 127.0.0.1 - - [01/May/2025 10:17:26] "[35m[1mGET /files/Oreo HTTP/1.1[0m" 500 -
2025-05-01 10:17:26,647 - INFO - [Thread-61 (process_request_thread)] [list_user_files] - List files request for: 'Oreo'
2025-05-01 10:17:26,648 - INFO - [Thread-61 (process_request_thread)] [list_user_files] - Fetching files for user 'Oreo' from DB...
2025-05-01 10:17:26,668 - INFO - [Thread-61 (process_request_thread)] [find_metadata_by_username] - Found 1 metadata records for username: Oreo
2025-05-01 10:17:26,669 - INFO - [Thread-61 (process_request_thread)] [list_user_files] - Found 1 records for 'Oreo'.
2025-05-01 10:17:26,679 - INFO - [Thread-61 (process_request_thread)] [_log] - 127.0.0.1 - - [01/May/2025 10:17:26] "[35m[1mGET /files/Oreo HTTP/1.1[0m" 500 -
2025-05-01 10:17:27,573 - INFO - [Thread-62 (process_request_thread)] [list_user_files] - List files request for: 'Oreo'
2025-05-01 10:17:27,573 - INFO - [Thread-62 (process_request_thread)] [list_user_files] - Fetching files for user 'Oreo' from DB...
2025-05-01 10:17:27,594 - INFO - [Thread-62 (process_request_thread)] [find_metadata_by_username] - Found 1 metadata records for username: Oreo
2025-05-01 10:17:27,594 - INFO - [Thread-62 (process_request_thread)] [list_user_files] - Found 1 records for 'Oreo'.
2025-05-01 10:17:27,603 - INFO - [Thread-62 (process_request_thread)] [_log] - 127.0.0.1 - - [01/May/2025 10:17:27] "[35m[1mGET /files/Oreo HTTP/1.1[0m" 500 -
2025-05-01 10:17:27,775 - INFO - [Thread-63 (process_request_thread)] [list_user_files] - List files request for: 'Oreo'
2025-05-01 10:17:27,775 - INFO - [Thread-63 (process_request_thread)] [list_user_files] - Fetching files for user 'Oreo' from DB...
2025-05-01 10:17:27,796 - INFO - [Thread-63 (process_request_thread)] [find_metadata_by_username] - Found 1 metadata records for username: Oreo
2025-05-01 10:17:27,796 - INFO - [Thread-63 (process_request_thread)] [list_user_files] - Found 1 records for 'Oreo'.
2025-05-01 10:17:27,805 - INFO - [Thread-63 (process_request_thread)] [_log] - 127.0.0.1 - - [01/May/2025 10:17:27] "[35m[1mGET /files/Oreo HTTP/1.1[0m" 500 -
2025-05-01 10:17:28,164 - INFO - [Thread-64 (process_request_thread)] [list_user_files] - List files request for: 'Oreo'
2025-05-01 10:17:28,165 - INFO - [Thread-64 (process_request_thread)] [list_user_files] - Fetching files for user 'Oreo' from DB...
2025-05-01 10:17:28,189 - INFO - [Thread-64 (process_request_thread)] [find_metadata_by_username] - Found 1 metadata records for username: Oreo
2025-05-01 10:17:28,189 - INFO - [Thread-64 (process_request_thread)] [list_user_files] - Found 1 records for 'Oreo'.
2025-05-01 10:17:28,198 - INFO - [Thread-64 (process_request_thread)] [_log] - 127.0.0.1 - - [01/May/2025 10:17:28] "[35m[1mGET /files/Oreo HTTP/1.1[0m" 500 -
2025-05-01 10:17:35,277 - INFO - [Thread-65 (process_request_thread)] [list_user_files] - List files request for: 'Oreo'
2025-05-01 10:17:35,277 - INFO - [Thread-65 (process_request_thread)] [list_user_files] - Fetching files for user 'Oreo' from DB...
2025-05-01 10:17:35,300 - INFO - [Thread-65 (process_request_thread)] [find_metadata_by_username] - Found 1 metadata records for username: Oreo
2025-05-01 10:17:35,300 - INFO - [Thread-65 (process_request_thread)] [list_user_files] - Found 1 records for 'Oreo'.
2025-05-01 10:17:35,309 - INFO - [Thread-65 (process_request_thread)] [_log] - 127.0.0.1 - - [01/May/2025 10:17:35] "[35m[1mGET /files/Oreo HTTP/1.1[0m" 500 -
2025-05-01 10:17:35,605 - INFO - [Thread-66 (process_request_thread)] [list_user_files] - List files request for: 'Oreo'
2025-05-01 10:17:35,606 - INFO - [Thread-66 (process_request_thread)] [list_user_files] - Fetching files for user 'Oreo' from DB...
2025-05-01 10:17:35,628 - INFO - [Thread-66 (process_request_thread)] [find_metadata_by_username] - Found 1 metadata records for username: Oreo
2025-05-01 10:17:35,629 - INFO - [Thread-66 (process_request_thread)] [list_user_files] - Found 1 records for 'Oreo'.
2025-05-01 10:17:35,638 - INFO - [Thread-66 (process_request_thread)] [_log] - 127.0.0.1 - - [01/May/2025 10:17:35] "[35m[1mGET /files/Oreo HTTP/1.1[0m" 500 -
2025-05-01 10:17:35,793 - INFO - [Thread-67 (process_request_thread)] [list_user_files] - List files request for: 'Oreo'
2025-05-01 10:17:35,793 - INFO - [Thread-67 (process_request_thread)] [list_user_files] - Fetching files for user 'Oreo' from DB...
2025-05-01 10:17:35,817 - INFO - [Thread-67 (process_request_thread)] [find_metadata_by_username] - Found 1 metadata records for username: Oreo
2025-05-01 10:17:35,818 - INFO - [Thread-67 (process_request_thread)] [list_user_files] - Found 1 records for 'Oreo'.
2025-05-01 10:17:35,827 - INFO - [Thread-67 (process_request_thread)] [_log] - 127.0.0.1 - - [01/May/2025 10:17:35] "[35m[1mGET /files/Oreo HTTP/1.1[0m" 500 -
2025-05-01 10:17:35,971 - INFO - [Thread-68 (process_request_thread)] [list_user_files] - List files request for: 'Oreo'
2025-05-01 10:17:35,972 - INFO - [Thread-68 (process_request_thread)] [list_user_files] - Fetching files for user 'Oreo' from DB...
2025-05-01 10:17:35,994 - INFO - [Thread-68 (process_request_thread)] [find_metadata_by_username] - Found 1 metadata records for username: Oreo
2025-05-01 10:17:35,995 - INFO - [Thread-68 (process_request_thread)] [list_user_files] - Found 1 records for 'Oreo'.
2025-05-01 10:17:36,003 - INFO - [Thread-68 (process_request_thread)] [_log] - 127.0.0.1 - - [01/May/2025 10:17:36] "[35m[1mGET /files/Oreo HTTP/1.1[0m" 500 -
2025-05-01 10:17:36,167 - INFO - [Thread-69 (process_request_thread)] [list_user_files] - List files request for: 'Oreo'
2025-05-01 10:17:36,167 - INFO - [Thread-69 (process_request_thread)] [list_user_files] - Fetching files for user 'Oreo' from DB...
2025-05-01 10:17:36,190 - INFO - [Thread-69 (process_request_thread)] [find_metadata_by_username] - Found 1 metadata records for username: Oreo
2025-05-01 10:17:36,190 - INFO - [Thread-69 (process_request_thread)] [list_user_files] - Found 1 records for 'Oreo'.
2025-05-01 10:17:36,199 - INFO - [Thread-69 (process_request_thread)] [_log] - 127.0.0.1 - - [01/May/2025 10:17:36] "[35m[1mGET /files/Oreo HTTP/1.1[0m" 500 -
2025-05-01 10:17:36,610 - INFO - [Thread-70 (process_request_thread)] [list_user_files] - List files request for: 'Oreo'
2025-05-01 10:17:36,610 - INFO - [Thread-70 (process_request_thread)] [list_user_files] - Fetching files for user 'Oreo' from DB...
2025-05-01 10:17:36,631 - INFO - [Thread-70 (process_request_thread)] [find_metadata_by_username] - Found 1 metadata records for username: Oreo
2025-05-01 10:17:36,632 - INFO - [Thread-70 (process_request_thread)] [list_user_files] - Found 1 records for 'Oreo'.
2025-05-01 10:17:36,640 - INFO - [Thread-70 (process_request_thread)] [_log] - 127.0.0.1 - - [01/May/2025 10:17:36] "[35m[1mGET /files/Oreo HTTP/1.1[0m" 500 -
2025-05-01 10:17:36,861 - INFO - [Thread-71 (process_request_thread)] [list_user_files] - List files request for: 'Oreo'
2025-05-01 10:17:36,862 - INFO - [Thread-71 (process_request_thread)] [list_user_files] - Fetching files for user 'Oreo' from DB...
2025-05-01 10:17:36,883 - INFO - [Thread-71 (process_request_thread)] [find_metadata_by_username] - Found 1 metadata records for username: Oreo
2025-05-01 10:17:36,884 - INFO - [Thread-71 (process_request_thread)] [list_user_files] - Found 1 records for 'Oreo'.
2025-05-01 10:17:36,893 - INFO - [Thread-71 (process_request_thread)] [_log] - 127.0.0.1 - - [01/May/2025 10:17:36] "[35m[1mGET /files/Oreo HTTP/1.1[0m" 500 -
2025-05-01 10:17:37,143 - INFO - [Thread-72 (process_request_thread)] [list_user_files] - List files request for: 'Oreo'
2025-05-01 10:17:37,143 - INFO - [Thread-72 (process_request_thread)] [list_user_files] - Fetching files for user 'Oreo' from DB...
2025-05-01 10:17:37,164 - INFO - [Thread-72 (process_request_thread)] [find_metadata_by_username] - Found 1 metadata records for username: Oreo
2025-05-01 10:17:37,165 - INFO - [Thread-72 (process_request_thread)] [list_user_files] - Found 1 records for 'Oreo'.
2025-05-01 10:17:37,174 - INFO - [Thread-72 (process_request_thread)] [_log] - 127.0.0.1 - - [01/May/2025 10:17:37] "[35m[1mGET /files/Oreo HTTP/1.1[0m" 500 -
2025-05-01 10:17:38,725 - INFO - [Thread-73 (process_request_thread)] [list_user_files] - List files request for: 'Oreo'
2025-05-01 10:17:38,726 - INFO - [Thread-73 (process_request_thread)] [list_user_files] - Fetching files for user 'Oreo' from DB...
2025-05-01 10:17:38,749 - INFO - [Thread-73 (process_request_thread)] [find_metadata_by_username] - Found 1 metadata records for username: Oreo
2025-05-01 10:17:38,750 - INFO - [Thread-73 (process_request_thread)] [list_user_files] - Found 1 records for 'Oreo'.
2025-05-01 10:17:38,758 - INFO - [Thread-73 (process_request_thread)] [_log] - 127.0.0.1 - - [01/May/2025 10:17:38] "[35m[1mGET /files/Oreo HTTP/1.1[0m" 500 -
2025-05-01 10:17:38,943 - INFO - [Thread-74 (process_request_thread)] [list_user_files] - List files request for: 'Oreo'
2025-05-01 10:17:38,944 - INFO - [Thread-74 (process_request_thread)] [list_user_files] - Fetching files for user 'Oreo' from DB...
2025-05-01 10:17:38,964 - INFO - [Thread-74 (process_request_thread)] [find_metadata_by_username] - Found 1 metadata records for username: Oreo
2025-05-01 10:17:38,965 - INFO - [Thread-74 (process_request_thread)] [list_user_files] - Found 1 records for 'Oreo'.
2025-05-01 10:17:38,973 - INFO - [Thread-74 (process_request_thread)] [_log] - 127.0.0.1 - - [01/May/2025 10:17:38] "[35m[1mGET /files/Oreo HTTP/1.1[0m" 500 -
2025-05-01 10:17:39,127 - INFO - [Thread-75 (process_request_thread)] [list_user_files] - List files request for: 'Oreo'
2025-05-01 10:17:39,127 - INFO - [Thread-75 (process_request_thread)] [list_user_files] - Fetching files for user 'Oreo' from DB...
2025-05-01 10:17:39,151 - INFO - [Thread-75 (process_request_thread)] [find_metadata_by_username] - Found 1 metadata records for username: Oreo
2025-05-01 10:17:39,152 - INFO - [Thread-75 (process_request_thread)] [list_user_files] - Found 1 records for 'Oreo'.
2025-05-01 10:17:39,160 - INFO - [Thread-75 (process_request_thread)] [_log] - 127.0.0.1 - - [01/May/2025 10:17:39] "[35m[1mGET /files/Oreo HTTP/1.1[0m" 500 -
2025-05-01 10:17:41,009 - INFO - [Thread-76 (process_request_thread)] [list_user_files] - List files request for: 'Oreo'
2025-05-01 10:17:41,010 - INFO - [Thread-76 (process_request_thread)] [list_user_files] - Fetching files for user 'Oreo' from DB...
2025-05-01 10:17:41,030 - INFO - [Thread-76 (process_request_thread)] [find_metadata_by_username] - Found 1 metadata records for username: Oreo
2025-05-01 10:17:41,030 - INFO - [Thread-76 (process_request_thread)] [list_user_files] - Found 1 records for 'Oreo'.
2025-05-01 10:17:41,040 - INFO - [Thread-76 (process_request_thread)] [_log] - 127.0.0.1 - - [01/May/2025 10:17:41] "[35m[1mGET /files/Oreo HTTP/1.1[0m" 500 -
2025-05-01 10:17:41,191 - INFO - [Thread-77 (process_request_thread)] [list_user_files] - List files request for: 'Oreo'
2025-05-01 10:17:41,192 - INFO - [Thread-77 (process_request_thread)] [list_user_files] - Fetching files for user 'Oreo' from DB...
2025-05-01 10:17:41,214 - INFO - [Thread-77 (process_request_thread)] [find_metadata_by_username] - Found 1 metadata records for username: Oreo
2025-05-01 10:17:41,214 - INFO - [Thread-77 (process_request_thread)] [list_user_files] - Found 1 records for 'Oreo'.
2025-05-01 10:17:41,223 - INFO - [Thread-77 (process_request_thread)] [_log] - 127.0.0.1 - - [01/May/2025 10:17:41] "[35m[1mGET /files/Oreo HTTP/1.1[0m" 500 -
2025-05-01 10:18:18,250 - INFO - [Thread-27] [_schedule_cleanup] - [Cleanup-dbc3ddef-37d4-494d-964e-36ef2fcc2b75] Scheduled cleanup executing for path: E:\Telegram_tool\Telegram_Bot_Tool\uploads_temp\dl_final_dbc3ddef-37d4-494d-964e-36ef2fcc2b75_xa3om__k
2025-05-01 10:18:18,262 - INFO - [Thread-27] [_safe_remove_file] - [Cleanup-dbc3ddef-37d4-494d-964e-36ef2fcc2b75] Cleaned up final dl: E:\Telegram_tool\Telegram_Bot_Tool\uploads_temp\dl_final_dbc3ddef-37d4-494d-964e-36ef2fcc2b75_xa3om__k
2025-05-01 10:18:18,262 - INFO - [Thread-27] [_schedule_cleanup] - [Cleanup-dbc3ddef-37d4-494d-964e-36ef2fcc2b75] Prep data removed.
2025-05-01 10:22:00,098 - INFO - [MainThread] [_log] -  * Detected change in 'E:\\Telegram_tool\\Telegram_Bot_Tool\\database.py', reloading
