2025-05-05 12:54:55,963 - INFO - [MainThread] [<module>] - ============================================================
2025-05-05 12:54:55,963 - INFO - [MainThread] [<module>] - Logging configured. Level: INFO. Log file: Selenium-Logs\app_20250505_125455.log
2025-05-05 12:54:55,963 - INFO - [MainThread] [<module>] - Primary Chat ID: -4603853425
2025-05-05 12:54:55,963 - INFO - [MainThread] [<module>] - All Target Chat IDs: ['-4603853425', '-1002614397019', '-4641852757']
2025-05-05 12:54:55,979 - INFO - [MainThread] [<module>] - Chunk Size: 20.0 MB (20971520 bytes)
2025-05-05 12:54:55,979 - INFO - [MainThread] [<module>] - API Timeouts (Connect/Read): 10s / 60s
2025-05-05 12:54:55,979 - INFO - [MainThread] [<module>] - API Retries: 3 attempts, 2s delay
2025-05-05 12:54:55,979 - INFO - [MainThread] [<module>] - Max Upload Workers: 5
2025-05-05 12:54:55,979 - INFO - [MainThread] [<module>] - Max Download Workers: 12
2025-05-05 12:54:55,979 - INFO - [MainThread] [<module>] - ============================================================
2025-05-05 12:54:55,979 - INFO - [MainThread] [<module>] - Configuration loaded successfully.
2025-05-05 12:54:55,991 - INFO - [MainThread] [<module>] - Custom Jinja filter 'format_bytes' registered.
2025-05-05 12:54:55,991 - INFO - [MainThread] [<module>] - Flask-CORS initialized. Allowing origins: *
2025-05-05 12:54:55,991 - INFO - [MainThread] [<module>] - Flask application initialized.
2025-05-05 12:54:55,991 - INFO - [MainThread] [<module>] - Flask-Login initialized.
2025-05-05 12:54:55,995 - INFO - [MainThread] [<module>] - Global state variables initialized (upload_progress_data, download_prep_data).
2025-05-05 12:54:55,999 - INFO - [MainThread] [<module>] - Custom Jinja filter 'format_bytes' registered.
2025-05-05 12:54:55,999 - INFO - [MainThread] [<module>] - Flask-CORS initialized. Allowing origins: *
2025-05-05 12:54:55,999 - INFO - [MainThread] [<module>] - Flask application initialized.
2025-05-05 12:54:55,999 - INFO - [MainThread] [<module>] - Flask-Login initialized.
2025-05-05 12:54:56,000 - INFO - [MainThread] [<module>] - Global state variables initialized (upload_progress_data, download_prep_data).
2025-05-05 12:54:56,129 - INFO - [MainThread] [<module>] - Database module initialized.
2025-05-05 12:54:56,588 - INFO - [MainThread] [<module>] - Initialized requests.Session for Telegram API calls.
2025-05-05 12:54:56,588 - INFO - [MainThread] [<module>] - Telegram API functions defined with Session and Retries.
2025-05-05 12:54:56,593 - INFO - [MainThread] [<module>] - Flask routes defined using configurable workers and linter fixes.
2025-05-05 12:54:56,595 - INFO - [MainThread] [<module>] - Starting Flask development server...
2025-05-05 12:54:56,600 - WARNING - [MainThread] [_log] -  * Debugger is active!
2025-05-05 12:54:56,617 - INFO - [MainThread] [_log] -  * Debugger PIN: 107-410-311
2025-05-05 12:55:00,597 - INFO - [Thread-2 (process_request_thread)] [_log] - 192.168.1.20 - - [05/May/2025 12:55:00] "[32mPOST /initiate-upload HTTP/1.1[0m" 302 -
2025-05-05 12:55:14,013 - INFO - [Thread-3 (process_request_thread)] [_log] - 192.168.1.20 - - [05/May/2025 12:55:14] "GET /login?next=/initiate-upload HTTP/1.1" 200 -
2025-05-05 12:56:12,407 - INFO - [Thread-4 (process_request_thread)] [_log] - 192.168.1.20 - - [05/May/2025 12:56:12] "[32mPOST /initiate-upload HTTP/1.1[0m" 302 -
2025-05-05 12:56:24,466 - INFO - [Thread-5 (process_request_thread)] [_log] - 192.168.1.20 - - [05/May/2025 12:56:24] "GET /login?next=/initiate-upload HTTP/1.1" 200 -
2025-05-05 12:57:17,818 - INFO - [Thread-7 (process_request_thread)] [index] - Serving index page.
2025-05-05 12:57:17,849 - INFO - [Thread-7 (process_request_thread)] [_log] - 127.0.0.1 - - [05/May/2025 12:57:17] "GET / HTTP/1.1" 200 -
2025-05-05 12:57:25,791 - INFO - [Thread-6 (process_request_thread)] [_log] - 127.0.0.1 - - [05/May/2025 12:57:25] "[32mPOST /initiate-upload HTTP/1.1[0m" 302 -
2025-05-05 12:57:25,792 - INFO - [Thread-8 (process_request_thread)] [_log] - 127.0.0.1 - - [05/May/2025 12:57:25] "GET /login?next=/initiate-upload HTTP/1.1" 200 -
2025-05-05 12:57:33,758 - INFO - [Thread-9 (process_request_thread)] [show_register_page] - Serving registration page.
2025-05-05 12:57:33,770 - INFO - [Thread-9 (process_request_thread)] [_log] - 127.0.0.1 - - [05/May/2025 12:57:33] "GET /register HTTP/1.1" 200 -
2025-05-05 12:57:44,918 - INFO - [Thread-11 (process_request_thread)] [_log] - 127.0.0.1 - - [05/May/2025 12:57:44] "OPTIONS /register HTTP/1.1" 200 -
2025-05-05 12:57:45,181 - INFO - [Thread-12 (process_request_thread)] [register_user] - Received POST request for /register
2025-05-05 12:57:45,181 - INFO - [Thread-12 (process_request_thread)] [register_user] - Received registration data: {'username': 'Brayer', 'email': 'bray12@gmail.com', 'password': 'br12', 'confirmPassword': 'br12', 'agreeTerms': True, 'understandPrivacy': True}
2025-05-05 12:57:45,181 - INFO - [Thread-12 (process_request_thread)] [_connect_to_db] - Attempting to connect to MongoDB Atlas host: telegrambot.6armfs2.mongodb.net...
2025-05-05 12:57:47,270 - INFO - [Thread-12 (process_request_thread)] [_connect_to_db] - ✅ Successfully connected and pinged MongoDB Atlas!
2025-05-05 12:57:47,285 - INFO - [Thread-12 (process_request_thread)] [get_db] - Accessed database: Telegrambot
2025-05-05 12:57:47,285 - INFO - [Thread-12 (process_request_thread)] [get_userinfo_collection] - Accessed collection: userinfo
2025-05-05 12:57:47,333 - INFO - [Thread-12 (process_request_thread)] [find_user_by_username] - No user record found for username: Brayer
2025-05-05 12:57:47,383 - INFO - [Thread-12 (process_request_thread)] [find_user_by_email] - No user record found for email: bray12@gmail.com
2025-05-05 12:57:47,934 - INFO - [Thread-12 (process_request_thread)] [save_user] - Successfully inserted new user with ID: 68186873a701191948e591da
2025-05-05 12:57:47,934 - INFO - [Thread-12 (process_request_thread)] [register_user] - User 'Brayer' registered successfully.
2025-05-05 12:57:47,934 - INFO - [Thread-12 (process_request_thread)] [_log] - 127.0.0.1 - - [05/May/2025 12:57:47] "[35m[1mPOST /register HTTP/1.1[0m" 201 -
2025-05-05 12:57:51,212 - INFO - [Thread-10 (process_request_thread)] [index] - Serving index page.
2025-05-05 12:57:51,228 - INFO - [Thread-10 (process_request_thread)] [_log] - 127.0.0.1 - - [05/May/2025 12:57:51] "GET / HTTP/1.1" 200 -
2025-05-05 12:57:53,027 - INFO - [Thread-14 (process_request_thread)] [_log] - 127.0.0.1 - - [05/May/2025 12:57:53] "GET /login HTTP/1.1" 200 -
2025-05-05 12:57:57,513 - INFO - [Thread-15 (process_request_thread)] [login] - Login attempt for email: bray12@gmail.com
2025-05-05 12:57:57,551 - INFO - [Thread-15 (process_request_thread)] [find_user_by_email] - Found user record for email: bray12@gmail.com
2025-05-05 12:57:58,075 - INFO - [Thread-15 (process_request_thread)] [login] - User 'Brayer' (bray12@gmail.com) logged in successfully.
2025-05-05 12:57:58,076 - INFO - [Thread-15 (process_request_thread)] [_log] - 127.0.0.1 - - [05/May/2025 12:57:58] "[32mPOST /login HTTP/1.1[0m" 302 -
2025-05-05 12:57:58,082 - INFO - [Thread-16 (process_request_thread)] [index] - Serving index page.
2025-05-05 12:57:58,133 - INFO - [Thread-16 (process_request_thread)] [_log] - 127.0.0.1 - - [05/May/2025 12:57:58] "GET / HTTP/1.1" 200 -
2025-05-05 12:58:01,199 - INFO - [Thread-17 (process_request_thread)] [_log] - 127.0.0.1 - - [05/May/2025 12:58:01] "GET /login HTTP/1.1" 200 -
2025-05-05 12:58:04,611 - INFO - [Thread-18 (process_request_thread)] [login] - Login attempt for email: bray12@gmail.com
2025-05-05 12:58:04,660 - INFO - [Thread-18 (process_request_thread)] [find_user_by_email] - Found user record for email: bray12@gmail.com
2025-05-05 12:58:05,160 - WARNING - [Thread-18 (process_request_thread)] [login] - Failed login attempt for email: bray12@gmail.com
2025-05-05 12:58:05,225 - INFO - [Thread-18 (process_request_thread)] [_log] - 127.0.0.1 - - [05/May/2025 12:58:05] "POST /login HTTP/1.1" 200 -
2025-05-05 12:58:12,577 - INFO - [Thread-19 (process_request_thread)] [login] - Login attempt for email: bray12@gmail.com
2025-05-05 12:58:12,621 - INFO - [Thread-19 (process_request_thread)] [find_user_by_email] - Found user record for email: bray12@gmail.com
2025-05-05 12:58:13,122 - INFO - [Thread-19 (process_request_thread)] [login] - User 'Brayer' (bray12@gmail.com) logged in successfully.
2025-05-05 12:58:13,138 - INFO - [Thread-19 (process_request_thread)] [_log] - 127.0.0.1 - - [05/May/2025 12:58:13] "[32mPOST /login HTTP/1.1[0m" 302 -
2025-05-05 12:58:13,143 - INFO - [Thread-20 (process_request_thread)] [index] - Serving index page.
2025-05-05 12:58:13,191 - INFO - [Thread-20 (process_request_thread)] [_log] - 127.0.0.1 - - [05/May/2025 12:58:13] "GET / HTTP/1.1" 200 -
2025-05-05 12:58:18,412 - INFO - [Thread-21 (process_request_thread)] [initiate_upload] - Request initiate upload.
2025-05-05 12:58:18,414 - INFO - [Thread-21 (process_request_thread)] [initiate_upload] - Upload initiated by user: bray12@gmail.com
2025-05-05 12:58:18,415 - INFO - [Thread-21 (process_request_thread)] [initiate_upload] - [01e20a1b-36c9-4aed-a69d-c9ba6446d27b] Temp storage: uploads_temp\01e20a1b-36c9-4aed-a69d-c9ba6446d27b_.env
2025-05-05 12:58:18,418 - INFO - [Thread-21 (process_request_thread)] [initiate_upload] - [01e20a1b-36c9-4aed-a69d-c9ba6446d27b] Temp saved: '.env'.
2025-05-05 12:58:18,421 - INFO - [Thread-21 (process_request_thread)] [_log] - 127.0.0.1 - - [05/May/2025 12:58:18] "POST /initiate-upload HTTP/1.1" 200 -
2025-05-05 12:58:18,427 - INFO - [Thread-22 (process_request_thread)] [stream_progress] - SSE connect request for upload_id: 01e20a1b-36c9-4aed-a69d-c9ba6446d27b
2025-05-05 12:58:18,427 - INFO - [Thread-22 (process_request_thread)] [process_upload_and_generate_updates] - [01e20a1b-36c9-4aed-a69d-c9ba6446d27b] Starting processing generator...
2025-05-05 12:58:18,427 - INFO - [Thread-22 (process_request_thread)] [process_upload_and_generate_updates] - [01e20a1b-36c9-4aed-a69d-c9ba6446d27b] Processing: User='Brayer', File='.env'
2025-05-05 12:58:18,433 - INFO - [Thread-22 (process_request_thread)] [process_upload_and_generate_updates] - [01e20a1b-36c9-4aed-a69d-c9ba6446d27b] Initialized Upload Executor (max=5)
2025-05-05 12:58:18,433 - INFO - [Thread-22 (process_request_thread)] [_log] - 127.0.0.1 - - [05/May/2025 12:58:18] "GET /stream-progress/01e20a1b-36c9-4aed-a69d-c9ba6446d27b HTTP/1.1" 200 -
2025-05-05 12:58:18,433 - INFO - [Thread-22 (process_request_thread)] [process_upload_and_generate_updates] - [01e20a1b-36c9-4aed-a69d-c9ba6446d27b] Access ID: 29aa7f1284
2025-05-05 12:58:18,433 - INFO - [Thread-22 (process_request_thread)] [process_upload_and_generate_updates] - [01e20a1b-36c9-4aed-a69d-c9ba6446d27b] Single file workflow.
2025-05-05 12:58:18,449 - INFO - [Thread-22 (process_request_thread)] [process_upload_and_generate_updates] - [01e20a1b-36c9-4aed-a69d-c9ba6446d27b] Compressed size: 201
2025-05-05 12:58:18,452 - INFO - [Upload_01e2_0] [_send_single_file_task] - [01e20a1b-36c9-4aed-a69d-c9ba6446d27b] T> Sending '.env.zip' (201b) to -4603853425
2025-05-05 12:58:18,452 - INFO - [Upload_01e2_0] [send_file_to_telegram] - [ChatID -4603853425, File '.env.zip'] Attempting send.
2025-05-05 12:58:18,452 - INFO - [Upload_01e2_1] [_send_single_file_task] - [01e20a1b-36c9-4aed-a69d-c9ba6446d27b] T> Sending '.env.zip' (201b) to -1002614397019
2025-05-05 12:58:18,453 - INFO - [Upload_01e2_2] [_send_single_file_task] - [01e20a1b-36c9-4aed-a69d-c9ba6446d27b] T> Sending '.env.zip' (201b) to -4641852757
2025-05-05 12:58:18,453 - INFO - [Thread-22 (process_request_thread)] [process_upload_and_generate_updates] - [01e20a1b-36c9-4aed-a69d-c9ba6446d27b] Submitted 3 single-file tasks.
2025-05-05 12:58:18,453 - INFO - [Upload_01e2_1] [send_file_to_telegram] - [ChatID -1002614397019, File '.env.zip'] Attempting send.
2025-05-05 12:58:18,454 - INFO - [Upload_01e2_2] [send_file_to_telegram] - [ChatID -4641852757, File '.env.zip'] Attempting send.
2025-05-05 12:58:18,454 - INFO - [Thread-22 (process_request_thread)] [process_upload_and_generate_updates] - [01e20a1b-36c9-4aed-a69d-c9ba6446d27b] Wait primary (-4603853425)...
2025-05-05 12:58:19,507 - INFO - [Upload_01e2_0] [send_file_to_telegram] - [ChatID -4603853425, File '.env.zip'] API success (Attempt 1).
2025-05-05 12:58:19,507 - INFO - [Upload_01e2_2] [send_file_to_telegram] - [ChatID -4641852757, File '.env.zip'] API success (Attempt 1).
2025-05-05 12:58:19,508 - INFO - [Upload_01e2_0] [_send_single_file_task] - [01e20a1b-36c9-4aed-a69d-c9ba6446d27b] T> Sent '.env.zip' to -4603853425. Success: True
2025-05-05 12:58:19,509 - INFO - [Upload_01e2_2] [_send_single_file_task] - [01e20a1b-36c9-4aed-a69d-c9ba6446d27b] T> Sent '.env.zip' to -4641852757. Success: True
2025-05-05 12:58:19,509 - INFO - [Thread-22 (process_request_thread)] [process_upload_and_generate_updates] - [01e20a1b-36c9-4aed-a69d-c9ba6446d27b] Primary done. OK:True
2025-05-05 12:58:19,511 - INFO - [Thread-22 (process_request_thread)] [process_upload_and_generate_updates] - [01e20a1b-36c9-4aed-a69d-c9ba6446d27b] Wait backups...
2025-05-05 12:58:19,543 - INFO - [Upload_01e2_1] [send_file_to_telegram] - [ChatID -1002614397019, File '.env.zip'] API success (Attempt 1).
2025-05-05 12:58:19,544 - INFO - [Upload_01e2_1] [_send_single_file_task] - [01e20a1b-36c9-4aed-a69d-c9ba6446d27b] T> Sent '.env.zip' to -1002614397019. Success: True
2025-05-05 12:58:19,545 - INFO - [Thread-22 (process_request_thread)] [process_upload_and_generate_updates] - [01e20a1b-36c9-4aed-a69d-c9ba6446d27b] Single sends done in 1.09s.
2025-05-05 12:58:19,546 - INFO - [Thread-22 (process_request_thread)] [process_upload_and_generate_updates] - [01e20a1b-36c9-4aed-a69d-c9ba6446d27b] Success: 3/3
2025-05-05 12:58:19,547 - INFO - [Thread-22 (process_request_thread)] [process_upload_and_generate_updates] - [01e20a1b-36c9-4aed-a69d-c9ba6446d27b] Attempting to save metadata to DB...
2025-05-05 12:58:19,547 - INFO - [Thread-22 (process_request_thread)] [get_metadata_collection] - Accessed collection: user_files
2025-05-05 12:58:19,599 - INFO - [Thread-22 (process_request_thread)] [save_file_metadata] - Successfully inserted metadata for access_id: 29aa7f1284
2025-05-05 12:58:19,600 - INFO - [Thread-22 (process_request_thread)] [process_upload_and_generate_updates] - [01e20a1b-36c9-4aed-a69d-c9ba6446d27b] Metadata successfully saved to DB. Msg: Metadata inserted (ID: 681868931969d4a304aed131).
2025-05-05 12:58:19,601 - INFO - [Thread-22 (process_request_thread)] [process_upload_and_generate_updates] - [01e20a1b-36c9-4aed-a69d-c9ba6446d27b] Upload generator cleanup.
2025-05-05 12:58:19,602 - INFO - [Thread-22 (process_request_thread)] [process_upload_and_generate_updates] - [01e20a1b-36c9-4aed-a69d-c9ba6446d27b] Upload executor shutdown.
2025-05-05 12:58:19,604 - INFO - [Thread-22 (process_request_thread)] [_safe_remove_file] - [01e20a1b-36c9-4aed-a69d-c9ba6446d27b] Cleaned up original temp: uploads_temp\01e20a1b-36c9-4aed-a69d-c9ba6446d27b_.env
2025-05-05 12:58:19,607 - INFO - [Thread-22 (process_request_thread)] [process_upload_and_generate_updates] - [01e20a1b-36c9-4aed-a69d-c9ba6446d27b] Upload generator finished. Status: completed
2025-05-05 12:58:36,120 - INFO - [Thread-23 (process_request_thread)] [list_user_files] - List files request for: 'Brayer'
2025-05-05 12:58:36,121 - INFO - [Thread-23 (process_request_thread)] [list_user_files] - Fetching files for user 'Brayer' from DB...
2025-05-05 12:58:36,150 - INFO - [Thread-23 (process_request_thread)] [find_metadata_by_username] - Found 1 metadata records for username: Brayer
2025-05-05 12:58:36,150 - INFO - [Thread-23 (process_request_thread)] [list_user_files] - Found 1 records for 'Brayer'.
2025-05-05 12:58:36,151 - INFO - [Thread-23 (process_request_thread)] [_log] - 127.0.0.1 - - [05/May/2025 12:58:36] "GET /files/Brayer HTTP/1.1" 200 -
2025-05-05 12:58:39,435 - INFO - [Thread-24 (process_request_thread)] [prepare_download_stream] - [bf6d0e15-5c94-4501-9337-101a15abcbf5] SSE download prep request: User='Brayer', File='.env'
2025-05-05 12:58:39,435 - INFO - [Thread-24 (process_request_thread)] [_prepare_download_and_generate_updates] - [bf6d0e15-5c94-4501-9337-101a15abcbf5] Download prep generator started.
2025-05-05 12:58:39,435 - INFO - [Thread-24 (process_request_thread)] [_log] - 127.0.0.1 - - [05/May/2025 12:58:39] "GET /prepare-download/Brayer/.env HTTP/1.1" 200 -
2025-05-05 12:58:39,569 - INFO - [Thread-24 (process_request_thread)] [find_metadata_by_username] - Found 1 metadata records for username: Brayer
2025-05-05 12:58:39,570 - INFO - [Thread-24 (process_request_thread)] [_prepare_download_and_generate_updates] - [bf6d0e15-5c94-4501-9337-101a15abcbf5] Successfully found metadata for download preparation.
2025-05-05 12:58:39,570 - INFO - [Thread-24 (process_request_thread)] [_prepare_download_and_generate_updates] - [bf6d0e15-5c94-4501-9337-101a15abcbf5] Meta: '.env', User:Brayer, Size:103, Split:False, Comp:True
2025-05-05 12:58:39,772 - INFO - [Thread-24 (process_request_thread)] [_prepare_download_and_generate_updates] - [bf6d0e15-5c94-4501-9337-101a15abcbf5] Preparing non-split file.
2025-05-05 12:58:39,772 - WARNING - [Thread-24 (process_request_thread)] [_prepare_download_and_generate_updates] - [bf6d0e15-5c94-4501-9337-101a15abcbf5] Comp size missing single.
2025-05-05 12:58:39,773 - INFO - [Thread-24 (process_request_thread)] [download_telegram_file_content] - [FileID BQACAgUAAxkDAAIGq2gYaJNeqtaRpRt0S__sp5V2du8TAAK2EwACRE3BVAdZk0lOViwiNgQ] Attempting download.
2025-05-05 12:58:40,250 - INFO - [Thread-24 (process_request_thread)] [download_telegram_file_content] - [FileID BQACAgUAAxkDAAIGq2gYaJNeqtaRpRt0S__sp5V2du8TAAK2EwACRE3BVAdZk0lOViwiNgQ] Got DL URL (Attempt 1): https://api.telegram.org/file/bot7812479394:AAFrzOcHGKfc-1iOUbVEkptJkooaJrXHAxs/documents/file_648.zip
2025-05-05 12:58:40,252 - INFO - [Thread-24 (process_request_thread)] [download_telegram_file_content] - [FileID BQACAgUAAxkDAAIGq2gYaJNeqtaRpRt0S__sp5V2du8TAAK2EwACRE3BVAdZk0lOViwiNgQ] Attempting content download from URL.
2025-05-05 12:58:40,430 - INFO - [Thread-24 (process_request_thread)] [download_telegram_file_content] - [FileID BQACAgUAAxkDAAIGq2gYaJNeqtaRpRt0S__sp5V2du8TAAK2EwACRE3BVAdZk0lOViwiNgQ] Downloaded 201 bytes (Attempt 1).
2025-05-05 12:58:40,431 - INFO - [Thread-24 (process_request_thread)] [_prepare_download_and_generate_updates] - [bf6d0e15-5c94-4501-9337-101a15abcbf5] TG dl (201 bytes) in 0.66s. Avg Speed: 0.00 MB/s
2025-05-05 12:58:40,447 - INFO - [Thread-24 (process_request_thread)] [_prepare_download_and_generate_updates] - [bf6d0e15-5c94-4501-9337-101a15abcbf5] Final file ready: 'E:\Telegram_tool\Telegram_Bot_Tool\uploads_temp\dl_final_bf6d0e15-5c94-4501-9337-101a15abcbf5_itsv8o6v', Size: 103.
2025-05-05 12:58:40,551 - INFO - [Thread-24 (process_request_thread)] [_prepare_download_and_generate_updates] - [bf6d0e15-5c94-4501-9337-101a15abcbf5] Prep complete. Sent 'ready'.
2025-05-05 12:58:40,553 - INFO - [Thread-24 (process_request_thread)] [_prepare_download_and_generate_updates] - [bf6d0e15-5c94-4501-9337-101a15abcbf5] Download prep generator cleanup.
2025-05-05 12:58:40,555 - INFO - [Thread-24 (process_request_thread)] [_prepare_download_and_generate_updates] - [bf6d0e15-5c94-4501-9337-101a15abcbf5] Download prep generator task ended.
2025-05-05 12:58:40,569 - INFO - [Thread-25 (process_request_thread)] [serve_temp_file] - Request serve temp file ID: bf6d0e15-5c94-4501-9337-101a15abcbf5, Filename: .env
2025-05-05 12:58:40,575 - INFO - [Thread-25 (process_request_thread)] [serve_temp_file] - [bf6d0e15-5c94-4501-9337-101a15abcbf5] Preparing streaming response for '.env'.
2025-05-05 12:58:40,577 - INFO - [Thread-25 (process_request_thread)] [generate_stream] - [bf6d0e15-5c94-4501-9337-101a15abcbf5] Scheduled cleanup in 120s for path: E:\Telegram_tool\Telegram_Bot_Tool\uploads_temp\dl_final_bf6d0e15-5c94-4501-9337-101a15abcbf5_itsv8o6v
2025-05-05 12:58:40,581 - INFO - [Thread-25 (process_request_thread)] [_log] - 127.0.0.1 - - [05/May/2025 12:58:40] "GET /serve-temp-file/bf6d0e15-5c94-4501-9337-101a15abcbf5/.env HTTP/1.1" 200 -
2025-05-05 12:58:40,583 - INFO - [Thread-25 (process_request_thread)] [generate_stream] - [bf6d0e15-5c94-4501-9337-101a15abcbf5] Finished streaming file.
2025-05-05 13:00:40,589 - INFO - [Thread-27] [_schedule_cleanup] - [Cleanup-bf6d0e15-5c94-4501-9337-101a15abcbf5] Scheduled cleanup executing for path: E:\Telegram_tool\Telegram_Bot_Tool\uploads_temp\dl_final_bf6d0e15-5c94-4501-9337-101a15abcbf5_itsv8o6v
2025-05-05 13:00:40,591 - INFO - [Thread-27] [_safe_remove_file] - [Cleanup-bf6d0e15-5c94-4501-9337-101a15abcbf5] Cleaned up final dl: E:\Telegram_tool\Telegram_Bot_Tool\uploads_temp\dl_final_bf6d0e15-5c94-4501-9337-101a15abcbf5_itsv8o6v
2025-05-05 13:00:40,592 - INFO - [Thread-27] [_schedule_cleanup] - [Cleanup-bf6d0e15-5c94-4501-9337-101a15abcbf5] Prep data removed.
