2025-05-05 17:48:42,826 - INFO - [MainThread] [<module>] - ============================================================
2025-05-05 17:48:42,827 - INFO - [MainThread] [<module>] - Logging configured. Level: INFO. Log file: Selenium-Logs\app_20250505_174842.log
2025-05-05 17:48:42,827 - INFO - [MainThread] [<module>] - Primary Chat ID: -4603853425
2025-05-05 17:48:42,828 - INFO - [MainThread] [<module>] - All Target Chat IDs: ['-4603853425', '-1002614397019', '-4641852757']
2025-05-05 17:48:42,828 - INFO - [MainThread] [<module>] - Chunk Size: 20.0 MB (20971520 bytes)
2025-05-05 17:48:42,828 - INFO - [MainThread] [<module>] - API Timeouts (Connect/Read): 10s / 60s
2025-05-05 17:48:42,829 - INFO - [MainThread] [<module>] - API Retries: 3 attempts, 2s delay
2025-05-05 17:48:42,829 - INFO - [MainThread] [<module>] - Max Upload Workers: 5
2025-05-05 17:48:42,830 - INFO - [MainThread] [<module>] - Max Download Workers: 12
2025-05-05 17:48:42,830 - INFO - [MainThread] [<module>] - ============================================================
2025-05-05 17:48:42,830 - INFO - [MainThread] [<module>] - Configuration loaded successfully.
2025-05-05 17:48:42,839 - INFO - [MainThread] [<module>] - Custom Jinja filter 'format_bytes' registered.
2025-05-05 17:48:42,840 - INFO - [MainThread] [<module>] - Flask-CORS initialized. Allowing origins: *
2025-05-05 17:48:42,840 - INFO - [MainThread] [<module>] - Flask application initialized.
2025-05-05 17:48:42,840 - INFO - [MainThread] [<module>] - Flask-Login initialized.
2025-05-05 17:48:42,841 - INFO - [MainThread] [<module>] - Global state variables initialized (upload_progress_data, download_prep_data).
2025-05-05 17:48:42,843 - INFO - [MainThread] [<module>] - Custom Jinja filter 'format_bytes' registered.
2025-05-05 17:48:42,844 - INFO - [MainThread] [<module>] - Flask-CORS initialized. Allowing origins: *
2025-05-05 17:48:42,844 - INFO - [MainThread] [<module>] - Flask application initialized.
2025-05-05 17:48:42,844 - INFO - [MainThread] [<module>] - Flask-Login initialized.
2025-05-05 17:48:42,844 - INFO - [MainThread] [<module>] - Global state variables initialized (upload_progress_data, download_prep_data).
2025-05-05 17:48:43,016 - INFO - [MainThread] [<module>] - Database module initialized.
2025-05-05 17:48:43,473 - INFO - [MainThread] [<module>] - Initialized requests.Session for Telegram API calls.
2025-05-05 17:48:43,474 - INFO - [MainThread] [<module>] - Telegram API functions defined with Session and Retries.
2025-05-05 17:48:43,479 - INFO - [MainThread] [<module>] - Starting Flask development server...
2025-05-05 17:48:43,490 - WARNING - [MainThread] [_log] -  * Debugger is active!
2025-05-05 17:48:43,495 - INFO - [MainThread] [_log] -  * Debugger PIN: 107-410-311
