2025-05-02 15:48:23,924 - INFO - [MainThread] [<module>] - ============================================================
2025-05-02 15:48:23,924 - INFO - [MainThread] [<module>] - Logging configured. Level: INFO. Log file: Selenium-Logs\app_20250502_154823.log
2025-05-02 15:48:23,925 - INFO - [MainThread] [<module>] - Primary Chat ID: -4603853425
2025-05-02 15:48:23,925 - INFO - [MainThread] [<module>] - All Target Chat IDs: ['-4603853425', '-1002614397019', '-4641852757']
2025-05-02 15:48:23,925 - INFO - [MainThread] [<module>] - Chunk Size: 20.0 MB (20971520 bytes)
2025-05-02 15:48:23,926 - INFO - [MainThread] [<module>] - API Timeouts (Connect/Read): 10s / 60s
2025-05-02 15:48:23,926 - INFO - [MainThread] [<module>] - API Retries: 3 attempts, 2s delay
2025-05-02 15:48:23,927 - INFO - [MainThread] [<module>] - Max Upload Workers: 5
2025-05-02 15:48:23,928 - INFO - [MainThread] [<module>] - Max Download Workers: 12
2025-05-02 15:48:23,928 - INFO - [MainThread] [<module>] - ============================================================
2025-05-02 15:48:23,928 - INFO - [MainThread] [<module>] - Configuration loaded successfully.
2025-05-02 15:48:23,930 - INFO - [MainThread] [<module>] - Custom Jinja filter 'format_bytes' registered.
2025-05-02 15:48:23,930 - INFO - [MainThread] [<module>] - Flask-CORS initialized. Allowing origins: *
2025-05-02 15:48:23,931 - INFO - [MainThread] [<module>] - Flask application initialized.
2025-05-02 15:48:23,931 - INFO - [MainThread] [<module>] - Global state variables initialized (upload_progress_data, download_prep_data).
2025-05-02 15:48:23,933 - INFO - [MainThread] [<module>] - Custom Jinja filter 'format_bytes' registered.
2025-05-02 15:48:23,933 - INFO - [MainThread] [<module>] - Flask-CORS initialized. Allowing origins: *
2025-05-02 15:48:23,934 - INFO - [MainThread] [<module>] - Flask application initialized.
2025-05-02 15:48:23,934 - INFO - [MainThread] [<module>] - Global state variables initialized (upload_progress_data, download_prep_data).
2025-05-02 15:48:24,088 - INFO - [MainThread] [<module>] - Database module initialized.
2025-05-02 15:48:24,518 - INFO - [MainThread] [<module>] - Initialized requests.Session for Telegram API calls.
2025-05-02 15:48:24,519 - INFO - [MainThread] [<module>] - Telegram API functions defined with Session and Retries.
2025-05-02 15:48:24,523 - INFO - [MainThread] [<module>] - Flask routes defined using configurable workers and linter fixes.
2025-05-02 15:48:24,525 - INFO - [MainThread] [<module>] - Starting Flask development server...
2025-05-02 15:48:24,543 - WARNING - [MainThread] [_log] -  * Debugger is active!
2025-05-02 15:48:24,549 - INFO - [MainThread] [_log] -  * Debugger PIN: 107-410-311
2025-05-02 15:48:58,685 - INFO - [Thread-2 (process_request_thread)] [_log] - 192.168.1.19 - - [02/May/2025 15:48:58] "OPTIONS /register HTTP/1.1" 200 -
2025-05-02 15:48:58,691 - INFO - [Thread-3 (process_request_thread)] [register_user] - Received registration request.
2025-05-02 15:48:58,697 - INFO - [Thread-3 (process_request_thread)] [_log] - 192.168.1.19 - - [02/May/2025 15:48:58] "[31m[1mPOST /register HTTP/1.1[0m" 400 -
2025-05-02 15:52:52,763 - INFO - [MainThread] [_log] -  * Detected change in 'E:\\Telegram_tool\\Telegram_Bot_Tool\\routes.py', reloading
