2025-05-02 11:26:17,039 - INFO - [MainThread] [<module>] - ============================================================
2025-05-02 11:26:17,039 - INFO - [MainThread] [<module>] - Logging configured. Level: INFO. Log file: Selenium-Logs\app_20250502_112617.log
2025-05-02 11:26:17,040 - INFO - [MainThread] [<module>] - Primary Chat ID: -4603853425
2025-05-02 11:26:17,040 - INFO - [MainThread] [<module>] - All Target Chat IDs: ['-4603853425', '-1002614397019', '-4641852757']
2025-05-02 11:26:17,040 - WARNING - [MainThread] [format_bytes] - Error formatting bytes (20971520): name 'math' is not defined
2025-05-02 11:26:17,041 - INFO - [MainThread] [<module>] - Chunk Size: 20971520 B (20971520 bytes)
2025-05-02 11:26:17,042 - INFO - [MainThread] [<module>] - API Timeouts (Connect/Read): 10s / 60s
2025-05-02 11:26:17,042 - INFO - [MainThread] [<module>] - API Retries: 3 attempts, 2s delay
2025-05-02 11:26:17,042 - INFO - [MainThread] [<module>] - Max Upload Workers: 5
2025-05-02 11:26:17,043 - INFO - [MainThread] [<module>] - Max Download Workers: 12
2025-05-02 11:26:17,043 - INFO - [MainThread] [<module>] - ============================================================
2025-05-02 11:26:17,043 - INFO - [MainThread] [<module>] - Configuration loaded successfully.
2025-05-02 11:26:17,045 - INFO - [MainThread] [<module>] - Custom Jinja filter 'format_bytes' registered.
2025-05-02 11:26:17,045 - INFO - [MainThread] [<module>] - Flask-CORS initialized. Allowing origins: http://localhost:4200
2025-05-02 11:26:17,047 - INFO - [MainThread] [<module>] - Flask application initialized.
2025-05-02 11:26:17,048 - INFO - [MainThread] [<module>] - Global state variables initialized (upload_progress_data, download_prep_data).
2025-05-02 11:26:17,050 - INFO - [MainThread] [<module>] - Custom Jinja filter 'format_bytes' registered.
2025-05-02 11:26:17,050 - INFO - [MainThread] [<module>] - Flask-CORS initialized. Allowing origins: http://localhost:4200
2025-05-02 11:26:17,050 - INFO - [MainThread] [<module>] - Flask application initialized.
2025-05-02 11:26:17,050 - INFO - [MainThread] [<module>] - Global state variables initialized (upload_progress_data, download_prep_data).
2025-05-02 11:26:17,264 - INFO - [MainThread] [<module>] - Database module initialized.
2025-05-02 11:26:17,750 - INFO - [MainThread] [<module>] - Initialized requests.Session for Telegram API calls.
2025-05-02 11:26:17,750 - INFO - [MainThread] [<module>] - Telegram API functions defined with Session and Retries.
2025-05-02 11:26:17,756 - INFO - [MainThread] [<module>] - Flask routes defined using configurable workers and linter fixes.
2025-05-02 11:26:17,756 - INFO - [MainThread] [<module>] - Starting Flask development server...
2025-05-02 11:26:17,785 - WARNING - [MainThread] [_log] -  * Debugger is active!
2025-05-02 11:26:17,791 - INFO - [MainThread] [_log] -  * Debugger PIN: 107-410-311
2025-05-02 11:26:22,411 - INFO - [Thread-3 (process_request_thread)] [index] - Serving index page.
2025-05-02 11:26:22,431 - INFO - [Thread-3 (process_request_thread)] [_log] - 127.0.0.1 - - [02/May/2025 11:26:22] "GET / HTTP/1.1" 200 -
2025-05-02 11:28:16,662 - INFO - [Thread-4 (process_request_thread)] [initiate_upload] - Request initiate upload.
2025-05-02 11:28:16,662 - INFO - [Thread-4 (process_request_thread)] [initiate_upload] - [2ac1f22d-12e6-479d-9e96-ab2d6f1fa44c] Temp storage: uploads_temp\2ac1f22d-12e6-479d-9e96-ab2d6f1fa44c_telegram_api.py
2025-05-02 11:28:16,662 - INFO - [Thread-4 (process_request_thread)] [initiate_upload] - [2ac1f22d-12e6-479d-9e96-ab2d6f1fa44c] Temp saved: 'telegram_api.py'.
2025-05-02 11:28:16,662 - INFO - [Thread-4 (process_request_thread)] [_log] - 127.0.0.1 - - [02/May/2025 11:28:16] "POST /initiate-upload HTTP/1.1" 200 -
2025-05-02 11:28:16,671 - INFO - [Thread-5 (process_request_thread)] [stream_progress] - SSE connect request for upload_id: 2ac1f22d-12e6-479d-9e96-ab2d6f1fa44c
2025-05-02 11:28:16,671 - INFO - [Thread-5 (process_request_thread)] [process_upload_and_generate_updates] - [2ac1f22d-12e6-479d-9e96-ab2d6f1fa44c] Starting processing generator...
2025-05-02 11:28:16,677 - INFO - [Thread-5 (process_request_thread)] [process_upload_and_generate_updates] - [2ac1f22d-12e6-479d-9e96-ab2d6f1fa44c] Processing: User='Troyy', File='telegram_api.py'
2025-05-02 11:28:16,677 - INFO - [Thread-5 (process_request_thread)] [process_upload_and_generate_updates] - [2ac1f22d-12e6-479d-9e96-ab2d6f1fa44c] Initialized Upload Executor (max=5)
2025-05-02 11:28:16,678 - INFO - [Thread-5 (process_request_thread)] [_log] - 127.0.0.1 - - [02/May/2025 11:28:16] "GET /stream-progress/2ac1f22d-12e6-479d-9e96-ab2d6f1fa44c HTTP/1.1" 200 -
2025-05-02 11:28:16,678 - INFO - [Thread-5 (process_request_thread)] [process_upload_and_generate_updates] - [2ac1f22d-12e6-479d-9e96-ab2d6f1fa44c] Access ID: 94172f8b4d
2025-05-02 11:28:16,679 - INFO - [Thread-5 (process_request_thread)] [process_upload_and_generate_updates] - [2ac1f22d-12e6-479d-9e96-ab2d6f1fa44c] Single file workflow.
2025-05-02 11:28:16,700 - INFO - [Thread-5 (process_request_thread)] [process_upload_and_generate_updates] - [2ac1f22d-12e6-479d-9e96-ab2d6f1fa44c] Compressed size: 2934
2025-05-02 11:28:16,701 - INFO - [Upload_2ac1_0] [_send_single_file_task] - [2ac1f22d-12e6-479d-9e96-ab2d6f1fa44c] T> Sending 'telegram_api.zip' (2934b) to -4603853425
2025-05-02 11:28:16,708 - INFO - [Upload_2ac1_0] [send_file_to_telegram] - [ChatID -4603853425, File 'telegram_api.zip'] Attempting send.
2025-05-02 11:28:16,708 - INFO - [Upload_2ac1_1] [_send_single_file_task] - [2ac1f22d-12e6-479d-9e96-ab2d6f1fa44c] T> Sending 'telegram_api.zip' (2934b) to -1002614397019
2025-05-02 11:28:16,708 - INFO - [Upload_2ac1_2] [_send_single_file_task] - [2ac1f22d-12e6-479d-9e96-ab2d6f1fa44c] T> Sending 'telegram_api.zip' (2934b) to -4641852757
2025-05-02 11:28:16,708 - INFO - [Thread-5 (process_request_thread)] [process_upload_and_generate_updates] - [2ac1f22d-12e6-479d-9e96-ab2d6f1fa44c] Submitted 3 single-file tasks.
2025-05-02 11:28:16,708 - INFO - [Upload_2ac1_1] [send_file_to_telegram] - [ChatID -1002614397019, File 'telegram_api.zip'] Attempting send.
2025-05-02 11:28:16,711 - INFO - [Upload_2ac1_2] [send_file_to_telegram] - [ChatID -4641852757, File 'telegram_api.zip'] Attempting send.
2025-05-02 11:28:16,711 - INFO - [Thread-5 (process_request_thread)] [process_upload_and_generate_updates] - [2ac1f22d-12e6-479d-9e96-ab2d6f1fa44c] Wait primary (-4603853425)...
2025-05-02 11:28:17,744 - INFO - [Upload_2ac1_2] [send_file_to_telegram] - [ChatID -4641852757, File 'telegram_api.zip'] API success (Attempt 1).
2025-05-02 11:28:17,744 - INFO - [Upload_2ac1_2] [_send_single_file_task] - [2ac1f22d-12e6-479d-9e96-ab2d6f1fa44c] T> Sent 'telegram_api.zip' to -4641852757. Success: True
2025-05-02 11:28:17,749 - INFO - [Upload_2ac1_1] [send_file_to_telegram] - [ChatID -1002614397019, File 'telegram_api.zip'] API success (Attempt 1).
2025-05-02 11:28:17,750 - INFO - [Upload_2ac1_1] [_send_single_file_task] - [2ac1f22d-12e6-479d-9e96-ab2d6f1fa44c] T> Sent 'telegram_api.zip' to -1002614397019. Success: True
2025-05-02 11:28:17,757 - INFO - [Upload_2ac1_0] [send_file_to_telegram] - [ChatID -4603853425, File 'telegram_api.zip'] API success (Attempt 1).
2025-05-02 11:28:17,759 - INFO - [Upload_2ac1_0] [_send_single_file_task] - [2ac1f22d-12e6-479d-9e96-ab2d6f1fa44c] T> Sent 'telegram_api.zip' to -4603853425. Success: True
2025-05-02 11:28:17,763 - INFO - [Thread-5 (process_request_thread)] [process_upload_and_generate_updates] - [2ac1f22d-12e6-479d-9e96-ab2d6f1fa44c] Primary done. OK:True
2025-05-02 11:28:17,767 - INFO - [Thread-5 (process_request_thread)] [process_upload_and_generate_updates] - [2ac1f22d-12e6-479d-9e96-ab2d6f1fa44c] Wait backups...
2025-05-02 11:28:17,769 - INFO - [Thread-5 (process_request_thread)] [process_upload_and_generate_updates] - [2ac1f22d-12e6-479d-9e96-ab2d6f1fa44c] Single sends done in 1.07s.
2025-05-02 11:28:17,770 - INFO - [Thread-5 (process_request_thread)] [process_upload_and_generate_updates] - [2ac1f22d-12e6-479d-9e96-ab2d6f1fa44c] Success: 3/3
2025-05-02 11:28:17,771 - INFO - [Thread-5 (process_request_thread)] [process_upload_and_generate_updates] - [2ac1f22d-12e6-479d-9e96-ab2d6f1fa44c] Attempting to save metadata to DB...
2025-05-02 11:28:17,777 - INFO - [Thread-5 (process_request_thread)] [_connect_to_db] - Attempting to connect to MongoDB Atlas host: telegrambot.6armfs2.mongodb.net...
2025-05-02 11:28:18,735 - INFO - [Thread-5 (process_request_thread)] [_connect_to_db] - ✅ Successfully connected and pinged MongoDB Atlas!
2025-05-02 11:28:18,737 - INFO - [Thread-5 (process_request_thread)] [get_db] - Accessed database: Telegrambot
2025-05-02 11:28:18,737 - INFO - [Thread-5 (process_request_thread)] [get_metadata_collection] - Accessed collection: file_metadata
2025-05-02 11:28:18,774 - INFO - [Thread-5 (process_request_thread)] [save_file_metadata] - Successfully inserted metadata for access_id: 94172f8b4d
2025-05-02 11:28:18,774 - INFO - [Thread-5 (process_request_thread)] [process_upload_and_generate_updates] - [2ac1f22d-12e6-479d-9e96-ab2d6f1fa44c] Metadata successfully saved to DB. Msg: Metadata inserted (ID: 68145efa1969d4a304aec07a).
2025-05-02 11:28:18,781 - INFO - [Thread-5 (process_request_thread)] [process_upload_and_generate_updates] - [2ac1f22d-12e6-479d-9e96-ab2d6f1fa44c] Upload generator cleanup.
2025-05-02 11:28:18,789 - INFO - [Thread-5 (process_request_thread)] [process_upload_and_generate_updates] - [2ac1f22d-12e6-479d-9e96-ab2d6f1fa44c] Upload executor shutdown.
2025-05-02 11:28:18,803 - INFO - [Thread-5 (process_request_thread)] [_safe_remove_file] - [2ac1f22d-12e6-479d-9e96-ab2d6f1fa44c] Cleaned up original temp: uploads_temp\2ac1f22d-12e6-479d-9e96-ab2d6f1fa44c_telegram_api.py
2025-05-02 11:28:18,804 - INFO - [Thread-5 (process_request_thread)] [process_upload_and_generate_updates] - [2ac1f22d-12e6-479d-9e96-ab2d6f1fa44c] Upload generator finished. Status: completed
2025-05-02 11:29:34,801 - INFO - [Thread-6 (process_request_thread)] [show_register_page] - Serving registration page.
2025-05-02 11:29:34,805 - INFO - [Thread-6 (process_request_thread)] [_log] - 127.0.0.1 - - [02/May/2025 11:29:34] "GET /register HTTP/1.1" 200 -
