2025-04-26 16:59:58,964 - INFO - [<module>] - Logging configured. Log file: Selenium-Logs\app_20250426_165958.log
2025-04-26 16:59:58,965 - INFO - [<module>] - Configuration loaded.
2025-04-26 16:59:58,965 - INFO - [<module>] - Utility functions defined.
2025-04-26 16:59:58,966 - INFO - [<module>] - Flask application initialized.
2025-04-26 16:59:58,967 - INFO - [<module>] - Global state variables initialized.
2025-04-26 16:59:59,464 - INFO - [<module>] - Telegram API functions defined.
2025-04-26 16:59:59,469 - INFO - [<module>] - Flask routes defined.
2025-04-26 16:59:59,469 - INFO - [<module>] - Starting Flask development server...
2025-04-26 16:59:59,504 - WARNING - [_log] -  * Debugger is active!
2025-04-26 16:59:59,512 - INFO - [_log] -  * Debugger PIN: 107-410-311
2025-04-26 17:00:01,623 - INFO - [index] - Serving index page.
2025-04-26 17:00:01,669 - INFO - [_log] - 127.0.0.1 - - [26/Apr/2025 17:00:01] "GET / HTTP/1.1" 200 -
2025-04-26 17:00:01,688 - INFO - [_log] - 127.0.0.1 - - [26/Apr/2025 17:00:01] "[33mGET /static/style.css HTTP/1.1[0m" 404 -
2025-04-26 17:00:10,368 - INFO - [initiate_upload] - Received request to initiate upload.
2025-04-26 17:00:11,502 - INFO - [initiate_upload] - Saving temporary file for upload_id 'e52e3e55-238f-446d-ad7d-23973e33925f' to 'uploads_temp\e52e3e55-238f-446d-ad7d-23973e33925f_test download (1) (5) (1) (1).mkv'
2025-04-26 17:00:11,679 - INFO - [initiate_upload] - Temporary file saved successfully for 'test download (1) (5) (1) (1).mkv' (ID: e52e3e55-238f-446d-ad7d-23973e33925f).
2025-04-26 17:00:11,788 - INFO - [_log] - 127.0.0.1 - - [26/Apr/2025 17:00:11] "POST /initiate-upload HTTP/1.1" 200 -
2025-04-26 17:00:11,859 - INFO - [stream_progress] - SSE connection request for upload_id: e52e3e55-238f-446d-ad7d-23973e33925f
2025-04-26 17:00:11,860 - INFO - [process_upload_and_generate_updates] - [e52e3e55-238f-446d-ad7d-23973e33925f] Starting processing...
2025-04-26 17:00:11,860 - INFO - [process_upload_and_generate_updates] - [e52e3e55-238f-446d-ad7d-23973e33925f] Processing upload: User='Octopus', File='test download (1) (5) (1) (1).mkv', TempPath='uploads_temp\e52e3e55-238f-446d-ad7d-23973e33925f_test download (1) (5) (1) (1).mkv'
2025-04-26 17:00:11,861 - INFO - [process_upload_and_generate_updates] - [e52e3e55-238f-446d-ad7d-23973e33925f] Original temp file size: 132739902 bytes.
2025-04-26 17:00:11,861 - INFO - [_log] - 127.0.0.1 - - [26/Apr/2025 17:00:11] "GET /stream-progress/e52e3e55-238f-446d-ad7d-23973e33925f HTTP/1.1" 200 -
2025-04-26 17:00:11,861 - INFO - [process_upload_and_generate_updates] - [e52e3e55-238f-446d-ad7d-23973e33925f] Generated Access ID: 0f6d6b2522
2025-04-26 17:00:11,862 - INFO - [process_upload_and_generate_updates] - [e52e3e55-238f-446d-ad7d-23973e33925f] 'test download (1) (5) (1) (1).mkv' is large. Compressing before splitting.
2025-04-26 17:00:11,863 - INFO - [process_upload_and_generate_updates] - [e52e3e55-238f-446d-ad7d-23973e33925f] Created temporary file for compression result: E:\Telegram_tool\Telegram_Bot_Tool\uploads_temp\e52e3e55-238f-446d-ad7d-23973e33925f_comp_pv3uudsh.zip
2025-04-26 17:00:16,840 - INFO - [process_upload_and_generate_updates] - [e52e3e55-238f-446d-ad7d-23973e33925f] Finished compressing to 'E:\Telegram_tool\Telegram_Bot_Tool\uploads_temp\e52e3e55-238f-446d-ad7d-23973e33925f_comp_pv3uudsh.zip'. Size: 129562624 bytes. Time: 4.98s.
2025-04-26 17:00:16,862 - INFO - [process_upload_and_generate_updates] - [e52e3e55-238f-446d-ad7d-23973e33925f] Reading chunk 1 for COMPRESSED file starting at byte 0.
2025-04-26 17:00:16,877 - INFO - [process_upload_and_generate_updates] - [e52e3e55-238f-446d-ad7d-23973e33925f] Read chunk 1 (20971520 bytes). Total read: 20971520/129562624
2025-04-26 17:00:16,877 - INFO - [process_upload_and_generate_updates] - [e52e3e55-238f-446d-ad7d-23973e33925f] Attempting send chunk 'test download (1) (5) (1) (1).mkv.zip.part_001' to chat ID: -4603853425
2025-04-26 17:00:16,878 - INFO - [send_file_to_telegram] - Sending file 'test download (1) (5) (1) (1).mkv.zip.part_001' to Telegram chat ID: -4603853425
2025-04-26 17:00:29,451 - INFO - [send_file_to_telegram] - Telegram API success for 'test download (1) (5) (1) (1).mkv.zip.part_001'.
2025-04-26 17:00:29,454 - INFO - [process_upload_and_generate_updates] - [e52e3e55-238f-446d-ad7d-23973e33925f] Attempting send chunk 'test download (1) (5) (1) (1).mkv.zip.part_001' to chat ID: -1002614397019
2025-04-26 17:00:29,455 - INFO - [send_file_to_telegram] - Sending file 'test download (1) (5) (1) (1).mkv.zip.part_001' to Telegram chat ID: -1002614397019
2025-04-26 17:00:43,146 - INFO - [send_file_to_telegram] - Telegram API success for 'test download (1) (5) (1) (1).mkv.zip.part_001'.
2025-04-26 17:00:43,149 - INFO - [process_upload_and_generate_updates] - [e52e3e55-238f-446d-ad7d-23973e33925f] Attempting send chunk 'test download (1) (5) (1) (1).mkv.zip.part_001' to chat ID: -4641852757
2025-04-26 17:00:43,149 - INFO - [send_file_to_telegram] - Sending file 'test download (1) (5) (1) (1).mkv.zip.part_001' to Telegram chat ID: -4641852757
2025-04-26 17:01:00,740 - INFO - [send_file_to_telegram] - Telegram API success for 'test download (1) (5) (1) (1).mkv.zip.part_001'.
2025-04-26 17:01:00,745 - INFO - [process_upload_and_generate_updates] - [e52e3e55-238f-446d-ad7d-23973e33925f] Chunk 'test download (1) (5) (1) (1).mkv.zip.part_001' sent successfully to PRIMARY chat.
2025-04-26 17:01:00,747 - INFO - [process_upload_and_generate_updates] - [e52e3e55-238f-446d-ad7d-23973e33925f] Successfully processed metadata for chunk 1 across all attempts.
2025-04-26 17:01:00,748 - INFO - [process_upload_and_generate_updates] - [e52e3e55-238f-446d-ad7d-23973e33925f] Reading chunk 2 for COMPRESSED file starting at byte 20971520.
2025-04-26 17:01:00,768 - INFO - [process_upload_and_generate_updates] - [e52e3e55-238f-446d-ad7d-23973e33925f] Read chunk 2 (20971520 bytes). Total read: 41943040/129562624
2025-04-26 17:01:00,768 - INFO - [process_upload_and_generate_updates] - [e52e3e55-238f-446d-ad7d-23973e33925f] Attempting send chunk 'test download (1) (5) (1) (1).mkv.zip.part_002' to chat ID: -4603853425
2025-04-26 17:01:00,769 - INFO - [send_file_to_telegram] - Sending file 'test download (1) (5) (1) (1).mkv.zip.part_002' to Telegram chat ID: -4603853425
2025-04-26 17:01:19,091 - INFO - [send_file_to_telegram] - Telegram API success for 'test download (1) (5) (1) (1).mkv.zip.part_002'.
2025-04-26 17:01:19,095 - INFO - [process_upload_and_generate_updates] - [e52e3e55-238f-446d-ad7d-23973e33925f] Attempting send chunk 'test download (1) (5) (1) (1).mkv.zip.part_002' to chat ID: -1002614397019
2025-04-26 17:01:19,096 - INFO - [send_file_to_telegram] - Sending file 'test download (1) (5) (1) (1).mkv.zip.part_002' to Telegram chat ID: -1002614397019
2025-04-26 17:01:32,755 - INFO - [send_file_to_telegram] - Telegram API success for 'test download (1) (5) (1) (1).mkv.zip.part_002'.
2025-04-26 17:01:32,758 - INFO - [process_upload_and_generate_updates] - [e52e3e55-238f-446d-ad7d-23973e33925f] Attempting send chunk 'test download (1) (5) (1) (1).mkv.zip.part_002' to chat ID: -4641852757
2025-04-26 17:01:32,759 - INFO - [send_file_to_telegram] - Sending file 'test download (1) (5) (1) (1).mkv.zip.part_002' to Telegram chat ID: -4641852757
2025-04-26 17:01:43,933 - INFO - [send_file_to_telegram] - Telegram API success for 'test download (1) (5) (1) (1).mkv.zip.part_002'.
2025-04-26 17:01:43,935 - INFO - [process_upload_and_generate_updates] - [e52e3e55-238f-446d-ad7d-23973e33925f] Chunk 'test download (1) (5) (1) (1).mkv.zip.part_002' sent successfully to PRIMARY chat.
2025-04-26 17:01:43,936 - INFO - [process_upload_and_generate_updates] - [e52e3e55-238f-446d-ad7d-23973e33925f] Successfully processed metadata for chunk 2 across all attempts.
2025-04-26 17:01:43,936 - INFO - [process_upload_and_generate_updates] - [e52e3e55-238f-446d-ad7d-23973e33925f] Reading chunk 3 for COMPRESSED file starting at byte 41943040.
2025-04-26 17:01:43,951 - INFO - [process_upload_and_generate_updates] - [e52e3e55-238f-446d-ad7d-23973e33925f] Read chunk 3 (20971520 bytes). Total read: 62914560/129562624
2025-04-26 17:01:43,953 - INFO - [process_upload_and_generate_updates] - [e52e3e55-238f-446d-ad7d-23973e33925f] Attempting send chunk 'test download (1) (5) (1) (1).mkv.zip.part_003' to chat ID: -4603853425
2025-04-26 17:01:43,954 - INFO - [send_file_to_telegram] - Sending file 'test download (1) (5) (1) (1).mkv.zip.part_003' to Telegram chat ID: -4603853425
2025-04-26 17:01:54,532 - INFO - [send_file_to_telegram] - Telegram API success for 'test download (1) (5) (1) (1).mkv.zip.part_003'.
2025-04-26 17:01:54,534 - INFO - [process_upload_and_generate_updates] - [e52e3e55-238f-446d-ad7d-23973e33925f] Attempting send chunk 'test download (1) (5) (1) (1).mkv.zip.part_003' to chat ID: -1002614397019
2025-04-26 17:01:54,535 - INFO - [send_file_to_telegram] - Sending file 'test download (1) (5) (1) (1).mkv.zip.part_003' to Telegram chat ID: -1002614397019
2025-04-26 17:02:03,007 - INFO - [send_file_to_telegram] - Telegram API success for 'test download (1) (5) (1) (1).mkv.zip.part_003'.
2025-04-26 17:02:03,009 - INFO - [process_upload_and_generate_updates] - [e52e3e55-238f-446d-ad7d-23973e33925f] Attempting send chunk 'test download (1) (5) (1) (1).mkv.zip.part_003' to chat ID: -4641852757
2025-04-26 17:02:03,009 - INFO - [send_file_to_telegram] - Sending file 'test download (1) (5) (1) (1).mkv.zip.part_003' to Telegram chat ID: -4641852757
2025-04-26 17:02:15,226 - INFO - [send_file_to_telegram] - Telegram API success for 'test download (1) (5) (1) (1).mkv.zip.part_003'.
2025-04-26 17:02:15,229 - INFO - [process_upload_and_generate_updates] - [e52e3e55-238f-446d-ad7d-23973e33925f] Chunk 'test download (1) (5) (1) (1).mkv.zip.part_003' sent successfully to PRIMARY chat.
2025-04-26 17:02:15,230 - INFO - [process_upload_and_generate_updates] - [e52e3e55-238f-446d-ad7d-23973e33925f] Successfully processed metadata for chunk 3 across all attempts.
2025-04-26 17:02:15,231 - INFO - [process_upload_and_generate_updates] - [e52e3e55-238f-446d-ad7d-23973e33925f] Reading chunk 4 for COMPRESSED file starting at byte 62914560.
2025-04-26 17:02:15,248 - INFO - [process_upload_and_generate_updates] - [e52e3e55-238f-446d-ad7d-23973e33925f] Read chunk 4 (20971520 bytes). Total read: 83886080/129562624
2025-04-26 17:02:15,251 - INFO - [process_upload_and_generate_updates] - [e52e3e55-238f-446d-ad7d-23973e33925f] Attempting send chunk 'test download (1) (5) (1) (1).mkv.zip.part_004' to chat ID: -4603853425
2025-04-26 17:02:15,251 - INFO - [send_file_to_telegram] - Sending file 'test download (1) (5) (1) (1).mkv.zip.part_004' to Telegram chat ID: -4603853425
2025-04-26 17:02:27,807 - INFO - [send_file_to_telegram] - Telegram API success for 'test download (1) (5) (1) (1).mkv.zip.part_004'.
2025-04-26 17:02:27,809 - INFO - [process_upload_and_generate_updates] - [e52e3e55-238f-446d-ad7d-23973e33925f] Attempting send chunk 'test download (1) (5) (1) (1).mkv.zip.part_004' to chat ID: -1002614397019
2025-04-26 17:02:27,811 - INFO - [send_file_to_telegram] - Sending file 'test download (1) (5) (1) (1).mkv.zip.part_004' to Telegram chat ID: -1002614397019
2025-04-26 17:02:40,554 - INFO - [send_file_to_telegram] - Telegram API success for 'test download (1) (5) (1) (1).mkv.zip.part_004'.
2025-04-26 17:02:40,556 - INFO - [process_upload_and_generate_updates] - [e52e3e55-238f-446d-ad7d-23973e33925f] Attempting send chunk 'test download (1) (5) (1) (1).mkv.zip.part_004' to chat ID: -4641852757
2025-04-26 17:02:40,557 - INFO - [send_file_to_telegram] - Sending file 'test download (1) (5) (1) (1).mkv.zip.part_004' to Telegram chat ID: -4641852757
2025-04-26 17:02:59,200 - INFO - [send_file_to_telegram] - Telegram API success for 'test download (1) (5) (1) (1).mkv.zip.part_004'.
2025-04-26 17:02:59,202 - INFO - [process_upload_and_generate_updates] - [e52e3e55-238f-446d-ad7d-23973e33925f] Chunk 'test download (1) (5) (1) (1).mkv.zip.part_004' sent successfully to PRIMARY chat.
2025-04-26 17:02:59,203 - INFO - [process_upload_and_generate_updates] - [e52e3e55-238f-446d-ad7d-23973e33925f] Successfully processed metadata for chunk 4 across all attempts.
2025-04-26 17:02:59,203 - INFO - [process_upload_and_generate_updates] - [e52e3e55-238f-446d-ad7d-23973e33925f] Reading chunk 5 for COMPRESSED file starting at byte 83886080.
2025-04-26 17:02:59,215 - INFO - [process_upload_and_generate_updates] - [e52e3e55-238f-446d-ad7d-23973e33925f] Read chunk 5 (20971520 bytes). Total read: 104857600/129562624
2025-04-26 17:02:59,216 - INFO - [process_upload_and_generate_updates] - [e52e3e55-238f-446d-ad7d-23973e33925f] Attempting send chunk 'test download (1) (5) (1) (1).mkv.zip.part_005' to chat ID: -4603853425
2025-04-26 17:02:59,217 - INFO - [send_file_to_telegram] - Sending file 'test download (1) (5) (1) (1).mkv.zip.part_005' to Telegram chat ID: -4603853425
2025-04-26 17:03:18,219 - INFO - [send_file_to_telegram] - Telegram API success for 'test download (1) (5) (1) (1).mkv.zip.part_005'.
2025-04-26 17:03:18,222 - INFO - [process_upload_and_generate_updates] - [e52e3e55-238f-446d-ad7d-23973e33925f] Attempting send chunk 'test download (1) (5) (1) (1).mkv.zip.part_005' to chat ID: -1002614397019
2025-04-26 17:03:18,222 - INFO - [send_file_to_telegram] - Sending file 'test download (1) (5) (1) (1).mkv.zip.part_005' to Telegram chat ID: -1002614397019
2025-04-26 17:03:37,141 - INFO - [send_file_to_telegram] - Telegram API success for 'test download (1) (5) (1) (1).mkv.zip.part_005'.
2025-04-26 17:03:37,143 - INFO - [process_upload_and_generate_updates] - [e52e3e55-238f-446d-ad7d-23973e33925f] Attempting send chunk 'test download (1) (5) (1) (1).mkv.zip.part_005' to chat ID: -4641852757
2025-04-26 17:03:37,144 - INFO - [send_file_to_telegram] - Sending file 'test download (1) (5) (1) (1).mkv.zip.part_005' to Telegram chat ID: -4641852757
2025-04-26 17:03:51,597 - INFO - [send_file_to_telegram] - Telegram API success for 'test download (1) (5) (1) (1).mkv.zip.part_005'.
2025-04-26 17:03:51,601 - INFO - [process_upload_and_generate_updates] - [e52e3e55-238f-446d-ad7d-23973e33925f] Chunk 'test download (1) (5) (1) (1).mkv.zip.part_005' sent successfully to PRIMARY chat.
2025-04-26 17:03:51,602 - INFO - [process_upload_and_generate_updates] - [e52e3e55-238f-446d-ad7d-23973e33925f] Successfully processed metadata for chunk 5 across all attempts.
2025-04-26 17:03:51,605 - INFO - [process_upload_and_generate_updates] - [e52e3e55-238f-446d-ad7d-23973e33925f] Reading chunk 6 for COMPRESSED file starting at byte 104857600.
2025-04-26 17:03:51,622 - INFO - [process_upload_and_generate_updates] - [e52e3e55-238f-446d-ad7d-23973e33925f] Read chunk 6 (20971520 bytes). Total read: 125829120/129562624
2025-04-26 17:03:51,624 - INFO - [process_upload_and_generate_updates] - [e52e3e55-238f-446d-ad7d-23973e33925f] Attempting send chunk 'test download (1) (5) (1) (1).mkv.zip.part_006' to chat ID: -4603853425
2025-04-26 17:03:51,625 - INFO - [send_file_to_telegram] - Sending file 'test download (1) (5) (1) (1).mkv.zip.part_006' to Telegram chat ID: -4603853425
2025-04-26 17:04:12,400 - INFO - [send_file_to_telegram] - Telegram API success for 'test download (1) (5) (1) (1).mkv.zip.part_006'.
2025-04-26 17:04:12,404 - INFO - [process_upload_and_generate_updates] - [e52e3e55-238f-446d-ad7d-23973e33925f] Attempting send chunk 'test download (1) (5) (1) (1).mkv.zip.part_006' to chat ID: -1002614397019
2025-04-26 17:04:12,404 - INFO - [send_file_to_telegram] - Sending file 'test download (1) (5) (1) (1).mkv.zip.part_006' to Telegram chat ID: -1002614397019
2025-04-26 17:04:23,992 - INFO - [send_file_to_telegram] - Telegram API success for 'test download (1) (5) (1) (1).mkv.zip.part_006'.
2025-04-26 17:04:23,998 - INFO - [process_upload_and_generate_updates] - [e52e3e55-238f-446d-ad7d-23973e33925f] Attempting send chunk 'test download (1) (5) (1) (1).mkv.zip.part_006' to chat ID: -4641852757
2025-04-26 17:04:23,999 - INFO - [send_file_to_telegram] - Sending file 'test download (1) (5) (1) (1).mkv.zip.part_006' to Telegram chat ID: -4641852757
2025-04-26 17:04:30,803 - INFO - [index] - Serving index page.
2025-04-26 17:04:30,806 - INFO - [_log] - 127.0.0.1 - - [26/Apr/2025 17:04:30] "GET / HTTP/1.1" 200 -
2025-04-26 17:04:30,829 - INFO - [_log] - 127.0.0.1 - - [26/Apr/2025 17:04:30] "[33mGET /static/style.css HTTP/1.1[0m" 404 -
