2025-05-05 15:55:59,449 - INFO - [MainThread] [<module>] - ============================================================
2025-05-05 15:55:59,449 - INFO - [MainThread] [<module>] - Logging configured. Level: INFO. Log file: Selenium-Logs\app_20250505_155559.log
2025-05-05 15:55:59,450 - INFO - [MainThread] [<module>] - Primary Chat ID: -4603853425
2025-05-05 15:55:59,450 - INFO - [MainThread] [<module>] - All Target Chat IDs: ['-4603853425', '-1002614397019', '-4641852757']
2025-05-05 15:55:59,450 - INFO - [MainThread] [<module>] - Chunk Size: 20.0 MB (20971520 bytes)
2025-05-05 15:55:59,451 - INFO - [MainThread] [<module>] - API Timeouts (Connect/Read): 10s / 60s
2025-05-05 15:55:59,451 - INFO - [MainThread] [<module>] - API Retries: 3 attempts, 2s delay
2025-05-05 15:55:59,453 - INFO - [MainThread] [<module>] - Max Upload Workers: 5
2025-05-05 15:55:59,453 - INFO - [MainThread] [<module>] - Max Download Workers: 12
2025-05-05 15:55:59,453 - INFO - [MainThread] [<module>] - ============================================================
2025-05-05 15:55:59,453 - INFO - [MainThread] [<module>] - Configuration loaded successfully.
2025-05-05 15:55:59,462 - INFO - [MainThread] [<module>] - Custom Jinja filter 'format_bytes' registered.
2025-05-05 15:55:59,463 - INFO - [MainThread] [<module>] - Flask-CORS initialized. Allowing origins: *
2025-05-05 15:55:59,463 - INFO - [MainThread] [<module>] - Flask application initialized.
2025-05-05 15:55:59,463 - INFO - [MainThread] [<module>] - Flask-Login initialized.
2025-05-05 15:55:59,464 - INFO - [MainThread] [<module>] - Global state variables initialized (upload_progress_data, download_prep_data).
2025-05-05 15:55:59,467 - INFO - [MainThread] [<module>] - Custom Jinja filter 'format_bytes' registered.
2025-05-05 15:55:59,467 - INFO - [MainThread] [<module>] - Flask-CORS initialized. Allowing origins: *
2025-05-05 15:55:59,467 - INFO - [MainThread] [<module>] - Flask application initialized.
2025-05-05 15:55:59,468 - INFO - [MainThread] [<module>] - Flask-Login initialized.
2025-05-05 15:55:59,468 - INFO - [MainThread] [<module>] - Global state variables initialized (upload_progress_data, download_prep_data).
2025-05-05 15:55:59,614 - INFO - [MainThread] [<module>] - Database module initialized.
2025-05-05 15:56:00,185 - INFO - [MainThread] [<module>] - Initialized requests.Session for Telegram API calls.
2025-05-05 15:56:00,185 - INFO - [MainThread] [<module>] - Telegram API functions defined with Session and Retries.
2025-05-05 15:56:00,192 - INFO - [MainThread] [<module>] - Flask routes defined using configurable workers and linter fixes.
2025-05-05 15:56:00,193 - INFO - [MainThread] [<module>] - Starting Flask development server...
2025-05-05 15:56:00,202 - WARNING - [MainThread] [_log] -  * Debugger is active!
2025-05-05 15:56:00,208 - INFO - [MainThread] [_log] -  * Debugger PIN: 107-410-311
2025-05-05 15:56:06,798 - INFO - [Thread-2 (process_request_thread)] [index] - Serving index page.
2025-05-05 15:56:06,827 - INFO - [Thread-2 (process_request_thread)] [_connect_to_db] - Attempting to connect to MongoDB Atlas host: telegrambot.6armfs2.mongodb.net...
2025-05-05 15:56:07,817 - INFO - [Thread-2 (process_request_thread)] [_connect_to_db] - ✅ Successfully connected and pinged MongoDB Atlas!
2025-05-05 15:56:07,833 - INFO - [Thread-2 (process_request_thread)] [get_db] - Accessed database: Telegrambot
2025-05-05 15:56:07,834 - INFO - [Thread-2 (process_request_thread)] [get_userinfo_collection] - Accessed collection: userinfo
2025-05-05 15:56:07,866 - INFO - [Thread-2 (process_request_thread)] [_log] - 127.0.0.1 - - [05/May/2025 15:56:07] "GET / HTTP/1.1" 200 -
2025-05-05 16:33:40,669 - INFO - [MainThread] [_log] -  * Detected change in 'E:\\Telegram_tool\\Telegram_Bot_Tool\\routes.py', reloading
