2025-04-29 15:10:23,743 - INFO - [MainThread] [<module>] - ============================================================
2025-04-29 15:10:23,744 - INFO - [MainThread] [<module>] - Logging configured. Level: INFO. Log file: Selenium-Logs\app_20250429_151023.log
2025-04-29 15:10:23,744 - INFO - [MainThread] [<module>] - Primary Chat ID: -4603853425
2025-04-29 15:10:23,744 - INFO - [MainThread] [<module>] - All Target Chat IDs: ['-4603853425', '-1002614397019', '-4641852757']
2025-04-29 15:10:23,744 - INFO - [MainThread] [<module>] - Chunk Size: 20971520 bytes
2025-04-29 15:10:23,745 - INFO - [MainThread] [<module>] - API Timeouts (Connect/Read): 10s / 60s
2025-04-29 15:10:23,745 - INFO - [MainThread] [<module>] - API Retries: 3 attempts, 2s delay
2025-04-29 15:10:23,746 - INFO - [MainThread] [<module>] - Max Upload Workers: 5
2025-04-29 15:10:23,746 - INFO - [MainThread] [<module>] - Max Download Workers: 12
2025-04-29 15:10:23,746 - INFO - [MainThread] [<module>] - ============================================================
2025-04-29 15:10:23,747 - INFO - [MainThread] [<module>] - Configuration loaded successfully.
2025-04-29 15:10:23,747 - INFO - [MainThread] [<module>] - Utility functions defined.
2025-04-29 15:10:23,750 - INFO - [MainThread] [<module>] - Custom Jinja filter 'format_bytes' registered.
2025-04-29 15:10:23,750 - INFO - [MainThread] [<module>] - Flask-CORS initialized. Allowing origins: http://localhost:4200
2025-04-29 15:10:23,750 - INFO - [MainThread] [<module>] - Flask application initialized.
2025-04-29 15:10:23,751 - INFO - [MainThread] [<module>] - Global state variables initialized (upload_progress_data, download_prep_data).
2025-04-29 15:10:23,753 - INFO - [MainThread] [<module>] - Custom Jinja filter 'format_bytes' registered.
2025-04-29 15:10:23,753 - INFO - [MainThread] [<module>] - Flask-CORS initialized. Allowing origins: http://localhost:4200
2025-04-29 15:10:23,753 - INFO - [MainThread] [<module>] - Flask application initialized.
2025-04-29 15:10:23,754 - INFO - [MainThread] [<module>] - Global state variables initialized (upload_progress_data, download_prep_data).
2025-04-29 15:10:24,268 - INFO - [MainThread] [<module>] - Initialized requests.Session for Telegram API calls.
2025-04-29 15:10:24,269 - INFO - [MainThread] [<module>] - Telegram API functions defined with Session and Retries.
2025-04-29 15:10:24,273 - INFO - [MainThread] [<module>] - Flask routes defined using configurable workers and linter fixes.
2025-04-29 15:10:24,274 - INFO - [MainThread] [<module>] - Starting Flask development server...
2025-04-29 15:10:24,309 - WARNING - [MainThread] [_log] -  * Debugger is active!
2025-04-29 15:10:24,316 - INFO - [MainThread] [_log] -  * Debugger PIN: 107-410-311
2025-04-29 15:10:27,367 - INFO - [Thread-3 (process_request_thread)] [index] - Serving index page.
2025-04-29 15:10:27,392 - INFO - [Thread-3 (process_request_thread)] [_log] - 127.0.0.1 - - [29/Apr/2025 15:10:27] "GET / HTTP/1.1" 200 -
2025-04-29 15:10:32,142 - INFO - [Thread-2 (process_request_thread)] [initiate_upload] - Request initiate upload.
2025-04-29 15:10:32,640 - INFO - [Thread-2 (process_request_thread)] [initiate_upload] - [3ec1a16a-c16d-4254-8f9c-a72c06262965] Temp storage: uploads_temp\3ec1a16a-c16d-4254-8f9c-a72c06262965_WindsurfUserSetup-x64-1.7.1 (1).exe
2025-04-29 15:10:32,808 - INFO - [Thread-2 (process_request_thread)] [initiate_upload] - [3ec1a16a-c16d-4254-8f9c-a72c06262965] Temp saved: 'WindsurfUserSetup-x64-1.7.1 (1).exe'.
2025-04-29 15:10:32,819 - INFO - [Thread-2 (process_request_thread)] [_log] - 127.0.0.1 - - [29/Apr/2025 15:10:32] "POST /initiate-upload HTTP/1.1" 200 -
2025-04-29 15:10:32,828 - INFO - [Thread-4 (process_request_thread)] [stream_progress] - SSE connect request for upload_id: 3ec1a16a-c16d-4254-8f9c-a72c06262965
2025-04-29 15:10:32,829 - INFO - [Thread-4 (process_request_thread)] [process_upload_and_generate_updates] - [3ec1a16a-c16d-4254-8f9c-a72c06262965] Starting processing generator...
2025-04-29 15:10:32,829 - INFO - [Thread-4 (process_request_thread)] [process_upload_and_generate_updates] - [3ec1a16a-c16d-4254-8f9c-a72c06262965] Processing: User='ELENA', File='WindsurfUserSetup-x64-1.7.1 (1).exe'
2025-04-29 15:10:32,830 - INFO - [Thread-4 (process_request_thread)] [process_upload_and_generate_updates] - [3ec1a16a-c16d-4254-8f9c-a72c06262965] Initialized Upload Executor (max=5)
2025-04-29 15:10:32,830 - INFO - [Thread-4 (process_request_thread)] [_log] - 127.0.0.1 - - [29/Apr/2025 15:10:32] "GET /stream-progress/3ec1a16a-c16d-4254-8f9c-a72c06262965 HTTP/1.1" 200 -
2025-04-29 15:10:32,831 - INFO - [Thread-4 (process_request_thread)] [process_upload_and_generate_updates] - [3ec1a16a-c16d-4254-8f9c-a72c06262965] Access ID: bcec160208
2025-04-29 15:10:32,832 - INFO - [Thread-4 (process_request_thread)] [process_upload_and_generate_updates] - [3ec1a16a-c16d-4254-8f9c-a72c06262965] Large file workflow.
2025-04-29 15:10:37,079 - INFO - [Thread-4 (process_request_thread)] [process_upload_and_generate_updates] - [3ec1a16a-c16d-4254-8f9c-a72c06262965] Compressed to 136492940 bytes in 4.25s.
2025-04-29 15:10:37,107 - INFO - [Thread-4 (process_request_thread)] [process_upload_and_generate_updates] - [3ec1a16a-c16d-4254-8f9c-a72c06262965] Read chunk 1 (20971520 bytes). Name: 'WindsurfUserSetup-x64-1.7.1 (1).zip.part_001'
2025-04-29 15:10:37,108 - INFO - [Upload_3ec1_0] [_send_chunk_task] - [3ec1a16a-c16d-4254-8f9c-a72c06262965] T> Sending chunk 1 ('WindsurfUserSetup-x64-1.7.1 (1).zip.part_001') to -4603853425
2025-04-29 15:10:37,109 - INFO - [Upload_3ec1_0] [send_file_to_telegram] - [ChatID -4603853425, File 'WindsurfUserSetup-x64-1.7.1 (1).zip.part_001'] Attempting send.
2025-04-29 15:10:37,109 - INFO - [Upload_3ec1_1] [_send_chunk_task] - [3ec1a16a-c16d-4254-8f9c-a72c06262965] T> Sending chunk 1 ('WindsurfUserSetup-x64-1.7.1 (1).zip.part_001') to -1002614397019
2025-04-29 15:10:37,109 - INFO - [Upload_3ec1_2] [_send_chunk_task] - [3ec1a16a-c16d-4254-8f9c-a72c06262965] T> Sending chunk 1 ('WindsurfUserSetup-x64-1.7.1 (1).zip.part_001') to -4641852757
2025-04-29 15:10:37,110 - INFO - [Upload_3ec1_1] [send_file_to_telegram] - [ChatID -1002614397019, File 'WindsurfUserSetup-x64-1.7.1 (1).zip.part_001'] Attempting send.
2025-04-29 15:10:37,111 - INFO - [Upload_3ec1_2] [send_file_to_telegram] - [ChatID -4641852757, File 'WindsurfUserSetup-x64-1.7.1 (1).zip.part_001'] Attempting send.
2025-04-29 15:10:47,474 - WARNING - [Upload_3ec1_2] [send_file_to_telegram] - [ChatID -4641852757, File 'WindsurfUserSetup-x64-1.7.1 (1).zip.part_001'] Connection error attempt 1: HTTPSConnectionPool(host='api.telegram.org', port=443): Max retries exceeded with url: /bot7812479394:AAFrzOcHGKfc-1iOUbVEkptJkooaJrXHAxs/sendDocument (Caused by SSLError(SSLWantWriteError(3, 'The operation did not complete (write) (_ssl.c:2427)')))
2025-04-29 15:10:47,475 - INFO - [Upload_3ec1_2] [send_file_to_telegram] - [ChatID -4641852757, File 'WindsurfUserSetup-x64-1.7.1 (1).zip.part_001'] Retrying in 2s...
2025-04-29 15:10:47,486 - WARNING - [Upload_3ec1_1] [send_file_to_telegram] - [ChatID -1002614397019, File 'WindsurfUserSetup-x64-1.7.1 (1).zip.part_001'] Connection error attempt 1: ('Connection aborted.', TimeoutError('The write operation timed out'))
2025-04-29 15:10:47,487 - INFO - [Upload_3ec1_1] [send_file_to_telegram] - [ChatID -1002614397019, File 'WindsurfUserSetup-x64-1.7.1 (1).zip.part_001'] Retrying in 2s...
2025-04-29 15:10:47,709 - INFO - [Upload_3ec1_0] [send_file_to_telegram] - [ChatID -4603853425, File 'WindsurfUserSetup-x64-1.7.1 (1).zip.part_001'] API success (Attempt 1).
2025-04-29 15:10:47,714 - INFO - [Upload_3ec1_0] [_send_chunk_task] - [3ec1a16a-c16d-4254-8f9c-a72c06262965] T> Sent chunk 1 to -4603853425. Success: True
2025-04-29 15:10:58,308 - INFO - [Upload_3ec1_1] [send_file_to_telegram] - [ChatID -1002614397019, File 'WindsurfUserSetup-x64-1.7.1 (1).zip.part_001'] API success (Attempt 2).
2025-04-29 15:10:58,309 - INFO - [Upload_3ec1_1] [_send_chunk_task] - [3ec1a16a-c16d-4254-8f9c-a72c06262965] T> Sent chunk 1 to -1002614397019. Success: True
2025-04-29 15:10:59,493 - WARNING - [Upload_3ec1_2] [send_file_to_telegram] - [ChatID -4641852757, File 'WindsurfUserSetup-x64-1.7.1 (1).zip.part_001'] Connection error attempt 2: ('Connection aborted.', TimeoutError('The write operation timed out'))
2025-04-29 15:10:59,494 - INFO - [Upload_3ec1_2] [send_file_to_telegram] - [ChatID -4641852757, File 'WindsurfUserSetup-x64-1.7.1 (1).zip.part_001'] Retrying in 2s...
2025-04-29 15:11:10,117 - INFO - [Upload_3ec1_2] [send_file_to_telegram] - [ChatID -4641852757, File 'WindsurfUserSetup-x64-1.7.1 (1).zip.part_001'] API success (Attempt 3).
2025-04-29 15:11:10,118 - INFO - [Upload_3ec1_2] [_send_chunk_task] - [3ec1a16a-c16d-4254-8f9c-a72c06262965] T> Sent chunk 1 to -4641852757. Success: True
2025-04-29 15:11:10,129 - INFO - [Thread-4 (process_request_thread)] [process_upload_and_generate_updates] - [3ec1a16a-c16d-4254-8f9c-a72c06262965] Read chunk 2 (20971520 bytes). Name: 'WindsurfUserSetup-x64-1.7.1 (1).zip.part_002'
2025-04-29 15:11:10,130 - INFO - [Upload_3ec1_0] [_send_chunk_task] - [3ec1a16a-c16d-4254-8f9c-a72c06262965] T> Sending chunk 2 ('WindsurfUserSetup-x64-1.7.1 (1).zip.part_002') to -4603853425
2025-04-29 15:11:10,130 - INFO - [Upload_3ec1_1] [_send_chunk_task] - [3ec1a16a-c16d-4254-8f9c-a72c06262965] T> Sending chunk 2 ('WindsurfUserSetup-x64-1.7.1 (1).zip.part_002') to -1002614397019
2025-04-29 15:11:10,130 - INFO - [Upload_3ec1_2] [_send_chunk_task] - [3ec1a16a-c16d-4254-8f9c-a72c06262965] T> Sending chunk 2 ('WindsurfUserSetup-x64-1.7.1 (1).zip.part_002') to -4641852757
2025-04-29 15:11:10,144 - INFO - [Upload_3ec1_0] [send_file_to_telegram] - [ChatID -4603853425, File 'WindsurfUserSetup-x64-1.7.1 (1).zip.part_002'] Attempting send.
2025-04-29 15:11:10,145 - INFO - [Upload_3ec1_1] [send_file_to_telegram] - [ChatID -1002614397019, File 'WindsurfUserSetup-x64-1.7.1 (1).zip.part_002'] Attempting send.
2025-04-29 15:11:10,145 - INFO - [Upload_3ec1_2] [send_file_to_telegram] - [ChatID -4641852757, File 'WindsurfUserSetup-x64-1.7.1 (1).zip.part_002'] Attempting send.
2025-04-29 15:11:20,510 - WARNING - [Upload_3ec1_2] [send_file_to_telegram] - [ChatID -4641852757, File 'WindsurfUserSetup-x64-1.7.1 (1).zip.part_002'] Connection error attempt 1: ('Connection aborted.', TimeoutError('The write operation timed out'))
2025-04-29 15:11:20,511 - INFO - [Upload_3ec1_2] [send_file_to_telegram] - [ChatID -4641852757, File 'WindsurfUserSetup-x64-1.7.1 (1).zip.part_002'] Retrying in 2s...
2025-04-29 15:11:20,971 - INFO - [Upload_3ec1_0] [send_file_to_telegram] - [ChatID -4603853425, File 'WindsurfUserSetup-x64-1.7.1 (1).zip.part_002'] API success (Attempt 1).
2025-04-29 15:11:20,976 - INFO - [Upload_3ec1_0] [_send_chunk_task] - [3ec1a16a-c16d-4254-8f9c-a72c06262965] T> Sent chunk 2 to -4603853425. Success: True
2025-04-29 15:11:21,919 - INFO - [Upload_3ec1_1] [send_file_to_telegram] - [ChatID -1002614397019, File 'WindsurfUserSetup-x64-1.7.1 (1).zip.part_002'] API success (Attempt 1).
2025-04-29 15:11:21,922 - INFO - [Upload_3ec1_1] [_send_chunk_task] - [3ec1a16a-c16d-4254-8f9c-a72c06262965] T> Sent chunk 2 to -1002614397019. Success: True
2025-04-29 15:11:34,782 - INFO - [Upload_3ec1_2] [send_file_to_telegram] - [ChatID -4641852757, File 'WindsurfUserSetup-x64-1.7.1 (1).zip.part_002'] API success (Attempt 2).
2025-04-29 15:11:34,782 - INFO - [Upload_3ec1_2] [_send_chunk_task] - [3ec1a16a-c16d-4254-8f9c-a72c06262965] T> Sent chunk 2 to -4641852757. Success: True
2025-04-29 15:11:34,795 - INFO - [Thread-4 (process_request_thread)] [process_upload_and_generate_updates] - [3ec1a16a-c16d-4254-8f9c-a72c06262965] Read chunk 3 (20971520 bytes). Name: 'WindsurfUserSetup-x64-1.7.1 (1).zip.part_003'
2025-04-29 15:11:34,796 - INFO - [Upload_3ec1_0] [_send_chunk_task] - [3ec1a16a-c16d-4254-8f9c-a72c06262965] T> Sending chunk 3 ('WindsurfUserSetup-x64-1.7.1 (1).zip.part_003') to -4603853425
2025-04-29 15:11:34,796 - INFO - [Upload_3ec1_1] [_send_chunk_task] - [3ec1a16a-c16d-4254-8f9c-a72c06262965] T> Sending chunk 3 ('WindsurfUserSetup-x64-1.7.1 (1).zip.part_003') to -1002614397019
2025-04-29 15:11:34,796 - INFO - [Upload_3ec1_2] [_send_chunk_task] - [3ec1a16a-c16d-4254-8f9c-a72c06262965] T> Sending chunk 3 ('WindsurfUserSetup-x64-1.7.1 (1).zip.part_003') to -4641852757
2025-04-29 15:11:34,796 - INFO - [Upload_3ec1_0] [send_file_to_telegram] - [ChatID -4603853425, File 'WindsurfUserSetup-x64-1.7.1 (1).zip.part_003'] Attempting send.
2025-04-29 15:11:34,797 - INFO - [Upload_3ec1_1] [send_file_to_telegram] - [ChatID -1002614397019, File 'WindsurfUserSetup-x64-1.7.1 (1).zip.part_003'] Attempting send.
2025-04-29 15:11:34,798 - INFO - [Upload_3ec1_2] [send_file_to_telegram] - [ChatID -4641852757, File 'WindsurfUserSetup-x64-1.7.1 (1).zip.part_003'] Attempting send.
2025-04-29 15:11:44,820 - WARNING - [Upload_3ec1_0] [send_file_to_telegram] - [ChatID -4603853425, File 'WindsurfUserSetup-x64-1.7.1 (1).zip.part_003'] Connection error attempt 1: ('Connection aborted.', TimeoutError('The write operation timed out'))
2025-04-29 15:11:44,820 - INFO - [Upload_3ec1_0] [send_file_to_telegram] - [ChatID -4603853425, File 'WindsurfUserSetup-x64-1.7.1 (1).zip.part_003'] Retrying in 2s...
2025-04-29 15:11:45,333 - INFO - [Upload_3ec1_1] [send_file_to_telegram] - [ChatID -1002614397019, File 'WindsurfUserSetup-x64-1.7.1 (1).zip.part_003'] API success (Attempt 1).
2025-04-29 15:11:45,338 - INFO - [Upload_3ec1_1] [_send_chunk_task] - [3ec1a16a-c16d-4254-8f9c-a72c06262965] T> Sent chunk 3 to -1002614397019. Success: True
2025-04-29 15:11:46,153 - INFO - [Upload_3ec1_2] [send_file_to_telegram] - [ChatID -4641852757, File 'WindsurfUserSetup-x64-1.7.1 (1).zip.part_003'] API success (Attempt 1).
2025-04-29 15:11:46,156 - INFO - [Upload_3ec1_2] [_send_chunk_task] - [3ec1a16a-c16d-4254-8f9c-a72c06262965] T> Sent chunk 3 to -4641852757. Success: True
2025-04-29 15:11:59,157 - INFO - [Upload_3ec1_0] [send_file_to_telegram] - [ChatID -4603853425, File 'WindsurfUserSetup-x64-1.7.1 (1).zip.part_003'] API success (Attempt 2).
2025-04-29 15:11:59,158 - INFO - [Upload_3ec1_0] [_send_chunk_task] - [3ec1a16a-c16d-4254-8f9c-a72c06262965] T> Sent chunk 3 to -4603853425. Success: True
2025-04-29 15:11:59,177 - INFO - [Thread-4 (process_request_thread)] [process_upload_and_generate_updates] - [3ec1a16a-c16d-4254-8f9c-a72c06262965] Read chunk 4 (20971520 bytes). Name: 'WindsurfUserSetup-x64-1.7.1 (1).zip.part_004'
2025-04-29 15:11:59,179 - INFO - [Upload_3ec1_1] [_send_chunk_task] - [3ec1a16a-c16d-4254-8f9c-a72c06262965] T> Sending chunk 4 ('WindsurfUserSetup-x64-1.7.1 (1).zip.part_004') to -4603853425
2025-04-29 15:11:59,179 - INFO - [Upload_3ec1_2] [_send_chunk_task] - [3ec1a16a-c16d-4254-8f9c-a72c06262965] T> Sending chunk 4 ('WindsurfUserSetup-x64-1.7.1 (1).zip.part_004') to -1002614397019
2025-04-29 15:11:59,179 - INFO - [Upload_3ec1_0] [_send_chunk_task] - [3ec1a16a-c16d-4254-8f9c-a72c06262965] T> Sending chunk 4 ('WindsurfUserSetup-x64-1.7.1 (1).zip.part_004') to -4641852757
2025-04-29 15:11:59,179 - INFO - [Upload_3ec1_1] [send_file_to_telegram] - [ChatID -4603853425, File 'WindsurfUserSetup-x64-1.7.1 (1).zip.part_004'] Attempting send.
2025-04-29 15:11:59,180 - INFO - [Upload_3ec1_2] [send_file_to_telegram] - [ChatID -1002614397019, File 'WindsurfUserSetup-x64-1.7.1 (1).zip.part_004'] Attempting send.
2025-04-29 15:11:59,181 - INFO - [Upload_3ec1_0] [send_file_to_telegram] - [ChatID -4641852757, File 'WindsurfUserSetup-x64-1.7.1 (1).zip.part_004'] Attempting send.
2025-04-29 15:12:07,902 - INFO - [Upload_3ec1_2] [send_file_to_telegram] - [ChatID -1002614397019, File 'WindsurfUserSetup-x64-1.7.1 (1).zip.part_004'] API success (Attempt 1).
2025-04-29 15:12:07,904 - INFO - [Upload_3ec1_2] [_send_chunk_task] - [3ec1a16a-c16d-4254-8f9c-a72c06262965] T> Sent chunk 4 to -1002614397019. Success: True
2025-04-29 15:12:09,196 - WARNING - [Upload_3ec1_0] [send_file_to_telegram] - [ChatID -4641852757, File 'WindsurfUserSetup-x64-1.7.1 (1).zip.part_004'] Connection error attempt 1: ('Connection aborted.', TimeoutError('The write operation timed out'))
2025-04-29 15:12:09,197 - INFO - [Upload_3ec1_0] [send_file_to_telegram] - [ChatID -4641852757, File 'WindsurfUserSetup-x64-1.7.1 (1).zip.part_004'] Retrying in 2s...
2025-04-29 15:12:10,221 - INFO - [Upload_3ec1_1] [send_file_to_telegram] - [ChatID -4603853425, File 'WindsurfUserSetup-x64-1.7.1 (1).zip.part_004'] API success (Attempt 1).
2025-04-29 15:12:10,223 - INFO - [Upload_3ec1_1] [_send_chunk_task] - [3ec1a16a-c16d-4254-8f9c-a72c06262965] T> Sent chunk 4 to -4603853425. Success: True
2025-04-29 15:12:24,314 - INFO - [Upload_3ec1_0] [send_file_to_telegram] - [ChatID -4641852757, File 'WindsurfUserSetup-x64-1.7.1 (1).zip.part_004'] API success (Attempt 2).
2025-04-29 15:12:24,314 - INFO - [Upload_3ec1_0] [_send_chunk_task] - [3ec1a16a-c16d-4254-8f9c-a72c06262965] T> Sent chunk 4 to -4641852757. Success: True
2025-04-29 15:12:24,332 - INFO - [Thread-4 (process_request_thread)] [process_upload_and_generate_updates] - [3ec1a16a-c16d-4254-8f9c-a72c06262965] Read chunk 5 (20971520 bytes). Name: 'WindsurfUserSetup-x64-1.7.1 (1).zip.part_005'
2025-04-29 15:12:24,333 - INFO - [Upload_3ec1_2] [_send_chunk_task] - [3ec1a16a-c16d-4254-8f9c-a72c06262965] T> Sending chunk 5 ('WindsurfUserSetup-x64-1.7.1 (1).zip.part_005') to -4603853425
2025-04-29 15:12:24,333 - INFO - [Upload_3ec1_1] [_send_chunk_task] - [3ec1a16a-c16d-4254-8f9c-a72c06262965] T> Sending chunk 5 ('WindsurfUserSetup-x64-1.7.1 (1).zip.part_005') to -1002614397019
2025-04-29 15:12:24,333 - INFO - [Upload_3ec1_0] [_send_chunk_task] - [3ec1a16a-c16d-4254-8f9c-a72c06262965] T> Sending chunk 5 ('WindsurfUserSetup-x64-1.7.1 (1).zip.part_005') to -4641852757
2025-04-29 15:12:24,334 - INFO - [Upload_3ec1_2] [send_file_to_telegram] - [ChatID -4603853425, File 'WindsurfUserSetup-x64-1.7.1 (1).zip.part_005'] Attempting send.
2025-04-29 15:12:24,334 - INFO - [Upload_3ec1_1] [send_file_to_telegram] - [ChatID -1002614397019, File 'WindsurfUserSetup-x64-1.7.1 (1).zip.part_005'] Attempting send.
2025-04-29 15:12:24,334 - INFO - [Upload_3ec1_0] [send_file_to_telegram] - [ChatID -4641852757, File 'WindsurfUserSetup-x64-1.7.1 (1).zip.part_005'] Attempting send.
2025-04-29 15:12:32,965 - INFO - [Upload_3ec1_0] [send_file_to_telegram] - [ChatID -4641852757, File 'WindsurfUserSetup-x64-1.7.1 (1).zip.part_005'] API success (Attempt 1).
2025-04-29 15:12:32,967 - INFO - [Upload_3ec1_0] [_send_chunk_task] - [3ec1a16a-c16d-4254-8f9c-a72c06262965] T> Sent chunk 5 to -4641852757. Success: True
2025-04-29 15:12:34,351 - WARNING - [Upload_3ec1_1] [send_file_to_telegram] - [ChatID -1002614397019, File 'WindsurfUserSetup-x64-1.7.1 (1).zip.part_005'] Connection error attempt 1: HTTPSConnectionPool(host='api.telegram.org', port=443): Max retries exceeded with url: /bot7812479394:AAFrzOcHGKfc-1iOUbVEkptJkooaJrXHAxs/sendDocument (Caused by SSLError(SSLWantWriteError(3, 'The operation did not complete (write) (_ssl.c:2427)')))
2025-04-29 15:12:34,353 - INFO - [Upload_3ec1_1] [send_file_to_telegram] - [ChatID -1002614397019, File 'WindsurfUserSetup-x64-1.7.1 (1).zip.part_005'] Retrying in 2s...
2025-04-29 15:12:34,453 - INFO - [Upload_3ec1_2] [send_file_to_telegram] - [ChatID -4603853425, File 'WindsurfUserSetup-x64-1.7.1 (1).zip.part_005'] API success (Attempt 1).
2025-04-29 15:12:34,457 - INFO - [Upload_3ec1_2] [_send_chunk_task] - [3ec1a16a-c16d-4254-8f9c-a72c06262965] T> Sent chunk 5 to -4603853425. Success: True
2025-04-29 15:12:46,228 - INFO - [Upload_3ec1_1] [send_file_to_telegram] - [ChatID -1002614397019, File 'WindsurfUserSetup-x64-1.7.1 (1).zip.part_005'] API success (Attempt 2).
2025-04-29 15:12:46,229 - INFO - [Upload_3ec1_1] [_send_chunk_task] - [3ec1a16a-c16d-4254-8f9c-a72c06262965] T> Sent chunk 5 to -1002614397019. Success: True
2025-04-29 15:12:46,249 - INFO - [Thread-4 (process_request_thread)] [process_upload_and_generate_updates] - [3ec1a16a-c16d-4254-8f9c-a72c06262965] Read chunk 6 (20971520 bytes). Name: 'WindsurfUserSetup-x64-1.7.1 (1).zip.part_006'
2025-04-29 15:12:46,254 - INFO - [Upload_3ec1_0] [_send_chunk_task] - [3ec1a16a-c16d-4254-8f9c-a72c06262965] T> Sending chunk 6 ('WindsurfUserSetup-x64-1.7.1 (1).zip.part_006') to -4603853425
2025-04-29 15:12:46,254 - INFO - [Upload_3ec1_2] [_send_chunk_task] - [3ec1a16a-c16d-4254-8f9c-a72c06262965] T> Sending chunk 6 ('WindsurfUserSetup-x64-1.7.1 (1).zip.part_006') to -1002614397019
2025-04-29 15:12:46,254 - INFO - [Upload_3ec1_1] [_send_chunk_task] - [3ec1a16a-c16d-4254-8f9c-a72c06262965] T> Sending chunk 6 ('WindsurfUserSetup-x64-1.7.1 (1).zip.part_006') to -4641852757
2025-04-29 15:12:46,254 - INFO - [Upload_3ec1_0] [send_file_to_telegram] - [ChatID -4603853425, File 'WindsurfUserSetup-x64-1.7.1 (1).zip.part_006'] Attempting send.
2025-04-29 15:12:46,255 - INFO - [Upload_3ec1_2] [send_file_to_telegram] - [ChatID -1002614397019, File 'WindsurfUserSetup-x64-1.7.1 (1).zip.part_006'] Attempting send.
2025-04-29 15:12:46,352 - INFO - [Upload_3ec1_1] [send_file_to_telegram] - [ChatID -4641852757, File 'WindsurfUserSetup-x64-1.7.1 (1).zip.part_006'] Attempting send.
2025-04-29 15:12:56,414 - WARNING - [Upload_3ec1_1] [send_file_to_telegram] - [ChatID -4641852757, File 'WindsurfUserSetup-x64-1.7.1 (1).zip.part_006'] Connection error attempt 1: ('Connection aborted.', TimeoutError('The write operation timed out'))
2025-04-29 15:12:56,414 - INFO - [Upload_3ec1_1] [send_file_to_telegram] - [ChatID -4641852757, File 'WindsurfUserSetup-x64-1.7.1 (1).zip.part_006'] Retrying in 2s...
2025-04-29 15:12:56,680 - INFO - [Upload_3ec1_0] [send_file_to_telegram] - [ChatID -4603853425, File 'WindsurfUserSetup-x64-1.7.1 (1).zip.part_006'] API success (Attempt 1).
2025-04-29 15:12:56,682 - INFO - [Upload_3ec1_0] [_send_chunk_task] - [3ec1a16a-c16d-4254-8f9c-a72c06262965] T> Sent chunk 6 to -4603853425. Success: True
2025-04-29 15:12:58,038 - INFO - [Upload_3ec1_2] [send_file_to_telegram] - [ChatID -1002614397019, File 'WindsurfUserSetup-x64-1.7.1 (1).zip.part_006'] API success (Attempt 1).
2025-04-29 15:12:58,041 - INFO - [Upload_3ec1_2] [_send_chunk_task] - [3ec1a16a-c16d-4254-8f9c-a72c06262965] T> Sent chunk 6 to -1002614397019. Success: True
2025-04-29 15:13:09,704 - INFO - [Upload_3ec1_1] [send_file_to_telegram] - [ChatID -4641852757, File 'WindsurfUserSetup-x64-1.7.1 (1).zip.part_006'] API success (Attempt 2).
2025-04-29 15:13:09,705 - INFO - [Upload_3ec1_1] [_send_chunk_task] - [3ec1a16a-c16d-4254-8f9c-a72c06262965] T> Sent chunk 6 to -4641852757. Success: True
2025-04-29 15:13:09,711 - INFO - [Thread-4 (process_request_thread)] [process_upload_and_generate_updates] - [3ec1a16a-c16d-4254-8f9c-a72c06262965] Read chunk 7 (10663820 bytes). Name: 'WindsurfUserSetup-x64-1.7.1 (1).zip.part_007'
2025-04-29 15:13:09,712 - INFO - [Upload_3ec1_0] [_send_chunk_task] - [3ec1a16a-c16d-4254-8f9c-a72c06262965] T> Sending chunk 7 ('WindsurfUserSetup-x64-1.7.1 (1).zip.part_007') to -4603853425
2025-04-29 15:13:09,712 - INFO - [Upload_3ec1_2] [_send_chunk_task] - [3ec1a16a-c16d-4254-8f9c-a72c06262965] T> Sending chunk 7 ('WindsurfUserSetup-x64-1.7.1 (1).zip.part_007') to -1002614397019
2025-04-29 15:13:09,712 - INFO - [Upload_3ec1_1] [_send_chunk_task] - [3ec1a16a-c16d-4254-8f9c-a72c06262965] T> Sending chunk 7 ('WindsurfUserSetup-x64-1.7.1 (1).zip.part_007') to -4641852757
2025-04-29 15:13:09,712 - INFO - [Upload_3ec1_0] [send_file_to_telegram] - [ChatID -4603853425, File 'WindsurfUserSetup-x64-1.7.1 (1).zip.part_007'] Attempting send.
2025-04-29 15:13:09,713 - INFO - [Upload_3ec1_2] [send_file_to_telegram] - [ChatID -1002614397019, File 'WindsurfUserSetup-x64-1.7.1 (1).zip.part_007'] Attempting send.
2025-04-29 15:13:09,713 - INFO - [Upload_3ec1_1] [send_file_to_telegram] - [ChatID -4641852757, File 'WindsurfUserSetup-x64-1.7.1 (1).zip.part_007'] Attempting send.
2025-04-29 15:13:15,751 - INFO - [Upload_3ec1_1] [send_file_to_telegram] - [ChatID -4641852757, File 'WindsurfUserSetup-x64-1.7.1 (1).zip.part_007'] API success (Attempt 1).
2025-04-29 15:13:15,752 - INFO - [Upload_3ec1_1] [_send_chunk_task] - [3ec1a16a-c16d-4254-8f9c-a72c06262965] T> Sent chunk 7 to -4641852757. Success: True
2025-04-29 15:13:16,555 - INFO - [Upload_3ec1_2] [send_file_to_telegram] - [ChatID -1002614397019, File 'WindsurfUserSetup-x64-1.7.1 (1).zip.part_007'] API success (Attempt 1).
2025-04-29 15:13:16,556 - INFO - [Upload_3ec1_2] [_send_chunk_task] - [3ec1a16a-c16d-4254-8f9c-a72c06262965] T> Sent chunk 7 to -1002614397019. Success: True
2025-04-29 15:13:17,666 - INFO - [Upload_3ec1_0] [send_file_to_telegram] - [ChatID -4603853425, File 'WindsurfUserSetup-x64-1.7.1 (1).zip.part_007'] API success (Attempt 1).
2025-04-29 15:13:17,668 - INFO - [Upload_3ec1_0] [_send_chunk_task] - [3ec1a16a-c16d-4254-8f9c-a72c06262965] T> Sent chunk 7 to -4603853425. Success: True
2025-04-29 15:13:17,674 - INFO - [Thread-4 (process_request_thread)] [process_upload_and_generate_updates] - [3ec1a16a-c16d-4254-8f9c-a72c06262965] EOF reached.
2025-04-29 15:13:17,674 - INFO - [Thread-4 (process_request_thread)] [process_upload_and_generate_updates] - [3ec1a16a-c16d-4254-8f9c-a72c06262965] Finished chunk loop.
2025-04-29 15:13:17,674 - INFO - [Thread-4 (process_request_thread)] [process_upload_and_generate_updates] - [3ec1a16a-c16d-4254-8f9c-a72c06262965] All 7 chunks OK. Saving meta.
2025-04-29 15:13:17,677 - INFO - [Thread-4 (process_request_thread)] [load_metadata] - Successfully loaded metadata from 'metadata.json'.
2025-04-29 15:13:17,687 - INFO - [Thread-4 (process_request_thread)] [save_metadata] - Successfully saved metadata to 'metadata.json'.
2025-04-29 15:13:17,700 - INFO - [Thread-4 (process_request_thread)] [_safe_remove_file] - [3ec1a16a-c16d-4254-8f9c-a72c06262965] Cleaned up large compressed temp: E:\Telegram_tool\Telegram_Bot_Tool\uploads_temp\3ec1a16a-c16d-4254-8f9c-a72c06262965_comp_4whcb_7y.zip
2025-04-29 15:13:17,701 - INFO - [Thread-4 (process_request_thread)] [process_upload_and_generate_updates] - [3ec1a16a-c16d-4254-8f9c-a72c06262965] Upload generator cleanup.
2025-04-29 15:13:17,701 - INFO - [Thread-4 (process_request_thread)] [process_upload_and_generate_updates] - [3ec1a16a-c16d-4254-8f9c-a72c06262965] Upload executor shutdown.
2025-04-29 15:13:17,716 - INFO - [Thread-4 (process_request_thread)] [_safe_remove_file] - [3ec1a16a-c16d-4254-8f9c-a72c06262965] Cleaned up original temp: uploads_temp\3ec1a16a-c16d-4254-8f9c-a72c06262965_WindsurfUserSetup-x64-1.7.1 (1).exe
2025-04-29 15:13:17,716 - INFO - [Thread-4 (process_request_thread)] [process_upload_and_generate_updates] - [3ec1a16a-c16d-4254-8f9c-a72c06262965] Upload generator finished. Status: completed
2025-04-29 15:14:16,162 - INFO - [Thread-5 (process_request_thread)] [initiate_upload] - Request initiate upload.
2025-04-29 15:14:21,602 - INFO - [Thread-5 (process_request_thread)] [initiate_upload] - [8bab54d6-8e97-481a-b200-0b9f47f5823e] Temp storage: uploads_temp\8bab54d6-8e97-481a-b200-0b9f47f5823e_[@TeamSeries]~Daredevil_ Born Again S01 E01 720p WebRip x264 (2).mkv
2025-04-29 15:14:25,317 - INFO - [Thread-5 (process_request_thread)] [initiate_upload] - [8bab54d6-8e97-481a-b200-0b9f47f5823e] Temp saved: '[@TeamSeries]~Daredevil_ Born Again S01 E01 720p WebRip x264 (2).mkv'.
2025-04-29 15:14:25,376 - INFO - [Thread-5 (process_request_thread)] [_log] - 127.0.0.1 - - [29/Apr/2025 15:14:25] "POST /initiate-upload HTTP/1.1" 200 -
2025-04-29 15:14:25,387 - INFO - [Thread-6 (process_request_thread)] [stream_progress] - SSE connect request for upload_id: 8bab54d6-8e97-481a-b200-0b9f47f5823e
2025-04-29 15:14:25,387 - INFO - [Thread-6 (process_request_thread)] [process_upload_and_generate_updates] - [8bab54d6-8e97-481a-b200-0b9f47f5823e] Starting processing generator...
2025-04-29 15:14:25,390 - INFO - [Thread-6 (process_request_thread)] [process_upload_and_generate_updates] - [8bab54d6-8e97-481a-b200-0b9f47f5823e] Processing: User='ELENA', File='[@TeamSeries]~Daredevil_ Born Again S01 E01 720p WebRip x264 (2).mkv'
2025-04-29 15:14:25,390 - INFO - [Thread-6 (process_request_thread)] [process_upload_and_generate_updates] - [8bab54d6-8e97-481a-b200-0b9f47f5823e] Initialized Upload Executor (max=5)
2025-04-29 15:14:25,392 - INFO - [Thread-6 (process_request_thread)] [_log] - 127.0.0.1 - - [29/Apr/2025 15:14:25] "GET /stream-progress/8bab54d6-8e97-481a-b200-0b9f47f5823e HTTP/1.1" 200 -
2025-04-29 15:14:25,393 - INFO - [Thread-6 (process_request_thread)] [process_upload_and_generate_updates] - [8bab54d6-8e97-481a-b200-0b9f47f5823e] Access ID: 0b5e5db6fa
2025-04-29 15:14:25,396 - INFO - [Thread-6 (process_request_thread)] [process_upload_and_generate_updates] - [8bab54d6-8e97-481a-b200-0b9f47f5823e] Large file workflow.
2025-04-29 15:14:45,561 - INFO - [Thread-6 (process_request_thread)] [process_upload_and_generate_updates] - [8bab54d6-8e97-481a-b200-0b9f47f5823e] Compressed to 651687163 bytes in 20.16s.
2025-04-29 15:14:45,607 - INFO - [Thread-6 (process_request_thread)] [process_upload_and_generate_updates] - [8bab54d6-8e97-481a-b200-0b9f47f5823e] Read chunk 1 (20971520 bytes). Name: '[@TeamSeries]~Daredevil_ Born Again S01 E01 720p WebRip x264 (2).zip.part_001'
2025-04-29 15:14:45,608 - INFO - [Upload_8bab_0] [_send_chunk_task] - [8bab54d6-8e97-481a-b200-0b9f47f5823e] T> Sending chunk 1 ('[@TeamSeries]~Daredevil_ Born Again S01 E01 720p WebRip x264 (2).zip.part_001') to -4603853425
2025-04-29 15:14:45,609 - INFO - [Upload_8bab_0] [send_file_to_telegram] - [ChatID -4603853425, File '[@TeamSeries]~Daredevil_ Born Again S01 E01 720p WebRip x264 (2).zip.part_001'] Attempting send.
2025-04-29 15:14:45,609 - INFO - [Upload_8bab_1] [_send_chunk_task] - [8bab54d6-8e97-481a-b200-0b9f47f5823e] T> Sending chunk 1 ('[@TeamSeries]~Daredevil_ Born Again S01 E01 720p WebRip x264 (2).zip.part_001') to -1002614397019
2025-04-29 15:14:45,609 - INFO - [Upload_8bab_2] [_send_chunk_task] - [8bab54d6-8e97-481a-b200-0b9f47f5823e] T> Sending chunk 1 ('[@TeamSeries]~Daredevil_ Born Again S01 E01 720p WebRip x264 (2).zip.part_001') to -4641852757
2025-04-29 15:14:45,610 - INFO - [Upload_8bab_1] [send_file_to_telegram] - [ChatID -1002614397019, File '[@TeamSeries]~Daredevil_ Born Again S01 E01 720p WebRip x264 (2).zip.part_001'] Attempting send.
2025-04-29 15:14:45,627 - INFO - [Upload_8bab_2] [send_file_to_telegram] - [ChatID -4641852757, File '[@TeamSeries]~Daredevil_ Born Again S01 E01 720p WebRip x264 (2).zip.part_001'] Attempting send.
2025-04-29 15:14:55,643 - WARNING - [Upload_8bab_0] [send_file_to_telegram] - [ChatID -4603853425, File '[@TeamSeries]~Daredevil_ Born Again S01 E01 720p WebRip x264 (2).zip.part_001'] Connection error attempt 1: ('Connection aborted.', TimeoutError('The write operation timed out'))
2025-04-29 15:14:55,643 - INFO - [Upload_8bab_0] [send_file_to_telegram] - [ChatID -4603853425, File '[@TeamSeries]~Daredevil_ Born Again S01 E01 720p WebRip x264 (2).zip.part_001'] Retrying in 2s...
2025-04-29 15:14:55,661 - WARNING - [Upload_8bab_2] [send_file_to_telegram] - [ChatID -4641852757, File '[@TeamSeries]~Daredevil_ Born Again S01 E01 720p WebRip x264 (2).zip.part_001'] Connection error attempt 1: ('Connection aborted.', TimeoutError('The write operation timed out'))
2025-04-29 15:14:55,661 - INFO - [Upload_8bab_2] [send_file_to_telegram] - [ChatID -4641852757, File '[@TeamSeries]~Daredevil_ Born Again S01 E01 720p WebRip x264 (2).zip.part_001'] Retrying in 2s...
2025-04-29 15:14:57,435 - INFO - [Upload_8bab_1] [send_file_to_telegram] - [ChatID -1002614397019, File '[@TeamSeries]~Daredevil_ Born Again S01 E01 720p WebRip x264 (2).zip.part_001'] API success (Attempt 1).
2025-04-29 15:14:57,439 - INFO - [Upload_8bab_1] [_send_chunk_task] - [8bab54d6-8e97-481a-b200-0b9f47f5823e] T> Sent chunk 1 to -1002614397019. Success: True
2025-04-29 15:15:07,676 - WARNING - [Upload_8bab_0] [send_file_to_telegram] - [ChatID -4603853425, File '[@TeamSeries]~Daredevil_ Born Again S01 E01 720p WebRip x264 (2).zip.part_001'] Connection error attempt 2: ('Connection aborted.', TimeoutError('The write operation timed out'))
2025-04-29 15:15:07,676 - INFO - [Upload_8bab_0] [send_file_to_telegram] - [ChatID -4603853425, File '[@TeamSeries]~Daredevil_ Born Again S01 E01 720p WebRip x264 (2).zip.part_001'] Retrying in 2s...
2025-04-29 15:15:08,053 - WARNING - [Upload_8bab_2] [send_file_to_telegram] - [ChatID -4641852757, File '[@TeamSeries]~Daredevil_ Born Again S01 E01 720p WebRip x264 (2).zip.part_001'] Connection error attempt 2: ('Connection aborted.', TimeoutError('The write operation timed out'))
2025-04-29 15:15:08,053 - INFO - [Upload_8bab_2] [send_file_to_telegram] - [ChatID -4641852757, File '[@TeamSeries]~Daredevil_ Born Again S01 E01 720p WebRip x264 (2).zip.part_001'] Retrying in 2s...
2025-04-29 15:15:20,296 - INFO - [Upload_8bab_0] [send_file_to_telegram] - [ChatID -4603853425, File '[@TeamSeries]~Daredevil_ Born Again S01 E01 720p WebRip x264 (2).zip.part_001'] API success (Attempt 3).
2025-04-29 15:15:20,297 - INFO - [Upload_8bab_0] [_send_chunk_task] - [8bab54d6-8e97-481a-b200-0b9f47f5823e] T> Sent chunk 1 to -4603853425. Success: True
2025-04-29 15:15:21,211 - INFO - [Upload_8bab_2] [send_file_to_telegram] - [ChatID -4641852757, File '[@TeamSeries]~Daredevil_ Born Again S01 E01 720p WebRip x264 (2).zip.part_001'] API success (Attempt 3).
2025-04-29 15:15:21,211 - INFO - [Upload_8bab_2] [_send_chunk_task] - [8bab54d6-8e97-481a-b200-0b9f47f5823e] T> Sent chunk 1 to -4641852757. Success: True
2025-04-29 15:15:21,226 - INFO - [Thread-6 (process_request_thread)] [process_upload_and_generate_updates] - [8bab54d6-8e97-481a-b200-0b9f47f5823e] Read chunk 2 (20971520 bytes). Name: '[@TeamSeries]~Daredevil_ Born Again S01 E01 720p WebRip x264 (2).zip.part_002'
2025-04-29 15:15:21,227 - INFO - [Upload_8bab_1] [_send_chunk_task] - [8bab54d6-8e97-481a-b200-0b9f47f5823e] T> Sending chunk 2 ('[@TeamSeries]~Daredevil_ Born Again S01 E01 720p WebRip x264 (2).zip.part_002') to -4603853425
2025-04-29 15:15:21,227 - INFO - [Upload_8bab_0] [_send_chunk_task] - [8bab54d6-8e97-481a-b200-0b9f47f5823e] T> Sending chunk 2 ('[@TeamSeries]~Daredevil_ Born Again S01 E01 720p WebRip x264 (2).zip.part_002') to -1002614397019
2025-04-29 15:15:21,227 - INFO - [Upload_8bab_2] [_send_chunk_task] - [8bab54d6-8e97-481a-b200-0b9f47f5823e] T> Sending chunk 2 ('[@TeamSeries]~Daredevil_ Born Again S01 E01 720p WebRip x264 (2).zip.part_002') to -4641852757
2025-04-29 15:15:21,227 - INFO - [Upload_8bab_1] [send_file_to_telegram] - [ChatID -4603853425, File '[@TeamSeries]~Daredevil_ Born Again S01 E01 720p WebRip x264 (2).zip.part_002'] Attempting send.
2025-04-29 15:15:21,228 - INFO - [Upload_8bab_0] [send_file_to_telegram] - [ChatID -1002614397019, File '[@TeamSeries]~Daredevil_ Born Again S01 E01 720p WebRip x264 (2).zip.part_002'] Attempting send.
2025-04-29 15:15:21,228 - INFO - [Upload_8bab_2] [send_file_to_telegram] - [ChatID -4641852757, File '[@TeamSeries]~Daredevil_ Born Again S01 E01 720p WebRip x264 (2).zip.part_002'] Attempting send.
2025-04-29 15:15:30,458 - INFO - [Upload_8bab_1] [send_file_to_telegram] - [ChatID -4603853425, File '[@TeamSeries]~Daredevil_ Born Again S01 E01 720p WebRip x264 (2).zip.part_002'] API success (Attempt 1).
2025-04-29 15:15:30,462 - INFO - [Upload_8bab_1] [_send_chunk_task] - [8bab54d6-8e97-481a-b200-0b9f47f5823e] T> Sent chunk 2 to -4603853425. Success: True
2025-04-29 15:15:31,298 - WARNING - [Upload_8bab_0] [send_file_to_telegram] - [ChatID -1002614397019, File '[@TeamSeries]~Daredevil_ Born Again S01 E01 720p WebRip x264 (2).zip.part_002'] Connection error attempt 1: ('Connection aborted.', TimeoutError('The write operation timed out'))
2025-04-29 15:15:31,299 - INFO - [Upload_8bab_0] [send_file_to_telegram] - [ChatID -1002614397019, File '[@TeamSeries]~Daredevil_ Born Again S01 E01 720p WebRip x264 (2).zip.part_002'] Retrying in 2s...
2025-04-29 15:15:31,695 - WARNING - [Upload_8bab_2] [send_file_to_telegram] - [ChatID -4641852757, File '[@TeamSeries]~Daredevil_ Born Again S01 E01 720p WebRip x264 (2).zip.part_002'] Connection error attempt 1: HTTPSConnectionPool(host='api.telegram.org', port=443): Max retries exceeded with url: /bot7812479394:AAFrzOcHGKfc-1iOUbVEkptJkooaJrXHAxs/sendDocument (Caused by SSLError(SSLWantWriteError(3, 'The operation did not complete (write) (_ssl.c:2427)')))
2025-04-29 15:15:31,697 - INFO - [Upload_8bab_2] [send_file_to_telegram] - [ChatID -4641852757, File '[@TeamSeries]~Daredevil_ Born Again S01 E01 720p WebRip x264 (2).zip.part_002'] Retrying in 2s...
2025-04-29 15:15:43,582 - WARNING - [Upload_8bab_0] [send_file_to_telegram] - [ChatID -1002614397019, File '[@TeamSeries]~Daredevil_ Born Again S01 E01 720p WebRip x264 (2).zip.part_002'] Connection error attempt 2: ('Connection aborted.', TimeoutError('The write operation timed out'))
2025-04-29 15:15:43,583 - INFO - [Upload_8bab_0] [send_file_to_telegram] - [ChatID -1002614397019, File '[@TeamSeries]~Daredevil_ Born Again S01 E01 720p WebRip x264 (2).zip.part_002'] Retrying in 2s...
2025-04-29 15:15:44,017 - WARNING - [Upload_8bab_2] [send_file_to_telegram] - [ChatID -4641852757, File '[@TeamSeries]~Daredevil_ Born Again S01 E01 720p WebRip x264 (2).zip.part_002'] Connection error attempt 2: ('Connection aborted.', TimeoutError('The write operation timed out'))
2025-04-29 15:15:44,018 - INFO - [Upload_8bab_2] [send_file_to_telegram] - [ChatID -4641852757, File '[@TeamSeries]~Daredevil_ Born Again S01 E01 720p WebRip x264 (2).zip.part_002'] Retrying in 2s...
2025-04-29 15:15:50,061 - INFO - [MainThread] [_log] -  * Detected change in 'E:\\Telegram_tool\\Telegram_Bot_Tool\\config.py', reloading
2025-04-29 15:15:55,893 - WARNING - [Upload_8bab_0] [send_file_to_telegram] - [ChatID -1002614397019, File '[@TeamSeries]~Daredevil_ Born Again S01 E01 720p WebRip x264 (2).zip.part_002'] Connection error attempt 3: ('Connection aborted.', TimeoutError('The write operation timed out'))
2025-04-29 15:15:55,894 - INFO - [Upload_8bab_0] [send_file_to_telegram] - [ChatID -1002614397019, File '[@TeamSeries]~Daredevil_ Born Again S01 E01 720p WebRip x264 (2).zip.part_002'] Retrying in 2s...
2025-04-29 15:15:57,345 - INFO - [Upload_8bab_2] [send_file_to_telegram] - [ChatID -4641852757, File '[@TeamSeries]~Daredevil_ Born Again S01 E01 720p WebRip x264 (2).zip.part_002'] API success (Attempt 3).
2025-04-29 15:15:57,346 - INFO - [Upload_8bab_2] [_send_chunk_task] - [8bab54d6-8e97-481a-b200-0b9f47f5823e] T> Sent chunk 2 to -4641852757. Success: True
2025-04-29 15:16:08,366 - INFO - [Upload_8bab_0] [send_file_to_telegram] - [ChatID -1002614397019, File '[@TeamSeries]~Daredevil_ Born Again S01 E01 720p WebRip x264 (2).zip.part_002'] API success (Attempt 4).
2025-04-29 15:16:08,367 - INFO - [Upload_8bab_0] [_send_chunk_task] - [8bab54d6-8e97-481a-b200-0b9f47f5823e] T> Sent chunk 2 to -1002614397019. Success: True
