2025-05-02 11:38:35,044 - INFO - [MainThread] [<module>] - ============================================================
2025-05-02 11:38:35,044 - INFO - [MainThread] [<module>] - Logging configured. Level: INFO. Log file: Selenium-Logs\app_20250502_113835.log
2025-05-02 11:38:35,049 - INFO - [MainThread] [<module>] - Primary Chat ID: -4603853425
2025-05-02 11:38:35,049 - INFO - [MainThread] [<module>] - All Target Chat IDs: ['-4603853425', '-1002614397019', '-4641852757']
2025-05-02 11:38:35,049 - INFO - [MainThread] [<module>] - Chunk Size: 20.0 MB (20971520 bytes)
2025-05-02 11:38:35,049 - INFO - [MainThread] [<module>] - API Timeouts (Connect/Read): 10s / 60s
2025-05-02 11:38:35,049 - INFO - [MainThread] [<module>] - API Retries: 3 attempts, 2s delay
2025-05-02 11:38:35,049 - INFO - [MainThread] [<module>] - Max Upload Workers: 5
2025-05-02 11:38:35,049 - INFO - [MainThread] [<module>] - Max Download Workers: 12
2025-05-02 11:38:35,049 - INFO - [MainThread] [<module>] - ============================================================
2025-05-02 11:38:35,049 - INFO - [MainThread] [<module>] - Configuration loaded successfully.
2025-05-02 11:38:35,049 - INFO - [MainThread] [<module>] - Custom Jinja filter 'format_bytes' registered.
2025-05-02 11:38:35,049 - INFO - [MainThread] [<module>] - Flask-CORS initialized. Allowing origins: http://localhost:4200
2025-05-02 11:38:35,054 - INFO - [MainThread] [<module>] - Flask application initialized.
2025-05-02 11:38:35,054 - INFO - [MainThread] [<module>] - Global state variables initialized (upload_progress_data, download_prep_data).
2025-05-02 11:38:35,058 - INFO - [MainThread] [<module>] - Custom Jinja filter 'format_bytes' registered.
2025-05-02 11:38:35,058 - INFO - [MainThread] [<module>] - Flask-CORS initialized. Allowing origins: http://localhost:4200
2025-05-02 11:38:35,060 - INFO - [MainThread] [<module>] - Flask application initialized.
2025-05-02 11:38:35,060 - INFO - [MainThread] [<module>] - Global state variables initialized (upload_progress_data, download_prep_data).
2025-05-02 11:38:35,249 - INFO - [MainThread] [<module>] - Database module initialized.
2025-05-02 11:38:35,723 - INFO - [MainThread] [<module>] - Initialized requests.Session for Telegram API calls.
2025-05-02 11:38:35,723 - INFO - [MainThread] [<module>] - Telegram API functions defined with Session and Retries.
2025-05-02 11:38:35,728 - INFO - [MainThread] [<module>] - Flask routes defined using configurable workers and linter fixes.
2025-05-02 11:38:35,729 - INFO - [MainThread] [<module>] - Starting Flask development server...
2025-05-02 11:38:35,756 - WARNING - [MainThread] [_log] -  * Debugger is active!
2025-05-02 11:38:35,764 - INFO - [MainThread] [_log] -  * Debugger PIN: 107-410-311
2025-05-02 11:39:17,600 - INFO - [Thread-2 (process_request_thread)] [index] - Serving index page.
2025-05-02 11:39:17,669 - INFO - [Thread-2 (process_request_thread)] [_log] - 127.0.0.1 - - [02/May/2025 11:39:17] "GET / HTTP/1.1" 200 -
2025-05-02 11:39:17,741 - INFO - [Thread-3 (process_request_thread)] [_log] - 127.0.0.1 - - [02/May/2025 11:39:17] "[33mGET /favicon.ico HTTP/1.1[0m" 404 -
2025-05-02 11:39:22,022 - INFO - [Thread-4 (process_request_thread)] [index] - Serving index page.
2025-05-02 11:39:22,023 - INFO - [Thread-4 (process_request_thread)] [_log] - 127.0.0.1 - - [02/May/2025 11:39:22] "GET / HTTP/1.1" 200 -
2025-05-02 11:39:23,381 - INFO - [Thread-5 (process_request_thread)] [_log] - 127.0.0.1 - - [02/May/2025 11:39:23] "[33mGET /login HTTP/1.1[0m" 404 -
2025-05-02 11:40:27,253 - INFO - [Thread-8 (process_request_thread)] [show_register_page] - Serving registration page.
2025-05-02 11:40:27,257 - INFO - [Thread-8 (process_request_thread)] [_log] - 127.0.0.1 - - [02/May/2025 11:40:27] "GET /register HTTP/1.1" 200 -
2025-05-02 11:41:22,373 - INFO - [MainThread] [_log] -  * Detected change in 'E:\\Telegram_tool\\Telegram_Bot_Tool\\routes.py', reloading
