2025-04-29 16:27:29,027 - INFO - [MainThread] [<module>] - ============================================================
2025-04-29 16:27:29,028 - INFO - [MainThread] [<module>] - Logging configured. Level: INFO. Log file: Selenium-Logs\app_20250429_162729.log
2025-04-29 16:27:29,028 - INFO - [MainThread] [<module>] - Primary Chat ID: -4603853425
2025-04-29 16:27:29,028 - INFO - [MainThread] [<module>] - All Target Chat IDs: ['-4603853425']
2025-04-29 16:27:29,029 - INFO - [MainThread] [<module>] - Chunk Size: 41943040 bytes
2025-04-29 16:27:29,029 - INFO - [MainThread] [<module>] - API Timeouts (Connect/Read): 10s / 60s
2025-04-29 16:27:29,029 - INFO - [MainThread] [<module>] - API Retries: 3 attempts, 2s delay
2025-04-29 16:27:29,031 - INFO - [MainThread] [<module>] - Max Upload Workers: 3
2025-04-29 16:27:29,031 - INFO - [MainThread] [<module>] - Max Download Workers: 12
2025-04-29 16:27:29,031 - INFO - [MainThread] [<module>] - ============================================================
2025-04-29 16:27:29,032 - INFO - [MainThread] [<module>] - Configuration loaded successfully.
2025-04-29 16:27:29,032 - INFO - [MainThread] [<module>] - Utility functions defined.
2025-04-29 16:27:29,034 - INFO - [MainThread] [<module>] - Custom Jinja filter 'format_bytes' registered.
2025-04-29 16:27:29,035 - INFO - [MainThread] [<module>] - Flask-CORS initialized. Allowing origins: http://localhost:4200
2025-04-29 16:27:29,035 - INFO - [MainThread] [<module>] - Flask application initialized.
2025-04-29 16:27:29,035 - INFO - [MainThread] [<module>] - Global state variables initialized (upload_progress_data, download_prep_data).
2025-04-29 16:27:29,038 - INFO - [MainThread] [<module>] - Custom Jinja filter 'format_bytes' registered.
2025-04-29 16:27:29,038 - INFO - [MainThread] [<module>] - Flask-CORS initialized. Allowing origins: http://localhost:4200
2025-04-29 16:27:29,038 - INFO - [MainThread] [<module>] - Flask application initialized.
2025-04-29 16:27:29,040 - INFO - [MainThread] [<module>] - Global state variables initialized (upload_progress_data, download_prep_data).
2025-04-29 16:27:29,531 - INFO - [MainThread] [<module>] - Initialized requests.Session for Telegram API calls.
2025-04-29 16:27:29,531 - INFO - [MainThread] [<module>] - Telegram API functions defined with Session and Retries.
2025-04-29 16:27:29,536 - INFO - [MainThread] [<module>] - Flask routes defined using configurable workers and linter fixes.
2025-04-29 16:27:29,536 - INFO - [MainThread] [<module>] - Starting Flask development server...
2025-04-29 16:27:29,566 - WARNING - [MainThread] [_log] -  * Debugger is active!
2025-04-29 16:27:29,572 - INFO - [MainThread] [_log] -  * Debugger PIN: 107-410-311
2025-04-29 16:27:29,989 - INFO - [Thread-2 (process_request_thread)] [stream_progress] - SSE connect request for upload_id: ba4a6753-a899-437f-aee8-8af3c6bf1e93
2025-04-29 16:27:29,989 - WARNING - [Thread-2 (process_request_thread)] [stream_progress] - Upload ID 'ba4a6753-a899-437f-aee8-8af3c6bf1e93' unknown or finalized (Status:unknown).
2025-04-29 16:27:29,989 - INFO - [Thread-2 (process_request_thread)] [_log] - 192.168.1.25 - - [29/Apr/2025 16:27:29] "GET /stream-progress/ba4a6753-a899-437f-aee8-8af3c6bf1e93 HTTP/1.1" 200 -
2025-04-29 16:27:33,019 - INFO - [Thread-3 (process_request_thread)] [stream_progress] - SSE connect request for upload_id: ba4a6753-a899-437f-aee8-8af3c6bf1e93
2025-04-29 16:27:33,019 - WARNING - [Thread-3 (process_request_thread)] [stream_progress] - Upload ID 'ba4a6753-a899-437f-aee8-8af3c6bf1e93' unknown or finalized (Status:unknown).
2025-04-29 16:27:33,019 - INFO - [Thread-3 (process_request_thread)] [_log] - 192.168.1.25 - - [29/Apr/2025 16:27:33] "GET /stream-progress/ba4a6753-a899-437f-aee8-8af3c6bf1e93 HTTP/1.1" 200 -
2025-04-29 16:27:36,048 - INFO - [Thread-4 (process_request_thread)] [stream_progress] - SSE connect request for upload_id: ba4a6753-a899-437f-aee8-8af3c6bf1e93
2025-04-29 16:27:36,049 - WARNING - [Thread-4 (process_request_thread)] [stream_progress] - Upload ID 'ba4a6753-a899-437f-aee8-8af3c6bf1e93' unknown or finalized (Status:unknown).
2025-04-29 16:27:36,051 - INFO - [Thread-4 (process_request_thread)] [_log] - 192.168.1.25 - - [29/Apr/2025 16:27:36] "GET /stream-progress/ba4a6753-a899-437f-aee8-8af3c6bf1e93 HTTP/1.1" 200 -
2025-04-29 16:27:39,076 - INFO - [Thread-5 (process_request_thread)] [stream_progress] - SSE connect request for upload_id: ba4a6753-a899-437f-aee8-8af3c6bf1e93
2025-04-29 16:27:39,076 - WARNING - [Thread-5 (process_request_thread)] [stream_progress] - Upload ID 'ba4a6753-a899-437f-aee8-8af3c6bf1e93' unknown or finalized (Status:unknown).
2025-04-29 16:27:39,076 - INFO - [Thread-5 (process_request_thread)] [_log] - 192.168.1.25 - - [29/Apr/2025 16:27:39] "GET /stream-progress/ba4a6753-a899-437f-aee8-8af3c6bf1e93 HTTP/1.1" 200 -
2025-04-29 16:27:42,097 - INFO - [Thread-6 (process_request_thread)] [stream_progress] - SSE connect request for upload_id: ba4a6753-a899-437f-aee8-8af3c6bf1e93
2025-04-29 16:27:42,097 - WARNING - [Thread-6 (process_request_thread)] [stream_progress] - Upload ID 'ba4a6753-a899-437f-aee8-8af3c6bf1e93' unknown or finalized (Status:unknown).
2025-04-29 16:27:42,097 - INFO - [Thread-6 (process_request_thread)] [_log] - 192.168.1.25 - - [29/Apr/2025 16:27:42] "GET /stream-progress/ba4a6753-a899-437f-aee8-8af3c6bf1e93 HTTP/1.1" 200 -
2025-04-29 16:27:45,126 - INFO - [Thread-7 (process_request_thread)] [stream_progress] - SSE connect request for upload_id: ba4a6753-a899-437f-aee8-8af3c6bf1e93
2025-04-29 16:27:45,126 - WARNING - [Thread-7 (process_request_thread)] [stream_progress] - Upload ID 'ba4a6753-a899-437f-aee8-8af3c6bf1e93' unknown or finalized (Status:unknown).
2025-04-29 16:27:45,126 - INFO - [Thread-7 (process_request_thread)] [_log] - 192.168.1.25 - - [29/Apr/2025 16:27:45] "GET /stream-progress/ba4a6753-a899-437f-aee8-8af3c6bf1e93 HTTP/1.1" 200 -
