2025-05-06 10:26:55,742 - INFO - [MainThread] [<module>] - ============================================================
2025-05-06 10:26:55,742 - INFO - [MainThread] [<module>] - Logging configured. Level: INFO. Log file: Selenium-Logs\app_20250506_102655.log
2025-05-06 10:26:55,742 - INFO - [MainThread] [<module>] - Primary Chat ID: -4603853425
2025-05-06 10:26:55,742 - INFO - [MainThread] [<module>] - All Target Chat IDs: ['-4603853425', '-1002614397019', '-4641852757']
2025-05-06 10:26:55,742 - INFO - [MainThread] [<module>] - Chunk Size: 20.0 MB (20971520 bytes)
2025-05-06 10:26:55,742 - INFO - [MainThread] [<module>] - API Timeouts (Connect/Read): 10s / 60s
2025-05-06 10:26:55,742 - INFO - [MainThread] [<module>] - API Retries: 3 attempts, 2s delay
2025-05-06 10:26:55,742 - INFO - [MainThread] [<module>] - Max Upload Workers: 5
2025-05-06 10:26:55,742 - INFO - [MainThread] [<module>] - Max Download Workers: 12
2025-05-06 10:26:55,742 - INFO - [MainThread] [<module>] - ============================================================
2025-05-06 10:26:55,742 - INFO - [MainThread] [<module>] - Configuration loaded successfully.
2025-05-06 10:26:55,758 - INFO - [MainThread] [<module>] - Custom Jinja filter 'format_bytes' registered.
2025-05-06 10:26:55,758 - INFO - [MainThread] [<module>] - Flask-CORS initialized. Allowing origins: http://localhost:4200
2025-05-06 10:26:55,760 - INFO - [MainThread] [<module>] - Flask application initialized.
2025-05-06 10:26:55,760 - INFO - [MainThread] [<module>] - Flask-Login initialized.
2025-05-06 10:26:55,760 - INFO - [MainThread] [<module>] - Global state variables initialized (upload_progress_data, download_prep_data).
2025-05-06 10:26:55,762 - INFO - [MainThread] [<module>] - Custom Jinja filter 'format_bytes' registered.
2025-05-06 10:26:55,763 - INFO - [MainThread] [<module>] - Flask-CORS initialized. Allowing origins: http://localhost:4200
2025-05-06 10:26:55,763 - INFO - [MainThread] [<module>] - Flask application initialized.
2025-05-06 10:26:55,763 - INFO - [MainThread] [<module>] - Flask-Login initialized.
2025-05-06 10:26:55,764 - INFO - [MainThread] [<module>] - Global state variables initialized (upload_progress_data, download_prep_data).
2025-05-06 10:26:55,909 - INFO - [MainThread] [<module>] - Database module initialized.
2025-05-06 10:26:56,357 - INFO - [MainThread] [<module>] - Initialized requests.Session for Telegram API calls.
2025-05-06 10:26:56,357 - INFO - [MainThread] [<module>] - Telegram API functions defined with Session and Retries.
2025-05-06 10:26:56,364 - INFO - [MainThread] [<module>] - Flask routes defined using configurable workers and linter fixes.
2025-05-06 10:26:56,365 - INFO - [MainThread] [<module>] - Starting Flask development server...
2025-05-06 10:26:56,384 - WARNING - [MainThread] [_log] -  * Debugger is active!
2025-05-06 10:26:56,411 - INFO - [MainThread] [_log] -  * Debugger PIN: 107-410-311
2025-05-06 10:29:13,893 - INFO - [Thread-2 (process_request_thread)] [_log] - 192.168.1.20 - - [06/May/2025 10:29:13] "[35m[1mOPTIONS /api/auth/login HTTP/1.1[0m" 204 -
2025-05-06 10:29:13,908 - INFO - [Thread-3 (process_request_thread)] [api_login] - API Login attempt for email: jj@gmail.com
2025-05-06 10:29:13,908 - INFO - [Thread-3 (process_request_thread)] [_connect_to_db] - Attempting to connect to MongoDB Atlas host: telegrambot.6armfs2.mongodb.net...
2025-05-06 10:29:15,962 - INFO - [Thread-3 (process_request_thread)] [_connect_to_db] - ✅ Successfully connected and pinged MongoDB Atlas!
2025-05-06 10:29:15,962 - INFO - [Thread-3 (process_request_thread)] [get_db] - Accessed database: Telegrambot
2025-05-06 10:29:15,962 - INFO - [Thread-3 (process_request_thread)] [get_userinfo_collection] - Accessed collection: userinfo
2025-05-06 10:29:15,993 - INFO - [Thread-3 (process_request_thread)] [find_user_by_email] - Found user record for email: jj@gmail.com
2025-05-06 10:29:16,475 - INFO - [Thread-3 (process_request_thread)] [api_login] - User 'jvpatel' (jj@gmail.com) logged in successfully via API.
2025-05-06 10:29:16,475 - INFO - [Thread-3 (process_request_thread)] [_log] - 192.168.1.20 - - [06/May/2025 10:29:16] "POST /api/auth/login HTTP/1.1" 200 -
