2025-04-21 12:49:33,221 - INFO - [<module>] - Logging configured. Log file: Selenium-Logs\app_20250421_124933.log
2025-04-21 12:49:33,223 - INFO - [<module>] - Flask application initialized.
2025-04-21 12:49:33,226 - INFO - [<module>] - Starting Flask development server...
2025-04-21 12:49:33,254 - WARNING - [_log] -  * Debugger is active!
2025-04-21 12:49:33,270 - INFO - [_log] -  * Debugger PIN: 107-410-311
2025-04-21 12:49:35,558 - INFO - [index] - Serving index page.
2025-04-21 12:49:35,642 - INFO - [_log] - 127.0.0.1 - - [21/Apr/2025 12:49:35] "GET / HTTP/1.1" 200 -
2025-04-21 12:49:35,668 - INFO - [_log] - 127.0.0.1 - - [21/Apr/2025 12:49:35] "[33mGET /static/style.css HTTP/1.1[0m" 404 -
2025-04-21 12:49:42,821 - INFO - [initiate_upload] - Received request to initiate upload.
2025-04-21 12:49:42,821 - INFO - [initiate_upload] - Saving temporary file for upload_id 'ea58a69c-da4d-4bbf-aa7f-4afd4b8c242b' to 'uploads_temp\ea58a69c-da4d-4bbf-aa7f-4afd4b8c242b_main.py'
2025-04-21 12:49:42,823 - INFO - [initiate_upload] - Temporary file saved successfully for 'main.py' (ID: ea58a69c-da4d-4bbf-aa7f-4afd4b8c242b).
2025-04-21 12:49:42,823 - INFO - [_log] - 127.0.0.1 - - [21/Apr/2025 12:49:42] "POST /initiate-upload HTTP/1.1" 200 -
2025-04-21 12:49:42,828 - INFO - [stream_progress] - SSE connection request for upload_id: ea58a69c-da4d-4bbf-aa7f-4afd4b8c242b
2025-04-21 12:49:42,828 - INFO - [process_upload_and_generate_updates] - [ea58a69c-da4d-4bbf-aa7f-4afd4b8c242b] Starting processing...
2025-04-21 12:49:42,829 - INFO - [process_upload_and_generate_updates] - [ea58a69c-da4d-4bbf-aa7f-4afd4b8c242b] Processing upload: User='siren', File='main.py', TempPath='uploads_temp\ea58a69c-da4d-4bbf-aa7f-4afd4b8c242b_main.py'
2025-04-21 12:49:42,829 - INFO - [process_upload_and_generate_updates] - [ea58a69c-da4d-4bbf-aa7f-4afd4b8c242b] Original temp file size: 13306 bytes.
2025-04-21 12:49:42,829 - INFO - [_log] - 127.0.0.1 - - [21/Apr/2025 12:49:42] "GET /stream-progress/ea58a69c-da4d-4bbf-aa7f-4afd4b8c242b HTTP/1.1" 200 -
2025-04-21 12:49:42,829 - INFO - [process_upload_and_generate_updates] - [ea58a69c-da4d-4bbf-aa7f-4afd4b8c242b] 'main.py' is small. Compressing and sending as single file.
2025-04-21 12:49:42,854 - INFO - [process_upload_and_generate_updates] - [ea58a69c-da4d-4bbf-aa7f-4afd4b8c242b] Compressed 'main.py' to 4178 bytes.
2025-04-21 12:49:42,854 - INFO - [send_file_to_telegram] - Sending file 'main.py.zip' to Telegram chat ID: -4603853425
2025-04-21 12:49:43,891 - INFO - [send_file_to_telegram] - Telegram API success for 'main.py.zip'.
2025-04-21 12:49:43,892 - INFO - [process_upload_and_generate_updates] - [ea58a69c-da4d-4bbf-aa7f-4afd4b8c242b] Single file 'main.py' sent successfully.
2025-04-21 12:49:43,912 - INFO - [load_metadata] - Successfully loaded metadata from 'metadata.json'.
2025-04-21 12:49:43,921 - INFO - [save_metadata] - Successfully saved metadata to 'metadata.json'.
2025-04-21 12:49:43,922 - INFO - [process_upload_and_generate_updates] - [ea58a69c-da4d-4bbf-aa7f-4afd4b8c242b] Generated direct download URL: http://127.0.0.1:5000/download/f3768fa961
2025-04-21 12:49:43,929 - INFO - [process_upload_and_generate_updates] - [ea58a69c-da4d-4bbf-aa7f-4afd4b8c242b] Entering final cleanup.
2025-04-21 12:49:43,933 - INFO - [process_upload_and_generate_updates] - [ea58a69c-da4d-4bbf-aa7f-4afd4b8c242b] Successfully deleted original temporary file: uploads_temp\ea58a69c-da4d-4bbf-aa7f-4afd4b8c242b_main.py
2025-04-21 12:49:43,936 - INFO - [process_upload_and_generate_updates] - [ea58a69c-da4d-4bbf-aa7f-4afd4b8c242b] Processing finished with status: completed_metadata_error
2025-04-21 12:49:48,702 - INFO - [direct_download_file] - [Direct DL:f3768fa961] Received direct download request.
2025-04-21 12:49:48,733 - INFO - [load_metadata] - Successfully loaded metadata from 'metadata.json'.
2025-04-21 12:49:48,733 - INFO - [direct_download_file] - [Direct DL:f3768fa961] Found file metadata for user 'siren'.
2025-04-21 12:49:48,733 - INFO - [direct_download_file] - [Direct DL:f3768fa961] Preparing to download 'main.py'.
2025-04-21 12:49:48,734 - INFO - [direct_download_file] - [Direct DL:f3768fa961] Starting file preparation for 'main.py'.
2025-04-21 12:49:48,734 - INFO - [direct_download_file] - [Direct DL:f3768fa961] Preparing non-split file.
2025-04-21 12:49:48,735 - INFO - [download_telegram_file_content] - Attempting to get download URL for file_id: BQACAgUAAxkDAAIB6WgF8Y_6DIdIyFHaivdc3zxcqQSuAAIiFQACYy8wVKDbbIfVRMDcNgQ
2025-04-21 12:49:49,606 - INFO - [download_telegram_file_content] - Obtained temporary download URL: https://api.telegram.org/file/bot7812479394:AAFrzOcHGKfc-1iOUbVEkptJkooaJrXHAxs/documents/file_242.zip
2025-04-21 12:49:49,606 - INFO - [download_telegram_file_content] - Attempting to download content from: https://api.telegram.org/file/bot7812479394:AAFrzOcHGKfc-1iOUbVEkptJkooaJrXHAxs/documents/file_242.zip
2025-04-21 12:49:50,108 - INFO - [download_telegram_file_content] - Successfully downloaded 4178 bytes for file_id BQACAgUAAxkDAAIB6WgF8Y_6DIdIyFHaivdc3zxcqQSuAAIiFQACYy8wVKDbbIfVRMDcNgQ.
2025-04-21 12:49:50,111 - INFO - [direct_download_file] - [Direct DL:f3768fa961] Decompressing single downloaded file...
2025-04-21 12:49:50,114 - INFO - [direct_download_file] - [Direct DL:f3768fa961] Decompression finished in 0.00s. Final file: E:\Telegram_tool\Telegram_Bot_Tool\uploads_temp\directDL_decomp_f3768fa961_6ov1a3xt.py
2025-04-21 12:49:50,115 - INFO - [direct_download_file] - [Direct DL:f3768fa961] File preparation successful. Final file: 'E:\Telegram_tool\Telegram_Bot_Tool\uploads_temp\directDL_decomp_f3768fa961_6ov1a3xt.py', Size: 13306 bytes. Prep time: 1.38s.
2025-04-21 12:49:50,116 - INFO - [direct_download_file] - [Direct DL:f3768fa961] Starting file stream for 'main.py' from 'E:\Telegram_tool\Telegram_Bot_Tool\uploads_temp\directDL_decomp_f3768fa961_6ov1a3xt.py'.
2025-04-21 12:49:50,117 - INFO - [direct_download_file] - [Direct DL:f3768fa961] Returning streaming response. Total request time (incl. prep): 1.41s.
2025-04-21 12:49:50,143 - INFO - [_log] - 127.0.0.1 - - [21/Apr/2025 12:49:50] "GET /download/f3768fa961 HTTP/1.1" 200 -
2025-04-21 12:49:50,145 - INFO - [generate_file_chunks] - [Direct DL:f3768fa961] Finished streaming file content: E:\Telegram_tool\Telegram_Bot_Tool\uploads_temp\directDL_decomp_f3768fa961_6ov1a3xt.py
2025-04-21 12:49:50,145 - INFO - [generate_file_chunks] - [Direct DL:f3768fa961] Generator cleaning up final temp file: E:\Telegram_tool\Telegram_Bot_Tool\uploads_temp\directDL_decomp_f3768fa961_6ov1a3xt.py
2025-04-21 12:49:50,146 - INFO - [generate_file_chunks] - [Direct DL:f3768fa961] Successfully deleted final temp file via generator: E:\Telegram_tool\Telegram_Bot_Tool\uploads_temp\directDL_decomp_f3768fa961_6ov1a3xt.py
2025-04-21 12:50:17,008 - INFO - [initiate_upload] - Received request to initiate upload.
2025-04-21 12:50:17,029 - INFO - [initiate_upload] - Saving temporary file for upload_id 'c010ba61-f66a-482d-99b4-14b19cd8b284' to 'uploads_temp\c010ba61-f66a-482d-99b4-14b19cd8b284_VLC Installer.exe'
2025-04-21 12:50:17,029 - INFO - [initiate_upload] - Temporary file saved successfully for 'VLC Installer.exe' (ID: c010ba61-f66a-482d-99b4-14b19cd8b284).
2025-04-21 12:50:17,029 - INFO - [_log] - 127.0.0.1 - - [21/Apr/2025 12:50:17] "POST /initiate-upload HTTP/1.1" 200 -
2025-04-21 12:50:17,043 - INFO - [stream_progress] - SSE connection request for upload_id: c010ba61-f66a-482d-99b4-14b19cd8b284
2025-04-21 12:50:17,043 - INFO - [process_upload_and_generate_updates] - [c010ba61-f66a-482d-99b4-14b19cd8b284] Starting processing...
2025-04-21 12:50:17,044 - INFO - [process_upload_and_generate_updates] - [c010ba61-f66a-482d-99b4-14b19cd8b284] Processing upload: User='siren', File='VLC Installer.exe', TempPath='uploads_temp\c010ba61-f66a-482d-99b4-14b19cd8b284_VLC Installer.exe'
2025-04-21 12:50:17,044 - INFO - [process_upload_and_generate_updates] - [c010ba61-f66a-482d-99b4-14b19cd8b284] Original temp file size: 1096224 bytes.
2025-04-21 12:50:17,045 - INFO - [_log] - 127.0.0.1 - - [21/Apr/2025 12:50:17] "GET /stream-progress/c010ba61-f66a-482d-99b4-14b19cd8b284 HTTP/1.1" 200 -
2025-04-21 12:50:17,045 - INFO - [process_upload_and_generate_updates] - [c010ba61-f66a-482d-99b4-14b19cd8b284] 'VLC Installer.exe' is small. Compressing and sending as single file.
2025-04-21 12:50:17,226 - INFO - [process_upload_and_generate_updates] - [c010ba61-f66a-482d-99b4-14b19cd8b284] Compressed 'VLC Installer.exe' to 485269 bytes.
2025-04-21 12:50:17,226 - INFO - [send_file_to_telegram] - Sending file 'VLC Installer.exe.zip' to Telegram chat ID: -4603853425
2025-04-21 12:50:19,405 - INFO - [send_file_to_telegram] - Telegram API success for 'VLC Installer.exe.zip'.
2025-04-21 12:50:19,406 - INFO - [process_upload_and_generate_updates] - [c010ba61-f66a-482d-99b4-14b19cd8b284] Single file 'VLC Installer.exe' sent successfully.
2025-04-21 12:50:19,409 - INFO - [load_metadata] - Successfully loaded metadata from 'metadata.json'.
2025-04-21 12:50:19,418 - INFO - [save_metadata] - Successfully saved metadata to 'metadata.json'.
2025-04-21 12:50:19,418 - INFO - [process_upload_and_generate_updates] - [c010ba61-f66a-482d-99b4-14b19cd8b284] Generated direct download URL: http://127.0.0.1:5000/download/f09f5d2c8a
2025-04-21 12:50:19,419 - INFO - [process_upload_and_generate_updates] - [c010ba61-f66a-482d-99b4-14b19cd8b284] Entering final cleanup.
2025-04-21 12:50:19,420 - INFO - [process_upload_and_generate_updates] - [c010ba61-f66a-482d-99b4-14b19cd8b284] Successfully deleted original temporary file: uploads_temp\c010ba61-f66a-482d-99b4-14b19cd8b284_VLC Installer.exe
2025-04-21 12:50:19,423 - INFO - [process_upload_and_generate_updates] - [c010ba61-f66a-482d-99b4-14b19cd8b284] Processing finished with status: completed_metadata_error
2025-04-21 12:50:26,409 - INFO - [direct_download_file] - [Direct DL:f09f5d2c8a] Received direct download request.
2025-04-21 12:50:26,431 - INFO - [load_metadata] - Successfully loaded metadata from 'metadata.json'.
2025-04-21 12:50:26,431 - INFO - [direct_download_file] - [Direct DL:f09f5d2c8a] Found file metadata for user 'siren'.
2025-04-21 12:50:26,432 - INFO - [direct_download_file] - [Direct DL:f09f5d2c8a] Preparing to download 'VLC Installer.exe'.
2025-04-21 12:50:26,432 - INFO - [direct_download_file] - [Direct DL:f09f5d2c8a] Starting file preparation for 'VLC Installer.exe'.
2025-04-21 12:50:26,433 - INFO - [direct_download_file] - [Direct DL:f09f5d2c8a] Preparing non-split file.
2025-04-21 12:50:26,433 - INFO - [download_telegram_file_content] - Attempting to get download URL for file_id: BQACAgUAAxkDAAIB6mgF8bOarqm6bu_YZUSO0vdVGHc3AAIjFQACYy8wVA8xUvRLGt6yNgQ
2025-04-21 12:50:27,998 - INFO - [download_telegram_file_content] - Obtained temporary download URL: https://api.telegram.org/file/bot7812479394:AAFrzOcHGKfc-1iOUbVEkptJkooaJrXHAxs/documents/file_243.zip
2025-04-21 12:50:27,999 - INFO - [download_telegram_file_content] - Attempting to download content from: https://api.telegram.org/file/bot7812479394:AAFrzOcHGKfc-1iOUbVEkptJkooaJrXHAxs/documents/file_243.zip
2025-04-21 12:50:29,215 - INFO - [download_telegram_file_content] - Successfully downloaded 485269 bytes for file_id BQACAgUAAxkDAAIB6mgF8bOarqm6bu_YZUSO0vdVGHc3AAIjFQACYy8wVA8xUvRLGt6yNgQ.
2025-04-21 12:50:29,215 - INFO - [direct_download_file] - [Direct DL:f09f5d2c8a] Decompressing single downloaded file...
2025-04-21 12:50:29,238 - INFO - [direct_download_file] - [Direct DL:f09f5d2c8a] Decompression finished in 0.02s. Final file: E:\Telegram_tool\Telegram_Bot_Tool\uploads_temp\directDL_decomp_f09f5d2c8a_ggdizd4d.exe
2025-04-21 12:50:29,240 - INFO - [direct_download_file] - [Direct DL:f09f5d2c8a] File preparation successful. Final file: 'E:\Telegram_tool\Telegram_Bot_Tool\uploads_temp\directDL_decomp_f09f5d2c8a_ggdizd4d.exe', Size: 1096224 bytes. Prep time: 2.81s.
2025-04-21 12:50:29,240 - INFO - [direct_download_file] - [Direct DL:f09f5d2c8a] Starting file stream for 'VLC Installer.exe' from 'E:\Telegram_tool\Telegram_Bot_Tool\uploads_temp\directDL_decomp_f09f5d2c8a_ggdizd4d.exe'.
2025-04-21 12:50:29,241 - INFO - [direct_download_file] - [Direct DL:f09f5d2c8a] Returning streaming response. Total request time (incl. prep): 2.83s.
2025-04-21 12:50:29,334 - INFO - [_log] - 127.0.0.1 - - [21/Apr/2025 12:50:29] "GET /download/f09f5d2c8a HTTP/1.1" 200 -
2025-04-21 12:50:29,334 - INFO - [generate_file_chunks] - [Direct DL:f09f5d2c8a] Finished streaming file content: E:\Telegram_tool\Telegram_Bot_Tool\uploads_temp\directDL_decomp_f09f5d2c8a_ggdizd4d.exe
2025-04-21 12:50:29,334 - INFO - [generate_file_chunks] - [Direct DL:f09f5d2c8a] Generator cleaning up final temp file: E:\Telegram_tool\Telegram_Bot_Tool\uploads_temp\directDL_decomp_f09f5d2c8a_ggdizd4d.exe
2025-04-21 12:50:29,334 - INFO - [generate_file_chunks] - [Direct DL:f09f5d2c8a] Successfully deleted final temp file via generator: E:\Telegram_tool\Telegram_Bot_Tool\uploads_temp\directDL_decomp_f09f5d2c8a_ggdizd4d.exe
2025-04-21 12:50:47,662 - INFO - [initiate_upload] - Received request to initiate upload.
2025-04-21 12:51:05,471 - INFO - [initiate_upload] - Saving temporary file for upload_id '4fa65d28-6159-498e-b052-7f02dabc9835' to 'uploads_temp\4fa65d28-6159-498e-b052-7f02dabc9835_03-Marketing Mastery.zip'
2025-04-21 12:51:15,145 - INFO - [initiate_upload] - Temporary file saved successfully for '03-Marketing Mastery.zip' (ID: 4fa65d28-6159-498e-b052-7f02dabc9835).
2025-04-21 12:51:15,208 - INFO - [_log] - 127.0.0.1 - - [21/Apr/2025 12:51:15] "POST /initiate-upload HTTP/1.1" 200 -
2025-04-21 12:51:15,208 - INFO - [stream_progress] - SSE connection request for upload_id: 4fa65d28-6159-498e-b052-7f02dabc9835
2025-04-21 12:51:15,208 - INFO - [process_upload_and_generate_updates] - [4fa65d28-6159-498e-b052-7f02dabc9835] Starting processing...
2025-04-21 12:51:15,208 - INFO - [process_upload_and_generate_updates] - [4fa65d28-6159-498e-b052-7f02dabc9835] Processing upload: User='siren', File='03-Marketing Mastery.zip', TempPath='uploads_temp\4fa65d28-6159-498e-b052-7f02dabc9835_03-Marketing Mastery.zip'
2025-04-21 12:51:15,217 - INFO - [process_upload_and_generate_updates] - [4fa65d28-6159-498e-b052-7f02dabc9835] Original temp file size: 1376505525 bytes.
2025-04-21 12:51:15,217 - INFO - [_log] - 127.0.0.1 - - [21/Apr/2025 12:51:15] "GET /stream-progress/4fa65d28-6159-498e-b052-7f02dabc9835 HTTP/1.1" 200 -
2025-04-21 12:51:15,218 - INFO - [process_upload_and_generate_updates] - [4fa65d28-6159-498e-b052-7f02dabc9835] '03-Marketing Mastery.zip' is large. Compressing before splitting.
2025-04-21 12:51:15,219 - INFO - [process_upload_and_generate_updates] - [4fa65d28-6159-498e-b052-7f02dabc9835] Created temporary file for compression result: E:\Telegram_tool\Telegram_Bot_Tool\uploads_temp\4fa65d28-6159-498e-b052-7f02dabc9835_comp_vxqetjg3.zip
2025-04-21 12:52:05,068 - INFO - [process_upload_and_generate_updates] - [4fa65d28-6159-498e-b052-7f02dabc9835] Finished compressing to 'E:\Telegram_tool\Telegram_Bot_Tool\uploads_temp\4fa65d28-6159-498e-b052-7f02dabc9835_comp_vxqetjg3.zip'. Size: 1361670969 bytes. Time: 49.85s.
2025-04-21 12:52:05,092 - INFO - [process_upload_and_generate_updates] - [4fa65d28-6159-498e-b052-7f02dabc9835] Reading chunk 1 for COMPRESSED file starting at byte 0.
2025-04-21 12:52:05,167 - INFO - [index] - Serving index page.
2025-04-21 12:52:05,167 - INFO - [_log] - 127.0.0.1 - - [21/Apr/2025 12:52:05] "GET / HTTP/1.1" 200 -
2025-04-21 12:52:05,196 - INFO - [_log] - 127.0.0.1 - - [21/Apr/2025 12:52:05] "[33mGET /static/style.css HTTP/1.1[0m" 404 -
2025-04-21 12:52:05,224 - INFO - [process_upload_and_generate_updates] - [4fa65d28-6159-498e-b052-7f02dabc9835] Read chunk 1 (20971520 bytes). Total read: 20971520/1361670969
2025-04-21 12:52:05,225 - INFO - [process_upload_and_generate_updates] - [4fa65d28-6159-498e-b052-7f02dabc9835] Attempting to send chunk: '03-Marketing Mastery.zip.zip.part_001'
2025-04-21 12:52:05,225 - INFO - [send_file_to_telegram] - Sending file '03-Marketing Mastery.zip.zip.part_001' to Telegram chat ID: -4603853425
2025-04-21 12:52:17,339 - INFO - [send_file_to_telegram] - Telegram API success for '03-Marketing Mastery.zip.zip.part_001'.
2025-04-21 12:52:17,341 - INFO - [process_upload_and_generate_updates] - [4fa65d28-6159-498e-b052-7f02dabc9835] Chunk '03-Marketing Mastery.zip.zip.part_001' sent successfully.
2025-04-21 12:52:17,344 - INFO - [process_upload_and_generate_updates] - [4fa65d28-6159-498e-b052-7f02dabc9835] Entering final cleanup.
2025-04-21 12:52:17,408 - INFO - [process_upload_and_generate_updates] - [4fa65d28-6159-498e-b052-7f02dabc9835] Successfully deleted original temporary file: uploads_temp\4fa65d28-6159-498e-b052-7f02dabc9835_03-Marketing Mastery.zip
2025-04-21 12:52:17,507 - INFO - [process_upload_and_generate_updates] - [4fa65d28-6159-498e-b052-7f02dabc9835] Successfully deleted temporary compressed file: E:\Telegram_tool\Telegram_Bot_Tool\uploads_temp\4fa65d28-6159-498e-b052-7f02dabc9835_comp_vxqetjg3.zip
2025-04-21 12:52:17,508 - INFO - [process_upload_and_generate_updates] - [4fa65d28-6159-498e-b052-7f02dabc9835] Processing finished with status: processing
2025-04-21 12:52:22,540 - INFO - [initiate_upload] - Received request to initiate upload.
2025-04-21 12:52:23,778 - INFO - [initiate_upload] - Saving temporary file for upload_id 'c3c93638-6d47-4034-8033-7b2e47f85ef0' to 'uploads_temp\c3c93638-6d47-4034-8033-7b2e47f85ef0_test download.mkv'
2025-04-21 12:52:23,954 - INFO - [initiate_upload] - Temporary file saved successfully for 'test download.mkv' (ID: c3c93638-6d47-4034-8033-7b2e47f85ef0).
2025-04-21 12:52:23,966 - INFO - [_log] - 127.0.0.1 - - [21/Apr/2025 12:52:23] "POST /initiate-upload HTTP/1.1" 200 -
2025-04-21 12:52:23,972 - INFO - [stream_progress] - SSE connection request for upload_id: c3c93638-6d47-4034-8033-7b2e47f85ef0
2025-04-21 12:52:23,973 - INFO - [process_upload_and_generate_updates] - [c3c93638-6d47-4034-8033-7b2e47f85ef0] Starting processing...
2025-04-21 12:52:23,974 - INFO - [process_upload_and_generate_updates] - [c3c93638-6d47-4034-8033-7b2e47f85ef0] Processing upload: User='siren', File='test download.mkv', TempPath='uploads_temp\c3c93638-6d47-4034-8033-7b2e47f85ef0_test download.mkv'
2025-04-21 12:52:23,974 - INFO - [process_upload_and_generate_updates] - [c3c93638-6d47-4034-8033-7b2e47f85ef0] Original temp file size: 132739902 bytes.
2025-04-21 12:52:23,975 - INFO - [_log] - 127.0.0.1 - - [21/Apr/2025 12:52:23] "GET /stream-progress/c3c93638-6d47-4034-8033-7b2e47f85ef0 HTTP/1.1" 200 -
2025-04-21 12:52:23,975 - INFO - [process_upload_and_generate_updates] - [c3c93638-6d47-4034-8033-7b2e47f85ef0] 'test download.mkv' is large. Compressing before splitting.
2025-04-21 12:52:23,976 - INFO - [process_upload_and_generate_updates] - [c3c93638-6d47-4034-8033-7b2e47f85ef0] Created temporary file for compression result: E:\Telegram_tool\Telegram_Bot_Tool\uploads_temp\c3c93638-6d47-4034-8033-7b2e47f85ef0_comp_f9je7vvy.zip
2025-04-21 12:52:28,402 - INFO - [process_upload_and_generate_updates] - [c3c93638-6d47-4034-8033-7b2e47f85ef0] Finished compressing to 'E:\Telegram_tool\Telegram_Bot_Tool\uploads_temp\c3c93638-6d47-4034-8033-7b2e47f85ef0_comp_f9je7vvy.zip'. Size: 129562592 bytes. Time: 4.43s.
2025-04-21 12:52:28,424 - INFO - [process_upload_and_generate_updates] - [c3c93638-6d47-4034-8033-7b2e47f85ef0] Reading chunk 1 for COMPRESSED file starting at byte 0.
2025-04-21 12:52:28,438 - INFO - [process_upload_and_generate_updates] - [c3c93638-6d47-4034-8033-7b2e47f85ef0] Read chunk 1 (20971520 bytes). Total read: 20971520/129562592
2025-04-21 12:52:28,438 - INFO - [process_upload_and_generate_updates] - [c3c93638-6d47-4034-8033-7b2e47f85ef0] Attempting to send chunk: 'test download.mkv.zip.part_001'
2025-04-21 12:52:28,439 - INFO - [send_file_to_telegram] - Sending file 'test download.mkv.zip.part_001' to Telegram chat ID: -4603853425
2025-04-21 12:52:38,398 - INFO - [send_file_to_telegram] - Telegram API success for 'test download.mkv.zip.part_001'.
2025-04-21 12:52:38,401 - INFO - [process_upload_and_generate_updates] - [c3c93638-6d47-4034-8033-7b2e47f85ef0] Chunk 'test download.mkv.zip.part_001' sent successfully.
2025-04-21 12:52:38,402 - INFO - [process_upload_and_generate_updates] - [c3c93638-6d47-4034-8033-7b2e47f85ef0] Successfully processed chunk 'test download.mkv.zip.part_001' (MsgID=492) in 9.96s.
2025-04-21 12:52:38,402 - INFO - [process_upload_and_generate_updates] - [c3c93638-6d47-4034-8033-7b2e47f85ef0] Reading chunk 2 for COMPRESSED file starting at byte 20971520.
2025-04-21 12:52:38,415 - INFO - [process_upload_and_generate_updates] - [c3c93638-6d47-4034-8033-7b2e47f85ef0] Read chunk 2 (20971520 bytes). Total read: 41943040/129562592
2025-04-21 12:52:38,415 - INFO - [process_upload_and_generate_updates] - [c3c93638-6d47-4034-8033-7b2e47f85ef0] Attempting to send chunk: 'test download.mkv.zip.part_002'
2025-04-21 12:52:38,417 - INFO - [send_file_to_telegram] - Sending file 'test download.mkv.zip.part_002' to Telegram chat ID: -4603853425
2025-04-21 12:52:48,817 - INFO - [send_file_to_telegram] - Telegram API success for 'test download.mkv.zip.part_002'.
2025-04-21 12:52:48,820 - INFO - [process_upload_and_generate_updates] - [c3c93638-6d47-4034-8033-7b2e47f85ef0] Chunk 'test download.mkv.zip.part_002' sent successfully.
2025-04-21 12:52:48,821 - INFO - [process_upload_and_generate_updates] - [c3c93638-6d47-4034-8033-7b2e47f85ef0] Successfully processed chunk 'test download.mkv.zip.part_002' (MsgID=493) in 10.40s.
2025-04-21 12:52:48,821 - INFO - [process_upload_and_generate_updates] - [c3c93638-6d47-4034-8033-7b2e47f85ef0] Reading chunk 3 for COMPRESSED file starting at byte 41943040.
2025-04-21 12:52:48,838 - INFO - [process_upload_and_generate_updates] - [c3c93638-6d47-4034-8033-7b2e47f85ef0] Read chunk 3 (20971520 bytes). Total read: 62914560/129562592
2025-04-21 12:52:48,838 - INFO - [process_upload_and_generate_updates] - [c3c93638-6d47-4034-8033-7b2e47f85ef0] Attempting to send chunk: 'test download.mkv.zip.part_003'
2025-04-21 12:52:48,839 - INFO - [send_file_to_telegram] - Sending file 'test download.mkv.zip.part_003' to Telegram chat ID: -4603853425
2025-04-21 12:52:59,878 - INFO - [send_file_to_telegram] - Telegram API success for 'test download.mkv.zip.part_003'.
2025-04-21 12:52:59,880 - INFO - [process_upload_and_generate_updates] - [c3c93638-6d47-4034-8033-7b2e47f85ef0] Chunk 'test download.mkv.zip.part_003' sent successfully.
2025-04-21 12:52:59,881 - INFO - [process_upload_and_generate_updates] - [c3c93638-6d47-4034-8033-7b2e47f85ef0] Successfully processed chunk 'test download.mkv.zip.part_003' (MsgID=494) in 11.04s.
2025-04-21 12:52:59,881 - INFO - [process_upload_and_generate_updates] - [c3c93638-6d47-4034-8033-7b2e47f85ef0] Reading chunk 4 for COMPRESSED file starting at byte 62914560.
2025-04-21 12:52:59,895 - INFO - [process_upload_and_generate_updates] - [c3c93638-6d47-4034-8033-7b2e47f85ef0] Read chunk 4 (20971520 bytes). Total read: 83886080/129562592
2025-04-21 12:52:59,896 - INFO - [process_upload_and_generate_updates] - [c3c93638-6d47-4034-8033-7b2e47f85ef0] Attempting to send chunk: 'test download.mkv.zip.part_004'
2025-04-21 12:52:59,896 - INFO - [send_file_to_telegram] - Sending file 'test download.mkv.zip.part_004' to Telegram chat ID: -4603853425
2025-04-21 12:53:14,666 - INFO - [send_file_to_telegram] - Telegram API success for 'test download.mkv.zip.part_004'.
2025-04-21 12:53:14,669 - INFO - [process_upload_and_generate_updates] - [c3c93638-6d47-4034-8033-7b2e47f85ef0] Chunk 'test download.mkv.zip.part_004' sent successfully.
2025-04-21 12:53:14,670 - INFO - [process_upload_and_generate_updates] - [c3c93638-6d47-4034-8033-7b2e47f85ef0] Successfully processed chunk 'test download.mkv.zip.part_004' (MsgID=495) in 14.77s.
2025-04-21 12:53:14,671 - INFO - [process_upload_and_generate_updates] - [c3c93638-6d47-4034-8033-7b2e47f85ef0] Reading chunk 5 for COMPRESSED file starting at byte 83886080.
2025-04-21 12:53:14,687 - INFO - [process_upload_and_generate_updates] - [c3c93638-6d47-4034-8033-7b2e47f85ef0] Read chunk 5 (20971520 bytes). Total read: 104857600/129562592
2025-04-21 12:53:14,688 - INFO - [process_upload_and_generate_updates] - [c3c93638-6d47-4034-8033-7b2e47f85ef0] Attempting to send chunk: 'test download.mkv.zip.part_005'
2025-04-21 12:53:14,688 - INFO - [send_file_to_telegram] - Sending file 'test download.mkv.zip.part_005' to Telegram chat ID: -4603853425
2025-04-21 12:53:24,665 - INFO - [list_user_files] - Request received to list files for user: 'siren'
2025-04-21 12:53:24,665 - INFO - [load_metadata] - Successfully loaded metadata from 'metadata.json'.
2025-04-21 12:53:24,665 - INFO - [list_user_files] - Found 5 file records for user 'siren'.
2025-04-21 12:53:24,678 - INFO - [_log] - 127.0.0.1 - - [21/Apr/2025 12:53:24] "GET /files/siren HTTP/1.1" 200 -
2025-04-21 12:53:26,559 - INFO - [send_file_to_telegram] - Telegram API success for 'test download.mkv.zip.part_005'.
2025-04-21 12:53:26,562 - INFO - [process_upload_and_generate_updates] - [c3c93638-6d47-4034-8033-7b2e47f85ef0] Chunk 'test download.mkv.zip.part_005' sent successfully.
2025-04-21 12:53:26,562 - INFO - [process_upload_and_generate_updates] - [c3c93638-6d47-4034-8033-7b2e47f85ef0] Successfully processed chunk 'test download.mkv.zip.part_005' (MsgID=496) in 11.87s.
2025-04-21 12:53:26,563 - INFO - [process_upload_and_generate_updates] - [c3c93638-6d47-4034-8033-7b2e47f85ef0] Reading chunk 6 for COMPRESSED file starting at byte 104857600.
2025-04-21 12:53:26,575 - INFO - [process_upload_and_generate_updates] - [c3c93638-6d47-4034-8033-7b2e47f85ef0] Read chunk 6 (20971520 bytes). Total read: 125829120/129562592
2025-04-21 12:53:26,577 - INFO - [process_upload_and_generate_updates] - [c3c93638-6d47-4034-8033-7b2e47f85ef0] Attempting to send chunk: 'test download.mkv.zip.part_006'
2025-04-21 12:53:26,577 - INFO - [send_file_to_telegram] - Sending file 'test download.mkv.zip.part_006' to Telegram chat ID: -4603853425
2025-04-21 12:53:37,333 - INFO - [send_file_to_telegram] - Telegram API success for 'test download.mkv.zip.part_006'.
2025-04-21 12:53:37,336 - INFO - [process_upload_and_generate_updates] - [c3c93638-6d47-4034-8033-7b2e47f85ef0] Chunk 'test download.mkv.zip.part_006' sent successfully.
2025-04-21 12:53:37,336 - INFO - [process_upload_and_generate_updates] - [c3c93638-6d47-4034-8033-7b2e47f85ef0] Successfully processed chunk 'test download.mkv.zip.part_006' (MsgID=497) in 10.76s.
2025-04-21 12:53:37,337 - INFO - [process_upload_and_generate_updates] - [c3c93638-6d47-4034-8033-7b2e47f85ef0] Reading chunk 7 for COMPRESSED file starting at byte 125829120.
2025-04-21 12:53:37,345 - INFO - [process_upload_and_generate_updates] - [c3c93638-6d47-4034-8033-7b2e47f85ef0] Read chunk 7 (3733472 bytes). Total read: 129562592/129562592
2025-04-21 12:53:37,348 - INFO - [process_upload_and_generate_updates] - [c3c93638-6d47-4034-8033-7b2e47f85ef0] Attempting to send chunk: 'test download.mkv.zip.part_007'
2025-04-21 12:53:37,349 - INFO - [send_file_to_telegram] - Sending file 'test download.mkv.zip.part_007' to Telegram chat ID: -4603853425
2025-04-21 12:53:40,687 - INFO - [send_file_to_telegram] - Telegram API success for 'test download.mkv.zip.part_007'.
2025-04-21 12:53:40,688 - INFO - [process_upload_and_generate_updates] - [c3c93638-6d47-4034-8033-7b2e47f85ef0] Chunk 'test download.mkv.zip.part_007' sent successfully.
2025-04-21 12:53:40,689 - INFO - [process_upload_and_generate_updates] - [c3c93638-6d47-4034-8033-7b2e47f85ef0] Successfully processed chunk 'test download.mkv.zip.part_007' (MsgID=498) in 3.34s.
2025-04-21 12:53:40,689 - INFO - [process_upload_and_generate_updates] - [c3c93638-6d47-4034-8033-7b2e47f85ef0] Reading chunk 8 for COMPRESSED file starting at byte 129562592.
2025-04-21 12:53:40,695 - INFO - [process_upload_and_generate_updates] - [c3c93638-6d47-4034-8033-7b2e47f85ef0] Finished reading all chunks for compressed file.
2025-04-21 12:53:40,695 - INFO - [process_upload_and_generate_updates] - [c3c93638-6d47-4034-8033-7b2e47f85ef0] All 7 chunks uploaded successfully. Saving metadata.
2025-04-21 12:53:40,696 - INFO - [process_upload_and_generate_updates] - [c3c93638-6d47-4034-8033-7b2e47f85ef0] Generated Access ID: f1b21b42a3
2025-04-21 12:53:40,698 - INFO - [load_metadata] - Successfully loaded metadata from 'metadata.json'.
2025-04-21 12:53:40,709 - INFO - [save_metadata] - Successfully saved metadata to 'metadata.json'.
2025-04-21 12:53:40,709 - INFO - [process_upload_and_generate_updates] - [c3c93638-6d47-4034-8033-7b2e47f85ef0] Generated direct download URL: http://127.0.0.1:5000/download/f1b21b42a3
2025-04-21 12:53:40,710 - INFO - [process_upload_and_generate_updates] - [c3c93638-6d47-4034-8033-7b2e47f85ef0] Entering final cleanup.
2025-04-21 12:53:40,724 - INFO - [process_upload_and_generate_updates] - [c3c93638-6d47-4034-8033-7b2e47f85ef0] Successfully deleted original temporary file: uploads_temp\c3c93638-6d47-4034-8033-7b2e47f85ef0_test download.mkv
2025-04-21 12:53:40,739 - INFO - [process_upload_and_generate_updates] - [c3c93638-6d47-4034-8033-7b2e47f85ef0] Successfully deleted temporary compressed file: E:\Telegram_tool\Telegram_Bot_Tool\uploads_temp\c3c93638-6d47-4034-8033-7b2e47f85ef0_comp_f9je7vvy.zip
2025-04-21 12:53:40,740 - INFO - [process_upload_and_generate_updates] - [c3c93638-6d47-4034-8033-7b2e47f85ef0] Processing finished with status: completed
2025-04-21 12:53:49,895 - INFO - [direct_download_file] - [Direct DL:f1b21b42a3] Received direct download request.
2025-04-21 12:53:49,944 - INFO - [load_metadata] - Successfully loaded metadata from 'metadata.json'.
2025-04-21 12:53:49,945 - INFO - [direct_download_file] - [Direct DL:f1b21b42a3] Found file metadata for user 'siren'.
2025-04-21 12:53:49,945 - INFO - [direct_download_file] - [Direct DL:f1b21b42a3] Preparing to download 'test download.mkv'.
2025-04-21 12:53:49,945 - INFO - [direct_download_file] - [Direct DL:f1b21b42a3] Starting file preparation for 'test download.mkv'.
2025-04-21 12:53:49,946 - INFO - [direct_download_file] - [Direct DL:f1b21b42a3] Preparing split file.
2025-04-21 12:53:49,946 - INFO - [direct_download_file] - [Direct DL:f1b21b42a3] Found 7 chunks to reassemble.
2025-04-21 12:53:49,946 - INFO - [download_telegram_file_content] - Attempting to get download URL for file_id: BQACAgUAAxkDAAIB7GgF8j5OQWl4gdbPt_6E09GF1WIhAAImFQACYy8wVM86JLs2zLrMNgQ
2025-04-21 12:53:52,866 - INFO - [download_telegram_file_content] - Obtained temporary download URL: https://api.telegram.org/file/bot7812479394:AAFrzOcHGKfc-1iOUbVEkptJkooaJrXHAxs/documents/file_244.part_001
2025-04-21 12:53:52,867 - INFO - [download_telegram_file_content] - Attempting to download content from: https://api.telegram.org/file/bot7812479394:AAFrzOcHGKfc-1iOUbVEkptJkooaJrXHAxs/documents/file_244.part_001
2025-04-21 12:53:58,126 - INFO - [download_telegram_file_content] - Successfully downloaded 20971520 bytes for file_id BQACAgUAAxkDAAIB7GgF8j5OQWl4gdbPt_6E09GF1WIhAAImFQACYy8wVM86JLs2zLrMNgQ.
2025-04-21 12:53:58,156 - INFO - [download_telegram_file_content] - Attempting to get download URL for file_id: BQACAgUAAxkDAAIB7WgF8ki3JhHetUy1B2kGp4s1wgS3AAInFQACYy8wVAfCublNNd9ZNgQ
2025-04-21 12:54:00,726 - INFO - [download_telegram_file_content] - Obtained temporary download URL: https://api.telegram.org/file/bot7812479394:AAFrzOcHGKfc-1iOUbVEkptJkooaJrXHAxs/documents/file_245.part_002
2025-04-21 12:54:00,728 - INFO - [download_telegram_file_content] - Attempting to download content from: https://api.telegram.org/file/bot7812479394:AAFrzOcHGKfc-1iOUbVEkptJkooaJrXHAxs/documents/file_245.part_002
2025-04-21 12:54:04,649 - INFO - [download_telegram_file_content] - Successfully downloaded 20971520 bytes for file_id BQACAgUAAxkDAAIB7WgF8ki3JhHetUy1B2kGp4s1wgS3AAInFQACYy8wVAfCublNNd9ZNgQ.
2025-04-21 12:54:04,677 - INFO - [download_telegram_file_content] - Attempting to get download URL for file_id: BQACAgUAAxkDAAIB7mgF8lOo-w5Ebto0Nhnv4vJQ5Kj3AAIoFQACYy8wVNeFTBfaRjPkNgQ
2025-04-21 12:54:07,303 - INFO - [download_telegram_file_content] - Obtained temporary download URL: https://api.telegram.org/file/bot7812479394:AAFrzOcHGKfc-1iOUbVEkptJkooaJrXHAxs/documents/file_246.part_003
2025-04-21 12:54:07,304 - INFO - [download_telegram_file_content] - Attempting to download content from: https://api.telegram.org/file/bot7812479394:AAFrzOcHGKfc-1iOUbVEkptJkooaJrXHAxs/documents/file_246.part_003
2025-04-21 12:54:11,000 - INFO - [download_telegram_file_content] - Successfully downloaded 20971520 bytes for file_id BQACAgUAAxkDAAIB7mgF8lOo-w5Ebto0Nhnv4vJQ5Kj3AAIoFQACYy8wVNeFTBfaRjPkNgQ.
2025-04-21 12:54:11,036 - INFO - [download_telegram_file_content] - Attempting to get download URL for file_id: BQACAgUAAxkDAAIB72gF8mIxnPsrzW4-KOy7yh0JEoFIAAIpFQACYy8wVK3CyD8gHEdWNgQ
2025-04-21 12:54:13,779 - INFO - [download_telegram_file_content] - Obtained temporary download URL: https://api.telegram.org/file/bot7812479394:AAFrzOcHGKfc-1iOUbVEkptJkooaJrXHAxs/documents/file_247.part_004
2025-04-21 12:54:13,780 - INFO - [download_telegram_file_content] - Attempting to download content from: https://api.telegram.org/file/bot7812479394:AAFrzOcHGKfc-1iOUbVEkptJkooaJrXHAxs/documents/file_247.part_004
2025-04-21 12:54:19,576 - INFO - [download_telegram_file_content] - Successfully downloaded 20971520 bytes for file_id BQACAgUAAxkDAAIB72gF8mIxnPsrzW4-KOy7yh0JEoFIAAIpFQACYy8wVK3CyD8gHEdWNgQ.
2025-04-21 12:54:19,616 - INFO - [download_telegram_file_content] - Attempting to get download URL for file_id: BQACAgUAAxkDAAIB8GgF8m6w-wTHMNBG5J7kAAHDxaSPtwACKhUAAmMvMFS7HIDvIdOy8DYE
2025-04-21 12:54:22,587 - INFO - [download_telegram_file_content] - Obtained temporary download URL: https://api.telegram.org/file/bot7812479394:AAFrzOcHGKfc-1iOUbVEkptJkooaJrXHAxs/documents/file_248.part_005
2025-04-21 12:54:22,588 - INFO - [download_telegram_file_content] - Attempting to download content from: https://api.telegram.org/file/bot7812479394:AAFrzOcHGKfc-1iOUbVEkptJkooaJrXHAxs/documents/file_248.part_005
2025-04-21 12:54:28,252 - INFO - [download_telegram_file_content] - Successfully downloaded 20971520 bytes for file_id BQACAgUAAxkDAAIB8GgF8m6w-wTHMNBG5J7kAAHDxaSPtwACKhUAAmMvMFS7HIDvIdOy8DYE.
2025-04-21 12:54:28,282 - INFO - [download_telegram_file_content] - Attempting to get download URL for file_id: BQACAgUAAxkDAAIB8WgF8nk6zCAh4i4JrN0UbHd0DtGpAAIrFQACYy8wVDBq0Yg0dI5wNgQ
2025-04-21 12:54:30,929 - INFO - [download_telegram_file_content] - Obtained temporary download URL: https://api.telegram.org/file/bot7812479394:AAFrzOcHGKfc-1iOUbVEkptJkooaJrXHAxs/documents/file_249.part_006
2025-04-21 12:54:30,931 - INFO - [download_telegram_file_content] - Attempting to download content from: https://api.telegram.org/file/bot7812479394:AAFrzOcHGKfc-1iOUbVEkptJkooaJrXHAxs/documents/file_249.part_006
2025-04-21 12:54:42,656 - INFO - [download_telegram_file_content] - Successfully downloaded 20971520 bytes for file_id BQACAgUAAxkDAAIB8WgF8nk6zCAh4i4JrN0UbHd0DtGpAAIrFQACYy8wVDBq0Yg0dI5wNgQ.
2025-04-21 12:54:42,688 - INFO - [download_telegram_file_content] - Attempting to get download URL for file_id: BQACAgUAAxkDAAIB8mgF8nxhNfraZ7ZMNVZ35mAGBvHdAAIsFQACYy8wVI3HveYRheGkNgQ
2025-04-21 12:54:44,043 - INFO - [download_telegram_file_content] - Obtained temporary download URL: https://api.telegram.org/file/bot7812479394:AAFrzOcHGKfc-1iOUbVEkptJkooaJrXHAxs/documents/file_250.part_007
2025-04-21 12:54:44,044 - INFO - [download_telegram_file_content] - Attempting to download content from: https://api.telegram.org/file/bot7812479394:AAFrzOcHGKfc-1iOUbVEkptJkooaJrXHAxs/documents/file_250.part_007
2025-04-21 12:54:45,620 - INFO - [download_telegram_file_content] - Successfully downloaded 3733472 bytes for file_id BQACAgUAAxkDAAIB8mgF8nxhNfraZ7ZMNVZ35mAGBvHdAAIsFQACYy8wVI3HveYRheGkNgQ.
2025-04-21 12:54:45,625 - INFO - [direct_download_file] - [Direct DL:f1b21b42a3] Finished reassembling 7 chunks in 55.68s. Total bytes reassembled: 129562592.
2025-04-21 12:54:45,626 - INFO - [direct_download_file] - [Direct DL:f1b21b42a3] Decompressing reassembled file: E:\Telegram_tool\Telegram_Bot_Tool\uploads_temp\directDL_reass_f1b21b42a3_80xhdifx.zip.tmp
2025-04-21 12:54:46,476 - INFO - [direct_download_file] - [Direct DL:f1b21b42a3] Decompression finished in 0.85s. Final file: E:\Telegram_tool\Telegram_Bot_Tool\uploads_temp\directDL_final_f1b21b42a3_axmel3qa.mkv
2025-04-21 12:54:46,477 - INFO - [direct_download_file] - [Direct DL:f1b21b42a3] File preparation successful. Final file: 'E:\Telegram_tool\Telegram_Bot_Tool\uploads_temp\directDL_final_f1b21b42a3_axmel3qa.mkv', Size: 132739902 bytes. Prep time: 56.53s.
2025-04-21 12:54:46,477 - INFO - [direct_download_file] - [Direct DL:f1b21b42a3] Starting file stream for 'test download.mkv' from 'E:\Telegram_tool\Telegram_Bot_Tool\uploads_temp\directDL_final_f1b21b42a3_axmel3qa.mkv'.
2025-04-21 12:54:46,478 - INFO - [direct_download_file] - [Direct DL:f1b21b42a3] Returning streaming response. Total request time (incl. prep): 56.58s.
2025-04-21 12:54:46,488 - INFO - [direct_download_file] - [Direct DL:f1b21b42a3] Cleaned up intermediate reassembled file: E:\Telegram_tool\Telegram_Bot_Tool\uploads_temp\directDL_reass_f1b21b42a3_80xhdifx.zip.tmp
2025-04-21 12:54:46,498 - INFO - [_log] - 127.0.0.1 - - [21/Apr/2025 12:54:46] "GET /download/f1b21b42a3 HTTP/1.1" 200 -
2025-04-21 12:54:47,577 - INFO - [generate_file_chunks] - [Direct DL:f1b21b42a3] Finished streaming file content: E:\Telegram_tool\Telegram_Bot_Tool\uploads_temp\directDL_final_f1b21b42a3_axmel3qa.mkv
2025-04-21 12:54:47,578 - INFO - [generate_file_chunks] - [Direct DL:f1b21b42a3] Generator cleaning up final temp file: E:\Telegram_tool\Telegram_Bot_Tool\uploads_temp\directDL_final_f1b21b42a3_axmel3qa.mkv
2025-04-21 12:54:47,591 - INFO - [generate_file_chunks] - [Direct DL:f1b21b42a3] Successfully deleted final temp file via generator: E:\Telegram_tool\Telegram_Bot_Tool\uploads_temp\directDL_final_f1b21b42a3_axmel3qa.mkv
2025-04-21 12:56:02,821 - INFO - [initiate_upload] - Received request to initiate upload.
2025-04-21 12:56:02,821 - INFO - [initiate_upload] - Saving temporary file for upload_id '57a94a94-6c0c-4a81-938b-ad0a4f164468' to 'uploads_temp\57a94a94-6c0c-4a81-938b-ad0a4f164468_bot (2).py'
2025-04-21 12:56:02,821 - INFO - [initiate_upload] - Temporary file saved successfully for 'bot (2).py' (ID: 57a94a94-6c0c-4a81-938b-ad0a4f164468).
2025-04-21 12:56:02,821 - INFO - [_log] - 127.0.0.1 - - [21/Apr/2025 12:56:02] "POST /initiate-upload HTTP/1.1" 200 -
2025-04-21 12:56:02,821 - INFO - [stream_progress] - SSE connection request for upload_id: 57a94a94-6c0c-4a81-938b-ad0a4f164468
2025-04-21 12:56:02,821 - INFO - [process_upload_and_generate_updates] - [57a94a94-6c0c-4a81-938b-ad0a4f164468] Starting processing...
2025-04-21 12:56:02,821 - INFO - [process_upload_and_generate_updates] - [57a94a94-6c0c-4a81-938b-ad0a4f164468] Processing upload: User='siren', File='bot (2).py', TempPath='uploads_temp\57a94a94-6c0c-4a81-938b-ad0a4f164468_bot (2).py'
2025-04-21 12:56:02,821 - INFO - [process_upload_and_generate_updates] - [57a94a94-6c0c-4a81-938b-ad0a4f164468] Original temp file size: 2350 bytes.
2025-04-21 12:56:02,832 - INFO - [_log] - 127.0.0.1 - - [21/Apr/2025 12:56:02] "GET /stream-progress/57a94a94-6c0c-4a81-938b-ad0a4f164468 HTTP/1.1" 200 -
2025-04-21 12:56:02,832 - INFO - [process_upload_and_generate_updates] - [57a94a94-6c0c-4a81-938b-ad0a4f164468] 'bot (2).py' is small. Compressing and sending as single file.
2025-04-21 12:56:02,838 - INFO - [process_upload_and_generate_updates] - [57a94a94-6c0c-4a81-938b-ad0a4f164468] Compressed 'bot (2).py' to 1080 bytes.
2025-04-21 12:56:02,838 - INFO - [send_file_to_telegram] - Sending file 'bot (2).py.zip' to Telegram chat ID: -4603853425
2025-04-21 12:56:03,753 - INFO - [send_file_to_telegram] - Telegram API success for 'bot (2).py.zip'.
2025-04-21 12:56:03,754 - INFO - [process_upload_and_generate_updates] - [57a94a94-6c0c-4a81-938b-ad0a4f164468] Single file 'bot (2).py' sent successfully.
2025-04-21 12:56:03,757 - INFO - [load_metadata] - Successfully loaded metadata from 'metadata.json'.
2025-04-21 12:56:03,766 - INFO - [save_metadata] - Successfully saved metadata to 'metadata.json'.
2025-04-21 12:56:03,766 - INFO - [process_upload_and_generate_updates] - [57a94a94-6c0c-4a81-938b-ad0a4f164468] Generated direct download URL: http://127.0.0.1:5000/download/42c278e3b1
2025-04-21 12:56:03,767 - INFO - [process_upload_and_generate_updates] - [57a94a94-6c0c-4a81-938b-ad0a4f164468] Entering final cleanup.
2025-04-21 12:56:03,768 - INFO - [process_upload_and_generate_updates] - [57a94a94-6c0c-4a81-938b-ad0a4f164468] Successfully deleted original temporary file: uploads_temp\57a94a94-6c0c-4a81-938b-ad0a4f164468_bot (2).py
2025-04-21 12:56:03,769 - INFO - [process_upload_and_generate_updates] - [57a94a94-6c0c-4a81-938b-ad0a4f164468] Processing finished with status: completed_metadata_error
2025-04-21 12:56:09,048 - INFO - [direct_download_file] - [Direct DL:42c278e3b1] Received direct download request.
2025-04-21 12:56:09,065 - INFO - [load_metadata] - Successfully loaded metadata from 'metadata.json'.
2025-04-21 12:56:09,065 - INFO - [direct_download_file] - [Direct DL:42c278e3b1] Found file metadata for user 'siren'.
2025-04-21 12:56:09,065 - INFO - [direct_download_file] - [Direct DL:42c278e3b1] Preparing to download 'bot (2).py'.
2025-04-21 12:56:09,066 - INFO - [direct_download_file] - [Direct DL:42c278e3b1] Starting file preparation for 'bot (2).py'.
2025-04-21 12:56:09,066 - INFO - [direct_download_file] - [Direct DL:42c278e3b1] Preparing non-split file.
2025-04-21 12:56:09,067 - INFO - [download_telegram_file_content] - Attempting to get download URL for file_id: BQACAgUAAxkDAAIB82gF8wtbcT23T5Am926v5Cn5b3GOAAItFQACYy8wVKtB_fjVsYLoNgQ
2025-04-21 12:56:09,875 - INFO - [download_telegram_file_content] - Obtained temporary download URL: https://api.telegram.org/file/bot7812479394:AAFrzOcHGKfc-1iOUbVEkptJkooaJrXHAxs/documents/file_251.zip
2025-04-21 12:56:09,876 - INFO - [download_telegram_file_content] - Attempting to download content from: https://api.telegram.org/file/bot7812479394:AAFrzOcHGKfc-1iOUbVEkptJkooaJrXHAxs/documents/file_251.zip
2025-04-21 12:56:10,395 - INFO - [download_telegram_file_content] - Successfully downloaded 1080 bytes for file_id BQACAgUAAxkDAAIB82gF8wtbcT23T5Am926v5Cn5b3GOAAItFQACYy8wVKtB_fjVsYLoNgQ.
2025-04-21 12:56:10,397 - INFO - [direct_download_file] - [Direct DL:42c278e3b1] Decompressing single downloaded file...
2025-04-21 12:56:10,399 - INFO - [direct_download_file] - [Direct DL:42c278e3b1] Decompression finished in 0.00s. Final file: E:\Telegram_tool\Telegram_Bot_Tool\uploads_temp\directDL_decomp_42c278e3b1_2cni_ed_.py
2025-04-21 12:56:10,400 - INFO - [direct_download_file] - [Direct DL:42c278e3b1] File preparation successful. Final file: 'E:\Telegram_tool\Telegram_Bot_Tool\uploads_temp\directDL_decomp_42c278e3b1_2cni_ed_.py', Size: 2350 bytes. Prep time: 1.33s.
2025-04-21 12:56:10,401 - INFO - [direct_download_file] - [Direct DL:42c278e3b1] Starting file stream for 'bot (2).py' from 'E:\Telegram_tool\Telegram_Bot_Tool\uploads_temp\directDL_decomp_42c278e3b1_2cni_ed_.py'.
2025-04-21 12:56:10,402 - INFO - [direct_download_file] - [Direct DL:42c278e3b1] Returning streaming response. Total request time (incl. prep): 1.35s.
2025-04-21 12:56:10,406 - INFO - [_log] - 127.0.0.1 - - [21/Apr/2025 12:56:10] "GET /download/42c278e3b1 HTTP/1.1" 200 -
2025-04-21 12:56:10,408 - INFO - [generate_file_chunks] - [Direct DL:42c278e3b1] Finished streaming file content: E:\Telegram_tool\Telegram_Bot_Tool\uploads_temp\directDL_decomp_42c278e3b1_2cni_ed_.py
2025-04-21 12:56:10,409 - INFO - [generate_file_chunks] - [Direct DL:42c278e3b1] Generator cleaning up final temp file: E:\Telegram_tool\Telegram_Bot_Tool\uploads_temp\directDL_decomp_42c278e3b1_2cni_ed_.py
2025-04-21 12:56:10,414 - INFO - [generate_file_chunks] - [Direct DL:42c278e3b1] Successfully deleted final temp file via generator: E:\Telegram_tool\Telegram_Bot_Tool\uploads_temp\directDL_decomp_42c278e3b1_2cni_ed_.py
2025-04-21 12:56:40,539 - INFO - [initiate_upload] - Received request to initiate upload.
2025-04-21 12:56:40,539 - INFO - [initiate_upload] - Saving temporary file for upload_id '820e24fb-0fa5-4151-aeaf-8862eb9a10f9' to 'uploads_temp\820e24fb-0fa5-4151-aeaf-8862eb9a10f9_main.py'
2025-04-21 12:56:40,539 - INFO - [initiate_upload] - Temporary file saved successfully for 'main.py' (ID: 820e24fb-0fa5-4151-aeaf-8862eb9a10f9).
2025-04-21 12:56:40,539 - INFO - [_log] - 127.0.0.1 - - [21/Apr/2025 12:56:40] "POST /initiate-upload HTTP/1.1" 200 -
2025-04-21 12:56:40,539 - INFO - [stream_progress] - SSE connection request for upload_id: 820e24fb-0fa5-4151-aeaf-8862eb9a10f9
2025-04-21 12:56:40,539 - INFO - [process_upload_and_generate_updates] - [820e24fb-0fa5-4151-aeaf-8862eb9a10f9] Starting processing...
2025-04-21 12:56:40,539 - INFO - [process_upload_and_generate_updates] - [820e24fb-0fa5-4151-aeaf-8862eb9a10f9] Processing upload: User='siren', File='main.py', TempPath='uploads_temp\820e24fb-0fa5-4151-aeaf-8862eb9a10f9_main.py'
2025-04-21 12:56:40,551 - INFO - [process_upload_and_generate_updates] - [820e24fb-0fa5-4151-aeaf-8862eb9a10f9] Original temp file size: 13306 bytes.
2025-04-21 12:56:40,552 - INFO - [_log] - 127.0.0.1 - - [21/Apr/2025 12:56:40] "GET /stream-progress/820e24fb-0fa5-4151-aeaf-8862eb9a10f9 HTTP/1.1" 200 -
2025-04-21 12:56:40,554 - INFO - [process_upload_and_generate_updates] - [820e24fb-0fa5-4151-aeaf-8862eb9a10f9] 'main.py' is small. Compressing and sending as single file.
2025-04-21 12:56:40,578 - INFO - [process_upload_and_generate_updates] - [820e24fb-0fa5-4151-aeaf-8862eb9a10f9] Compressed 'main.py' to 4178 bytes.
2025-04-21 12:56:40,578 - INFO - [send_file_to_telegram] - Sending file 'main.py.zip' to Telegram chat ID: -4603853425
2025-04-21 12:56:41,461 - INFO - [send_file_to_telegram] - Telegram API success for 'main.py.zip'.
2025-04-21 12:56:41,462 - INFO - [process_upload_and_generate_updates] - [820e24fb-0fa5-4151-aeaf-8862eb9a10f9] Single file 'main.py' sent successfully.
2025-04-21 12:56:41,464 - INFO - [load_metadata] - Successfully loaded metadata from 'metadata.json'.
2025-04-21 12:56:41,474 - INFO - [save_metadata] - Successfully saved metadata to 'metadata.json'.
2025-04-21 12:56:41,474 - INFO - [process_upload_and_generate_updates] - [820e24fb-0fa5-4151-aeaf-8862eb9a10f9] Generated direct download URL: http://127.0.0.1:5000/download/9cccd8c800
2025-04-21 12:56:41,475 - INFO - [process_upload_and_generate_updates] - [820e24fb-0fa5-4151-aeaf-8862eb9a10f9] Entering final cleanup.
2025-04-21 12:56:41,477 - INFO - [process_upload_and_generate_updates] - [820e24fb-0fa5-4151-aeaf-8862eb9a10f9] Successfully deleted original temporary file: uploads_temp\820e24fb-0fa5-4151-aeaf-8862eb9a10f9_main.py
2025-04-21 12:56:41,477 - INFO - [process_upload_and_generate_updates] - [820e24fb-0fa5-4151-aeaf-8862eb9a10f9] Processing finished with status: completed_metadata_error
2025-04-21 12:56:45,738 - INFO - [direct_download_file] - [Direct DL:9cccd8c800] Received direct download request.
2025-04-21 12:56:45,759 - INFO - [load_metadata] - Successfully loaded metadata from 'metadata.json'.
2025-04-21 12:56:45,760 - INFO - [direct_download_file] - [Direct DL:9cccd8c800] Found file metadata for user 'siren'.
2025-04-21 12:56:45,760 - INFO - [direct_download_file] - [Direct DL:9cccd8c800] Preparing to download 'main.py'.
2025-04-21 12:56:45,761 - INFO - [direct_download_file] - [Direct DL:9cccd8c800] Starting file preparation for 'main.py'.
2025-04-21 12:56:45,761 - INFO - [direct_download_file] - [Direct DL:9cccd8c800] Preparing non-split file.
2025-04-21 12:56:45,761 - INFO - [download_telegram_file_content] - Attempting to get download URL for file_id: BQACAgUAAxkDAAIB9GgF8zGIpHtg0XyrCi5K5jxMMdocAAIuFQACYy8wVM1KQyFCb4u8NgQ
2025-04-21 12:56:46,539 - INFO - [download_telegram_file_content] - Obtained temporary download URL: https://api.telegram.org/file/bot7812479394:AAFrzOcHGKfc-1iOUbVEkptJkooaJrXHAxs/documents/file_252.zip
2025-04-21 12:56:46,540 - INFO - [download_telegram_file_content] - Attempting to download content from: https://api.telegram.org/file/bot7812479394:AAFrzOcHGKfc-1iOUbVEkptJkooaJrXHAxs/documents/file_252.zip
2025-04-21 12:56:47,011 - INFO - [download_telegram_file_content] - Successfully downloaded 4178 bytes for file_id BQACAgUAAxkDAAIB9GgF8zGIpHtg0XyrCi5K5jxMMdocAAIuFQACYy8wVM1KQyFCb4u8NgQ.
2025-04-21 12:56:47,013 - INFO - [direct_download_file] - [Direct DL:9cccd8c800] Decompressing single downloaded file...
2025-04-21 12:56:47,015 - INFO - [direct_download_file] - [Direct DL:9cccd8c800] Decompression finished in 0.00s. Final file: E:\Telegram_tool\Telegram_Bot_Tool\uploads_temp\directDL_decomp_9cccd8c800_ue3lh55c.py
2025-04-21 12:56:47,017 - INFO - [direct_download_file] - [Direct DL:9cccd8c800] File preparation successful. Final file: 'E:\Telegram_tool\Telegram_Bot_Tool\uploads_temp\directDL_decomp_9cccd8c800_ue3lh55c.py', Size: 13306 bytes. Prep time: 1.26s.
2025-04-21 12:56:47,018 - INFO - [direct_download_file] - [Direct DL:9cccd8c800] Starting file stream for 'main.py' from 'E:\Telegram_tool\Telegram_Bot_Tool\uploads_temp\directDL_decomp_9cccd8c800_ue3lh55c.py'.
2025-04-21 12:56:47,020 - INFO - [direct_download_file] - [Direct DL:9cccd8c800] Returning streaming response. Total request time (incl. prep): 1.28s.
2025-04-21 12:56:47,034 - INFO - [_log] - 127.0.0.1 - - [21/Apr/2025 12:56:47] "GET /download/9cccd8c800 HTTP/1.1" 200 -
2025-04-21 12:56:47,035 - INFO - [generate_file_chunks] - [Direct DL:9cccd8c800] Finished streaming file content: E:\Telegram_tool\Telegram_Bot_Tool\uploads_temp\directDL_decomp_9cccd8c800_ue3lh55c.py
2025-04-21 12:56:47,036 - INFO - [generate_file_chunks] - [Direct DL:9cccd8c800] Generator cleaning up final temp file: E:\Telegram_tool\Telegram_Bot_Tool\uploads_temp\directDL_decomp_9cccd8c800_ue3lh55c.py
2025-04-21 12:56:47,036 - INFO - [generate_file_chunks] - [Direct DL:9cccd8c800] Successfully deleted final temp file via generator: E:\Telegram_tool\Telegram_Bot_Tool\uploads_temp\directDL_decomp_9cccd8c800_ue3lh55c.py
