2025-05-05 15:29:59,305 - INFO - [MainThread] [<module>] - ============================================================
2025-05-05 15:29:59,305 - INFO - [MainThread] [<module>] - Logging configured. Level: INFO. Log file: Selenium-Logs\app_20250505_152959.log
2025-05-05 15:29:59,305 - INFO - [MainThread] [<module>] - Primary Chat ID: -4603853425
2025-05-05 15:29:59,306 - INFO - [MainThread] [<module>] - All Target Chat IDs: ['-4603853425', '-1002614397019', '-4641852757']
2025-05-05 15:29:59,306 - INFO - [MainThread] [<module>] - Chunk Size: 20.0 MB (20971520 bytes)
2025-05-05 15:29:59,306 - INFO - [MainThread] [<module>] - API Timeouts (Connect/Read): 10s / 60s
2025-05-05 15:29:59,306 - INFO - [MainThread] [<module>] - API Retries: 3 attempts, 2s delay
2025-05-05 15:29:59,307 - INFO - [MainThread] [<module>] - Max Upload Workers: 5
2025-05-05 15:29:59,307 - INFO - [MainThread] [<module>] - Max Download Workers: 12
2025-05-05 15:29:59,308 - INFO - [MainThread] [<module>] - ============================================================
2025-05-05 15:29:59,308 - INFO - [MainThread] [<module>] - Configuration loaded successfully.
2025-05-05 15:29:59,331 - INFO - [MainThread] [<module>] - Custom Jinja filter 'format_bytes' registered.
2025-05-05 15:29:59,331 - INFO - [MainThread] [<module>] - Flask-CORS initialized. Allowing origins: *
2025-05-05 15:29:59,332 - INFO - [MainThread] [<module>] - Flask application initialized.
2025-05-05 15:29:59,332 - INFO - [MainThread] [<module>] - Flask-Login initialized.
2025-05-05 15:29:59,332 - INFO - [MainThread] [<module>] - Global state variables initialized (upload_progress_data, download_prep_data).
2025-05-05 15:29:59,335 - INFO - [MainThread] [<module>] - Custom Jinja filter 'format_bytes' registered.
2025-05-05 15:29:59,368 - INFO - [MainThread] [<module>] - Flask-CORS initialized. Allowing origins: *
2025-05-05 15:29:59,368 - INFO - [MainThread] [<module>] - Flask application initialized.
2025-05-05 15:29:59,368 - INFO - [MainThread] [<module>] - Flask-Login initialized.
2025-05-05 15:29:59,368 - INFO - [MainThread] [<module>] - Global state variables initialized (upload_progress_data, download_prep_data).
2025-05-05 15:29:59,586 - INFO - [MainThread] [<module>] - Database module initialized.
