2025-05-02 15:47:35,940 - INFO - [MainThread] [<module>] - ============================================================
2025-05-02 15:47:35,941 - INFO - [MainThread] [<module>] - Logging configured. Level: INFO. Log file: Selenium-Logs\app_20250502_154735.log
2025-05-02 15:47:35,942 - INFO - [MainThread] [<module>] - Primary Chat ID: -4603853425
2025-05-02 15:47:35,942 - INFO - [MainThread] [<module>] - All Target Chat IDs: ['-4603853425', '-1002614397019', '-4641852757']
2025-05-02 15:47:35,943 - INFO - [MainThread] [<module>] - Chunk Size: 20.0 MB (20971520 bytes)
2025-05-02 15:47:35,944 - INFO - [MainThread] [<module>] - API Timeouts (Connect/Read): 10s / 60s
2025-05-02 15:47:35,945 - INFO - [MainThread] [<module>] - API Retries: 3 attempts, 2s delay
2025-05-02 15:47:35,946 - INFO - [MainThread] [<module>] - Max Upload Workers: 5
2025-05-02 15:47:35,946 - INFO - [MainThread] [<module>] - Max Download Workers: 12
2025-05-02 15:47:35,946 - INFO - [MainThread] [<module>] - ============================================================
2025-05-02 15:47:35,947 - INFO - [MainThread] [<module>] - Configuration loaded successfully.
2025-05-02 15:47:35,948 - INFO - [MainThread] [<module>] - Custom Jinja filter 'format_bytes' registered.
2025-05-02 15:47:35,948 - INFO - [MainThread] [<module>] - Flask-CORS initialized. Allowing origins: *
2025-05-02 15:47:35,949 - INFO - [MainThread] [<module>] - Flask application initialized.
2025-05-02 15:47:35,949 - INFO - [MainThread] [<module>] - Global state variables initialized (upload_progress_data, download_prep_data).
2025-05-02 15:47:35,951 - INFO - [MainThread] [<module>] - Custom Jinja filter 'format_bytes' registered.
2025-05-02 15:47:35,952 - INFO - [MainThread] [<module>] - Flask-CORS initialized. Allowing origins: *
2025-05-02 15:47:35,952 - INFO - [MainThread] [<module>] - Flask application initialized.
2025-05-02 15:47:35,952 - INFO - [MainThread] [<module>] - Global state variables initialized (upload_progress_data, download_prep_data).
2025-05-02 15:47:36,146 - INFO - [MainThread] [<module>] - Database module initialized.
2025-05-02 15:47:36,596 - INFO - [MainThread] [<module>] - Initialized requests.Session for Telegram API calls.
2025-05-02 15:47:36,597 - INFO - [MainThread] [<module>] - Telegram API functions defined with Session and Retries.
2025-05-02 15:47:36,602 - INFO - [MainThread] [<module>] - Flask routes defined using configurable workers and linter fixes.
2025-05-02 15:47:36,603 - INFO - [MainThread] [<module>] - Starting Flask development server...
2025-05-02 15:47:36,622 - WARNING - [MainThread] [_log] -  * Debugger is active!
2025-05-02 15:47:36,627 - INFO - [MainThread] [_log] -  * Debugger PIN: 107-410-311
2025-05-02 15:47:59,963 - INFO - [Thread-2 (process_request_thread)] [index] - Serving index page.
2025-05-02 15:47:59,982 - INFO - [Thread-2 (process_request_thread)] [_log] - 127.0.0.1 - - [02/May/2025 15:47:59] "GET / HTTP/1.1" 200 -
2025-05-02 15:48:02,687 - INFO - [Thread-3 (process_request_thread)] [show_register_page] - Serving registration page.
2025-05-02 15:48:02,690 - INFO - [Thread-3 (process_request_thread)] [_log] - 127.0.0.1 - - [02/May/2025 15:48:02] "GET /register HTTP/1.1" 200 -
2025-05-02 15:48:14,397 - INFO - [Thread-5 (process_request_thread)] [_log] - 192.168.1.19 - - [02/May/2025 15:48:14] "OPTIONS /register HTTP/1.1" 200 -
2025-05-02 15:48:14,406 - INFO - [Thread-6 (process_request_thread)] [register_user] - Received registration request.
2025-05-02 15:48:14,407 - INFO - [Thread-6 (process_request_thread)] [_log] - 192.168.1.19 - - [02/May/2025 15:48:14] "[31m[1mPOST /register HTTP/1.1[0m" 400 -
