2025-04-18 10:10:55,561 - INFO - [<module>] - Logging configured. Log file: Selenium-Logs\app_20250418_101055.log
2025-04-18 10:10:55,561 - INFO - [<module>] - Flask application initialized.
2025-04-18 10:10:55,561 - INFO - [<module>] - Starting Flask development server...
2025-04-18 10:10:55,605 - WARNING - [_log] -  * Debugger is active!
2025-04-18 10:10:55,606 - INFO - [_log] -  * Debugger PIN: 107-410-311
2025-04-18 10:10:57,691 - INFO - [index] - Serving index page.
2025-04-18 10:10:57,704 - INFO - [_log] - 127.0.0.1 - - [18/Apr/2025 10:10:57] "GET / HTTP/1.1" 200 -
2025-04-18 10:10:57,724 - INFO - [_log] - 127.0.0.1 - - [18/Apr/2025 10:10:57] "[33mGET /static/style.css HTTP/1.1[0m" 404 -
2025-04-18 10:11:03,625 - INFO - [list_user_files] - Request received to list files for user: 'John'
2025-04-18 10:11:03,625 - INFO - [load_metadata] - Successfully loaded metadata from 'metadata.json'.
2025-04-18 10:11:03,625 - INFO - [list_user_files] - Found 6 file records for user 'John'.
2025-04-18 10:11:03,625 - INFO - [_log] - 127.0.0.1 - - [18/Apr/2025 10:11:03] "GET /files/John HTTP/1.1" 200 -
2025-04-18 10:11:07,739 - INFO - [prepare_download_stream] - [e469b05e-207d-4034-aaa0-55598b456f54] SSE connection request for download prep: User='John', File='60mb (1).pdf'
2025-04-18 10:11:07,739 - INFO - [_prepare_download_and_generate_updates] - [e469b05e-207d-4034-aaa0-55598b456f54] Starting download preparation generator...
2025-04-18 10:11:07,739 - INFO - [_log] - 127.0.0.1 - - [18/Apr/2025 10:11:07] "GET /prepare-download/John/60mb%20(1).pdf HTTP/1.1" 200 -
2025-04-18 10:11:07,843 - INFO - [load_metadata] - Successfully loaded metadata from 'metadata.json'.
2025-04-18 10:11:07,843 - INFO - [_prepare_download_and_generate_updates] - [e469b05e-207d-4034-aaa0-55598b456f54] Prep SPLIT download for '60mb (1).pdf'
2025-04-18 10:11:07,843 - INFO - [_prepare_download_and_generate_updates] - [e469b05e-207d-4034-aaa0-55598b456f54] Created temp file for reassembly: E:\Telegram_tool\Telegram_Bot_Tool\uploads_temp\dl_reass_e469b05e-207d-4034-aaa0-55598b456f54_8sl8g7l8.zip.tmp
2025-04-18 10:11:07,843 - INFO - [download_telegram_file_content] - Attempting to get download URL for file_id: BQACAgUAAxkDAANJZ_5EsGm7n3pLh4cytMlwpiS1M3oAAnMVAAIWNvhXDsh_kjJRtk02BA
2025-04-18 10:11:11,254 - INFO - [download_telegram_file_content] - Obtained temporary download URL: https://api.telegram.org/file/bot7812479394:AAFrzOcHGKfc-1iOUbVEkptJkooaJrXHAxs/documents/file_121.part_001
2025-04-18 10:11:11,254 - INFO - [download_telegram_file_content] - Attempting to download content from: https://api.telegram.org/file/bot7812479394:AAFrzOcHGKfc-1iOUbVEkptJkooaJrXHAxs/documents/file_121.part_001
2025-04-18 10:11:17,164 - INFO - [download_telegram_file_content] - Successfully downloaded 19922944 bytes for file_id BQACAgUAAxkDAANJZ_5EsGm7n3pLh4cytMlwpiS1M3oAAnMVAAIWNvhXDsh_kjJRtk02BA.
2025-04-18 10:11:17,191 - INFO - [download_telegram_file_content] - Attempting to get download URL for file_id: BQACAgUAAxkDAANKZ_5EvuGxNm_fApgNpSO6IaBKkVYAAnQVAAIWNvhXiS0JYFx7-hY2BA
2025-04-18 10:11:20,277 - INFO - [download_telegram_file_content] - Obtained temporary download URL: https://api.telegram.org/file/bot7812479394:AAFrzOcHGKfc-1iOUbVEkptJkooaJrXHAxs/documents/file_122.part_002
2025-04-18 10:11:20,277 - INFO - [download_telegram_file_content] - Attempting to download content from: https://api.telegram.org/file/bot7812479394:AAFrzOcHGKfc-1iOUbVEkptJkooaJrXHAxs/documents/file_122.part_002
2025-04-18 10:11:23,772 - INFO - [download_telegram_file_content] - Successfully downloaded 19922944 bytes for file_id BQACAgUAAxkDAANKZ_5EvuGxNm_fApgNpSO6IaBKkVYAAnQVAAIWNvhXiS0JYFx7-hY2BA.
2025-04-18 10:11:23,801 - INFO - [download_telegram_file_content] - Attempting to get download URL for file_id: BQACAgUAAxkDAANLZ_5Ez-dP30Q8rERYmTCJ_Au6QsoAAnUVAAIWNvhXB-puKSo7U502BA
2025-04-18 10:11:26,660 - INFO - [download_telegram_file_content] - Obtained temporary download URL: https://api.telegram.org/file/bot7812479394:AAFrzOcHGKfc-1iOUbVEkptJkooaJrXHAxs/documents/file_123.part_003
2025-04-18 10:11:26,660 - INFO - [download_telegram_file_content] - Attempting to download content from: https://api.telegram.org/file/bot7812479394:AAFrzOcHGKfc-1iOUbVEkptJkooaJrXHAxs/documents/file_123.part_003
2025-04-18 10:11:33,829 - INFO - [download_telegram_file_content] - Successfully downloaded 19922944 bytes for file_id BQACAgUAAxkDAANLZ_5Ez-dP30Q8rERYmTCJ_Au6QsoAAnUVAAIWNvhXB-puKSo7U502BA.
2025-04-18 10:11:33,860 - INFO - [download_telegram_file_content] - Attempting to get download URL for file_id: BQACAgUAAxkDAANMZ_5E0kQxz4nlG1iqJgNC5Kx5cCkAAnYVAAIWNvhXKfFicivu7w42BA
2025-04-18 10:11:35,493 - INFO - [download_telegram_file_content] - Obtained temporary download URL: https://api.telegram.org/file/bot7812479394:AAFrzOcHGKfc-1iOUbVEkptJkooaJrXHAxs/documents/file_124.part_004
2025-04-18 10:11:35,493 - INFO - [download_telegram_file_content] - Attempting to download content from: https://api.telegram.org/file/bot7812479394:AAFrzOcHGKfc-1iOUbVEkptJkooaJrXHAxs/documents/file_124.part_004
2025-04-18 10:11:37,034 - INFO - [download_telegram_file_content] - Successfully downloaded 2985527 bytes for file_id BQACAgUAAxkDAANMZ_5E0kQxz4nlG1iqJgNC5Kx5cCkAAnYVAAIWNvhXKfFicivu7w42BA.
2025-04-18 10:11:37,038 - INFO - [_prepare_download_and_generate_updates] - [e469b05e-207d-4034-aaa0-55598b456f54] Finished reassembling. Total bytes: 62754359.
2025-04-18 10:11:37,039 - INFO - [_prepare_download_and_generate_updates] - [e469b05e-207d-4034-aaa0-55598b456f54] Decompressing reassembled file...
2025-04-18 10:11:37,604 - INFO - [_prepare_download_and_generate_updates] - [e469b05e-207d-4034-aaa0-55598b456f54] Final prepared file: 'E:\Telegram_tool\Telegram_Bot_Tool\uploads_temp\dl_final_e469b05e-207d-4034-aaa0-55598b456f54_9lvbfjpb', Size: 63862122
2025-04-18 10:11:37,605 - INFO - [_prepare_download_and_generate_updates] - [e469b05e-207d-4034-aaa0-55598b456f54] Preparation complete. Sent 'ready' event.
2025-04-18 10:11:37,605 - INFO - [_prepare_download_and_generate_updates] - [e469b05e-207d-4034-aaa0-55598b456f54] Cleaning up intermediate reassembled file: E:\Telegram_tool\Telegram_Bot_Tool\uploads_temp\dl_reass_e469b05e-207d-4034-aaa0-55598b456f54_8sl8g7l8.zip.tmp
2025-04-18 10:11:37,616 - INFO - [_prepare_download_and_generate_updates] - [e469b05e-207d-4034-aaa0-55598b456f54] Generator finished with status: ready
2025-04-18 10:11:37,623 - INFO - [serve_temp_file] - Request to serve temporary download file for ID: e469b05e-207d-4034-aaa0-55598b456f54, Filename: 60mb (1).pdf
2025-04-18 10:11:37,627 - INFO - [serve_temp_file] - [e469b05e-207d-4034-aaa0-55598b456f54] Preparing streaming response for '60mb (1).pdf' from 'E:\Telegram_tool\Telegram_Bot_Tool\uploads_temp\dl_final_e469b05e-207d-4034-aaa0-55598b456f54_9lvbfjpb'
2025-04-18 10:11:37,671 - INFO - [_log] - 127.0.0.1 - - [18/Apr/2025 10:11:37] "GET /serve-temp-file/e469b05e-207d-4034-aaa0-55598b456f54/60mb%20(1).pdf HTTP/1.1" 200 -
2025-04-18 10:11:38,082 - INFO - [generate_and_cleanup] - [e469b05e-207d-4034-aaa0-55598b456f54] Finished streaming file: E:\Telegram_tool\Telegram_Bot_Tool\uploads_temp\dl_final_e469b05e-207d-4034-aaa0-55598b456f54_9lvbfjpb
2025-04-18 10:11:38,082 - INFO - [generate_and_cleanup] - [e469b05e-207d-4034-aaa0-55598b456f54] Cleaning up final temp file post-streaming: E:\Telegram_tool\Telegram_Bot_Tool\uploads_temp\dl_final_e469b05e-207d-4034-aaa0-55598b456f54_9lvbfjpb
2025-04-18 10:11:38,097 - INFO - [generate_and_cleanup] - [e469b05e-207d-4034-aaa0-55598b456f54] Successfully deleted final temp file: E:\Telegram_tool\Telegram_Bot_Tool\uploads_temp\dl_final_e469b05e-207d-4034-aaa0-55598b456f54_9lvbfjpb
