2025-04-28 12:14:39,290 - INFO - [<module>] - Logging configured. Log file: Selenium-Logs\app_20250428_121439.log
2025-04-28 12:14:39,290 - INFO - [<module>] - Configuration loaded.
2025-04-28 12:14:39,290 - INFO - [<module>] - Utility functions defined.
2025-04-28 12:14:39,292 - INFO - [<module>] - Flask application initialized.
2025-04-28 12:14:39,292 - INFO - [<module>] - Global state variables initialized.
2025-04-28 12:14:39,341 - INFO - [<module>] - Async Telegram API functions defined.
2025-04-28 12:14:39,779 - INFO - [<module>] - Flask async routes defined.
2025-04-28 12:14:39,781 - INFO - [info] - Running on http://0.0.0.0:5000 (CTRL + C to quit)
2025-04-28 12:14:44,079 - INFO - [index] - Serving index page.
2025-04-28 12:14:44,353 - INFO - [index] - Serving index page.
2025-04-28 12:14:44,573 - INFO - [index] - Serving index page.
2025-04-28 12:14:44,770 - INFO - [index] - Serving index page.
2025-04-28 12:14:47,424 - INFO - [index] - Serving index page.
2025-04-28 12:14:48,454 - INFO - [index] - Serving index page.
2025-04-28 12:14:48,731 - INFO - [index] - Serving index page.
2025-04-28 12:14:48,926 - INFO - [index] - Serving index page.
2025-04-28 12:14:49,087 - INFO - [index] - Serving index page.
2025-04-28 12:14:49,237 - INFO - [index] - Serving index page.
2025-04-28 12:14:49,375 - INFO - [index] - Serving index page.
2025-04-28 12:14:49,507 - INFO - [index] - Serving index page.
2025-04-28 12:14:49,701 - INFO - [index] - Serving index page.
2025-04-28 12:14:49,927 - INFO - [index] - Serving index page.
2025-04-28 12:14:59,947 - INFO - [initiate_upload] - Received request to initiate upload.
2025-04-28 12:14:59,953 - INFO - [initiate_upload] - [d972347a-a635-4838-ba76-f51988bad53e] Saving temporary file for 'index.html' to 'uploads_temp\d972347a-a635-4838-ba76-f51988bad53e_upload.tmp'
2025-04-28 12:14:59,955 - INFO - [initiate_upload] - [d972347a-a635-4838-ba76-f51988bad53e] Temporary file saved successfully for 'index.html'.
2025-04-28 12:14:59,964 - INFO - [stream_progress] - SSE connection request for upload_id: d972347a-a635-4838-ba76-f51988bad53e
2025-04-28 12:14:59,966 - ERROR - [exception] - Error in ASGI Framework
Traceback (most recent call last):
  File "e:\Telegram_tool\Telegram_Bot_Tool\.venv\Lib\site-packages\hypercorn\asyncio\task_group.py", line 27, in _handle
    await app(scope, receive, send, sync_spawn, call_soon)
  File "e:\Telegram_tool\Telegram_Bot_Tool\.venv\Lib\site-packages\hypercorn\app_wrappers.py", line 51, in __call__
    await self.handle_http(scope, receive, send, sync_spawn, call_soon)
  File "e:\Telegram_tool\Telegram_Bot_Tool\.venv\Lib\site-packages\hypercorn\app_wrappers.py", line 83, in handle_http
    await sync_spawn(self.run_app, environ, partial(call_soon, send))
  File "C:\Users\DELL\AppData\Local\Programs\Python\Python311\Lib\concurrent\futures\thread.py", line 58, in run
    result = self.fn(*self.args, **self.kwargs)
             ^^^^^^^^^^^^^^^^^^^^^^^^^^^^^^^^^^
  File "e:\Telegram_tool\Telegram_Bot_Tool\.venv\Lib\site-packages\hypercorn\app_wrappers.py", line 113, in run_app
    for output in response_body:
  File "e:\Telegram_tool\Telegram_Bot_Tool\.venv\Lib\site-packages\werkzeug\wsgi.py", line 256, in __next__
    return self._next()
           ^^^^^^^^^^^^
  File "e:\Telegram_tool\Telegram_Bot_Tool\.venv\Lib\site-packages\werkzeug\wrappers\response.py", line 32, in _iter_encoded
    for item in iterable:
TypeError: 'function' object is not iterable
