2025-05-05 15:20:08,897 - INFO - [MainThread] [<module>] - ============================================================
2025-05-05 15:20:08,898 - INFO - [MainThread] [<module>] - Logging configured. Level: INFO. Log file: Selenium-Logs\app_20250505_152008.log
2025-05-05 15:20:08,898 - INFO - [MainThread] [<module>] - Primary Chat ID: -4603853425
2025-05-05 15:20:08,899 - INFO - [MainThread] [<module>] - All Target Chat IDs: ['-4603853425', '-1002614397019', '-4641852757']
2025-05-05 15:20:08,901 - INFO - [MainThread] [<module>] - Chunk Size: 20.0 MB (20971520 bytes)
2025-05-05 15:20:08,902 - INFO - [MainThread] [<module>] - API Timeouts (Connect/Read): 10s / 60s
2025-05-05 15:20:08,903 - INFO - [MainThread] [<module>] - API Retries: 3 attempts, 2s delay
2025-05-05 15:20:08,904 - INFO - [MainThread] [<module>] - Max Upload Workers: 5
2025-05-05 15:20:08,904 - INFO - [MainThread] [<module>] - Max Download Workers: 12
2025-05-05 15:20:08,904 - INFO - [MainThread] [<module>] - ============================================================
2025-05-05 15:20:08,905 - INFO - [MainThread] [<module>] - Configuration loaded successfully.
2025-05-05 15:20:08,914 - INFO - [MainThread] [<module>] - Custom Jinja filter 'format_bytes' registered.
2025-05-05 15:20:08,914 - INFO - [MainThread] [<module>] - Flask-CORS initialized. Allowing origins: *
2025-05-05 15:20:08,914 - INFO - [MainThread] [<module>] - Flask application initialized.
2025-05-05 15:20:08,915 - INFO - [MainThread] [<module>] - Flask-Login initialized.
2025-05-05 15:20:08,915 - INFO - [MainThread] [<module>] - Global state variables initialized (upload_progress_data, download_prep_data).
2025-05-05 15:20:08,930 - INFO - [MainThread] [<module>] - Custom Jinja filter 'format_bytes' registered.
2025-05-05 15:20:08,930 - INFO - [MainThread] [<module>] - Flask-CORS initialized. Allowing origins: *
2025-05-05 15:20:08,931 - INFO - [MainThread] [<module>] - Flask application initialized.
2025-05-05 15:20:08,931 - INFO - [MainThread] [<module>] - Flask-Login initialized.
2025-05-05 15:20:08,931 - INFO - [MainThread] [<module>] - Global state variables initialized (upload_progress_data, download_prep_data).
2025-05-05 15:20:09,084 - INFO - [MainThread] [<module>] - Database module initialized.
2025-05-05 15:20:09,514 - INFO - [MainThread] [<module>] - Initialized requests.Session for Telegram API calls.
2025-05-05 15:20:09,514 - INFO - [MainThread] [<module>] - Telegram API functions defined with Session and Retries.
2025-05-05 15:20:09,514 - INFO - [MainThread] [<module>] - Flask routes defined using configurable workers and linter fixes.
2025-05-05 15:20:09,530 - INFO - [MainThread] [<module>] - Starting Flask development server...
2025-05-05 15:20:09,541 - WARNING - [MainThread] [_log] -  * Debugger is active!
2025-05-05 15:20:09,546 - INFO - [MainThread] [_log] -  * Debugger PIN: 107-410-311
2025-05-05 15:20:37,302 - INFO - [MainThread] [_log] -  * Detected change in 'E:\\Telegram_tool\\Telegram_Bot_Tool\\app_setup.py', reloading
