2025-04-28 12:55:14,667 - INFO - [<module>] - Logging configured. Log file: Selenium-Logs\app_20250428_125514.log
2025-04-28 12:55:14,667 - INFO - [<module>] - Configuration loaded.
2025-04-28 12:55:14,668 - INFO - [<module>] - Utility functions defined.
2025-04-28 12:55:14,669 - INFO - [<module>] - Flask application initialized.
2025-04-28 12:55:14,669 - INFO - [<module>] - Global state variables initialized.
2025-04-28 12:55:14,721 - INFO - [<module>] - Async Telegram API functions defined.
2025-04-28 12:55:15,193 - INFO - [<module>] - Flask async routes defined.
2025-04-28 12:55:15,195 - INFO - [info] - Running on http://0.0.0.0:5000 (CTRL + C to quit)
2025-04-28 12:55:20,652 - INFO - [index] - Serving index page.
2025-04-28 12:55:29,560 - INFO - [index] - Serving index page.
2025-04-28 12:55:30,137 - INFO - [index] - Serving index page.
2025-04-28 12:55:30,312 - INFO - [index] - Serving index page.
2025-04-28 12:55:30,486 - INFO - [index] - Serving index page.
2025-04-28 12:55:30,667 - INFO - [index] - Serving index page.
2025-04-28 12:55:30,848 - INFO - [index] - Serving index page.
2025-04-28 12:55:31,021 - INFO - [index] - Serving index page.
2025-04-28 12:55:31,217 - INFO - [index] - Serving index page.
2025-04-28 12:55:31,429 - INFO - [index] - Serving index page.
2025-04-28 12:55:31,630 - INFO - [index] - Serving index page.
2025-04-28 12:55:31,886 - INFO - [index] - Serving index page.
2025-04-28 12:55:32,135 - INFO - [index] - Serving index page.
2025-04-28 12:55:32,844 - INFO - [index] - Serving index page.
2025-04-28 12:55:37,548 - INFO - [index] - Serving index page.
2025-04-28 12:55:38,229 - INFO - [index] - Serving index page.
2025-04-28 12:55:38,438 - INFO - [index] - Serving index page.
2025-04-28 12:55:38,631 - INFO - [index] - Serving index page.
2025-04-28 12:55:52,576 - INFO - [index] - Serving index page.
2025-04-28 12:55:52,734 - INFO - [index] - Serving index page.
2025-04-28 12:55:52,895 - INFO - [index] - Serving index page.
2025-04-28 12:56:02,386 - INFO - [index] - Serving index page.
2025-04-28 12:56:02,583 - INFO - [index] - Serving index page.
2025-04-28 12:56:02,759 - INFO - [index] - Serving index page.
2025-04-28 12:56:02,917 - INFO - [index] - Serving index page.
2025-04-28 12:57:23,604 - INFO - [initiate_upload] - Received request to initiate upload.
2025-04-28 12:57:23,607 - INFO - [initiate_upload] - [a632cd6a-a7d8-43e0-8ce9-187c15d5b743] Saving temporary file for 'login3.png' to 'uploads_temp\a632cd6a-a7d8-43e0-8ce9-187c15d5b743_upload.tmp'
2025-04-28 12:57:23,610 - INFO - [initiate_upload] - [a632cd6a-a7d8-43e0-8ce9-187c15d5b743] Temporary file saved successfully for 'login3.png'.
