2025-04-29 16:01:23,211 - INFO - [MainThread] [<module>] - ============================================================
2025-04-29 16:01:23,211 - INFO - [MainThread] [<module>] - Logging configured. Level: INFO. Log file: Selenium-Logs\app_20250429_160123.log
2025-04-29 16:01:23,212 - INFO - [MainThread] [<module>] - Primary Chat ID: -4603853425
2025-04-29 16:01:23,212 - INFO - [MainThread] [<module>] - All Target Chat IDs: ['-4603853425']
2025-04-29 16:01:23,212 - INFO - [MainThread] [<module>] - Chunk Size: 47185920 bytes
2025-04-29 16:01:23,213 - INFO - [MainThread] [<module>] - API Timeouts (Connect/Read): 10s / 60s
2025-04-29 16:01:23,213 - INFO - [MainThread] [<module>] - API Retries: 3 attempts, 2s delay
2025-04-29 16:01:23,214 - INFO - [MainThread] [<module>] - Max Upload Workers: 3
2025-04-29 16:01:23,214 - INFO - [MainThread] [<module>] - Max Download Workers: 12
2025-04-29 16:01:23,214 - INFO - [MainThread] [<module>] - ============================================================
2025-04-29 16:01:23,215 - INFO - [MainThread] [<module>] - Configuration loaded successfully.
2025-04-29 16:01:23,215 - INFO - [MainThread] [<module>] - Utility functions defined.
2025-04-29 16:01:23,217 - INFO - [MainThread] [<module>] - Custom Jinja filter 'format_bytes' registered.
2025-04-29 16:01:23,217 - INFO - [MainThread] [<module>] - Flask-CORS initialized. Allowing origins: http://localhost:4200
2025-04-29 16:01:23,217 - INFO - [MainThread] [<module>] - Flask application initialized.
2025-04-29 16:01:23,218 - INFO - [MainThread] [<module>] - Global state variables initialized (upload_progress_data, download_prep_data).
2025-04-29 16:01:23,222 - INFO - [MainThread] [<module>] - Custom Jinja filter 'format_bytes' registered.
2025-04-29 16:01:23,222 - INFO - [MainThread] [<module>] - Flask-CORS initialized. Allowing origins: http://localhost:4200
2025-04-29 16:01:23,223 - INFO - [MainThread] [<module>] - Flask application initialized.
2025-04-29 16:01:23,223 - INFO - [MainThread] [<module>] - Global state variables initialized (upload_progress_data, download_prep_data).
2025-04-29 16:01:23,844 - INFO - [MainThread] [<module>] - Initialized requests.Session for Telegram API calls.
2025-04-29 16:01:23,844 - INFO - [MainThread] [<module>] - Telegram API functions defined with Session and Retries.
2025-04-29 16:01:23,848 - INFO - [MainThread] [<module>] - Flask routes defined using configurable workers and linter fixes.
2025-04-29 16:01:23,849 - INFO - [MainThread] [<module>] - Starting Flask development server...
2025-04-29 16:01:23,882 - WARNING - [MainThread] [_log] -  * Debugger is active!
2025-04-29 16:01:23,889 - INFO - [MainThread] [_log] -  * Debugger PIN: 107-410-311
2025-04-29 16:01:39,231 - INFO - [MainThread] [_log] -  * Detected change in 'E:\\Telegram_tool\\Telegram_Bot_Tool\\config.py', reloading
