2025-05-02 16:28:51,976 - INFO - [MainThread] [<module>] - ============================================================
2025-05-02 16:28:51,977 - INFO - [MainThread] [<module>] - Logging configured. Level: INFO. Log file: Selenium-Logs\app_20250502_162851.log
2025-05-02 16:28:51,977 - INFO - [MainThread] [<module>] - Primary Chat ID: -4603853425
2025-05-02 16:28:51,977 - INFO - [MainThread] [<module>] - All Target Chat IDs: ['-4603853425', '-1002614397019', '-4641852757']
2025-05-02 16:28:51,978 - INFO - [MainThread] [<module>] - Chunk Size: 20.0 MB (20971520 bytes)
2025-05-02 16:28:51,978 - INFO - [MainThread] [<module>] - API Timeouts (Connect/Read): 10s / 60s
2025-05-02 16:28:51,978 - INFO - [MainThread] [<module>] - API Retries: 3 attempts, 2s delay
2025-05-02 16:28:51,979 - INFO - [MainThread] [<module>] - Max Upload Workers: 5
2025-05-02 16:28:51,980 - INFO - [MainThread] [<module>] - Max Download Workers: 12
2025-05-02 16:28:51,980 - INFO - [MainThread] [<module>] - ============================================================
2025-05-02 16:28:51,980 - INFO - [MainThread] [<module>] - Configuration loaded successfully.
2025-05-02 16:28:51,981 - INFO - [MainThread] [<module>] - Custom Jinja filter 'format_bytes' registered.
2025-05-02 16:28:51,981 - INFO - [MainThread] [<module>] - Flask-CORS initialized. Allowing origins: *
2025-05-02 16:28:51,982 - INFO - [MainThread] [<module>] - Flask application initialized.
2025-05-02 16:28:51,982 - INFO - [MainThread] [<module>] - Global state variables initialized (upload_progress_data, download_prep_data).
2025-05-02 16:28:51,984 - INFO - [MainThread] [<module>] - Custom Jinja filter 'format_bytes' registered.
2025-05-02 16:28:51,984 - INFO - [MainThread] [<module>] - Flask-CORS initialized. Allowing origins: *
2025-05-02 16:28:51,985 - INFO - [MainThread] [<module>] - Flask application initialized.
2025-05-02 16:28:51,986 - INFO - [MainThread] [<module>] - Global state variables initialized (upload_progress_data, download_prep_data).
2025-05-02 16:28:52,144 - INFO - [MainThread] [<module>] - Database module initialized.
2025-05-02 16:28:52,569 - INFO - [MainThread] [<module>] - Initialized requests.Session for Telegram API calls.
2025-05-02 16:28:52,569 - INFO - [MainThread] [<module>] - Telegram API functions defined with Session and Retries.
2025-05-02 16:28:52,574 - INFO - [MainThread] [<module>] - Flask routes defined using configurable workers and linter fixes.
2025-05-02 16:28:52,575 - INFO - [MainThread] [<module>] - Starting Flask development server...
2025-05-02 16:28:52,597 - WARNING - [MainThread] [_log] -  * Debugger is active!
2025-05-02 16:28:52,603 - INFO - [MainThread] [_log] -  * Debugger PIN: 107-410-311
2025-05-02 16:28:59,522 - INFO - [Thread-2 (process_request_thread)] [show_register_page] - Serving registration page.
2025-05-02 16:28:59,572 - INFO - [Thread-2 (process_request_thread)] [_log] - 127.0.0.1 - - [02/May/2025 16:28:59] "GET /register HTTP/1.1" 200 -
2025-05-02 16:29:01,260 - INFO - [Thread-5 (process_request_thread)] [_log] - 192.168.1.19 - - [02/May/2025 16:29:01] "OPTIONS /register HTTP/1.1" 200 -
2025-05-02 16:29:01,270 - INFO - [Thread-6 (process_request_thread)] [register_user] - Received registration request.
2025-05-02 16:29:01,273 - INFO - [Thread-6 (process_request_thread)] [_log] - 192.168.1.19 - - [02/May/2025 16:29:01] "[31m[1mPOST /register HTTP/1.1[0m" 400 -
2025-05-02 16:32:00,628 - INFO - [Thread-7 (process_request_thread)] [register_user] - Received registration request.
2025-05-02 16:32:00,629 - ERROR - [Thread-7 (process_request_thread)] [register_user] - Error parsing registration JSON data: 415 Unsupported Media Type: Did not attempt to load JSON data because the request Content-Type was not 'application/json'.
Traceback (most recent call last):
  File "E:\Telegram_tool\Telegram_Bot_Tool\routes.py", line 70, in register_user
    data = request.get_json() # <-- Get data as JSON dictionary
           ^^^^^^^^^^^^^^^^^^
  File "E:\Telegram_tool\Telegram_Bot_Tool\.venv\Lib\site-packages\werkzeug\wrappers\request.py", line 604, in get_json
    return self.on_json_loading_failed(None)
           ^^^^^^^^^^^^^^^^^^^^^^^^^^^^^^^^^
  File "E:\Telegram_tool\Telegram_Bot_Tool\.venv\Lib\site-packages\flask\wrappers.py", line 214, in on_json_loading_failed
    return super().on_json_loading_failed(e)
           ^^^^^^^^^^^^^^^^^^^^^^^^^^^^^^^^^
  File "E:\Telegram_tool\Telegram_Bot_Tool\.venv\Lib\site-packages\werkzeug\wrappers\request.py", line 647, in on_json_loading_failed
    raise UnsupportedMediaType(
werkzeug.exceptions.UnsupportedMediaType: 415 Unsupported Media Type: Did not attempt to load JSON data because the request Content-Type was not 'application/json'.
2025-05-02 16:32:00,639 - INFO - [Thread-7 (process_request_thread)] [_log] - 127.0.0.1 - - [02/May/2025 16:32:00] "[31m[1mPOST /register HTTP/1.1[0m" 400 -
2025-05-02 16:40:46,157 - INFO - [MainThread] [_log] -  * Detected change in 'E:\\Telegram_tool\\Telegram_Bot_Tool\\routes.py', reloading
