2025-04-29 17:47:41,068 - INFO - [MainThread] [<module>] - ============================================================
2025-04-29 17:47:41,068 - INFO - [MainThread] [<module>] - Logging configured. Level: INFO. Log file: Selenium-Logs\app_20250429_174741.log
2025-04-29 17:47:41,068 - INFO - [MainThread] [<module>] - Primary Chat ID: -4603853425
2025-04-29 17:47:41,068 - INFO - [MainThread] [<module>] - All Target Chat IDs: ['-4603853425']
2025-04-29 17:47:41,068 - INFO - [MainThread] [<module>] - Chunk Size: 20971520 bytes
2025-04-29 17:47:41,068 - INFO - [MainThread] [<module>] - API Timeouts (Connect/Read): 10s / 60s
2025-04-29 17:47:41,068 - INFO - [MainThread] [<module>] - API Retries: 3 attempts, 2s delay
2025-04-29 17:47:41,068 - INFO - [MainThread] [<module>] - Max Upload Workers: 3
2025-04-29 17:47:41,068 - INFO - [MainThread] [<module>] - Max Download Workers: 12
2025-04-29 17:47:41,068 - INFO - [MainThread] [<module>] - ============================================================
2025-04-29 17:47:41,068 - INFO - [MainThread] [<module>] - Configuration loaded successfully.
2025-04-29 17:47:41,068 - INFO - [MainThread] [<module>] - Utility functions defined.
2025-04-29 17:47:41,068 - INFO - [MainThread] [<module>] - Custom Jinja filter 'format_bytes' registered.
2025-04-29 17:47:41,068 - INFO - [MainThread] [<module>] - Flask-CORS initialized. Allowing origins: http://localhost:4200
2025-04-29 17:47:41,068 - INFO - [MainThread] [<module>] - Flask application initialized.
2025-04-29 17:47:41,068 - INFO - [MainThread] [<module>] - Global state variables initialized (upload_progress_data, download_prep_data).
2025-04-29 17:47:41,084 - INFO - [MainThread] [<module>] - Custom Jinja filter 'format_bytes' registered.
2025-04-29 17:47:41,085 - INFO - [MainThread] [<module>] - Flask-CORS initialized. Allowing origins: http://localhost:4200
2025-04-29 17:47:41,085 - INFO - [MainThread] [<module>] - Flask application initialized.
2025-04-29 17:47:41,085 - INFO - [MainThread] [<module>] - Global state variables initialized (upload_progress_data, download_prep_data).
2025-04-29 17:47:41,541 - INFO - [MainThread] [<module>] - Initialized requests.Session for Telegram API calls.
2025-04-29 17:47:41,541 - INFO - [MainThread] [<module>] - Telegram API functions defined with Session and Retries.
2025-04-29 17:47:41,549 - INFO - [MainThread] [<module>] - Flask routes defined using configurable workers and linter fixes.
2025-04-29 17:47:41,549 - INFO - [MainThread] [<module>] - Starting Flask development server...
2025-04-29 17:47:41,600 - INFO - [MainThread] [_log] - [31m[1mWARNING: This is a development server. Do not use it in a production deployment. Use a production WSGI server instead.[0m
 * Running on all addresses (0.0.0.0)
 * Running on http://127.0.0.1:5000
 * Running on http://192.168.1.13:5000
2025-04-29 17:47:41,600 - INFO - [MainThread] [_log] - [33mPress CTRL+C to quit[0m
2025-04-29 17:47:41,602 - INFO - [MainThread] [_log] -  * Restarting with stat
2025-04-29 17:47:41,932 - INFO - [MainThread] [<module>] - ============================================================
2025-04-29 17:47:41,932 - INFO - [MainThread] [<module>] - Logging configured. Level: INFO. Log file: Selenium-Logs\app_20250429_174741.log
2025-04-29 17:47:41,932 - INFO - [MainThread] [<module>] - Primary Chat ID: -4603853425
2025-04-29 17:47:41,932 - INFO - [MainThread] [<module>] - All Target Chat IDs: ['-4603853425']
2025-04-29 17:47:41,933 - INFO - [MainThread] [<module>] - Chunk Size: 20971520 bytes
2025-04-29 17:47:41,933 - INFO - [MainThread] [<module>] - API Timeouts (Connect/Read): 10s / 60s
2025-04-29 17:47:41,934 - INFO - [MainThread] [<module>] - API Retries: 3 attempts, 2s delay
2025-04-29 17:47:41,934 - INFO - [MainThread] [<module>] - Max Upload Workers: 3
2025-04-29 17:47:41,934 - INFO - [MainThread] [<module>] - Max Download Workers: 12
2025-04-29 17:47:41,934 - INFO - [MainThread] [<module>] - ============================================================
2025-04-29 17:47:41,935 - INFO - [MainThread] [<module>] - Configuration loaded successfully.
2025-04-29 17:47:41,935 - INFO - [MainThread] [<module>] - Utility functions defined.
2025-04-29 17:47:41,937 - INFO - [MainThread] [<module>] - Custom Jinja filter 'format_bytes' registered.
2025-04-29 17:47:41,938 - INFO - [MainThread] [<module>] - Flask-CORS initialized. Allowing origins: http://localhost:4200
2025-04-29 17:47:41,938 - INFO - [MainThread] [<module>] - Flask application initialized.
2025-04-29 17:47:41,938 - INFO - [MainThread] [<module>] - Global state variables initialized (upload_progress_data, download_prep_data).
2025-04-29 17:47:41,940 - INFO - [MainThread] [<module>] - Custom Jinja filter 'format_bytes' registered.
2025-04-29 17:47:41,941 - INFO - [MainThread] [<module>] - Flask-CORS initialized. Allowing origins: http://localhost:4200
2025-04-29 17:47:41,941 - INFO - [MainThread] [<module>] - Flask application initialized.
2025-04-29 17:47:41,941 - INFO - [MainThread] [<module>] - Global state variables initialized (upload_progress_data, download_prep_data).
2025-04-29 17:47:42,395 - INFO - [MainThread] [<module>] - Initialized requests.Session for Telegram API calls.
2025-04-29 17:47:42,395 - INFO - [MainThread] [<module>] - Telegram API functions defined with Session and Retries.
2025-04-29 17:47:42,395 - INFO - [MainThread] [<module>] - Flask routes defined using configurable workers and linter fixes.
2025-04-29 17:47:42,395 - INFO - [MainThread] [<module>] - Starting Flask development server...
2025-04-29 17:47:42,434 - WARNING - [MainThread] [_log] -  * Debugger is active!
2025-04-29 17:47:42,436 - INFO - [MainThread] [_log] -  * Debugger PIN: 107-410-311
2025-04-29 17:47:43,087 - INFO - [Thread-2 (process_request_thread)] [_log] - 192.168.1.25 - - [29/Apr/2025 17:47:43] "[35m[1mGET /stream-progress/984fc04a-1b5a-4055-bb51-fc60da022a25 HTTP/1.1[0m" 500 -
2025-04-29 17:47:55,727 - INFO - [Thread-4 (process_request_thread)] [initiate_upload] - Request initiate upload.
2025-04-29 17:47:55,727 - INFO - [Thread-4 (process_request_thread)] [initiate_upload] - [71c9b03c-24ff-4543-a819-5cbbbbc1723c] Temp storage: uploads_temp\71c9b03c-24ff-4543-a819-5cbbbbc1723c_auth.ts
2025-04-29 17:47:55,727 - INFO - [Thread-4 (process_request_thread)] [initiate_upload] - [71c9b03c-24ff-4543-a819-5cbbbbc1723c] Temp saved: 'auth.ts'.
2025-04-29 17:47:55,727 - INFO - [Thread-4 (process_request_thread)] [_log] - 192.168.1.25 - - [29/Apr/2025 17:47:55] "POST /initiate-upload HTTP/1.1" 200 -
2025-04-29 17:47:55,759 - INFO - [Thread-5 (process_request_thread)] [_log] - 192.168.1.25 - - [29/Apr/2025 17:47:55] "[35m[1mGET /stream-progress/71c9b03c-24ff-4543-a819-5cbbbbc1723c HTTP/1.1[0m" 500 -
2025-04-29 17:48:38,565 - INFO - [MainThread] [_log] -  * Detected change in 'E:\\Telegram_tool\\Telegram_Bot_Tool\\routes.py', reloading
2025-04-29 17:48:38,624 - INFO - [MainThread] [_log] -  * Restarting with stat
2025-04-29 18:00:25,858 - INFO - [MainThread] [_log] -  * Restarting with stat
