2025-04-26 14:03:33,816 - INFO - [<module>] - Logging configured. Log file: Selenium-Logs\app_20250426_140333.log
2025-04-26 14:03:33,816 - INFO - [<module>] - Configuration loaded.
2025-04-26 14:03:33,816 - INFO - [<module>] - Utility functions defined.
2025-04-26 14:03:33,816 - INFO - [<module>] - Flask application initialized.
2025-04-26 14:03:33,816 - INFO - [<module>] - Global state variables initialized.
2025-04-26 14:03:34,332 - INFO - [<module>] - Telegram API functions defined.
2025-04-26 14:03:34,332 - INFO - [<module>] - Flask routes defined.
2025-04-26 14:03:34,332 - INFO - [<module>] - Starting Flask development server...
2025-04-26 14:03:34,381 - INFO - [_log] - [31m[1mWARNING: This is a development server. Do not use it in a production deployment. Use a production WSGI server instead.[0m
 * Running on all addresses (0.0.0.0)
 * Running on http://127.0.0.1:5000
 * Running on http://192.168.1.13:5000
2025-04-26 14:03:34,381 - INFO - [_log] - [33mPress CTRL+C to quit[0m
2025-04-26 14:03:34,381 - INFO - [_log] -  * Restarting with stat
2025-04-26 14:09:17,756 - INFO - [_log] -  * Restarting with stat
2025-04-26 14:09:22,774 - INFO - [_log] -  * Restarting with stat
2025-04-26 14:09:59,409 - INFO - [_log] -  * Restarting with stat
2025-04-26 14:10:06,446 - INFO - [_log] -  * Restarting with stat
2025-04-26 14:10:21,791 - INFO - [_log] -  * Restarting with stat
2025-04-26 14:11:39,367 - INFO - [_log] -  * Restarting with stat
