2025-05-02 15:48:22,942 - INFO - [MainThread] [<module>] - ============================================================
2025-05-02 15:48:22,943 - INFO - [MainThread] [<module>] - Logging configured. Level: INFO. Log file: Selenium-Logs\app_20250502_154822.log
2025-05-02 15:48:22,943 - INFO - [MainThread] [<module>] - Primary Chat ID: -4603853425
2025-05-02 15:48:22,943 - INFO - [MainThread] [<module>] - All Target Chat IDs: ['-4603853425', '-1002614397019', '-4641852757']
2025-05-02 15:48:22,944 - INFO - [MainThread] [<module>] - Chunk Size: 20.0 MB (20971520 bytes)
2025-05-02 15:48:22,944 - INFO - [MainThread] [<module>] - API Timeouts (Connect/Read): 10s / 60s
2025-05-02 15:48:22,944 - INFO - [MainThread] [<module>] - API Retries: 3 attempts, 2s delay
2025-05-02 15:48:22,945 - INFO - [MainThread] [<module>] - Max Upload Workers: 5
2025-05-02 15:48:22,946 - INFO - [MainThread] [<module>] - Max Download Workers: 12
2025-05-02 15:48:22,946 - INFO - [MainThread] [<module>] - ============================================================
2025-05-02 15:48:22,946 - INFO - [MainThread] [<module>] - Configuration loaded successfully.
2025-05-02 15:48:22,947 - INFO - [MainThread] [<module>] - Custom Jinja filter 'format_bytes' registered.
2025-05-02 15:48:22,948 - INFO - [MainThread] [<module>] - Flask-CORS initialized. Allowing origins: *
2025-05-02 15:48:22,948 - INFO - [MainThread] [<module>] - Flask application initialized.
2025-05-02 15:48:22,948 - INFO - [MainThread] [<module>] - Global state variables initialized (upload_progress_data, download_prep_data).
2025-05-02 15:48:22,950 - INFO - [MainThread] [<module>] - Custom Jinja filter 'format_bytes' registered.
2025-05-02 15:48:22,951 - INFO - [MainThread] [<module>] - Flask-CORS initialized. Allowing origins: *
2025-05-02 15:48:22,951 - INFO - [MainThread] [<module>] - Flask application initialized.
2025-05-02 15:48:22,951 - INFO - [MainThread] [<module>] - Global state variables initialized (upload_progress_data, download_prep_data).
2025-05-02 15:48:23,107 - INFO - [MainThread] [<module>] - Database module initialized.
2025-05-02 15:48:23,533 - INFO - [MainThread] [<module>] - Initialized requests.Session for Telegram API calls.
2025-05-02 15:48:23,534 - INFO - [MainThread] [<module>] - Telegram API functions defined with Session and Retries.
2025-05-02 15:48:23,539 - INFO - [MainThread] [<module>] - Flask routes defined using configurable workers and linter fixes.
2025-05-02 15:48:23,540 - INFO - [MainThread] [<module>] - Starting Flask development server...
2025-05-02 15:48:23,582 - INFO - [MainThread] [_log] - [31m[1mWARNING: This is a development server. Do not use it in a production deployment. Use a production WSGI server instead.[0m
 * Running on all addresses (0.0.0.0)
 * Running on http://127.0.0.1:5000
 * Running on http://192.168.1.21:5000
2025-05-02 15:48:23,583 - INFO - [MainThread] [_log] - [33mPress CTRL+C to quit[0m
2025-05-02 15:48:23,584 - INFO - [MainThread] [_log] -  * Restarting with stat
2025-05-02 15:52:52,829 - INFO - [MainThread] [_log] -  * Restarting with stat
